at minimum 6.6211 accepted 1  with params [-4.49999864  0.40000004  0.05000076 40.00002778]
at minimum 5.4332 accepted 1  with params [-4.60994633e+00 -1.19298517e-02  3.75153954e-01  4.04863229e+01]
at minimum 6.2312 accepted 1  with params [-4.53387174  0.42347153  0.51352504 40.76368888]
at minimum 5.0411 accepted 1  with params [-4.75669868  0.28701077  0.58875467 41.14414862]
at minimum 5.4258 accepted 0  with params [-4.65118889e+00  3.60395544e-02  3.82518473e-01  4.13008250e+01]
at minimum 5.4329 accepted 1  with params [-4.867178    0.41091295  0.09756825 41.19968622]
at minimum 5.1820 accepted 1  with params [-4.78605597  0.13929091  0.21560138 41.39282288]
at minimum 7.9958 accepted 0  with params [-5.07603589e+00  2.10449653e-01  1.00000000e-02  4.12847755e+01]
at minimum 6.8624 accepted 1  with params [-4.4220198  -0.04221587  0.09174167 41.58955817]
at minimum 7.4939 accepted 1  with params [-4.40074108e+00 -9.99999432e-02  2.71853748e-02  4.19695974e+01]
at minimum 7.4443 accepted 1  with params [-4.15549583 -0.1         0.18429581 41.81053972]
at minimum 6.4335 accepted 1  with params [-4.37789075  0.1672093   0.558366   41.68281146]
at minimum 6.6596 accepted 0  with params [-4.31134575 -0.1         0.86759149 41.44717756]
at minimum 5.1103 accepted 1  with params [-4.81975643  0.40641996  0.25052198 41.61642631]
at minimum 7.7382 accepted 0  with params [-4.33319910e+00  2.17995669e-01  1.00000099e-02  4.12116125e+01]
at minimum 12.5849 accepted 0  with params [-5.27080966e+00  1.94438118e-03  1.00000000e-02  4.11471813e+01]
at minimum 5.5332 accepted 1  with params [-4.51468496e+00  3.08447881e-02  7.02468942e-01  4.15869113e+01]
at minimum 6.3795 accepted 1  with params [-4.44101658 -0.1         0.21657555 41.45692784]
at minimum 7.3582 accepted 1  with params [-4.45951124e+00 -3.79503764e-02  1.00008520e-02  4.18680129e+01]
at minimum 7.9621 accepted 1  with params [-3.99664696  0.10271363  0.32353204 41.98612812]
at minimum 9.3141 accepted 1  with params [-3.61644479  0.17437582  0.10682368 41.87054012]
at minimum 7.9837 accepted 1  with params [-3.92008406 -0.1         0.43483231 42.19563749]
at minimum 7.5671 accepted 1  with params [-3.99879492 -0.1         0.4775092  41.94015538]
at minimum 8.0142 accepted 0  with params [-3.927245    0.10447287  0.34748217 41.57578526]
at minimum 8.8127 accepted 1  with params [-3.74760114 -0.09999846  0.44378659 42.37373731]
at minimum 8.0819 accepted 1  with params [-3.87780106 -0.1         0.28399145 42.15356608]
at minimum 7.4028 accepted 1  with params [-4.10785415e+00 -5.41114259e-03  2.71483030e-01  4.17539720e+01]
at minimum 8.0991 accepted 1  with params [-4.2251434   0.38909966  0.66685955 41.82710481]
at minimum 7.2583 accepted 1  with params [-4.26322868  0.20769654  0.30868774 41.81019547]
at minimum 8.3144 accepted 0  with params [-4.16934988e+00  3.58743182e-02  1.00000000e-02  4.17868054e+01]
at minimum 7.3031 accepted 1  with params [-4.36253419  0.05321633  0.05346515 41.31554687]
at minimum 5.9842 accepted 1  with params [-4.56301     0.13642015  0.15179953 41.16795968]
at minimum 5.4122 accepted 1  with params [-4.65702502e+00  1.24636153e-02  3.21296445e-01  4.10557786e+01]
at minimum 4.9353 accepted 1  with params [-4.78462740e+00  2.50845168e-02  7.52706165e-01  4.07198670e+01]
at minimum 5.3106 accepted 0  with params [-4.73647969  0.43337438  0.27607455 40.85353648]
at minimum 6.4539 accepted 1  with params [-5.02196242 -0.04610584  0.82054338 40.95836389]
at minimum 4.7114 accepted 1  with params [-4.85559233  0.12101824  0.85950718 40.96900785]
at minimum 4.7522 accepted 1  with params [-5.22418969  0.38452218  0.8980183  40.72373072]
at minimum 5.4682 accepted 1  with params [-4.7651392  -0.08268776  0.4694999  40.98746013]
at minimum 5.5497 accepted 1  with params [-4.59277608  0.25934946  0.65223857 41.09047775]
at minimum 8.2081 accepted 0  with params [-4.17035635  0.24516128  1.01352018 40.63497752]
at minimum 7.1536 accepted 1  with params [-4.47716799  0.44911256  0.80525861 41.14645353]
at minimum 8.7592 accepted 1  with params [-4.59704882  0.74449698  1.15168308 40.90130083]
at minimum 10.1493 accepted 1  with params [-4.28196955  0.99        1.57824399 40.83698032]
at minimum 9.9778 accepted 1  with params [-3.97149517  0.99        1.45497571 40.56170398]
at minimum 993.4607 accepted 0  with params [-3.84840219  0.99        1.83253999 40.31341967]
at minimum 9.8373 accepted 1  with params [-4.32721219  0.98999995  1.67777617 40.20297907]
at minimum 9.3787 accepted 1  with params [-4.30685705  0.71120339  2.         39.86281657]
at minimum 8.8704 accepted 1  with params [-4.48843357  0.44300468  1.93879072 40.29500304]
at minimum 9.1048 accepted 1  with params [-4.154379    0.18971468  1.9999989  39.94885874]
at minimum 9.1616 accepted 1  with params [-4.05616602  0.40762363  1.73378376 39.80995669]
at minimum 64325.4677 accepted 0  with params [-3.72024929  0.73436604  1.86328945 40.24896781]
at minimum 15425970160541.2852 accepted 0  with params [-3.60668017  0.10978381  1.80656183 39.80824587]
at minimum 10.4179 accepted 0  with params [-3.80262394  0.39584627  1.59512796 39.46539287]
at minimum 9201495397239816192.0000 accepted 0  with params [-3.53700346  0.30592766  1.86397337 39.38316688]
at minimum 8.3753 accepted 1  with params [-4.32446842  0.48327641  1.38809408 39.61512133]
at minimum 7.0020 accepted 1  with params [-4.62135107  0.17775395  1.66327023 39.59580705]
at minimum 7.6827 accepted 1  with params [-4.62997881  0.45540964  1.52566313 40.02061273]
at minimum 8.5361 accepted 0  with params [-4.56033267  0.77426283  1.0243511  40.27237281]
at minimum 9.4458 accepted 0  with params [-4.73153785  0.94506127  1.4426447  40.07557543]
at minimum 6.5173 accepted 1  with params [-4.41791476e+00  1.27571429e-02  1.17216660e+00  3.96746744e+01]
at minimum 9.4663 accepted 0  with params [-3.91885366  0.47615854  1.61422004 40.18433545]
at minimum 5.7397 accepted 1  with params [-4.63315761 -0.1         1.50143902 39.27054287]
at minimum 7.4534 accepted 1  with params [-4.36624729e+00  3.56069017e-02  1.62204079e+00  3.89800530e+01]
at minimum 6.0816 accepted 1  with params [-4.84486011  0.07643966  2.         39.39077377]
at minimum 6.6446 accepted 1  with params [-4.55351368 -0.1         1.59538345 39.84816284]
at minimum 7.8821 accepted 0  with params [-4.13306266  0.09129986  1.16918684 39.59891374]
at minimum 9.1426 accepted 0  with params [-4.0272343  -0.07819715  1.84293831 40.27474913]
at minimum 5.0426 accepted 1  with params [-4.94044569 -0.09999985  1.22812203 40.11230741]
at minimum 5.0662 accepted 1  with params [-4.88479328 -0.1         1.58650887 40.63448037]
at minimum 7.8862 accepted 0  with params [-4.55207233 -0.1         2.         40.81178776]
at minimum 7.8661 accepted 0  with params [-4.54722529 -0.1         2.         40.6699521 ]
at minimum 11.0385 accepted 0  with params [-5.42748564 -0.1         1.27098798 40.67493044]
at minimum 5.4149 accepted 1  with params [-5.00237508 -0.1         2.         40.54020763]
at minimum 7.1094 accepted 0  with params [-4.63389318 -0.1         1.90076222 40.33056833]
at minimum 5.9293 accepted 0  with params [-5.15571335 -0.1         1.47514043 40.21801245]
at minimum 8.7019 accepted 0  with params [-5.3527353  -0.1         1.48197821 40.67903787]
at minimum 4.5381 accepted 1  with params [-5.25275992  0.37946905  1.9999998  40.74674144]
at minimum 6.8784 accepted 0  with params [-4.87100698  0.35982273  1.77672342 40.86202257]
at minimum 5.1492 accepted 0  with params [-5.25940943 -0.05773702  1.99999998 40.38537475]
at minimum 3.9206 accepted 1  with params [-5.56183204  0.42030678  2.         40.97823254]
at minimum 6.6907 accepted 0  with params [-5.40676029e+00  2.86539449e-02  1.72139013e+00  4.06414210e+01]
at minimum 4.5620 accepted 1  with params [-5.59993574  0.594464    2.         41.35376631]
at minimum 5.4833 accepted 1  with params [-5.2255446   0.42141103  2.         41.84857126]
at minimum 4.9829 accepted 1  with params [-5.38601948  0.52631638  1.99999999 41.70627906]
at minimum 8.8472 accepted 0  with params [-5.93683115  0.93752674  1.64526634 41.87592687]
at minimum 5.7500 accepted 0  with params [-5.54001563  0.14755906  2.         41.43665458]
at minimum 4.8865 accepted 1  with params [-5.23753492  0.49783473  1.55141844 41.8306178 ]
at minimum 8.2382 accepted 0  with params [-4.96223875  0.71984618  1.54416724 41.5076404 ]
at minimum 6.8669 accepted 0  with params [-5.51007114  0.7451823   1.92106307 42.10511636]
at minimum 8.7541 accepted 0  with params [-5.6022752   0.05518115  1.76193832 41.84578658]
at minimum 5.1254 accepted 1  with params [-5.55422387  0.6671567   1.46928454 41.86524059]
at minimum 9.8768 accepted 0  with params [-5.73008898  0.99        1.21050784 41.78606339]
at minimum 9.7247 accepted 0  with params [-5.30948516  0.96027399  1.3267959  41.7546416 ]
at minimum 4.6683 accepted 1  with params [-5.06337224  0.27717949  1.41792032 42.29316511]
at minimum 5.2377 accepted 1  with params [-4.63117927 -0.1         1.00818144 41.82257236]
at minimum 5.7269 accepted 0  with params [-4.62044807  0.05099646  0.51551145 42.05512746]
at minimum 5.8127 accepted 1  with params [-4.71352333 -0.1         0.49998609 42.32178294]
at minimum 7.2023 accepted 0  with params [-4.29376306  0.25985602  0.54877278 41.88733855]
at minimum 8.5655 accepted 0  with params [-5.06433925e+00  3.31608913e-03  1.97543617e-01  4.28714197e+01]
at minimum 5.6335 accepted 1  with params [-5.03049455  0.41354005  0.11887061 42.12006393]
at minimum 5.1923 accepted 1  with params [-4.90569128  0.48300962  0.39625542 42.68232   ]
at minimum 8.8522 accepted 0  with params [-5.26301727e+00  2.45419923e-01  1.00004176e-02  4.30844373e+01]
at minimum 6.1608 accepted 1  with params [-4.86526924e+00  2.00305763e-01  1.00000000e-02  4.22482336e+01]
at minimum 11.9486 accepted 0  with params [-5.20454814 -0.1         0.17657709 42.64214451]
at minimum 6.8905 accepted 0  with params [-4.50549638 -0.07325556  0.06879532 42.09416817]
at minimum 10.5320 accepted 0  with params [-5.07251969 -0.1         0.12225125 42.32833011]
at minimum 9.0150 accepted 0  with params [-5.37193161e+00  3.18601523e-01  1.00000000e-02  4.17707572e+01]
at minimum 6.5063 accepted 1  with params [-4.61643418  0.44262832  0.13125838 41.72379609]
at minimum 9.0646 accepted 0  with params [-4.04821639e+00  4.85069706e-01  1.00000616e-02  4.19515373e+01]
at minimum 5.4203 accepted 1  with params [-4.71193535  0.35398293  0.49885913 41.473664  ]
at minimum 7.0866 accepted 0  with params [-4.79373855e+00 -1.00000000e-01  1.00000000e-02  4.19827866e+01]
at minimum 6.0192 accepted 1  with params [-4.73425011 -0.09999994  0.10692014 41.4651076 ]
at minimum 8.2690 accepted 1  with params [-4.16553607e+00  8.57323234e-02  1.00000000e-02  4.15915035e+01]
at minimum 5.9058 accepted 1  with params [-4.32963535 -0.09999996  0.62274743 41.10011268]
at minimum 6.6849 accepted 0  with params [-4.10264157 -0.1         0.48297308 40.78726687]
at minimum 8.7976 accepted 0  with params [-3.71740335 -0.1         0.69445304 41.04679576]
at minimum 5.7074 accepted 1  with params [-4.91743595 -0.1         0.89923966 40.79519736]
at minimum 4.9539 accepted 1  with params [-4.97882881  0.27700987  0.4934669  40.95801634]
at minimum 6.8689 accepted 0  with params [-5.57197788  0.55971822  0.218791   40.83931309]
at minimum 9.1893 accepted 0  with params [-4.72758071  0.86909046  0.99247552 41.35171923]
at minimum 6.0274 accepted 1  with params [-5.23328949  0.44137542  0.35427752 40.71844986]
at minimum 16.0053 accepted 0  with params [-5.60054102e+00 -3.58081962e-02  1.00000422e-02  4.12420959e+01]
at minimum 7.7711 accepted 0  with params [-4.88085742  0.85192899  0.40758981 40.47123603]
at minimum 17.2512 accepted 0  with params [-5.62429509e+00 -1.00000000e-01  1.00000000e-02  4.12296963e+01]
at minimum 7.1615 accepted 1  with params [-4.99019868e+00  7.92083476e-01  2.81367914e-02  4.06487811e+01]
at minimum 9.9452 accepted 0  with params [-4.46195904  0.99        0.61545383 41.14994904]
at minimum 6.6912 accepted 1  with params [-5.31082983  0.81351665  0.38297804 40.51666886]
at minimum 8.8614 accepted 0  with params [-5.36003549e+00  9.90000000e-01  1.00004614e-02  4.00495785e+01]
at minimum 6.9788 accepted 1  with params [-4.79066298  0.72082731  0.65959657 40.65343654]
at minimum 8.8943 accepted 0  with params [-5.12772921  0.93417235  1.16247954 40.59331064]
at minimum 8.4043 accepted 1  with params [-4.74412048  0.76219636  1.09531431 41.15187437]
at minimum 10.0590 accepted 1  with params [-5.10601492  0.99        1.07173604 41.49255493]
at minimum 6.8096 accepted 1  with params [-5.66973042  0.82775943  1.03638928 41.57765084]
at minimum 5.5028 accepted 1  with params [-5.84173462  0.71908124  1.59858506 42.19343043]
at minimum 10.4257 accepted 0  with params [-5.73931236  0.98999998  1.99999997 42.27348502]
at minimum 8.8308 accepted 0  with params [-5.86031654  0.16664353  2.         41.70987278]
at minimum 10.2093 accepted 1  with params [-6.          0.99        1.846586   42.35921694]
at minimum 10.3297 accepted 1  with params [-5.72938698  0.98999992  1.99999986 42.07207067]
at minimum 11.0880 accepted 0  with params [-5.17001077  0.98999999  1.99999998 42.67231972]
at minimum 10.5357 accepted 1  with params [-5.21791208  0.98999999  2.         41.65429268]
at minimum 5.7237 accepted 1  with params [-5.52090925  0.73102779  1.40980674 41.35417321]
at minimum 7.6557 accepted 0  with params [-5.56263967  0.87392196  0.8404733  41.71815781]
at minimum 10.3938 accepted 0  with params [-5.19740057  0.99        1.54399972 41.73093666]
at minimum 10.0253 accepted 0  with params [-5.48836176  0.98999845  1.26543075 41.73164312]
at minimum 4.3377 accepted 1  with params [-5.55500289  0.3968692   1.75242643 41.22692096]
at minimum 6.2300 accepted 0  with params [-5.36037074 -0.0999999   1.99999982 41.0495641 ]
at minimum 15.2954 accepted 0  with params [-6.         -0.1         1.66704199 41.76499902]
at minimum 9.4777 accepted 0  with params [-5.66535269  0.97111906  1.81008893 41.13513512]
at minimum 5.5849 accepted 0  with params [-5.06237022  0.26130113  1.99999994 40.95102977]
at minimum 7.7863 accepted 0  with params [-5.12784157  0.75411539  1.76017293 40.63153396]
