at minimum 4.0326 accepted 1  with params [-4.50000003  0.39999999  0.05000002 40.00000022]
at minimum 3.9178 accepted 1  with params [-4.33257944  0.23298922  0.42040146 39.89960445]
at minimum 4.1656 accepted 1  with params [-4.18092428  0.05734283  0.25828246 40.08120052]
at minimum 4.2565 accepted 1  with params [-4.1200532   0.32964135  0.70809911 40.22873477]
at minimum 4.7670 accepted 0  with params [-4.04106937  0.14741602  1.08194416 40.64358122]
at minimum 3.5977 accepted 1  with params [-4.57312195  0.18421142  1.01249804 40.19788563]
at minimum 5.2556 accepted 0  with params [-4.28317979  0.61193349  1.31335696 40.05256862]
at minimum 3.9153 accepted 0  with params [-4.37458083 -0.1         1.20664997 40.14268522]
at minimum 4.1239 accepted 1  with params [-4.44760479 -0.1         1.49365353 40.57979468]
at minimum 6.1721 accepted 0  with params [-4.79156716 -0.1         1.00763541 40.89767327]
at minimum 3.8325 accepted 1  with params [-4.73881661 -0.04565762  1.69917012 40.9255315 ]
at minimum 6.0050 accepted 1  with params [-5.03690793 -0.1         1.62336154 41.37985003]
at minimum 12.3600 accepted 0  with params [-5.33995601 -0.1         1.56578215 41.63457382]
at minimum 10.4271 accepted 0  with params [-5.28194085 -0.1         1.65400564 40.89288522]
at minimum 4.0145 accepted 1  with params [-4.59299891 -0.1         1.39117473 41.78003731]
at minimum 5.8337 accepted 0  with params [-5.03965348  0.04384605  1.47451416 41.93356585]
at minimum 4.7804 accepted 0  with params [-4.23424908 -0.09999988  1.46266552 41.6900919 ]
at minimum 4.0655 accepted 1  with params [-4.76940508 -0.1         1.59134771 41.32776702]
at minimum 9.5670 accepted 0  with params [-5.13217521 -0.09999983  1.36189395 41.07560971]
at minimum 4.8557 accepted 1  with params [-5.05650327  0.39798151  1.19183527 41.14193844]
at minimum 4.9819 accepted 1  with params [-5.22370162  0.88377203  1.08751373 41.16426157]
at minimum 5.9527 accepted 0  with params [-4.77804831  0.99        1.24193614 40.78435213]
at minimum 5.7794 accepted 1  with params [-5.17861407  0.99        1.20514924 41.4495589 ]
at minimum 5.6486 accepted 1  with params [-5.64385009  0.99        1.67466173 41.24868712]
at minimum 4.1861 accepted 1  with params [-5.30838594  0.69280025  1.76051822 41.578608  ]
at minimum 11.1858 accepted 0  with params [-5.59282705  0.22328369  1.3667921  41.3021588 ]
at minimum 6.0280 accepted 0  with params [-5.36868573  0.98999942  1.96827035 41.73394879]
at minimum 5.1646 accepted 0  with params [-5.01104059  0.81394883  1.86072536 41.3308706 ]
at minimum 4.7608 accepted 1  with params [-5.53318764  0.7325302   1.55917189 41.62318866]
at minimum 5.1369 accepted 1  with params [-5.59433061  0.90880839  1.48817736 41.92135043]
at minimum 4.0343 accepted 1  with params [-5.15674353  0.53187939  1.54410325 41.63753012]
at minimum 5.5225 accepted 0  with params [-4.98119767  0.91669482  1.47523444 41.26978234]
at minimum 5.7711 accepted 0  with params [-4.86690035  0.9259181   1.58566109 41.16326568]
at minimum 6.5891 accepted 1  with params [-5.33721686  0.3870523   1.40874268 41.71522388]
at minimum 9.3748 accepted 0  with params [-5.33106897  0.17221725  1.36951869 41.44799699]
at minimum 6.5044 accepted 1  with params [-5.83328407  0.58670764  1.8630787  42.10517903]
at minimum 6.6621 accepted 1  with params [-6.          0.64274463  1.54893926 42.25670617]
at minimum 5.7875 accepted 1  with params [-6.          0.98999997  1.88339132 42.42980728]
at minimum 4.8158 accepted 1  with params [-5.76871676  0.71870869  1.99999991 42.87878173]
at minimum 5.2227 accepted 1  with params [-5.66562269  0.91145339  1.60644627 42.5846523 ]
at minimum 5.3970 accepted 0  with params [-5.49575628  0.45043818  1.99999996 42.87402516]
at minimum 5.1293 accepted 1  with params [-5.97405905  0.78567282  1.68005618 42.99596489]
at minimum 6.0347 accepted 0  with params [-6.          0.99        1.86305728 43.27020261]
at minimum 5.0700 accepted 1  with params [-5.51698714  0.66444422  1.29786643 43.05185024]
at minimum 8.7384 accepted 0  with params [-5.32323494  0.28177625  0.84862971 43.11550596]
at minimum 5.2714 accepted 1  with params [-5.78521108  0.90299625  1.74218768 43.41979595]
at minimum 6.1706 accepted 0  with params [-5.71443612  0.99        1.55664921 43.49969176]
at minimum 5.3381 accepted 1  with params [-5.97878912  0.74332981  1.65851906 43.22189537]
at minimum 9.8421 accepted 0  with params [-5.94187928  0.36827368  1.8930259  42.81145836]
at minimum 11.0374 accepted 0  with params [-6.          0.30251104  1.99999978 43.14775106]
at minimum 5.0959 accepted 1  with params [-6.          0.86047063  1.43559459 42.7638406 ]
at minimum 6.7131 accepted 0  with params [-5.99143204  0.61441617  1.74256436 42.6365939 ]
at minimum 11.2312 accepted 0  with params [-6.          0.30817807  1.3993153  42.47712839]
at minimum 5.8701 accepted 0  with params [-5.99999954  0.99        1.08339249 43.07035523]
at minimum 5.7762 accepted 0  with params [-5.82086604  0.99        1.69053003 42.26408343]
at minimum 10.3580 accepted 0  with params [-6.          0.38505827  0.9706648  42.74620622]
at minimum 5.0549 accepted 1  with params [-5.89331801  0.84737845  1.3670396  43.08916787]
at minimum 5.8415 accepted 0  with params [-5.87620493  0.64010073  1.7704818  43.62777287]
at minimum 5.2894 accepted 1  with params [-6.          0.79029278  1.38239859 42.82924264]
at minimum 6.1045 accepted 0  with params [-5.99999995  0.72581706  0.84578928 42.78971168]
at minimum 5.2609 accepted 1  with params [-6.          0.81361245  1.2247667  42.75969508]
at minimum 5.3219 accepted 1  with params [-6.          0.93332649  1.35412236 42.49246497]
at minimum 6.3624 accepted 0  with params [-5.99999968  0.70868266  0.96740042 42.1660433 ]
at minimum 5.1648 accepted 1  with params [-6.          0.8538288   1.30547941 42.24014566]
at minimum 4.5312 accepted 1  with params [-5.50079985  0.74860242  1.74500477 42.76551016]
at minimum 4.9010 accepted 0  with params [-5.37370509  0.42657924  1.87695422 42.7648998 ]
at minimum 4.7498 accepted 1  with params [-5.1155505   0.73446309  1.69306972 43.17802779]
at minimum 6.3904 accepted 0  with params [-4.6488158   0.78642523  1.93055864 43.69987687]
at minimum 6.2071 accepted 0  with params [-5.66487572  0.99        2.         43.09985218]
at minimum 6.2801 accepted 0  with params [-5.0261774   0.99        1.35187315 42.7469664 ]
at minimum 4.8189 accepted 0  with params [-5.52310808  0.81296106  1.47528694 43.06601204]
at minimum 6.2139 accepted 1  with params [-4.95160373  0.87657048  1.90245991 43.63651414]
at minimum 6.9945 accepted 1  with params [-4.94837714  0.99        1.76842811 44.05088841]
at minimum 7.0770 accepted 1  with params [-4.41181436  0.83587417  1.99999992 44.55176268]
at minimum 7.6333 accepted 1  with params [-3.95294413  0.98999963  1.80590428 44.84124661]
at minimum 253452413984996.6875 accepted 0  with params [-3.670499    0.98999993  2.         44.78793868]
at minimum 15033195097599.2754 accepted 0  with params [-3.5144183   0.98999999  1.62299713 45.12072672]
at minimum 7.1933 accepted 1  with params [-4.21638859  0.61853472  2.         45.20724029]
at minimum 6.4983 accepted 1  with params [-4.72280503  0.7516213   1.77672217 45.07430238]
at minimum 4.8040 accepted 1  with params [-5.13205107  0.19851093  1.97056251 45.07541042]
at minimum 12.4792 accepted 0  with params [-5.51699403 -0.1         2.         44.68709493]
at minimum 4.7781 accepted 1  with params [-5.55529049  0.58088665  1.99999624 45.48932791]
at minimum 15.1802 accepted 0  with params [-5.81353486e+00  2.69346992e-02  1.94168672e+00  4.60315226e+01]
at minimum 5.3911 accepted 0  with params [-5.36311877  0.80371497  1.73781586 45.46322673]
at minimum 5.4211 accepted 0  with params [-5.59001126  0.5024462   1.99442573 45.67778996]
at minimum 5.0542 accepted 0  with params [-5.97074535  0.69047523  2.         45.96975843]
at minimum 5.0365 accepted 1  with params [-5.70382025  0.77340305  1.99999913 45.95502107]
at minimum 4.9009 accepted 1  with params [-5.21583685  0.28895351  1.99999998 45.62040461]
at minimum 5.1334 accepted 1  with params [-4.79256163e+00 -4.14399365e-02  1.73975332e+00  4.59167107e+01]
at minimum 6.0045 accepted 1  with params [-4.84037114 -0.1         1.26655161 45.61022943]
at minimum 5.3397 accepted 1  with params [-4.68220199 -0.1         1.75977971 46.1108557 ]
at minimum 4.9072 accepted 1  with params [-5.08201357  0.14561409  2.         45.56672354]
at minimum 4.8708 accepted 1  with params [-5.02755321  0.16582159  1.87228492 45.65522585]
at minimum 4.8242 accepted 1  with params [-4.81919395  0.13930251  1.99999985 45.22428944]
at minimum 5.4315 accepted 1  with params [-5.0561763  -0.07298297  1.99999996 45.52672454]
at minimum 5.3038 accepted 1  with params [-5.03340816 -0.09999992  1.99999986 45.06543157]
at minimum 4.8427 accepted 1  with params [-4.6515573   0.23100136  1.76787221 44.68867617]
at minimum 5.1951 accepted 1  with params [-4.67798078  0.32896094  2.         44.16113847]
at minimum 4.8851 accepted 1  with params [-4.70761808e+00  3.76257507e-02  2.00000000e+00  4.45920233e+01]
at minimum 5.4364 accepted 0  with params [-4.36898971 -0.1         1.70520494 44.23335485]
at minimum 5.1284 accepted 1  with params [-4.78084755  0.42956366  1.88737679 45.07332781]
at minimum 6.2764 accepted 1  with params [-4.39911412  0.54853559  1.40452252 45.36278847]
at minimum 5.3514 accepted 1  with params [-4.31408779 -0.05213493  1.19959783 45.75175863]
at minimum 6.4383 accepted 0  with params [-3.8845985  -0.1         1.27704142 45.5217181 ]
at minimum 5.5991 accepted 0  with params [-4.46172645 -0.09999988  1.64999304 45.66414917]
at minimum 6.4391 accepted 1  with params [-4.42612976  0.56482366  1.62839373 45.14238305]
at minimum 5.7652 accepted 1  with params [-4.72432402  0.711699    1.49189891 44.56031347]
at minimum 5.2937 accepted 1  with params [-4.85756435  0.66210442  1.70667959 44.23871721]
at minimum 6.8393 accepted 0  with params [-5.42378071  0.99        1.61520423 44.7818799 ]
at minimum 5.1075 accepted 1  with params [-4.29110735  0.10828573  1.215555   44.71727648]
at minimum 5.9284 accepted 1  with params [-3.93280481 -0.1         1.28708035 44.28465076]
at minimum 5.4455 accepted 1  with params [-3.92951187 -0.1         0.88201482 44.15026048]
at minimum 86109722.7009 accepted 0  with params [-3.41669472  0.09985973  1.32181196 43.69601379]
at minimum 5.0900 accepted 1  with params [-3.97688574e+00 -1.35962633e-02  7.22244208e-01  4.40658263e+01]
at minimum 5.9839 accepted 1  with params [-3.54958641 -0.1         0.82827475 43.76194681]
at minimum 5.2309 accepted 1  with params [-4.16456799  0.32849051  0.98777475 43.89840957]
at minimum 6.3011 accepted 0  with params [-3.69712504  0.23846295  0.96323892 44.25751361]
at minimum 6.2607 accepted 0  with params [-4.32985459  0.56382994  1.56735713 44.18780498]
at minimum 2898.0755 accepted 0  with params [-3.60386736  0.55964773  1.51175799 43.97516965]
at minimum 6.1524 accepted 1  with params [-4.41015904  0.88164618  0.91930782 43.51410601]
at minimum 6.0831 accepted 1  with params [-3.8880765   0.46586045  1.13557667 43.17861568]
at minimum 1938.8503 accepted 0  with params [-3.45632246  0.05446954  1.13965567 43.46208775]
at minimum 556345684838.4908 accepted 0  with params [-3.43616529  0.19394031  1.44530572 43.68648567]
at minimum 5.7252 accepted 1  with params [-3.95316263 -0.09999984  1.37017806 43.47821408]
at minimum 5.5222 accepted 1  with params [-4.25752573  0.30074168  1.4128499  43.50112299]
at minimum 6.3961 accepted 1  with params [-4.36051365  0.62384323  1.99119942 43.45234333]
at minimum 4.4058 accepted 1  with params [-4.78546988  0.53718504  1.60334714 42.85897538]
at minimum 6.1291 accepted 0  with params [-4.27513116  0.7474566   1.39599731 42.87880645]
at minimum 4.3354 accepted 1  with params [-5.05901921  0.20844461  1.76860026 43.25548988]
at minimum 11.4043 accepted 0  with params [-5.46665919  0.07592821  1.60242768 43.77763648]
at minimum 4.9666 accepted 0  with params [-4.53555215  0.08558914  2.         43.20324815]
at minimum 6.8031 accepted 0  with params [-5.02815973e+00  1.90967240e-02  1.29102927e+00  4.38140771e+01]
at minimum 6.4078 accepted 1  with params [-5.61143991  0.49546848  1.73113067 43.28240156]
at minimum 5.4651 accepted 1  with params [-5.93259611  0.93896924  1.67335927 43.21182302]
at minimum 6.1424 accepted 1  with params [-5.88573972  0.98999998  1.44465525 43.6861166 ]
at minimum 5.0713 accepted 1  with params [-6.          0.74726862  1.88541454 43.9665197 ]
at minimum 5.0425 accepted 1  with params [-5.89423336  0.73741118  1.83417789 43.49770222]
at minimum 9.0090 accepted 0  with params [-5.99999554  0.44114833  1.47432863 43.57798225]
at minimum 6.1349 accepted 1  with params [-5.99999995  0.98999995  1.42446685 43.76133883]
at minimum 5.7891 accepted 1  with params [-5.77182879  0.6818016   1.16356965 43.24378696]
at minimum 6.1461 accepted 1  with params [-5.5762076   0.99        0.79954947 43.80056297]
at minimum 8.7673 accepted 0  with params [-6.          0.48546107  0.84646093 44.20541155]
at minimum 6.7216 accepted 0  with params [-5.30430267  0.42653436  0.90187416 43.9152751 ]
at minimum 6.1691 accepted 1  with params [-5.24661123  0.98999899  0.58306434 43.77150466]
at minimum 6.1600 accepted 1  with params [-5.85418372  0.99        1.00975434 43.91081587]
at minimum 7.2515 accepted 0  with params [-5.69879071  0.52700276  1.10831363 43.77852662]
at minimum 6.0976 accepted 1  with params [-5.88549119  0.99        1.588164   43.46929257]
at minimum 6.0256 accepted 1  with params [-5.5930524   0.99        1.34815664 43.07204494]
at minimum 6.0804 accepted 1  with params [-5.76347616  0.65831181  1.22342774 42.72511385]
at minimum 7.2423 accepted 1  with params [-5.94689552  0.58981978  1.43375532 42.20393117]
at minimum 5.5974 accepted 1  with params [-6.          0.98319329  1.894338   41.82596951]
