at minimum 5.9651 accepted 1  with params [-4.50000003  0.40000001  0.04999997 40.00000104]
at minimum 4.5836 accepted 1  with params [-4.07626799  0.58884008  0.51165778 39.84977765]
at minimum 6.0999 accepted 1  with params [-4.38073044  0.18027215  0.23769201 40.10063265]
at minimum 5.4132 accepted 1  with params [-4.49051481  0.59302082  0.27439486 40.3115924 ]
at minimum 5.5621 accepted 1  with params [-4.43072246  0.28308713  0.67412649 39.99879123]
at minimum 4.5428 accepted 1  with params [-4.15831793  0.56279482  0.55513307 40.19892817]
at minimum 6.7086 accepted 0  with params [-4.58126493  0.3222883   0.31685198 40.50975546]
at minimum 5.0361 accepted 1  with params [-4.31087702  0.14480176  0.70623005 40.36484159]
at minimum 4.3115 accepted 1  with params [-4.33660913  0.27594479  1.17876783 40.42363268]
at minimum 4.1896 accepted 1  with params [-4.13740147  0.13667373  0.82003536 40.81782824]
at minimum 6.9893 accepted 0  with params [-4.39907478 -0.09999913  0.47681285 40.75493316]
at minimum 4.8322 accepted 1  with params [-3.83621717  0.29005417  1.20048595 40.62297737]
at minimum 4.8061 accepted 1  with params [-4.0927398   0.22845136  1.67862115 40.92872934]
at minimum 4.7132 accepted 1  with params [-4.01891352 -0.06442666  1.7717353  41.40790919]
at minimum 4.9169 accepted 0  with params [-4.09446316  0.26020755  1.82861799 41.4267832 ]
at minimum 4.0531 accepted 1  with params [-4.31666389e+00  5.04842555e-03  1.49703368e+00  4.18913250e+01]
at minimum 4.3380 accepted 1  with params [-4.77247808  0.48554879  1.90550078 41.42732164]
at minimum 7.7913 accepted 0  with params [-5.02975732  0.20658245  1.4957021  41.7155235 ]
at minimum 4.8086 accepted 1  with params [-4.57173069  0.66434991  1.99999999 41.22861192]
at minimum 5.7507 accepted 0  with params [-5.01673702  0.49541855  1.53421624 41.02775406]
at minimum 4.8980 accepted 1  with params [-4.8526903   0.18702836  1.99999985 41.52566791]
at minimum 4.5464 accepted 1  with params [-4.66773848  0.61187005  1.99999999 41.46217644]
at minimum 4.9639 accepted 0  with params [-5.15720544  0.99        1.5065165  41.28254169]
at minimum 5.1611 accepted 1  with params [-4.40174778  0.73749845  2.         41.64310794]
at minimum 5.0933 accepted 1  with params [-4.17953114  0.46162438  1.99999989 41.25013599]
at minimum 3337.0399 accepted 0  with params [-3.71536788  0.32542571  1.78032202 41.46307067]
at minimum 4.4858 accepted 1  with params [-4.2323882   0.10074072  1.82106225 41.30680604]
at minimum 4.2270 accepted 1  with params [-4.35473147 -0.07555827  2.         41.68170528]
at minimum 4.3006 accepted 1  with params [-4.34210310e+00  2.79163326e-02  2.00000000e+00  4.20311320e+01]
at minimum 4.2144 accepted 1  with params [-4.41339145 -0.1         1.5199112  41.94418687]
at minimum 4.5381 accepted 0  with params [-4.10341309 -0.09999964  1.8043707  42.35895208]
at minimum 4.3481 accepted 1  with params [-4.41554211 -0.1         1.42403431 41.90521905]
at minimum 5.4084 accepted 1  with params [-4.89049364  0.35334927  1.56614209 42.28264084]
at minimum 9.4355 accepted 0  with params [-5.16588732  0.04378286  1.77301696 42.67433355]
at minimum 8.2932 accepted 0  with params [-5.11679044  0.27546586  1.48278174 42.65746257]
at minimum 4.1885 accepted 1  with params [-4.40407964  0.15204084  1.89461428 42.16110849]
at minimum 4.6334 accepted 1  with params [-4.53126805 -0.1         1.52976875 41.96513314]
at minimum 6.6743 accepted 0  with params [-4.80863363 -0.1         1.5277818  42.26777728]
at minimum 5.0858 accepted 0  with params [-4.42916156 -0.09999952  1.06527256 42.13921196]
at minimum 5.3616 accepted 1  with params [-4.46686169 -0.09999933  1.05890545 42.3968279 ]
at minimum 4.1081 accepted 1  with params [-4.08025667 -0.09999999  1.33074507 41.99441522]
at minimum 5.2112 accepted 0  with params [-4.4478877   0.09332377  0.94351393 41.62826124]
at minimum 4.3922 accepted 0  with params [-4.23053475e+00  9.24115964e-03  8.79074200e-01  4.19632624e+01]
at minimum 4.0962 accepted 1  with params [-4.28424932 -0.1         1.26720186 42.20395597]
at minimum 6.3448 accepted 0  with params [-4.68496017e+00 -3.79770991e-02  1.26867597e+00  4.21799411e+01]
at minimum 4.0760 accepted 1  with params [-4.16929145 -0.1         1.47254986 42.28572588]
at minimum 3.9075 accepted 1  with params [-4.01348381 -0.09999908  0.97882283 42.36986543]
at minimum 4.9688 accepted 1  with params [-3.74678423  0.28644713  1.26578409 42.263474  ]
at minimum 4.9888 accepted 1  with params [-3.80161648  0.55764426  1.13114357 41.92687305]
at minimum 514975079.6930 accepted 0  with params [-3.40801297  0.28305489  1.33929298 41.88176024]
at minimum 4.2019 accepted 1  with params [-3.79285153e+00  1.84457166e-02  8.76277522e-01  4.20219213e+01]
at minimum 4.9149 accepted 1  with params [-3.67471772  0.10885935  1.18948608 41.46839317]
at minimum 1199.6336 accepted 0  with params [-3.3112183  -0.1         0.65496051 41.12633062]
at minimum 4.8760 accepted 1  with params [-3.77122829  0.41757641  1.10068704 41.81637009]
at minimum 4.2382 accepted 1  with params [-4.32661213e+00 -1.01123862e-02  1.25456472e+00  4.13919054e+01]
at minimum 5.2187 accepted 0  with params [-4.66673951  0.21867511  1.30687601 41.8941647 ]
at minimum 4.4195 accepted 1  with params [-4.41541718 -0.09999996  1.38821582 41.6040389 ]
at minimum 5.7780 accepted 0  with params [-4.60866281  0.34604176  0.84018799 41.40277952]
at minimum 6.8649 accepted 0  with params [-4.69234004  0.09672396  1.03897962 41.67284007]
at minimum 4.2244 accepted 1  with params [-4.25776793  0.280848    0.93099195 41.66446412]
at minimum 4.6106 accepted 1  with params [-4.20879614  0.47243714  1.41904701 41.50525772]
at minimum 6.3378 accepted 0  with params [-3.88022165  0.63986753  1.73155703 41.02962627]
at minimum 4.7572 accepted 0  with params [-4.13471572  0.52950187  1.35942412 41.3564562 ]
at minimum 5.4305 accepted 1  with params [-4.15667688  0.89504532  1.83235208 41.57471598]
at minimum 228867373864913088.0000 accepted 0  with params [-3.61826608  0.99        2.         41.60329578]
at minimum 12.9227 accepted 0  with params [-3.93295174  0.99        1.94959585 41.93934408]
at minimum 5.7421 accepted 0  with params [-3.83675057  0.52028669  1.60209128 41.4911915 ]
at minimum 4.6231 accepted 1  with params [-4.33335185  0.45223108  1.70768657 41.24894262]
at minimum 5.1919 accepted 1  with params [-4.53678896  0.92246597  1.70107262 41.35824908]
at minimum 5.5752 accepted 0  with params [-4.32139609  0.99        2.         40.82195093]
at minimum 5.1857 accepted 1  with params [-4.99702363  0.99        1.99999751 41.53377204]
at minimum 4.8732 accepted 1  with params [-5.31052759  0.98999979  1.46435279 41.1802042 ]
at minimum 5.1121 accepted 1  with params [-4.91593619  0.99        1.65790003 41.21021335]
at minimum 4.7174 accepted 1  with params [-5.40607584  0.8390527   2.         41.47209545]
at minimum 4.9516 accepted 1  with params [-5.43698756  0.98999996  1.99999999 41.92081145]
at minimum 5.1058 accepted 1  with params [-5.07448726  0.99        1.8239075  42.0566276 ]
at minimum 4.5167 accepted 1  with params [-5.23612921  0.85237409  1.77931119 42.18491006]
at minimum 5.1546 accepted 0  with params [-5.11487939  0.98999955  1.83636567 42.6523006 ]
at minimum 5.1597 accepted 0  with params [-4.75733664  0.97613746  1.57184601 42.65758226]
at minimum 4.5887 accepted 1  with params [-4.87153099  0.63061797  1.55149039 41.94684284]
at minimum 5.0111 accepted 1  with params [-4.55667354  0.76391919  1.9999999  41.40882549]
at minimum 4.4001 accepted 1  with params [-4.90377441  0.62103772  1.99999973 41.84927346]
at minimum 4.5414 accepted 1  with params [-4.8514757   0.73997952  1.93223415 41.6802511 ]
at minimum 5.0775 accepted 1  with params [-5.19557056  0.61135023  1.99999837 41.46406396]
at minimum 4.3157 accepted 1  with params [-4.79588172  0.4050089   2.         41.92277613]
at minimum 7.8973 accepted 0  with params [-5.19252993  0.13989693  1.98480001 42.33252846]
at minimum 4.0828 accepted 1  with params [-4.50259119 -0.0889952   2.         42.16165622]
at minimum 4.5674 accepted 0  with params [-4.77938808  0.16783015  1.98039644 41.83894843]
at minimum 5.9336 accepted 1  with params [-4.99925887  0.13339657  2.         41.89633434]
at minimum 8.3860 accepted 0  with params [-5.45159347  0.4573769   1.88854439 42.169087  ]
at minimum 6.1583 accepted 1  with params [-5.09045916  0.34143816  1.84438787 41.91575559]
at minimum 4.6504 accepted 1  with params [-4.53724006 -0.09999998  1.55253742 41.82160452]
at minimum 4.8386 accepted 1  with params [-4.47460935 -0.1         1.30446138 42.24651533]
at minimum 7.2010 accepted 0  with params [-4.60929696 -0.1         0.97073952 41.73604452]
at minimum 4.0103 accepted 1  with params [-4.24349089e+00  3.22790613e-02  1.34883598e+00  4.21443131e+01]
at minimum 3.8996 accepted 1  with params [-3.99572293 -0.1         0.98650985 42.65743997]
at minimum 7.4428 accepted 0  with params [-4.46956752 -0.1         0.56256359 42.97663964]
at minimum 4.1382 accepted 1  with params [-4.33021456 -0.1         1.35546857 42.11546214]
at minimum 4.1567 accepted 1  with params [-4.02630649  0.07055708  1.19658733 42.20370359]
at minimum 4.6137 accepted 0  with params [-3.66591663  0.41735157  0.67353809 41.71569829]
at minimum 4.2629 accepted 1  with params [-4.33157371 -0.09999992  1.28265529 42.08786103]
at minimum 6.0929 accepted 0  with params [-4.42922365 -0.09999975  0.78726561 42.64703266]
at minimum 4.5356 accepted 1  with params [-4.01647037 -0.06617048  1.57907602 42.60989   ]
at minimum 874799637166394310656.0000 accepted 0  with params [-3.5617144   0.26868274  1.99999722 42.45847852]
at minimum 4.7981 accepted 0  with params [-4.08753571  0.31074942  1.63477263 42.05915163]
at minimum 5953.8662 accepted 0  with params [-3.79223443  0.30666708  2.         42.00606655]
at minimum 2013.4431 accepted 0  with params [-3.73115034  0.2119246   1.54756342 42.8455931 ]
at minimum 4.5047 accepted 1  with params [-4.38905816 -0.1         1.27452126 42.08997311]
at minimum 4.5386 accepted 0  with params [-4.08675628 -0.09999974  1.78132153 42.08767161]
at minimum 4.1533 accepted 1  with params [-4.50907582  0.27469602  1.5910163  42.4406201 ]
at minimum 4.6824 accepted 1  with params [-5.05374917  0.65119441  1.74816485 42.79836044]
at minimum 6.4712 accepted 0  with params [-5.6287451   0.6818704   1.85749729 43.25878143]
at minimum 7.3888 accepted 0  with params [-5.05198039  0.35748421  1.3601888  42.69331207]
at minimum 6.0041 accepted 0  with params [-5.29911516  0.71444258  1.16409459 42.36440215]
at minimum 4.7548 accepted 1  with params [-5.21633292  0.90647052  2.         43.28675797]
at minimum 6.5396 accepted 0  with params [-5.11564224  0.49165624  1.4206196  42.91685818]
at minimum 4.6858 accepted 1  with params [-4.67354097  0.7942287   1.38951932 43.72598797]
at minimum 5.4250 accepted 0  with params [-4.34164665  0.85947855  1.85069976 43.26141438]
at minimum 4.3061 accepted 1  with params [-4.15647677  0.25288372  1.31534734 43.34068588]
at minimum 4.6975 accepted 1  with params [-3.85958918  0.35907276  1.07417548 42.76284864]
at minimum 4.0554 accepted 1  with params [-4.34520809  0.12221065  1.51987191 42.25159574]
at minimum 4.9763 accepted 1  with params [-4.19800115  0.38398161  2.         41.98057977]
at minimum 4.5698 accepted 1  with params [-4.50927562  0.48697318  1.99999911 42.18090053]
at minimum 11.5845 accepted 0  with params [-3.93286763  0.2187333   1.99999993 42.79477584]
at minimum 5.0744 accepted 1  with params [-4.03881359  0.21956601  1.96838256 42.21691433]
at minimum 4.0974 accepted 1  with params [-4.41390261 -0.1         1.62512852 42.49142862]
at minimum 5.2278 accepted 0  with params [-4.69736936 -0.09999994  1.65955447 42.57755097]
at minimum 5.0737 accepted 1  with params [-4.66002956 -0.09999979  1.66052357 42.08305979]
at minimum 4.3484 accepted 1  with params [-4.27148305 -0.1         1.97810232 42.30610839]
at minimum 5.5335 accepted 0  with params [-4.81766788 -0.1         1.86887568 41.97588709]
at minimum 4.5252 accepted 1  with params [-4.69189655 -0.0531981   1.99999932 42.61093842]
at minimum 4.0903 accepted 1  with params [-4.43642587 -0.1         2.         42.39073705]
at minimum 4.7687 accepted 1  with params [-3.96592102 -0.1         1.74093417 42.4938209 ]
at minimum 3269.2243 accepted 0  with params [-3.73147193  0.36359937  1.63139384 43.01153023]
at minimum 4.7116 accepted 1  with params [-4.41618403 -0.08103605  1.22962107 42.99126243]
at minimum 4.8089 accepted 1  with params [-4.29974239 -0.1         0.91456393 43.55526832]
at minimum 9.8898 accepted 0  with params [-4.72001066 -0.09999999  0.76535603 43.10893402]
at minimum 11.1072 accepted 0  with params [-4.80901965 -0.09999984  0.39862417 43.19845633]
at minimum 4.6132 accepted 1  with params [-4.46692043  0.06177545  1.2769151  43.22860278]
at minimum 4.1332 accepted 1  with params [-4.0104207   0.3680566   0.76504292 42.76027655]
at minimum 4.4783 accepted 0  with params [-3.56468445  0.22286686  0.5591437  42.25420851]
at minimum 4.0224 accepted 1  with params [-3.74451304 -0.04559045  0.67136981 42.94994966]
at minimum 4.2222 accepted 1  with params [-3.98776799 -0.09999999  0.06594993 43.01204258]
at minimum 4.1454 accepted 1  with params [-3.57748084e+00 -1.00000000e-01  1.00000000e-02  4.32411083e+01]
at minimum 4.9068 accepted 0  with params [-3.32390326e+00  2.20720418e-01  1.00000000e-02  4.34719088e+01]
at minimum 4.3238 accepted 1  with params [-3.51603705e+00 -1.00000000e-01  1.00000000e-02  4.38548592e+01]
at minimum 4.4133 accepted 1  with params [-3.52964824e+00 -9.99999699e-02  1.00000000e-02  4.43508398e+01]
at minimum 4.3900 accepted 1  with params [-3.44548421e+00 -1.00000000e-01  1.00000000e-02  4.37528603e+01]
at minimum 962.0344 accepted 0  with params [-3.16250909  0.36620838  0.3276999  43.69539113]
at minimum 4.2485 accepted 1  with params [-3.79962962e+00  2.56054548e-01  1.00000000e-02  4.32114339e+01]
at minimum 5.7880 accepted 0  with params [-4.37328274e+00 -9.99999957e-02  1.00000164e-02  4.29117954e+01]
