at minimum 4.0846 accepted 1  with params [-4.49999992  0.39999997  0.05000008 40.00000191]
at minimum 4.4407 accepted 1  with params [-4.91307606e+00  4.06192548e-01  3.80564629e-02  4.04234992e+01]
at minimum 4.2010 accepted 1  with params [-4.57207352  0.19705599  0.08541618 40.41212486]
at minimum 7.9151 accepted 0  with params [-5.04458136  0.07072806  0.10401664 39.94603336]
at minimum 4.1919 accepted 1  with params [-4.31998415e+00  1.37061437e-01  1.00000000e-02  4.05712040e+01]
at minimum 5.0104 accepted 0  with params [-4.13283653e+00  6.22499624e-01  2.14101159e-02  4.09305585e+01]
at minimum 5.3892 accepted 0  with params [-4.57456274  0.42900766  0.49754151 40.33811913]
at minimum 5.3012 accepted 1  with params [-3.94152197 -0.1         0.25683578 40.29802919]
at minimum 5.5146 accepted 1  with params [-4.15825407e+00 -1.75555795e-02  7.31248863e-01  4.05386841e+01]
at minimum 5.5306 accepted 0  with params [-4.50502938  0.30666968  1.06357691 40.79622182]
at minimum 5.6109 accepted 1  with params [-4.17976367 -0.09999982  0.7216857  40.50860136]
at minimum 5.4569 accepted 1  with params [-4.20261469 -0.1         0.93977814 40.36832786]
at minimum 5.4361 accepted 1  with params [-4.05350267 -0.09999994  0.65254051 40.24498626]
at minimum 5.1623 accepted 1  with params [-4.05600268 -0.1         0.24562988 39.7743152 ]
at minimum 5.4917 accepted 1  with params [-4.17103564 -0.1         0.55935635 39.37295216]
at minimum 5.5062 accepted 1  with params [-4.20982038 -0.0999999   0.61377149 39.33430388]
at minimum 4.7249 accepted 1  with params [-4.42232771  0.28220372  0.25901917 39.14570504]
at minimum 6.7035 accepted 0  with params [-4.7159623   0.14801953  0.59757696 39.13212284]
at minimum 3.9755 accepted 1  with params [-4.38076896e+00  1.01685830e-01  1.00001039e-02  3.89378541e+01]
at minimum 4.3617 accepted 1  with params [-4.07078357e+00  2.78123684e-01  1.00005400e-02  3.84699111e+01]
at minimum 4.5286 accepted 1  with params [-3.74675747  0.05281614  0.09945968 38.06191085]
at minimum 4.9408 accepted 1  with params [-3.43414244e+00  5.15468004e-01  3.49746614e-02  3.78584179e+01]
at minimum 779.0090 accepted 0  with params [-3.15474063e+00  3.48169319e-01  1.00000000e-02  3.80173782e+01]
at minimum 5.0301 accepted 1  with params [-3.31330334e+00  5.07236100e-01  1.00000000e-02  3.83152394e+01]
at minimum 1019.0293 accepted 0  with params [-3.26976936  0.97274627  0.48190765 38.81348668]
at minimum 1104.7687 accepted 0  with params [-3.00000023  0.22424807  0.10232703 38.75424555]
at minimum 4.9209 accepted 1  with params [-3.35069499e+00  1.25931748e-02  1.05686615e-01  3.83688418e+01]
at minimum 4.4618 accepted 1  with params [-3.69495275e+00 -1.00000000e-01  2.30339989e-02  3.81389287e+01]
at minimum 4.6715 accepted 1  with params [-3.63518266e+00  2.98058114e-01  1.00000000e-02  3.81405409e+01]
at minimum 8.1694 accepted 0  with params [-3.23038240e+00  7.16782974e-01  1.00000000e-02  3.76878955e+01]
at minimum 4.0463 accepted 1  with params [-4.05891852e+00 -9.99999633e-02  1.00000000e-02  3.79045693e+01]
at minimum 4.6673 accepted 1  with params [-4.02254278  0.24030949  0.27400482 37.45865754]
at minimum 4.3270 accepted 1  with params [-3.97863531e+00  1.87362113e-01  1.00004679e-02  3.77160769e+01]
at minimum 4.6118 accepted 0  with params [-4.00459106e+00  6.80936802e-01  1.00000000e-02  3.75325849e+01]
at minimum 4.3993 accepted 1  with params [-4.44285703 -0.1         0.08894697 37.92904393]
at minimum 4.2067 accepted 1  with params [-4.57822001e+00  1.36644831e-01  1.00000000e-02  3.77962618e+01]
at minimum 8.0947 accepted 0  with params [-4.90555168e+00 -1.00000000e-01  2.93888716e-02  3.75958887e+01]
at minimum 8.2942 accepted 0  with params [-4.76646313 -0.09999967  0.48053467 38.29381962]
at minimum 4.1978 accepted 1  with params [-4.58850615e+00  2.01802632e-01  1.00000000e-02  3.73589423e+01]
at minimum 3.9427 accepted 1  with params [-4.15421951e+00 -1.34303099e-02  1.00011127e-02  3.72977042e+01]
at minimum 4.2492 accepted 1  with params [-4.55878769e+00  6.98676763e-02  1.00000000e-02  3.77950044e+01]
at minimum 4.8496 accepted 0  with params [-4.19777991  0.29293697  0.39074272 37.89731413]
at minimum 4.6433 accepted 1  with params [-4.72121861  0.56320243  0.36788858 37.46093186]
at minimum 6.6238 accepted 0  with params [-4.93038957  0.33447435  0.80809697 37.39730392]
at minimum 4.1007 accepted 1  with params [-4.519751    0.49107622  0.11530094 37.5242753 ]
at minimum 4.9818 accepted 0  with params [-4.66900409e+00  9.80648261e-01  1.00000000e-02  3.78157565e+01]
at minimum 4.8470 accepted 0  with params [-4.31539003e+00  9.40497414e-01  1.00000000e-02  3.73052529e+01]
at minimum 4.6482 accepted 1  with params [-4.07665037e+00  7.24944763e-01  1.00000000e-02  3.78455610e+01]
at minimum 4.9297 accepted 0  with params [-4.40347854  0.37101735  0.45334739 37.95375155]
at minimum 4.7988 accepted 1  with params [-4.07674374e+00  8.28534950e-01  1.00000000e-02  3.79101506e+01]
at minimum 5.2468 accepted 0  with params [-4.55786493  0.99        0.51819002 38.21240767]
at minimum 4.7084 accepted 1  with params [-4.02208155  0.55290715  0.38126444 38.36043555]
at minimum 5.0250 accepted 0  with params [-4.36659727  0.28804805  0.3802868  38.68414317]
at minimum 5.0653 accepted 1  with params [-4.51701954e+00  9.90000000e-01  1.00000078e-02  3.81394630e+01]
at minimum 5.1374 accepted 1  with params [-4.55971745e+00  9.90000000e-01  1.00000828e-02  3.85858469e+01]
at minimum 4.3388 accepted 1  with params [-4.63418916e+00  6.96708922e-01  1.00000000e-02  3.90896011e+01]
at minimum 5.2347 accepted 1  with params [-4.24709636e+00  9.90000000e-01  1.00000000e-02  3.90766266e+01]
at minimum 4.6701 accepted 1  with params [-4.73015769  0.57421861  0.35864942 39.33148423]
at minimum 5.1046 accepted 0  with params [-4.74753609  0.49742775  0.49255102 39.00672427]
at minimum 10.9526 accepted 0  with params [-5.23325197  0.04729114  0.35095695 38.84732603]
at minimum 5.3477 accepted 0  with params [-4.89726055  0.99        0.60662767 39.21677372]
at minimum 4.4271 accepted 1  with params [-4.70599666e+00  7.41939304e-01  1.00000000e-02  3.94610958e+01]
at minimum 5.2688 accepted 1  with params [-4.55249772  0.99        0.12048809 39.14381157]
at minimum 5.2387 accepted 1  with params [-4.46481485e+00  9.89999998e-01  1.00000000e-02  3.91430699e+01]
at minimum 5.4021 accepted 1  with params [-4.08110818  0.99        0.11190628 39.47728511]
at minimum 5.3121 accepted 1  with params [-4.10538883e+00  9.90000000e-01  1.00000000e-02  3.94878053e+01]
at minimum 4.5388 accepted 1  with params [-4.22601702e+00  5.70221914e-01  1.00009152e-02  3.90005315e+01]
at minimum 5.2856 accepted 0  with params [-4.47717322  0.99        0.44438624 38.49512291]
at minimum 4.6943 accepted 0  with params [-4.08545023  0.5955839   0.30626208 38.53198173]
at minimum 5.8928 accepted 0  with params [-4.53159416  0.1252141   0.43988578 39.35899167]
at minimum 4.6094 accepted 1  with params [-3.87310675e+00  1.22271346e-01  1.00006415e-02  3.92800873e+01]
at minimum 4.4488 accepted 1  with params [-4.04721867e+00  2.96673973e-01  1.00000000e-02  3.89107650e+01]
at minimum 5.0285 accepted 1  with params [-3.95872586 -0.0557815   0.2472111  39.03966973]
at minimum 4.8720 accepted 1  with params [-3.71137402  0.18525754  0.60723317 38.79515198]
at minimum 4.7892 accepted 1  with params [-3.65777041  0.39452755  0.06592294 38.53680477]
at minimum 4.9438 accepted 1  with params [-3.95718931 -0.1         0.2526485  38.28000887]
at minimum 4.9867 accepted 1  with params [-4.04654133 -0.1         0.24498239 38.81734082]
at minimum 4.5700 accepted 1  with params [-3.81530793e+00  3.45935026e-02  1.00000000e-02  3.88724968e+01]
at minimum 4.2048 accepted 1  with params [-4.06823823e+00 -1.59344503e-03  1.00000000e-02  3.91573670e+01]
at minimum 4.2634 accepted 1  with params [-4.52010695e+00 -1.00000000e-01  1.00000000e-02  3.89361974e+01]
at minimum 5.1843 accepted 0  with params [-4.68640010e+00 -1.00000000e-01  1.00000000e-02  3.89216565e+01]
at minimum 7.4345 accepted 0  with params [-5.01262707e+00  1.13749677e-01  1.00000000e-02  3.87980678e+01]
at minimum 4.5410 accepted 1  with params [-4.33984457 -0.1         0.14313802 39.17982894]
at minimum 5.4688 accepted 0  with params [-4.36952824 -0.1         0.2868235  38.70064123]
at minimum 4.2664 accepted 1  with params [-4.49679911e+00 -1.00000000e-01  1.00000000e-02  3.94393463e+01]
at minimum 6.3234 accepted 0  with params [-4.7944179  -0.1         0.08506474 38.98579515]
at minimum 5.1028 accepted 0  with params [-4.70411348e+00 -1.00000000e-01  1.00000261e-02  3.97815484e+01]
at minimum 6.9104 accepted 0  with params [-4.53302486 -0.1         0.55931918 39.18059264]
at minimum 4.2823 accepted 1  with params [-4.06080477e+00 -1.00000000e-01  1.00000000e-02  3.99447266e+01]
at minimum 5.0079 accepted 0  with params [-3.99106129  0.23752406  0.22679066 40.11194247]
at minimum 4.1799 accepted 1  with params [-4.31689506e+00  1.06126179e-01  1.00000000e-02  4.03950465e+01]
at minimum 4.1621 accepted 1  with params [-4.24077735e+00  8.12163247e-02  1.00000000e-02  3.99289230e+01]
at minimum 5.8377 accepted 0  with params [-4.70685059 -0.0999997   0.18503535 40.30874288]
at minimum 4.1765 accepted 1  with params [-4.62443617  0.3023983   0.12055835 39.98148618]
at minimum 4.0354 accepted 1  with params [-4.56520345e+00  2.70941087e-01  1.00000000e-02  4.05323034e+01]
at minimum 5.0332 accepted 0  with params [-4.37454932e+00  7.64291497e-01  1.24764627e-02  4.07486086e+01]
at minimum 4.4382 accepted 1  with params [-4.09723005e+00 -1.00000000e-01  1.00000000e-02  4.10374850e+01]
at minimum 4.5740 accepted 0  with params [-4.55285493 -0.09999996  0.07928295 41.22478066]
at minimum 5.8967 accepted 0  with params [-4.22801685 -0.09999988  0.3811717  40.74330444]
at minimum 5.3380 accepted 0  with params [-3.6085171  -0.1         0.3357147  41.40099221]
at minimum 4.7823 accepted 0  with params [-3.91019252e+00 -1.00000000e-01  1.00000000e-02  4.11599771e+01]
at minimum 5.4393 accepted 1  with params [-3.54313227e+00  3.86561789e-01  1.00000000e-02  4.12632015e+01]
at minimum 5.5650 accepted 0  with params [-3.79623683e+00  7.97851439e-01  1.00000000e-02  4.12505497e+01]
at minimum 4.9161 accepted 1  with params [-4.14006143e+00  5.18951952e-01  1.00000000e-02  4.09598630e+01]
at minimum 5.7421 accepted 0  with params [-3.97380994  0.86354056  0.13930079 41.52423959]
at minimum 5.2705 accepted 0  with params [-3.65181519e+00  2.83857446e-01  1.00000000e-02  4.12698944e+01]
at minimum 5.5621 accepted 0  with params [-4.69427703e+00  9.87774953e-01  1.00000000e-02  4.07658804e+01]
at minimum 4.8186 accepted 1  with params [-4.49499722e+00  7.51260584e-01  1.00000000e-02  4.04843919e+01]
at minimum 5.4529 accepted 0  with params [-4.35405751e+00  9.90000000e-01  1.00000000e-02  4.01679373e+01]
at minimum 5.5783 accepted 1  with params [-4.82348194  0.99        0.58741412 40.20996974]
at minimum 4.9577 accepted 1  with params [-5.11327439  0.71440597  0.69256298 40.18864466]
at minimum 5.5825 accepted 1  with params [-5.2166979   0.50874445  0.44289347 40.73871779]
at minimum 5.0973 accepted 1  with params [-5.54954004  0.91855022  0.37883437 41.15715061]
at minimum 5.8522 accepted 0  with params [-4.98248966  0.98999891  0.84219081 41.11889061]
at minimum 5.8246 accepted 1  with params [-5.15854503  0.52729197  0.77116267 41.73538788]
at minimum 5.8009 accepted 1  with params [-4.80778377  0.22218271  0.36271872 42.13951285]
at minimum 4.1243 accepted 1  with params [-4.71951583e+00  2.59636258e-01  1.00005733e-02  4.26475299e+01]
at minimum 4.5808 accepted 0  with params [-4.52859730e+00  4.34391354e-01  1.00000000e-02  4.28491359e+01]
at minimum 6.6001 accepted 0  with params [-5.17621806e+00  2.97651229e-01  1.00000000e-02  4.20488466e+01]
at minimum 5.9472 accepted 0  with params [-4.97607415  0.31185077  0.42548901 42.65076215]
at minimum 4.0956 accepted 1  with params [-4.88530849  0.54876669  0.05985174 42.038942  ]
at minimum 5.3507 accepted 0  with params [-5.38771527  0.91733532  0.40256815 42.36153905]
at minimum 6.8849 accepted 0  with params [-5.05112609e+00  1.44227321e-01  1.00000000e-02  4.22427234e+01]
at minimum 4.7441 accepted 1  with params [-4.96251602  0.54292705  0.35113053 42.46367083]
at minimum 5.6240 accepted 1  with params [-5.43693118  0.56751687  0.66463311 42.25001289]
at minimum 6.2255 accepted 0  with params [-5.01150708  0.98999984  0.13421224 42.82275068]
at minimum 11.7032 accepted 0  with params [-5.40831838  0.12614576  1.02261215 41.79779479]
at minimum 4.2124 accepted 1  with params [-4.95206276  0.58428147  0.16214644 41.75325542]
at minimum 5.8259 accepted 0  with params [-4.45922490e+00  9.60132736e-01  1.00000000e-02  4.19282997e+01]
at minimum 4.8577 accepted 0  with params [-5.34721124e+00  6.33312876e-01  1.00001474e-02  4.12196004e+01]
at minimum 5.6308 accepted 0  with params [-5.55860664e+00  9.82393921e-01  1.00000000e-02  4.14659468e+01]
at minimum 7.4912 accepted 0  with params [-4.82319687e+00  3.42923569e-02  4.77930267e-01  4.14787873e+01]
at minimum 5.1822 accepted 0  with params [-4.51715176e+00  8.24916658e-01  1.00000000e-02  4.12496493e+01]
at minimum 7.3753 accepted 0  with params [-5.36557381  0.40541692  0.77544307 41.71730154]
at minimum 4.2687 accepted 1  with params [-4.63753876e+00  9.20020028e-02  1.00000000e-02  4.19078575e+01]
at minimum 7.2377 accepted 0  with params [-4.91873219e+00 -1.00000000e-01  1.00000000e-02  4.18656174e+01]
at minimum 7.2576 accepted 0  with params [-4.91503839e+00 -1.00000000e-01  1.00000000e-02  4.18325305e+01]
at minimum 10.3842 accepted 0  with params [-5.21088548e+00 -8.35605986e-03  1.00000836e-02  4.12939027e+01]
at minimum 4.2607 accepted 1  with params [-4.94591758  0.62048997  0.17718552 41.76700325]
at minimum 4.5332 accepted 0  with params [-5.52576179  0.74834934  0.09159019 41.84102974]
at minimum 4.7211 accepted 0  with params [-5.20018535e+00  8.24734631e-01  1.00011534e-02  4.16967649e+01]
at minimum 5.2355 accepted 0  with params [-4.98413702  0.85619513  0.41750709 42.0843772 ]
at minimum 4.5079 accepted 1  with params [-5.49656094  0.75617724  0.31167135 41.99019858]
at minimum 12.5884 accepted 0  with params [-5.99999991e+00  1.71648784e-01  1.00000000e-02  4.18231521e+01]
at minimum 5.1536 accepted 0  with params [-6.00000000e+00  9.02335608e-01  1.00001260e-02  4.24897276e+01]
at minimum 6.3320 accepted 0  with params [-5.09190309  0.44416925  0.85133419 41.56920182]
at minimum 5.5676 accepted 0  with params [-5.89815985e+00  9.78479778e-01  1.00000000e-02  4.14169122e+01]
at minimum 5.7290 accepted 0  with params [-5.17880991e+00  9.90000000e-01  1.00000000e-02  4.14726160e+01]
at minimum 4.6902 accepted 1  with params [-5.52523243e+00  6.90949999e-01  3.06986308e-02  4.20371588e+01]
at minimum 5.0236 accepted 1  with params [-5.55973164  0.63085933  0.14515131 42.42738815]
at minimum 5.9886 accepted 0  with params [-5.12678686e+00  9.90000000e-01  1.00000000e-02  4.23065702e+01]
