at minimum 5.2263 accepted 1  with params [-4.50000013  0.39999996  0.05000017 39.99999734]
at minimum 6.7295 accepted 0  with params [-4.95196697  0.59551739  0.19991196 39.6709937 ]
at minimum 5.6929 accepted 1  with params [-4.46553039e+00  4.31892545e-03  1.00002307e-02  3.98750724e+01]
at minimum 4.8134 accepted 1  with params [-4.23683796e+00 -9.87935560e-02  1.00020909e-02  3.93851085e+01]
at minimum 5.4699 accepted 0  with params [-4.36284972 -0.1         0.3641479  39.77032341]
at minimum 4.4527 accepted 1  with params [-4.18342829e+00 -2.53278807e-03  1.00000000e-02  3.95850203e+01]
at minimum 4.3640 accepted 1  with params [-4.08201018e+00 -1.00000000e-01  1.00000000e-02  3.93432163e+01]
at minimum 5.6494 accepted 0  with params [-4.4517721  -0.1         0.19616598 39.752012  ]
at minimum 6.1042 accepted 0  with params [-4.44971798e+00 -9.99999516e-02  1.00000813e-02  3.90159631e+01]
at minimum 5.2367 accepted 1  with params [-4.33827613e+00 -1.00000000e-01  1.00000000e-02  3.94120741e+01]
at minimum 5.7570 accepted 1  with params [-4.54442169  0.15809844  0.2100824  39.62297967]
at minimum 6.2307 accepted 1  with params [-4.75494405  0.42000194  0.39664931 39.97135799]
at minimum 13.4606 accepted 0  with params [-5.25356702  0.10504608  0.49159582 39.69420392]
at minimum 5.3907 accepted 1  with params [-4.95626207  0.63017059  0.88319679 40.22125983]
at minimum 4.9437 accepted 1  with params [-4.94400204  0.60651795  1.16673252 40.0213482 ]
at minimum 5.8508 accepted 1  with params [-5.11177481  0.70836298  0.80350067 39.55661262]
at minimum 5.3160 accepted 1  with params [-4.92369871  0.99        0.93324303 39.16738496]
at minimum 5.1766 accepted 1  with params [-4.89660452  0.99        0.64298441 39.5105064 ]
at minimum 8.3005 accepted 0  with params [-5.29046494  0.52262997  0.93453335 39.80652356]
at minimum 6.6457 accepted 0  with params [-4.99709084  0.60781132  0.5229998  39.16659846]
at minimum 5.1659 accepted 1  with params [-5.30715125  0.98999986  0.4782888  39.36185046]
at minimum 5.2709 accepted 1  with params [-5.76000748  0.9582817   0.89502044 39.54861942]
at minimum 7.9382 accepted 0  with params [-6.          0.7131842   1.14632309 39.33901852]
at minimum 5.2122 accepted 1  with params [-5.64106406  0.96349294  0.77208732 39.63078342]
at minimum 5.6126 accepted 1  with params [-5.35593399  0.830416    0.90033063 39.73491014]
at minimum 6.5789 accepted 1  with params [-5.50270703  0.70839978  1.2134881  39.88519145]
at minimum 6.1491 accepted 1  with params [-5.80998923  0.85198758  0.84331249 39.8756462 ]
at minimum 9.0561 accepted 1  with params [-5.54611256  0.5488797   0.9066686  39.67899325]
at minimum 16.4614 accepted 0  with params [-6.          0.15185077  1.32089361 39.40363831]
at minimum 16.5398 accepted 0  with params [-5.62655512  0.06741419  0.69646276 39.64467012]
at minimum 11.7363 accepted 0  with params [-6.          0.48644375  0.42922554 39.80387407]
at minimum 12.1334 accepted 0  with params [-5.8723001   0.4009856   0.86889661 40.08659973]
at minimum 8.9279 accepted 1  with params [-5.46395101  0.53335105  0.84571817 40.0618913 ]
at minimum 15.4211 accepted 0  with params [-5.90380618  0.19497148  1.09997412 40.23290575]
at minimum 7.0961 accepted 1  with params [-5.86485252  0.78024172  0.49755009 40.40529236]
at minimum 4.9310 accepted 1  with params [-5.99999992  0.98999947  0.21055591 40.70652288]
at minimum 4.9022 accepted 1  with params [-5.8999004   0.99        0.62477442 40.76418846]
at minimum 4.9149 accepted 1  with params [-6.          0.99        0.2307193  40.79664474]
at minimum 4.9815 accepted 1  with params [-6.0000000e+00  9.9000000e-01  1.0000000e-02  4.0459089e+01]
at minimum 4.8975 accepted 1  with params [-5.7455949e+00  9.9000000e-01  1.0000000e-02  4.0869813e+01]
at minimum 6.9875 accepted 1  with params [-5.41465691e+00  7.39825464e-01  1.00000000e-02  4.10478273e+01]
at minimum 5.3509 accepted 1  with params [-5.06765271  0.81718427  0.19490637 41.2535877 ]
at minimum 7.3761 accepted 0  with params [-5.47254231  0.6904148   0.32058295 41.09691194]
at minimum 4.7938 accepted 1  with params [-5.09786762e+00  9.90000000e-01  1.00000000e-02  4.13046544e+01]
at minimum 7.8626 accepted 0  with params [-5.14712204e+00  5.51744465e-01  1.00000000e-02  4.14379775e+01]
at minimum 8.1390 accepted 0  with params [-5.53212040e+00  6.51725586e-01  1.00000000e-02  4.16823088e+01]
at minimum 5.4780 accepted 1  with params [-4.78090148  0.54098747  0.30164262 41.31389364]
at minimum 5.2374 accepted 1  with params [-4.71307682  0.61163655  0.05795605 41.43254409]
at minimum 12.3432 accepted 0  with params [-5.16896035e+00  1.46294602e-01  1.00000000e-02  4.18020264e+01]
at minimum 4.2334 accepted 1  with params [-4.33356607  0.39886265  0.10993485 41.03330758]
at minimum 4.4111 accepted 1  with params [-4.33170558  0.77046907  0.54347199 40.7282204 ]
at minimum 8.4472 accepted 0  with params [-4.87477367  0.21746137  0.4654179  40.88256653]
at minimum 4.9507 accepted 1  with params [-4.17710281  0.97211729  0.14450544 40.79626183]
at minimum 4.6475 accepted 1  with params [-4.57382748e+00  8.92948549e-01  1.00000747e-02  4.12279832e+01]
at minimum 7.2374 accepted 1  with params [-5.09144391  0.50776474  0.37579783 41.77709961]
at minimum 4.1340 accepted 1  with params [-4.57027617  0.73592934  0.42946743 41.78323794]
at minimum 4.7752 accepted 1  with params [-4.69625208e+00  9.89999998e-01  1.00000029e-02  4.12654752e+01]
at minimum 4.7657 accepted 1  with params [-4.46801548e+00  9.90000000e-01  3.87123428e-02  4.14190330e+01]
at minimum 4.7585 accepted 1  with params [-4.55793616e+00  9.89999998e-01  1.00000030e-02  4.13574834e+01]
at minimum 4.6487 accepted 1  with params [-4.2301384   0.91197695  0.1130098  41.45897201]
at minimum 4.7519 accepted 1  with params [-3.88278421e+00  9.90000000e-01  1.00000000e-02  4.15958654e+01]
at minimum 5.1118 accepted 0  with params [-4.0397613   0.99        0.45413338 41.87866545]
at minimum 4.4216 accepted 1  with params [-4.36043508  0.86830394  0.30287568 41.90886935]
at minimum 4.4659 accepted 1  with params [-4.59725372  0.80373434  0.09231384 41.72538477]
at minimum 3.9440 accepted 1  with params [-4.33559139  0.65146793  0.49023587 41.49911181]
at minimum 3.8145 accepted 1  with params [-4.04162654  0.33452884  0.76152654 41.83125674]
at minimum 4.6167 accepted 0  with params [-3.71829283  0.63384775  0.32354008 41.4978773 ]
at minimum 3.5391 accepted 1  with params [-3.78211822e+00  1.78903108e-02  2.70604584e-01  4.20054981e+01]
at minimum 3.8310 accepted 1  with params [-3.87388228  0.36914148  0.32715027 42.44401416]
at minimum 5.1139 accepted 0  with params [-3.62875296  0.85812525  0.77850755 42.03414634]
at minimum 3.4583 accepted 1  with params [-4.262844    0.46304053  0.68559493 42.87647442]
at minimum 6.6746 accepted 0  with params [-4.78116611e+00 -1.87798163e-02  9.94988045e-01  4.33622919e+01]
at minimum 5.0925 accepted 1  with params [-3.81646815  0.75587221  1.07791275 43.18203554]
at minimum 1744.8357 accepted 0  with params [-3.44778767  0.59594804  0.98400225 43.5495849 ]
at minimum 4.5516 accepted 1  with params [-3.91841125  0.70701792  0.54015022 43.5995403 ]
at minimum 4.3439 accepted 1  with params [-4.08370907  0.53452513  0.94495013 43.65264443]
at minimum 4.7298 accepted 0  with params [-3.95449752  0.60631654  0.9225053  44.06215686]
at minimum 4.8317 accepted 0  with params [-3.84260876  0.20154698  1.38373374 43.13398414]
at minimum 5.4732 accepted 0  with params [-3.99885597  0.99        1.48850852 43.61695585]
at minimum 3.6323 accepted 1  with params [-4.51229817  0.60337658  0.47991221 43.12137374]
at minimum 3.8226 accepted 0  with params [-4.02139918  0.48471114  0.13647262 43.50442034]
at minimum 7.6032 accepted 0  with params [-4.95023185  0.33584079  0.33377781 42.62200787]
at minimum 4.8509 accepted 1  with params [-4.46251798  0.90458919  1.02041714 43.27764187]
at minimum 4.8037 accepted 1  with params [-4.04378165  0.37267063  1.50993395 43.27912267]
at minimum 10.3867 accepted 0  with params [-3.923062    0.73451839  1.91997603 43.44428693]
at minimum 3.6702 accepted 1  with params [-4.42112824  0.43270642  1.20772449 43.69933423]
at minimum 3.7462 accepted 1  with params [-4.72962208  0.74043181  0.74683778 43.35154069]
at minimum 3.7903 accepted 1  with params [-4.60538626  0.26821746  1.10083393 42.9322726 ]
at minimum 3.8002 accepted 1  with params [-4.68795758  0.75227876  0.71970753 43.09578623]
at minimum 4.9255 accepted 1  with params [-4.31593134  0.98999975  0.31512188 43.55283818]
at minimum 4.7497 accepted 1  with params [-4.50289918  0.99        0.17950788 43.32609776]
at minimum 4.6774 accepted 1  with params [-4.01655736e+00  9.90000000e-01  1.00000000e-02  4.29787461e+01]
at minimum 4.7253 accepted 1  with params [-4.27966726  0.98999979  0.0735718  43.1920719 ]
at minimum 5.1257 accepted 1  with params [-4.12101872  0.98999995  0.5249498  43.68430272]
at minimum 3.6981 accepted 1  with params [-4.37419674e+00  4.83694619e-01  1.00000000e-02  4.40417068e+01]
at minimum 4.0836 accepted 0  with params [-4.47751601e+00  3.96578642e-01  1.00000000e-02  4.38849222e+01]
at minimum 4.6867 accepted 0  with params [-4.82446507  0.98999985  0.05830442 43.73011605]
at minimum 3.5665 accepted 1  with params [-4.11064287e+00  3.28854285e-01  1.00019664e-02  4.41249971e+01]
at minimum 3.4902 accepted 1  with params [-4.42659066  0.53854844  0.2857742  44.60831484]
at minimum 3.4525 accepted 1  with params [-4.29554950e+00  1.73345539e-01  1.00000000e-02  4.48632991e+01]
at minimum 3.6467 accepted 1  with params [-4.10603511  0.40313794  0.29989829 45.13891312]
at minimum 4.1673 accepted 1  with params [-3.73028546  0.13484383  0.04683093 45.59249084]
at minimum 4.7405 accepted 1  with params [-3.51557312e+00  3.44085837e-01  1.00000000e-02  4.59451327e+01]
at minimum 5.1789 accepted 1  with params [-3.28213649e+00  4.31482741e-02  1.00000000e-02  4.65460435e+01]
at minimum 898.1069 accepted 0  with params [-3.09312108e+00 -9.99999847e-02  1.00000000e-02  4.61763997e+01]
at minimum 4.9832 accepted 1  with params [-3.51366319  0.23241801  0.50711348 46.31021164]
at minimum 5.7530 accepted 1  with params [-3.79477289  0.78064839  1.07873308 46.66290112]
at minimum 5.7550 accepted 1  with params [-3.83411928  0.98539867  0.92884945 46.10689979]
at minimum 901427583342407.6250 accepted 0  with params [-3.34973356  0.98999998  1.40701071 45.83079123]
at minimum 5.8924 accepted 1  with params [-4.14850645  0.98999963  0.9099592  46.67832076]
at minimum 6.1581 accepted 1  with params [-4.09099897  0.98999991  1.17150121 47.16845506]
at minimum 5.7861 accepted 1  with params [-4.51624302  0.9899998   0.81269379 46.89734264]
at minimum 4.8014 accepted 1  with params [-4.55842692  0.73373798  1.22152586 46.74396924]
at minimum 6.2155 accepted 0  with params [-4.52125907  0.98999984  1.43336337 47.26475082]
at minimum 5.6326 accepted 0  with params [-4.43903828  0.93736474  1.02684127 46.60848858]
at minimum 4.0815 accepted 1  with params [-5.11263729  0.62429094  1.26129747 47.16900598]
at minimum 5.6931 accepted 0  with params [-4.99119876  0.95486123  1.65710299 46.67431413]
at minimum 4.1191 accepted 1  with params [-4.99698151  0.80241538  1.11911848 46.79554433]
at minimum 5.9859 accepted 0  with params [-4.93125853  0.99        1.29063511 47.25019481]
at minimum 12.3948 accepted 0  with params [-5.5019867   0.23247361  1.1561354  47.34010069]
at minimum 3.9200 accepted 1  with params [-4.80565727  0.44202024  1.29703169 46.53580707]
at minimum 4.6782 accepted 0  with params [-5.34212521  0.59436389  1.6777157  46.68379289]
at minimum 6.2231 accepted 0  with params [-4.75120228e+00  2.25481592e-03  9.73019596e-01  4.64292163e+01]
at minimum 4.3744 accepted 0  with params [-5.29881963  0.88883315  1.36691769 46.20436702]
at minimum 4.3468 accepted 1  with params [-5.1689283   0.70515556  0.74817729 46.2054044 ]
at minimum 4.3048 accepted 1  with params [-4.56134948  0.6512323   1.06774028 46.8224899 ]
at minimum 3.9239 accepted 1  with params [-4.81046255  0.7739849   0.8208709  46.29193562]
at minimum 3.7537 accepted 1  with params [-4.5194986   0.49629585  1.00087959 46.24524474]
at minimum 4.7324 accepted 0  with params [-4.88581466  0.49180732  0.84059171 45.83260474]
at minimum 3.6988 accepted 1  with params [-3.97833195e+00 -3.32228806e-02  5.33430765e-01  4.62847330e+01]
at minimum 4.8261 accepted 1  with params [-3.71251979  0.5103093   0.22647145 46.40457882]
at minimum 3.9926 accepted 1  with params [-3.97091076  0.28673933  0.60454256 45.96728329]
at minimum 6.1220 accepted 0  with params [-4.57018597 -0.1         0.39437431 45.59176329]
at minimum 5.5369 accepted 0  with params [-3.70658934  0.84219945  0.2761344  46.57969057]
at minimum 3.7973 accepted 1  with params [-4.48397505 -0.06061014  1.18051082 45.64510717]
at minimum 3.9280 accepted 1  with params [-4.51483271 -0.1         1.28321385 46.20582688]
at minimum 6.8704 accepted 0  with params [-4.66710569 -0.1         0.75884735 46.19852001]
at minimum 4.5475 accepted 1  with params [-4.90496407  0.30567952  1.39937483 45.72963596]
at minimum 12.3249 accepted 0  with params [-5.36332395e+00 -3.82763071e-02  1.75175946e+00  4.52824410e+01]
at minimum 3.9777 accepted 1  with params [-5.20571283  0.82028648  1.28934191 46.31670664]
at minimum 4.2228 accepted 1  with params [-5.379543    0.88550477  0.99281499 45.73223112]
at minimum 9.3574 accepted 0  with params [-5.72336823  0.47640963  0.95351451 45.34742482]
at minimum 4.6719 accepted 0  with params [-4.89747369  0.54414215  0.5561806  45.96450039]
at minimum 3.7310 accepted 1  with params [-4.93703495  0.64111849  1.07730708 45.510641  ]
at minimum 5.6577 accepted 0  with params [-5.17628469  0.47384134  1.33765583 46.00200695]
at minimum 5.0054 accepted 1  with params [-5.39504121  0.98999974  0.84823605 45.51214775]
at minimum 5.0201 accepted 1  with params [-5.27162462  0.98999999  1.07635562 44.98740474]
at minimum 4.6079 accepted 1  with params [-5.38414421  0.7757696   0.77118157 45.24354213]
at minimum 3.9913 accepted 1  with params [-4.89840644  0.43874636  1.33998483 45.69774863]
at minimum 5.0315 accepted 1  with params [-5.48576441  0.72812892  0.80497825 45.9392439 ]
at minimum 4.7874 accepted 1  with params [-6.          0.83505835  0.87363651 46.39498994]
