at minimum 7.4912 accepted 1  with params [-4.49999995  0.39999999  0.04999993 40.00000697]
at minimum 8.4801 accepted 1  with params [-4.62297279e+00  8.38506696e-01  1.00000000e-02  4.02192147e+01]
at minimum 9.0232 accepted 1  with params [-4.32627651e+00  9.89998024e-01  1.00000000e-02  4.03617660e+01]
at minimum 8.9533 accepted 1  with params [-4.0803243   0.71675123  0.39954664 40.82556494]
at minimum 8.7757 accepted 1  with params [-3.94814651  0.34926915  0.5761065  40.99606701]
at minimum 10.3944 accepted 0  with params [-3.46176385  0.72623625  0.79562404 41.33354561]
at minimum 8.9283 accepted 0  with params [-3.80216007  0.42711874  0.74854234 40.60314826]
at minimum 9.0053 accepted 0  with params [-3.99063153  0.06636102  0.63288014 40.96000431]
at minimum 9.0219 accepted 1  with params [-3.64963896  0.42542249  0.52468149 40.94054205]
at minimum 916.7180 accepted 0  with params [-3.19039959  0.68761327  0.28608176 41.38379079]
at minimum 9.3745 accepted 1  with params [-3.61832104  0.67763024  0.40597316 41.3997368 ]
at minimum 9.0992 accepted 1  with params [-3.90546793  0.49634106  0.64345297 41.61811339]
at minimum 9.2751 accepted 1  with params [-4.1717887   0.0995335   0.76822996 41.60048632]
at minimum 9.8135 accepted 1  with params [-4.07280046 -0.1         0.59482532 42.0244107 ]
at minimum 8.9671 accepted 1  with params [-3.95326003  0.34759262  0.62868419 41.71830489]
at minimum 8.8308 accepted 1  with params [-3.97678482  0.05134017  0.95415863 41.27450847]
at minimum 8.9716 accepted 1  with params [-3.84522189 -0.1         0.67393033 41.02238906]
at minimum 9.0550 accepted 1  with params [-3.56147983 -0.04207944  0.211018   41.36721059]
at minimum 9.3846 accepted 1  with params [-3.61177997 -0.09999997  0.08435631 41.84842278]
at minimum 9.0467 accepted 1  with params [-3.28769877e+00  1.15008199e-01  1.00000000e-02  4.19351747e+01]
at minimum 846.6014 accepted 0  with params [-3.13359846  0.37394475  0.19889462 41.56247264]
at minimum 972.2452 accepted 0  with params [-3.21385552e+00  2.28605160e-02  3.81757097e-01  4.15220488e+01]
at minimum 8.9672 accepted 1  with params [-3.31391207e+00  5.02283897e-01  1.00000000e-02  4.15179634e+01]
at minimum 9.3147 accepted 0  with params [-3.66500279e+00  9.78037305e-01  1.00000000e-02  4.13804019e+01]
at minimum 876.0484 accepted 0  with params [-3.13243554  0.42185534  0.29659376 41.8241563 ]
at minimum 892.7977 accepted 0  with params [-3.01760618e+00  3.90943397e-01  1.00000000e-02  4.17972853e+01]
at minimum 971.2205 accepted 0  with params [-3.21620388  0.36867835  0.38923088 41.26469007]
at minimum 852.9938 accepted 0  with params [-3.15695606e+00  9.76198909e-01  1.00004992e-02  4.14172235e+01]
at minimum 824.0976 accepted 0  with params [-3.00000000e+00  9.55171747e-01  1.00008797e-02  4.15904015e+01]
at minimum 9.6594 accepted 1  with params [-3.50807727  0.7004691   0.4892568  41.76359661]
at minimum 1408.4102 accepted 0  with params [-3.01858029  0.53192996  0.58143574 41.59599653]
at minimum 828.5226 accepted 0  with params [-3.07972152  0.67419309  0.05890648 41.80519662]
at minimum 77.2112 accepted 0  with params [-3.48577232  0.59982549  0.90873001 41.843671  ]
at minimum 9.8619 accepted 1  with params [-3.43512086  0.81623997  0.16560362 42.00256521]
at minimum 9.3291 accepted 1  with params [-3.85127665  0.54545704  0.09907969 42.23835674]
at minimum 9.3501 accepted 1  with params [-3.67685926  0.17716735  0.11544501 42.28761883]
at minimum 9.2964 accepted 1  with params [-3.72944252e+00  5.01498615e-01  1.00000000e-02  4.20517473e+01]
at minimum 9.5558 accepted 0  with params [-4.0788559   0.05066391  0.26373695 41.97653167]
at minimum 9.1172 accepted 1  with params [-3.26795140e+00  2.80006860e-01  1.00000000e-02  4.18476923e+01]
at minimum 9.3493 accepted 1  with params [-3.63713233e+00  1.02384184e-02  1.00000000e-02  4.17985050e+01]
at minimum 9.0589 accepted 1  with params [-3.99415686e+00  3.55911926e-01  1.00001701e-02  4.20015050e+01]
at minimum 8.5555 accepted 1  with params [-4.26223734e+00  4.40094191e-01  1.00000000e-02  4.15929138e+01]
at minimum 8.2515 accepted 1  with params [-4.58188758e+00  6.80960881e-01  3.03467850e-02  4.11982034e+01]
at minimum 9.1174 accepted 1  with params [-5.02962873e+00  9.67844081e-01  1.00000000e-02  4.15138946e+01]
at minimum 7.9172 accepted 1  with params [-4.7454688   0.65008762  0.19035116 41.29478829]
at minimum 6.5548 accepted 1  with params [-4.75566922e+00  1.77875620e-01  1.00000000e-02  4.15082776e+01]
at minimum 8.0447 accepted 0  with params [-5.10445477e+00  1.42155388e-01  1.00000003e-02  4.15949098e+01]
at minimum 9.0031 accepted 0  with params [-4.27137244  0.29810549  0.43627358 41.13490503]
at minimum 7.0664 accepted 1  with params [-5.01133638e+00  5.21043320e-01  1.89615531e-02  4.13005852e+01]
at minimum 8.1934 accepted 0  with params [-4.99157963e+00  8.18633607e-01  1.00006977e-02  4.10022313e+01]
at minimum 10.4366 accepted 0  with params [-5.17215065  0.06651538  0.50506034 40.75724944]
at minimum 9.3242 accepted 0  with params [-4.549468    0.95537154  0.42798294 41.59331707]
at minimum 9.3527 accepted 0  with params [-5.06971932  0.99        0.21100572 41.69639757]
at minimum 8.3736 accepted 1  with params [-5.22509416  0.31554215  0.41341294 41.29234631]
at minimum 14.8594 accepted 0  with params [-5.64867743e+00 -6.69148695e-02  1.00000281e-02  4.14225210e+01]
at minimum 8.8327 accepted 0  with params [-4.76587702  0.54028055  0.69988372 41.5506803 ]
at minimum 10.4940 accepted 0  with params [-4.87323193 -0.04494309  0.94704998 40.91449889]
at minimum 12.0688 accepted 0  with params [-5.30622635e+00 -2.65526445e-02  3.94125018e-01  4.13316685e+01]
at minimum 8.7163 accepted 0  with params [-4.91657815  0.63616389  0.73586103 41.84350631]
at minimum 12.3957 accepted 0  with params [-5.69495347  0.1050223   0.38584705 41.60908101]
at minimum 11.9150 accepted 0  with params [-5.15729348e+00 -6.68109136e-03  8.33357023e-01  4.09058028e+01]
at minimum 8.4552 accepted 1  with params [-4.81111848 -0.1         0.29381603 41.21661763]
at minimum 6.4013 accepted 1  with params [-4.63261270e+00 -1.00000000e-01  1.00000000e-02  4.15947908e+01]
at minimum 7.1991 accepted 1  with params [-5.09687871  0.44713283  0.22709466 41.59944857]
at minimum 7.4508 accepted 1  with params [-5.12861175  0.31325272  0.06381452 41.22057246]
at minimum 8.2213 accepted 1  with params [-5.54903599  0.51438923  0.57447253 40.80849739]
at minimum 7.7642 accepted 1  with params [-5.10389888  0.70814333  0.33889063 41.1892243 ]
at minimum 9.6000 accepted 1  with params [-4.56647132  0.99        0.74045993 41.415713  ]
at minimum 9.0667 accepted 1  with params [-4.3930172   0.82427456  0.43774441 41.56978009]
at minimum 9.0610 accepted 1  with params [-4.63282702  0.48362791  0.81477008 41.57280252]
at minimum 8.8690 accepted 1  with params [-4.68900398  0.56174761  1.0310156  41.28696628]
at minimum 9.7045 accepted 1  with params [-4.13381623  0.99        0.63240142 41.57560814]
at minimum 9.3020 accepted 1  with params [-3.92826344  0.70730256  0.64318502 41.49903408]
at minimum 9.8511 accepted 0  with params [-3.61175707  0.98999955  0.55586643 41.46238954]
at minimum 8.9253 accepted 1  with params [-4.0478445   0.58557702  0.7248301  40.94486565]
at minimum 8.7281 accepted 1  with params [-4.13767205  0.44541283  0.22648532 40.70833026]
at minimum 9.1172 accepted 0  with params [-3.68442191  0.77003961  0.06566534 40.75456223]
at minimum 9.6830 accepted 1  with params [-4.50787203 -0.07742137  0.50578653 40.49941022]
at minimum 8.6554 accepted 1  with params [-4.2977975  -0.1         0.20445265 40.18470218]
at minimum 6.5254 accepted 1  with params [-4.57162481e+00 -1.00000000e-01  1.00000000e-02  4.07307047e+01]
at minimum 7.8066 accepted 1  with params [-4.36834488e+00  2.67657531e-01  1.00001952e-02  4.04599947e+01]
at minimum 6.7351 accepted 1  with params [-4.71302096e+00  3.40409635e-01  1.00000000e-02  4.00668319e+01]
at minimum 7.9865 accepted 0  with params [-5.18827471  0.82227681  0.33345406 39.94000741]
at minimum 9.9447 accepted 0  with params [-4.82379507 -0.1         0.53790476 39.86091188]
at minimum 7.1188 accepted 1  with params [-4.65294553e+00  4.54121371e-01  1.00002352e-02  3.95532395e+01]
at minimum 8.1419 accepted 0  with params [-4.52459021e+00 -1.95512217e-02  2.84959288e-01  3.99435528e+01]
at minimum 8.8088 accepted 0  with params [-4.6897051   0.94641966  0.53075948 39.76836181]
at minimum 7.7650 accepted 1  with params [-4.98874911  0.76366574  0.17041473 39.64354747]
at minimum 8.2586 accepted 0  with params [-5.3070403   0.44199866  0.51358684 39.65064355]
at minimum 8.8381 accepted 0  with params [-5.38349128  0.99        0.32108597 39.74623869]
at minimum 6.7560 accepted 1  with params [-4.70330488e+00  3.55649841e-01  1.76569906e-02  3.91577508e+01]
at minimum 7.4633 accepted 1  with params [-4.65568445  0.25008924  0.28773475 38.97887007]
at minimum 7.5624 accepted 1  with params [-5.14711061e+00  4.12709298e-01  1.00000665e-02  3.87683193e+01]
at minimum 7.0214 accepted 1  with params [-4.74295809e+00  5.04999812e-01  1.00000000e-02  3.85253417e+01]
at minimum 6.9083 accepted 1  with params [-4.65395532e+00  3.99278241e-01  1.00001681e-02  3.87381646e+01]
at minimum 8.3885 accepted 0  with params [-4.24779989  0.36989277  0.4024189  38.75169169]
at minimum 7.8447 accepted 1  with params [-5.10402771e+00  8.08931401e-01  1.00000000e-02  3.92725192e+01]
at minimum 8.5168 accepted 1  with params [-5.56439904e+00  4.98192869e-01  1.00000000e-02  3.89602128e+01]
at minimum 7.9463 accepted 1  with params [-5.06527844  0.83629463  0.20029605 38.89931347]
at minimum 9.0664 accepted 0  with params [-5.22942562  0.30887507  0.5508631  38.65163026]
at minimum 7.7542 accepted 1  with params [-5.54997524  0.66434277  0.18667451 38.50740128]
at minimum 7.4863 accepted 1  with params [-5.09935959  0.39785735  0.16918579 38.58579322]
at minimum 7.9734 accepted 0  with params [-5.08489064  0.8022467   0.68801281 38.19311341]
at minimum 8.6944 accepted 1  with params [-5.52400693e+00  9.89999779e-01  1.00005491e-02  3.91695609e+01]
at minimum 8.3113 accepted 1  with params [-5.51200117e+00  5.23057818e-01  1.00000000e-02  3.86641872e+01]
at minimum 8.0338 accepted 1  with params [-5.39314448  0.48623931  0.17733108 39.19963316]
at minimum 8.7065 accepted 0  with params [-5.5874801   0.46596282  0.10844838 39.22316038]
at minimum 8.8001 accepted 1  with params [-5.53662863e+00  9.90000000e-01  1.00000000e-02  3.96930150e+01]
at minimum 8.9963 accepted 0  with params [-4.9203496   0.99        0.41676643 40.13078013]
at minimum 8.5512 accepted 1  with params [-5.06410799e+00  9.38213692e-01  1.00000000e-02  3.97744018e+01]
at minimum 7.8488 accepted 1  with params [-5.08563252  0.78603786  0.37950161 39.23217668]
at minimum 6.9232 accepted 1  with params [-4.92156191  0.33730371  0.06912029 38.97501065]
at minimum 7.7509 accepted 0  with params [-5.05426555e+00  2.06777730e-01  1.00001865e-02  3.93777307e+01]
at minimum 6.5557 accepted 1  with params [-4.70169713e+00  1.28124737e-01  1.00000038e-02  3.95758237e+01]
at minimum 7.0292 accepted 1  with params [-4.96338011e+00  5.14326633e-01  1.00000000e-02  3.91080258e+01]
at minimum 6.7034 accepted 1  with params [-4.79019560e+00  3.40490964e-01  1.00000000e-02  3.91060304e+01]
at minimum 7.3957 accepted 1  with params [-4.83272833e+00 -1.00000000e-01  1.00000000e-02  3.95703579e+01]
at minimum 13.3662 accepted 0  with params [-5.38435984 -0.1         0.20038139 40.11627418]
at minimum 7.3000 accepted 1  with params [-4.45677917 -0.1         0.12306592 39.60102879]
at minimum 8.6811 accepted 0  with params [-4.05510058  0.48830249  0.31974606 40.14312817]
at minimum 8.2152 accepted 0  with params [-4.9803276   0.26367158  0.42088053 38.98476189]
at minimum 8.1962 accepted 0  with params [-4.18473721e+00 -1.00000000e-01  1.00000000e-02  3.97718343e+01]
at minimum 6.8207 accepted 1  with params [-4.84305059e+00  4.17314136e-01  1.00027815e-02  3.92270430e+01]
at minimum 9.5051 accepted 0  with params [-5.18607979e+00  8.47156721e-02  1.00001186e-02  3.89440790e+01]
at minimum 7.3409 accepted 0  with params [-5.07013208  0.62236751  0.25678626 39.17927289]
at minimum 7.5469 accepted 1  with params [-4.96177026  0.11632883  0.05838708 38.82839059]
at minimum 10.8630 accepted 0  with params [-5.22194902e+00  2.70429095e-02  3.57306121e-01  3.85616730e+01]
at minimum 9.4660 accepted 0  with params [-4.64964469 -0.1         0.54604933 38.66189442]
at minimum 7.6183 accepted 1  with params [-4.65101050e+00  6.17613506e-01  1.00000235e-02  3.93616260e+01]
at minimum 7.5277 accepted 1  with params [-5.07859678e+00  7.19533699e-01  1.00000000e-02  3.93498114e+01]
at minimum 8.5791 accepted 1  with params [-4.4904856   0.83460074  0.47544852 39.67556569]
at minimum 8.2907 accepted 1  with params [-4.47399715  0.61324528  0.31332565 39.91108271]
at minimum 8.4360 accepted 1  with params [-4.2640777   0.48767332  0.91881811 39.580293  ]
at minimum 8.5321 accepted 1  with params [-4.23887368  0.47460944  1.01710782 39.90866808]
at minimum 8.7335 accepted 1  with params [-4.79479447  0.88393452  0.85135691 40.28410421]
at minimum 8.5784 accepted 1  with params [-4.55566211  0.51752089  1.09010085 40.20252795]
at minimum 9.6316 accepted 0  with params [-4.0282558   0.91793055  1.55236273 39.80530523]
at minimum 8.8879 accepted 1  with params [-4.24675861  0.79839239  0.78695696 40.09647212]
at minimum 8.6011 accepted 1  with params [-4.25402204  0.75293653  0.33904835 39.74450723]
at minimum 8.7339 accepted 1  with params [-4.08346638e+00  9.01289239e-01  1.00000891e-02  3.93804046e+01]
at minimum 9.0633 accepted 1  with params [-3.94063578  0.99        0.52366874 39.21047984]
at minimum 8.9115 accepted 1  with params [-3.63689477  0.63872327  0.63788021 39.23917539]
at minimum 8.7886 accepted 1  with params [-3.61575511  0.06530388  1.06782136 38.8309202 ]
at minimum 234013405.4397 accepted 0  with params [-3.46262944  0.64908274  1.40779629 38.41204367]
at minimum 8.7996 accepted 1  with params [-4.08047891 -0.1         0.76945734 38.93423953]
at minimum 8.9139 accepted 1  with params [-3.77208765 -0.1         0.21171465 39.49270929]
at minimum 8.6696 accepted 1  with params [-3.70123297 -0.1         0.32566267 39.37694108]
at minimum 8.7287 accepted 1  with params [-4.01017961 -0.0430662   0.76632386 39.52260393]
at minimum 8.6798 accepted 1  with params [-3.66414652  0.50118158  0.42208153 39.48311071]
at minimum 9.1956 accepted 1  with params [-4.04943701 -0.05254446  0.50886501 39.96451371]
at minimum 8.6403 accepted 1  with params [-4.14475307  0.38283343  0.32300493 40.07305937]
