at minimum 5.4207 accepted 1  with params [-4.50000013  0.39999996  0.05       39.99999749]
at minimum 6.2088 accepted 1  with params [-4.20921702e+00  3.07575042e-02  1.20958148e-02  4.03389689e+01]
at minimum 4.8621 accepted 1  with params [-4.62255688 -0.1         0.43485322 39.8664647 ]
at minimum 4.1121 accepted 1  with params [-4.67401264e+00 -3.65357929e-03  1.26240412e-01  3.98937215e+01]
at minimum 5.6196 accepted 0  with params [-4.78143325e+00 -9.99998127e-02  1.00000050e-02  3.95610127e+01]
at minimum 3.7822 accepted 1  with params [-4.99257142  0.32990053  0.30552956 39.83664984]
at minimum 11.0758 accepted 0  with params [-5.29264903 -0.1         0.37490299 39.90977729]
at minimum 4.7343 accepted 1  with params [-4.86263547e+00  1.39689481e-01  1.00000000e-02  3.98709937e+01]
at minimum 4.4224 accepted 1  with params [-4.49669478e+00 -3.60692449e-02  2.13424019e-01  3.99955103e+01]
at minimum 6.7326 accepted 0  with params [-4.87838518e+00 -9.99999763e-02  1.00000000e-02  4.01187916e+01]
at minimum 4.3115 accepted 1  with params [-4.7229833   0.40377952  0.53294661 39.86259034]
at minimum 5.0301 accepted 0  with params [-4.42294052  0.30677076  0.1654173  39.49059495]
at minimum 5.6606 accepted 0  with params [-4.92439028e+00 -2.98460478e-02  4.75772488e-01  3.98981221e+01]
at minimum 8.9538 accepted 0  with params [-5.12731735 -0.06445927  0.18491347 39.90801809]
at minimum 7.6585 accepted 0  with params [-5.04665357 -0.07002818  0.42231863 39.81732606]
at minimum 6.2385 accepted 1  with params [-4.81639272  0.72254915  0.96528277 40.14503398]
at minimum 5.7074 accepted 1  with params [-5.0213589   0.72140589  1.08801539 40.15310712]
at minimum 4.4708 accepted 1  with params [-4.94193113  0.57454241  0.72242063 39.99683946]
at minimum 5.2595 accepted 1  with params [-5.26535674  0.34014163  0.36855132 40.04005492]
at minimum 4.2636 accepted 1  with params [-5.05521107  0.64576941  0.52141553 39.71168442]
at minimum 5.5214 accepted 0  with params [-5.12031669  0.77908167  0.82999222 39.91813128]
at minimum 4.0387 accepted 1  with params [-5.10571132  0.57366184  0.13805395 39.28859114]
at minimum 4.2908 accepted 1  with params [-5.17645492  0.67336129  0.22844546 38.86034948]
at minimum 4.1757 accepted 1  with params [-4.96481800e+00  5.23057617e-01  1.00000000e-02  3.92436039e+01]
at minimum 5.5764 accepted 1  with params [-4.95075190e+00  1.37248941e-01  1.00000363e-02  3.95185845e+01]
at minimum 4.3919 accepted 1  with params [-4.47209222 -0.1         0.14520122 39.34455909]
at minimum 5.6817 accepted 0  with params [-4.26039282e+00 -9.99998583e-02  1.00002587e-02  3.95248584e+01]
at minimum 7.5811 accepted 1  with params [-4.92365197e+00 -9.99999076e-02  1.00000000e-02  3.94211409e+01]
at minimum 7.6220 accepted 1  with params [-5.31573512  0.15870394  0.47231816 39.52974972]
at minimum 3.5496 accepted 1  with params [-4.88473407  0.41335717  0.29071842 39.89772104]
at minimum 4.6655 accepted 0  with params [-4.7445949  -0.0444807   0.3764025  40.10343293]
at minimum 8.2148 accepted 0  with params [-5.26707228e+00  1.84058839e-01  1.00000000e-02  3.94488916e+01]
at minimum 4.2124 accepted 0  with params [-5.26077817  0.67145305  0.72276739 40.04461942]
at minimum 4.3800 accepted 0  with params [-4.85440821  0.41498295  0.7776974  40.35008379]
at minimum 6.2487 accepted 0  with params [-5.14271561  0.86321038  0.58997336 39.63471791]
at minimum 6.8665 accepted 0  with params [-5.05824615e+00  9.08222958e-01  1.00000000e-02  3.95383832e+01]
at minimum 6.6643 accepted 0  with params [-5.27389293  0.89813649  0.5889531  39.90091048]
at minimum 4.4774 accepted 0  with params [-4.70495738  0.35600374  0.60920884 39.94454699]
at minimum 4.4625 accepted 0  with params [-5.06750094e+00  4.20726770e-01  1.00000000e-02  4.00681357e+01]
at minimum 6.1311 accepted 0  with params [-4.78836002e+00  7.75165838e-01  3.91003823e-02  3.95954433e+01]
at minimum 9.1211 accepted 0  with params [-5.36553414  0.05443392  0.75468265 39.77874682]
at minimum 4.6340 accepted 1  with params [-4.46804969e+00 -1.34040923e-02  3.23338843e-01  3.98778563e+01]
at minimum 6.2438 accepted 0  with params [-3.9831102  -0.09999995  0.6534769  40.08225411]
at minimum 5.4552 accepted 1  with params [-4.36808082e+00 -9.99980485e-02  1.00035629e-02  3.98490870e+01]
at minimum 6.7266 accepted 0  with params [-3.99110428e+00 -1.00000000e-01  1.00000000e-02  4.01967120e+01]
at minimum 6.4577 accepted 0  with params [-3.9077987   0.15147243  0.47956036 39.65528165]
at minimum 4.7954 accepted 1  with params [-4.51156961 -0.1         0.35566089 39.89708506]
at minimum 5.7700 accepted 0  with params [-4.84061234 -0.1         0.55624955 40.28653539]
at minimum 5.7303 accepted 1  with params [-4.10247708  0.09914017  0.60565855 39.50150403]
at minimum 7.0302 accepted 0  with params [-3.72416392e+00  1.96969420e-02  4.97954849e-01  3.97499476e+01]
at minimum 7.4001 accepted 0  with params [-3.69816991  0.11876095  0.56488195 39.93928347]
at minimum 4.5834 accepted 1  with params [-4.46768619  0.16059131  0.68642813 39.32832769]
at minimum 5.1569 accepted 0  with params [-4.61047609  0.52449403  0.55878636 39.54144868]
at minimum 4.6609 accepted 1  with params [-4.29483812e+00  2.42394691e-03  6.04216648e-01  3.90798269e+01]
at minimum 4.0902 accepted 1  with params [-4.66158209  0.05513999  1.01835718 38.88185376]
at minimum 4.5971 accepted 1  with params [-4.89023315  0.46927528  1.20694172 39.32074474]
at minimum 7.1019 accepted 0  with params [-4.53836488  0.79779069  0.87669158 39.19836216]
at minimum 6.5889 accepted 0  with params [-4.6430068   0.64096761  1.19626591 39.56079889]
at minimum 7.3854 accepted 1  with params [-4.60223777  0.59829819  1.65156746 39.62117219]
at minimum 8.3294 accepted 1  with params [-4.86928317  0.95040459  2.         39.29993134]
at minimum 8.3224 accepted 1  with params [-4.76917831  0.98249999  2.         38.952318  ]
at minimum 8.3392 accepted 1  with params [-5.20806362  0.99        2.         39.14657234]
at minimum 8.2521 accepted 1  with params [-5.54273498  0.99        1.99999984 39.43954765]
at minimum 8.2922 accepted 1  with params [-5.27032147  0.99        2.         39.11269906]
at minimum 3.9138 accepted 1  with params [-5.59363504  0.63902317  1.78588649 38.67472856]
at minimum 4.7693 accepted 0  with params [-5.14382509  0.49869949  2.         38.74187525]
at minimum 5.7711 accepted 0  with params [-5.51902762  0.2842525   1.44557326 38.78778434]
at minimum 4.2996 accepted 1  with params [-5.72980403  0.51129085  1.49180643 38.71576987]
at minimum 4.4634 accepted 1  with params [-6.          0.60099142  1.11921549 39.11900621]
at minimum 4.0320 accepted 1  with params [-5.99999989  0.68202843  1.43746757 38.95811588]
at minimum 5.4959 accepted 0  with params [-5.99028681  0.85851015  1.68994114 39.00693775]
at minimum 7.0688 accepted 0  with params [-6.          0.96340908  1.82388753 38.7531414 ]
at minimum 4.3727 accepted 1  with params [-5.56998997  0.46082994  1.29332558 38.88745246]
at minimum 12.4198 accepted 0  with params [-5.98694215e+00  3.87493483e-02  1.21533162e+00  3.90672082e+01]
at minimum 3.7237 accepted 1  with params [-5.62837829  0.55954592  1.58967321 38.99245052]
at minimum 4.8580 accepted 1  with params [-5.37400672  0.71644096  1.66397386 39.11581065]
at minimum 4.2716 accepted 1  with params [-5.49271286  0.68074535  1.48437133 39.38193486]
at minimum 8.2104 accepted 0  with params [-5.40033141  0.99        1.52013818 39.5919615 ]
at minimum 4.9686 accepted 1  with params [-5.56946217  0.38905553  1.31774673 39.46712671]
at minimum 4.0610 accepted 1  with params [-5.12471544  0.23879726  1.4545395  39.1673483 ]
at minimum 4.5257 accepted 1  with params [-5.40727411  0.33570446  1.43643234 39.05073919]
at minimum 4.8663 accepted 0  with params [-5.08774464  0.48364616  1.80812984 39.46446439]
at minimum 5.7390 accepted 1  with params [-5.20386086  0.77861599  1.50217004 39.1059717 ]
at minimum 8.1470 accepted 0  with params [-5.0268623   0.99        1.51993386 38.90653446]
at minimum 6.4430 accepted 0  with params [-4.94330651  0.74912688  1.55583807 38.79956416]
at minimum 5.8533 accepted 1  with params [-5.13038625  0.82646414  1.15021348 38.75603279]
at minimum 6.6980 accepted 1  with params [-4.73930263  0.72760421  1.482533   38.33303609]
at minimum 5.1105 accepted 1  with params [-4.8287772   0.4985495   1.47068347 38.27819957]
at minimum 3.8266 accepted 1  with params [-4.75762528  0.27725862  1.05850931 38.13652464]
at minimum 5.7557 accepted 0  with params [-4.31087061  0.1653819   1.17557215 38.03395652]
at minimum 3.9472 accepted 1  with params [-4.55995578 -0.1         0.93383338 37.84363437]
at minimum 4.1686 accepted 0  with params [-4.37967369e+00 -1.95664111e-02  7.67883128e-01  3.80997333e+01]
at minimum 5.3565 accepted 0  with params [-4.78321924 -0.09999995  0.48861884 37.54112614]
at minimum 4.5879 accepted 0  with params [-4.40803816 -0.1         1.1964675  37.60098681]
at minimum 4.1644 accepted 1  with params [-4.80977093  0.10768559  0.69357236 37.81980329]
at minimum 3.9548 accepted 1  with params [-4.54615872  0.23462739  0.42922393 37.85210724]
at minimum 4.4755 accepted 0  with params [-4.92714834  0.21841872  0.22038703 38.11576123]
at minimum 4.9348 accepted 1  with params [-4.4764767   0.54393704  0.2667198  37.57631682]
at minimum 4.1475 accepted 1  with params [-4.39524356  0.11456427  0.61891588 37.65501065]
at minimum 4.8283 accepted 1  with params [-4.29156954  0.2879261   0.52726158 37.80995986]
at minimum 4.7373 accepted 1  with params [-4.35811489  0.19343317  0.06997056 37.80678173]
at minimum 5.8910 accepted 0  with params [-4.04136525  0.35030794  0.04587962 37.36069403]
at minimum 5.2778 accepted 0  with params [-4.01405112 -0.1         0.19503584 38.12832517]
at minimum 5.0747 accepted 1  with params [-4.21228151  0.20936802  0.23938624 38.16924814]
at minimum 5.7928 accepted 1  with params [-4.57170368e+00  6.94351223e-01  1.00001235e-02  3.81579699e+01]
at minimum 6.5052 accepted 1  with params [-5.04396881  0.93002037  0.19503198 38.02454509]
at minimum 7.2222 accepted 1  with params [-4.57360063e+00  9.89999425e-01  1.00010498e-02  3.81943534e+01]
at minimum 5.6213 accepted 1  with params [-4.92716373e+00  7.89927913e-01  3.09278752e-02  3.85595846e+01]
at minimum 6.3164 accepted 1  with params [-4.71018275e+00  8.18986954e-01  1.00000243e-02  3.87652035e+01]
at minimum 7.7099 accepted 1  with params [-4.70508666  0.99        0.4693869  38.84751427]
at minimum 6.7483 accepted 1  with params [-4.22913137  0.7165205   0.54439247 38.59400216]
at minimum 5.1759 accepted 1  with params [-4.60895094  0.6484125   0.38044796 38.25670298]
at minimum 5.7389 accepted 1  with params [-4.12325467  0.35247218  0.34414146 38.73177733]
at minimum 4.5222 accepted 1  with params [-4.57624533e+00  1.27535083e-02  1.00000000e-02  3.91054756e+01]
at minimum 4.8403 accepted 1  with params [-4.37730321 -0.1         0.4608721  39.38084279]
at minimum 4.2475 accepted 1  with params [-4.58557613e+00  1.31172611e-02  3.41905939e-01  3.94081483e+01]
at minimum 4.5725 accepted 1  with params [-4.68645548 -0.1         0.09868616 39.65802668]
at minimum 6.1087 accepted 0  with params [-4.2068836   0.31851761  0.22589992 40.09107783]
at minimum 5.2129 accepted 1  with params [-4.42949550e+00 -5.33209443e-02  1.00000000e-02  4.01011816e+01]
at minimum 6.6033 accepted 0  with params [-4.06754339e+00  3.56067677e-02  1.00000000e-02  4.02565175e+01]
at minimum 5.1984 accepted 1  with params [-4.40476013 -0.1         0.50705376 40.44111892]
at minimum 4.5445 accepted 1  with params [-4.65510874  0.15798474  0.75834891 40.27832911]
at minimum 4.7649 accepted 1  with params [-4.93204521  0.07285698  0.4646893  40.69012912]
at minimum 11.6898 accepted 0  with params [-5.4063653  -0.09999923  0.93168416 40.21358603]
at minimum 3.9196 accepted 1  with params [-5.12914941  0.47425368  0.17211564 40.76179076]
at minimum 4.4494 accepted 1  with params [-4.75505222e+00  4.94889071e-03  3.70809352e-01  4.08128543e+01]
at minimum 5.3437 accepted 0  with params [-4.43427119e+00  6.60554869e-03  1.00000000e-02  4.08009981e+01]
at minimum 4.6969 accepted 1  with params [-4.73995003  0.2294204   0.72031352 41.16347262]
at minimum 5.1773 accepted 0  with params [-4.49265801  0.1995817   0.30739661 41.44133835]
at minimum 5.1934 accepted 1  with params [-5.04196221  0.08981263  1.10719342 40.7460168 ]
at minimum 12.5565 accepted 0  with params [-5.52994587 -0.1         1.10157472 40.39632358]
at minimum 4.9903 accepted 1  with params [-5.35850489  0.37438336  0.6180531  40.4078256 ]
at minimum 10.0859 accepted 0  with params [-5.53462503  0.11043473  0.33295428 39.98556101]
at minimum 6.0556 accepted 0  with params [-5.60313542  0.85277812  0.53452863 40.59093009]
at minimum 4.7679 accepted 1  with params [-5.23178316  0.27139417  0.86059422 40.8299853 ]
at minimum 4.9861 accepted 0  with params [-4.74724607  0.43767468  0.64356503 41.10253707]
at minimum 5.7092 accepted 1  with params [-5.72352665  0.42025307  0.76334006 41.28069598]
at minimum 6.1221 accepted 1  with params [-5.30399654  0.81923528  0.62836764 41.53322369]
at minimum 7.3879 accepted 0  with params [-5.21322936  0.90214772  0.507955   41.37094419]
at minimum 5.9577 accepted 1  with params [-4.99435889  0.75048016  0.20632686 41.54772299]
at minimum 8.7975 accepted 0  with params [-5.3301293   0.98999997  0.29493358 41.66209038]
at minimum 8.8938 accepted 0  with params [-4.64478731  0.98999918  0.56753124 41.09905363]
at minimum 5.9755 accepted 1  with params [-4.76276537  0.64843055  0.62512786 41.37010267]
at minimum 4.6204 accepted 1  with params [-4.94600105  0.29597354  0.9809564  41.39797207]
at minimum 4.1335 accepted 1  with params [-4.90234529  0.30551518  0.61431298 41.86609351]
at minimum 7.6128 accepted 0  with params [-5.08778246 -0.1         0.97717786 42.21926092]
at minimum 5.3168 accepted 0  with params [-5.05788126  0.14107064  0.2104588  42.21955467]
at minimum 11.1772 accepted 0  with params [-5.36914016 -0.09999923  1.07478606 42.21567022]
at minimum 5.5045 accepted 1  with params [-4.42771945e+00  2.68387741e-02  3.45505969e-01  4.19489053e+01]
at minimum 6.7487 accepted 1  with params [-4.05326576 -0.09999986  0.25310972 42.1709867 ]
at minimum 7.6716 accepted 0  with params [-4.18241252e+00  2.38308389e-01  1.00000000e-02  4.27110319e+01]
