at minimum 4.4764 accepted 1  with params [-4.50000001  0.4         0.05       39.99999985]
at minimum 4.5694 accepted 0  with params [-4.50052111e+00  3.00210780e-01  1.00004322e-02  4.03591563e+01]
at minimum 5.0307 accepted 0  with params [-4.60401197 -0.09694635  0.30182699 40.43277356]
at minimum 4.9835 accepted 0  with params [-4.34173867e+00  7.41107325e-01  1.00000000e-02  3.98848784e+01]
at minimum 4.9677 accepted 0  with params [-4.27956348e+00  7.15193346e-01  1.00000000e-02  4.01014752e+01]
at minimum 3.5866 accepted 1  with params [-4.29887335  0.31749462  0.2654701  40.39876015]
at minimum 4.1830 accepted 0  with params [-4.32856579  0.52486713  0.1699243  39.93923921]
at minimum 3.3328 accepted 1  with params [-4.36100161  0.11919956  0.29287874 40.503862  ]
at minimum 3.3937 accepted 1  with params [-4.43273849 -0.1         0.67231029 40.87654797]
at minimum 4.7652 accepted 1  with params [-4.59116864 -0.1         0.51552191 40.37799755]
at minimum 3.8885 accepted 1  with params [-4.17004621  0.05872404  0.10998547 40.63621696]
at minimum 3.2608 accepted 1  with params [-4.34011056  0.32030018  0.59884426 40.70216712]
at minimum 3.4922 accepted 1  with params [-4.45300365  0.49613106  0.58996713 41.03219931]
at minimum 5.7108 accepted 0  with params [-4.0151628   0.6268416   1.04609491 40.78956588]
at minimum 3.1155 accepted 1  with params [-4.51424959  0.17741023  0.48135675 41.23878188]
at minimum 4.2018 accepted 1  with params [-4.10158672 -0.09999999  0.76883318 40.98445948]
at minimum 3.4053 accepted 1  with params [-4.46311963 -0.1         0.80266171 40.53998632]
at minimum 2.9821 accepted 1  with params [-4.65660636  0.27915372  0.91060685 41.02813115]
at minimum 4.1196 accepted 0  with params [-4.45527032  0.10199943  1.24827644 41.15506645]
at minimum 3.6928 accepted 0  with params [-4.82180173  0.54657489  1.37300239 40.70035583]
at minimum 3.1049 accepted 1  with params [-4.30405875  0.23638353  0.51643797 40.52974845]
at minimum 4.6586 accepted 1  with params [-3.84605350e+00  7.13399482e-03  1.11307077e-01  4.04544869e+01]
at minimum 4.6611 accepted 1  with params [-4.00763157e+00 -1.00000000e-01  1.00000000e-02  4.07006751e+01]
at minimum 4.4026 accepted 1  with params [-4.26316320e+00  1.53500628e-01  1.00000000e-02  4.07208478e+01]
at minimum 4.3960 accepted 1  with params [-4.30305900e+00  1.16630440e-01  1.00000000e-02  4.08067017e+01]
at minimum 4.6685 accepted 1  with params [-4.58847152e+00  4.42686251e-01  1.00000000e-02  4.08977485e+01]
at minimum 5.2997 accepted 1  with params [-4.83752682e+00  5.45942561e-01  1.00000259e-02  4.13307477e+01]
at minimum 8.6625 accepted 0  with params [-4.98750907  0.05217198  0.25003587 41.7938388 ]
at minimum 5.6056 accepted 1  with params [-4.42980554  0.91402429  0.29366114 41.37866304]
at minimum 5.9118 accepted 1  with params [-4.91135287  0.99        0.44796315 41.59007074]
at minimum 5.8662 accepted 1  with params [-5.06457255  0.99        0.19246747 41.85070052]
at minimum 5.3627 accepted 1  with params [-4.83158901e+00  8.89395383e-01  1.00000000e-02  4.18233491e+01]
at minimum 5.8067 accepted 1  with params [-4.84552269e+00  9.89999913e-01  1.00001585e-02  4.16967499e+01]
at minimum 5.7836 accepted 1  with params [-5.31967877e+00  9.89999306e-01  1.00003194e-02  4.17013825e+01]
at minimum 5.3736 accepted 1  with params [-4.96130107  0.91302864  0.14856317 41.63959336]
at minimum 4.6985 accepted 1  with params [-4.63502843e+00  5.17523833e-01  1.00000642e-02  4.11599178e+01]
at minimum 5.4461 accepted 0  with params [-4.68315009e+00  1.78002665e-01  1.00000000e-02  4.13652511e+01]
at minimum 3.4359 accepted 1  with params [-4.37533971  0.43073446  0.49052102 41.35713373]
at minimum 4.0415 accepted 0  with params [-4.09251541  0.28840685  0.47285127 40.99519649]
at minimum 3.5808 accepted 1  with params [-4.37192053e+00 -3.71796255e-02  2.04319429e-01  4.11490107e+01]
at minimum 4.8846 accepted 0  with params [-3.93240037  0.44750389  0.11374704 40.88893299]
at minimum 4.1476 accepted 1  with params [-4.16725485  0.34373505  0.61561427 41.46521359]
at minimum 5.7878 accepted 0  with params [-3.88003759  0.66895455  0.82956228 41.00316559]
at minimum 3.6315 accepted 1  with params [-4.48815159  0.4248109   0.28611705 41.06522862]
at minimum 8.0388 accepted 0  with params [-4.85018896e+00  7.11048905e-02  1.00002170e-02  4.15032467e+01]
at minimum 5.5053 accepted 0  with params [-4.97789093e+00  7.15642292e-01  1.00000000e-02  4.08401801e+01]
at minimum 5.1119 accepted 0  with params [-4.9731005   0.7303264   0.16497655 41.4511787 ]
at minimum 4.9029 accepted 1  with params [-4.19773748e+00  6.14023257e-01  1.00000000e-02  4.09247311e+01]
at minimum 5.4440 accepted 0  with params [-3.76745879e+00  7.60530877e-01  1.00000000e-02  4.05680552e+01]
at minimum 3.9785 accepted 1  with params [-4.66531548  0.19591896  0.34783749 41.10460934]
at minimum 12.5669 accepted 0  with params [-5.1709267  -0.1         0.62566592 40.55297507]
at minimum 3.8358 accepted 1  with params [-4.13603566  0.23577017  0.56594832 40.56377826]
at minimum 3.6078 accepted 1  with params [-4.16972092 -0.1         0.18218352 40.62537046]
at minimum 5.5512 accepted 0  with params [-3.64848019e+00 -9.99998445e-02  1.00002840e-02  4.08997883e+01]
at minimum 3.9933 accepted 1  with params [-4.07787474 -0.08289459  0.10638658 40.08489582]
at minimum 4.4521 accepted 1  with params [-4.11092995e+00 -9.99998241e-02  2.90395485e-02  3.95449489e+01]
at minimum 5.0025 accepted 1  with params [-4.48676627e+00  5.92796644e-02  1.00014526e-02  3.97655748e+01]
at minimum 4.5555 accepted 1  with params [-4.23779747e+00 -9.99999987e-02  1.00000101e-02  3.98247054e+01]
at minimum 5.2518 accepted 1  with params [-3.74625908e+00 -9.99988418e-02  1.00018477e-02  3.95704755e+01]
at minimum 4.2953 accepted 1  with params [-3.86912644 -0.1         0.17297944 39.85997889]
at minimum 3.5995 accepted 1  with params [-4.16904876  0.07124773  0.65051945 39.56333945]
at minimum 3.6697 accepted 1  with params [-4.2734495   0.31729368  0.25817307 39.66595335]
at minimum 4.9378 accepted 0  with params [-4.33477325e+00  7.18694880e-01  1.00000823e-02  4.01132313e+01]
at minimum 3.9536 accepted 1  with params [-4.62616368  0.54412346  0.36101245 39.52770645]
at minimum 5.2770 accepted 1  with params [-4.67314706  0.90156913  0.25635783 39.15995964]
at minimum 4.5218 accepted 1  with params [-4.59686453  0.66221707  0.20973856 39.64582291]
at minimum 4.5829 accepted 1  with params [-4.18568691e+00  4.23167184e-01  1.00000000e-02  3.95325587e+01]
at minimum 3.5715 accepted 1  with params [-4.28998741  0.34431424  0.32812876 39.60610685]
at minimum 4.1019 accepted 1  with params [-4.17671338  0.31475297  0.71630796 39.56772423]
at minimum 4.7990 accepted 0  with params [-4.45777366  0.78254323  0.43808658 39.04221721]
at minimum 4.1831 accepted 1  with params [-4.69540944  0.61602733  1.18738586 39.76007002]
at minimum 5.3255 accepted 1  with params [-4.26446129  0.49440518  1.39364987 39.97059859]
at minimum 5.8856 accepted 1  with params [-4.09867281  0.71594596  1.36790731 40.17015299]
at minimum 4.2917 accepted 1  with params [-4.61759364  0.38607169  1.58858999 40.6216698 ]
at minimum 4.0594 accepted 1  with params [-4.83773779 -0.1         1.76758188 41.15591353]
at minimum 4.4961 accepted 1  with params [-4.45466292  0.29793565  1.38874274 41.37371629]
at minimum 6.1508 accepted 0  with params [-4.0484066   0.68181547  1.52242216 41.17915189]
at minimum 5.8810 accepted 0  with params [-4.48160007  0.69437332  1.66543795 41.63375024]
at minimum 5.5420 accepted 0  with params [-4.22638648  0.38272157  1.40077433 41.78179021]
at minimum 4.0158 accepted 1  with params [-4.92151456  0.48586727  1.92876566 40.94438218]
at minimum 5.6709 accepted 0  with params [-4.64135189  0.64834089  2.         41.29518507]
at minimum 5.7938 accepted 0  with params [-4.80639845  0.78901571  2.         41.34706113]
at minimum 4.4280 accepted 0  with params [-5.09736183  0.69059812  2.         40.52309029]
at minimum 5.2123 accepted 1  with params [-4.59504767  0.43433363  2.         40.88273888]
at minimum 5.9639 accepted 1  with params [-4.44010804  0.70846333  1.7410879  41.34342224]
at minimum 6.4468 accepted 1  with params [-4.07869249  0.72979314  1.83487814 41.70739104]
at minimum 6.6398 accepted 1  with params [-4.03744405  0.87367745  1.70869005 42.086559  ]
at minimum 6.3153 accepted 1  with params [-4.59297646  0.86104939  1.70624577 42.12640455]
at minimum 3.5502 accepted 1  with params [-4.88858093  0.47736819  1.55659448 41.61011973]
at minimum 4.5988 accepted 0  with params [-4.78032812  0.51216417  1.76387147 41.79928737]
at minimum 4.5755 accepted 0  with params [-5.0717918   0.7860468   1.40008347 42.08144077]
at minimum 5.9090 accepted 0  with params [-5.10890943  0.15074822  1.29850393 41.47014253]
at minimum 4.5307 accepted 1  with params [-4.71037056  0.14497908  2.         41.57279393]
at minimum 5.9118 accepted 1  with params [-4.30656098  0.28235562  2.         42.01329763]
at minimum 5.9099 accepted 1  with params [-4.85545901  0.818846    1.99999819 41.72340463]
at minimum 6.4758 accepted 1  with params [-5.17790262  0.99        1.90948847 41.71315281]
at minimum 6.0820 accepted 1  with params [-5.72871689  0.99        2.         41.73838861]
at minimum 6.1359 accepted 1  with params [-5.52711729  0.99        1.66856847 41.84621291]
at minimum 4.9899 accepted 1  with params [-5.08236444  0.85463484  1.3495613  41.52150369]
at minimum 5.2065 accepted 1  with params [-5.07884346  0.85315735  1.51758406 41.79769988]
at minimum 3.9543 accepted 1  with params [-4.58596945  0.44543307  1.17486798 41.6704958 ]
at minimum 6.2807 accepted 0  with params [-4.06264195  0.99        0.7023047  41.41271355]
at minimum 4.8733 accepted 0  with params [-4.66026175  0.61023171  1.48377429 41.28814629]
at minimum 4.0127 accepted 1  with params [-4.66356824  0.08880207  1.59707503 41.27685182]
at minimum 3.9902 accepted 1  with params [-4.94053793e+00 -3.49479810e-02  1.93176912e+00  4.09205995e+01]
at minimum 4.6539 accepted 1  with params [-4.4909564  -0.1         1.70338691 40.62201711]
at minimum 5.0675 accepted 0  with params [-4.56979945  0.38806383  1.99999997 40.19763543]
at minimum 26.6170 accepted 0  with params [-3.92885489  0.48379753  1.9999998  40.30418479]
at minimum 5.3518 accepted 0  with params [-4.00900771  0.11094032  1.39422444 40.13887612]
at minimum 4.9654 accepted 0  with params [-4.2576359  -0.1         1.48806492 40.78416652]
at minimum 4.0288 accepted 1  with params [-4.80083719 -0.1         1.89269381 40.02915729]
at minimum 4.8560 accepted 0  with params [-4.49498909 -0.09999986  1.99999974 39.9267671 ]
at minimum 3.5995 accepted 1  with params [-4.88075078  0.16326851  1.54218577 39.69547037]
at minimum 4.1378 accepted 0  with params [-4.90564144 -0.09999995  1.98201034 39.10146041]
at minimum 4.7127 accepted 1  with params [-4.56862503 -0.09999997  1.99999991 40.06937331]
at minimum 5.6311 accepted 0  with params [-4.28298935  0.34956616  1.97887499 40.03343091]
at minimum 5.7270 accepted 0  with params [-3.98432917 -0.1         2.         40.21344057]
at minimum 4.1961 accepted 1  with params [-4.7522285  -0.09155487  2.         39.53858034]
at minimum 5.1024 accepted 0  with params [-4.51818396  0.34300707  1.99999985 39.71195626]
at minimum 5.3991 accepted 0  with params [-5.04160427 -0.1         1.62526555 39.98943745]
at minimum 3.9770 accepted 1  with params [-4.68297922 -0.1         1.46519158 38.97287237]
at minimum 4.2030 accepted 1  with params [-4.31249001 -0.1         1.10370265 38.67487635]
at minimum 5.2279 accepted 0  with params [-3.74988586 -0.09999781  0.99844405 38.94908112]
at minimum 5.2122 accepted 0  with params [-3.93638598 -0.1         1.30787624 38.88910239]
at minimum 4.6671 accepted 0  with params [-3.93588296  0.17585156  0.61638226 38.32562726]
at minimum 3.8324 accepted 1  with params [-4.76982959  0.09559669  1.71466732 39.11746222]
at minimum 3.6606 accepted 1  with params [-5.01911188  0.2482636   2.         39.3451061 ]
at minimum 3.4741 accepted 1  with params [-5.06748996  0.39800966  1.99999984 39.48718344]
at minimum 5.2546 accepted 0  with params [-5.09253794  0.83531284  1.99999999 39.06790145]
at minimum 4.5396 accepted 0  with params [-4.85970688  0.54360668  1.99999989 39.71135978]
at minimum 5.0867 accepted 0  with params [-5.13859923  0.8231884   1.99999521 39.14684059]
at minimum 6.1938 accepted 0  with params [-4.79970867  0.97071414  2.         39.55063776]
at minimum 5.5446 accepted 0  with params [-5.25973869  0.29198445  1.53742974 39.90005726]
at minimum 3.8611 accepted 0  with params [-4.88824804  0.07589392  1.97959608 39.56893346]
at minimum 4.9027 accepted 0  with params [-5.4827924   0.59774164  1.41846738 39.22950931]
at minimum 6.1524 accepted 0  with params [-4.93790912  0.97501856  1.99999986 39.64680242]
at minimum 4.0997 accepted 1  with params [-4.7458065  -0.06576316  1.89898961 39.83089824]
at minimum 3.6977 accepted 1  with params [-4.98507738  0.42877219  2.         40.31527641]
at minimum 6.0792 accepted 0  with params [-5.24723468  0.99        2.         39.79455384]
at minimum 5.3926 accepted 1  with params [-4.93504695  0.77638506  1.99999718 40.86315512]
at minimum 6.5681 accepted 0  with params [-4.48421062  0.98999793  2.         41.20092531]
at minimum 3.2778 accepted 1  with params [-5.03086299  0.53588558  1.52310432 40.7635761 ]
at minimum 4.1946 accepted 1  with params [-5.30645135  0.77656441  1.56941483 40.33166628]
at minimum 3.5481 accepted 1  with params [-4.76488692  0.29576477  1.53509266 40.90135947]
at minimum 9.0282 accepted 0  with params [-5.28601711 -0.1         1.72534624 40.34579195]
at minimum 5.8482 accepted 0  with params [-4.43342047  0.65032617  1.70046203 41.33727551]
at minimum 5.5093 accepted 0  with params [-5.22147197  0.14844039  1.67225021 41.42514976]
at minimum 5.5780 accepted 0  with params [-5.21399291  0.89894062  2.         40.95767064]
at minimum 4.5393 accepted 0  with params [-4.71346143  0.28768438  2.         41.23214327]
at minimum 4.3741 accepted 1  with params [-4.8209068   0.07048115  1.04164715 40.40703254]
at minimum 5.8770 accepted 0  with params [-4.7504503  -0.1         0.82985743 40.20502303]
