at minimum 8.9209 accepted 1  with params [-4.49999995  0.39999996  0.04999997 39.99999822]
at minimum 8.7758 accepted 1  with params [-4.26810158 -0.05208361  0.05639374 39.65218275]
at minimum 10.0430 accepted 0  with params [-3.79773761 -0.1         0.27519232 39.85201942]
at minimum 5.6833 accepted 1  with params [-4.62733301 -0.06741948  0.46647312 39.30543987]
at minimum 8.0445 accepted 1  with params [-4.36553860e+00 -1.00000000e-01  2.53431358e-02  3.92169657e+01]
at minimum 4.9931 accepted 1  with params [-4.78218502  0.1602379   0.51611367 39.23638054]
at minimum 3.6966 accepted 1  with params [-5.17279577  0.09155928  0.9944096  39.4331483 ]
at minimum 4.9024 accepted 0  with params [-4.85568055  0.08385932  0.79974125 39.54796148]
at minimum 4.9005 accepted 1  with params [-4.87808797  0.19868726  0.61473965 39.39784527]
at minimum 6.4343 accepted 0  with params [-5.21244881  0.61379311  0.1373702  39.37963289]
at minimum 8.7285 accepted 0  with params [-4.77554675  0.60777969  0.88683782 39.59875406]
at minimum 4.5028 accepted 1  with params [-5.16242985  0.32141772  1.0438628  39.42746364]
at minimum 9.3405 accepted 0  with params [-4.6685362   0.26489211  1.52104957 39.50678198]
at minimum 3.8630 accepted 1  with params [-5.13472078  0.33274356  0.68662097 39.14107727]
at minimum 5.4515 accepted 0  with params [-5.1594368   0.44587869  1.16416808 38.81699383]
at minimum 7.7807 accepted 0  with params [-5.26977044  0.73657876  0.97222669 39.0029672 ]
at minimum 6.2494 accepted 0  with params [-5.44126582  0.13810004  0.63963469 39.46784192]
at minimum 3.9330 accepted 1  with params [-5.14546452e+00  2.51554564e-02  1.04627420e+00  3.91692855e+01]
at minimum 4.3074 accepted 1  with params [-5.5795666   0.34419656  1.04858763 38.70417752]
at minimum 4.4240 accepted 1  with params [-5.74483502  0.34957629  1.34432135 38.45767095]
at minimum 3.9049 accepted 1  with params [-5.48733032  0.25126237  1.22241834 38.56428169]
at minimum 4.5075 accepted 0  with params [-5.67532782  0.49891448  1.53435069 38.90391832]
at minimum 6.8580 accepted 0  with params [-5.27994526  0.63233119  1.30889591 38.70751186]
at minimum 6.4466 accepted 0  with params [-5.62414567  0.05989779  1.46214761 38.54884736]
at minimum 4.6027 accepted 0  with params [-5.70284966  0.43163524  0.99320144 38.39162328]
at minimum 7.5241 accepted 0  with params [-5.89536072  0.23397402  0.82158364 38.6420289 ]
at minimum 4.2418 accepted 1  with params [-5.35003527e+00  2.70353103e-02  1.58131114e+00  3.86419820e+01]
at minimum 4.4977 accepted 1  with params [-5.5952622   0.47987595  1.78559824 38.21780792]
at minimum 8.6484 accepted 0  with params [-5.29704863  0.72566683  2.         37.88501767]
at minimum 10.0694 accepted 0  with params [-5.21421992  0.87454762  1.68333623 37.89301166]
at minimum 6.4860 accepted 0  with params [-5.55284089  0.62726348  2.         38.34556844]
at minimum 3.8963 accepted 1  with params [-5.68418098  0.31544063  1.69839162 38.58456788]
at minimum 5.6984 accepted 0  with params [-5.92081995  0.64457572  1.30009707 38.71435089]
at minimum 4.3832 accepted 0  with params [-5.99999998  0.36694633  2.         38.82567505]
at minimum 6.0623 accepted 0  with params [-5.83401317  0.68670713  1.96255991 38.10378633]
at minimum 5.0280 accepted 0  with params [-5.87075926  0.57061183  1.39509325 38.71436064]
at minimum 4.5202 accepted 0  with params [-5.75483491  0.51096004  1.76448298 38.45292555]
at minimum 7.3184 accepted 0  with params [-5.38420929  0.64291207  1.72472069 39.05842861]
at minimum 5.2803 accepted 0  with params [-5.99520878  0.31055085  1.65525737 38.50615495]
at minimum 7.9015 accepted 0  with params [-5.21757491  0.54514562  2.         38.65378011]
at minimum 5.6841 accepted 0  with params [-5.61967357  0.63780137  1.44576624 38.29546875]
at minimum 4.8731 accepted 1  with params [-5.9008908   0.34703322  1.46675858 38.68378856]
at minimum 4.2531 accepted 1  with params [-5.44285626  0.33689131  1.7909827  38.51856766]
at minimum 7.8490 accepted 1  with params [-5.20222977  0.56957269  1.88557436 38.61280727]
at minimum 10.6543 accepted 1  with params [-4.99759155  0.80289074  1.83335723 38.66353826]
at minimum 11.9685 accepted 0  with params [-4.70082271  0.98193353  1.99999961 38.79099755]
at minimum 11.6338 accepted 0  with params [-4.64749971  0.84659419  1.71762796 39.11862584]
at minimum 12.0709 accepted 1  with params [-5.15704325  0.99        2.         39.07718674]
at minimum 12.1867 accepted 0  with params [-4.93865325  0.98999986  1.7763179  39.31140574]
at minimum 11.9090 accepted 1  with params [-5.0972108   0.99        2.         38.71904315]
at minimum 10.9479 accepted 1  with params [-4.84170912  0.79195103  1.6830107  38.85537568]
at minimum 10.7584 accepted 1  with params [-4.82628394  0.74830702  1.65752593 38.97502128]
at minimum 8.6774 accepted 1  with params [-5.24589363  0.70999518  1.74297065 38.80544845]
at minimum 3.8923 accepted 1  with params [-5.38392801  0.33155469  1.3109676  39.14429092]
at minimum 4.7810 accepted 1  with params [-5.30848923  0.4827481   1.02394151 39.26676546]
at minimum 4.7374 accepted 1  with params [-5.43061901  0.210565    0.87626958 39.01334127]
at minimum 5.5038 accepted 1  with params [-5.78039471  0.59154585  0.8603502  38.84314263]
at minimum 9.9480 accepted 0  with params [-5.99999681  0.15209813  0.47841506 38.9207296 ]
at minimum 4.6961 accepted 1  with params [-5.83238014  0.47172766  1.16857729 39.05676936]
at minimum 8.8538 accepted 0  with params [-6.          0.14360589  0.98378927 39.000363  ]
at minimum 4.7020 accepted 1  with params [-5.6975118   0.34163148  1.03691701 39.24942109]
at minimum 4.7351 accepted 1  with params [-5.30197913e+00 -3.81753550e-02  1.41790671e+00  3.91808384e+01]
at minimum 6.3926 accepted 0  with params [-5.48029347 -0.1         1.68828846 39.42082566]
at minimum 5.6231 accepted 0  with params [-5.21498934 -0.1         1.75616498 39.46959796]
at minimum 7.6641 accepted 0  with params [-5.62347511 -0.07734199  1.75055257 38.88887935]
at minimum 7.1882 accepted 0  with params [-4.85547103 -0.1         1.80547314 38.80695653]
at minimum 4.3437 accepted 1  with params [-5.27060321e+00  3.21385749e-02  1.13968442e+00  3.95932991e+01]
at minimum 4.9114 accepted 0  with params [-5.07762304  0.287455    1.03622516 39.2709209 ]
at minimum 5.3588 accepted 0  with params [-5.11788037 -0.1         1.37207333 39.40393184]
at minimum 9.4945 accepted 0  with params [-5.56115263 -0.1         1.00455637 39.34037862]
at minimum 5.5069 accepted 0  with params [-4.88831176 -0.04636908  1.10325825 39.78949201]
at minimum 5.4943 accepted 0  with params [-5.12330418 -0.1         1.54138919 39.4357609 ]
at minimum 5.1307 accepted 1  with params [-5.51253042  0.06441664  1.48415861 39.82912332]
at minimum 6.8975 accepted 0  with params [-5.14801134  0.4877824   1.40391052 40.19308316]
at minimum 5.5147 accepted 1  with params [-5.94386509  0.25846162  1.60583039 40.12940065]
at minimum 5.8593 accepted 1  with params [-5.99999969  0.65021221  1.70289024 40.0831612 ]
at minimum 10.0927 accepted 0  with params [-5.95616221  0.88874281  1.836221   40.52494797]
at minimum 6.5604 accepted 1  with params [-5.99999991  0.23138679  1.404835   40.25560822]
at minimum 9.8896 accepted 0  with params [-5.75045817 -0.09009765  1.46941433 39.9640063 ]
at minimum 5.7674 accepted 1  with params [-5.98270446  0.3242723   1.09536716 40.53841572]
at minimum 4.2349 accepted 1  with params [-5.66087969  0.31764612  1.2376407  40.17704387]
at minimum 5.5579 accepted 0  with params [-5.55105214  0.54828996  1.59135845 39.99191838]
at minimum 4.6319 accepted 1  with params [-5.35230541e+00  4.00996807e-02  1.24561220e+00  4.05083727e+01]
at minimum 5.6714 accepted 1  with params [-5.02834745  0.0415283   1.20864039 40.92547403]
at minimum 7.6252 accepted 0  with params [-4.90202746  0.44575662  0.98289718 41.11628148]
at minimum 10.0518 accepted 0  with params [-4.63967061  0.23226802  1.58077022 40.63617625]
at minimum 6.2935 accepted 0  with params [-4.88398543  0.24022229  0.90734146 41.08794964]
at minimum 6.3549 accepted 1  with params [-5.34922261 -0.1         1.25705868 40.89892122]
at minimum 6.6753 accepted 1  with params [-5.00186785 -0.1         1.67181634 40.61806967]
at minimum 9.4837 accepted 0  with params [-4.7132663   0.17973463  1.60942531 40.84391358]
at minimum 7.7258 accepted 0  with params [-4.97293485 -0.1         2.         40.63460297]
at minimum 6.4244 accepted 1  with params [-5.05522629  0.11687256  1.60845012 40.80588468]
at minimum 8.4332 accepted 0  with params [-5.00001313  0.46394816  1.56092174 40.54062527]
at minimum 5.9840 accepted 1  with params [-5.06050709e+00  2.41001937e-02  1.40183719e+00  4.09904910e+01]
at minimum 6.4401 accepted 1  with params [-4.96982699e+00 -3.77142737e-02  1.48598829e+00  4.06695200e+01]
at minimum 7.4747 accepted 0  with params [-4.88270064 -0.0999999   1.64574308 40.90793952]
at minimum 6.1250 accepted 1  with params [-5.08147839e+00  1.80419284e-02  1.62206715e+00  4.04302406e+01]
at minimum 8.9956 accepted 0  with params [-4.72105415 -0.09999983  1.84684462 40.0412806 ]
at minimum 7.6132 accepted 1  with params [-4.90740624  0.29459264  1.52491739 39.98791529]
at minimum 8.0018 accepted 1  with params [-4.97628353  0.21000615  1.97030784 39.60721526]
at minimum 5.9538 accepted 1  with params [-5.18371218e+00 -1.32895959e-02  1.99999986e+00  3.95733649e+01]
at minimum 5.5071 accepted 1  with params [-5.34337002 -0.1         1.85757841 39.43500425]
at minimum 5.5430 accepted 1  with params [-5.18109052 -0.1         1.69263952 39.3175914 ]
at minimum 6.8739 accepted 0  with params [-5.55885213e+00 -3.57510655e-02  1.58187315e+00  3.96389950e+01]
at minimum 5.5394 accepted 1  with params [-5.41905445 -0.1         1.90713382 39.61973444]
at minimum 7.1309 accepted 0  with params [-5.78298465  0.06233774  1.67487653 39.33096711]
at minimum 5.8922 accepted 1  with params [-5.08533552  0.12560457  1.65861484 39.67076871]
at minimum 7.0789 accepted 1  with params [-5.44754618 -0.1         1.38756298 39.76699978]
at minimum 4.6871 accepted 1  with params [-5.24249843e+00 -3.32120729e-02  1.20679262e+00  3.97715555e+01]
at minimum 5.8818 accepted 1  with params [-5.00047053e+00  1.31784614e-02  1.48188757e+00  3.97793025e+01]
at minimum 7.2645 accepted 0  with params [-4.86463512 -0.1         1.78207184 39.42898373]
at minimum 8.0593 accepted 0  with params [-4.91863382  0.41526631  1.43709243 39.99998249]
at minimum 7.0004 accepted 0  with params [-4.60938932 -0.09999916  1.18473777 39.45460731]
at minimum 6.2441 accepted 0  with params [-5.13297278  0.32054586  1.63598245 39.83646197]
at minimum 8.9398 accepted 0  with params [-4.68685782 -0.08342512  1.79229469 39.66842178]
at minimum 6.2933 accepted 1  with params [-4.99695717  0.10895446  1.59864589 39.79527372]
at minimum 9.0065 accepted 0  with params [-4.73110432 -0.09999995  1.88191778 40.03036877]
at minimum 5.8580 accepted 1  with params [-5.23448773  0.46926196  1.27482287 40.01235293]
at minimum 7.1637 accepted 0  with params [-5.03762008  0.30786786  1.67449723 40.07834146]
at minimum 9.3762 accepted 0  with params [-5.40885321  0.81183588  1.62515175 39.6199632 ]
at minimum 8.1663 accepted 0  with params [-5.19254378  0.58930975  1.63934664 40.24060161]
at minimum 10.1860 accepted 0  with params [-4.88050837  0.76075664  1.17728226 39.79265788]
at minimum 5.4216 accepted 1  with params [-5.39270275  0.45236069  1.48473561 40.18101776]
at minimum 10.0292 accepted 0  with params [-5.20230143  0.83576112  1.251796   39.98113068]
at minimum 4.3595 accepted 1  with params [-5.50352787  0.2387956   1.7907557  40.49990382]
at minimum 4.4158 accepted 1  with params [-5.85380232  0.46417897  1.86481282 40.1461743 ]
at minimum 4.4564 accepted 1  with params [-6.          0.37590609  1.81141247 40.35201984]
at minimum 5.2754 accepted 1  with params [-6.          0.31594957  1.49467338 40.15020824]
at minimum 7.4465 accepted 0  with params [-5.93048093  0.12436818  1.49831494 40.54280171]
at minimum 10.3861 accepted 0  with params [-5.91825624 -0.07428169  1.75153789 40.50238204]
at minimum 5.3434 accepted 1  with params [-5.99999978  0.55541847  1.16711218 40.47020835]
at minimum 5.5740 accepted 1  with params [-5.9938185   0.39333797  0.9216249  40.38234136]
at minimum 5.3360 accepted 1  with params [-5.75391754  0.46096455  0.57557304 40.58393026]
at minimum 6.5598 accepted 0  with params [-5.95189203  0.40623555  0.19467214 40.81905794]
at minimum 5.6723 accepted 1  with params [-6.          0.55110013  0.83439542 40.22596979]
at minimum 6.9744 accepted 1  with params [-6.          0.72415112  1.22753416 40.59849061]
at minimum 10.2015 accepted 0  with params [-5.777937    0.89671585  1.60842678 40.19938829]
at minimum 5.1032 accepted 1  with params [-6.          0.34560371  1.34517391 41.00089926]
at minimum 4.7357 accepted 1  with params [-5.75192821  0.30776228  1.14382335 40.96383177]
at minimum 6.1128 accepted 0  with params [-5.99999977  0.24645137  1.47483132 40.78914131]
at minimum 5.9139 accepted 0  with params [-5.47258196  0.53293444  1.41729515 41.06006873]
at minimum 6.0516 accepted 1  with params [-5.92680446  0.62622186  0.91401467 41.09281992]
at minimum 5.2930 accepted 1  with params [-6.          0.52058683  1.06185043 41.30744637]
at minimum 7.3817 accepted 0  with params [-5.79640397  0.72634084  1.14336472 41.52164173]
at minimum 7.4174 accepted 0  with params [-5.98215199  0.17344197  1.27573187 41.39615246]
at minimum 10.6056 accepted 0  with params [-5.62846834  0.8801731   1.32473804 41.60569759]
at minimum 8.0789 accepted 0  with params [-5.86135187  0.123341    1.01000371 41.34495826]
at minimum 5.3746 accepted 1  with params [-5.99999998  0.43986941  0.88383387 41.46296042]
at minimum 5.4070 accepted 1  with params [-5.75296702  0.24968135  1.10914935 41.82221294]
at minimum 5.6680 accepted 1  with params [-6.          0.37744271  0.81852922 42.21732138]
at minimum 6.8990 accepted 0  with params [-6.          0.30631303  0.62331847 42.16363969]
