at minimum 7.5690 accepted 1  with params [-4.49999993  0.40000003  0.05000009 40.00000234]
at minimum 8.1152 accepted 1  with params [-4.69570830e+00  2.62568475e-03  1.00000000e-02  3.99111900e+01]
at minimum 8.1036 accepted 1  with params [-4.22729185e+00  3.74661039e-01  1.00000000e-02  4.03037841e+01]
at minimum 8.0029 accepted 1  with params [-4.52190237  0.80843379  0.33149414 40.67816881]
at minimum 8.6272 accepted 0  with params [-4.93077186e+00  3.64386498e-01  3.67385594e-02  4.08470878e+01]
at minimum 8.1463 accepted 1  with params [-4.969857    0.54460069  0.36966291 41.08884228]
at minimum 10.3706 accepted 0  with params [-5.19299652  0.28898914  0.34466205 41.48183949]
at minimum 7.7619 accepted 1  with params [-4.5339191   0.32778561  0.79534981 40.82081273]
at minimum 8.1143 accepted 1  with params [-4.26458016  0.44488906  1.08860276 40.84183684]
at minimum 8.3357 accepted 1  with params [-4.09336205  0.48701325  0.97272834 40.95372169]
at minimum 7.9316 accepted 1  with params [-4.50819346  0.1731437   0.78955393 41.39269033]
at minimum 8.0810 accepted 1  with params [-4.37442538  0.0755939   1.16698956 41.00563945]
at minimum 8.3138 accepted 1  with params [-3.9284727   0.05624528  0.88553856 41.10081588]
at minimum 8.1287 accepted 1  with params [-4.31347523  0.54010377  1.13667493 41.16224386]
at minimum 8.9250 accepted 1  with params [-4.32791769  0.93525463  1.45102843 40.9642929 ]
at minimum 8.6362 accepted 1  with params [-4.33925477  0.76874359  1.47704382 41.12509519]
at minimum 9.1063 accepted 1  with params [-4.52474835  0.98999944  1.70616809 41.49754338]
at minimum 9.1176 accepted 1  with params [-4.57520167  0.98999989  1.74459197 41.62044847]
at minimum 7.6472 accepted 1  with params [-4.8063662   0.58364151  1.6494201  42.04674703]
at minimum 7.8844 accepted 1  with params [-5.07297386  0.30633348  1.88166586 41.59128147]
at minimum 7.9687 accepted 1  with params [-4.73982915  0.50307696  1.98179139 41.77432094]
at minimum 7.7420 accepted 1  with params [-4.81377407  0.47228042  2.         41.65758557]
at minimum 8.6710 accepted 1  with params [-5.29566917  0.9554332   1.96608358 42.13009783]
at minimum 7.5145 accepted 1  with params [-5.05315776  0.46477138  2.         41.97626569]
at minimum 8.0334 accepted 1  with params [-5.27404351  0.43131212  2.         41.69400722]
at minimum 7.4976 accepted 1  with params [-5.09333558  0.68776383  1.62031925 42.05052603]
at minimum 7.7518 accepted 1  with params [-5.35261997  0.70555785  1.76626469 41.99476365]
at minimum 8.1143 accepted 1  with params [-5.09845851  0.88412994  1.41146785 41.80845297]
at minimum 8.7976 accepted 1  with params [-5.1936501   0.99        1.44108441 42.28650501]
at minimum 7.8092 accepted 1  with params [-4.92893896  0.8243901   1.14250956 42.77173741]
at minimum 8.8772 accepted 0  with params [-4.50767242  0.90942989  1.41521068 42.99762909]
at minimum 8.4000 accepted 1  with params [-4.79322011  0.91611422  0.98347585 42.72132525]
at minimum 8.6502 accepted 1  with params [-5.17805404  0.98999986  1.05518853 42.322058  ]
at minimum 7.5623 accepted 1  with params [-5.04374482  0.61525232  1.43971631 42.73666913]
at minimum 9.1072 accepted 0  with params [-4.90187498  0.98518004  1.65381991 43.2153717 ]
at minimum 9.4074 accepted 0  with params [-5.30988339  0.38554525  1.51033426 42.57684463]
at minimum 10.8595 accepted 1  with params [-5.47635278  0.40274106  1.17388724 42.36097937]
at minimum 14.5023 accepted 0  with params [-5.86738498  0.16719169  0.84722644 42.09891808]
at minimum 9.2471 accepted 1  with params [-5.93646303  0.67838237  1.2251335  41.87572632]
at minimum 8.3307 accepted 1  with params [-5.62704172  0.8650767   0.85865784 41.94245455]
at minimum 8.5432 accepted 1  with params [-5.53757816  0.99        1.09832677 42.44021301]
at minimum 8.4273 accepted 1  with params [-5.41507536  0.69488201  1.01008649 42.5917059 ]
at minimum 8.5201 accepted 1  with params [-5.72286956  0.99        1.22683865 42.15897369]
at minimum 8.7341 accepted 1  with params [-5.40021717  0.98999848  1.64104689 42.3280362 ]
at minimum 8.9145 accepted 1  with params [-5.20927641  0.9899999   1.7135281  42.49895292]
at minimum 8.7468 accepted 1  with params [-5.55383742  0.99        1.9999998  42.16788503]
at minimum 8.1662 accepted 1  with params [-5.68955053  0.92287574  1.91079621 42.4165538 ]
at minimum 8.6476 accepted 1  with params [-5.77036908  0.98999847  1.99999717 42.65694735]
at minimum 9.2576 accepted 0  with params [-5.50994079  0.55302827  1.57987317 42.29521766]
at minimum 8.0458 accepted 1  with params [-5.95128172  0.85495582  2.         42.86902219]
at minimum 9.6508 accepted 0  with params [-5.64287879  0.5406904   1.67005273 42.98412271]
at minimum 11.6982 accepted 0  with params [-5.99999947  0.42832848  1.99999964 42.8845681 ]
at minimum 8.2591 accepted 1  with params [-6.          0.86603195  1.51802052 42.71930332]
at minimum 8.5570 accepted 0  with params [-5.95220783  0.99        2.         42.35227407]
at minimum 9.1833 accepted 0  with params [-6.          0.66315216  2.         42.82950878]
at minimum 11.2618 accepted 0  with params [-5.99999999  0.45984682  1.53018145 43.23808683]
at minimum 8.5086 accepted 1  with params [-5.99999827  0.99        1.0678298  42.58451812]
at minimum 8.6369 accepted 0  with params [-5.49527334  0.98999846  1.32059602 42.9676591 ]
at minimum 8.5098 accepted 1  with params [-5.99999878  0.99        0.97246459 42.63474142]
at minimum 8.5317 accepted 1  with params [-6.          0.99        1.26401674 42.89905246]
at minimum 8.3438 accepted 1  with params [-6.          0.86534197  1.34622469 42.62553457]
at minimum 12.2659 accepted 0  with params [-5.74659756  0.32221637  0.89848237 42.96511468]
at minimum 8.5205 accepted 1  with params [-5.68816152  0.9899998   0.8737686  42.6759705 ]
at minimum 9.2847 accepted 1  with params [-5.82485969  0.63702804  1.2926964  42.99467531]
at minimum 8.5284 accepted 1  with params [-6.          0.99        0.87667469 42.94966779]
at minimum 8.3439 accepted 1  with params [-5.57390094  0.8909485   0.57912337 42.68221559]
at minimum 8.2874 accepted 1  with params [-5.55361314  0.76871946  0.96916261 42.8234553 ]
at minimum 7.9855 accepted 1  with params [-5.40989898  0.79781338  0.94155978 43.18085265]
at minimum 9.4011 accepted 0  with params [-5.79161598  0.68224289  0.4199322  42.87990211]
at minimum 8.0399 accepted 1  with params [-5.70664585  0.88092765  1.39386527 43.49056552]
at minimum 8.4988 accepted 1  with params [-5.79791871  0.97345394  1.47986626 43.45285178]
at minimum 8.3458 accepted 1  with params [-5.31715581  0.51025475  1.71237184 43.10848615]
at minimum 10.2189 accepted 0  with params [-5.51898389  0.46596152  1.17871673 43.05879663]
at minimum 7.6948 accepted 1  with params [-5.14977327  0.68464568  1.34931129 42.87511487]
at minimum 8.3530 accepted 1  with params [-4.61296235  0.88668469  0.83276124 42.90446408]
at minimum 8.9509 accepted 1  with params [-4.63222271  0.98999996  1.09999647 42.54559148]
at minimum 8.7258 accepted 1  with params [-4.46939278  0.81899454  1.5577175  42.63973513]
at minimum 9.4529 accepted 1  with params [-4.04865854  0.7063315   1.99999972 42.36009028]
at minimum 7.9528 accepted 1  with params [-4.48089196  0.36156425  1.50718208 42.12858418]
at minimum 8.6933 accepted 1  with params [-4.01212815  0.5592652   1.50173601 42.0652021 ]
at minimum 9.2653 accepted 1  with params [-3.65844797  0.57962049  1.21124825 41.75201738]
at minimum 3077.8800 accepted 0  with params [-3.68517176  0.98999991  1.660591   42.09060377]
at minimum 8.2278 accepted 1  with params [-4.03104402  0.32884501  0.82977615 41.28742146]
at minimum 8.5421 accepted 1  with params [-3.90077057  0.79510421  0.33218964 40.80318575]
at minimum 8.5108 accepted 1  with params [-3.91542754e+00  9.90000000e-01  1.00000000e-02  4.12227018e+01]
at minimum 8.5540 accepted 1  with params [-3.38199563e+00  9.90000000e-01  1.00000000e-02  4.12640886e+01]
at minimum 8.5414 accepted 1  with params [-3.50037141e+00  9.90000000e-01  1.00000000e-02  4.13697703e+01]
at minimum 9.0789 accepted 0  with params [-3.34730374  0.75867526  0.12733354 41.42092585]
at minimum 805.6545 accepted 0  with params [-3.09789342e+00  9.89999993e-01  1.00000091e-02  4.18124992e+01]
at minimum 8.5251 accepted 1  with params [-3.76394813  0.56005757  0.44739792 41.13830532]
at minimum 8.2667 accepted 1  with params [-4.10019464  0.61713577  0.76134253 41.21322755]
at minimum 8.5195 accepted 1  with params [-4.61074983  0.96136738  0.50332757 41.74145712]
at minimum 8.7716 accepted 1  with params [-4.65478021  0.98999986  0.7890507  41.79588897]
at minimum 8.7201 accepted 1  with params [-4.2490799   0.99        0.34342944 42.14911013]
at minimum 8.8117 accepted 1  with params [-3.83929157  0.96687215  0.50345741 42.55703415]
at minimum 8.8412 accepted 1  with params [-3.73957309  0.80825214  1.02371266 42.10981389]
at minimum 1482435414575584378880.0000 accepted 0  with params [-3.26090121  0.98999992  1.4279285  42.35304624]
at minimum 136324.9274 accepted 0  with params [-3.49978671  0.58293001  1.38961752 42.16508958]
at minimum 8.2638 accepted 1  with params [-4.2185773   0.52181547  1.09630741 41.81884292]
at minimum 8.0742 accepted 1  with params [-4.2121632   0.06982377  1.10183628 41.47216604]
at minimum 7.7108 accepted 1  with params [-4.59379135  0.32735549  1.29871939 41.99859353]
at minimum 8.3455 accepted 1  with params [-4.55534715e+00 -2.32979843e-02  8.76332883e-01  4.24637808e+01]
at minimum 8.2557 accepted 1  with params [-4.49203627 -0.1         0.42673371 42.24737907]
at minimum 9.5889 accepted 0  with params [-4.77881906 -0.09999993  0.82941802 42.61811257]
at minimum 8.3344 accepted 1  with params [-4.19584797 -0.09999955  0.30500516 42.08093513]
at minimum 7.7268 accepted 1  with params [-4.35577603e+00  4.10756528e-01  1.00002853e-02  4.15702681e+01]
at minimum 7.3833 accepted 1  with params [-4.50356487  0.45280293  0.15490897 41.14744355]
at minimum 7.7302 accepted 1  with params [-4.76116882  0.12315324  0.11551879 41.37096203]
at minimum 7.7166 accepted 1  with params [-4.22736668e+00 -1.00000000e-01  1.00000000e-02  4.10308251e+01]
at minimum 8.7120 accepted 0  with params [-3.89917219e+00  1.85433100e-01  1.00000000e-02  4.10416790e+01]
at minimum 8.4517 accepted 0  with params [-3.86621501 -0.1         0.39660266 40.68992425]
at minimum 7.9376 accepted 1  with params [-4.20398562  0.24620671  0.29648401 41.23072802]
at minimum 8.4682 accepted 1  with params [-3.75561281  0.17785901  0.71434214 41.80553956]
at minimum 994.9357 accepted 0  with params [-3.19792229  0.16636638  0.43468562 42.25407171]
at minimum 8.8238 accepted 1  with params [-3.47280361 -0.05841309  0.50416989 42.1903204 ]
at minimum 1725.1890 accepted 0  with params [-3.47485762  0.14623416  0.98644824 41.73445705]
at minimum 8.4783 accepted 1  with params [-4.07182629 -0.09999955  0.38890459 41.59742584]
at minimum 7.2164 accepted 1  with params [-4.44002989 -0.1         0.20510171 41.20977892]
at minimum 7.5378 accepted 0  with params [-4.33216466e+00  1.40464926e-01  1.00000000e-02  4.07591174e+01]
at minimum 8.3160 accepted 1  with params [-4.70190548e+00 -1.00000000e-01  1.00000000e-02  4.07932475e+01]
at minimum 11.0983 accepted 0  with params [-5.06259756e+00  6.57030035e-02  1.00000000e-02  4.05839358e+01]
at minimum 15.0312 accepted 0  with params [-5.26398311e+00 -1.00000000e-01  1.00000186e-02  4.03001694e+01]
at minimum 9.9503 accepted 0  with params [-5.10338734  0.29943051  0.49876251 41.30029986]
at minimum 8.5062 accepted 1  with params [-4.72919791  0.16508853  0.5477112  41.0306589 ]
at minimum 7.3089 accepted 1  with params [-4.62372882e+00  3.05549491e-01  1.00000000e-02  4.11762190e+01]
at minimum 7.8816 accepted 1  with params [-4.69319032  0.81951555  0.51554685 41.00206044]
at minimum 8.8328 accepted 0  with params [-4.97771505  0.35593933  0.40880829 41.20336047]
at minimum 8.2064 accepted 1  with params [-4.88125203e+00  7.71513440e-01  1.00000000e-02  4.06558923e+01]
at minimum 8.4844 accepted 1  with params [-4.37422799e+00  9.89999998e-01  1.00000039e-02  4.10753394e+01]
at minimum 8.0927 accepted 1  with params [-4.79619499e+00  7.83922389e-01  1.00001559e-02  4.10778490e+01]
at minimum 7.6335 accepted 1  with params [-4.34653976e+00  3.04542287e-01  1.00000135e-02  4.14509511e+01]
at minimum 8.4489 accepted 1  with params [-4.02377108e+00  8.89705690e-01  1.00000000e-02  4.16520320e+01]
at minimum 8.1768 accepted 1  with params [-4.59282872e+00  8.80762493e-01  1.00000000e-02  4.17431299e+01]
at minimum 8.4938 accepted 1  with params [-4.47462568e+00  9.90000000e-01  1.00000000e-02  4.21473890e+01]
at minimum 8.4156 accepted 1  with params [-4.03933120e+00  3.95619775e-01  1.00000512e-02  4.20744880e+01]
at minimum 8.4580 accepted 1  with params [-3.70322154  0.24739151  0.3698811  41.88310471]
at minimum 1119.7566 accepted 0  with params [-3.23148134  0.04815585  0.6078784  41.36421232]
at minimum 8.6670 accepted 0  with params [-3.69431578  0.80932398  0.62589779 41.99141872]
at minimum 8.3586 accepted 1  with params [-3.86590638  0.22123545  0.30546165 41.78449071]
at minimum 7.8975 accepted 1  with params [-4.24791467  0.28353616  0.80099049 41.79133724]
at minimum 7.3166 accepted 1  with params [-4.53119297  0.32274882  0.26593059 41.22749619]
at minimum 7.7079 accepted 1  with params [-4.75085381  0.76587305  0.85629033 40.95376845]
at minimum 8.0095 accepted 1  with params [-4.73425841  0.17948533  0.37280821 41.39598667]
at minimum 13.1641 accepted 0  with params [-5.15303553e+00  3.68651432e-03  8.54272152e-01  4.08149607e+01]
at minimum 15.6722 accepted 0  with params [-5.33065625 -0.06250872  0.77843714 40.79426845]
at minimum 7.5856 accepted 1  with params [-4.68373248  0.38431929  0.36471539 41.00428471]
at minimum 15.0832 accepted 0  with params [-5.27936934e+00 -9.99995812e-02  1.00000000e-02  4.14604179e+01]
at minimum 8.2817 accepted 1  with params [-4.49927032  0.89835282  0.42410882 41.47343124]
at minimum 8.2992 accepted 1  with params [-4.43732655  0.8776463   0.55046628 41.0030875 ]
at minimum 7.7725 accepted 1  with params [-4.30872066  0.46684137  0.15640032 40.69455818]
at minimum 8.2861 accepted 1  with params [-4.17755051e+00  7.83286916e-01  1.00000364e-02  4.10902199e+01]
