at minimum 9.8760 accepted 1  with params [-4.49999998  0.40000001  0.05000003 39.99999955]
at minimum 10.3819 accepted 0  with params [-4.21806334e+00  7.67379213e-01  1.00000000e-02  3.95093517e+01]
at minimum 9.3204 accepted 1  with params [-4.25123703  0.20455617  0.11813151 40.46004061]
at minimum 10.3140 accepted 0  with params [-4.04267707  0.68070897  0.26622181 39.97044204]
at minimum 9.2981 accepted 1  with params [-4.41721960e+00 -1.00000000e-01  1.00000000e-02  4.05072543e+01]
at minimum 9.9127 accepted 1  with params [-3.98327159 -0.1         0.18095813 40.37026624]
at minimum 9.5750 accepted 1  with params [-4.28078629 -0.09999959  0.1426415  39.93633776]
at minimum 9.1080 accepted 1  with params [-4.20520521e+00  4.11692254e-02  1.00000000e-02  4.02933201e+01]
at minimum 10.2342 accepted 1  with params [-3.73647505 -0.09999989  0.16244871 39.98138251]
at minimum 10.3037 accepted 1  with params [-3.66842036  0.31930211  0.414274   40.25262133]
at minimum 10.4857 accepted 0  with params [-3.48151286 -0.09999969  0.6230751  40.22846017]
at minimum 10.4148 accepted 1  with params [-3.93058958  0.41208421  0.66747445 39.7923479 ]
at minimum 10.3523 accepted 1  with params [-4.42510979  0.80094109  0.30100064 39.99242667]
at minimum 10.8904 accepted 0  with params [-4.09739565  0.96523327  0.35912065 39.97778298]
at minimum 10.8041 accepted 1  with params [-4.58136572  0.99        0.52934751 40.25014195]
at minimum 10.9173 accepted 1  with params [-4.09403785  0.90729696  0.62186576 39.76500165]
at minimum 11.0061 accepted 1  with params [-4.25327685  0.98999999  0.63750946 40.10941545]
at minimum 11.0759 accepted 1  with params [-3.77265677  0.99        0.59624652 40.49289222]
at minimum 10.8368 accepted 1  with params [-3.86358369  0.98999998  0.17898407 40.73842987]
at minimum 10.4817 accepted 1  with params [-3.64946614e+00  6.82442578e-01  2.69058308e-02  4.04388266e+01]
at minimum 10.5586 accepted 1  with params [-3.32517984e+00  6.24750022e-01  1.00000000e-02  4.05828157e+01]
at minimum 10.6043 accepted 1  with params [-3.51868031e+00  7.63037423e-01  1.00000000e-02  4.01662117e+01]
at minimum 10.9875 accepted 1  with params [-3.35189532  0.64345218  0.42470919 39.94149155]
at minimum 10.9801 accepted 1  with params [-3.57473067  0.68018433  0.54913939 39.47517513]
at minimum 10.8580 accepted 1  with params [-3.61380624  0.6931037   0.5030719  39.95247711]
at minimum 10.5899 accepted 1  with params [-3.98522876  0.78184506  0.24903791 39.5294636 ]
at minimum 10.8456 accepted 1  with params [-3.5993361   0.61327138  0.37183126 39.13676572]
at minimum 11.2876 accepted 1  with params [-3.38980208  0.98749199  0.2709432  39.15572553]
at minimum 11.3042 accepted 1  with params [-3.66412247  0.99        0.46053176 38.93939692]
at minimum 11.1509 accepted 1  with params [-3.63161172  0.65016917  0.91457617 39.17364244]
at minimum 10.7778 accepted 1  with params [-3.68319095  0.40937519  0.65307613 38.84540126]
at minimum 10.9817 accepted 0  with params [-3.62625407  0.28652933  0.85867665 38.6326774 ]
at minimum 10.5897 accepted 1  with params [-3.76150463  0.12772961  0.53363257 38.52554618]
at minimum 1092.5506 accepted 0  with params [-3.40999608 -0.1         0.82748165 38.9056282 ]
at minimum 10.8121 accepted 1  with params [-3.91265425  0.46374702  1.01341349 39.01735482]
at minimum 1072411567.4308 accepted 0  with params [-3.48926646  0.80950894  1.46654279 39.2268527 ]
at minimum 10.5840 accepted 1  with params [-3.96117637  0.26276573  0.86841568 39.14071246]
at minimum 10.6728 accepted 1  with params [-3.52319908e+00  3.31011924e-02  5.40246553e-01  3.86853488e+01]
at minimum 10.6129 accepted 1  with params [-3.92526835 -0.1         0.60256853 38.69317533]
at minimum 10.4673 accepted 1  with params [-3.86774726 -0.09999942  0.27012039 39.13002176]
at minimum 10.5580 accepted 1  with params [-3.47160768 -0.09999811  0.37520391 38.84296741]
at minimum 10.5345 accepted 1  with params [-3.83603506  0.37433695  0.49360643 38.71354381]
at minimum 10.8797 accepted 1  with params [-3.59213998  0.63598634  0.0865774  38.57785555]
at minimum 11.1885 accepted 1  with params [-3.38829847  0.51725051  0.41577157 38.16495046]
at minimum 11.3424 accepted 1  with params [-3.43189752  0.68832413  0.3449831  37.72304173]
at minimum 11.4194 accepted 1  with params [-3.50433793  0.6469885   0.68788044 37.64912036]
at minimum 11.6712 accepted 1  with params [-3.91625642  0.98999991  0.74328216 37.34569507]
at minimum 11.4763 accepted 1  with params [-3.93398953  0.9899999   0.316421   37.38960663]
at minimum 10.7915 accepted 1  with params [-4.19719577e+00  7.57753467e-01  1.00000000e-02  3.75585606e+01]
at minimum 10.8547 accepted 1  with params [-3.73666291e+00  5.95937508e-01  1.00000000e-02  3.77463939e+01]
at minimum 11.2331 accepted 1  with params [-3.95786098e+00  9.90000000e-01  1.00000000e-02  3.73704199e+01]
at minimum 10.6969 accepted 1  with params [-4.14616764  0.65220112  0.33417412 37.63818682]
at minimum 10.7998 accepted 1  with params [-4.42686908  0.76221574  0.61776662 37.78031147]
at minimum 11.4445 accepted 0  with params [-3.97722963  0.86066573  0.9738733  37.98303524]
at minimum 11.2099 accepted 1  with params [-4.50946274  0.2951843   0.39722964 38.11166701]
at minimum 14.7051 accepted 0  with params [-4.75500127 -0.09999999  0.59342178 37.60447107]
at minimum 14.7549 accepted 0  with params [-5.01321493  0.21059116  0.50428893 37.94182576]
at minimum 11.1627 accepted 1  with params [-4.73366909e+00  5.19541740e-01  1.00009403e-02  3.80970040e+01]
at minimum 9.5392 accepted 1  with params [-4.28465372e+00 -1.20976244e-03  1.00001398e-02  3.85036774e+01]
at minimum 10.3440 accepted 1  with params [-3.83611684e+00 -1.00000000e-01  2.27161085e-02  3.79935552e+01]
at minimum 10.5036 accepted 1  with params [-4.18362354  0.13849247  0.35563948 38.46126861]
at minimum 11.1202 accepted 1  with params [-4.50379121  0.15084358  0.33086004 38.90139161]
at minimum 10.4292 accepted 1  with params [-4.29321406  0.40564285  0.71356949 39.02829048]
at minimum 10.8903 accepted 0  with params [-3.88129277  0.54356978  0.90040108 38.75475317]
at minimum 10.1870 accepted 1  with params [-4.08661365  0.41207682  0.19030947 38.5898623 ]
at minimum 10.1001 accepted 1  with params [-3.82875058e+00  8.91749592e-02  1.00000072e-02  3.89386055e+01]
at minimum 10.8754 accepted 1  with params [-3.39363641  0.27318034  0.08566329 38.40669496]
at minimum 985.9067 accepted 0  with params [-3.         -0.1         0.33900052 38.32079788]
at minimum 10.6759 accepted 1  with params [-3.50189381e+00  1.55623572e-01  1.00000027e-02  3.83125989e+01]
at minimum 10.9119 accepted 0  with params [-3.58298079  0.48971978  0.45215344 38.50739183]
at minimum 10.6801 accepted 1  with params [-3.63679716 -0.1         0.0857004  38.01301895]
at minimum 13.5278 accepted 0  with params [-3.29558862 -0.09999988  0.32736783 37.82893876]
at minimum 11.0077 accepted 0  with params [-3.46517241e+00 -1.00000000e-01  1.00000000e-02  3.76342076e+01]
at minimum 11.0559 accepted 1  with params [-3.36500991e+00 -1.00000000e-01  1.00000000e-02  3.78084862e+01]
at minimum 10.9702 accepted 1  with params [-3.46773446 -0.1         0.10806382 37.59340856]
at minimum 1118.8581 accepted 0  with params [-3.00604519 -0.04128681  0.5399916  38.1167368 ]
at minimum 748.9050 accepted 0  with params [-3.00000058e+00 -9.99998178e-02  1.00004276e-02  3.73861575e+01]
at minimum 977.4268 accepted 0  with params [-3.06161895  0.17932276  0.48158347 37.04753957]
at minimum 732.2246 accepted 0  with params [-3.00000080e+00 -9.99997104e-02  1.00005287e-02  3.73534670e+01]
at minimum 913.9217 accepted 0  with params [-3.22593662e+00  1.65688786e-02  4.71476395e-01  3.74417585e+01]
at minimum 768.1726 accepted 0  with params [-3.00000000e+00  3.27269353e-01  1.00000000e-02  3.80368517e+01]
at minimum 11.2682 accepted 1  with params [-3.30103018 -0.07193112  0.1477655  37.07788726]
at minimum 1108.3186 accepted 0  with params [-3.06869357  0.25136347  0.51254308 36.55557082]
at minimum 764.8925 accepted 0  with params [-3.00000053e+00 -7.05344015e-02  1.00018873e-02  3.75041816e+01]
at minimum 11.3329 accepted 1  with params [-3.33478558e+00 -1.00000000e-01  1.00000000e-02  3.67559866e+01]
at minimum 11.0300 accepted 1  with params [-3.82127113 -0.1         0.30062603 36.67259277]
at minimum 11.5104 accepted 0  with params [-3.28543421e+00 -3.08463012e-02  1.00000000e-02  3.63241697e+01]
at minimum 10.9766 accepted 1  with params [-3.93014863  0.33129998  0.71820416 37.08779948]
at minimum 11.1405 accepted 1  with params [-4.36567578  0.14132162  0.68667208 37.17857782]
at minimum 13.6799 accepted 0  with params [-4.80748398 -0.0999998   1.09626457 37.08388629]
at minimum 12.2574 accepted 1  with params [-4.75203864  0.11163385  0.16587498 36.90009524]
at minimum 10.9893 accepted 1  with params [-4.57838982e+00  5.31747933e-01  1.00002608e-02  3.68569414e+01]
at minimum 11.4031 accepted 0  with params [-4.89368144e+00  9.90000000e-01  1.00003370e-02  3.66791011e+01]
at minimum 10.0867 accepted 1  with params [-4.27825109e+00  2.49461883e-01  1.00000000e-02  3.72777267e+01]
at minimum 11.4414 accepted 1  with params [-4.82652981  0.74123574  0.25200084 37.34718871]
at minimum 11.2886 accepted 1  with params [-4.8749912   0.99        0.22062367 37.20043216]
at minimum 11.3867 accepted 1  with params [-5.12664487e+00  9.89998487e-01  1.00027622e-02  3.68433171e+01]
at minimum 12.8077 accepted 0  with params [-5.05205505e+00  5.28567870e-01  1.00000000e-02  3.67519301e+01]
at minimum 11.4677 accepted 1  with params [-5.10838493  0.98999838  0.38501055 36.41371312]
at minimum 11.4156 accepted 1  with params [-4.83688872  0.98999988  0.31451353 36.65150911]
at minimum 12.9663 accepted 0  with params [-4.84949701  0.43220333  0.68975527 36.28537485]
at minimum 13.7532 accepted 0  with params [-5.14309778  0.51174443  0.56230497 36.19030454]
at minimum 11.4394 accepted 1  with params [-4.33255712  0.99        0.20906012 36.77701976]
at minimum 11.0120 accepted 1  with params [-3.78911875  0.63007876  0.19642158 37.28011076]
at minimum 11.2793 accepted 1  with params [-4.21571259  0.90988411  0.75857725 37.85479372]
at minimum 11.1451 accepted 1  with params [-4.63786491  0.71003009  0.32680986 37.23848064]
at minimum 11.7525 accepted 1  with params [-4.58111201  0.21450026  0.3197967  36.74837276]
at minimum 10.8801 accepted 1  with params [-4.50891274e+00  5.43179689e-01  1.00000245e-02  3.67821165e+01]
at minimum 11.4740 accepted 1  with params [-4.10687191  0.99        0.14578032 36.72037352]
at minimum 11.4094 accepted 1  with params [-4.52692601e+00  9.90000000e-01  1.00008387e-02  3.65555557e+01]
at minimum 12.3011 accepted 0  with params [-4.94290813  0.53955433  0.22679761 36.85576178]
at minimum 11.5601 accepted 0  with params [-4.86302694e+00  8.77764551e-01  1.00000000e-02  3.65887760e+01]
at minimum 11.3300 accepted 1  with params [-4.04639799e+00  9.00908603e-01  1.00000000e-02  3.63895732e+01]
at minimum 11.0082 accepted 1  with params [-4.32079211  0.4167992   0.2644658  35.86320074]
at minimum 11.2278 accepted 1  with params [-4.52075056  0.77673885  0.20779595 36.33734562]
at minimum 11.5676 accepted 1  with params [-5.04797526  0.99        0.657252   35.94299971]
at minimum 15.4872 accepted 0  with params [-5.55364819  0.46801883  0.94882068 36.19719975]
at minimum 15.0315 accepted 0  with params [-5.55526047  0.47444466  0.19388006 36.39679045]
at minimum 11.7414 accepted 1  with params [-5.59089498  0.99        0.35320715 35.4306209 ]
at minimum 15.4546 accepted 0  with params [-5.41568413  0.42895657  0.62291468 34.89398935]
at minimum 11.6186 accepted 1  with params [-5.05643114  0.98999955  0.80077517 35.76090525]
at minimum 11.5943 accepted 1  with params [-5.54594596  0.99        1.03555803 35.8017036 ]
at minimum 14.9111 accepted 0  with params [-5.34074013  0.45903976  1.19600634 36.01843984]
at minimum 11.6022 accepted 1  with params [-5.0618012   0.94556336  0.49927836 36.1111363 ]
at minimum 11.3547 accepted 1  with params [-4.59776451  0.87686544  0.84691398 36.24225374]
at minimum 11.6189 accepted 0  with params [-4.54610137  0.95204028  0.52611179 35.72496138]
at minimum 11.6592 accepted 0  with params [-4.09447059  0.62462118  1.17840118 35.69218759]
at minimum 11.5507 accepted 1  with params [-4.97428711  0.99        0.97302442 36.3140905 ]
at minimum 11.6156 accepted 1  with params [-4.82347047  0.99        0.840117   36.14855551]
at minimum 12.1741 accepted 0  with params [-4.87439264  0.59401193  0.33413362 36.38440525]
at minimum 11.5969 accepted 1  with params [-5.40939488  0.99        1.35961797 35.8044735 ]
at minimum 11.5719 accepted 1  with params [-5.58258374  0.98999963  1.04117914 35.90090832]
at minimum 11.5715 accepted 1  with params [-5.9252393   0.98999985  1.52110087 35.9090048 ]
at minimum 11.5639 accepted 1  with params [-6.          0.99        1.03749373 36.09519779]
at minimum 11.4506 accepted 1  with params [-5.48836445  0.99        1.47195989 36.45804628]
at minimum 11.6100 accepted 1  with params [-5.96162519  0.99        0.96569807 35.91424782]
at minimum 12.7175 accepted 1  with params [-5.99999926  0.85222211  0.37018065 35.94517453]
at minimum 14.4830 accepted 0  with params [-5.70678009  0.59784234  0.92398792 35.65780687]
at minimum 11.6138 accepted 1  with params [-5.99999998e+00  9.90000000e-01  1.00000000e-02  3.60507344e+01]
at minimum 11.6137 accepted 1  with params [-5.99999958e+00  9.89999524e-01  1.00002813e-02  3.60511107e+01]
at minimum 15.2284 accepted 0  with params [-6.          0.55026572  0.41381343 35.79933736]
at minimum 11.7006 accepted 1  with params [-5.99999993e+00  9.89999994e-01  1.00000072e-02  3.57003331e+01]
at minimum 13.1333 accepted 0  with params [-5.55191982e+00  7.85555264e-01  1.00000000e-02  3.51237115e+01]
at minimum 11.8212 accepted 0  with params [-5.39615889e+00  9.90000000e-01  1.00000000e-02  3.51189864e+01]
at minimum 11.6004 accepted 1  with params [-5.42558251  0.99        0.344675   35.95452792]
at minimum 12.5369 accepted 1  with params [-5.77142533  0.84375735  0.54051812 36.34638321]
at minimum 11.8221 accepted 1  with params [-5.3848732   0.85692988  1.00679526 36.94996896]
at minimum 11.3144 accepted 1  with params [-5.82902711  0.97600144  1.34776901 37.29089466]
at minimum 11.3213 accepted 1  with params [-6.          0.99        0.93375205 37.19083028]
at minimum 11.2745 accepted 1  with params [-5.58650316  0.98999969  1.17101604 37.18827106]
at minimum 11.4501 accepted 0  with params [-5.21549379  0.99        1.43933377 36.82957672]
