at minimum 5.7504 accepted 1  with params [-4.5   0.4   0.05 40.  ]
at minimum 5.8972 accepted 1  with params [-4.58158057  0.4604533   0.32351663 39.50737523]
at minimum 9.5284 accepted 0  with params [-4.71441209e+00 -3.22102040e-02  2.82688769e-01  3.99935229e+01]
at minimum 11.5967 accepted 0  with params [-4.96031944e+00  1.48665198e-01  1.00018440e-02  3.91225843e+01]
at minimum 9.8374 accepted 0  with params [-4.73912281e+00 -1.35670317e-02  4.35296586e-01  3.94029213e+01]
at minimum 5.1468 accepted 1  with params [-4.68927608  0.66720629  0.71037943 39.03339578]
at minimum 5.1786 accepted 1  with params [-4.33255691  0.20995089  0.50634372 38.55158319]
at minimum 4.1997 accepted 1  with params [-4.06196923  0.32261127  0.57904618 38.87980021]
at minimum 4.8354 accepted 1  with params [-3.61033235  0.36312067  0.39306959 39.00969171]
at minimum 4.9889 accepted 1  with params [-3.41014383e+00  8.26138367e-01  1.00000000e-02  3.93380743e+01]
at minimum 804.2812 accepted 0  with params [-3.00000000e+00  3.52184509e-01  1.00000000e-02  3.90408176e+01]
at minimum 4.9652 accepted 1  with params [-3.24213619e+00  9.90000000e-01  1.00000000e-02  3.96960740e+01]
at minimum 5.2244 accepted 1  with params [-3.5843571   0.9899999   0.11332016 40.18509851]
at minimum 5.2868 accepted 1  with params [-3.53967711  0.98999995  0.25138397 40.14538291]
at minimum 4.6440 accepted 1  with params [-3.35168876e+00  9.89999721e-01  1.00000000e-02  4.06369873e+01]
at minimum 5.3460 accepted 1  with params [-3.36093776  0.99        0.23624571 40.31133089]
at minimum 4.8552 accepted 1  with params [-3.65354550e+00  9.90000000e-01  1.00000003e-02  3.98791459e+01]
at minimum 4.7783 accepted 1  with params [-3.30087622e+00  5.98593790e-01  1.00000000e-02  3.99305405e+01]
at minimum 4.7728 accepted 1  with params [-3.38576734e+00  7.91542770e-01  1.00000000e-02  3.99859104e+01]
at minimum 4.5257 accepted 1  with params [-3.50195363e+00  6.19117074e-01  1.00000000e-02  4.03634254e+01]
at minimum 4.7881 accepted 1  with params [-3.72856862e+00  9.20796034e-01  1.00037211e-02  3.99025339e+01]
at minimum 9.0998 accepted 0  with params [-3.24939671e+00  4.26533088e-01  1.00000220e-02  4.02577461e+01]
at minimum 4.8043 accepted 1  with params [-3.57925627e+00  9.90000000e-01  1.00000000e-02  4.00579764e+01]
at minimum 4.8807 accepted 1  with params [-3.84336247e+00  9.44102006e-01  1.00000000e-02  3.96259944e+01]
at minimum 5.0529 accepted 1  with params [-3.62861234  0.72585348  0.14839087 39.56916515]
at minimum 4.8412 accepted 1  with params [-3.64554935e+00  6.21066149e-01  1.00000701e-02  3.91680932e+01]
at minimum 4.7771 accepted 1  with params [-4.11405612e+00  2.36326827e-01  1.00000000e-02  3.91589285e+01]
at minimum 5.9509 accepted 1  with params [-4.31237975e+00 -2.62562257e-02  1.00000000e-02  3.87968339e+01]
at minimum 5.6414 accepted 1  with params [-4.39806698e+00  4.49926524e-01  1.00000000e-02  3.89859483e+01]
at minimum 5.5219 accepted 1  with params [-4.40475519e+00  6.76045613e-01  1.00004681e-02  3.85121976e+01]
at minimum 5.4779 accepted 1  with params [-4.60568389  0.99        0.37833482 38.25088427]
at minimum 5.4002 accepted 1  with params [-4.92762765  0.98999973  0.79463538 38.31440029]
at minimum 5.7290 accepted 1  with params [-4.6774216   0.99        1.25868726 38.20794643]
at minimum 5.7772 accepted 0  with params [-4.19066609  0.81235647  1.54042614 38.45689875]
at minimum 5.5466 accepted 1  with params [-5.15910192  0.98999982  1.57825284 38.16637034]
at minimum 5.5902 accepted 1  with params [-4.93258099  0.98999999  1.7358563  38.63486565]
at minimum 5.5910 accepted 1  with params [-4.60007552  0.88333226  1.61001    38.47314446]
at minimum 6.8424 accepted 0  with params [-5.04009305  0.38955225  1.37725084 38.78988378]
at minimum 5.7008 accepted 0  with params [-4.36884704  0.99        1.35924    38.91959153]
at minimum 5.4897 accepted 1  with params [-4.12292258  0.59891037  1.40097445 38.41111239]
at minimum 5.8345 accepted 1  with params [-4.02469853  0.9899999   1.01696056 38.53254499]
at minimum 5.6005 accepted 1  with params [-4.23618636  0.99        0.71449984 38.62257907]
at minimum 6.4315 accepted 0  with params [-4.64722297  0.54703273  0.24787726 38.35289303]
at minimum 5.0980 accepted 1  with params [-4.22484529  0.70786674  0.23037458 38.3899766 ]
at minimum 5.7266 accepted 0  with params [-3.83220175  0.91047177  0.52628786 38.02599864]
at minimum 5.6557 accepted 1  with params [-4.54202235  0.80962218  0.16436217 38.08000962]
at minimum 5.3819 accepted 1  with params [-4.62225562  0.70697618  0.63680531 38.09017448]
at minimum 5.4286 accepted 1  with params [-4.51544614  0.98999989  0.2101392  38.3539173 ]
at minimum 5.4601 accepted 1  with params [-4.93149011e+00  9.89999967e-01  1.00000000e-02  3.82642181e+01]
at minimum 5.8063 accepted 1  with params [-4.49771275e+00  6.47238782e-01  1.00000000e-02  3.85433435e+01]
at minimum 5.9552 accepted 1  with params [-4.45394515e+00  4.57856488e-01  1.00008108e-02  3.88689689e+01]
at minimum 5.4824 accepted 1  with params [-4.74486996e+00  8.72379379e-01  1.00000000e-02  3.92496141e+01]
at minimum 4.8908 accepted 1  with params [-4.56766615e+00  9.89999814e-01  1.00003466e-02  3.97259175e+01]
at minimum 9.6854 accepted 0  with params [-5.06510273e+00  4.50026346e-01  1.00003254e-02  4.00382087e+01]
at minimum 8.0639 accepted 0  with params [-4.97135487e+00  5.65974130e-01  1.00000000e-02  3.97514435e+01]
at minimum 5.7217 accepted 1  with params [-4.5200152   0.45762743  0.12882008 39.72558267]
at minimum 7.1945 accepted 1  with params [-4.90168777  0.64089405  0.08120513 39.20773688]
at minimum 7.0207 accepted 1  with params [-4.68396525  0.47187809  0.10853634 38.70073965]
at minimum 7.5336 accepted 0  with params [-4.59411647  0.13608811  0.47890904 38.62928395]
at minimum 6.2400 accepted 1  with params [-4.61155838e+00  5.79541758e-01  3.42300845e-02  3.90023984e+01]
at minimum 5.1444 accepted 1  with params [-4.11498451e+00  8.07237685e-01  3.72554915e-02  3.85931516e+01]
at minimum 5.1571 accepted 1  with params [-4.01956692e+00  8.94153679e-01  1.00000000e-02  3.86963979e+01]
at minimum 5.4423 accepted 0  with params [-4.20416650e+00  9.90000000e-01  1.00000000e-02  3.81651077e+01]
at minimum 5.3496 accepted 0  with params [-4.20676996  0.98999999  0.05029435 38.49517623]
at minimum 5.7406 accepted 1  with params [-3.8669365   0.99        0.46667366 38.41452586]
at minimum 5.4486 accepted 1  with params [-4.40102033  0.97006645  0.21557956 38.31853237]
at minimum 5.3568 accepted 1  with params [-4.31605907e+00  9.16415859e-01  1.00000000e-02  3.83701092e+01]
at minimum 5.8741 accepted 1  with params [-3.91070091  0.98999991  0.39502032 38.01151319]
at minimum 5.1975 accepted 1  with params [-4.34395914  0.64741693  0.46868963 37.85085075]
at minimum 5.5937 accepted 1  with params [-4.58433291  0.99        0.87885177 38.27010739]
at minimum 5.0040 accepted 1  with params [-4.39791722  0.58344008  1.19293624 38.17925063]
at minimum 4.9577 accepted 1  with params [-4.33006597  0.05409953  1.59648884 37.74110067]
at minimum 5.8716 accepted 0  with params [-3.82053431 -0.04447254  1.5253907  37.25372407]
at minimum 6.7084 accepted 0  with params [-4.67667026 -0.1         1.20210469 37.49727755]
at minimum 5.0609 accepted 1  with params [-4.47231183  0.30938583  1.39194846 37.22056434]
at minimum 5.3134 accepted 1  with params [-4.13710764 -0.09999987  1.64202861 37.45980237]
at minimum 5.0977 accepted 1  with params [-4.43755256 -0.1         1.90328364 37.38210587]
at minimum 5.3521 accepted 0  with params [-4.38982154  0.13886546  1.81394707 36.97958733]
at minimum 5.8746 accepted 1  with params [-3.98264255 -0.08044316  1.89116441 37.29854672]
at minimum 6.3558 accepted 1  with params [-4.03505981  0.46667813  1.92956515 36.83422991]
at minimum 6.5030 accepted 0  with params [-4.10360984  0.53657286  1.84025831 36.372332  ]
at minimum 5.3008 accepted 1  with params [-4.2218228   0.09579999  1.41609799 36.96117392]
at minimum 5.7315 accepted 1  with params [-4.2749789  -0.1         1.96420156 36.46319441]
at minimum 5.8851 accepted 1  with params [-4.15790049 -0.0999994   1.9999989  36.77637772]
at minimum 6.0648 accepted 1  with params [-4.06207985  0.24906095  2.         37.24748886]
at minimum 5.1753 accepted 1  with params [-4.43609946  0.19809528  1.53018605 36.96611053]
at minimum 9.2641 accepted 0  with params [-4.79572916 -0.1         1.06723903 36.61067462]
at minimum 7.0640 accepted 0  with params [-4.9553098   0.39985366  1.25324373 37.01190002]
at minimum 5.0867 accepted 1  with params [-4.74322452  0.40198618  2.         37.40630104]
at minimum 5.5968 accepted 1  with params [-4.94041346  0.10453758  2.         37.89492779]
at minimum 5.2975 accepted 1  with params [-4.47104856  0.25414122  2.         37.42760778]
at minimum 5.0453 accepted 1  with params [-4.75098715  0.4950469   1.83347165 37.64097185]
at minimum 5.4959 accepted 1  with params [-4.94194091  0.2119481   2.         37.42832465]
at minimum 4.8286 accepted 1  with params [-4.55153363e+00  2.82440042e-02  1.53173511e+00  3.79548761e+01]
at minimum 4.9453 accepted 1  with params [-4.23643234e+00 -2.87355154e-03  1.77212158e+00  3.83792831e+01]
at minimum 5.6450 accepted 0  with params [-4.66439024 -0.1         1.32784636 38.64392007]
at minimum 4.8830 accepted 1  with params [-4.38804965 -0.1         1.95871679 38.1945424 ]
at minimum 4.5042 accepted 1  with params [-4.41810629 -0.1         1.50145851 38.41356609]
at minimum 4.7645 accepted 0  with params [-3.97572371 -0.1         1.35184651 38.91602797]
at minimum 4.9097 accepted 1  with params [-4.00593314 -0.09999997  1.32580409 38.368274  ]
at minimum 5.0647 accepted 1  with params [-4.14008681  0.07285548  1.54723337 38.21154664]
at minimum 5.3382 accepted 1  with params [-4.24942254  0.5726713   1.4618727  38.38045185]
at minimum 5.4571 accepted 0  with params [-3.78820104  0.4252056   0.91738339 38.02998605]
at minimum 5.6847 accepted 0  with params [-4.1270619   0.67387532  1.63640815 38.5518706 ]
at minimum 5.8355 accepted 1  with params [-3.89941458  0.98999973  1.12006621 38.67676254]
at minimum 5.9875 accepted 1  with params [-4.26831899  0.99        1.39245434 38.32814286]
at minimum 2745.9731 accepted 0  with params [-3.69612799  0.98999994  1.62093023 37.78075945]
at minimum 5.5638 accepted 1  with params [-4.38895924  0.67996092  1.88021771 38.52935857]
at minimum 5.8476 accepted 1  with params [-4.25561301  0.98999983  1.81759899 39.06226884]
at minimum 4.7824 accepted 1  with params [-4.36646164  0.49807972  1.60324437 39.41454822]
at minimum 5.7484 accepted 1  with params [-4.11610642  0.98999993  1.72799535 39.3433071 ]
at minimum 609156.0313 accepted 0  with params [-3.73051455  0.93424411  1.94911077 39.85703253]
at minimum 973.3242 accepted 0  with params [-3.68214946  0.99        1.41055519 39.94086637]
at minimum 5.6235 accepted 1  with params [-4.16093572  0.94708494  2.         39.75520763]
at minimum 5.5920 accepted 1  with params [-3.95647121  0.80500685  1.62826894 39.32342525]
at minimum 1309740051901.4854 accepted 0  with params [-3.42441666  0.83434251  1.47259417 39.2805719 ]
at minimum 25122595350.2861 accepted 0  with params [-3.58989318  0.30885226  1.69340845 38.71823787]
at minimum 2265.0027 accepted 0  with params [-3.5308892   0.76062718  1.37350915 39.19602775]
at minimum 5.6826 accepted 1  with params [-3.79461497  0.99        1.04751781 39.02312731]
at minimum 5.2269 accepted 1  with params [-3.6103681   0.38791792  0.95370464 39.12712704]
at minimum 36505.6623 accepted 0  with params [-3.04838438e+00 -1.51618845e-02  8.07077945e-01  3.85150702e+01]
at minimum 4.5047 accepted 1  with params [-3.99531896  0.40904221  0.58056583 38.71429876]
at minimum 4.8703 accepted 0  with params [-3.65167604  0.26482521  0.63479071 39.03082248]
at minimum 7.3985 accepted 0  with params [-4.51173776e+00  3.71929974e-02  2.61299623e-01  3.82080603e+01]
at minimum 5.8559 accepted 0  with params [-3.67120834  0.94658302  0.91688301 38.30909284]
at minimum 5.0298 accepted 1  with params [-3.41813637  0.10819575  0.1616225  38.56013488]
at minimum 5.3917 accepted 1  with params [-3.56466944  0.27521109  0.73150073 38.17536495]
at minimum 4.7436 accepted 1  with params [-3.87420684 -0.1         1.06892177 38.67336064]
at minimum 5.2332 accepted 0  with params [-3.76688244  0.40624079  0.99742765 38.80955459]
at minimum 4.8533 accepted 1  with params [-4.09263457 -0.1         1.56962889 38.69921377]
at minimum 5.6623 accepted 1  with params [-3.67821506  0.39336922  1.14884111 38.12444751]
at minimum 321.9747 accepted 0  with params [-3.32964804  0.46305999  0.61191049 37.56782229]
at minimum 1278.4106 accepted 0  with params [-3.32686819  0.97324509  0.84542583 38.19575689]
at minimum 15361928048470556.0000 accepted 0  with params [-3.16202143  0.80027818  1.16595952 37.82878779]
at minimum 5.5480 accepted 1  with params [-3.7730038   0.08325108  1.20228678 37.79195612]
at minimum 3166.4061 accepted 0  with params [-3.72924624e+00 -2.30386864e-02  1.76745300e+00  3.84060907e+01]
at minimum 2782.2240 accepted 0  with params [-3.69732826  0.06231202  1.63973877 38.00845103]
at minimum 15.4503 accepted 0  with params [-3.76147977  0.44096898  1.54167411 37.18655271]
at minimum 5.6482 accepted 1  with params [-4.26504182  0.48245351  1.7737756  37.90083385]
at minimum 5.7825 accepted 1  with params [-3.95870161  0.09791852  1.78243547 37.71175369]
at minimum 4.9243 accepted 1  with params [-4.29808139 -0.1         1.30906029 37.21396822]
at minimum 5.7661 accepted 0  with params [-4.06884254  0.43589482  1.56684852 37.69840569]
at minimum 4.9122 accepted 1  with params [-4.61536891  0.26366358  1.89271561 37.72631902]
at minimum 5.0608 accepted 1  with params [-4.79816684  0.6446014   1.41759371 37.98086675]
at minimum 5.9111 accepted 0  with params [-5.07881708  0.46747671  1.64331249 38.34008196]
at minimum 5.4484 accepted 0  with params [-4.95421798  0.41343892  1.6488351  38.14666905]
at minimum 6.1142 accepted 0  with params [-4.76179302  0.99        1.60296627 37.36770613]
at minimum 5.4118 accepted 0  with params [-5.0932753  0.99       1.4616572 38.5220023]
at minimum 13.6222 accepted 0  with params [-5.41382085  0.26534659  0.85149328 38.39567157]
at minimum 9.9591 accepted 0  with params [-5.27360985  0.28351982  1.56586555 37.98059602]
at minimum 6.3196 accepted 1  with params [-4.47977465  0.9899999   1.98663784 37.71060003]
