at minimum 4.4140 accepted 1  with params [-4.50000007  0.40000003  0.05       39.99999866]
at minimum 3.2216 accepted 1  with params [-4.08506452  0.59180599  0.50203135 39.73482105]
at minimum 3.5813 accepted 0  with params [-4.11278544  0.30058874  0.4501979  39.63994433]
at minimum 3.3356 accepted 1  with params [-4.19615065  0.27647149  0.78007411 39.60873249]
at minimum 3.4614 accepted 1  with params [-4.32375407  0.20777754  1.07020624 39.23911679]
at minimum 4.3849 accepted 1  with params [-4.78039932  0.42397455  1.23481794 39.25485976]
at minimum 5.0274 accepted 1  with params [-4.56647057  0.29718312  0.74309805 39.68364274]
at minimum 3.7732 accepted 1  with params [-4.36084032  0.57374064  0.34927507 39.53319395]
at minimum 3.7490 accepted 1  with params [-4.55503193  0.83480863  0.05237382 39.40887085]
at minimum 3.5807 accepted 1  with params [-4.1468598   0.7793565   0.53327208 38.91205102]
at minimum 3.5148 accepted 1  with params [-4.06479716  0.64170324  0.72723754 38.62584242]
at minimum 4.0118 accepted 0  with params [-4.56432495  0.41261868  1.03389153 38.65293709]
at minimum 3.9682 accepted 1  with params [-3.86258697  0.83007039  0.76218137 38.74067923]
at minimum 3.7458 accepted 1  with params [-3.69618768  0.57827885  0.6426515  38.77959727]
at minimum 3.3948 accepted 1  with params [-4.13863274  0.4930707   1.06803721 38.8733037 ]
at minimum 4.1169 accepted 0  with params [-4.1426218   0.7470204   1.40873711 38.41355913]
at minimum 3.6252 accepted 1  with params [-3.78494152  0.42610968  0.81660107 38.75892632]
at minimum 3.6157 accepted 1  with params [-3.93558374 -0.05344073  0.49528227 38.92463691]
at minimum 3.7372 accepted 1  with params [-3.90314736  0.1098873   0.0728537  38.66346625]
at minimum 4.0501 accepted 1  with params [-4.09302366  0.04538785  0.54587746 38.2624983 ]
at minimum 3.5782 accepted 1  with params [-3.82300596  0.53675725  0.59918397 38.47272608]
at minimum 3.7120 accepted 1  with params [-3.95065126  0.56355754  0.92027617 38.31664804]
at minimum 3.3923 accepted 1  with params [-4.19966178  0.32246322  0.85799582 38.4896666 ]
at minimum 6.3157 accepted 0  with params [-4.51402347e+00 -1.71001543e-02  7.82049860e-01  3.82229825e+01]
at minimum 4.5914 accepted 0  with params [-4.63378097  0.20867463  1.25534149 38.26313296]
at minimum 5.3847 accepted 0  with params [-4.55842101e+00 -2.65407940e-02  1.12836737e+00  3.83081281e+01]
at minimum 3.5431 accepted 1  with params [-4.29985759  0.64611773  0.78893168 38.29045448]
at minimum 3.7471 accepted 1  with params [-4.75345166  0.94060545  0.889221   38.64579297]
at minimum 4.8982 accepted 0  with params [-4.88625653  0.67922692  0.72099841 38.16450888]
at minimum 4.7779 accepted 0  with params [-5.17890766  0.81397435  0.69021377 38.15329449]
at minimum 3.7781 accepted 1  with params [-4.91100336  0.81387305  1.23231757 38.19718514]
at minimum 3.3633 accepted 1  with params [-4.42387681  0.51169066  1.42830328 38.64497141]
at minimum 3.5889 accepted 1  with params [-4.16052805  0.38819999  1.35277808 38.2615389 ]
at minimum 3.8194 accepted 1  with params [-4.17014194  0.51635694  1.39105798 38.14964743]
at minimum 3.8381 accepted 1  with params [-4.37162487  0.75934577  1.2724441  38.26523237]
at minimum 3.6252 accepted 1  with params [-4.64063863  0.44066783  1.45372922 38.17042003]
at minimum 3.3754 accepted 1  with params [-4.45436255  0.1711139   1.57250744 38.51480508]
at minimum 4.0436 accepted 0  with params [-4.07142364  0.31430471  1.86491184 38.420001  ]
at minimum 5.0819 accepted 0  with params [-4.90540791  0.37110202  1.44836384 38.44003534]
at minimum 3.4490 accepted 1  with params [-3.95786681  0.10389188  1.23904225 38.67046801]
at minimum 2962109583.4138 accepted 0  with params [-3.52676077 -0.09999984  1.54529661 38.51061393]
at minimum 3.3307 accepted 1  with params [-4.01004252 -0.09999994  1.23265146 38.59494638]
at minimum 4.2372 accepted 1  with params [-4.39162181 -0.1         1.20168405 38.50051235]
at minimum 3.2565 accepted 1  with params [-3.93254893 -0.1         0.91912842 38.80195789]
at minimum 3.8845 accepted 0  with params [-3.89768945  0.35098409  1.34052705 38.66260302]
at minimum 3.2335 accepted 1  with params [-3.92785257 -0.09999994  0.81680938 39.07595136]
at minimum 4.1440 accepted 1  with params [-4.08265275 -0.1         0.52010954 38.96502736]
at minimum 3.7738 accepted 1  with params [-3.99615491  0.24754843  0.20516474 38.56308845]
at minimum 4.1199 accepted 1  with params [-4.02370269e+00 -1.00000000e-01  1.00000000e-02  3.89185780e+01]
at minimum 6.4029 accepted 0  with params [-4.38781996 -0.1         0.26192762 38.6529916 ]
at minimum 3.1354 accepted 1  with params [-3.86968457  0.26772313  0.54097955 39.392171  ]
at minimum 63.8963 accepted 0  with params [-3.40802678e+00 -1.71389898e-02  8.18307057e-01  3.96645644e+01]
at minimum 7.9332 accepted 0  with params [-3.47974553  0.7682403   0.85728144 39.8174455 ]
at minimum 3.9852 accepted 1  with params [-3.39884337 -0.09999893  0.58679696 38.87809468]
at minimum 3.8698 accepted 1  with params [-3.95020303e+00 -1.34148949e-02  3.56446592e-01  3.88189890e+01]
at minimum 4.3222 accepted 1  with params [-3.40587477e+00  3.15132786e-02  6.81640881e-01  3.89931169e+01]
at minimum 1299920374886533431296.0000 accepted 0  with params [-3.          0.04719644  1.16799322 38.88093253]
at minimum 73984.7652 accepted 0  with params [-3.06585846  0.24011134  0.83140076 39.281012  ]
at minimum 1252992708224.9336 accepted 0  with params [-3.02852759 -0.1         0.92135517 39.46323284]
at minimum 3.5792 accepted 1  with params [-3.88758151  0.49815271  0.97182097 39.50407645]
at minimum 6.0811 accepted 0  with params [-4.43071074e+00  2.50115471e-02  4.70299934e-01  3.98840649e+01]
at minimum 3.3736 accepted 1  with params [-4.25421807  0.52392541  0.69126935 39.06958662]
at minimum 3.7714 accepted 0  with params [-4.78425368  0.88668079  0.60911295 38.72973293]
at minimum 3.9169 accepted 1  with params [-4.67371693  0.98999993  1.03282204 38.55960794]
at minimum 4.0439 accepted 1  with params [-4.72685861  0.99        1.34741137 38.41944247]
at minimum 4.0588 accepted 1  with params [-4.90764421  0.99        1.82610055 38.70392169]
at minimum 4.1306 accepted 1  with params [-4.52334602  0.82352617  1.99999987 38.69126962]
at minimum 3.9839 accepted 1  with params [-4.96809452  0.98412146  1.78902002 38.87950197]
at minimum 5.0638 accepted 1  with params [-5.35511611  0.70570903  1.58759368 38.50227877]
at minimum 5.8260 accepted 0  with params [-5.60561379  0.75018477  1.42963447 38.05692963]
at minimum 3.7612 accepted 1  with params [-5.78310622  0.99        1.08812285 38.61281653]
at minimum 3.8453 accepted 1  with params [-6.          0.99        1.06702963 38.33157245]
at minimum 5.7872 accepted 0  with params [-5.64508334  0.75124945  1.49100562 38.31408456]
at minimum 4.7037 accepted 0  with params [-5.7814862   0.86445908  1.3535891  38.47637056]
at minimum 3.8229 accepted 1  with params [-5.49910873  0.99        1.24573111 38.18342799]
at minimum 3.9538 accepted 1  with params [-5.15788923  0.99        0.74944435 37.71688145]
at minimum 4.0045 accepted 1  with params [-5.57275949  0.99        0.42063968 37.76267584]
at minimum 3.8671 accepted 1  with params [-5.96083011  0.98999999  0.7683204  38.30830979]
at minimum 3.9635 accepted 1  with params [-5.82219304  0.98999994  0.95365626 37.83257454]
at minimum 6.9402 accepted 0  with params [-6.          0.73572795  1.50272115 37.55475464]
at minimum 6.2544 accepted 0  with params [-5.6913496   0.74301996  1.35474967 37.90404616]
at minimum 3.9488 accepted 1  with params [-5.92172656  0.99        1.29704545 37.82159845]
at minimum 9.1490 accepted 0  with params [-6.          0.59972193  1.05085328 37.83438213]
at minimum 4.1025 accepted 0  with params [-6.          0.99        1.2658979  37.30764842]
at minimum 7.0518 accepted 0  with params [-5.74778737  0.70430982  1.48944868 37.41771356]
at minimum 4.7376 accepted 1  with params [-6.          0.91038675  1.55716982 37.33268259]
at minimum 4.1208 accepted 1  with params [-5.60227182  0.98999999  1.12681589 37.10609249]
at minimum 4.2171 accepted 1  with params [-5.17934757  0.99        0.97005211 36.73223276]
at minimum 4.3452 accepted 0  with params [-4.66277415  0.92363919  1.02845881 36.4593345 ]
at minimum 6.1764 accepted 0  with params [-5.06680201  0.5815015   1.13839172 36.79158227]
at minimum 9.4837 accepted 0  with params [-5.35334711  0.47896123  1.15202634 36.48778745]
at minimum 6.4642 accepted 0  with params [-5.3836769   0.71845129  1.17649468 36.25607652]
at minimum 5.8282 accepted 1  with params [-5.05751866  0.61483573  1.23449864 36.18688313]
at minimum 4.9122 accepted 1  with params [-4.57426112  0.99        1.49516068 35.78630453]
at minimum 4.9992 accepted 1  with params [-5.12007257  0.61131809  1.84921933 35.73943434]
at minimum 8.3886 accepted 0  with params [-5.16115086  0.34754099  1.45955593 36.20260298]
at minimum 5.4493 accepted 0  with params [-4.79426375  0.12803722  1.7466045  35.56986689]
at minimum 6.3845 accepted 0  with params [-5.57485597  0.74759607  1.54779245 35.88081565]
at minimum 5.9237 accepted 0  with params [-5.55144008  0.72113936  1.99999907 36.06540116]
at minimum 4.3589 accepted 1  with params [-4.87563351  0.81936827  1.38258736 36.13392932]
at minimum 4.5364 accepted 0  with params [-4.95671308  0.90566827  1.33290206 35.72922652]
at minimum 6.8004 accepted 0  with params [-5.386659    0.61696474  1.69834075 35.68829985]
at minimum 4.5595 accepted 1  with params [-5.05068068  0.64312839  1.72124756 36.44575941]
at minimum 4.2861 accepted 1  with params [-4.66259486  0.22637265  1.68971887 36.69317341]
at minimum 11.7488 accepted 0  with params [-5.05696603e+00 -2.31901375e-02  1.28251624e+00  3.63799523e+01]
at minimum 5.1150 accepted 0  with params [-4.84993906e+00  3.35901704e-02  2.00000000e+00  3.65606684e+01]
at minimum 9.3090 accepted 0  with params [-5.15153128 -0.1         1.97109546 36.0952822 ]
at minimum 3.7381 accepted 1  with params [-4.43415152  0.39945838  1.28768448 37.07222491]
at minimum 8.0034 accepted 0  with params [-4.73356481  0.14208723  0.80336145 37.26528624]
at minimum 4.5383 accepted 1  with params [-4.99792796  0.75787115  1.09323089 37.44198059]
at minimum 3.8454 accepted 1  with params [-4.68156655  0.67488422  1.49021701 37.2814679 ]
at minimum 4.5157 accepted 1  with params [-4.11589473  0.56157161  1.92286331 37.18040225]
at minimum 4.2999 accepted 1  with params [-4.59561401e+00  1.18424226e-02  1.67649859e+00  3.74335008e+01]
at minimum 3.8986 accepted 1  with params [-4.21399378  0.07552195  1.99999991 37.64906592]
at minimum 2671.7657 accepted 0  with params [-3.63323923  0.62237718  1.57124735 37.84842633]
at minimum 3678.3017 accepted 0  with params [-3.81981297e+00  1.25559896e-02  1.99999995e+00  3.70577056e+01]
at minimum 3240.1723 accepted 0  with params [-3.75736248  0.48219748  1.86983648 37.28162628]
at minimum 4.1927 accepted 0  with params [-3.84177007  0.47128638  1.4324124  38.22023535]
at minimum 750443.6098 accepted 0  with params [-3.76019327  0.40845603  1.99999983 37.91018071]
at minimum 4.4582 accepted 1  with params [-3.97506929  0.22506354  1.83766434 37.0827707 ]
at minimum 1576514774008227954688.0000 accepted 0  with params [-3.48622567  0.63972077  1.99999993 37.59817235]
at minimum 4.2968 accepted 1  with params [-4.45991829  0.68863541  1.63420476 36.57537288]
at minimum 4.1740 accepted 1  with params [-4.45886017  0.08749254  1.5390381  36.44949006]
at minimum 7.6681 accepted 0  with params [-5.05975199  0.06412535  1.78578375 36.56750771]
at minimum 4.1072 accepted 1  with params [-4.1215792  -0.07555051  1.82775464 36.54661646]
at minimum 4.7734 accepted 1  with params [-4.6412193  -0.1         1.8650489  36.22628254]
at minimum 8.1871 accepted 0  with params [-5.00925012 -0.1         1.78304154 35.92582382]
at minimum 7.8904 accepted 0  with params [-5.06051676 -0.1         1.98678063 35.96563254]
at minimum 10.3513 accepted 0  with params [-5.22114724  0.10614898  1.69465326 36.41419464]
at minimum 7.7092 accepted 0  with params [-5.04337567 -0.1         1.98771981 35.99120828]
at minimum 12.9058 accepted 0  with params [-5.22881035 -0.1         1.68973124 36.07570877]
at minimum 4.7903 accepted 1  with params [-4.72888834 -0.1         2.         36.69607234]
at minimum 4.8918 accepted 1  with params [-4.7643724 -0.1        2.        37.0678896]
at minimum 15.0482 accepted 0  with params [-5.32898885e+00 -3.41588989e-02  1.52667601e+00  3.65094659e+01]
at minimum 12.3348 accepted 0  with params [-5.33841131 -0.07630556  1.99999998 37.20707   ]
at minimum 3.7579 accepted 1  with params [-4.30076064 -0.1         2.         37.07627579]
at minimum 3.8725 accepted 1  with params [-4.41885764 -0.0999994   1.8823073  36.76305529]
at minimum 4.5632 accepted 0  with params [-4.63079483 -0.1         1.84236452 36.97376324]
at minimum 8.8067 accepted 1  with params [-4.95527598 -0.1         1.51464269 36.89969066]
at minimum 8.9756 accepted 1  with params [-5.05595623 -0.1         1.74974923 36.83838819]
at minimum 5.5988 accepted 1  with params [-4.77657282 -0.1         1.72179317 37.42320196]
at minimum 3.4690 accepted 1  with params [-4.58753228  0.29521555  1.82659978 37.63762107]
at minimum 3.7423 accepted 1  with params [-4.59319079  0.60457178  2.         38.25196023]
at minimum 3.4305 accepted 1  with params [-4.52479571  0.31530833  1.86053567 37.76313202]
at minimum 3.4816 accepted 1  with params [-4.26689019 -0.06331686  1.58183675 37.88504039]
at minimum 3.3371 accepted 1  with params [-4.22388846 -0.06972536  1.61223168 38.40578937]
at minimum 3.1000 accepted 1  with params [-4.09911409  0.10692241  1.19243745 38.98904882]
at minimum 3.3409 accepted 1  with params [-4.15679855 -0.09999992  1.67695453 38.68510903]
at minimum 2307.0034 accepted 0  with params [-3.62733566 -0.1         1.39001862 38.24051727]
at minimum 3.9679 accepted 0  with params [-4.00597112 -0.1         2.         38.5339284 ]
at minimum 4.1730 accepted 1  with params [-4.58038822  0.31474119  1.12841745 38.92060482]
