at minimum 8.6899 accepted 1  with params [-4.49999895  0.40000041  0.04999997 39.99997905]
at minimum 10.4815 accepted 0  with params [-4.32015003  0.81936743  0.42578437 40.42542021]
at minimum 8.0596 accepted 1  with params [-4.64615221e+00  1.06793883e-01  1.00000229e-02  3.95194262e+01]
at minimum 7.8806 accepted 1  with params [-4.50627058e+00 -1.00000000e-01  1.00000000e-02  3.99278970e+01]
at minimum 8.8109 accepted 0  with params [-4.19961635e+00 -7.16557424e-03  1.00000000e-02  4.03883058e+01]
at minimum 8.5442 accepted 0  with params [-4.29939306e+00  1.18512139e-01  1.00000000e-02  3.95743129e+01]
at minimum 8.0683 accepted 1  with params [-4.6077725   0.18164877  0.48897863 40.39513668]
at minimum 8.7285 accepted 1  with params [-4.76491331  0.48162157  0.07160108 40.41285602]
at minimum 9.0221 accepted 1  with params [-4.96801725  0.62066804  0.56549269 40.25793067]
at minimum 9.5276 accepted 0  with params [-4.67922905  0.6790933   0.07546925 40.51502833]
at minimum 8.1534 accepted 1  with params [-4.51314125  0.27941561  0.33407082 39.83772359]
at minimum 8.1913 accepted 1  with params [-4.71227325  0.40334033  0.80399816 39.41925824]
at minimum 8.8414 accepted 1  with params [-4.97459618  0.37995747  0.34853418 39.2430214 ]
at minimum 9.5942 accepted 0  with params [-4.50215344e+00  6.60801191e-01  1.00000000e-02  3.90648316e+01]
at minimum 9.9229 accepted 1  with params [-5.10393406  0.74085944  0.07486711 39.51437725]
at minimum 10.7010 accepted 1  with params [-4.69428916e+00  9.89999996e-01  1.00000000e-02  3.90308031e+01]
at minimum 10.6689 accepted 1  with params [-4.61507627e+00  9.90000000e-01  1.00000000e-02  3.86803418e+01]
at minimum 10.6692 accepted 1  with params [-4.47125012  0.99        0.05051789 38.40045841]
at minimum 10.6577 accepted 1  with params [-4.08109962e+00  9.90000000e-01  1.00000000e-02  3.82433850e+01]
at minimum 10.6593 accepted 1  with params [-4.42254969  0.98999991  0.07337882 37.96812084]
at minimum 9.7295 accepted 1  with params [-4.80694157  0.73055641  0.07707378 37.60064388]
at minimum 8.7655 accepted 1  with params [-4.59243828  0.51089512  0.37275006 37.80064829]
at minimum 9.6364 accepted 0  with params [-4.74783703  0.74705594  0.32593267 37.5275117 ]
at minimum 9.1297 accepted 0  with params [-4.80747865  0.66909241  0.6356454  37.90462205]
at minimum 9.3697 accepted 1  with params [-4.99449167  0.20183019  0.38952317 37.894319  ]
at minimum 9.2470 accepted 1  with params [-4.75172501e+00  5.82803425e-01  1.00000000e-02  3.79075442e+01]
at minimum 9.0785 accepted 1  with params [-4.88866679  0.09144444  0.22475597 38.28968199]
at minimum 12.5821 accepted 0  with params [-5.34147278e+00  1.22636015e-01  1.00000000e-02  3.83139107e+01]
at minimum 9.1367 accepted 1  with params [-4.88305758e+00  4.46545500e-01  1.00002511e-02  3.78786845e+01]
at minimum 8.0820 accepted 1  with params [-4.47669697e+00 -2.35160458e-02  1.00000000e-02  3.83693486e+01]
at minimum 9.3590 accepted 0  with params [-4.80405820e+00 -1.00000000e-01  1.00000000e-02  3.83043933e+01]
at minimum 9.0365 accepted 1  with params [-4.08776367e+00 -1.00000000e-01  1.00000000e-02  3.86560198e+01]
at minimum 8.4748 accepted 1  with params [-4.26938308e+00 -9.99999604e-02  1.00000620e-02  3.91413085e+01]
at minimum 8.1726 accepted 1  with params [-4.7018862  -0.1         0.11252081 39.41023784]
at minimum 8.2878 accepted 1  with params [-4.74069746e+00  1.83789919e-02  3.33602438e-01  3.94542409e+01]
at minimum 8.5654 accepted 0  with params [-4.79065812e+00  1.39310534e-01  1.00000000e-02  3.93800394e+01]
at minimum 8.6985 accepted 0  with params [-4.34326658  0.36198108  0.69400293 39.14384086]
at minimum 7.9461 accepted 1  with params [-4.38537764  0.12521652  0.68717463 39.35017196]
at minimum 8.0861 accepted 1  with params [-4.41460942  0.16442188  0.26317491 39.33285895]
at minimum 8.2857 accepted 1  with params [-4.47031285 -0.09999975  0.53477063 39.61233717]
at minimum 8.4715 accepted 1  with params [-4.2316454  -0.09999997  0.05388248 39.22654279]
at minimum 9.4527 accepted 1  with params [-3.84013792  0.06228986  0.37761899 39.44464038]
at minimum 10.4543 accepted 1  with params [-3.59165324e+00 -1.00000000e-01  1.00000000e-02  3.97708482e+01]
at minimum 10.6072 accepted 0  with params [-3.43328957e+00 -1.00000000e-01  1.00003696e-02  3.93732440e+01]
at minimum 9.3015 accepted 1  with params [-3.96193391 -0.1         0.19937698 39.94709141]
at minimum 9.5931 accepted 1  with params [-4.08670155e+00  2.52191440e-01  1.00000000e-02  4.04192161e+01]
at minimum 9.7634 accepted 1  with params [-3.91319286e+00 -2.67248944e-02  9.41869531e-02  4.08311205e+01]
at minimum 10.4064 accepted 1  with params [-3.70494707e+00 -1.00000000e-01  1.00000000e-02  4.09513425e+01]
at minimum 10.7456 accepted 1  with params [-3.47844105e+00  3.96231251e-01  1.00000000e-02  4.08854375e+01]
at minimum 1165.5293 accepted 0  with params [-3.11789792 -0.1         0.40257243 41.01175335]
at minimum 1000.6187 accepted 0  with params [-3.22561891  0.25958021  0.47613095 40.67729032]
at minimum 10.7189 accepted 1  with params [-3.87752370e+00  7.35584471e-01  1.00000295e-02  4.09164261e+01]
at minimum 10.0585 accepted 1  with params [-4.04150329e+00  4.49790169e-01  1.00001553e-02  4.06024982e+01]
at minimum 11.2812 accepted 0  with params [-3.63785516  0.85706269  0.23804591 40.73192877]
at minimum 10.7323 accepted 0  with params [-4.54491851e+00  9.33200267e-01  1.00004142e-02  4.09460502e+01]
at minimum 10.4652 accepted 0  with params [-3.83491404e+00  5.50032031e-01  1.00002183e-02  4.04355760e+01]
at minimum 10.6543 accepted 1  with params [-3.91270582e+00  7.58736501e-01  2.42896149e-02  4.04260675e+01]
at minimum 9.6096 accepted 1  with params [-4.15420270e+00  3.63845336e-01  1.00001834e-02  4.06264267e+01]
at minimum 10.2740 accepted 1  with params [-3.77536945  0.36882056  0.32242989 40.53959139]
at minimum 1210.2621 accepted 0  with params [-3.28877492 -0.1         0.72323015 40.51449858]
at minimum 8.4017 accepted 1  with params [-4.29349776  0.10186507  0.7989193  40.26033045]
at minimum 8.1253 accepted 1  with params [-4.41690298 -0.09999998  0.33227171 40.03799991]
at minimum 9.6248 accepted 1  with params [-4.8821038  -0.1         0.37335603 39.61516544]
at minimum 12.5946 accepted 0  with params [-5.17783483 -0.1         0.72219654 39.18011466]
at minimum 8.8879 accepted 1  with params [-4.79218798e+00  2.49726637e-02  8.53667196e-01  3.95250746e+01]
at minimum 8.9298 accepted 1  with params [-4.91202768  0.14378805  0.54935972 39.57781139]
at minimum 9.7887 accepted 1  with params [-5.16211124  0.64699091  0.04737283 40.05778438]
at minimum 8.5026 accepted 1  with params [-4.84008081  0.09208866  0.16854408 40.22442647]
at minimum 8.0927 accepted 1  with params [-4.38390433 -0.1         0.29387703 40.36692145]
at minimum 7.8529 accepted 1  with params [-4.55575903e+00 -1.00000000e-01  1.00002071e-02  4.01702576e+01]
at minimum 8.4837 accepted 1  with params [-4.57504685  0.42975417  0.42577317 39.8606441 ]
at minimum 8.4189 accepted 1  with params [-4.26776184e+00 -4.58690269e-02  3.85612866e-02  3.97049817e+01]
at minimum 8.9086 accepted 0  with params [-4.22402452e+00  2.00964570e-01  1.00000000e-02  3.91699304e+01]
at minimum 8.9172 accepted 1  with params [-4.00513592 -0.1         0.36069435 40.20926862]
at minimum 8.3813 accepted 1  with params [-4.42158305  0.32647262  0.60197476 40.01893995]
at minimum 9.1101 accepted 0  with params [-4.80961837  0.68126448  0.94549753 39.4650324 ]
at minimum 8.2146 accepted 1  with params [-4.3157484   0.07998351  0.42258464 40.03614701]
at minimum 8.1596 accepted 1  with params [-4.63473989  0.10191473  0.68133409 40.13169341]
at minimum 9.1940 accepted 0  with params [-4.74939304 -0.1         0.55408005 39.90048127]
at minimum 8.6969 accepted 0  with params [-5.00286415  0.46619803  0.70432556 40.42779172]
at minimum 8.3194 accepted 1  with params [-4.39359341 -0.06279081  0.98026398 40.44502855]
at minimum 9.9107 accepted 0  with params [-4.04594464 -0.1         1.08409665 40.51966778]
at minimum 9.4152 accepted 1  with params [-4.0623365  -0.09999639  0.94658699 39.93013179]
at minimum 10.5619 accepted 1  with params [-3.85929681 -0.1         1.23124514 39.92996797]
at minimum 11.1301 accepted 0  with params [-3.67624441 -0.1         1.29309435 40.2392456 ]
at minimum 8.1972 accepted 1  with params [-4.25891348 -0.1         0.76600325 39.75493348]
at minimum 8.3642 accepted 0  with params [-4.4368381   0.31063894  0.81326668 39.89143138]
at minimum 9.8706 accepted 1  with params [-3.72870509e+00 -2.49009051e-02  5.46910705e-01  3.94874911e+01]
at minimum 9.8957 accepted 1  with params [-3.76528749 -0.09999997  0.13173575 39.73109878]
at minimum 10.6513 accepted 0  with params [-3.30507024e+00  1.98861073e-01  1.00000151e-02  3.99909059e+01]
at minimum 10.4768 accepted 0  with params [-3.58119202  0.3021674   0.04867205 39.60391342]
at minimum 9.6705 accepted 1  with params [-3.80346181 -0.1         0.19488495 39.64747225]
at minimum 10.1895 accepted 1  with params [-3.71618982e+00  5.65947052e-02  1.00000000e-02  3.97627520e+01]
at minimum 10.3837 accepted 1  with params [-3.74431657  0.41252761  0.19221768 40.12169008]
at minimum 16.7219 accepted 0  with params [-3.22367046e+00  8.28395598e-01  1.00000000e-02  3.99346665e+01]
at minimum 9.9093 accepted 1  with params [-4.01913509e+00  3.34713048e-01  1.00000000e-02  4.04423151e+01]
at minimum 8.1338 accepted 1  with params [-4.47128109  0.18513379  0.04931458 39.94882242]
at minimum 8.4998 accepted 1  with params [-4.13885944  0.09018269  0.59748341 39.4313716 ]
at minimum 10.3043 accepted 0  with params [-3.69793985  0.04835908  0.71413206 39.1017944 ]
at minimum 9.6550 accepted 1  with params [-3.79125452  0.09277958  0.3584514  39.73793549]
at minimum 10.6442 accepted 1  with params [-3.42692128e+00 -9.99999883e-02  1.00000000e-02  3.97495840e+01]
at minimum 10.5372 accepted 1  with params [-3.42084334 -0.1         0.58651715 39.1669755 ]
at minimum 10.4717 accepted 1  with params [-3.66218966  0.19260532  0.70627806 39.09552918]
at minimum 8.6268 accepted 1  with params [-4.00496496 -0.1         0.50526016 38.63524531]
at minimum 9.3782 accepted 0  with params [-3.77171723 -0.1         0.34738833 38.1552983 ]
at minimum 1687.5334 accepted 0  with params [-3.48124291 -0.1         1.11095574 38.10409639]
at minimum 10.3789 accepted 1  with params [-3.3989737  -0.09999991  0.19080162 38.12487659]
at minimum 1072.7430 accepted 0  with params [-3.          0.50273932  0.11880544 38.28833206]
at minimum 10.2011 accepted 1  with params [-3.47919558 -0.1         0.43063468 37.73199293]
at minimum 8443940759107844096.0000 accepted 0  with params [-3.          0.18267904  1.00664922 37.17249223]
at minimum 9.3568 accepted 1  with params [-3.91445965e+00  1.37514609e-03  1.56476775e-01  3.78383443e+01]
at minimum 10.0116 accepted 0  with params [-3.76213687e+00  2.12951278e-01  1.00000000e-02  3.78657819e+01]
at minimum 10.0887 accepted 1  with params [-3.61772456 -0.1         0.12141066 37.6629408 ]
at minimum 10.5064 accepted 1  with params [-3.38143531 -0.1         0.09343533 37.20509934]
at minimum 10.2687 accepted 1  with params [-3.52557567 -0.1         0.58373489 37.32963569]
at minimum 830.5285 accepted 0  with params [-3.03404625 -0.1         0.35241207 36.73303439]
at minimum 1371.2991 accepted 0  with params [-3.18087376  0.07363587  0.75366638 37.3237993 ]
at minimum 9.8018 accepted 1  with params [-4.13789036  0.39985291  0.86775201 37.6424389 ]
at minimum 10.2317 accepted 1  with params [-4.11824159  0.3371663   1.1755116  37.06605986]
at minimum 10.4483 accepted 1  with params [-3.97411500e+00  2.21077522e-02  1.42499533e+00  3.73904226e+01]
at minimum 1802.6528 accepted 0  with params [-3.36609754  0.17379958  1.00296588 37.97115866]
at minimum 10.3062 accepted 1  with params [-4.12551367 -0.09999998  1.70441744 37.36138865]
at minimum 9.4714 accepted 1  with params [-4.37750335 -0.1         1.60832576 36.9025992 ]
at minimum 8.8863 accepted 1  with params [-4.41154015 -0.1         1.3612585  36.50152259]
at minimum 9.2152 accepted 1  with params [-4.49481888 -0.1         1.71196336 36.32995002]
at minimum 10.6488 accepted 0  with params [-4.09475821 -0.07871927  2.         36.6610906 ]
at minimum 10.4228 accepted 0  with params [-4.04971942 -0.1         1.62470316 36.3854731 ]
at minimum 8.1513 accepted 1  with params [-5.02205921 -0.09999993  1.99999998 35.79823105]
at minimum 8.4409 accepted 0  with params [-5.1372879   0.45803518  1.4179254  36.2632629 ]
at minimum 9.0469 accepted 1  with params [-4.60990143 -0.1         1.86459948 36.20282019]
at minimum 10.5691 accepted 1  with params [-4.26801548  0.17908449  2.         35.93926401]
at minimum 9.7791 accepted 1  with params [-4.34920025 -0.1         1.72172322 36.34149983]
at minimum 10.4317 accepted 0  with params [-4.44102303  0.34433736  1.99999974 36.01757249]
at minimum 11.0373 accepted 0  with params [-4.00524766  0.32244642  1.99999947 36.25418151]
at minimum 8.1474 accepted 1  with params [-4.78878258e+00  2.10871800e-02  1.18225051e+00  3.63682333e+01]
at minimum 9.2384 accepted 1  with params [-4.80332266 -0.1         0.96984014 35.80727657]
at minimum 12.3473 accepted 0  with params [-5.36279114  0.09027099  0.97177479 35.82190641]
at minimum 10.2354 accepted 1  with params [-5.10263592 -0.1         1.46263509 35.50906425]
at minimum 9.1118 accepted 1  with params [-5.13250624  0.34336316  1.1747687  36.11845156]
at minimum 15.8283 accepted 0  with params [-5.72851515 -0.06725316  1.02231883 35.85390753]
at minimum 9.1132 accepted 1  with params [-4.77737749  0.48268005  1.58685361 35.59961673]
at minimum 9.4066 accepted 1  with params [-5.02815044  0.74851595  1.01959049 35.05508579]
at minimum 8.2397 accepted 1  with params [-4.74600763  0.22044684  1.50033184 35.08870027]
at minimum 10.5758 accepted 0  with params [-4.30854153  0.24788006  2.         35.37194816]
at minimum 8.4558 accepted 1  with params [-4.42248844  0.06780453  1.08906762 34.71709128]
at minimum 8.1393 accepted 1  with params [-4.48066257 -0.1         1.08686537 35.07580479]
at minimum 9.9318 accepted 0  with params [-4.15567731 -0.1         1.4357982  35.18433829]
at minimum 7.9134 accepted 1  with params [-4.35183121 -0.09912252  0.72585458 35.31623982]
at minimum 8.4871 accepted 1  with params [-4.77409971  0.37716838  0.67028296 35.55352632]
at minimum 10.6092 accepted 0  with params [-4.47780155  0.91879202  0.67602517 36.00726574]
at minimum 9.7798 accepted 0  with params [-4.96973483  0.16498566  0.20898011 35.62608688]
