at minimum 5.8187 accepted 1  with params [-4.5   0.4   0.05 40.  ]
at minimum 6.6723 accepted 1  with params [-4.18437192  0.06989363  0.2663084  40.42876892]
at minimum 6.5783 accepted 1  with params [-4.09057232e+00  5.06257261e-01  2.08371919e-02  4.01538225e+01]
at minimum 6.3711 accepted 1  with params [-4.40012885  0.70490974  0.15074816 39.82003095]
at minimum 6.4692 accepted 1  with params [-4.83488145  0.73208419  0.50537221 40.0236112 ]
at minimum 7.1082 accepted 0  with params [-4.61871736  0.98999992  0.94932459 39.54844624]
at minimum 6.6436 accepted 1  with params [-4.34535761  0.34340072  0.54973353 40.3772108 ]
at minimum 6.2747 accepted 1  with params [-4.84419948  0.70779795  0.29362343 40.52976072]
at minimum 8.0840 accepted 0  with params [-5.01920845  0.43834794  0.60837669 40.40467975]
at minimum 6.6076 accepted 1  with params [-4.81813206e+00  3.89021187e-01  1.00000000e-02  4.01977522e+01]
at minimum 5.9424 accepted 1  with params [-4.56237015e+00  5.00267547e-01  1.00014939e-02  3.99754461e+01]
at minimum 7.4512 accepted 0  with params [-4.88012877  0.36657579  0.29189275 39.55370989]
at minimum 6.1905 accepted 1  with params [-4.38391502e+00  5.59524603e-01  1.00000000e-02  3.98661672e+01]
at minimum 6.2104 accepted 1  with params [-4.44637812e+00  6.24208930e-01  1.00000000e-02  3.96137570e+01]
at minimum 9.2536 accepted 0  with params [-4.92936319  0.14620715  0.32057983 39.47731306]
at minimum 6.4394 accepted 1  with params [-4.79842724e+00  4.82310248e-01  1.00004180e-02  3.97986961e+01]
at minimum 9.9857 accepted 0  with params [-5.14482481e+00  2.28881554e-01  1.00000000e-02  4.01688169e+01]
at minimum 6.4108 accepted 1  with params [-4.77381096  0.56382109  0.32848574 39.70503921]
at minimum 7.1375 accepted 0  with params [-5.01544855  0.61004741  0.60650622 39.58442256]
at minimum 11.1617 accepted 0  with params [-5.25488423  0.25109976  0.44099884 39.84474064]
at minimum 6.5348 accepted 0  with params [-4.64002917  0.56137195  0.76314367 39.96650351]
at minimum 6.4377 accepted 1  with params [-4.91491713  0.80512448  0.19026348 39.23534264]
at minimum 5.9738 accepted 1  with params [-4.51472181e+00  5.21390803e-01  1.00000000e-02  3.89170740e+01]
at minimum 6.6071 accepted 1  with params [-4.10494846e+00  7.89421914e-01  1.00000004e-02  3.85734377e+01]
at minimum 6.8048 accepted 0  with params [-4.2101617   0.90675433  0.46227914 38.99727789]
at minimum 6.2895 accepted 1  with params [-4.16420693  0.53220276  0.16751297 38.28543101]
at minimum 6.5019 accepted 0  with params [-4.61371407  0.87259196  0.54488293 38.49108539]
at minimum 6.9011 accepted 1  with params [-3.74723002  0.79682632  0.25929811 38.45600867]
at minimum 6.9694 accepted 1  with params [-3.52571848  0.82426271  0.3958257  38.46710401]
at minimum 7.1523 accepted 0  with params [-3.29331222  0.98278205  0.09375529 38.83881589]
at minimum 13.9490 accepted 0  with params [-3.21465101  0.99        0.0497074  38.36395833]
at minimum 7.0149 accepted 1  with params [-3.82810036  0.98999996  0.46066214 38.8442728 ]
at minimum 7.1235 accepted 1  with params [-3.34880938  0.98999998  0.243004   38.58503542]
at minimum 7.1072 accepted 1  with params [-3.49442139  0.99        0.15622822 38.82504304]
at minimum 6.8812 accepted 1  with params [-3.74032166  0.99        0.08500158 38.9686747 ]
at minimum 6.7826 accepted 1  with params [-3.90688099e+00  9.89998837e-01  1.00021230e-02  3.88858675e+01]
at minimum 6.8073 accepted 1  with params [-3.50427423e+00  9.89999319e-01  1.00001015e-02  3.90405192e+01]
at minimum 35.2813 accepted 0  with params [-3.21987228e+00  5.75224465e-01  1.00000000e-02  3.86163086e+01]
at minimum 7.0951 accepted 1  with params [-3.36165499e+00  5.12073431e-01  1.00000000e-02  3.87613778e+01]
at minimum 7.1680 accepted 1  with params [-3.44623535  0.17300952  0.28358454 39.02804467]
at minimum 6.7977 accepted 1  with params [-3.72151695  0.24548956  0.36563847 39.34689199]
at minimum 7.0234 accepted 1  with params [-3.46794971e+00  5.65032468e-01  1.00001123e-02  3.88608114e+01]
at minimum 6.9993 accepted 1  with params [-3.35386511e+00  6.86417399e-01  1.00000074e-02  3.89357688e+01]
at minimum 7.0394 accepted 1  with params [-3.61290089  0.99        0.13511607 39.18672199]
at minimum 7.0166 accepted 1  with params [-3.97037911  0.99        0.33960072 39.21351092]
at minimum 6.5904 accepted 1  with params [-4.29703744  0.83038864  0.15404143 39.15081314]
at minimum 6.2816 accepted 1  with params [-4.71465291e+00  7.22890972e-01  1.00000000e-02  3.92591021e+01]
at minimum 6.8023 accepted 1  with params [-4.77000399e+00  9.90000000e-01  1.00000000e-02  3.94619797e+01]
at minimum 6.7939 accepted 1  with params [-4.78086613e+00  9.90000000e-01  1.00000000e-02  3.93767787e+01]
at minimum 6.7973 accepted 1  with params [-5.17205217e+00  9.90000000e-01  1.00000000e-02  3.94935703e+01]
at minimum 6.7647 accepted 1  with params [-4.71768620e+00  9.89999717e-01  1.00005093e-02  3.89759765e+01]
at minimum 6.7403 accepted 1  with params [-5.14694561  0.99        0.39273326 38.43154608]
at minimum 6.6561 accepted 1  with params [-4.96710746  0.75927558  0.60327047 38.40977957]
at minimum 8.2592 accepted 0  with params [-5.48822789  0.68593905  0.14536539 38.31861957]
at minimum 6.2685 accepted 1  with params [-4.60809277  0.56694223  0.94279926 38.56321661]
at minimum 6.6095 accepted 1  with params [-4.75239714  0.21527414  1.45754618 38.91697298]
at minimum 6.7582 accepted 1  with params [-4.43212873 -0.09999995  1.58212603 39.01733947]
at minimum 6.6633 accepted 1  with params [-4.23745832e+00 -2.37084905e-02  1.24127070e+00  3.86702470e+01]
at minimum 6.7745 accepted 1  with params [-3.8501165  -0.0741896   1.71457079 38.49168982]
at minimum 492012578402777408.0000 accepted 0  with params [-3.42173088  0.07457247  1.59516083 38.26173003]
at minimum 878052819237260492800.0000 accepted 0  with params [-3.36208697  0.28277263  1.91097928 37.96314703]
at minimum 6.9015 accepted 1  with params [-3.75778105e+00 -4.45499060e-03  1.48439217e+00  3.87611743e+01]
at minimum 6.6970 accepted 1  with params [-3.63252318  0.3954411   1.05278821 39.08391064]
at minimum 6.8836 accepted 1  with params [-4.09336265  0.73516673  1.3959041  39.21958803]
at minimum 297741292871.8381 accepted 0  with params [-3.67136751  0.71892393  1.89004789 39.2795464 ]
at minimum 6.7785 accepted 1  with params [-3.91100223  0.99        1.31830275 39.28777204]
at minimum 7.0129 accepted 0  with params [-3.89711699  0.99        0.82947194 39.47669939]
at minimum 96.3336 accepted 0  with params [-3.80361282  0.99        1.69172559 39.11567848]
at minimum 7.1137 accepted 0  with params [-4.21115963  0.99        1.05704852 39.24026698]
at minimum 7.0790 accepted 0  with params [-4.23708354  0.94635005  1.30218677 39.33369606]
at minimum 6.9703 accepted 1  with params [-3.91054092  0.9352897   0.9699165  39.67280533]
at minimum 6.8305 accepted 1  with params [-4.10232955  0.45939349  1.2958141  39.72634647]
at minimum 6.8497 accepted 1  with params [-4.37229004e+00  2.35980157e-02  7.41738427e-01  3.95180954e+01]
at minimum 6.5423 accepted 1  with params [-4.29984192  0.24181357  0.74852985 39.9311369 ]
at minimum 7.8855 accepted 0  with params [-4.54278486 -0.09999996  0.59083234 40.02658798]
at minimum 6.5081 accepted 1  with params [-4.37326881  0.46346038  0.41559073 40.14535038]
at minimum 6.6324 accepted 1  with params [-4.87210426  0.88039804  0.8971433  40.37790916]
at minimum 6.4319 accepted 1  with params [-4.41457386  0.46976219  0.3658795  39.9482364 ]
at minimum 6.6678 accepted 1  with params [-3.9826165   0.4038678   0.3024426  40.11857684]
at minimum 6.8346 accepted 1  with params [-4.48604213  0.23520282  0.46252136 39.8971087 ]
at minimum 6.7834 accepted 1  with params [-4.56938805 -0.1         0.24222919 40.35201522]
at minimum 12.7655 accepted 0  with params [-5.01632447 -0.09999987  0.68569827 39.84457156]
at minimum 6.5091 accepted 1  with params [-4.74859732e+00  2.49040460e-01  2.43982138e-02  3.99325161e+01]
at minimum 12.8789 accepted 0  with params [-5.23983034  0.06445302  0.3752782  39.65684509]
at minimum 7.7116 accepted 1  with params [-4.6587228  -0.09999996  0.29736565 39.69614502]
at minimum 6.2201 accepted 1  with params [-4.41935432  0.11721006  0.22954502 39.41292376]
at minimum 6.5829 accepted 0  with params [-3.9483742   0.05710322  0.56236185 38.93406065]
at minimum 8.3373 accepted 0  with params [-4.77962914e+00 -2.35614500e-02  2.33947153e-01  3.89993974e+01]
at minimum 8.4933 accepted 0  with params [-4.65385481 -0.07359279  0.5399823  38.9079111 ]
at minimum 6.6123 accepted 0  with params [-4.34764857  0.25256858  0.53369279 39.40204932]
at minimum 10.1025 accepted 0  with params [-4.83474374 -0.05254395  0.59690642 38.92128792]
at minimum 7.0134 accepted 1  with params [-4.67592538e+00 -1.00000000e-01  1.00000000e-02  3.91081426e+01]
at minimum 8.9418 accepted 0  with params [-4.84040284e+00 -1.00000000e-01  1.00000010e-02  3.89281920e+01]
at minimum 7.9650 accepted 0  with params [-4.77364461e+00 -9.99999935e-02  1.00000663e-02  3.94352042e+01]
at minimum 6.1802 accepted 1  with params [-4.58618324e+00 -1.00000000e-01  1.00000000e-02  3.88712653e+01]
at minimum 8.4977 accepted 0  with params [-4.82387304  0.17586101  0.40726438 38.74322586]
at minimum 5.7182 accepted 1  with params [-4.20909206e+00 -9.99999245e-02  1.00001378e-02  3.84962608e+01]
at minimum 5.5361 accepted 1  with params [-4.45601944e+00 -1.00000000e-01  1.00000000e-02  3.85008949e+01]
at minimum 6.3064 accepted 1  with params [-4.64589901  0.2093777   0.13585338 38.56037874]
at minimum 6.3054 accepted 1  with params [-4.49984021  0.7077078   0.59111344 38.03724685]
at minimum 9.1501 accepted 0  with params [-4.94337709  0.19432238  0.27716044 38.29642883]
at minimum 7.0075 accepted 1  with params [-3.97388839  0.98999925  0.69514032 38.6268411 ]
at minimum 7.0276 accepted 1  with params [-3.62229953  0.99        0.13526299 39.09879365]
at minimum 6.5992 accepted 1  with params [-3.99053453e+00  4.80151182e-01  1.00000000e-02  3.93190148e+01]
at minimum 5.8620 accepted 1  with params [-4.43489728e+00  3.63325236e-01  1.00000000e-02  3.97948137e+01]
at minimum 6.5149 accepted 1  with params [-4.05128438e+00  4.30066292e-01  1.00000000e-02  3.96734633e+01]
at minimum 5.7348 accepted 1  with params [-4.56000111e+00 -9.00739272e-02  1.00000000e-02  3.99299508e+01]
at minimum 6.3927 accepted 1  with params [-4.03409808e+00  1.14616308e-01  1.00000000e-02  3.94266678e+01]
at minimum 6.5004 accepted 1  with params [-4.05364625e+00  3.58623282e-01  1.00000000e-02  3.99229115e+01]
at minimum 6.8444 accepted 1  with params [-3.8105158   0.3591539   0.4146437  40.34537816]
at minimum 6.4566 accepted 1  with params [-4.16829301e+00  5.15121816e-01  1.60264571e-02  4.02233790e+01]
at minimum 7.0165 accepted 1  with params [-4.38255701e+00  9.89999891e-01  1.00002172e-02  4.07558595e+01]
at minimum 7.0160 accepted 1  with params [-4.59042734  0.98999999  0.11378493 40.69406682]
at minimum 6.3987 accepted 1  with params [-4.86150018  0.78554138  0.11875458 41.02141869]
at minimum 7.5417 accepted 1  with params [-5.39565612e+00  6.79689062e-01  1.00000000e-02  4.09663569e+01]
at minimum 12.8104 accepted 0  with params [-5.34040219e+00  9.49296263e-02  1.00016329e-02  4.12579045e+01]
at minimum 8.4230 accepted 1  with params [-5.36852948e+00  5.56681619e-01  3.70446009e-02  4.10307813e+01]
at minimum 6.2917 accepted 1  with params [-4.80355001  0.71807434  0.3012225  40.64220082]
at minimum 6.8939 accepted 1  with params [-4.92202946  0.99        0.16612236 40.12765483]
at minimum 6.6567 accepted 1  with params [-5.31367120e+00  8.43689895e-01  1.00000000e-02  4.05737592e+01]
at minimum 6.7031 accepted 1  with params [-5.42763539  0.93663715  0.26279316 40.34846628]
at minimum 6.4091 accepted 1  with params [-4.94808786  0.81393888  0.26613356 40.33663362]
at minimum 6.9135 accepted 0  with params [-5.41883238  0.99        0.40719152 40.34579069]
at minimum 7.0324 accepted 0  with params [-5.35146831  0.75797158  0.38288709 39.82715725]
at minimum 6.6070 accepted 1  with params [-5.52686427  0.88169736  0.75921316 39.73729362]
at minimum 6.7012 accepted 1  with params [-5.8281951   0.91669395  0.60684311 39.55041686]
at minimum 9.0765 accepted 0  with params [-6.          0.63423017  0.78498884 39.21954737]
at minimum 6.9907 accepted 1  with params [-6.          0.88863746  0.15509443 38.99475997]
at minimum 8.0057 accepted 1  with params [-5.73259264e+00  7.37923918e-01  1.00000007e-02  3.92824433e+01]
at minimum 11.3615 accepted 0  with params [-5.53044980e+00  3.69758281e-01  1.00000000e-02  3.86696423e+01]
at minimum 9.4957 accepted 1  with params [-5.50862765  0.52140005  0.58601825 39.32039464]
at minimum 13.8797 accepted 0  with params [-5.62550604  0.20876339  1.02235541 39.88239662]
at minimum 11.7666 accepted 1  with params [-5.59113105  0.33587928  0.14671049 39.36431065]
at minimum 11.8978 accepted 1  with params [-5.06901946e+00 -6.79809824e-02  1.00000000e-02  3.88437163e+01]
at minimum 14.3737 accepted 0  with params [-5.27957983 -0.07261568  0.13046356 38.34243753]
at minimum 6.1463 accepted 1  with params [-4.65670374  0.53927576  0.22524891 39.02220638]
at minimum 5.9066 accepted 1  with params [-4.50029390e+00  4.55620879e-01  1.00000000e-02  3.93179025e+01]
at minimum 6.7686 accepted 1  with params [-3.90639142e+00  6.84405399e-01  1.00000603e-02  3.94046703e+01]
at minimum 7.2051 accepted 1  with params [-3.38838254  0.91004569  0.10325894 39.67143533]
at minimum 7.1962 accepted 1  with params [-3.69132017  0.99        0.24799524 40.06793777]
at minimum 7.2289 accepted 1  with params [-4.00579893  0.99        0.77768211 40.46182512]
at minimum 7.1188 accepted 1  with params [-4.46329473  0.99        0.44065143 40.64755343]
at minimum 7.1314 accepted 1  with params [-4.94379466  0.99        1.02737922 40.37052178]
at minimum 7.2173 accepted 1  with params [-5.01876675  0.99        1.03425159 40.89835675]
at minimum 7.1533 accepted 1  with params [-5.01792224  0.99        0.58162433 41.17538539]
at minimum 6.4570 accepted 1  with params [-4.55998021  0.61608461  1.01232764 40.61409903]
at minimum 6.5593 accepted 1  with params [-4.28376989  0.39250788  0.44006789 40.14269043]
at minimum 6.6415 accepted 1  with params [-3.97628547  0.28123963  0.43983902 39.87380523]
at minimum 6.8135 accepted 1  with params [-3.85366626  0.61721705  0.37925837 39.74717865]
at minimum 6.8850 accepted 1  with params [-3.68219903  0.32499678  0.60794847 39.1704637 ]
at minimum 7.0294 accepted 1  with params [-3.57935883  0.58256904  0.44457222 39.68652315]
