at minimum 7.7933 accepted 1  with params [-4.49999996  0.40000002  0.05000006 40.00000147]
at minimum 6.1530 accepted 1  with params [-4.56506038e+00 -6.27359099e-02  1.00000000e-02  3.99702802e+01]
at minimum 5.2217 accepted 1  with params [-4.66224296  0.1040752   0.20650941 40.20314769]
at minimum 9.3155 accepted 0  with params [-5.02926987 -0.1         0.04808212 40.55678973]
at minimum 7.7241 accepted 0  with params [-5.10512535e+00  3.25199256e-01  1.00000000e-02  4.03174017e+01]
at minimum 6.3885 accepted 1  with params [-4.60495504  0.32100286  0.42592119 40.28846494]
at minimum 5.9831 accepted 1  with params [-4.59188222  0.16121297  0.12038112 39.96921527]
at minimum 5.9942 accepted 1  with params [-4.60569221e+00  5.51142086e-03  1.00001313e-02  4.01672732e+01]
at minimum 8.9310 accepted 0  with params [-4.24924057e+00  1.46519892e-01  1.00000000e-02  4.05645523e+01]
at minimum 7.6702 accepted 1  with params [-4.97118065 -0.1         0.23182095 40.05355499]
at minimum 13.5534 accepted 0  with params [-5.40654095 -0.1         0.11938256 39.9399081 ]
at minimum 5.9379 accepted 1  with params [-4.91477628 -0.1         0.71212544 39.80648194]
at minimum 5.3400 accepted 1  with params [-4.91411968  0.15735976  0.47215376 39.48422232]
at minimum 9.3610 accepted 0  with params [-5.19662333 -0.05149733  0.48935591 39.35948906]
at minimum 5.9491 accepted 0  with params [-4.85607699 -0.09182168  0.29283137 39.91502547]
at minimum 6.9469 accepted 1  with params [-5.26567574  0.43259777  0.4522491  39.82828427]
at minimum 10.6487 accepted 0  with params [-5.46051265e+00  2.91579403e-02  5.89605096e-01  3.97362361e+01]
at minimum 8.0851 accepted 1  with params [-5.59019786  0.34224849  0.79171423 40.10759012]
at minimum 7.6885 accepted 1  with params [-5.99999998  0.77437259  1.24796423 39.84948656]
at minimum 9.8532 accepted 0  with params [-5.99999941  0.98999976  0.98272792 39.83750508]
at minimum 9.7684 accepted 0  with params [-5.71962443  0.99        1.10986034 39.40820904]
at minimum 7.0166 accepted 1  with params [-6.          0.62966173  1.63170119 40.08080394]
at minimum 8.1400 accepted 0  with params [-6.          0.44025267  1.34188492 39.84436072]
at minimum 7.2683 accepted 1  with params [-5.99999987  0.57461941  1.47358752 40.08851213]
at minimum 6.9118 accepted 1  with params [-5.9357348   0.56876989  1.63767251 40.06365978]
at minimum 6.7712 accepted 1  with params [-6.          0.51913266  2.         40.40132565]
at minimum 6.6944 accepted 1  with params [-5.96761047  0.52217104  1.99999978 39.92968159]
at minimum 6.9500 accepted 1  with params [-5.93012717  0.75070005  2.         39.5372182 ]
at minimum 6.0411 accepted 1  with params [-5.74826591  0.48515818  1.95519831 39.65345428]
at minimum 5.7052 accepted 1  with params [-5.51381285  0.23898602  2.         39.36516773]
at minimum 9.9144 accepted 0  with params [-5.94729848  0.13405503  2.         39.52810207]
at minimum 6.7128 accepted 1  with params [-5.4211976  -0.08046286  2.         39.32167725]
at minimum 5.4770 accepted 1  with params [-5.15037773 -0.1         1.67968762 39.66471153]
at minimum 10.8004 accepted 0  with params [-5.543538   -0.1         1.64829446 39.46973438]
at minimum 5.3301 accepted 1  with params [-5.14335256  0.24544432  1.56448765 39.98737359]
at minimum 5.2838 accepted 1  with params [-5.04921842  0.29760613  1.18140321 40.29823591]
at minimum 7.3987 accepted 0  with params [-4.59829463  0.24324072  1.0657439  40.51574019]
at minimum 5.8064 accepted 1  with params [-5.17595623  0.19998776  1.00842746 39.99294867]
at minimum 6.2893 accepted 0  with params [-5.23917776  0.56754102  0.67493885 39.53566885]
at minimum 7.1184 accepted 0  with params [-4.74999942  0.51687631  0.92471037 40.07303402]
at minimum 7.5539 accepted 0  with params [-5.67233213  0.67811018  0.64661701 40.43048896]
at minimum 6.5465 accepted 1  with params [-5.46940544  0.65007306  1.01994536 39.51788476]
at minimum 8.2845 accepted 0  with params [-5.84463976  0.84967014  0.70891051 39.75298977]
at minimum 9.6164 accepted 0  with params [-5.72064782  0.99        0.83103111 39.13504377]
at minimum 9.3187 accepted 0  with params [-5.56870477  0.21936785  0.64833633 39.24585664]
at minimum 5.6645 accepted 1  with params [-5.00460096  0.33891036  1.36625121 39.85094452]
at minimum 5.8453 accepted 1  with params [-5.11133916  0.04039211  1.15519386 39.43814158]
at minimum 5.1349 accepted 1  with params [-4.7720503  -0.1         1.02330784 39.12820581]
at minimum 6.8776 accepted 0  with params [-5.04702709 -0.09999977  0.93594012 38.90722984]
at minimum 5.7923 accepted 1  with params [-4.72907018 -0.1         1.23989857 39.14600903]
at minimum 5.3044 accepted 1  with params [-4.60378198e+00 -2.43430411e-02  8.11956747e-01  3.88029879e+01]
at minimum 5.2262 accepted 1  with params [-4.53854999 -0.09999997  0.60601568 38.39361699]
at minimum 6.7321 accepted 0  with params [-4.96714107 -0.1         0.72942081 38.39861292]
at minimum 4.9939 accepted 1  with params [-4.89711348e+00 -6.62274843e-03  1.07510153e+00  3.85473976e+01]
at minimum 9.3702 accepted 0  with params [-5.26155806e+00 -6.15375395e-03  5.80952137e-01  3.90536196e+01]
at minimum 9.6731 accepted 0  with params [-5.18899695 -0.1         0.54042418 39.02101111]
at minimum 5.5677 accepted 1  with params [-4.83190349 -0.1         1.38956999 38.83565491]
at minimum 7.6765 accepted 0  with params [-4.65000408 -0.1         1.74831072 38.35206835]
at minimum 7.1186 accepted 1  with params [-4.76939822 -0.1         1.71541226 39.27767204]
at minimum 5.5410 accepted 1  with params [-5.00746045  0.17308327  1.6111021  39.01787932]
at minimum 6.8848 accepted 1  with params [-4.63213843 -0.1         1.31758823 39.52285968]
at minimum 5.5210 accepted 1  with params [-4.65396235 -0.1         0.95719578 39.44365686]
at minimum 5.3535 accepted 1  with params [-4.54140403 -0.1         0.43127903 39.67346935]
at minimum 8.7084 accepted 0  with params [-4.12563209  0.12719605  0.73610398 39.57826278]
at minimum 5.7939 accepted 1  with params [-4.71204095 -0.09999999  0.04806076 39.85505244]
at minimum 5.8623 accepted 1  with params [-4.65112681e+00 -1.00000000e-01  1.00000018e-02  3.93966128e+01]
at minimum 6.8309 accepted 0  with params [-4.43815463e+00 -3.57063528e-03  1.00000000e-02  3.91829347e+01]
at minimum 8.1863 accepted 1  with params [-5.07208123  0.12183188  0.08041307 39.41101545]
at minimum 8.3155 accepted 1  with params [-5.57187265  0.3991547   0.56470255 39.45140705]
at minimum 7.2183 accepted 1  with params [-5.09776627  0.73103382  0.56258319 39.50036785]
at minimum 10.1130 accepted 0  with params [-5.02662027  0.99        0.67393358 39.87018014]
at minimum 9.7592 accepted 0  with params [-5.57259842  0.99        0.85386644 39.40771101]
at minimum 7.0296 accepted 1  with params [-5.22087414  0.27611942  0.46028884 39.99996167]
at minimum 5.2093 accepted 1  with params [-5.04803218  0.20229742  0.92087775 39.75281375]
at minimum 5.6046 accepted 0  with params [-4.56617501 -0.0999999   0.74457663 39.53544077]
at minimum 5.8891 accepted 0  with params [-4.94858916  0.05394536  0.44849182 39.33859639]
at minimum 5.9570 accepted 1  with params [-4.88478324 -0.1         0.42173955 39.91898785]
at minimum 5.5020 accepted 1  with params [-4.59546518 -0.1         0.60742846 40.38938858]
at minimum 5.7164 accepted 1  with params [-4.71522635  0.30454848  0.63284157 39.85795002]
at minimum 7.3487 accepted 0  with params [-4.8386152   0.5814014   1.08063143 39.69393437]
at minimum 8.3114 accepted 0  with params [-4.20657616  0.09604979  0.10642872 39.96689386]
at minimum 7.9906 accepted 0  with params [-4.71413548  0.65887382  0.75932111 40.31656434]
at minimum 7.6193 accepted 0  with params [-5.14917424  0.69692256  0.13136603 39.7804997 ]
at minimum 6.9770 accepted 0  with params [-4.87664684  0.62340955  0.58933096 40.28369462]
at minimum 9.6249 accepted 0  with params [-4.37891831  0.80631112  0.62918924 40.0395255 ]
at minimum 8.3559 accepted 0  with params [-5.18577397 -0.05212482  0.8583188  40.24434285]
at minimum 7.5581 accepted 0  with params [-4.67457326  0.34377222  1.17408877 40.38140973]
at minimum 7.7251 accepted 0  with params [-4.28683783  0.18578509  0.53006452 40.08992975]
at minimum 5.8155 accepted 1  with params [-4.66048612  0.19756242  0.64641946 40.17864717]
at minimum 9.7131 accepted 0  with params [-4.20452339  0.29412703  1.15130447 40.18460429]
at minimum 9.3864 accepted 0  with params [-4.27692388  0.74216986  0.47829336 39.81915698]
at minimum 6.2273 accepted 1  with params [-4.82402637  0.36123828  0.10328357 40.69031909]
at minimum 8.9478 accepted 0  with params [-4.45452439e+00  5.48479384e-01  1.00000389e-02  4.08826639e+01]
at minimum 9.7685 accepted 0  with params [-4.67570411  0.90366207  0.55936875 40.43524579]
at minimum 7.0617 accepted 0  with params [-5.01747557e+00  4.15831594e-01  1.00000000e-02  4.01978093e+01]
at minimum 5.4515 accepted 1  with params [-4.81603378  0.2648129   0.60918086 41.02840085]
at minimum 9.0372 accepted 0  with params [-5.25578810e+00 -2.39112927e-03  5.78122046e-01  4.08364672e+01]
at minimum 5.5769 accepted 1  with params [-4.81183449e+00 -2.08232744e-02  1.02442387e+00  4.08379858e+01]
at minimum 5.6064 accepted 1  with params [-4.62916881 -0.1         0.68269896 40.5202896 ]
at minimum 6.7668 accepted 1  with params [-4.37330161 -0.06925734  0.32440534 40.58746254]
at minimum 7.8298 accepted 0  with params [-4.21680973 -0.07126469  0.58245357 40.86631476]
at minimum 5.8779 accepted 1  with params [-4.70192175e+00 -1.00000000e-01  1.00000000e-02  4.09684213e+01]
at minimum 9.1387 accepted 0  with params [-4.16785626e+00 -9.99999759e-02  1.00000065e-02  4.10875117e+01]
at minimum 6.0099 accepted 1  with params [-4.74580749e+00 -9.99999720e-02  1.00000510e-02  4.09491856e+01]
at minimum 8.9501 accepted 0  with params [-4.34150018e+00  2.93364064e-01  2.14091647e-02  4.14155152e+01]
at minimum 13.2014 accepted 0  with params [-5.32529506e+00 -9.99998844e-02  1.00002111e-02  4.03788911e+01]
at minimum 4.9409 accepted 1  with params [-4.69304775 -0.1         0.17368281 40.66081805]
at minimum 7.0971 accepted 0  with params [-5.14247061  0.25222059  0.24268701 41.07331475]
at minimum 7.0661 accepted 1  with params [-4.96428156e+00 -7.02062216e-03  1.62435332e-01  4.05992951e+01]
at minimum 7.3273 accepted 1  with params [-4.39998270e+00 -1.00000000e-01  1.00000000e-02  4.08049747e+01]
at minimum 7.9820 accepted 0  with params [-4.46852913  0.48446592  0.28415792 40.66322022]
at minimum 7.3603 accepted 1  with params [-4.87720831e+00 -9.99999363e-02  1.00000000e-02  4.13543654e+01]
at minimum 5.6980 accepted 1  with params [-4.63411379 -0.1         0.62599822 41.033783  ]
at minimum 6.2473 accepted 1  with params [-4.6778324  -0.1         1.10182222 40.48900969]
at minimum 6.9145 accepted 1  with params [-4.43442768 -0.1         0.87996716 40.02359434]
at minimum 5.8235 accepted 1  with params [-4.79218011 -0.1         1.3107605  39.82518328]
at minimum 9.5177 accepted 0  with params [-4.26161034 -0.09999987  1.4444095  40.01073838]
at minimum 6.2167 accepted 1  with params [-5.26677538 -0.09999989  1.747955   40.38511663]
at minimum 7.5540 accepted 0  with params [-4.85537329  0.13401184  1.79281742 40.64175594]
at minimum 5.5898 accepted 1  with params [-5.26262653  0.19145116  2.         40.51834968]
at minimum 6.2877 accepted 1  with params [-5.87009259  0.53013985  2.         40.72056448]
at minimum 7.1426 accepted 0  with params [-5.75681739  0.28065552  1.99999999 40.90045992]
at minimum 6.3255 accepted 1  with params [-5.36761225  0.54930761  1.99999873 40.87100564]
at minimum 7.4597 accepted 0  with params [-5.6736477   0.17625046  2.         40.80624794]
at minimum 6.1126 accepted 1  with params [-5.43304137  0.561417    2.         40.71657111]
at minimum 8.5568 accepted 0  with params [-5.11193116  0.61098093  1.99999948 40.96406965]
at minimum 8.9090 accepted 0  with params [-5.16139762  0.74819181  1.7117506  41.31348895]
at minimum 10.3636 accepted 0  with params [-5.65340665  0.99        1.66267711 40.30220336]
at minimum 5.8010 accepted 1  with params [-5.42306619  0.5215873   2.         40.4028506 ]
at minimum 6.8662 accepted 1  with params [-5.83357563  0.41858138  1.73293444 40.98079213]
at minimum 10.2688 accepted 0  with params [-6.          0.14292533  1.55678146 41.51762433]
at minimum 6.1246 accepted 1  with params [-5.81835191  0.52764362  1.94629831 41.37275857]
at minimum 8.3589 accepted 0  with params [-6.          0.331938    1.52549445 41.43226644]
at minimum 7.2303 accepted 1  with params [-5.99999999  0.39978427  1.99999997 41.74394449]
at minimum 7.8351 accepted 1  with params [-6.          0.32560394  2.         41.19978364]
at minimum 11.1881 accepted 0  with params [-6.          0.08427799  1.6197155  41.33653241]
at minimum 7.0017 accepted 1  with params [-5.56188283  0.09338607  2.         41.16328053]
at minimum 6.2775 accepted 1  with params [-5.30505606 -0.1         1.89006593 41.11267462]
at minimum 8.2811 accepted 0  with params [-5.51055098 -0.1         2.         41.0554764 ]
at minimum 6.5398 accepted 1  with params [-5.06758918 -0.1         2.         40.92103058]
at minimum 8.1747 accepted 0  with params [-4.61074189e+00 -3.93027194e-03  1.51826510e+00  4.04557895e+01]
at minimum 6.6541 accepted 1  with params [-5.38528011 -0.1         2.         41.3798218 ]
at minimum 6.1035 accepted 1  with params [-5.82399369  0.50389049  2.         41.49974815]
at minimum 10.5073 accepted 0  with params [-5.89875866  0.98999997  1.69305071 41.00095234]
at minimum 5.6645 accepted 1  with params [-5.57707828  0.41760509  1.9209285  41.08087329]
at minimum 5.5874 accepted 1  with params [-5.48959205  0.44480862  1.85011683 41.19394334]
at minimum 10.1355 accepted 0  with params [-5.17382402  0.87120749  1.99999991 40.86427886]
at minimum 7.3789 accepted 0  with params [-5.62590156  0.19624479  1.79877885 41.23394585]
at minimum 7.9686 accepted 0  with params [-5.75796514  0.2911963   1.3084868  41.59513182]
at minimum 10.6426 accepted 0  with params [-6.          0.99        1.92367529 41.31065326]
at minimum 7.5573 accepted 0  with params [-4.92509078  0.16424473  1.84128576 41.30445717]
