at minimum 3.9343 accepted 1  with params [-4.5   0.4   0.05 40.  ]
at minimum 6.2068 accepted 0  with params [-4.37305062e+00  8.62940589e-01  1.00000962e-02  4.04944047e+01]
at minimum 5.4396 accepted 0  with params [-4.18951407e+00  5.30383852e-01  1.00000000e-02  3.98499640e+01]
at minimum 5.6515 accepted 0  with params [-4.68522543  0.83550712  0.48135678 40.06058395]
at minimum 3.4415 accepted 1  with params [-4.62451437e+00  1.04080392e-01  1.00000000e-02  3.95928994e+01]
at minimum 4.0129 accepted 0  with params [-4.8503135   0.56481509  0.34833624 39.92382273]
at minimum 5.8547 accepted 1  with params [-4.7925923  -0.09459488  0.23182776 39.17841943]
at minimum 10.5761 accepted 0  with params [-5.13527310e+00 -1.00000000e-01  2.79435687e-02  3.96306090e+01]
at minimum 5.4079 accepted 1  with params [-4.73797484e+00 -9.92964879e-03  7.17528346e-01  3.92004015e+01]
at minimum 8.9341 accepted 0  with params [-5.18563069  0.1142855   0.55447501 38.70299983]
at minimum 4.4414 accepted 1  with params [-4.59916445  0.28863887  1.10031558 39.14274476]
at minimum 5.6014 accepted 1  with params [-4.81479011 -0.1         1.04497517 39.24055548]
at minimum 4.7733 accepted 1  with params [-4.46957145  0.21391302  1.28568002 39.27548943]
at minimum 4.5789 accepted 1  with params [-4.38606752 -0.1         0.85835136 39.63719318]
at minimum 6.4649 accepted 0  with params [-3.90041034  0.37563164  1.16570026 39.73701176]
at minimum 4.9349 accepted 1  with params [-4.29339593 -0.09999943  0.39119985 39.66292548]
at minimum 5.5929 accepted 1  with params [-4.04787644  0.34933061  0.71762552 39.87491342]
at minimum 6.4432 accepted 1  with params [-3.62692727  0.14345824  0.96907687 39.68590948]
at minimum 6.1831 accepted 1  with params [-3.93414962 -0.1         1.39177223 39.59737583]
at minimum 1651.5056 accepted 0  with params [-3.43689047 -0.1         1.08005948 39.8639255 ]
at minimum 2347.8173 accepted 0  with params [-3.6290547   0.23598782  1.38289846 39.23923441]
at minimum 1734238564791262380032.0000 accepted 0  with params [-3.45609123 -0.1         1.85742122 39.66153365]
at minimum 6.0207 accepted 1  with params [-4.22633972  0.31300417  1.48407723 39.45905539]
at minimum 5.6737 accepted 1  with params [-4.24423654  0.5035183   1.04934485 39.22271369]
at minimum 6.5459 accepted 1  with params [-4.23779586  0.85676872  1.05486475 39.25033623]
at minimum 5.4143 accepted 1  with params [-4.38732283  0.46560182  1.2024679  39.11165524]
at minimum 4.9448 accepted 1  with params [-4.70521765  0.48311484  1.47256362 39.26923128]
at minimum 4.9581 accepted 1  with params [-4.76038745  0.62448455  1.13226538 39.58004489]
at minimum 7.0152 accepted 0  with params [-4.68504009  0.99        1.62089513 39.33097588]
at minimum 5.1432 accepted 1  with params [-5.12405822  0.40925507  0.96219358 39.10389594]
at minimum 5.0173 accepted 1  with params [-5.00177149  0.33045935  0.83127481 39.42436207]
at minimum 5.4042 accepted 1  with params [-4.76741528  0.77390903  1.11215007 39.03903984]
at minimum 6.3267 accepted 0  with params [-4.52429952  0.90168919  0.84075145 39.44082245]
at minimum 5.3502 accepted 1  with params [-5.23962515  0.87575596  0.81491951 39.00917577]
at minimum 5.5763 accepted 1  with params [-4.86637997  0.87629144  0.75041778 39.04068275]
at minimum 4.7526 accepted 1  with params [-5.16430046  0.66832917  1.16244038 39.53879746]
at minimum 9.1259 accepted 0  with params [-5.61173111  0.25207729  1.46412403 39.22766444]
at minimum 5.4426 accepted 0  with params [-4.79442881  0.78943992  0.87163812 39.76661143]
at minimum 6.1906 accepted 0  with params [-5.47058701  0.94724506  1.58532009 39.70081308]
at minimum 4.5421 accepted 1  with params [-4.9356444   0.54688257  1.10342642 39.2642868 ]
at minimum 5.2125 accepted 1  with params [-4.72224978  0.75402689  0.66304855 39.61382368]
at minimum 6.1989 accepted 0  with params [-4.32130852  0.83993237  0.54234534 39.8962596 ]
at minimum 5.0529 accepted 1  with params [-5.09524944  0.78197317  0.94348176 39.58723712]
at minimum 5.9345 accepted 0  with params [-5.2868701   0.43319427  0.66845813 39.32894862]
at minimum 6.5482 accepted 1  with params [-4.93082232  0.98999887  0.57848841 39.76354317]
at minimum 6.3235 accepted 1  with params [-5.27821954  0.99        0.21286716 39.50436158]
at minimum 6.3576 accepted 1  with params [-5.13185950e+00  9.90000000e-01  1.00007847e-02  3.96846513e+01]
at minimum 6.1575 accepted 1  with params [-5.51265875e+00  5.36321928e-01  1.00000000e-02  3.99580850e+01]
at minimum 5.7002 accepted 1  with params [-5.94148229e+00  7.18313137e-01  1.00000000e-02  3.95895910e+01]
at minimum 7.5650 accepted 0  with params [-5.92066545  0.47339819  0.38958564 39.26060341]
at minimum 6.4659 accepted 1  with params [-5.94268493e+00  6.10318303e-01  1.00000000e-02  3.91526056e+01]
at minimum 5.6316 accepted 1  with params [-6.00000000e+00  8.96311331e-01  1.00026629e-02  3.92782183e+01]
at minimum 6.3836 accepted 0  with params [-5.51010777  0.99        0.44869536 39.70773797]
at minimum 5.8465 accepted 0  with params [-5.99999982e+00  9.37189816e-01  1.00000000e-02  3.93239213e+01]
at minimum 7.0644 accepted 0  with params [-6.00000000e+00  5.41340784e-01  1.00000000e-02  3.96847823e+01]
at minimum 6.1491 accepted 1  with params [-5.46662102  0.99        0.33234184 38.82919425]
at minimum 5.3398 accepted 1  with params [-5.98656008  0.8458853   0.82950647 38.7580773 ]
at minimum 5.5049 accepted 0  with params [-5.93268033  0.89025105  0.8837705  39.23560824]
at minimum 5.1818 accepted 1  with params [-5.44963526  0.83466571  0.39106559 39.19292317]
at minimum 4.8522 accepted 1  with params [-5.17780158e+00  6.12393066e-01  1.00000000e-02  3.94948429e+01]
at minimum 3.3087 accepted 1  with params [-4.63584494e+00  2.84776652e-01  1.00000000e-02  3.89556504e+01]
at minimum 3.6524 accepted 1  with params [-4.59315029e+00  4.01620454e-01  1.00001311e-02  3.86942979e+01]
at minimum 8.4083 accepted 0  with params [-4.94858531e+00 -1.00000000e-01  1.00000000e-02  3.82949194e+01]
at minimum 5.6107 accepted 0  with params [-4.76042553e+00  9.78448439e-03  5.30495218e-01  3.88687501e+01]
at minimum 5.2703 accepted 0  with params [-4.50860805  0.7363397   0.53981066 39.0700452 ]
at minimum 5.8495 accepted 0  with params [-4.37313648e+00  8.59288147e-01  1.00001785e-02  3.92163069e+01]
at minimum 4.9858 accepted 0  with params [-4.15042068  0.44998326  0.0437747  38.41056462]
at minimum 3.3787 accepted 1  with params [-4.70079458  0.3735041   0.10567517 38.81771957]
at minimum 4.1180 accepted 0  with params [-4.88378790e+00  5.44098242e-01  1.00014147e-02  3.86329980e+01]
at minimum 4.3726 accepted 0  with params [-4.17781969e+00  3.35871638e-02  2.83275403e-01  3.83800573e+01]
at minimum 4.7893 accepted 0  with params [-4.37635268e+00  5.97978154e-01  1.00000000e-02  3.83180047e+01]
at minimum 4.9385 accepted 0  with params [-5.04729758e+00  7.92881662e-01  1.00000196e-02  3.83200306e+01]
at minimum 4.5544 accepted 0  with params [-5.08313838  0.71158538  0.51350105 39.00210374]
at minimum 4.5062 accepted 0  with params [-4.70119475e+00 -2.70396130e-02  1.00000001e-02  3.86475391e+01]
at minimum 4.2829 accepted 1  with params [-4.98544502  0.54584658  0.51786163 38.90722817]
at minimum 5.0524 accepted 1  with params [-5.10448876  0.44708805  0.24038389 38.67694339]
at minimum 5.2379 accepted 1  with params [-5.36243209  0.59335806  0.77913576 38.46908   ]
at minimum 6.1063 accepted 1  with params [-5.29612267  0.99        0.45761135 38.52416957]
at minimum 5.3993 accepted 1  with params [-5.27998839e+00  8.84568807e-01  1.00000000e-02  3.81882346e+01]
at minimum 6.1466 accepted 1  with params [-4.79915366  0.98999996  0.34959973 38.39800067]
at minimum 6.0953 accepted 1  with params [-5.27564692  0.99        0.82653523 38.12915597]
at minimum 6.1414 accepted 1  with params [-5.43264751  0.99        0.94332343 38.4172108 ]
at minimum 6.2971 accepted 1  with params [-5.15171707  0.98999997  0.89340093 38.69071262]
at minimum 5.4244 accepted 1  with params [-5.59231774  0.88108452  0.45549335 38.94708914]
at minimum 4.7498 accepted 1  with params [-5.22748403  0.7419934   0.68693593 39.40364284]
at minimum 4.9186 accepted 1  with params [-5.40797612  0.75992244  1.19282112 39.46088205]
at minimum 9.2353 accepted 0  with params [-5.68202795  0.28538537  0.86352155 39.54619429]
at minimum 10.7772 accepted 0  with params [-5.88608515  0.22937059  0.87352086 38.98069348]
at minimum 4.5473 accepted 1  with params [-5.02018223  0.40369597  1.20547131 39.45633105]
at minimum 4.3534 accepted 1  with params [-4.6617767   0.34431715  0.72087412 39.40127087]
at minimum 5.2132 accepted 1  with params [-4.22358906  0.46667727  0.75196168 38.88649172]
at minimum 4.7002 accepted 1  with params [-4.31444148  0.30294523  0.6419552  39.01235006]
at minimum 4.2653 accepted 1  with params [-4.41213568 -0.09999996  0.28416743 38.69436208]
at minimum 4.2489 accepted 1  with params [-4.65184122  0.38812346  0.55653524 39.02997941]
at minimum 4.3115 accepted 1  with params [-4.71488066  0.3266818   0.82861333 38.71273578]
at minimum 4.4753 accepted 1  with params [-4.75158506  0.17400022  0.88378592 38.44847231]
at minimum 4.4933 accepted 1  with params [-4.57647191  0.25323936  1.2984514  38.70019545]
at minimum 5.0786 accepted 1  with params [-4.87891133e+00  1.21301695e-02  1.20789972e+00  3.89698626e+01]
at minimum 5.4743 accepted 0  with params [-5.33202916  0.28299452  1.72981963 39.13995345]
at minimum 4.8818 accepted 1  with params [-5.0585288   0.12551526  1.52836968 38.7340078 ]
at minimum 7.1053 accepted 0  with params [-5.28974646  0.29872058  1.10865405 38.13848492]
at minimum 6.7215 accepted 0  with params [-5.02765671 -0.1         1.31264488 38.60339629]
at minimum 6.3756 accepted 1  with params [-4.54939851  0.73077681  2.         38.5072353 ]
at minimum 6.5959 accepted 1  with params [-4.35941774  0.79322101  1.99999985 38.27736976]
at minimum 5.8605 accepted 1  with params [-4.47183926  0.39936693  2.         38.25579976]
at minimum 5.1065 accepted 1  with params [-4.64869211  0.53092594  1.50312291 38.48600588]
at minimum 4.7441 accepted 1  with params [-4.76073868  0.25159993  1.99999998 38.86628321]
at minimum 5.6357 accepted 1  with params [-4.49821385  0.25932043  2.         38.62294317]
at minimum 6.1598 accepted 0  with params [-4.11210905  0.21810167  1.62755288 38.91631342]
at minimum 6.4247 accepted 0  with params [-3.97983465 -0.1         1.9811232  38.94942349]
at minimum 5.7527 accepted 1  with params [-4.59395922  0.45839668  2.         38.62771675]
at minimum 6.8012 accepted 1  with params [-4.43097948  0.92791319  2.         38.47028934]
at minimum 6.9621 accepted 1  with params [-4.46371106  0.99        1.85089907 38.83357207]
at minimum 5.7112 accepted 1  with params [-4.96364405  0.86641421  1.31342315 38.86221082]
at minimum 6.9542 accepted 0  with params [-4.65322145  0.98999967  1.58102934 39.11934627]
at minimum 6.5452 accepted 1  with params [-5.25239794  0.99        1.75075868 38.43070322]
at minimum 6.0229 accepted 1  with params [-5.59650793  0.4080154   2.         38.89716278]
at minimum 10.6968 accepted 0  with params [-5.61761443  0.07056654  1.95495786 38.28549301]
at minimum 4.5736 accepted 1  with params [-5.27432915  0.50656817  1.81747547 39.38742669]
at minimum 5.1270 accepted 0  with params [-5.07775114  0.09268108  1.59339222 39.86140485]
at minimum 4.3570 accepted 1  with params [-4.68863863  0.27532449  1.20660704 39.10891483]
at minimum 4.7200 accepted 1  with params [-4.72852172e+00  3.24448124e-02  1.74791586e+00  3.96517681e+01]
at minimum 4.7420 accepted 1  with params [-4.65721789e+00 -3.84116529e-02  1.24801221e+00  4.01829888e+01]
at minimum 6.2310 accepted 1  with params [-4.06278234 -0.1         1.64479709 39.78300306]
at minimum 4087.8339 accepted 0  with params [-3.8477647   0.09105983  2.         40.37534161]
at minimum 5.2857 accepted 1  with params [-4.40519513 -0.09999998  1.66226057 40.17140795]
at minimum 5.9348 accepted 0  with params [-4.53487246  0.35025256  1.99999984 39.63979548]
at minimum 6.0027 accepted 0  with params [-3.82599833 -0.1         1.07261485 39.6737486 ]
at minimum 6.4374 accepted 0  with params [-4.15958937  0.19254298  1.65497662 40.23913129]
at minimum 6.6891 accepted 1  with params [-3.83361606  0.36658698  1.20429177 40.21404741]
at minimum 1292.9101 accepted 0  with params [-3.33919848  0.49108219  0.7855756  40.80900055]
at minimum 6.5619 accepted 1  with params [-3.65847293  0.15997668  0.93048206 40.31695325]
at minimum 130065843118480195584.0000 accepted 0  with params [-3.16631725 -0.1         1.26212625 40.29394024]
at minimum 4.9482 accepted 1  with params [-4.13733766 -0.1         0.79635586 40.32700534]
at minimum 5.6865 accepted 0  with params [-3.93058603 -0.09999998  0.95622592 40.30457431]
at minimum 5.0437 accepted 1  with params [-4.05290382 -0.1         0.84456384 39.99663437]
at minimum 5.3610 accepted 1  with params [-4.31402984  0.46036159  0.74535774 40.46381329]
at minimum 6.2185 accepted 0  with params [-3.77762517 -0.1         0.88135346 41.07565732]
at minimum 5.0903 accepted 1  with params [-4.2450825   0.13381936  0.98658881 40.1801375 ]
at minimum 6.2065 accepted 0  with params [-3.92125654 -0.1         1.31729798 39.99637879]
at minimum 4.8600 accepted 1  with params [-4.19812306 -0.1         0.71726559 40.37994279]
at minimum 4.5166 accepted 1  with params [-4.63579119  0.16158248  1.06330665 40.01258172]
at minimum 6.7772 accepted 0  with params [-4.793861   -0.1         0.54610022 39.40184697]
at minimum 4.9467 accepted 1  with params [-4.85374498  0.47412004  1.49726466 40.55963566]
at minimum 4.7305 accepted 1  with params [-5.16031924  0.59164953  0.90581492 41.13185618]
at minimum 6.4656 accepted 0  with params [-5.35794691  0.91845374  1.4230288  41.64319832]
at minimum 5.2762 accepted 0  with params [-5.67949866  0.79761454  1.4781623  41.43233624]
at minimum 6.4103 accepted 0  with params [-5.06806108  0.21534444  0.75621209 40.62912067]
at minimum 9.6545 accepted 0  with params [-5.12148267e+00  2.31438065e-04  5.62439740e-01  4.08245975e+01]
at minimum 6.9148 accepted 0  with params [-5.28651261  0.9856392   0.8471189  41.25277477]
at minimum 6.5365 accepted 0  with params [-5.64252115  0.46917997  0.50016772 40.82993201]
