at minimum 4.7097 accepted 1  with params [-4.49999994  0.40000001  0.05000006 40.00000056]
at minimum 8.2269 accepted 0  with params [-4.87841487  0.30466336  0.15594737 40.1405379 ]
at minimum 5.4244 accepted 1  with params [-4.51654745  0.2445224   0.27136289 40.38810427]
at minimum 8.1535 accepted 0  with params [-4.8613442   0.30426975  0.06989732 40.0504996 ]
at minimum 6.7656 accepted 0  with params [-4.4288413  -0.1         0.37100742 40.77935952]
at minimum 3.7932 accepted 1  with params [-4.15636299e+00  1.92871319e-01  1.00000000e-02  3.99946650e+01]
at minimum 4.5938 accepted 0  with params [-4.19901455e+00 -9.99999644e-02  2.62350180e-02  4.00698611e+01]
at minimum 4.8378 accepted 1  with params [-4.25123615e+00 -3.26454837e-02  1.00001410e-02  3.99250337e+01]
at minimum 8.6534 accepted 0  with params [-4.61847963e+00 -9.99999788e-02  1.00000386e-02  3.94481244e+01]
at minimum 3.1662 accepted 1  with params [-4.22961501  0.36363067  0.43296865 40.35470642]
at minimum 7.6024 accepted 0  with params [-4.56674537e+00 -8.79044667e-02  1.00000000e-02  4.04034731e+01]
at minimum 4.8512 accepted 0  with params [-4.31511274 -0.0773101   0.58558    40.46839988]
at minimum 2.5223 accepted 1  with params [-4.11357782  0.17049472  0.74923155 40.26033425]
at minimum 2.2437 accepted 1  with params [-3.81243152e+00 -3.78230403e-03  6.60572489e-01  4.02284380e+01]
at minimum 2.1720 accepted 1  with params [-3.63621591 -0.09999997  0.89713577 40.11371784]
at minimum 2.2492 accepted 0  with params [-3.70747220e+00 -2.04096945e-02  1.06750899e+00  4.06019506e+01]
at minimum 2.4326 accepted 1  with params [-3.51531007  0.2899323   0.63873081 40.15290149]
at minimum 2.0988 accepted 1  with params [-3.98738883  0.14905349  1.05523442 40.37271988]
at minimum 2.7417 accepted 0  with params [-3.74817084  0.25896673  1.25382146 40.35221239]
at minimum 2.1361 accepted 1  with params [-3.57466525  0.17459803  0.57320318 40.4964847 ]
at minimum 2.4783 accepted 1  with params [-3.55515330e+00  1.35119075e-02  9.74182584e-01  4.09013274e+01]
at minimum 2.0042 accepted 1  with params [-3.75724658 -0.1         0.97429882 41.26618784]
at minimum 2.0159 accepted 1  with params [-3.87973982 -0.1         1.05883954 41.76449758]
at minimum 2.9103 accepted 0  with params [-4.20498939 -0.1         0.91862098 41.52983253]
at minimum 3.4983 accepted 0  with params [-4.21961733e+00 -3.98341082e-02  6.88959030e-01  4.16955727e+01]
at minimum 2.6404 accepted 1  with params [-3.67351433  0.2477105   1.07646982 42.12222699]
at minimum 2.8354 accepted 1  with params [-3.89867404  0.35743392  1.51212073 42.41880255]
at minimum 5.6913 accepted 0  with params [-3.94394497  0.55317217  1.93854858 42.13494581]
at minimum 36.4721 accepted 0  with params [-3.54497655  0.14249075  1.06614153 42.85836611]
at minimum 2.3795 accepted 1  with params [-3.97566602  0.42301006  1.09002194 42.69847608]
at minimum 2.0731 accepted 1  with params [-3.67604152e+00  3.15620996e-02  7.63003929e-01  4.28805210e+01]
at minimum 1980.7313 accepted 0  with params [-3.42928079e+00  4.30412513e-02  1.12252653e+00  4.31273707e+01]
at minimum 3324.5437 accepted 0  with params [-3.17913117  0.44163036  0.89125939 43.12902572]
at minimum 2.4308 accepted 1  with params [-3.63934465  0.15195847  0.9786451  42.40216076]
at minimum 39190635.5873 accepted 0  with params [-3.45114871  0.51742467  1.36780167 42.24870566]
at minimum 2.3964 accepted 1  with params [-3.80007258  0.55268278  0.78531171 41.90753708]
at minimum 2.2571 accepted 1  with params [-4.13222542  0.64575506  0.83373726 41.77633069]
at minimum 2.4399 accepted 1  with params [-4.0642311   0.53330585  1.20362023 42.2630332 ]
at minimum 2.3852 accepted 1  with params [-4.20877278  0.55228665  1.28551397 42.71229266]
at minimum 4.9731 accepted 1  with params [-4.65735025  0.27899869  0.82220605 42.35927754]
at minimum 3.3428 accepted 1  with params [-4.80029026  0.63044991  0.86385238 41.9409263 ]
at minimum 7.5074 accepted 0  with params [-4.93404213  0.14437138  1.21810261 41.88172859]
at minimum 2.7795 accepted 1  with params [-4.65052134  0.329889    1.34939765 42.34506992]
at minimum 2.3923 accepted 1  with params [-4.95136284  0.63857661  1.64088083 42.2264004 ]
at minimum 2.6649 accepted 1  with params [-4.80040346  0.9080865   1.95917166 42.45172304]
at minimum 2.1502 accepted 1  with params [-4.88632408  0.67278546  1.9999999  42.25641983]
at minimum 5.3790 accepted 0  with params [-5.3507431   0.56896994  1.57326658 42.25071287]
at minimum 2.6052 accepted 1  with params [-5.36558401  0.99        1.80997428 41.85506727]
at minimum 2.4521 accepted 1  with params [-5.74769406  0.98999996  1.54673156 42.21676406]
at minimum 2.4307 accepted 1  with params [-5.59131218  0.98999965  1.04790719 42.16175751]
at minimum 2.4052 accepted 1  with params [-6.          0.99        1.51628603 41.75218392]
at minimum 2.3841 accepted 1  with params [-5.9999977   0.92594225  2.         42.1690237 ]
at minimum 2.4776 accepted 1  with params [-6.          0.99        1.9999998  42.55760288]
at minimum 2.4320 accepted 1  with params [-6.          0.99        1.66484191 42.34419613]
at minimum 10.3099 accepted 0  with params [-5.99999779  0.47920106  1.53519644 42.7619664 ]
at minimum 2.4480 accepted 1  with params [-5.82115384  0.99        1.71122447 42.09657529]
at minimum 2.6660 accepted 0  with params [-5.42367966  0.99        2.         42.33949758]
at minimum 2.4356 accepted 1  with params [-5.99999984  0.98999993  1.37265092 42.57434143]
at minimum 7.9433 accepted 0  with params [-6.          0.60900024  0.99126451 42.57915968]
at minimum 9.9004 accepted 0  with params [-5.99999851  0.49950174  1.30795934 42.95213698]
at minimum 10.8673 accepted 0  with params [-5.98010805  0.45224784  1.47080821 42.71870273]
at minimum 6.1665 accepted 0  with params [-6.          0.68294888  1.49043683 42.94042089]
at minimum 7.3763 accepted 1  with params [-5.4962157   0.47577598  1.80937756 42.11401805]
at minimum 12.5435 accepted 0  with params [-5.82031931  0.35602881  1.61804737 41.88557435]
at minimum 11.3980 accepted 0  with params [-5.48160167  0.16198757  2.         42.26259975]
at minimum 4.5271 accepted 1  with params [-5.23042168  0.44118622  2.         41.64904361]
at minimum 12.3805 accepted 0  with params [-5.30617885e+00 -3.00986790e-02  1.77381711e+00  4.16214688e+01]
at minimum 4.8824 accepted 0  with params [-5.31678726  0.51265884  1.8803794  42.03837605]
at minimum 3.4193 accepted 1  with params [-4.99139041  0.32701035  1.96748639 41.99690403]
at minimum 2.0968 accepted 1  with params [-4.80623533  0.53515523  2.         42.16802454]
at minimum 2.5792 accepted 0  with params [-4.81090835  0.90090605  1.83101218 41.94343744]
at minimum 2.7430 accepted 0  with params [-4.81317144  0.99        1.71375759 41.83682144]
at minimum 2.9281 accepted 1  with params [-4.32183019  0.79327734  2.         42.50702712]
at minimum 4209.6303 accepted 0  with params [-3.84466594  0.99        1.94541074 42.28035297]
at minimum 3.0005 accepted 1  with params [-4.20287022  0.99        1.59013371 41.99448073]
at minimum 2.1872 accepted 1  with params [-4.4721296   0.69020987  1.04362681 41.54515343]
at minimum 2.1142 accepted 1  with params [-4.12550432  0.5117131   0.79134466 41.69747758]
at minimum 4.8079 accepted 0  with params [-4.36090978e+00  3.87748888e-02  5.14273554e-01  4.21957734e+01]
at minimum 2.6952 accepted 1  with params [-4.56604876  0.99        1.23735195 42.0280552 ]
at minimum 2.6270 accepted 1  with params [-4.69380502  0.99        0.86706941 42.4151066 ]
at minimum 2.6190 accepted 1  with params [-5.06852746  0.99        0.94022425 42.89176303]
at minimum 3.2566 accepted 1  with params [-4.52145626  0.45802621  0.67362861 42.62471204]
at minimum 2.4068 accepted 1  with params [-4.14256168  0.6406097   1.00569643 42.73221206]
at minimum 2.8713 accepted 0  with params [-3.63652147  0.94957728  0.45753165 42.89004857]
at minimum 2.8544 accepted 0  with params [-3.78527521  0.83157996  0.87398328 42.70178952]
at minimum 2.1964 accepted 1  with params [-4.3980314   0.66680432  1.12003636 42.21726116]
at minimum 2.7011 accepted 1  with params [-3.89596069  0.88888516  0.77937256 42.47371699]
at minimum 2.8482 accepted 0  with params [-4.07813802  0.95926218  1.12789697 42.60078961]
at minimum 2.7242 accepted 1  with params [-4.33097972  0.99        0.91372344 42.7032756 ]
at minimum 2.7296 accepted 1  with params [-4.24373295  0.86040709  1.37512147 42.58659994]
at minimum 2.6299 accepted 1  with params [-4.1773837   0.43664637  1.68625672 43.05039214]
at minimum 2.6868 accepted 1  with params [-4.35180032  0.78140773  1.31617041 43.46678648]
at minimum 3.2160 accepted 1  with params [-4.58036162  0.99        1.72070873 43.97579646]
at minimum 2.4509 accepted 1  with params [-4.53576413  0.62152442  1.56401683 43.54870258]
at minimum 4.3785 accepted 0  with params [-4.83783085  0.16833413  1.53118432 43.17911081]
at minimum 2.5550 accepted 1  with params [-4.02894105  0.09287233  1.56893902 43.82797002]
at minimum 2.3250 accepted 1  with params [-4.26398589e+00  1.56143068e-02  1.60105529e+00  4.38113408e+01]
at minimum 3.2911 accepted 1  with params [-4.01576155  0.0801198   2.         43.69335615]
at minimum 2.2443 accepted 1  with params [-4.39068186  0.24960763  1.49662293 43.55236973]
at minimum 3.8265 accepted 0  with params [-4.74156248 -0.1         1.86855434 43.30635386]
at minimum 2.1892 accepted 1  with params [-4.18918237 -0.07514985  1.61665821 43.13870358]
at minimum 2.0966 accepted 1  with params [-4.00609853 -0.1         1.21016761 42.52714194]
at minimum 6.6616 accepted 0  with params [-4.47763762 -0.1         0.59450186 42.60371732]
at minimum 2.1714 accepted 1  with params [-3.78494241e+00 -1.68168385e-02  6.14791927e-01  4.27038032e+01]
at minimum 2.4169 accepted 1  with params [-4.0372917   0.43694316  0.33992713 43.20317325]
at minimum 3.9405 accepted 0  with params [-4.57053878  0.44825396  0.21902771 42.80997947]
at minimum 2.6326 accepted 0  with params [-3.69172943e+00  2.11942409e-02  2.20766458e-01  4.37282918e+01]
at minimum 2.3535 accepted 1  with params [-3.55442516e+00  3.65798902e-01  1.00001440e-02  4.25981104e+01]
at minimum 2.5147 accepted 1  with params [-3.35508655e+00  2.31806314e-01  1.00000000e-02  4.23954087e+01]
at minimum 1560.4444 accepted 0  with params [-3.         -0.1         0.60699091 42.10365181]
at minimum 938.9259 accepted 0  with params [-3.17028843  0.07282672  0.3893731  42.10100123]
at minimum 892.3274 accepted 0  with params [-3.00000000e+00  7.38548341e-01  2.67306220e-02  4.23683800e+01]
at minimum 2.4315 accepted 1  with params [-3.46185670e+00  8.43738318e-01  2.36601266e-02  4.21937184e+01]
at minimum 932.0396 accepted 0  with params [-3.02441017e+00  6.63783562e-01  1.00000894e-02  4.20919792e+01]
at minimum 1170.9608 accepted 0  with params [-3.0474541   0.81819914  0.50648845 41.70482252]
at minimum 2.7608 accepted 1  with params [-3.83062385  0.98999999  0.28563191 42.42761123]
at minimum 2.5138 accepted 1  with params [-3.87987983  0.93416074  0.08025048 41.91975143]
at minimum 2.4506 accepted 1  with params [-3.82326274  0.71880385  0.32916017 42.34021387]
at minimum 2.4146 accepted 1  with params [-4.13548341e+00  9.89999831e-01  1.00004238e-02  4.17431983e+01]
at minimum 2.4102 accepted 1  with params [-4.58118171e+00  9.89998078e-01  1.00035096e-02  4.15582022e+01]
at minimum 2.4703 accepted 1  with params [-4.26934273e+00  8.96572278e-01  1.00000000e-02  4.11725102e+01]
at minimum 2.4188 accepted 1  with params [-3.77687241e+00  4.67315693e-01  1.00000000e-02  4.16030884e+01]
at minimum 2.9591 accepted 1  with params [-4.06968663e+00  2.89513903e-01  1.00000664e-02  4.19214256e+01]
at minimum 2.5759 accepted 1  with params [-4.39100793e+00  7.80922752e-01  1.00005355e-02  4.24823850e+01]
at minimum 2.3717 accepted 1  with params [-4.61073791  0.87383456  0.36651022 42.48942037]
at minimum 4.9747 accepted 0  with params [-4.73886248  0.45253488  0.4581541  42.53790323]
at minimum 3.0123 accepted 0  with params [-4.56212119e+00  7.23229283e-01  1.00000000e-02  4.24080757e+01]
at minimum 2.4200 accepted 1  with params [-5.1463474   0.98999973  0.14354162 42.17483242]
at minimum 4.4657 accepted 0  with params [-4.58283751  0.4454388   0.06365092 41.61045788]
at minimum 5.0227 accepted 0  with params [-5.55676745  0.78765851  0.10478603 41.74884768]
at minimum 7.4645 accepted 0  with params [-5.49642481e+00  6.35407785e-01  1.00000666e-02  4.15826323e+01]
at minimum 2.4358 accepted 1  with params [-5.31575240e+00  9.90000000e-01  1.00000000e-02  4.26872831e+01]
at minimum 2.4282 accepted 1  with params [-5.18375841e+00  9.90000000e-01  1.00000000e-02  4.25203017e+01]
at minimum 6.8582 accepted 0  with params [-5.5405288   0.63030786  0.35753557 42.99740947]
at minimum 3.2759 accepted 1  with params [-4.7811185   0.71503938  0.14358228 43.12400928]
at minimum 7.9163 accepted 0  with params [-4.74814259  0.12569058  0.5862869  43.68258751]
at minimum 2.4817 accepted 1  with params [-5.32414466  0.98999978  0.68193991 42.72977718]
at minimum 2.5166 accepted 1  with params [-5.60946732  0.98999997  0.8347029  43.09271626]
at minimum 2.4536 accepted 1  with params [-5.5466588   0.99        0.65664126 42.73689826]
at minimum 2.4454 accepted 1  with params [-5.67816192  0.98621323  0.54886764 42.92517978]
at minimum 8.9447 accepted 0  with params [-5.28461652  0.43303465  0.70478854 42.55778933]
at minimum 2.4168 accepted 1  with params [-5.06701217  0.95284002  0.0656531  43.07339384]
at minimum 2.6827 accepted 1  with params [-4.54266563  0.99        0.61961382 42.99852773]
at minimum 2.6466 accepted 1  with params [-4.5000829   0.99        0.63126391 42.77126476]
at minimum 2.6662 accepted 1  with params [-4.52051774  0.99        0.59107794 42.96065692]
at minimum 2.3301 accepted 1  with params [-4.24948589  0.59036318  0.83632951 43.51620064]
at minimum 2.6355 accepted 1  with params [-4.40357552  0.91621305  0.39162134 43.67594828]
at minimum 2.7368 accepted 1  with params [-4.90111296e+00  9.89999986e-01  1.00000000e-02  4.42110654e+01]
at minimum 2.9776 accepted 1  with params [-4.52716683e+00  6.71401024e-01  1.00000000e-02  4.40092393e+01]
at minimum 2.8450 accepted 1  with params [-4.18601963  0.99        0.32314133 43.6478624 ]
at minimum 3.0567 accepted 0  with params [-3.7452891   0.99        0.68376889 43.4639561 ]
