at minimum 8.8917 accepted 1  with params [-4.49999993  0.40000003  0.05000009 39.99999862]
at minimum 9.3055 accepted 0  with params [-4.13988764e+00  3.31409183e-01  1.00000000e-02  3.99311779e+01]
at minimum 8.8469 accepted 1  with params [-4.91389394e+00  1.90840889e-01  1.00000000e-02  4.02544708e+01]
at minimum 8.6608 accepted 1  with params [-4.88438247e+00  4.97457992e-01  1.00000000e-02  4.02926710e+01]
at minimum 9.0414 accepted 0  with params [-4.80081047e+00  6.37751507e-01  1.00004626e-02  4.03662600e+01]
at minimum 8.7101 accepted 1  with params [-4.59382584  0.57669551  0.48598115 40.37564521]
at minimum 8.1180 accepted 1  with params [-5.06147113  0.1411331   0.71309755 40.34802442]
at minimum 7.8529 accepted 1  with params [-4.798382    0.45933246  0.57600931 40.02063628]
at minimum 8.4165 accepted 0  with params [-4.96066378  0.59975638  0.21311652 39.56525979]
at minimum 7.9353 accepted 1  with params [-4.3041517   0.08147118  0.37931299 40.25205859]
at minimum 8.3797 accepted 0  with params [-3.9987195  -0.1         0.28687636 40.47439922]
at minimum 9.2910 accepted 0  with params [-3.80640199  0.14153669  0.23928481 40.3066601 ]
at minimum 9.7214 accepted 0  with params [-3.9916291   0.5339678   0.24772358 40.55325332]
at minimum 8.5778 accepted 1  with params [-4.13387874 -0.09999997  0.1291688  40.26070094]
at minimum 8.5299 accepted 1  with params [-4.57706939e+00  1.14163269e-01  1.00000000e-02  4.05471334e+01]
at minimum 11.6814 accepted 0  with params [-4.96755081e+00 -1.00000000e-01  1.00000235e-02  4.03003837e+01]
at minimum 9.6878 accepted 0  with params [-4.81690036e+00 -9.99997917e-02  1.00012451e-02  4.03435381e+01]
at minimum 8.2354 accepted 1  with params [-4.6845851  -0.1         0.32599608 40.79490828]
at minimum 8.7591 accepted 1  with params [-4.53476197e+00 -1.00000000e-01  1.00000000e-02  4.05117071e+01]
at minimum 8.7948 accepted 1  with params [-4.87468992 -0.1         0.39913283 40.39662727]
at minimum 7.5806 accepted 1  with params [-4.46677669 -0.05753103  0.49717831 40.44243084]
at minimum 8.6533 accepted 0  with params [-4.0252213  -0.0999998   0.16875955 40.57803475]
at minimum 8.5395 accepted 0  with params [-4.39678943  0.35103858  0.83053103 40.53732708]
at minimum 7.6198 accepted 1  with params [-4.59850833  0.22897439  0.90853456 40.69403969]
at minimum 8.5087 accepted 0  with params [-4.12559206  0.04621162  0.67591878 40.84924912]
at minimum 7.4383 accepted 1  with params [-4.51605561  0.08208723  0.68612134 40.72804741]
at minimum 7.6053 accepted 1  with params [-4.25758043 -0.09999934  0.57119202 40.74719983]
at minimum 7.2700 accepted 1  with params [-4.54045085 -0.1         0.7853113  41.22477954]
at minimum 8.7501 accepted 0  with params [-4.13454884 -0.1         0.89075956 41.1976936 ]
at minimum 7.2560 accepted 1  with params [-4.95512618  0.27984391  1.12167814 41.29271344]
at minimum 7.8420 accepted 1  with params [-5.03115226 -0.09999991  1.47846934 41.5194083 ]
at minimum 8.8453 accepted 0  with params [-5.16352905 -0.1         1.52717816 41.74681836]
at minimum 7.6154 accepted 1  with params [-4.95383061  0.37188707  1.14087094 41.52949328]
at minimum 7.6865 accepted 1  with params [-4.83794982  0.15160008  0.64332475 41.28483272]
at minimum 8.4866 accepted 1  with params [-4.42408772  0.17946483  0.21464485 41.58815795]
at minimum 8.2960 accepted 1  with params [-4.77790360e+00 -2.68980238e-02  2.19093470e-01  4.12756423e+01]
at minimum 10.3788 accepted 0  with params [-4.99359261 -0.09999996  0.30345037 41.23178732]
at minimum 9.1094 accepted 0  with params [-4.28644060e+00 -1.00000000e-01  1.00000000e-02  4.11939723e+01]
at minimum 7.8510 accepted 1  with params [-4.93962429  0.14499106  0.67442476 41.06947835]
at minimum 8.6772 accepted 1  with params [-4.76771848 -0.09999995  0.17762202 41.27575268]
at minimum 8.2105 accepted 1  with params [-5.11613336  0.25318156  0.48511425 41.47102457]
at minimum 7.5208 accepted 1  with params [-4.79928404  0.05976977  0.80531526 41.67928813]
at minimum 7.4803 accepted 1  with params [-4.39529171 -0.09999998  0.79821609 41.81646605]
at minimum 9.2176 accepted 0  with params [-4.0267931  -0.1         0.81369724 41.67416876]
at minimum 8.7211 accepted 0  with params [-4.14977712 -0.1         0.87581081 41.47080352]
at minimum 7.2760 accepted 1  with params [-4.73501024  0.12403518  0.922927   41.3332055 ]
at minimum 9.9056 accepted 0  with params [-5.19075775 -0.07400988  1.07411281 41.35064281]
at minimum 7.7170 accepted 1  with params [-4.54140703  0.16924286  0.77447379 41.4261345 ]
at minimum 8.4159 accepted 1  with params [-4.44847046  0.31951638  0.51880425 41.59294501]
at minimum 9.1276 accepted 1  with params [-4.5149737   0.58991775  0.6731731  41.29312483]
at minimum 8.8366 accepted 1  with params [-4.8663957   0.68550102  0.82428653 41.05184286]
at minimum 10.7075 accepted 0  with params [-4.91764221  0.98999984  0.32305463 41.16247018]
at minimum 9.1157 accepted 1  with params [-5.00845347  0.80344642  0.45884451 40.51774833]
at minimum 10.4501 accepted 0  with params [-4.46506461  0.99        0.209529   40.13911636]
at minimum 8.8835 accepted 1  with params [-5.20302066e+00  6.99490091e-01  1.00000274e-02  4.08819808e+01]
at minimum 9.1542 accepted 1  with params [-5.45565247e+00  5.91348725e-01  1.00001062e-02  4.05205439e+01]
at minimum 11.8568 accepted 1  with params [-5.73755772e+00  3.91618706e-01  1.00001999e-02  4.09483130e+01]
at minimum 9.8217 accepted 1  with params [-5.99999980e+00  9.35497652e-01  1.00001321e-02  4.06525970e+01]
at minimum 11.2901 accepted 0  with params [-5.99999957  0.45710106  0.44812035 40.45541342]
at minimum 9.4243 accepted 1  with params [-5.69645851e+00  8.82316210e-01  1.00000000e-02  4.07401560e+01]
at minimum 9.2368 accepted 1  with params [-5.38945127  0.82179399  0.11249225 41.28247752]
at minimum 10.5902 accepted 0  with params [-4.89112297e+00  9.89999957e-01  2.33678822e-02  4.10276922e+01]
at minimum 9.1437 accepted 1  with params [-5.88488617e+00  6.80626698e-01  1.00009101e-02  4.08173928e+01]
at minimum 9.9172 accepted 1  with params [-6.00000000e+00  9.43277901e-01  1.00000000e-02  4.07428339e+01]
at minimum 10.5286 accepted 1  with params [-5.82353164e+00  9.90000000e-01  3.47722031e-02  4.10370990e+01]
at minimum 9.0165 accepted 1  with params [-5.67295337e+00  6.61540636e-01  1.00000000e-02  4.14961178e+01]
at minimum 10.8412 accepted 1  with params [-5.87819041  0.99        0.06436398 41.99168927]
at minimum 10.7681 accepted 1  with params [-5.40362494e+00  9.90000000e-01  1.00000000e-02  4.17214015e+01]
at minimum 8.3652 accepted 1  with params [-5.44758405  0.61524451  0.49024953 41.22415005]
at minimum 8.0746 accepted 1  with params [-5.08858889  0.61268436  0.69345978 41.02231948]
at minimum 8.3462 accepted 1  with params [-4.61174952  0.46268443  0.43532717 40.5426676 ]
at minimum 7.6537 accepted 1  with params [-4.77049977  0.28781841  0.49084476 40.40513537]
at minimum 8.4036 accepted 0  with params [-5.31185504  0.23573731  1.0409673  39.96678498]
at minimum 8.8257 accepted 0  with params [-5.2428536   0.7906596   0.83031282 40.79884671]
at minimum 10.3376 accepted 0  with params [-4.37912895  0.82789561  0.96931936 40.31414965]
at minimum 7.6287 accepted 1  with params [-4.97441178  0.46284362  0.78973936 40.08964794]
at minimum 9.9434 accepted 0  with params [-5.09435426  0.94773491  0.27454118 39.90280243]
at minimum 9.3310 accepted 0  with params [-5.44589931  0.26506902  1.06826207 39.76184443]
at minimum 7.2292 accepted 1  with params [-4.57656016  0.04330583  0.65223897 40.08975552]
at minimum 7.5444 accepted 1  with params [-4.39079937 -0.09999994  1.05677802 40.14380074]
at minimum 7.1737 accepted 1  with params [-4.57283093 -0.1         0.66440148 39.92653805]
at minimum 6.7743 accepted 1  with params [-4.57471176 -0.09999976  0.97251394 39.5857757 ]
at minimum 7.5874 accepted 0  with params [-4.72096094  0.32261044  1.14754542 39.77634402]
at minimum 7.0942 accepted 1  with params [-4.82368296 -0.1         1.06541847 39.83061604]
at minimum 6.8777 accepted 1  with params [-4.77383957  0.12073583  0.91219676 39.7017294 ]
at minimum 8.1373 accepted 1  with params [-4.43927187 -0.09999987  1.40087144 39.49509546]
at minimum 9.3515 accepted 1  with params [-4.24999876 -0.1         1.61912109 39.58022429]
at minimum 7.5989 accepted 1  with params [-4.48216781 -0.1         1.25506062 40.0646886 ]
at minimum 7.5599 accepted 1  with params [-5.03196929  0.42165751  1.6795464  39.53539086]
at minimum 13.3174 accepted 0  with params [-5.5245877  -0.05569422  1.27516804 39.93301837]
at minimum 8.7716 accepted 0  with params [-4.56764187 -0.08606459  1.99999999 39.79204119]
at minimum 9.9835 accepted 0  with params [-5.25740779e+00 -3.15822646e-02  1.15916244e+00  3.92720186e+01]
at minimum 7.1586 accepted 1  with params [-5.09079942  0.39837943  1.39459069 39.63931864]
at minimum 7.7077 accepted 0  with params [-4.74756066  0.11089007  1.67889482 39.69064471]
at minimum 6.7487 accepted 1  with params [-4.87322335  0.13500612  1.39595842 39.50911735]
at minimum 6.9435 accepted 1  with params [-4.75050022  0.07747996  1.32920925 39.78699091]
at minimum 7.1056 accepted 1  with params [-4.52618318  0.09536264  0.77884704 39.2659503 ]
at minimum 7.9200 accepted 1  with params [-5.04029363 -0.05509543  1.2175894  38.79335351]
at minimum 7.4392 accepted 1  with params [-4.51955882  0.24077824  0.69112956 39.1951969 ]
at minimum 8.3086 accepted 0  with params [-5.04474706 -0.1         1.22253061 39.01917947]
at minimum 9.2629 accepted 0  with params [-3.98822015  0.12595732  0.88215854 39.46506009]
at minimum 8.6224 accepted 0  with params [-4.22865389  0.4484757   0.46849656 38.94710315]
at minimum 7.0406 accepted 1  with params [-4.45748197  0.05768163  0.83222929 38.71868461]
at minimum 8.1850 accepted 0  with params [-4.26323471  0.25703685  0.74535115 38.74664588]
at minimum 6.3751 accepted 1  with params [-4.78070661e+00 -9.21248022e-03  1.15130023e+00  3.82839139e+01]
at minimum 11.7603 accepted 0  with params [-5.2097803  -0.0999999   0.87818702 38.14039272]
at minimum 7.6342 accepted 0  with params [-4.82067608  0.4960467   0.88137576 38.77463199]
at minimum 8.8171 accepted 0  with params [-5.29679114 -0.09999979  1.72695409 38.02116897]
at minimum 6.8853 accepted 1  with params [-4.73290831  0.2414484   0.98892855 38.03934698]
at minimum 7.7480 accepted 0  with params [-4.96457537  0.47983789  1.55074028 38.63427482]
at minimum 8.9409 accepted 0  with params [-4.73829884  0.8008018   0.65376405 38.03463934]
at minimum 7.4589 accepted 0  with params [-4.84776446  0.46860981  1.16897407 37.95905832]
at minimum 7.2892 accepted 0  with params [-4.69668734 -0.1         0.70591134 37.5164408 ]
at minimum 7.9342 accepted 0  with params [-4.52894698  0.44796733  0.54900906 38.44245135]
at minimum 9.5052 accepted 0  with params [-5.01206149  0.07238831  0.39925682 37.95997954]
at minimum 8.0972 accepted 1  with params [-4.99099713  0.61928693  1.45740883 37.96537757]
at minimum 9.8105 accepted 0  with params [-4.6892842   0.69327402  1.99999967 38.41561816]
at minimum 9.1092 accepted 1  with params [-4.54888093  0.49211218  1.61798509 37.81151665]
at minimum 8.2816 accepted 1  with params [-4.88950842  0.43101292  1.94969609 37.86274431]
at minimum 6.5916 accepted 1  with params [-5.16457192  0.25750162  2.         37.67531417]
at minimum 6.5869 accepted 1  with params [-5.14734943e+00  5.71404259e-03  1.81892185e+00  3.73169139e+01]
at minimum 8.2500 accepted 0  with params [-5.24555627 -0.09999974  1.74252465 37.70125163]
at minimum 11.1144 accepted 0  with params [-5.61493816e+00 -2.73854784e-02  2.00000000e+00  3.69412178e+01]
at minimum 8.5473 accepted 0  with params [-4.74983137  0.36803036  1.95245876 37.65905968]
at minimum 11.6438 accepted 0  with params [-5.69056216e+00  1.24765149e-02  2.00000000e+00  3.73286039e+01]
at minimum 6.3776 accepted 1  with params [-4.975463   -0.09999987  1.9999998  37.30652652]
at minimum 7.7956 accepted 0  with params [-4.72820116  0.06206611  2.         37.19994657]
at minimum 6.6322 accepted 1  with params [-5.14979464 -0.1         2.         36.77904586]
at minimum 7.2012 accepted 1  with params [-5.04668389  0.34476357  2.         36.50254147]
at minimum 8.1881 accepted 1  with params [-5.22474454 -0.1         1.65221473 36.56785546]
at minimum 6.9314 accepted 1  with params [-5.19660465  0.41345126  1.55133428 37.14237054]
at minimum 9.0103 accepted 0  with params [-5.06611213  0.77382649  1.99999976 36.95273737]
at minimum 8.4523 accepted 0  with params [-4.70494368  0.55404449  1.4551677  36.83119116]
at minimum 16.6393 accepted 0  with params [-5.71944567 -0.1         1.0610589  36.74413164]
at minimum 6.3320 accepted 1  with params [-4.88344166e+00 -1.07202938e-02  1.28159905e+00  3.67790137e+01]
at minimum 7.8140 accepted 0  with params [-4.54360619  0.16936452  1.44481008 36.5681449 ]
at minimum 13.4922 accepted 0  with params [-5.3864885  -0.1         1.04495424 37.29200466]
at minimum 8.6835 accepted 1  with params [-4.60596088  0.56148263  1.31429722 37.39118083]
at minimum 8.8997 accepted 1  with params [-4.16720334  0.5025459   0.72067692 37.87449062]
at minimum 7.8919 accepted 1  with params [-4.50383278  0.19278085  0.12935304 37.73402452]
at minimum 8.4865 accepted 1  with params [-4.25379115e+00  2.13672588e-01  1.00000000e-02  3.73662341e+01]
at minimum 8.1681 accepted 1  with params [-4.26849579  0.25862513  0.20146603 37.90942865]
at minimum 7.9053 accepted 1  with params [-4.59220321  0.40652116  0.32808352 38.18698255]
at minimum 9.9559 accepted 0  with params [-4.6310311   0.99        0.80101355 37.59898558]
at minimum 8.3505 accepted 0  with params [-4.0134675  -0.1         0.81476115 38.03402878]
at minimum 10.1210 accepted 0  with params [-3.98679609  0.90286037  0.91770731 37.99590172]
at minimum 11.0663 accepted 0  with params [-4.99441099e+00  4.15483335e-02  1.00000000e-02  3.81809295e+01]
at minimum 7.7848 accepted 1  with params [-4.48671112  0.4127427   0.56646953 37.68545192]
at minimum 8.8668 accepted 0  with params [-4.54761723  0.6207917   1.12202338 37.92029636]
at minimum 7.5691 accepted 1  with params [-4.66101373  0.27381862  0.39297609 38.21693599]
at minimum 7.4873 accepted 1  with params [-4.47035785  0.13057613  0.31290622 38.42176884]
