at minimum 6.2259 accepted 1  with params [-4.50000215  0.40000054  0.0499983  40.00000487]
at minimum 7.3148 accepted 1  with params [-4.93460971  0.49651611  0.4270124  40.05711382]
at minimum 7.1728 accepted 1  with params [-4.80200162e+00  7.31171737e-02  1.00000000e-02  3.98538313e+01]
at minimum 9.0730 accepted 1  with params [-4.93124975e+00 -1.00000000e-01  1.00000000e-02  3.99386676e+01]
at minimum 5.6826 accepted 1  with params [-4.5088541  -0.1         0.05441851 39.83200425]
at minimum 6.9006 accepted 0  with params [-4.07519798e+00  3.60450115e-01  1.00001476e-02  4.00142855e+01]
at minimum 5.8167 accepted 1  with params [-4.40432342e+00 -1.00000000e-01  1.00000000e-02  4.01961819e+01]
at minimum 8.5480 accepted 0  with params [-4.90128019 -0.04077111  0.16905939 40.25082928]
at minimum 8.3244 accepted 0  with params [-4.81526167 -0.1         0.28172267 40.4898563 ]
at minimum 7.1960 accepted 0  with params [-3.90516829e+00  2.37949576e-01  2.92711064e-02  4.01675031e+01]
at minimum 6.1809 accepted 0  with params [-4.54191190e+00  3.18062781e-01  1.00023547e-02  4.00877808e+01]
at minimum 6.7459 accepted 1  with params [-4.06456393 -0.1         0.06858658 39.99982478]
at minimum 6.3783 accepted 1  with params [-4.17565279 -0.1         0.06169643 40.1974695 ]
at minimum 7.2506 accepted 1  with params [-3.88837126e+00  1.76565549e-01  1.00001999e-02  4.03170132e+01]
at minimum 7.0772 accepted 1  with params [-3.97871628  0.55086264  0.23159268 39.88261147]
at minimum 8.0043 accepted 1  with params [-3.63924649  0.98999937  0.4717092  39.54012534]
at minimum 7.8931 accepted 1  with params [-3.88831975  0.99        0.31116903 39.26625624]
at minimum 6.8512 accepted 1  with params [-4.27294215  0.69031441  0.50862308 39.72090001]
at minimum 7.1345 accepted 1  with params [-3.92050823  0.51521879  0.39902522 40.13396227]
at minimum 7.2916 accepted 0  with params [-3.82146122  0.04098448  0.1490075  40.09278498]
at minimum 7.5498 accepted 1  with params [-3.64666957  0.57316318  0.56535422 40.14741683]
at minimum 6.9373 accepted 1  with params [-4.11280514  0.5863404   0.13279417 40.1453807 ]
at minimum 7.5033 accepted 0  with params [-3.7361243   0.5531506   0.10597088 40.5889927 ]
at minimum 7.3123 accepted 1  with params [-3.92401572  0.74966839  0.05757119 39.9465385 ]
at minimum 7.5735 accepted 1  with params [-3.53308450e+00  5.66218182e-01  1.00000000e-02  4.00250076e+01]
at minimum 795.7890 accepted 0  with params [-3.11513381e+00  3.66724154e-01  1.00000000e-02  4.03967533e+01]
at minimum 7.5902 accepted 1  with params [-3.26677633e+00  9.13252990e-01  1.00000000e-02  3.98603448e+01]
at minimum 8.1466 accepted 0  with params [-3.42529372  0.99        0.25346368 40.26089442]
at minimum 7.6075 accepted 1  with params [-3.31159815e+00  9.70137034e-01  1.00000000e-02  4.00984134e+01]
at minimum 1001.2905 accepted 0  with params [-3.          0.59926675  0.21952238 39.98723663]
at minimum 1042.7330 accepted 0  with params [-3.00000016  0.48688441  0.36325369 40.1522765 ]
at minimum 1119.7776 accepted 0  with params [-3.00000644  0.97369058  0.33965709 40.26457625]
at minimum 8.0445 accepted 1  with params [-3.64681274  0.96501698  0.44939552 40.47253944]
at minimum 851.2410 accepted 0  with params [-3.1571688   0.79451507  0.22767481 40.07275505]
at minimum 7.6358 accepted 1  with params [-3.59405783  0.57140428  0.09038005 40.05785086]
at minimum 7.3056 accepted 1  with params [-3.85076112e+00  4.10607278e-01  1.45239280e-02  3.97546095e+01]
at minimum 7.2454 accepted 1  with params [-3.88333714  0.45239186  0.06427837 39.67209792]
at minimum 7.4559 accepted 1  with params [-3.61490043e+00  8.38498549e-01  1.00000000e-02  3.94092304e+01]
at minimum 773.5009 accepted 0  with params [-3.12660617e+00  9.89999192e-01  1.00000000e-02  3.94018793e+01]
at minimum 7.5256 accepted 1  with params [-3.82305038e+00  9.89999851e-01  1.00000000e-02  3.90973654e+01]
at minimum 7.5115 accepted 1  with params [-4.24784236e+00  9.90000000e-01  1.00000000e-02  3.94794833e+01]
at minimum 7.5095 accepted 1  with params [-4.30277174e+00  9.90000000e-01  1.00000000e-02  3.94966051e+01]
at minimum 7.6787 accepted 1  with params [-4.13385189  0.99        0.19133863 39.25971146]
at minimum 7.5304 accepted 1  with params [-3.81848043e+00  9.89999788e-01  1.00000000e-02  3.92719867e+01]
at minimum 6.8713 accepted 1  with params [-4.22422864e+00  6.28521026e-01  1.00002301e-02  3.90908962e+01]
at minimum 6.3878 accepted 1  with params [-4.54019264e+00  4.25527878e-01  1.00000000e-02  3.91766692e+01]
at minimum 7.0985 accepted 1  with params [-4.72024369e+00  8.56625901e-01  1.00001644e-02  3.95383375e+01]
at minimum 7.5032 accepted 1  with params [-4.29003781e+00  9.89999950e-01  1.00000000e-02  3.92298150e+01]
at minimum 6.6539 accepted 1  with params [-4.34316391  0.56730609  0.36458149 39.1296045 ]
at minimum 7.0521 accepted 1  with params [-4.27347424  0.78983946  0.40465278 39.38303941]
at minimum 7.8671 accepted 0  with params [-4.57164289  0.99        0.82489486 39.53966068]
at minimum 7.4981 accepted 1  with params [-3.85322845e+00  9.51254419e-01  1.00000000e-02  3.95626314e+01]
at minimum 7.6308 accepted 1  with params [-4.0316205   0.88364624  0.48818714 39.66260802]
at minimum 7.5936 accepted 1  with params [-3.53276961e+00  9.90000000e-01  1.00000000e-02  4.01515922e+01]
at minimum 7.6245 accepted 1  with params [-3.45084413e+00  9.89999827e-01  1.00000000e-02  4.03640221e+01]
at minimum 1275.7946 accepted 0  with params [-3.09324007  0.85817442  0.56545436 40.89405163]
at minimum 8.0191 accepted 0  with params [-3.72370519  0.99        0.24593644 40.69362134]
at minimum 7.5990 accepted 1  with params [-3.51593252e+00  9.31938605e-01  1.00017285e-02  4.04833314e+01]
at minimum 825.9768 accepted 0  with params [-3.15367001  0.97167642  0.19904882 39.94147003]
at minimum 7.6805 accepted 1  with params [-3.50414165e+00  9.77584224e-01  1.00000465e-02  4.10351417e+01]
at minimum 8.0933 accepted 0  with params [-3.45584061  0.8723088   0.49478094 41.34648251]
at minimum 7.6317 accepted 1  with params [-3.74518099  0.69282519  0.43706798 41.08144949]
at minimum 7.6840 accepted 1  with params [-3.26984693e+00  9.90000000e-01  1.00000000e-02  4.06661441e+01]
at minimum 7.6973 accepted 1  with params [-3.45709638e+00  9.89999776e-01  1.00002815e-02  4.10623745e+01]
at minimum 859.7952 accepted 0  with params [-3.17095523  0.5627186   0.0574443  41.10921569]
at minimum 8.0908 accepted 0  with params [-3.65846061  0.99        0.32313006 41.02587802]
at minimum 7.9064 accepted 1  with params [-3.4602932   0.54013627  0.16861437 41.20810558]
at minimum 7.8933 accepted 1  with params [-3.4547118   0.10505898  0.2014173  41.22873568]
at minimum 2383.1628 accepted 0  with params [-3.00000113 -0.09999959  0.65793821 41.78064293]
at minimum 7.4884 accepted 1  with params [-3.75956961 -0.09021755  0.23775727 41.06725718]
at minimum 7.2758 accepted 1  with params [-3.84490999  0.17217459  0.63194238 41.03974915]
at minimum 24.5563 accepted 0  with params [-3.37070368e+00  2.03924515e-02  6.56736282e-01  4.08288423e+01]
at minimum 7.9209 accepted 1  with params [-3.38116366  0.37216206  0.23344078 40.80643577]
at minimum 7.5627 accepted 1  with params [-3.71963597e+00  4.71996303e-01  1.00000000e-02  4.11214275e+01]
at minimum 7.3536 accepted 1  with params [-4.27186896  0.83698724  0.29075676 41.59105208]
at minimum 7.6327 accepted 0  with params [-4.78820098e+00  9.90000000e-01  1.00000002e-02  4.12017876e+01]
at minimum 7.5849 accepted 1  with params [-4.16731777  0.86285445  0.10401924 42.12117026]
at minimum 7.7560 accepted 1  with params [-3.88983828e+00  9.24827899e-01  1.00006101e-02  4.20583064e+01]
at minimum 7.7398 accepted 1  with params [-3.80443544e+00  9.90000000e-01  1.00000000e-02  4.15532371e+01]
at minimum 7.6706 accepted 1  with params [-4.24069791e+00  9.89999092e-01  1.00006707e-02  4.12806933e+01]
at minimum 7.6499 accepted 1  with params [-4.64117718e+00  9.90000000e-01  1.00000000e-02  4.12799391e+01]
at minimum 6.9232 accepted 1  with params [-4.4503401   0.77354614  0.24356897 41.51588021]
at minimum 7.0065 accepted 1  with params [-4.02114099  0.26535761  0.1028574  41.80883453]
at minimum 7.3173 accepted 0  with params [-4.50485702 -0.09999994  0.34139817 41.36168536]
at minimum 7.4136 accepted 1  with params [-4.0655644   0.71339734  0.45940857 42.04259571]
at minimum 8.3453 accepted 1  with params [-3.8567188   0.99        0.60722314 42.13868983]
at minimum 8.2555 accepted 1  with params [-3.30167965  0.61908342  0.30285855 42.17800252]
at minimum 1184.5951 accepted 0  with params [-3.03406121  0.44919225  0.06480601 42.71802493]
at minimum 1344.7171 accepted 0  with params [-3.00000277  0.98999899  0.54765512 42.09607442]
at minimum 7.8182 accepted 1  with params [-3.60835309  0.45241357  0.58388271 42.22344929]
at minimum 7.8311 accepted 1  with params [-3.74330674  0.5933999   0.2009122  42.7641719 ]
at minimum 8.3012 accepted 0  with params [-3.31170028e+00  5.79273674e-01  2.94715717e-02  4.32521332e+01]
at minimum 9.2941 accepted 1  with params [-3.25230309  0.13269121  0.06239788 42.37708515]
at minimum 864.4571 accepted 0  with params [-3.00000000e+00  2.23425166e-01  1.00000000e-02  4.22327594e+01]
at minimum 8.0880 accepted 1  with params [-3.38169286  0.48456743  0.3759007  42.48585833]
at minimum 1127.6612 accepted 0  with params [-3.08520725  0.9848984   0.2909085  42.56943544]
at minimum 8.3117 accepted 0  with params [-3.86020977  0.80621572  0.82714797 42.77470008]
at minimum 7838.7090 accepted 0  with params [-3.16544695  0.98347519  0.89632525 42.56272898]
at minimum 917.6679 accepted 0  with params [-3.17931091  0.34222095  0.17970565 42.30984258]
at minimum 8.1381 accepted 1  with params [-3.44503716  0.54828309  0.69205829 42.3458033 ]
at minimum 5290.4545 accepted 0  with params [-3.          0.17431509  0.71905218 41.87597447]
at minimum 7.4663 accepted 1  with params [-3.92349589  0.17410616  0.86362797 41.93978683]
at minimum 2286.5686 accepted 0  with params [-3.56529769  0.25852016  1.33889981 41.66496136]
at minimum 40.6411 accepted 0  with params [-3.46697447  0.72184935  0.85621468 41.62621293]
at minimum 7.8206 accepted 1  with params [-3.93603704  0.46320078  1.07357016 42.17809282]
at minimum 249.3174 accepted 0  with params [-3.73016292  0.06470195  1.52258856 41.96788615]
at minimum 7.7391 accepted 1  with params [-4.30822903 -0.08489604  0.9794915  42.55381279]
at minimum 8.0583 accepted 1  with params [-3.75618141  0.08944288  1.38396625 42.25619161]
at minimum 7.7434 accepted 1  with params [-3.79752481  0.05865135  0.81578933 42.44746572]
at minimum 7.7530 accepted 1  with params [-4.20779848 -0.1         0.94328304 42.72238659]
at minimum 8.1874 accepted 1  with params [-4.29852729 -0.1         0.56108796 42.96375534]
at minimum 7.9762 accepted 1  with params [-3.83800341 -0.09999985  1.1456631  42.86027928]
at minimum 8.0273 accepted 1  with params [-4.16406179  0.42557055  1.44574129 43.12647916]
at minimum 2246084729227638.7500 accepted 0  with params [-3.56026921  0.3576582   1.78266305 42.94771579]
at minimum 7.3824 accepted 1  with params [-4.5503604   0.69462107  1.16826866 42.95487969]
at minimum 7.1228 accepted 1  with params [-4.76892215  0.70215391  1.09634419 43.14469654]
at minimum 8.6282 accepted 1  with params [-4.90958812  0.99        1.46466511 42.87803583]
at minimum 8.8056 accepted 0  with params [-4.7745932   0.99        1.65868761 42.98315626]
at minimum 8.6850 accepted 1  with params [-4.89159483  0.99        1.21673588 43.49134097]
at minimum 8.4224 accepted 1  with params [-5.05719547  0.99        1.19068735 43.06030416]
at minimum 7.6818 accepted 1  with params [-5.16746121  0.49030909  1.6813653  43.53698428]
at minimum 7.7934 accepted 1  with params [-4.67256785e+00  3.24964588e-02  1.52199618e+00  4.31030031e+01]
at minimum 11.3296 accepted 0  with params [-5.10116078 -0.1         1.22240596 42.80898195]
at minimum 7.5894 accepted 1  with params [-4.54212315  0.19640971  1.83595855 43.00859315]
at minimum 8.0661 accepted 1  with params [-3.98230003 -0.1         1.82954043 42.6672985 ]
at minimum 8.0221 accepted 1  with params [-4.16160341  0.16310629  1.9207813  42.60228439]
at minimum 7.7212 accepted 1  with params [-4.38484027 -0.1         1.35143145 42.57976615]
at minimum 8.0601 accepted 0  with params [-4.68334474 -0.1         1.51717298 43.15243519]
at minimum 9.1747 accepted 1  with params [-3.85896543  0.05353717  1.75599129 42.85230442]
at minimum 7.8914 accepted 1  with params [-3.80843194e+00  3.73876501e-03  1.22821397e+00  4.27909455e+01]
at minimum 7.5444 accepted 1  with params [-4.39429247  0.29779472  1.576149   42.87314359]
at minimum 7.7364 accepted 1  with params [-4.76631772e+00 -2.94000203e-03  1.90412533e+00  4.28797051e+01]
at minimum 13.1241 accepted 0  with params [-5.32468586 -0.1         1.54369148 42.68081142]
at minimum 8.1543 accepted 0  with params [-4.91472604 -0.1         1.99999999 43.19815745]
at minimum 7.9059 accepted 1  with params [-4.49967714 -0.09999987  2.         43.07849767]
at minimum 7.8115 accepted 1  with params [-4.39220314  0.13054306  1.51666746 43.60433688]
at minimum 7.5696 accepted 1  with params [-4.31124275  0.2014556   0.97572298 43.23152632]
at minimum 8.2655 accepted 1  with params [-3.73125756  0.58738615  0.88133662 43.02534829]
at minimum 8.0381 accepted 1  with params [-3.56307767  0.41770333  0.60055359 42.91945088]
at minimum 7.4041 accepted 1  with params [-4.0517668   0.25928098  0.41839375 42.88758863]
at minimum 8.3204 accepted 0  with params [-3.45244622e+00 -1.00000000e-01  2.14323046e-02  4.23724482e+01]
at minimum 7.5601 accepted 1  with params [-4.66880809  0.35972451  0.99684419 43.49578988]
at minimum 7.1083 accepted 1  with params [-4.93873503  0.59849176  0.60150141 44.01741454]
at minimum 6.1516 accepted 1  with params [-4.56202181  0.4036308   0.08097277 43.89232532]
at minimum 7.6066 accepted 0  with params [-4.73148672  0.35359389  0.58410217 43.7654551 ]
at minimum 7.5397 accepted 0  with params [-4.05007185e+00  4.40659761e-01  1.00001408e-02  4.34945716e+01]
at minimum 8.5495 accepted 0  with params [-4.56404772  0.96127981  0.5925293  44.20870417]
at minimum 7.4475 accepted 0  with params [-4.16651682  0.6214718   0.24946789 43.66561957]
at minimum 7.5878 accepted 1  with params [-4.44025237  0.82605358  0.21707293 43.56671097]
at minimum 8.0963 accepted 0  with params [-4.28507334e+00  9.90000000e-01  1.00000000e-02  4.31392959e+01]
at minimum 6.8882 accepted 1  with params [-4.88335728  0.78788409  0.2849844  43.07732538]
