at minimum 4.6285 accepted 1  with params [-4.49999991  0.40000003  0.05000011 40.00000289]
at minimum 4.7256 accepted 1  with params [-4.10998595  0.56660132  0.53230287 40.10485207]
at minimum 4.9226 accepted 1  with params [-3.78165277  0.1110071   1.01395482 39.61223003]
at minimum 133607972.4279 accepted 0  with params [-3.39070999 -0.08175803  1.2957975  39.17942698]
at minimum 2377.4843 accepted 0  with params [-3.62764238 -0.1         1.38236219 39.30696819]
at minimum 1438.4729 accepted 0  with params [-3.39882945  0.07321682  0.86825374 39.89077385]
at minimum 5.0510 accepted 1  with params [-3.77393597 -0.1         1.44764421 39.55253135]
at minimum 4.8184 accepted 1  with params [-4.1723452  -0.1         1.87027658 39.46470131]
at minimum 3981.8616 accepted 0  with params [-3.84166791 -0.1         2.         39.39652844]
at minimum 4.6647 accepted 1  with params [-4.3524052  -0.09999984  2.         39.35876681]
at minimum 4.8595 accepted 1  with params [-4.12366284  0.08960542  1.61285993 39.75245158]
at minimum 3881.6941 accepted 0  with params [-3.81580024  0.23499373  2.         39.40289882]
at minimum 5.7488 accepted 0  with params [-3.93965048 -0.09999967  1.9999994  39.80917991]
at minimum 4.4900 accepted 1  with params [-4.47947217 -0.09999999  1.53719168 39.4351284 ]
at minimum 5.9095 accepted 0  with params [-4.75249053 -0.09999959  1.39571367 38.99598202]
at minimum 4.9078 accepted 0  with params [-4.66876075e+00  3.05842565e-02  1.50948080e+00  3.96102218e+01]
at minimum 4.4886 accepted 1  with params [-4.32738128  0.21010255  1.36981801 38.9696441 ]
at minimum 4.9062 accepted 1  with params [-4.40930181e+00 -6.90865812e-03  9.63632530e-01  3.93531993e+01]
at minimum 4.7032 accepted 1  with params [-4.32311365  0.05433199  0.88462292 39.05138877]
at minimum 4.5158 accepted 1  with params [-3.8495943  -0.1         0.92617383 38.87578942]
at minimum 4.3123 accepted 1  with params [-3.91120753 -0.09999997  0.53472133 38.84585611]
at minimum 4.7277 accepted 0  with params [-3.57538714 -0.09999995  0.62960869 38.37895109]
at minimum 5.0983 accepted 0  with params [-3.49399071 -0.09999966  0.68287914 39.08984132]
at minimum 5.6173 accepted 0  with params [-4.30259176 -0.09999997  0.29056007 39.27055324]
at minimum 4.8630 accepted 1  with params [-4.09542067e+00 -3.42738144e-03  4.65134094e-01  3.85757409e+01]
at minimum 5.1511 accepted 1  with params [-4.16301848 -0.09607643  0.50006402 38.88820835]
at minimum 4.6603 accepted 1  with params [-4.00630257e+00 -2.97859849e-02  7.28473584e-02  3.85209007e+01]
at minimum 5.0740 accepted 0  with params [-3.54541189  0.36934833  0.5514692  38.3806003 ]
at minimum 4.6783 accepted 1  with params [-3.99064025  0.29210468  0.11292683 38.22074436]
at minimum 4.6122 accepted 1  with params [-3.895029e+00 -1.000000e-01  1.000000e-02  3.865564e+01]
at minimum 4.6768 accepted 1  with params [-4.03874415e+00 -1.00000000e-01  3.19358118e-02  3.84601671e+01]
at minimum 4.6771 accepted 1  with params [-3.98760274  0.15757417  0.31709106 38.54073977]
at minimum 4.6794 accepted 1  with params [-3.52065185 -0.04642763  0.12973956 38.41220861]
at minimum 4.7846 accepted 1  with params [-3.45207411 -0.1         0.2396391  37.98443022]
at minimum 50.7421 accepted 0  with params [-3.40718072 -0.07229412  0.70956168 37.72360816]
at minimum 4.2993 accepted 1  with params [-3.89934538 -0.1         0.65735817 37.57277774]
at minimum 5.1916 accepted 0  with params [-4.3639771   0.27013184  0.37591836 37.19698086]
at minimum 4.8768 accepted 1  with params [-4.35513503  0.27468954  0.67209155 37.34615461]
at minimum 4.7409 accepted 1  with params [-4.18179702  0.49011669  0.52836619 37.06473588]
at minimum 5.1173 accepted 1  with params [-3.88515614  0.44552416  0.97356849 36.81477464]
at minimum 4.9997 accepted 1  with params [-3.58458808  0.24458906  0.51118923 36.35845637]
at minimum 5.3351 accepted 1  with params [-3.73930235  0.62899985  0.73497822 35.87624062]
at minimum 5.4484 accepted 1  with params [-3.35465762  0.84125604  0.37635522 35.62643885]
at minimum 5.3912 accepted 1  with params [-3.54604965  0.47481383  0.69858329 35.48647055]
at minimum 1585.8826 accepted 0  with params [-3.17645278  0.26655483  0.77901011 35.56003998]
at minimum 707.1674 accepted 0  with params [-3.19869444  0.96051497  0.20567728 35.83459159]
at minimum 18.4764 accepted 0  with params [-3.5483538   0.34170994  1.05384782 35.23862653]
at minimum 5.1999 accepted 1  with params [-3.47031791  0.21280083  0.47572449 35.67897784]
at minimum 4.8604 accepted 1  with params [-3.87163324  0.35548952  0.44629585 35.42868843]
at minimum 4.8690 accepted 1  with params [-4.30376737  0.53741155  0.72301296 35.12965869]
at minimum 5.4803 accepted 1  with params [-4.08658142  0.98999937  0.56913785 35.49765605]
at minimum 5.3502 accepted 1  with params [-4.57588352  0.99        0.39735329 35.08873756]
at minimum 5.3626 accepted 1  with params [-4.34942745e+00  9.89999980e-01  1.00000000e-02  3.47883437e+01]
at minimum 5.3564 accepted 1  with params [-4.25450051  0.99        0.32411542 35.2697028 ]
at minimum 5.7245 accepted 0  with params [-4.62634857e+00  4.48223839e-01  1.00000973e-02  3.50307449e+01]
at minimum 5.0925 accepted 1  with params [-5.28565196e+00  9.90000000e-01  1.00000076e-02  3.99714043e+01]
at minimum 5.0947 accepted 1  with params [-5.61040997e+00  9.33548808e-01  1.00000000e-02  4.05230476e+01]
at minimum 5.1624 accepted 1  with params [-5.11789626e+00  9.90000000e-01  1.00000000e-02  4.10459992e+01]
at minimum 5.1811 accepted 1  with params [-5.46982000e+00  9.90000000e-01  1.00004065e-02  4.12790528e+01]
at minimum 5.4678 accepted 1  with params [-5.10638065e+00  5.95535066e-01  1.00000000e-02  4.13253615e+01]
at minimum 5.5635 accepted 1  with params [-4.57583608  0.31998694  0.54795777 41.55703082]
at minimum 5.0421 accepted 1  with params [-4.97628436  0.72147036  0.97173136 41.14147601]
at minimum 5.4841 accepted 1  with params [-5.36634573  0.7222595   0.80891781 40.99037215]
at minimum 6.4397 accepted 1  with params [-4.92430085  0.33768803  0.28193235 41.29362989]
at minimum 16.3473 accepted 0  with params [-5.4643792  -0.1         0.14113959 40.80289675]
at minimum 4.8380 accepted 1  with params [-4.51619484e+00  7.63148356e-01  1.00000456e-02  4.13054677e+01]
at minimum 4.8165 accepted 1  with params [-4.83908017e+00  7.04844861e-01  1.00000000e-02  4.12196392e+01]
at minimum 5.6272 accepted 0  with params [-5.02916639  0.54702734  0.26841656 40.98314848]
at minimum 4.9805 accepted 1  with params [-5.05914217e+00  8.22500735e-01  1.00004918e-02  4.11204676e+01]
at minimum 4.8746 accepted 1  with params [-4.55703295  0.43987336  0.28173664 41.48165385]
at minimum 5.3120 accepted 0  with params [-5.08729186  0.98273695  0.55282532 42.0049453 ]
at minimum 4.5305 accepted 1  with params [-4.21454205e+00  1.97085109e-01  1.00000000e-02  4.15539689e+01]
at minimum 7.4804 accepted 0  with params [-4.72923128 -0.1         0.2168095  41.91619699]
at minimum 6.9511 accepted 0  with params [-4.70652213  0.14348218  0.45222962 41.07115911]
at minimum 4.9331 accepted 0  with params [-3.74739109e+00  5.46911258e-01  1.00000000e-02  4.13867915e+01]
at minimum 4.7051 accepted 1  with params [-4.10794495  0.33711865  0.5414976  41.94325261]
at minimum 6.6509 accepted 0  with params [-4.57994079e+00  2.30407729e-02  6.56572162e-01  4.14157053e+01]
at minimum 4.8295 accepted 1  with params [-4.41044331  0.65316458  0.72802662 41.77992458]
at minimum 5.2993 accepted 0  with params [-4.9247421   0.98999908  0.72834084 41.3675266 ]
at minimum 5.2310 accepted 0  with params [-4.86638278  0.5732608   0.48631663 41.94038647]
at minimum 5.2004 accepted 1  with params [-4.42671377  0.90527767  0.64491306 41.38855922]
at minimum 4.8200 accepted 1  with params [-4.06994779  0.49993577  0.17574838 41.0338747 ]
at minimum 4.7708 accepted 1  with params [-4.23429549  0.29665283  0.21810532 40.86962399]
at minimum 5.8306 accepted 1  with params [-4.38046986 -0.1         0.65544199 40.84530035]
at minimum 4.3967 accepted 1  with params [-4.03643358 -0.1         0.88128164 41.11362438]
at minimum 4.8523 accepted 1  with params [-4.20342081 -0.1         0.70499235 41.0577993 ]
at minimum 6.0455 accepted 0  with params [-4.68121709 -0.1         1.21929566 41.36821001]
at minimum 5.0030 accepted 1  with params [-3.70316561 -0.1         0.96474311 41.53429477]
at minimum 2700.2586 accepted 0  with params [-3.69295696 -0.09999991  1.49803297 41.1221227 ]
at minimum 2509.9219 accepted 0  with params [-3.61382553 -0.1         1.45159202 41.32126347]
at minimum 406.9129 accepted 0  with params [-3.61268014  0.14002198  1.23226411 41.54447869]
at minimum 2324.9880 accepted 0  with params [-3.51093198  0.27010638  1.36010862 41.7569875 ]
at minimum 4.4873 accepted 1  with params [-3.90491603 -0.1         0.89849278 40.99640691]
at minimum 4.5176 accepted 1  with params [-4.08142468  0.25432466  0.92448302 40.76978027]
at minimum 5.2044 accepted 0  with params [-3.86204358  0.44341562  1.03601662 41.22247598]
at minimum 4.9381 accepted 1  with params [-4.51786019  0.79717741  0.89320985 40.69752936]
at minimum 5.5269 accepted 0  with params [-4.41596554  0.99        1.19849512 40.35147838]
at minimum 5.5509 accepted 1  with params [-3.96683701  0.89294072  1.07568325 40.24044714]
at minimum 4.6300 accepted 1  with params [-4.47206741  0.56479037  0.79449892 39.91994177]
at minimum 4.9277 accepted 1  with params [-4.4336559   0.68784261  1.27522558 39.87951733]
at minimum 5.1651 accepted 1  with params [-4.73569217  0.48780919  0.91647024 40.06235581]
at minimum 8.5799 accepted 0  with params [-4.71805697 -0.09999947  0.40031583 40.10897567]
at minimum 5.5084 accepted 1  with params [-4.31937978  0.98999941  1.09396886 40.1245728 ]
at minimum 5.6839 accepted 1  with params [-4.35664957  0.99        1.47769251 40.30201361]
at minimum 5.5620 accepted 1  with params [-4.20947791  0.78831647  1.51057007 40.74032629]
at minimum 5.6911 accepted 1  with params [-4.07533324  0.99        1.14234779 40.42710478]
at minimum 5.6687 accepted 1  with params [-3.68699798  0.99        0.98728099 40.93687051]
at minimum 5.4926 accepted 1  with params [-3.3890444   0.92008998  0.5453325  41.14710877]
at minimum 1001672159559353984.0000 accepted 0  with params [-3.00000075  0.99        0.98789479 40.95693328]
at minimum 1106.1113 accepted 0  with params [-3.          0.99        0.13769113 41.12252207]
at minimum 802.5885 accepted 0  with params [-3.34409369  0.99        0.68047072 41.33485967]
at minimum 1277.8342 accepted 0  with params [-3.05235664  0.99        0.5720631  41.36555922]
at minimum 1118.1619 accepted 0  with params [-3.00000022  0.99        0.36119628 41.42110918]
at minimum 995.3632 accepted 0  with params [-3.00000000e+00  8.57985667e-01  3.28120631e-02  4.08755844e+01]
at minimum 1409.8766 accepted 0  with params [-3.10860701  0.70016739  0.65332864 40.63528492]
at minimum 5.4211 accepted 1  with params [-3.52161835  0.64774219  0.77477032 41.34914181]
at minimum 5.6746 accepted 1  with params [-3.39624772  0.10380499  0.55068405 41.10634156]
at minimum 4.7828 accepted 1  with params [-3.63401766  0.25248029  0.10515388 41.11698266]
at minimum 5.1008 accepted 0  with params [-3.47094931e+00  5.84812809e-01  1.00000000e-02  4.16183503e+01]
at minimum 17.7966 accepted 0  with params [-3.27142382 -0.1         0.26419017 41.27795173]
at minimum 4.7153 accepted 1  with params [-4.12805566e+00  5.31209237e-01  1.00000173e-02  4.07799223e+01]
at minimum 4.6268 accepted 1  with params [-4.17258838  0.3028743   0.10745645 40.86106873]
at minimum 4.9816 accepted 1  with params [-4.19943102 -0.05002834  0.18810732 41.25717743]
at minimum 5.1016 accepted 1  with params [-3.73195671  0.41515938  0.73359908 41.35231524]
at minimum 1763.2319 accepted 0  with params [-3.32668031  0.48683459  0.92606192 41.93748169]
at minimum 41.6944 accepted 0  with params [-3.55385063  0.7499405   1.05031829 41.57254227]
at minimum 5.5407 accepted 1  with params [-3.86456953  0.66273249  1.10011886 41.51557778]
at minimum 4.7057 accepted 1  with params [-4.05854054  0.0770542   0.53852238 42.04197066]
at minimum 5.5914 accepted 0  with params [-4.44376973  0.12371996  0.63049526 41.85365671]
at minimum 6.2863 accepted 0  with params [-4.48147016 -0.09999981  0.76532948 42.34939754]
at minimum 4.9754 accepted 0  with params [-4.12597512  0.07539135  0.2407218  41.71084071]
at minimum 4.9281 accepted 1  with params [-4.13269501e+00  5.82127703e-01  2.05180033e-02  4.22272580e+01]
at minimum 5.5339 accepted 0  with params [-4.39584519  0.99        0.28645562 42.81147348]
at minimum 4.6507 accepted 1  with params [-3.89737178  0.19433211  0.40523332 41.7094733 ]
at minimum 5.0524 accepted 1  with params [-4.47813013e+00 -4.07807932e-02  5.59760157e-02  4.15450327e+01]
at minimum 4.6593 accepted 1  with params [-4.25549245e+00 -1.00000000e-01  1.00000000e-02  4.17745149e+01]
at minimum 4.7896 accepted 1  with params [-4.28167252  0.28387459  0.21053586 41.44009461]
at minimum 6.0365 accepted 1  with params [-4.51272373 -0.1         0.20536793 41.10729967]
at minimum 4.9184 accepted 1  with params [-3.96699331 -0.1         0.18178773 41.28626354]
at minimum 5.1240 accepted 1  with params [-3.38965433e+00 -9.99985421e-02  1.00011625e-02  4.11987862e+01]
at minimum 832.2477 accepted 0  with params [-3.00000000e+00  1.88387721e-01  1.00000000e-02  4.09347572e+01]
at minimum 4.4929 accepted 1  with params [-3.67991968 -0.09999976  0.29493932 41.02010454]
at minimum 4.8087 accepted 1  with params [-3.58097304e+00  3.35905214e-01  1.00000000e-02  4.08133239e+01]
at minimum 4.8340 accepted 1  with params [-3.71527065e+00  4.34371064e-01  1.00001364e-02  4.10853319e+01]
at minimum 4.6294 accepted 1  with params [-3.73530550e+00 -9.18793463e-02  1.00000000e-02  4.15089792e+01]
at minimum 4.4913 accepted 1  with params [-3.7653078  -0.09999989  0.3088616  41.06197097]
at minimum 5.5439 accepted 0  with params [-4.26724978 -0.1         0.54321975 41.06781836]
at minimum 4.6755 accepted 1  with params [-3.57020597 -0.1         0.0970328  40.81997238]
at minimum 6.0567 accepted 1  with params [-3.28486474e+00 -1.00000000e-01  1.00000000e-02  4.06840865e+01]
at minimum 4.3971 accepted 1  with params [-3.8841436   0.11734696  0.59135578 40.7270485 ]
at minimum 4.8292 accepted 1  with params [-4.19181472  0.69072535  0.07203459 40.3558496 ]
