at minimum 7.0403 accepted 1  with params [-4.5   0.4   0.05 40.  ]
at minimum 6.3136 accepted 1  with params [-4.28047556e+00  4.91135328e-01  1.00000000e-02  3.97823568e+01]
at minimum 6.2892 accepted 1  with params [-4.67074690e+00  8.94078499e-01  2.09369467e-02  3.97670449e+01]
at minimum 6.3670 accepted 1  with params [-4.46051481  0.56828335  0.125365   40.15604572]
at minimum 5.5206 accepted 1  with params [-4.03439379  0.23502852  0.51262726 39.82538398]
at minimum 5.8082 accepted 1  with params [-4.02302946 -0.09999983  0.1874465  40.15321662]
at minimum 7.4799 accepted 0  with params [-4.42450675e+00  5.92517364e-02  1.00000000e-02  3.99696138e+01]
at minimum 5.8410 accepted 1  with params [-4.30529665  0.30127573  0.62708618 39.86668298]
at minimum 6.1613 accepted 0  with params [-4.41953326  0.53679075  0.28923706 40.12371647]
at minimum 6.3248 accepted 1  with params [-4.72188138  0.52961951  1.04536336 39.43901335]
at minimum 6.1526 accepted 1  with params [-4.61629565  0.04447853  1.48513603 39.91589479]
at minimum 6.1781 accepted 1  with params [-4.53770074e+00  1.60075368e-02  1.37997363e+00  3.96332507e+01]
at minimum 5.5206 accepted 1  with params [-4.09453932 -0.09999998  1.31661008 39.84404561]
at minimum 5.4825 accepted 1  with params [-4.0741589  -0.1         1.0967414  39.77797011]
at minimum 6.4508 accepted 1  with params [-4.46621002 -0.09999914  1.1399288  40.09821651]
at minimum 9.9565 accepted 1  with params [-4.9293071   0.14866877  1.16426754 40.24158438]
at minimum 12.9313 accepted 0  with params [-4.98901428  0.07730076  0.84855302 40.17283732]
at minimum 5.5766 accepted 1  with params [-4.53643123  0.15569643  1.56218978 40.11804296]
at minimum 7.0800 accepted 0  with params [-4.6228874  -0.1         1.28875373 40.39504458]
at minimum 6.0957 accepted 1  with params [-4.50361277 -0.1         1.39622363 39.85147478]
at minimum 5.7564 accepted 1  with params [-4.4338949  -0.1         1.43390795 39.98401835]
at minimum 6.0686 accepted 1  with params [-4.64820592  0.17433343  1.51961447 39.64740953]
at minimum 7.8090 accepted 0  with params [-4.95702042  0.15445885  1.67210779 39.89505682]
at minimum 6.1899 accepted 1  with params [-4.49932355  0.60687474  1.94568463 39.36452219]
at minimum 6.8469 accepted 0  with params [-4.13217585  0.98999988  1.58248315 39.42581811]
at minimum 5.6536 accepted 1  with params [-4.62629943  0.58489909  1.53680595 39.76902335]
at minimum 6.5137 accepted 1  with params [-4.45013796  0.98999977  1.35459467 39.8799989 ]
at minimum 6.7607 accepted 1  with params [-4.27479775  0.9726489   1.79172821 39.75775069]
at minimum 6.8422 accepted 0  with params [-4.23794127  0.99        1.77059938 39.5419364 ]
at minimum 6.5910 accepted 1  with params [-4.67918816  0.99        1.47864906 39.29515639]
at minimum 6.1747 accepted 1  with params [-5.14983331  0.97079362  1.02946711 39.33307566]
at minimum 6.2780 accepted 1  with params [-5.03810559  0.98999966  0.77734541 39.0193945 ]
at minimum 6.4032 accepted 0  with params [-4.66495985  0.97771063  0.84282482 39.00327419]
at minimum 6.3912 accepted 1  with params [-5.25080551  0.88027487  0.99362541 39.45761057]
at minimum 6.3785 accepted 1  with params [-5.01588919  0.99        1.19227534 38.97085248]
at minimum 6.3693 accepted 1  with params [-4.74750186  0.75699491  0.82908804 38.70511667]
at minimum 6.3944 accepted 1  with params [-5.11476945  0.99        1.10415998 38.68345933]
at minimum 8.8162 accepted 0  with params [-4.96379086  0.49795931  0.90065854 38.26318145]
at minimum 6.3524 accepted 1  with params [-4.91880213  0.70284009  1.4133326  38.26930775]
at minimum 9.3665 accepted 0  with params [-4.94757174  0.41573743  0.96400701 37.90873701]
at minimum 6.7048 accepted 1  with params [-4.75441686  0.98999999  1.39201941 38.60320783]
at minimum 6.5571 accepted 1  with params [-4.67734486  0.98999998  1.07754331 38.88140546]
at minimum 6.6201 accepted 1  with params [-4.54982191  0.99        1.08012824 38.79096585]
at minimum 6.3953 accepted 1  with params [-4.33560802  0.794582    1.11741241 38.55570631]
at minimum 6.9783 accepted 0  with params [-3.9939912   0.99        1.35674681 38.75810408]
at minimum 6.5373 accepted 1  with params [-4.36361625  0.99        0.73712192 38.98859726]
at minimum 6.6026 accepted 1  with params [-4.29272118  0.99        0.99643194 39.22664886]
at minimum 5.9375 accepted 1  with params [-4.47497583  0.81791574  0.68653132 39.56767209]
at minimum 7.0027 accepted 0  with params [-4.80140237  0.56922404  0.87112017 39.284034  ]
at minimum 5.7584 accepted 1  with params [-4.19593089  0.57328495  0.68937151 39.37874504]
at minimum 6.0628 accepted 1  with params [-4.2271485   0.8250742   0.75305937 39.5772132 ]
at minimum 6.2971 accepted 1  with params [-4.2244791   0.96705579  0.55167071 39.70384081]
at minimum 6.4087 accepted 1  with params [-4.07966251  0.99        0.80649091 40.0272059 ]
at minimum 22.3722 accepted 0  with params [-3.64701944  0.85821874  1.24565164 40.0341897 ]
at minimum 6.1136 accepted 1  with params [-4.0123113   0.8529441   0.32988682 39.67511642]
at minimum 6.4338 accepted 0  with params [-3.59902968  0.99        0.27148064 40.16833969]
at minimum 5.6950 accepted 1  with params [-4.52643469  0.74613785  0.74183692 40.10484282]
at minimum 6.1665 accepted 0  with params [-4.20230226  0.9172799   0.61072617 39.87195785]
at minimum 5.9011 accepted 1  with params [-5.04683527  0.87446713  0.96678933 40.37315006]
at minimum 10.9338 accepted 0  with params [-5.31736523  0.46230222  0.71269184 40.41330831]
at minimum 5.8195 accepted 1  with params [-4.84963409  0.87826082  1.25452617 40.16067344]
at minimum 6.0001 accepted 0  with params [-5.25985811  0.98999976  1.3059543  40.10213449]
at minimum 6.5050 accepted 0  with params [-4.45168236  0.99        1.71250264 40.39614896]
at minimum 5.9915 accepted 1  with params [-5.14616676  0.95360715  0.9254592  40.00480955]
at minimum 6.1430 accepted 1  with params [-5.12641085  0.98999951  1.13706679 39.60212465]
at minimum 6.2540 accepted 1  with params [-5.11207088  0.99        1.20676326 39.29117468]
at minimum 6.2874 accepted 1  with params [-5.66652103  0.98999968  1.54668804 38.86001025]
at minimum 11.2330 accepted 0  with params [-5.76245829  0.53226001  1.76409103 38.60658169]
at minimum 6.3737 accepted 1  with params [-5.75733117  0.99        1.56991042 38.53666106]
at minimum 10.2213 accepted 0  with params [-5.99999997  0.63210057  1.91983798 38.66145153]
at minimum 6.6807 accepted 1  with params [-6.          0.94598255  1.04996297 38.99910359]
at minimum 6.1084 accepted 1  with params [-5.51730559  0.99        1.4615874  39.54055239]
at minimum 6.0268 accepted 1  with params [-5.21064723  0.79950479  1.76733268 39.49511677]
at minimum 5.8153 accepted 1  with params [-4.75697525  0.60179861  1.99999982 39.52764977]
at minimum 6.6635 accepted 1  with params [-4.24569595  0.83812577  1.99999993 39.84633681]
at minimum 6.2462 accepted 1  with params [-4.34588759  0.45783946  1.99999998 39.4115335 ]
at minimum 6.1358 accepted 1  with params [-4.88871723  0.27839382  2.         39.50287971]
at minimum 6.3134 accepted 1  with params [-4.72433378  0.0506632   1.8538626  38.95469501]
at minimum 6.1544 accepted 1  with params [-4.69805737 -0.1         2.         39.27489906]
at minimum 5.7665 accepted 1  with params [-4.32029032 -0.09999999  2.         39.50196984]
at minimum 6.6087 accepted 0  with params [-4.01000413  0.19334915  1.85952569 38.96110597]
at minimum 3369.2885 accepted 0  with params [-3.78239146  0.03995868  1.75466419 39.4416719 ]
at minimum 7.3736 accepted 0  with params [-3.9544095   0.11661369  1.99770175 39.34821256]
at minimum 8174.4379 accepted 0  with params [-3.78385923  0.3006866   2.         39.72752587]
at minimum 5.9627 accepted 1  with params [-4.23049515 -0.09999959  1.99999918 38.98224934]
at minimum 6.8897 accepted 0  with params [-3.96025153 -0.1         2.         38.69462669]
at minimum 1374.2370 accepted 0  with params [-3.7779605  -0.1         1.6735708  39.25386159]
at minimum 6.0321 accepted 1  with params [-4.54185656 -0.1         1.65809638 39.27846198]
at minimum 5.9287 accepted 1  with params [-4.3126148  -0.09999994  1.42457558 38.76047145]
at minimum 8.4666 accepted 0  with params [-4.52705583 -0.1         0.8690712  38.47578506]
at minimum 5.7915 accepted 1  with params [-4.33749896  0.14867362  1.71873135 39.30111353]
at minimum 4524.7192 accepted 0  with params [-3.79497721  0.49707154  1.99999914 39.81509304]
at minimum 6.2379 accepted 0  with params [-4.67972988 -0.1         1.88171904 39.16509888]
at minimum 5.6249 accepted 1  with params [-4.30229322 -0.1         1.61125912 39.63671242]
at minimum 6.3660 accepted 1  with params [-4.83715963e+00  2.24621385e-02  1.99999982e+00  3.99639520e+01]
at minimum 8.2010 accepted 0  with params [-5.35023205  0.4989535   1.92195103 40.42599265]
at minimum 10.6408 accepted 0  with params [-5.32781742  0.31985366  1.77198419 39.60817031]
at minimum 5.8374 accepted 1  with params [-4.51600064 -0.07599511  1.6871338  39.53901393]
at minimum 9.1655 accepted 0  with params [-4.90781146 -0.1         1.54110163 39.88113655]
at minimum 5.7965 accepted 1  with params [-4.09108691  0.08024709  1.2613586  39.07113053]
at minimum 5.9026 accepted 1  with params [-3.83205952  0.10526662  1.11941021 39.61467358]
at minimum 6.8823 accepted 0  with params [-4.27513069 -0.09999999  0.57874028 39.9760809 ]
at minimum 5.5819 accepted 1  with params [-3.93296185 -0.1         0.61603082 39.08755948]
at minimum 1266.3178 accepted 0  with params [-3.34525941 -0.1         0.77568528 39.11700286]
at minimum 5.9651 accepted 0  with params [-3.94019127  0.05191197  0.27319766 38.73971841]
at minimum 7.0394 accepted 0  with params [-4.24232457 -0.1         0.56412816 38.75838155]
at minimum 6.0998 accepted 1  with params [-3.60262757 -0.1         1.05053073 39.50942304]
at minimum 6.0801 accepted 1  with params [-3.71102766  0.41395365  0.70337969 39.10129657]
at minimum 2329.3341 accepted 0  with params [-3.22752799  0.69218888  0.90574433 39.65661862]
at minimum 7.0123 accepted 1  with params [-3.57622531  0.40644154  1.05763237 39.46055697]
at minimum 2051.5853 accepted 0  with params [-3.56512133  0.94341098  1.22803047 39.33298887]
at minimum 2058294459318344351744.0000 accepted 0  with params [-3.03118508  0.97224557  1.36234392 39.27081039]
at minimum 195871663745.4708 accepted 0  with params [-3.55705036  0.64764508  1.6494438  39.44489499]
at minimum 1438.5432 accepted 0  with params [-3.3327932   0.89223075  0.88785148 39.86941163]
at minimum 3046.9193 accepted 0  with params [-3.73758587  0.92965582  1.6499359  39.46627792]
at minimum 499868.5488 accepted 0  with params [-3.          0.21326631  0.79495102 39.49641807]
at minimum 5.6244 accepted 1  with params [-4.17511436  0.34843914  1.10053683 39.71724255]
at minimum 5.4194 accepted 1  with params [-3.63759325 -0.1         0.67473394 40.08217178]
at minimum 3143031244981363712.0000 accepted 0  with params [-3.07688447  0.21327083  1.08989251 40.3092264 ]
at minimum 5.8703 accepted 1  with params [-4.10923308e+00 -2.15644432e-02  1.56303616e-01  4.03458473e+01]
at minimum 6.0091 accepted 1  with params [-4.11721994 -0.1         0.0839551  40.20445136]
at minimum 8.0360 accepted 0  with params [-4.43727225e+00 -9.99994236e-02  1.06875811e-02  3.99009109e+01]
at minimum 5.4663 accepted 1  with params [-3.98018387 -0.09999995  0.51496552 40.01397787]
at minimum 5.5068 accepted 1  with params [-4.28369345  0.16918661  0.87803669 40.46984269]
at minimum 5.3302 accepted 1  with params [-3.84264704  0.38278627  0.26278374 40.88844454]
at minimum 5.6802 accepted 1  with params [-4.28645447e+00  6.04982395e-01  2.93057737e-02  4.14276682e+01]
at minimum 5.4908 accepted 1  with params [-4.13729997  0.23332635  0.15886898 41.0755148 ]
at minimum 6.0742 accepted 0  with params [-4.34915449e+00  4.92087423e-01  1.00001306e-02  4.08663100e+01]
at minimum 7.8520 accepted 0  with params [-4.63405868  0.27413516  0.65545298 41.10722617]
at minimum 5.3035 accepted 1  with params [-3.81899931e+00 -1.00000000e-01  1.00000045e-02  4.15618331e+01]
at minimum 6.7006 accepted 0  with params [-4.33113120e+00 -9.99998780e-02  1.00000000e-02  4.19333299e+01]
at minimum 5.1992 accepted 1  with params [-3.56679165e+00  3.80267634e-01  1.00000000e-02  4.16737432e+01]
at minimum 5.5023 accepted 0  with params [-3.34112037e+00  9.86222465e-01  1.00000515e-02  4.20875136e+01]
at minimum 5.0117 accepted 1  with params [-3.64199582e+00  8.76838810e-03  1.12055859e-01  4.14340323e+01]
at minimum 4.6967 accepted 1  with params [-3.65238482 -0.09999982  0.4443929  41.46275114]
at minimum 5.3658 accepted 1  with params [-4.17307991  0.32762774  0.36033437 41.51727283]
at minimum 5.4118 accepted 1  with params [-3.99888035e+00  2.58458237e-02  1.00000000e-02  4.13760859e+01]
at minimum 5.3452 accepted 1  with params [-3.42811187e+00 -1.00000000e-01  1.00000000e-02  4.13708243e+01]
at minimum 887.3874 accepted 0  with params [-3.18013265e+00 -1.00000000e-01  1.00000590e-02  4.18721082e+01]
at minimum 5.1974 accepted 1  with params [-3.67675012e+00  9.23797908e-02  1.00000689e-02  4.14260368e+01]
at minimum 5.5440 accepted 1  with params [-3.72746023e+00  6.93340145e-01  1.00000000e-02  4.10966403e+01]
at minimum 5.2941 accepted 1  with params [-4.14554419  0.49902279  0.42169453 41.11514714]
at minimum 5.4558 accepted 0  with params [-4.25844524  0.78289524  0.3540599  41.32811644]
at minimum 9.3594 accepted 0  with params [-4.64444127  0.06568635  0.47129117 41.51018613]
at minimum 5.4824 accepted 1  with params [-3.82519196e+00  9.25353661e-01  1.00003754e-02  4.17301983e+01]
at minimum 5.9587 accepted 1  with params [-3.28963182  0.571969    0.05464721 41.25830073]
at minimum 5.3121 accepted 1  with params [-3.40747203e+00  1.97792111e-01  1.00031110e-02  4.16869637e+01]
at minimum 8.5036 accepted 0  with params [-3.25280646e+00 -9.99994115e-02  1.00000000e-02  4.19478264e+01]
at minimum 6.3106 accepted 0  with params [-3.26900217e+00 -1.90595559e-02  1.00000000e-02  4.14062477e+01]
at minimum 1141.5976 accepted 0  with params [-3.03862157 -0.09999998  0.16159484 41.13024624]
at minimum 1169.4093 accepted 0  with params [-3.02154047  0.19966949  0.50897184 42.1110901 ]
