at minimum 6.1727 accepted 1  with params [-4.50000029  0.3999997   0.04999986 39.99999781]
at minimum 7.1988 accepted 0  with params [-4.76391581e+00  7.12225728e-01  1.00000000e-02  4.01656262e+01]
at minimum 6.9289 accepted 1  with params [-4.13814566  0.42616773  0.05956785 39.71920095]
at minimum 5.6178 accepted 1  with params [-4.36053956 -0.07256218  0.17725265 40.03640619]
at minimum 6.1514 accepted 0  with params [-4.60071574e+00  3.80396822e-01  1.00000000e-02  4.00103180e+01]
at minimum 5.6636 accepted 1  with params [-4.62776458e+00  5.03043288e-02  1.00001115e-02  3.98132970e+01]
at minimum 5.6075 accepted 1  with params [-4.36504271 -0.0999993   0.16060433 39.49074099]
at minimum 6.0965 accepted 1  with params [-4.68583156  0.39936949  0.16388554 39.82510698]
at minimum 6.7470 accepted 1  with params [-4.68457909e+00  5.65322708e-01  1.00000000e-02  3.98674618e+01]
at minimum 8.3350 accepted 0  with params [-4.31620961  0.97541548  0.31737763 40.18188697]
at minimum 6.3937 accepted 1  with params [-4.82444744  0.38233347  0.09657353 39.90582003]
at minimum 6.3708 accepted 1  with params [-4.46432305e+00  4.29826179e-01  1.00000000e-02  3.97971649e+01]
at minimum 6.6156 accepted 0  with params [-4.66850119e+00  5.30705064e-01  1.00000000e-02  4.01955025e+01]
at minimum 5.6610 accepted 1  with params [-4.46161726e+00  1.06073179e-01  1.00000000e-02  4.00314824e+01]
at minimum 6.6407 accepted 1  with params [-4.86059079e+00  9.16303409e-02  1.00000000e-02  4.01607084e+01]
at minimum 9.7924 accepted 0  with params [-5.34574047  0.12307978  0.41060298 39.67456055]
at minimum 5.8825 accepted 1  with params [-4.60777877  0.34869925  0.1436081  39.97889119]
at minimum 7.6774 accepted 0  with params [-4.30321349  0.82406734  0.3285744  39.98058225]
at minimum 6.8659 accepted 0  with params [-4.34209791e+00  5.53149617e-01  1.00002841e-02  4.02268227e+01]
at minimum 5.8167 accepted 1  with params [-4.40692117e+00  1.31069630e-01  1.00002261e-02  3.95816114e+01]
at minimum 5.9562 accepted 1  with params [-4.31402061e+00  9.95079560e-02  1.00006145e-02  3.98137106e+01]
at minimum 6.5198 accepted 1  with params [-4.12648899 -0.1         0.24259949 39.43228987]
at minimum 6.5875 accepted 1  with params [-4.17358164  0.19176194  0.60045047 39.7129101 ]
at minimum 7.7902 accepted 0  with params [-4.12385051  0.62033612  0.845573   39.64577966]
at minimum 7.4778 accepted 0  with params [-3.96378921  0.5608351   0.17535047 39.48978652]
at minimum 6.7984 accepted 1  with params [-3.98843535 -0.1         0.45712395 40.17509881]
at minimum 7.7847 accepted 0  with params [-3.59760821e+00 -1.00000000e-01  1.00000000e-02  4.04950527e+01]
at minimum 6.6738 accepted 1  with params [-4.32596985 -0.09060264  0.5393727  40.30705907]
at minimum 6.7217 accepted 1  with params [-4.3467294  -0.1         0.63908595 40.21256756]
at minimum 6.8237 accepted 1  with params [-4.24975791 -0.1         1.0651005  39.76034547]
at minimum 7.5389 accepted 1  with params [-3.91452596  0.23213473  0.83969523 39.98379296]
at minimum 7.6462 accepted 0  with params [-4.34143722  0.60449754  1.14525221 39.66809528]
at minimum 8.4547 accepted 0  with params [-3.94218732  0.58643114  1.28684869 40.36378526]
at minimum 7.7736 accepted 1  with params [-3.8234377   0.19328369  0.88821672 39.62009853]
at minimum 6.8877 accepted 1  with params [-4.31769742 -0.1         1.25915306 39.44124813]
at minimum 7.4231 accepted 0  with params [-3.8506179  -0.09999971  0.91081098 39.0711286 ]
at minimum 7.4836 accepted 0  with params [-4.20818805 -0.07988274  1.59270862 39.07691292]
at minimum 7.3325 accepted 1  with params [-4.15427218  0.37697564  0.95864573 39.05200625]
at minimum 8.4148 accepted 0  with params [-3.74614697  0.66069432  1.05319522 38.62583616]
at minimum 7.6128 accepted 1  with params [-4.05469066  0.44594292  0.89872378 38.66598325]
at minimum 8.3601 accepted 0  with params [-3.94309574  0.79452712  0.93546909 38.84988683]
at minimum 8.8751 accepted 1  with params [-3.5727808   0.28668412  1.05078669 38.91348681]
at minimum 7.8668 accepted 1  with params [-3.72347289  0.24293515  0.7609704  38.98509096]
at minimum 7.8439 accepted 1  with params [-3.71541963 -0.1         0.97580283 39.10276438]
at minimum 1975.6487 accepted 0  with params [-3.43530856  0.10507733  1.15797031 39.28282398]
at minimum 26921205341392988.0000 accepted 0  with params [-3.36626216 -0.1         1.46060172 39.08140036]
at minimum 8.0809 accepted 0  with params [-3.81952595 -0.1         1.37255491 39.51333507]
at minimum 2071.8880 accepted 0  with params [-3.41993299  0.29015897  1.16259159 39.59736487]
at minimum 7.2445 accepted 1  with params [-3.81321366e+00 -1.70930896e-02  6.95759918e-01  3.86335233e+01]
at minimum 8.1679 accepted 1  with params [-3.35922074  0.35480117  0.20234874 38.19372106]
at minimum 7.9587 accepted 1  with params [-3.26989653e+00  1.19592454e-01  1.00000000e-02  3.84922714e+01]
at minimum 749.3312 accepted 0  with params [-3.05315348e+00  2.12889082e-01  1.00000000e-02  3.82986417e+01]
at minimum 23.3399 accepted 0  with params [-3.23502094  0.04039531  0.11565067 38.60546254]
at minimum 1091.3927 accepted 0  with params [-3.00000453  0.28784147  0.42085572 38.65583624]
at minimum 7.8138 accepted 1  with params [-3.54742419e+00 -1.00000000e-01  1.00000000e-02  3.84448178e+01]
at minimum 7.0452 accepted 1  with params [-3.96125949e+00 -9.99999601e-02  1.00000729e-02  3.80014086e+01]
at minimum 6.7070 accepted 1  with params [-4.15447261  0.34756035  0.38135877 38.3590647 ]
at minimum 6.4286 accepted 1  with params [-4.36132557  0.08641413  0.61689255 38.81853781]
at minimum 6.3296 accepted 1  with params [-4.45667324 -0.09999998  0.3267932  38.71182094]
at minimum 5.8110 accepted 1  with params [-4.32862825e+00 -1.00000000e-01  1.00000000e-02  3.92212532e+01]
at minimum 5.6006 accepted 1  with params [-4.59153958e+00 -1.00000000e-01  1.00000002e-02  3.95554215e+01]
at minimum 6.4920 accepted 0  with params [-4.67337411  0.41974987  0.48007182 39.69647224]
at minimum 6.0387 accepted 1  with params [-4.68298836e+00 -1.00000000e-01  1.00000000e-02  3.97318869e+01]
at minimum 10.4113 accepted 0  with params [-5.11785991 -0.09999998  0.2700787  39.84164326]
at minimum 6.3192 accepted 1  with params [-4.40685836  0.25029667  0.520814   39.49417523]
at minimum 7.5111 accepted 0  with params [-4.90070833  0.16394268  0.51674079 39.26821874]
at minimum 5.6393 accepted 1  with params [-4.49357946  0.19419433  0.10427844 39.3666641 ]
at minimum 7.0084 accepted 1  with params [-4.97132084  0.45197147  0.42933296 38.96534771]
at minimum 8.2950 accepted 0  with params [-4.43680303  0.9478745   0.74245419 38.99320101]
at minimum 8.2552 accepted 0  with params [-5.28035799e+00  5.43864123e-01  1.00000000e-02  3.84353432e+01]
at minimum 8.9613 accepted 0  with params [-5.21519977  0.16059175  0.5110557  39.04904508]
at minimum 7.6258 accepted 0  with params [-4.60146865e+00  8.51452725e-01  1.00000039e-02  3.85693112e+01]
at minimum 8.0634 accepted 0  with params [-5.38961334  0.51056299  0.69805444 39.35464359]
at minimum 6.6060 accepted 1  with params [-4.62928187  0.58159597  0.39318403 39.33333546]
at minimum 6.0896 accepted 1  with params [-4.59957483  0.39643377  0.26300149 39.36592427]
at minimum 8.1499 accepted 0  with params [-4.84442317 -0.07414694  0.43178341 39.2146074 ]
at minimum 7.2988 accepted 0  with params [-4.61201749 -0.09999996  0.67078579 38.92199214]
at minimum 5.8648 accepted 1  with params [-4.38717688  0.2316737   0.15380849 39.29955717]
at minimum 6.1616 accepted 0  with params [-4.23767043e+00 -6.85036926e-02  1.00000170e-02  3.88421637e+01]
at minimum 6.6811 accepted 1  with params [-4.58072902e+00  5.38330525e-01  1.00000000e-02  3.91631630e+01]
at minimum 7.5585 accepted 0  with params [-4.81538470e+00  8.01198064e-01  1.00000000e-02  3.87378467e+01]
at minimum 6.0792 accepted 1  with params [-4.54034615e+00  3.27732509e-01  1.00000000e-02  3.91843711e+01]
at minimum 5.4366 accepted 1  with params [-4.52702841  0.08030613  0.12494445 39.64168613]
at minimum 5.6750 accepted 1  with params [-4.50492763e+00  1.48671622e-01  1.00000000e-02  4.00042171e+01]
at minimum 7.1929 accepted 0  with params [-4.26586676e+00  6.17992954e-01  1.00000000e-02  4.00355917e+01]
at minimum 5.5444 accepted 1  with params [-4.56919697e+00 -1.00000000e-01  1.00000000e-02  3.94850824e+01]
at minimum 5.7305 accepted 1  with params [-4.32998454  0.04764157  0.11811822 39.39633169]
at minimum 7.3626 accepted 0  with params [-4.07204637e+00  5.54025553e-01  2.87414091e-02  3.90599758e+01]
at minimum 6.6599 accepted 1  with params [-4.69034557  0.53458287  0.64704565 39.65527052]
at minimum 6.8067 accepted 1  with params [-4.82091029  0.62319711  0.95847134 39.78945282]
at minimum 7.1412 accepted 0  with params [-4.79645468  0.17204117  0.84922942 39.37259704]
at minimum 7.4438 accepted 0  with params [-4.93904847  0.85052715  0.93623678 40.33065578]
at minimum 8.2209 accepted 0  with params [-4.97056382  0.98999994  0.67970726 39.270066  ]
at minimum 6.6028 accepted 1  with params [-4.6463142   0.53871558  0.60098729 40.33128983]
at minimum 6.4840 accepted 1  with params [-4.41412676  0.38089087  0.55300905 40.20370982]
at minimum 6.6878 accepted 1  with params [-4.78299195  0.35219826  0.92214296 40.69009486]
at minimum 7.4649 accepted 1  with params [-5.21522161  0.79080709  0.55719845 40.33917659]
at minimum 7.8191 accepted 1  with params [-5.5924792   0.8702381   0.71812048 39.98232232]
at minimum 7.7868 accepted 1  with params [-5.74391488  0.75524197  1.15852612 39.54951017]
at minimum 8.1234 accepted 1  with params [-5.71971708  0.99        1.24821736 39.1738486 ]
at minimum 8.4355 accepted 0  with params [-5.18095603  0.98999986  1.43181785 39.09328853]
at minimum 8.3912 accepted 1  with params [-5.13236142  0.99        1.29792197 38.68564224]
at minimum 6.5803 accepted 1  with params [-4.79301518  0.44684654  1.24325495 38.79814742]
at minimum 8.6771 accepted 1  with params [-4.31478972  0.94047172  1.49470367 38.38867446]
at minimum 8.8670 accepted 1  with params [-4.27025465  0.99        1.92201921 38.73305451]
at minimum 8.8009 accepted 1  with params [-4.41427692  0.98999993  1.66434642 38.46613704]
at minimum 8.2025 accepted 1  with params [-4.10824909  0.54773735  1.40823713 38.67555278]
at minimum 7.7611 accepted 1  with params [-4.09490438  0.24817704  1.29531756 38.55588253]
at minimum 7.7581 accepted 1  with params [-4.18010434  0.16932597  1.5397525  39.11152681]
at minimum 8.4413 accepted 1  with params [-3.90781123  0.34883545  1.65068428 39.11138052]
at minimum 8.3518 accepted 1  with params [-3.93615404  0.29277267  1.58145383 39.04547445]
at minimum 8.7313 accepted 1  with params [-4.27836675  0.88149607  1.76021856 39.52275021]
at minimum 8.8183 accepted 1  with params [-4.53148742  0.98999997  1.51204771 39.80737116]
at minimum 8.2792 accepted 1  with params [-4.03740744  0.47898859  1.43613926 39.28706151]
at minimum 6.6196 accepted 1  with params [-4.46891516  0.06561953  1.21336629 39.2849582 ]
at minimum 8.3606 accepted 0  with params [-4.98916433 -0.09999988  1.29169053 39.15878143]
at minimum 7.9248 accepted 1  with params [-3.92446549  0.65723213  0.59975187 39.33751922]
at minimum 6.1490 accepted 1  with params [-4.22728635  0.19398972  0.11893277 39.0008055 ]
at minimum 6.3293 accepted 1  with params [-4.45165847  0.19824852  0.51056091 39.11894316]
at minimum 7.9883 accepted 0  with params [-4.85303611 -0.1         1.04871958 39.19065591]
at minimum 7.4695 accepted 0  with params [-5.00074976  0.69743233  0.06215889 39.59395317]
at minimum 6.6466 accepted 0  with params [-4.34572324 -0.1         0.46526476 39.27912026]
at minimum 6.9469 accepted 1  with params [-4.69467583 -0.1         0.35912722 39.41978186]
at minimum 11.2983 accepted 0  with params [-5.19336086 -0.1         0.30823658 39.97479305]
at minimum 7.0431 accepted 1  with params [-4.12616025  0.49830448  0.30460127 39.30609979]
at minimum 7.1371 accepted 1  with params [-4.70240379e+00  6.79493105e-01  1.00000000e-02  3.91990270e+01]
at minimum 8.2753 accepted 1  with params [-4.30095862  0.98999976  0.21941404 38.95702494]
at minimum 7.9254 accepted 1  with params [-4.11216605  0.76048806  0.66866516 39.11554384]
at minimum 6.1993 accepted 1  with params [-4.51567131  0.41285818  0.2494046  38.69359733]
at minimum 7.4410 accepted 0  with params [-4.94337547  0.84288322  0.76810569 38.43895669]
at minimum 9.4276 accepted 0  with params [-4.92274275 -0.1         0.67565553 39.06025761]
at minimum 6.0148 accepted 1  with params [-4.36390395e+00  1.08246942e-01  1.00001570e-02  3.81878194e+01]
at minimum 7.0705 accepted 0  with params [-4.55880582  0.71913724  0.34382857 38.56616954]
at minimum 5.9991 accepted 1  with params [-4.29441275e+00 -9.99994451e-02  1.00015460e-02  3.87232213e+01]
at minimum 7.6404 accepted 0  with params [-4.85065901e+00  1.00139646e-02  3.94464511e-01  3.82438756e+01]
at minimum 6.7888 accepted 0  with params [-4.04693628e+00 -1.00000000e-01  1.00000000e-02  3.88292990e+01]
at minimum 7.3714 accepted 0  with params [-3.78244974e+00  1.18865519e-01  1.99516343e-02  3.85374545e+01]
at minimum 6.7455 accepted 0  with params [-4.05436861e+00  1.33342289e-01  1.00000901e-02  3.90975060e+01]
at minimum 5.9518 accepted 1  with params [-4.28855959 -0.1         0.19590073 38.91871379]
at minimum 7.0169 accepted 0  with params [-4.78759639e+00 -1.00000000e-01  1.00004496e-02  3.88905918e+01]
at minimum 6.6137 accepted 0  with params [-4.05526845 -0.1         0.18840765 38.93288964]
at minimum 7.2963 accepted 1  with params [-3.83667902e+00 -9.99999616e-02  1.00000702e-02  3.86276116e+01]
at minimum 7.0968 accepted 1  with params [-3.85912958 -0.1         0.06774178 38.9736371 ]
at minimum 6.6899 accepted 1  with params [-4.21379016 -0.09999997  0.39192328 38.57224512]
at minimum 6.2938 accepted 1  with params [-4.35745084e+00  3.23365030e-01  1.00000000e-02  3.86221244e+01]
at minimum 7.2584 accepted 0  with params [-4.13634015e+00  5.56154491e-01  1.00000000e-02  3.91961135e+01]
at minimum 6.9042 accepted 0  with params [-4.00624742e+00  1.58218434e-01  1.00000000e-02  3.81125545e+01]
at minimum 7.1401 accepted 0  with params [-3.93497811  0.30165822  0.47469252 39.19796434]
at minimum 6.2546 accepted 1  with params [-4.71648140e+00  2.48785158e-01  1.00000967e-02  3.82564957e+01]
at minimum 10.5122 accepted 0  with params [-5.09371525e+00 -1.00000000e-01  1.00000000e-02  3.87141886e+01]
at minimum 7.9487 accepted 0  with params [-4.17239882e+00  9.19095176e-01  1.00000000e-02  3.89179938e+01]
