at minimum 5.4745 accepted 1  with params [-4.49999964  0.40000014  0.05000047 40.00001211]
at minimum 5.5081 accepted 1  with params [-4.72624054  0.30748634  0.49453279 39.55199921]
at minimum 4.8976 accepted 1  with params [-4.25717671  0.42953418  0.39985332 39.17743601]
at minimum 6.0566 accepted 0  with params [-4.52448020e+00  7.07016790e-01  1.00008423e-02  3.92699161e+01]
at minimum 6.6880 accepted 0  with params [-4.51090092  0.92878546  0.59865854 39.26612804]
at minimum 5.5904 accepted 1  with params [-4.4270402   0.53192544  0.09158202 38.95357493]
at minimum 6.5323 accepted 0  with params [-4.7758066   0.4651678   0.06600554 39.32215402]
at minimum 5.2989 accepted 1  with params [-4.71785872  0.55624883  0.43209455 39.29703236]
at minimum 6.2822 accepted 0  with params [-4.87073504  0.88455316  0.73166467 38.98203408]
at minimum 9.9049 accepted 0  with params [-5.01251648  0.20484966  0.08174261 39.04305189]
at minimum 6.5961 accepted 0  with params [-4.82564488  0.33496927  0.29430869 39.13756844]
at minimum 6.2481 accepted 1  with params [-4.55850718  0.85864902  0.4670079  39.17735633]
at minimum 7.0311 accepted 0  with params [-4.15695569  0.99        0.27567613 39.38543435]
at minimum 7.0856 accepted 0  with params [-4.2624236   0.92868913  0.93635932 39.63217449]
at minimum 5.5655 accepted 1  with params [-4.30405557e+00  4.19137752e-01  1.00000000e-02  3.87931013e+01]
at minimum 6.0586 accepted 0  with params [-4.61148188e+00  3.84905135e-01  1.00005268e-02  3.92058305e+01]
at minimum 5.3845 accepted 1  with params [-4.07480316e+00  1.81498353e-01  1.00002065e-02  3.91633763e+01]
at minimum 5.6906 accepted 1  with params [-3.62930003 -0.09999961  0.25655258 39.16820153]
at minimum 4.6334 accepted 1  with params [-3.99459892 -0.1         0.15391307 39.26211979]
at minimum 4.9639 accepted 1  with params [-4.04553306  0.09663406  0.5725285  38.82844865]
at minimum 6.1574 accepted 0  with params [-3.72914920e+00 -2.33714864e-02  7.02876637e-01  3.86165994e+01]
at minimum 5.3354 accepted 0  with params [-3.75586784 -0.09999908  0.22743098 38.71490655]
at minimum 4.6250 accepted 1  with params [-4.08708029 -0.1         0.62725    38.47102713]
at minimum 5.6711 accepted 0  with params [-4.04493494 -0.1         1.03795887 38.36702795]
at minimum 5.0464 accepted 0  with params [-4.02169309 -0.1         0.72573504 38.62139564]
at minimum 5.9420 accepted 1  with params [-3.74906841  0.24527792  0.23977954 38.62266738]
at minimum 5.8721 accepted 1  with params [-4.23918253  0.66696113  0.42629874 38.60394717]
at minimum 4.8630 accepted 1  with params [-4.5443199   0.42308875  0.47468673 38.79084848]
at minimum 5.5781 accepted 1  with params [-4.93286677  0.62219998  0.71856445 38.63790576]
at minimum 7.1505 accepted 0  with params [-4.46787812  0.99        0.76843641 38.82026849]
at minimum 6.4056 accepted 1  with params [-4.91863994  0.86625181  0.37813567 38.99346612]
at minimum 6.0333 accepted 1  with params [-4.42280175  0.7754195   0.45214821 38.7775009 ]
at minimum 7.3476 accepted 0  with params [-4.89995429e+00  4.84109606e-01  2.08510014e-02  3.90118965e+01]
at minimum 6.6723 accepted 1  with params [-4.18773013  0.75465927  0.91132292 39.09085071]
at minimum 5.5537 accepted 1  with params [-4.30492322  0.47203906  0.86824698 38.96136462]
at minimum 6.9926 accepted 0  with params [-4.4836312   0.87004639  1.3273466  39.16502108]
at minimum 5.3735 accepted 1  with params [-4.05070636  0.3203647   0.49917503 38.71128928]
at minimum 5.7718 accepted 1  with params [-4.38172417  0.66721787  0.70794766 38.96528172]
at minimum 7.0217 accepted 0  with params [-4.74021033  0.99        0.79802745 38.6889219 ]
at minimum 5.1893 accepted 1  with params [-4.65530002  0.24884262  0.54742128 39.35197794]
at minimum 7.9254 accepted 0  with params [-4.97512665  0.06456264  1.00112925 39.29304712]
at minimum 6.0895 accepted 0  with params [-4.96928047  0.56930903  0.51064715 38.92172622]
at minimum 6.4847 accepted 0  with params [-4.88845823  0.40638255  0.37792008 39.0774784 ]
at minimum 6.2487 accepted 1  with params [-4.33445147  0.66243285  0.99084478 39.60313977]
at minimum 6.7182 accepted 1  with params [-4.01943747  0.79849203  0.57404512 39.99648868]
at minimum 6.3755 accepted 1  with params [-4.0813782   0.4664217   0.99873315 40.0210337 ]
at minimum 2281.6242 accepted 0  with params [-3.5937357   0.23029127  1.35687838 40.04860666]
at minimum 5.8667 accepted 1  with params [-4.00130611  0.48653261  0.50163897 39.62687528]
at minimum 4.1419 accepted 1  with params [-4.41529479e+00  5.64760076e-03  6.44336644e-01  4.00222118e+01]
at minimum 4.6589 accepted 1  with params [-4.17720585  0.28545617  0.41456951 39.76751967]
at minimum 6.1114 accepted 1  with params [-4.06197938  0.61276842  0.5329654  39.60685271]
at minimum 6.7731 accepted 1  with params [-3.66024345  0.59373619  0.58819898 39.18199643]
at minimum 5.7205 accepted 1  with params [-3.77988843  0.05002101  0.51197491 39.40852417]
at minimum 6.3851 accepted 0  with params [-4.12770257  0.50827313  1.03361747 39.13117518]
at minimum 1614.9296 accepted 0  with params [-3.23146464 -0.1         0.7140714  39.11450206]
at minimum 4.3865 accepted 1  with params [-4.13972496 -0.09999996  0.66027752 39.05445755]
at minimum 4.4359 accepted 1  with params [-4.38124225 -0.1         0.49670549 38.75856885]
at minimum 4.9485 accepted 1  with params [-4.31033499  0.2065212   0.93324884 38.58220531]
at minimum 6.8790 accepted 0  with params [-3.82645674  0.47797864  1.09433931 39.13112792]
at minimum 6.7975 accepted 1  with params [-3.89925292  0.64496676  0.83946174 38.57522329]
at minimum 4.4369 accepted 1  with params [-4.44328923  0.21777651  0.8475589  38.5783433 ]
at minimum 4.8716 accepted 1  with params [-4.36707668  0.04244759  1.17280396 38.72672227]
at minimum 4.7403 accepted 1  with params [-4.60169185  0.38597998  1.06490241 38.39558277]
at minimum 7.8833 accepted 0  with params [-5.07423255  0.14037522  1.20154125 38.37552295]
at minimum 4.3213 accepted 1  with params [-4.30669143 -0.04357959  0.80129616 38.08281769]
at minimum 4.6226 accepted 0  with params [-4.01255816 -0.1         0.43479448 38.20928009]
at minimum 7.0199 accepted 0  with params [-3.84189445  0.49489223  1.23059126 38.32246309]
at minimum 5.5567 accepted 0  with params [-4.3673715   0.28674871  1.18859519 37.67345599]
at minimum 6.5385 accepted 0  with params [-3.93596453  0.10405658  1.20237026 37.87950261]
at minimum 4.9439 accepted 0  with params [-4.1548097  -0.1         0.85812291 37.69833188]
at minimum 4.3859 accepted 1  with params [-4.39478229 -0.1         0.73026132 37.75705956]
at minimum 4.6964 accepted 1  with params [-4.54083268  0.05333713  1.18479558 37.23458769]
at minimum 5.5105 accepted 1  with params [-4.54813851  0.32298052  1.40580893 37.0597513 ]
at minimum 5.1460 accepted 1  with params [-4.66122896  0.05629533  1.00534801 36.62367722]
at minimum 4.9249 accepted 1  with params [-4.65360394 -0.1         1.30649842 36.97305494]
at minimum 6.4789 accepted 0  with params [-4.1408046   0.12274413  1.43910654 37.45238512]
at minimum 5.0174 accepted 1  with params [-4.56074947 -0.1         1.61838012 37.37420976]
at minimum 6.9173 accepted 0  with params [-4.0550709  -0.1         1.81452897 36.85032774]
at minimum 7.9117 accepted 0  with params [-5.08676789  0.20940618  1.15686475 37.47226355]
at minimum 5.2804 accepted 1  with params [-4.97782081 -0.1         1.99999998 37.02354607]
at minimum 5.0222 accepted 1  with params [-4.80860042  0.13461326  2.         37.19190058]
at minimum 5.2053 accepted 1  with params [-5.04759157  0.5749756   1.61710577 37.61998559]
at minimum 5.5670 accepted 1  with params [-4.6939224   0.36688214  1.74751408 37.32467815]
at minimum 6.4194 accepted 0  with params [-4.50015054  0.44386434  1.75038184 37.57937583]
at minimum 5.5107 accepted 1  with params [-5.02556745  0.67752519  1.21633689 37.35915995]
at minimum 5.1357 accepted 1  with params [-5.01303323  0.43981368  1.50904526 37.38924368]
at minimum 7.0944 accepted 0  with params [-4.50266153  0.77308197  1.61471224 36.99979696]
at minimum 6.8667 accepted 0  with params [-4.50645303  0.83927527  1.1341893  37.32067578]
at minimum 4.5911 accepted 1  with params [-4.5417409   0.17476312  1.04586998 37.64068776]
at minimum 5.6847 accepted 0  with params [-4.93203849 -0.09999997  1.5900464  37.78697041]
at minimum 9.7006 accepted 0  with params [-5.00865203  0.12216203  0.59979111 37.57207374]
at minimum 4.8387 accepted 1  with params [-4.70109144 -0.09105174  1.44531627 37.51104781]
at minimum 5.4847 accepted 1  with params [-4.67957328 -0.08371378  0.9664828  37.63874174]
at minimum 5.3656 accepted 1  with params [-4.27827251 -0.1         1.22466111 37.23889509]
at minimum 6.1155 accepted 1  with params [-4.31005685e+00  1.53555467e-02  1.57739325e+00  3.67276084e+01]
at minimum 5.5683 accepted 1  with params [-4.61282756  0.23302841  1.64642612 36.50558069]
at minimum 5.2250 accepted 1  with params [-4.98882549  0.40101678  1.58556355 36.64099806]
at minimum 5.7514 accepted 1  with params [-5.22792468  0.59961145  1.48905325 37.00671144]
at minimum 7.1899 accepted 1  with params [-4.92443347  0.99        1.10924796 37.37095792]
at minimum 6.2935 accepted 1  with params [-4.527349    0.46855212  1.66206194 37.43681191]
at minimum 6.9503 accepted 0  with params [-4.58064769  0.72021584  1.91293485 37.90186996]
at minimum 6.7626 accepted 1  with params [-4.83345111  0.76196845  2.         37.52979316]
at minimum 6.4819 accepted 1  with params [-4.61551731  0.51095159  2.         38.00605041]
at minimum 4.9088 accepted 1  with params [-4.97511855  0.26103662  1.79187752 37.69025174]
at minimum 8.4483 accepted 0  with params [-5.41646316  0.17158342  2.         37.13541843]
at minimum 7.0930 accepted 0  with params [-5.20179269 -0.09999988  2.         37.28379359]
at minimum 10.3289 accepted 0  with params [-5.18540854e+00  1.02348580e-02  1.27380025e+00  3.82980360e+01]
at minimum 9.2839 accepted 0  with params [-5.53296971  0.24997369  1.99999988 37.50368727]
at minimum 6.0774 accepted 1  with params [-4.92414403  0.76389869  1.34293447 37.09912575]
at minimum 5.0557 accepted 1  with params [-4.71187036  0.20973222  1.75089369 37.60347609]
at minimum 7.7877 accepted 1  with params [-5.25663469 -0.09999954  1.99999915 37.82958952]
at minimum 17.5522 accepted 0  with params [-5.79462616 -0.0999999   1.99999982 38.10692981]
at minimum 7.5259 accepted 1  with params [-5.63108509  0.49116138  2.         37.84928249]
at minimum 6.9237 accepted 1  with params [-6.          0.99        2.         37.29642267]
at minimum 7.0390 accepted 1  with params [-5.69740912  0.99        1.69367892 36.72626385]
at minimum 6.7872 accepted 1  with params [-5.99999969  0.91539115  1.9999998  37.26275394]
at minimum 6.9039 accepted 1  with params [-6.          0.99        1.649689   37.38033665]
at minimum 8.0288 accepted 0  with params [-5.92543996  0.67970831  1.39589508 37.13712082]
at minimum 6.9026 accepted 1  with params [-6.          0.99        1.3145442  37.41580836]
at minimum 7.0618 accepted 1  with params [-5.59516358  0.99        1.83464547 37.07633062]
at minimum 5.6543 accepted 1  with params [-5.43387178  0.6773883   2.         37.21012094]
at minimum 7.4571 accepted 0  with params [-4.95882259  0.99        1.88756986 37.80245761]
at minimum 4.9411 accepted 1  with params [-4.93578937  0.29134346  2.         37.20458179]
at minimum 6.3710 accepted 0  with params [-4.36232686  0.05081978  1.90391788 37.15478313]
at minimum 12.2166 accepted 0  with params [-5.464233   -0.1         1.99999991 37.44977203]
at minimum 10.4284 accepted 0  with params [-5.35674001 -0.1         1.94691906 36.61635188]
at minimum 5.8417 accepted 0  with params [-5.34629839  0.76551004  1.6181488  37.3952885 ]
at minimum 10.4488 accepted 0  with params [-5.53158732  0.14540557  1.99999987 37.52994646]
at minimum 5.3965 accepted 0  with params [-5.10184886  0.16633428  2.         36.94212722]
at minimum 7.1879 accepted 0  with params [-4.35998311  0.60078102  2.         37.13576558]
at minimum 7.3469 accepted 0  with params [-4.37976922  0.73407825  1.89348455 36.75174318]
at minimum 5.9527 accepted 0  with params [-4.47446527 -0.1         1.97152409 37.18640228]
at minimum 5.0867 accepted 1  with params [-4.78001611  0.0873675   2.         37.05376699]
at minimum 5.6931 accepted 1  with params [-4.63766788  0.43883986  1.46488557 36.62018977]
at minimum 7.0220 accepted 0  with params [-4.46935479  0.90695825  0.91582517 37.19349099]
at minimum 7.5849 accepted 0  with params [-4.14414732  0.83330299  1.79645758 36.540277  ]
at minimum 5.0332 accepted 1  with params [-4.61128856  0.10864511  0.89085986 36.57838543]
at minimum 7.2711 accepted 0  with params [-4.22993463  0.70096504  1.47832224 36.43703098]
at minimum 4.7819 accepted 1  with params [-4.44120488 -0.1         0.71062801 36.59771947]
at minimum 9.8694 accepted 0  with params [-4.84451616 -0.1         0.34816278 36.74378081]
at minimum 8.5691 accepted 0  with params [-5.05565659  0.44861002  0.25056294 36.96982788]
at minimum 10.8588 accepted 0  with params [-4.94198498 -0.09999998  0.73028225 36.16614256]
at minimum 6.5404 accepted 0  with params [-3.91225262 -0.1         1.18396928 36.82911983]
at minimum 11.2817 accepted 0  with params [-5.03931958 -0.09999988  0.94184208 36.84051851]
at minimum 6.2046 accepted 0  with params [-4.61099461 -0.1         0.66836207 36.76933794]
at minimum 11.1224 accepted 0  with params [-4.93194287 -0.1         0.51676803 36.46713749]
at minimum 4.8908 accepted 1  with params [-4.13158802 -0.1         0.69558368 36.69464146]
at minimum 5.4890 accepted 0  with params [-4.24153727 -0.09999997  1.20384401 37.00895676]
at minimum 6.4094 accepted 1  with params [-3.53780705e+00  2.50647130e-03  1.93760724e-01  3.67028257e+01]
at minimum 6.2041 accepted 1  with params [-4.05216766e+00  3.82699052e-01  1.00000000e-02  3.61087190e+01]
at minimum 5.7199 accepted 1  with params [-4.12031334  0.32096862  0.68550693 36.73383895]
