./../runners.py:306: RuntimeWarning: invalid value encountered in multiply
  model_input = self.k*x_tm1
./../dsp_utils.py:9: RuntimeWarning: invalid value encountered in double_scalars
  self.state = 1./self.tau*x + (1-1./self.tau)*self.state
at minimum 0.0172 accepted 1  with params [-3.68300047  0.84520022  0.10089989  0.88579987 -3.9999993 ]
at minimum 0.0385 accepted 1  with params [-3.24629419  1.22648733  0.39142921  0.50000026 -4.        ]
at minimum 0.3688 accepted 1  with params [-3.00000696  1.49307377  0.49999886  0.74427592 -4.        ]
at minimum 4601352425042414767610759938223601172854315861087625466539019572609024.0000 accepted 0  with params [-3.03234074  1.4614518   0.07749564  0.50130136 -4.        ]
at minimum 0.0431 accepted 1  with params [-3.35075241  1.75430752  0.20920869  0.78533232 -3.79942977]
at minimum 0.0401 accepted 1  with params [-3.09352181  1.44807419  0.34059722  0.54465058 -3.9999997 ]
at minimum 100000000000000000000.0000 accepted 0  with params [-3.22383186  1.63820863  0.01        0.5        -3.92084026]
at minimum 0.0437 accepted 1  with params [-3.08409673  1.68913319  0.5         0.52077665 -4.        ]
at minimum 0.0436 accepted 1  with params [-3.00000112  1.54487837  0.30835272  0.5325006  -3.96171293]
at minimum 100000000000000000000.0000 accepted 0  with params [-3.          1.17449114  0.01        0.5        -3.47611001]
at minimum 0.0624 accepted 1  with params [-3.21488801  1.86132391  0.15830655  0.5        -3.89005482]
at minimum 0.0725 accepted 1  with params [-3.00000162  1.9895661   0.24854661  0.5        -3.99999879]
at minimum 54935600465917409194147092953348243216924672.0000 accepted 0  with params [-3.04772192  1.61502993  0.09585667  0.5        -4.        ]
at minimum 964745084469056030495923696041984.0000 accepted 0  with params [-3.          1.82302373  0.09609717  0.5        -4.        ]
at minimum 0.0571 accepted 1  with params [-3.44619845  1.84382451  0.5         0.50000015 -4.        ]
at minimum 0.0730 accepted 1  with params [-3.63438039  1.51625821  0.14990194  0.85459894 -3.57447689]
at minimum 0.0973 accepted 1  with params [-3.23030495  1.63346451  0.47063787  1.1        -3.78577313]
at minimum 100000000000000000000.0000 accepted 0  with params [-3.          1.14507852  0.02104649  1.1        -3.7959239 ]
at minimum 0.0251 accepted 1  with params [-3.00000175  1.99999885  0.20410901  1.09999965 -3.80561252]
at minimum 100000000000000000000.0000 accepted 0  with params [-3.          2.          0.01        0.94237939 -3.48164694]
at minimum 0.1928 accepted 1  with params [-3.00000054  1.99999964  0.39917903  1.1        -3.99999927]
at minimum 1.2400 accepted 0  with params [-3.          2.          0.5         1.1        -3.84639955]
at minimum 0.6254 accepted 0  with params [-3.00000689  1.90466753  0.49999887  0.85787491 -4.        ]
at minimum 1.2654 accepted 0  with params [-3.          1.99913462  0.5         1.08017525 -4.        ]
at minimum 1.1435 accepted 0  with params [-3.          1.9812425   0.5         1.08797038 -4.        ]
at minimum 0.8541 accepted 0  with params [-3.02228938  1.64679103  0.49999731  1.08007874 -3.82105095]
at minimum 0.2048 accepted 1  with params [-3.1511694   1.89710416  0.5         1.1        -4.        ]
at minimum 0.0447 accepted 1  with params [-3.52603342  1.83921761  0.5         0.61689679 -3.83698797]
at minimum 0.0395 accepted 1  with params [-3.40523207  1.4086846   0.5         0.5055645  -3.66909545]
at minimum 0.0505 accepted 1  with params [-3.00002894  1.4386641   0.28127544  0.5000058  -3.74833408]
at minimum 0.1234 accepted 1  with params [-3.          1.72723682  0.5         0.5        -3.89281469]
at minimum 0.0663 accepted 1  with params [-3.31409146  1.93722392  0.31792175  0.57426513 -3.63707179]
at minimum 0.0417 accepted 1  with params [-3.33256857  1.46529584  0.18252702  0.54044672 -3.58282604]
at minimum 0.1477 accepted 1  with params [-3.16153724  1.83946206  0.5         0.99959276 -3.99468421]
at minimum 0.0956 accepted 1  with params [-3.53364028  2.          0.05278664  0.79994837 -4.        ]
at minimum 0.1170 accepted 1  with params [-3.87681757  1.99999802  0.0381456   0.97893783 -3.99999632]
at minimum 0.0720 accepted 1  with params [-4.06186763  1.99999993  0.28076176  1.1        -4.        ]
at minimum 0.0236 accepted 1  with params [-3.725952    1.99999888  0.49999972  1.09999956 -3.91089059]
at minimum 0.0202 accepted 1  with params [-3.73821596  1.59536193  0.5         1.06261202 -3.60158822]
at minimum 0.1213 accepted 1  with params [-4.14571405  1.96605044  0.03662301  1.09999952 -3.66435462]
at minimum 0.1339 accepted 1  with params [-4.64370619  1.55725313  0.01        0.8285651  -3.27759742]
at minimum 0.1275 accepted 1  with params [-4.82281258  1.49533417  0.01        1.0394976  -3.71266945]
at minimum 0.1354 accepted 1  with params [-5.18520275  1.87972065  0.0100001   1.1        -3.80945976]
at minimum 0.1434 accepted 1  with params [-5.03424652  1.84290089  0.01        0.74377293 -4.        ]
at minimum 0.1441 accepted 1  with params [-4.86734588  2.          0.01        0.74319797 -3.57351847]
at minimum 0.1470 accepted 1  with params [-5.03549289  1.99999944  0.01074286  0.68379218 -3.67104587]
at minimum 0.1495 accepted 1  with params [-5.14936395  1.66518724  0.04086165  0.50000023 -3.39905051]
at minimum 0.1235 accepted 1  with params [-5.48283077  1.35307907  0.35032309  0.50000045 -3.12311487]
at minimum 0.1413 accepted 1  with params [-5.34996094  1.1486773   0.01000041  0.7453116  -3.03205689]
at minimum 0.1206 accepted 1  with params [-4.99197919  0.83618621  0.01000003  0.9808719  -3.32981267]
at minimum 0.1109 accepted 1  with params [-4.46875515  0.32440497  0.01        1.1        -3.25980746]
