./../runners.py:308: RuntimeWarning: invalid value encountered in multiply
  model_input = self.k*x_tm1
./../dsp_utils.py:9: RuntimeWarning: invalid value encountered in double_scalars
  self.state = 1./self.tau*x + (1-1./self.tau)*self.state
at minimum 0.1067 accepted 1  with params [-3.68299958  0.84520071  0.10090025  0.88580013 -3.99999753]
at minimum 0.0412 accepted 1  with params [-3.63418607  1.06039008  0.20366363  0.93068331 -4.        ]
at minimum 0.0884 accepted 1  with params [-3.4189967   1.16315346  0.24854681  0.85433811 -3.85410589]
at minimum 0.0196 accepted 1  with params [-4.8916145   1.26591683  0.29342999  1.01307977 -3.66664604]
at minimum 0.0213 accepted 1  with params [-4.67642513  1.36868021  0.33831317  0.93673457 -3.52075193]
at minimum 0.0238 accepted 1  with params [-4.46123554  1.47144358  0.38319636  0.86038937 -3.37485782]
at minimum 0.0270 accepted 1  with params [-4.24604617  1.57420696  0.42807954  0.78404417 -3.2289637 ]
at minimum 0.0305 accepted 1  with params [-4.02781198  1.67697034  0.47296272  0.5945809  -3.08306959]
at minimum 0.0338 accepted 1  with params [-3.81262261  1.77973371  0.5         0.5182357  -2.93717548]
at minimum 0.0330 accepted 1  with params [-3.88179697  1.88249709  0.5         0.5        -2.79128136]
at minimum 0.0356 accepted 1  with params [-3.66660761  1.98526046  0.5         0.5        -2.64538725]
at minimum 0.0416 accepted 1  with params [-3.46147105  2.          0.5         0.5        -2.49949314]
at minimum 0.0631 accepted 1  with params [-3.24628168  2.          0.5         0.5        -2.35359902]
at minimum 0.2331 accepted 1  with params [-3.03109232  2.          0.5         0.5        -2.20770491]
at minimum 0.0288 accepted 1  with params [-5.62604424  2.          0.5         1.1        -2.20278279]
at minimum 0.0268 accepted 1  with params [-5.29568766  2.          0.5         1.09494462 -2.11787537]
at minimum 0.0261 accepted 1  with params [-5.10185745  2.          0.5         1.1        -1.9546911 ]
at minimum 0.0262 accepted 1  with params [-4.88666664  2.          0.5         1.02365512 -1.80879805]
at minimum 0.0268 accepted 1  with params [-4.67147725  2.          0.5         0.94730992 -1.66290394]
at minimum 0.0264 accepted 1  with params [-4.66858611  2.          0.5         1.04434006 -1.47585819]
at minimum 0.0268 accepted 1  with params [-4.59732056  2.          0.5         0.97097066 -1.32884691]
at minimum 0.0278 accepted 1  with params [-4.38213107  2.          0.5         0.89462549 -1.1829528 ]
at minimum 0.0294 accepted 1  with params [-4.16694168  2.          0.5         0.81828029 -1.03705868]
at minimum 0.0319 accepted 1  with params [-3.95175231  2.          0.5         0.74193508 -0.89116458]
at minimum 0.0341 accepted 1  with params [-3.73656294  2.          0.5         0.52095429 -0.74527047]
at minimum 0.0381 accepted 1  with params [-3.52137357  2.          0.5         0.5        -0.59937635]
at minimum 0.0512 accepted 1  with params [-3.30618421  2.          0.5         0.5        -0.45348224]
at minimum 0.0266 accepted 1  with params [-4.80948067  2.          0.5         0.97606912 -4.        ]
at minimum 0.0273 accepted 1  with params [-4.59433894  2.          0.5         0.91571282 -3.85410589]
at minimum 0.0284 accepted 1  with params [-4.37914948  2.          0.5         0.83936761 -3.70821177]
at minimum 0.0301 accepted 1  with params [-4.16396012  2.          0.5         0.72591902 -3.56231766]
at minimum 0.0266 accepted 1  with params [-5.10979219  2.          0.5         1.0291052  -3.41642355]
at minimum 0.0265 accepted 1  with params [-4.8975728   2.          0.5         0.96489579 -3.27052943]
at minimum 0.0271 accepted 1  with params [-4.6823834   2.          0.5         0.88855059 -3.12463532]
at minimum 0.0280 accepted 1  with params [-4.46719403  2.          0.5         0.81220539 -2.97874121]
at minimum 0.0294 accepted 1  with params [-4.2515173  2.         0.5        0.7392093 -2.8328471]
at minimum 0.0312 accepted 1  with params [-4.03632794  2.          0.5         0.65495308 -2.68695298]
at minimum 0.0292 accepted 1  with params [-4.50927854  2.          0.5         0.68226111 -2.54105887]
at minimum 0.0297 accepted 1  with params [-4.21736267  2.          0.5         0.7221297  -2.37126221]
at minimum 0.0316 accepted 1  with params [-4.00217327  2.          0.5         0.6457845  -2.22536809]
at minimum 0.0326 accepted 1  with params [-3.90044445  2.          0.5         0.5735417  -2.07947398]
at minimum 0.0351 accepted 1  with params [-3.69127259  2.          0.5         0.5        -1.93357987]
at minimum 0.0409 accepted 1  with params [-3.47608322  2.          0.5         0.5        -1.78768575]
at minimum 0.0601 accepted 1  with params [-3.26089385  2.          0.5         0.5        -1.64179164]
at minimum 0.0269 accepted 1  with params [-4.69058562  2.          0.5         1.1        -1.82499672]
at minimum 0.0280 accepted 1  with params [-4.47539624  2.          0.5         1.0236548  -1.6791026 ]
at minimum 0.0282 accepted 1  with params [-4.38361045  2.          0.5         0.93614334 -1.53320849]
at minimum 0.0302 accepted 1  with params [-4.16842107  2.          0.5         0.85979814 -1.38731438]
at minimum 0.0318 accepted 1  with params [-3.95323171  2.          0.5         0.63121487 -1.24142026]
at minimum 0.0291 accepted 1  with params [-4.25354358  2.          0.5         0.78251953 -1.36873773]
at minimum 0.0300 accepted 1  with params [-4.15489481  2.          0.5         0.69528814 -1.31382366]
