./../runners.py:177: RuntimeWarning: invalid value encountered in multiply
  model_input = self.k*x_tm1
./../dsp_utils.py:9: RuntimeWarning: invalid value encountered in double_scalars
  self.state = 1./self.tau*x + (1-1./self.tau)*self.state
/scratch/ar2342/miconda3/envs/eb_hyperacuity3/lib/python3.9/site-packages/scipy/optimize/_numdiff.py:576: RuntimeWarning: invalid value encountered in subtract
  df = fun(x) - f0
at minimum 0.0875 accepted 1  with params [-4.5   0.4   0.05  1.  ]
at minimum 0.0644 accepted 1  with params [-4.88005829  0.20965067  0.01000079  1.05934826]
at minimum 0.0768 accepted 1  with params [-4.7306528   0.25017398  0.07627898  0.58739623]
at minimum 0.1030 accepted 1  with params [-4.35598761  0.32636449  0.01        0.5       ]
at minimum 0.0703 accepted 1  with params [-4.18360825  0.01940796  0.42812349  0.7064734 ]
at minimum 0.0511 accepted 1  with params [-3.99690012  0.10542999  0.5         1.1       ]
at minimum 0.0569 accepted 1  with params [-4.01457784 -0.03489308  0.5         0.66083968]
at minimum 0.0577 accepted 1  with params [-4.09198416 -0.1         0.5         1.1       ]
at minimum 0.1002 accepted 1  with params [-4.05551518 -0.1         0.12951377  1.09999981]
at minimum 0.0641 accepted 1  with params [-4.38195269  0.07090032  0.49026098  0.89023711]
at minimum 0.0622 accepted 1  with params [-4.49192824  0.48624024  0.5         1.1       ]
at minimum 0.0204 accepted 1  with params [-4.78046786  0.34566664  0.5         0.80915263]
at minimum 0.0243 accepted 1  with params [-4.68267169  0.11747007  0.34261207  1.1       ]
at minimum 0.0945 accepted 1  with params [-4.42470014  0.11716673  0.06449301  1.1       ]
at minimum 0.1009 accepted 1  with params [-4.2940767  -0.1         0.01        0.99734385]
at minimum 0.0435 accepted 1  with params [-4.50827206  0.01851111  0.45583944  0.92698184]
at minimum 0.0969 accepted 1  with params [-4.25238845 -0.1         0.05640621  0.84975924]
at minimum 0.0331 accepted 1  with params [-4.7158701  -0.1         0.49999852  1.02706308]
at minimum 0.1055 accepted 1  with params [-5.09362881 -0.06226142  0.35175882  1.08842844]
at minimum 0.0624 accepted 1  with params [-5.00522214 -0.09999864  0.27689532  1.1       ]
at minimum 0.0395 accepted 1  with params [-5.34763508 -0.1         0.1692575   0.99754823]
at minimum 0.1321 accepted 1  with params [-5.04926663  0.09721126  0.49999954  1.08171897]
at minimum 0.0265 accepted 1  with params [-5.25485273  0.1493542   0.2811948   1.1       ]
at minimum 0.0450 accepted 1  with params [-5.46201193  0.44587987  0.5         1.1       ]
at minimum 0.0402 accepted 1  with params [-5.47311461 -0.0333562   0.49999926  0.9966417 ]
at minimum 0.0284 accepted 1  with params [-5.43216139  0.31683707  0.5         0.85971932]
at minimum 0.0483 accepted 1  with params [-5.69132442  0.45815016  0.5         0.57770977]
at minimum 0.0658 accepted 1  with params [-6.         -0.02091347  0.5         1.07438142]
at minimum 0.0327 accepted 1  with params [-5.67428995 -0.1         0.5         1.1       ]
at minimum 0.0631 accepted 1  with params [-5.52762643 -0.1         0.18794817  0.976082  ]
at minimum 0.0809 accepted 1  with params [-5.56913968  0.32430601  0.11248308  0.71764731]
at minimum 0.1352 accepted 1  with params [-5.99999999 -0.02294365  0.01000315  0.57114691]
at minimum 0.1292 accepted 1  with params [-5.70679841 -0.1         0.01        0.5       ]
at minimum 0.1140 accepted 1  with params [-6.          0.16420737  0.2754248   0.50000056]
at minimum 0.1224 accepted 1  with params [-6.          0.1930688   0.10660123  0.5       ]
at minimum 0.1383 accepted 1  with params [-6.         -0.05404052  0.01        0.50000003]
at minimum 0.1329 accepted 1  with params [-5.95478813 -0.1         0.01        0.87302612]
at minimum 0.1264 accepted 1  with params [-6.         -0.1         0.07105367  1.1       ]
at minimum 0.1330 accepted 1  with params [-6.         -0.1         0.01000509  1.00830404]
at minimum 0.1236 accepted 1  with params [-5.64079346 -0.1         0.01        0.57934809]
at minimum 0.1151 accepted 1  with params [-6.          0.22635288  0.22126617  0.50000485]
at minimum 0.1151 accepted 1  with params [-6.          0.37402489  0.01        0.570266  ]
at minimum 0.1090 accepted 1  with params [-5.70157992  0.41931598  0.01000001  0.50000001]
at minimum 0.1096 accepted 1  with params [-5.7226157   0.41917847  0.01000087  0.5       ]
at minimum 0.0910 accepted 1  with params [-6.          0.78354019  0.01000019  0.5951084 ]
at minimum 0.0378 accepted 1  with params [-5.96124737  0.99        0.01        0.5       ]
at minimum 0.0320 accepted 1  with params [-5.7885894   0.99        0.46874154  0.67851765]
at minimum 0.0457 accepted 1  with params [-5.31189985  0.93695634  0.15978944  0.76816899]
at minimum 0.0556 accepted 1  with params [-5.40376879  0.99        0.5         1.1       ]
at minimum 0.0664 accepted 1  with params [-5.85135594  0.86205618  0.10814008  1.1       ]
at minimum 0.0683 accepted 1  with params [-5.55399853  0.82856954  0.01000015  1.1       ]
at minimum 0.0445 accepted 1  with params [-5.54199267  0.99        0.01        0.59168663]
at minimum 0.0345 accepted 1  with params [-5.89987177  0.99        0.36647314  0.55195503]
at minimum 0.0328 accepted 1  with params [-6.          0.99        0.28785818  0.58076378]
at minimum 0.0338 accepted 1  with params [-5.87947516  0.99        0.03774258  0.63317731]
at minimum 0.1027 accepted 1  with params [-6.          0.99        0.01        1.09998219]
at minimum 0.0751 accepted 1  with params [-5.5342475   0.55658553  0.01000001  1.1       ]
at minimum 0.0655 accepted 1  with params [-6.          0.47015849  0.2741435   1.1       ]
at minimum 0.0993 accepted 1  with params [-6.          0.31832169  0.01000318  1.1       ]
at minimum 0.0406 accepted 1  with params [-6.          0.69489728  0.4635782   1.1       ]
at minimum 0.0779 accepted 1  with params [-5.91798854  0.35300088  0.16723477  1.09999679]
at minimum 0.1321 accepted 1  with params [-6.         -0.1         0.01        1.09347726]
at minimum 0.1314 accepted 1  with params [-6.   -0.1   0.01  1.1 ]
at minimum 0.0255 accepted 1  with params [-5.82729891  0.34146849  0.49999887  1.09999861]
at minimum 0.0595 accepted 0  with params [-5.70266597  0.4031421   0.17418919  1.1       ]
at minimum 0.0451 accepted 0  with params [-6.          0.50508063  0.44201201  1.1       ]
at minimum 0.0484 accepted 0  with params [-5.69944779  0.68392179  0.2154281   1.1       ]
at minimum 0.0477 accepted 1  with params [-5.61553086  0.26711367  0.4999998   0.56078968]
at minimum 0.1003 accepted 1  with params [-5.90052053  0.43322557  0.23624047  0.5       ]
at minimum 0.1371 accepted 1  with params [-6.         -0.04901214  0.02961037  0.5       ]
at minimum 0.1103 accepted 1  with params [-5.56919413 -0.1         0.12058773  0.5       ]
at minimum 0.0935 accepted 1  with params [-5.85525158  0.0879296   0.20572426  0.85822201]
at minimum 0.1246 accepted 1  with params [-6.          0.12818294  0.01        0.64466784]
at minimum 0.0929 accepted 1  with params [-6.          0.61236998  0.2928949   0.51924384]
at minimum 0.0372 accepted 1  with params [-6.    0.99  0.01  0.5 ]
at minimum 0.0356 accepted 1  with params [-6.          0.99        0.47076777  0.5       ]
at minimum 0.0388 accepted 1  with params [-5.6485668   0.98999363  0.16906656  0.75493903]
at minimum 0.1017 accepted 1  with params [-6.    0.99  0.5   1.1 ]
at minimum 0.0579 accepted 1  with params [-5.99999955  0.482344    0.41998404  0.92403304]
at minimum 0.0615 accepted 1  with params [-5.94759083  0.68333958  0.2481042   1.09999991]
at minimum 0.0545 accepted 1  with params [-5.66020445  0.98999281  0.0100032   0.94605196]
at minimum 0.0339 accepted 1  with params [-5.72261044  0.67549618  0.40063063  0.84453368]
at minimum 0.0771 accepted 1  with params [-5.67668092  0.48268011  0.30475693  0.5       ]
at minimum 0.0492 accepted 1  with params [-5.34332169 -0.06476054  0.29611123  0.53477999]
at minimum 0.0437 accepted 1  with params [-5.54531353  0.44026392  0.49999745  0.50000313]
at minimum 0.0303 accepted 1  with params [-5.22430499  0.33452662  0.49999961  0.50000155]
at minimum 0.0433 accepted 1  with params [-5.29021397 -0.09999988  0.32962221  0.5       ]
at minimum 0.0866 accepted 1  with params [-5.77951962 -0.0999956   0.47185581  0.50000241]
at minimum 0.0344 accepted 1  with params [-5.63913455  0.19455748  0.40038999  0.86823302]
at minimum 0.0814 accepted 1  with params [-5.62527744  0.01071986  0.34727441  0.5       ]
at minimum 0.0362 accepted 1  with params [-5.50544109 -0.1         0.5         0.91184125]./../fitting_utils.py:28: RuntimeWarning: Mean of empty slice
  pooling_fun = lambda x,y: np.nanmean((x-y)**2)

at minimum 0.1630 accepted 1  with params [-5.0380683  -0.1         0.49999758  1.09999704]
at minimum 0.0413 accepted 1  with params [-4.80797371  0.19067698  0.49999986  1.1       ]
at minimum 0.0862 accepted 0  with params [-4.4156076   0.17278427  0.14139027  1.1       ]
at minimum 0.0647 accepted 1  with params [-4.33983498 -0.1         0.5         1.02568334]
at minimum 0.0650 accepted 1  with params [-4.34185461 -0.0977811   0.5         1.1       ]
at minimum 0.0883 accepted 1  with params [-4.560024    0.21365492  0.01        1.1       ]
at minimum 0.0755 accepted 1  with params [-4.70800134 -0.1         0.01000001  1.1       ]
at minimum 0.0943 accepted 1  with params [-4.4443076   0.26073445  0.01        0.6476668 ]
at minimum 0.1053 accepted 1  with params [-4.26352653 -0.1         0.01000017  0.50000021]
at minimum 0.0405 accepted 1  with params [-4.74071181 -0.09999999  0.36624159  0.5       ]
at minimum 0.0710 accepted 1  with params [-4.55969302 -0.06861703  0.21821567  0.50000254]
at minimum 0.0426 accepted 1  with params [-4.72765916 -0.1         0.33057383  0.5       ]
at minimum 0.0314 accepted 1  with params [-4.91960238 -0.09999933  0.4999997   0.69479522]
at minimum 0.0419 accepted 1  with params [-5.04379104 -0.1         0.5         0.66985265]
at minimum 0.0604 accepted 1  with params [-5.56921264 -0.1         0.5         0.5       ]
at minimum 0.0943 accepted 1  with params [-5.27062764  0.19571825  0.5         1.02190621]
at minimum 0.0930 accepted 1  with params [-5.37640402 -0.09999424  0.5         1.1       ]
at minimum 0.0429 accepted 1  with params [-5.7301196  -0.1         0.5         0.93061482]
at minimum 0.0796 accepted 1  with params [-5.73889091 -0.1         0.39968521  0.6556753 ]
at minimum 0.1375 accepted 1  with params [-5.90539713 -0.1         0.01        0.5       ]
at minimum 0.1409 accepted 1  with params [-6.         -0.1         0.01000601  0.50000735]
at minimum 0.1176 accepted 1  with params [-6.          0.40002562  0.01        0.5       ]
at minimum 0.1039 accepted 1  with params [-6.         -0.02137761  0.5         0.50000001]
at minimum 0.0871 accepted 1  with params [-5.73136286  0.47167462  0.01        0.9831367 ]
at minimum 0.0880 accepted 1  with params [-5.9592552   0.58153787  0.01        1.1       ]
at minimum 0.0755 accepted 1  with params [-6.          0.66451786  0.14490442  1.09999999]
at minimum 0.0768 accepted 1  with params [-5.53721198  0.4701609   0.01        1.1       ]
at minimum 0.1237 accepted 1  with params [-6.          0.03317418  0.16793257  0.58916387]
at minimum 0.1402 accepted 1  with params [-6.   -0.1   0.01  0.5 ]
at minimum 0.1187 accepted 1  with params [-5.86208951 -0.03235527  0.01        1.03268304]
at minimum 0.1402 accepted 1  with params [-5.9887386 -0.1        0.01       0.5      ]
at minimum 0.1269 accepted 1  with params [-6.          0.18299736  0.01        0.5       ]
at minimum 0.1091 accepted 1  with params [-6.         -0.1         0.48199223  0.5       ]
at minimum 0.1074 accepted 1  with params [-6.         -0.09999865  0.49999922  0.5000008 ]
at minimum 0.0577 accepted 1  with params [-5.56263344 -0.09999527  0.5         0.5       ]
at minimum 0.1067 accepted 1  with params [-5.49208045  0.21915063  0.02269609  0.5       ]
at minimum 0.0781 accepted 1  with params [-5.4721582 -0.1        0.2574354  0.5      ]
at minimum 0.0956 accepted 1  with params [-5.65659181  0.26602402  0.19483655  0.5       ]
at minimum 0.0864 accepted 1  with params [-5.41357248  0.2705374   0.01        0.74733823]
at minimum 0.1261 accepted 1  with params [-5.63754219 -0.1         0.01        0.5       ]
at minimum 0.1212 accepted 1  with params [-5.75985155 -0.1         0.14847389  0.5       ]
at minimum 0.0601 accepted 1  with params [-5.61523035 -0.1         0.2947333   0.89955619]
at minimum 0.1097 accepted 1  with params [-5.14317904 -0.1         0.5         0.94833538]
at minimum 0.0442 accepted 1  with params [-5.0874514   0.33356934  0.5         0.84897723]
at minimum 0.0344 accepted 1  with params [-4.89744739  0.33299852  0.4999996   0.50000048]
at minimum 0.0753 accepted 1  with params [-5.2876277  -0.1         0.04996491  0.80393868]
at minimum 0.0823 accepted 1  with params [-4.71165255  0.3933373   0.01        0.64238809]
at minimum 0.0777 accepted 1  with params [-4.7419369   0.10026795  0.01        0.69662728]
at minimum 0.1024 accepted 1  with params [-4.39701469 -0.1         0.01        0.50000026]
at minimum 0.1044 accepted 1  with params [-4.27407647  0.48623235  0.01        0.5       ]
at minimum 0.1050 accepted 1  with params [-3.77680321  0.28743472  0.01        0.64214756]
at minimum 0.0899 accepted 1  with params [-3.63151013 -0.1         0.5         0.5       ]
at minimum 0.0973 accepted 1  with params [-3.71512152 -0.0999994   0.09571761  0.5       ]
at minimum 0.1074 accepted 1  with params [-3.65354819  0.0983374   0.01        1.0161321 ]
at minimum inf accepted 0  with params [-3.25647014  0.63915344  0.33072646  0.74111292]
at minimum 0.1174 accepted 1  with params [-3.8295101  -0.03204105  0.01        1.1       ]
at minimum 100000000000000000000.0000 accepted 0  with params [-3.38939889  0.09500742  0.01        1.1       ]
at minimum 0.0872 accepted 1  with params [-4.35030847 -0.06527857  0.17707899  1.09871204]
at minimum 0.1100 accepted 1  with params [-4.23182108  0.45085516  0.01        1.1       ]
at minimum 0.1093 accepted 1  with params [-4.24337658  0.44600389  0.01        1.1       ]
at minimum 0.0713 accepted 1  with params [-4.25331142  0.99        0.5         1.1       ]
at minimum 0.0939 accepted 0  with params [-4.61929349  0.98999989  0.11412243  1.1       ]
at minimum 0.0741 accepted 1  with params [-4.49799999  0.98999302  0.4319478   0.80187674]
at minimum 0.1056 accepted 1  with params [-3.89996213  0.95956571  0.01000124  0.6140267 ]
at minimum 0.1058 accepted 1  with params [-3.87514496  0.98999998  0.01        0.81802131]
at minimum 0.0845 accepted 1  with params [-3.55804593  0.99        0.01000112  1.09999779]
at minimum 100000000000000000000.0000 accepted 0  with params [-3.30548666  0.99        0.01        0.8142416 ]
at minimum 0.1018 accepted 1  with params [-3.09057821  0.99        0.18067435  1.1       ]
at minimum inf accepted 0  with params [-3.46734413  0.99        0.5         0.93382006]
at minimum inf accepted 0  with params [-3.         0.9893451  0.01       1.1      ]
at minimum 0.0703 accepted 1  with params [-3.          0.90032212  0.01        1.05145961]
at minimum 100000000000000000000.0000 accepted 0  with params [-3.31599505  0.70731695  0.5         1.1       ]
at minimum 234.7336 accepted 0  with params [-3.          0.99        0.05886419  1.1       ]
at minimum 510637557162.6367 accepted 0  with params [-3.51630545  0.99        0.01        1.1       ]
at minimum 0.0372 accepted 1  with params [-3.04506619  0.99        0.01        0.93197762]
at minimum 330.7596 accepted 0  with params [-3.          0.74447183  0.01        0.76378648]
at minimum 0.0803 accepted 1  with params [-3.          0.8120753   0.01        0.52295837]
at minimum inf accepted 0  with params [-3.          0.99        0.05452357  0.5       ]
at minimum 100000000000000000000.0000 accepted 0  with params [-3.43346583  0.62741491  0.5         1.1       ]
at minimum 100000000000000000000.0000 accepted 0  with params [-3.22830477  0.99        0.01        0.5       ]
at minimum 0.1074 accepted 1  with params [-3.          0.99        0.42832749  0.62660005]
at minimum 22453375705878324516102095619992569166325350400.0000 accepted 0  with params [-3.51146475  0.90595317  0.5         0.5       ]
at minimum 0.3022 accepted 1  with params [-3.65682531  0.99        0.5         1.1       ]
at minimum 0.0561 accepted 1  with params [-3.65967389  0.58976257  0.37030125  1.09999969]
at minimum 0.1065 accepted 1  with params [-3.66214648 -0.03511292  0.01        0.98407252]
at minimum 0.1026 accepted 1  with params [-4.22050109 -0.1         0.01000005  0.595593  ]
at minimum 0.0954 accepted 1  with params [-4.35660136 -0.1         0.01000002  0.76879814]
at minimum 0.1089 accepted 1  with params [-3.97200674 -0.1         0.01        0.5       ]
at minimum 0.0938 accepted 1  with params [-4.39437081  0.31449654  0.01000001  0.79908567]
at minimum 0.0853 accepted 1  with params [-4.55950395  0.50835186  0.08717538  1.09999928]
at minimum 0.0818 accepted 1  with params [-4.46289465 -0.04415851  0.10572966  1.1       ]
at minimum 0.0276 accepted 1  with params [-4.6113173   0.0609748   0.47049737  0.98180058]
at minimum 0.0717 accepted 1  with params [-3.99337508 -0.04426062  0.45045168  0.50000297]
at minimum 0.1316 accepted 1  with params [-3.47162919  0.57466653  0.5         1.1       ]
at minimum 2533017963878779932580769059406247830979041562957050806272.0000 accepted 0  with params [-3.45116682  0.91008581  0.28408209  0.77642344]
at minimum 0.1178 accepted 1  with params [-3.9190658   0.92980097  0.01        1.1       ]
at minimum 0.0306 accepted 1  with params [-3.74419244  0.85021362  0.5         0.69604947]
at minimum inf accepted 0  with params [-3.25985115  0.48460267  0.5         0.91849068]
at minimum 0.0617 accepted 1  with params [-3.73274412  0.20261579  0.2784949   0.58504222]
at minimum inf accepted 0  with params [-3.20021916 -0.1         0.5         0.5       ]
at minimum 327710224040930601787566416795024784962683715985230953371525383096845205504.0000 accepted 0  with params [-3.11767302  0.58963668  0.2276099   0.5       ]
at minimum 0.0786 accepted 1  with params [-3.78357313  0.87166594  0.27013495  0.5       ]
at minimum 71236341072220202364361125134336.0000 accepted 0  with params [-3.47468321  0.99        0.01        0.5       ]
at minimum 0.1084 accepted 1  with params [-3.44894563  0.44373902  0.5         1.09878615]
at minimum 1923.4339 accepted 0  with params [-3.53238868  0.87028803  0.01        1.1       ]
at minimum 40681196551083296366256912995876541532285974089744565090699502944256000.0000 accepted 0  with params [-3.42910693  0.32255242  0.05861684  0.77769013]
at minimum 0.1085 accepted 1  with params [-3.06825282  0.90137975  0.01        0.65179565]
at minimum inf accepted 0  with params [-3.          0.99        0.47179524  0.5       ]
at minimum 11.8303 accepted 0  with params [-3.          0.99        0.01        1.02879881]
at minimum inf accepted 0  with params [-3.    0.99  0.01  0.5 ]
at minimum 0.1077 accepted 1  with params [-3.72610829  0.99        0.01        0.5       ]
at minimum 100000000000000000000.0000 accepted 0  with params [-3.13724696  0.77838833  0.01        0.61239601]
at minimum 100000000000000000000.0000 accepted 0  with params [-3.16422598  0.99        0.38955035  0.5       ]
at minimum 100000000000000000000.0000 accepted 0  with params [-3.39252444  0.99        0.39363048  0.5       ]
at minimum 0.1406 accepted 1  with params [-3.46893471  0.92710822  0.5         1.1       ]
at minimum 100000000000000000000.0000 accepted 0  with params [-3.07953483  0.55066551  0.01        1.1       ]
at minimum 0.0826 accepted 1  with params [-4.18128166  0.20829034  0.5         0.5       ]
at minimum 0.1045 accepted 1  with params [-4.26313657  0.84434265  0.01000014  0.5       ]
at minimum 0.0842 accepted 1  with params [-4.43264754  0.99        0.5         0.5       ]
at minimum 0.0948 accepted 1  with params [-4.63561597  0.99        0.01        0.5       ]
at minimum 0.1023 accepted 1  with params [-4.36426337  0.99        0.01        0.5       ]
at minimum 0.0738 accepted 1  with params [-4.60833647  0.56186529  0.39099276  0.5       ]
at minimum 0.0825 accepted 1  with params [-4.25184821  0.46763235  0.5         0.5       ]
at minimum 0.0571 accepted 1  with params [-3.99098035  0.66748657  0.5         0.65858457]
at minimum 0.0721 accepted 1  with params [-4.42850228  0.2386795   0.49999724  0.7170361 ]
at minimum 0.0632 accepted 1  with params [-4.27628518 -0.1         0.49999994  1.09999993]
at minimum 0.0721 accepted 1  with params [-4.29751751 -0.1         0.5         0.62579705]
at minimum 0.0255 accepted 1  with params [-4.95529182  0.34310549  0.5         0.82067274]
at minimum 0.0234 accepted 1  with params [-5.68809714  0.12585412  0.5         1.09999949]
at minimum 0.1151 accepted 1  with params [-5.65017845 -0.1         0.13800503  0.5       ]
at minimum 0.1166 accepted 1  with params [-5.9421564  -0.09999959  0.33891565  0.50000036]
at minimum 0.1439 accepted 1  with params [-5.20629498  0.09032036  0.5         1.1       ]
at minimum 0.0316 accepted 1  with params [-4.98414695 -0.0999977   0.5         0.50000127]
at minimum 0.0742 accepted 1  with params [-4.45357255 -0.1         0.5         0.5       ]
at minimum 0.0561 accepted 1  with params [-4.77052685  0.66107792  0.5         0.53927283]
at minimum 0.0771 accepted 1  with params [-4.37859078  0.05060718  0.5         0.58068508]
at minimum 0.0845 accepted 1  with params [-3.97875285  0.52211344  0.2418656   1.1       ]
at minimum 0.1014 accepted 1  with params [-3.6644742   0.33294097  0.01000265  0.801842  ]
at minimum 213505816351806101267303105992863706447655954823512064.0000 accepted 0  with params [-3.46264109  0.81120092  0.01        0.62770814]
at minimum 100000000000000000000.0000 accepted 0  with params [-3.28492742 -0.1         0.01        1.1       ]
at minimum 0.0794 accepted 1  with params [-4.4047938  -0.1         0.35420349  0.5       ]
at minimum 0.0784 accepted 1  with params [-4.63448844 -0.1         0.01        0.98193405]
at minimum 0.1094 accepted 1  with params [-4.9032881 -0.1        0.5        1.1      ]
at minimum 0.0634 accepted 1  with params [-4.9923713   0.05127053  0.01        0.82482806]
at minimum 0.0852 accepted 1  with params [-4.94576484 -0.0999992   0.01000036  0.50000044]
at minimum 0.0970 accepted 1  with params [-4.55834348 -0.0281105   0.01000138  0.50000118]
at minimum 0.1101 accepted 1  with params [-5.07217518 -0.09551995  0.49109149  0.95021676]
at minimum 0.0352 accepted 1  with params [-5.7126671 -0.1        0.5        1.1      ]
at minimum 0.0791 accepted 1  with params [-5.5798574   0.50262531  0.01        1.00098491]
at minimum 0.1044 accepted 1  with params [-6.          0.41976075  0.01        0.76488366]
at minimum 0.1085 accepted 1  with params [-5.5893153  -0.1         0.01        0.95657615]
at minimum 0.0234 accepted 1  with params [-5.50584498  0.61565586  0.29398707  0.99315053]
at minimum 0.0710 accepted 1  with params [-5.11447523  0.91355693  0.01000002  1.09999886]
at minimum 0.0652 accepted 1  with params [-5.09852665  0.99        0.01        0.9305445 ]
at minimum 0.0761 accepted 1  with params [-4.72620932  0.26799078  0.01        1.1       ]
at minimum 0.0932 accepted 1  with params [-5.11187394  0.19242187  0.5         0.98885151]
at minimum 0.0446 accepted 1  with params [-5.69677488 -0.1         0.37634934  1.1       ]
at minimum 0.1586 accepted 1  with params [-5.17294284  0.04791896  0.5         1.1       ]
at minimum 0.0603 accepted 1  with params [-5.10467129  0.51023004  0.01002278  1.1       ]
at minimum 0.1062 accepted 1  with params [-4.28696158  0.15002697  0.01000038  1.1       ]
at minimum 0.0410 accepted 1  with params [-4.71706466 -0.1         0.36947239  0.50000055]
at minimum 0.0678 accepted 1  with params [-4.84719681  0.4292719   0.01000033  0.96917688]
at minimum 0.0566 accepted 1  with params [-4.40828658 -0.07015147  0.42146622  1.1       ]
at minimum 0.0915 accepted 1  with params [-4.70501115 -0.03258166  0.01        0.5       ]
at minimum 0.0220 accepted 1  with params [-4.9166171   0.46969309  0.45812369  0.65852952]
at minimum 0.0688 accepted 1  with params [-4.75620546  0.99        0.5         0.99730016]
at minimum 0.0593 accepted 1  with params [-5.07032225  0.97252118  0.31099184  1.1       ]
at minimum 0.0532 accepted 1  with params [-5.2459461  0.99       0.5        1.1      ]
at minimum 0.0662 accepted 1  with params [-5.31717587  0.89859076  0.01000024  1.1       ]
at minimum 0.0971 accepted 1  with params [-4.57040254  0.87642426  0.01        1.1       ]
at minimum 0.0460 accepted 1  with params [-5.04067143  0.13569966  0.05444448  1.09999969]
at minimum 0.0313 accepted 1  with params [-4.57570426 -0.09999698  0.49999864  1.09999834]
at minimum 0.1742 accepted 1  with params [-5.09462711 -0.1         0.49003559  1.1       ]
at minimum 0.0413 accepted 1  with params [-5.60150964 -0.1         0.30778571  1.09999719]
at minimum 0.1344 accepted 1  with params [-6.          0.02430275  0.01        0.5       ]
at minimum 0.1239 accepted 1  with params [-6.          0.25175249  0.01        0.5       ]
at minimum 0.0171 accepted 1  with params [-5.36939678  0.55963168  0.28094873  1.1       ]
at minimum 0.0616 accepted 1  with params [-4.9732245   0.06348374  0.01        0.89109555]
at minimum 0.0650 accepted 1  with params [-5.14496846 -0.1         0.01        1.1       ]
at minimum 0.0607 accepted 1  with params [-5.00490548 -0.09575441  0.01        1.04405756]
at minimum 0.0616 accepted 1  with params [-4.98087347 -0.1         0.01        1.1       ]
at minimum 0.1003 accepted 1  with params [-5.60348127  0.55576335  0.01        0.50000338]
at minimum 0.0373 accepted 1  with params [-6.          0.99        0.10214879  0.5       ]
at minimum 0.1036 accepted 1  with params [-6.          0.25573069  0.01        1.07059661]
at minimum 0.1403 accepted 1  with params [-6.   -0.1   0.01  0.5 ]
at minimum 0.1342 accepted 1  with params [-5.81838049 -0.1         0.01000237  0.50000291]
at minimum 0.0713 accepted 1  with params [-6.         -0.1         0.5         1.09999999]
at minimum 0.1163 accepted 1  with params [-5.99999966 -0.1         0.39665477  0.50000018]
at minimum 0.1406 accepted 1  with params [-6.   -0.1   0.01  0.5 ]
at minimum 0.0918 accepted 1  with params [-5.44121869  0.02057216  0.01        0.91606359]
at minimum 0.0201 accepted 1  with params [-4.76195563 -0.1         0.23465165  1.1       ]
at minimum 0.1714 accepted 1  with params [-5.09098711 -0.1         0.5         1.09999574]
at minimum 0.0206 accepted 1  with params [-5.19872964  0.28350637  0.20542642  0.80521971]
at minimum 0.0326 accepted 1  with params [-5.01508879  0.20792814  0.21359436  0.59815865]
at minimum 0.0323 accepted 1  with params [-4.68726751  0.08233799  0.49999695  0.64416419]
at minimum 0.0786 accepted 1  with params [-4.92906685 -0.0819565   0.49999974  0.96942593]
at minimum 0.0724 accepted 1  with params [-4.33207459 -0.1         0.5         0.63790274]
at minimum 0.0241 accepted 1  with params [-4.65062299 -0.1         0.49999971  0.79275527]
at minimum 0.0696 accepted 1  with params [-4.40710338 -0.1         0.5         0.68141745]
at minimum 0.0905 accepted 1  with params [-4.74294205 -0.1         0.01        0.5       ]
at minimum 0.0841 accepted 1  with params [-3.94626088 -0.1         0.30042529  0.5       ]
at minimum 100000000000000000000.0000 accepted 0  with params [-3.39889108 -0.1         0.30456681  1.08943968]
at minimum inf accepted 0  with params [-3.12248776 -0.1         0.32232791  0.5       ]
at minimum 0.0674 accepted 1  with params [-4.27920834 -0.09999958  0.5         1.05124255]
at minimum 0.0439 accepted 1  with params [-4.50110161 -0.00566982  0.31538968  1.1       ]
at minimum 0.0326 accepted 1  with params [-3.7842493   0.59760462  0.49999918  0.85737439]
at minimum 0.1313 accepted 1  with params [-3.04301909  0.25580559  0.5         0.5       ]
at minimum 0.0442 accepted 1  with params [-3.78190427 -0.1         0.5         0.5       ]
at minimum 0.0966 accepted 1  with params [-4.09672227  0.46207958  0.21645623  0.5       ]
at minimum 0.1083 accepted 1  with params [-3.76828354 -0.01382947  0.01        0.5       ]
