./../runners.py:231: RuntimeWarning: invalid value encountered in multiply
  model_input = self.k*x_tm1
./../dsp_utils.py:9: RuntimeWarning: invalid value encountered in double_scalars
  self.state = 1./self.tau*x + (1-1./self.tau)*self.state
at minimum 0.0190 accepted 1  with params [-4.5   0.4   0.05  1.    0.  ]
at minimum 0.0340 accepted 1  with params [-4.61239867e+00  7.85477312e-01  2.99712107e-01  5.17012723e-01
  2.57853283e-06]
at minimum 0.1973 accepted 1  with params [-4.50202653  0.99        0.5         0.5         0.49219651]
at minimum 0.0266 accepted 1  with params [-4.6243397   0.86007612  0.04443012  0.57832745  0.09005412]
at minimum 0.2778 accepted 1  with params [-5.02831819  0.99        0.05839623  0.83439002  0.        ]
at minimum 0.0154 accepted 1  with params [-5.30959109  0.68331297  0.01        0.91970018  0.49307115]
at minimum 0.0208 accepted 1  with params [-5.14939371  0.5220558   0.01        0.72366248  0.9811281 ]
at minimum 0.0437 accepted 1  with params [-4.93422976  0.20880328  0.32408767  0.54904854  0.83662035]
at minimum 0.1013 accepted 1  with params [-4.90384039  0.06153719  0.44169835  0.81376321  0.44946408]
at minimum 0.0199 accepted 1  with params [-4.60605159  0.32534276  0.01000103  1.09999873  0.65738942]
at minimum 0.0181 accepted 1  with params [-4.97741949  0.57044837  0.01        1.0621453   0.24799613]
at minimum 0.0171 accepted 1  with params [-4.58036546  0.70225283  0.01        0.64890471  0.28820994]
at minimum 0.0949 accepted 1  with params [-4.29062945  0.50430843  0.11385924  1.03351312  0.16307402]
at minimum 0.3081 accepted 1  with params [-4.32384353e+00  2.52928289e-01  4.99999410e-01  7.45309203e-01
  4.20219032e-06]
at minimum 0.0377 accepted 1  with params [-4.74147271 -0.03562697  0.5         0.75694798  0.18795692]
at minimum 0.4835 accepted 0  with params [-4.2995834  -0.1         0.5         1.0655963   0.58331895]
at minimum 0.0917 accepted 1  with params [-5.23662377e+00  4.37452473e-03  5.00000000e-01  5.00000000e-01
  5.60818424e-01]
at minimum 0.1099 accepted 1  with params [-5.49503215 -0.06634284  0.5         0.7880084   0.40329252]
at minimum 0.0370 accepted 1  with params [-5.2412099   0.11484415  0.01        0.54757784  0.21833034]
at minimum 0.0480 accepted 1  with params [-5.47944245e+00 -2.68630137e-02  1.00000000e-02  5.00000000e-01
  6.83418881e-16]
at minimum 0.0498 accepted 1  with params [-5.76760549e+00  1.35557206e-01  1.00000000e-02  5.00000000e-01
  7.90740725e-15]
at minimum 0.0474 accepted 1  with params [-5.40248157e+00 -1.00000000e-01  1.00005143e-02  5.00000000e-01
  5.01950598e-07]
at minimum 0.0537 accepted 1  with params [-5.59556678 -0.01784015  0.36312286  0.5         0.3219043 ]
at minimum 0.1212 accepted 1  with params [-5.46832332e+00 -1.00000000e-01  5.00000000e-01  7.60492590e-01
  1.66567082e-14]
at minimum 0.0890 accepted 1  with params [-5.46827941 -0.09999812  0.5         0.60765231  0.02768615]
at minimum 0.0505 accepted 1  with params [-5.38862879 -0.1         0.25677534  0.51663229  0.37841107]
at minimum 0.0222 accepted 1  with params [-4.99526788  0.24111662  0.10609269  0.73673626  0.0846089 ]
at minimum 0.0280 accepted 1  with params [-4.88691718  0.05179354  0.01        0.61791918  0.        ]
at minimum 0.0444 accepted 1  with params [-5.15138824 -0.1         0.18801307  0.676832    0.16981603]
at minimum 0.0420 accepted 1  with params [-5.39617144 -0.09999578  0.0817718   0.64694084  0.        ]
at minimum 0.0255 accepted 1  with params [-5.41575810e+00  2.32773239e-01  1.05659344e-01  9.56634895e-01
  1.11475574e-10]
at minimum 0.0160 accepted 1  with params [-5.89805464e+00  6.41640392e-01  2.93211548e-01  1.10000000e+00
  3.11479691e-16]
at minimum 0.0204 accepted 1  with params [-5.67245625  0.68093287  0.18738565  0.66460506  0.        ]
at minimum 0.3343 accepted 1  with params [-5.51069597  0.99        0.5         1.0740345   0.06154287]
at minimum 0.0149 accepted 1  with params [-5.4244947   0.69617776  0.06611471  1.1         0.        ]
at minimum 0.0513 accepted 1  with params [-5.59541849e+00  9.50287374e-01  4.99999758e-01  1.09999970e+00
  1.18404934e-09]
at minimum 0.1197 accepted 1  with params [-5.12008955e+00  9.59048260e-01  4.12591426e-01  1.09999835e+00
  1.09868778e-05]
at minimum 0.0453 accepted 1  with params [-4.99992244  0.67570184  0.5         1.08664545  0.15273114]
at minimum 0.1257 accepted 1  with params [-4.63215857  0.70934352  0.49999912  1.09999946  0.43086503]
at minimum 0.2871 accepted 1  with params [-4.13253744  0.69156152  0.5         0.61823995  0.60303234]
at minimum 0.6258 accepted 1  with params [-4.21455512  0.75349274  0.5         0.9302843   0.35909568]
at minimum 0.4697 accepted 1  with params [-4.32697381  0.93518267  0.13151534  1.1         0.28350725]
at minimum 0.1192 accepted 1  with params [-4.21611274  0.60395082  0.18937859  0.87555319  0.7613877 ]
at minimum 0.3457 accepted 1  with params [-3.76583127  0.83705633  0.49999973  0.61370733  0.27671623]
at minimum 0.6968 accepted 1  with params [-4.01079343  0.41865443  0.5         1.1         0.75121282]
at minimum 0.6895 accepted 1  with params [-3.53529233  0.40465924  0.5         1.1         0.75211613]
at minimum 0.2287 accepted 1  with params [-3.47843292  0.65850467  0.12040068  1.1         0.60610251]
at minimum 0.0588 accepted 1  with params [-3.35521433  0.22802027  0.01        0.65713412  0.24511275]
at minimum 0.0713 accepted 1  with params [-3.76784633  0.22353295  0.01        0.5         0.19772336]
at minimum 0.1585 accepted 1  with params [-3.65417525e+00 -9.99999624e-02  7.27266288e-02  8.08670987e-01
  2.22822392e-14]
at minimum 100000000000000000000.0000 accepted 0  with params [-3.16769597 -0.1         0.5         1.1         0.        ]
at minimum 0.0738 accepted 1  with params [-3.29371796e+00 -1.00000000e-01  1.65756278e-01  5.00000001e-01
  7.27391304e-09]
at minimum 0.0557 accepted 1  with params [-3.08036689  0.03662305  0.01        0.78858154  0.53270802]
at minimum 0.3025 accepted 1  with params [-3.28179713  0.30234694  0.18827756  1.09275765  0.13539712]
at minimum 296.7507 accepted 0  with params [-3.          0.72988915  0.01        1.1         0.38846969]
at minimum 0.7069 accepted 1  with params [-3.47009195  0.07272412  0.48037506  1.1         0.38845392]
at minimum 0.1975 accepted 1  with params [-3.782361   -0.1         0.5         0.63817422  0.79002289]
at minimum 0.0489 accepted 1  with params [-4.22307329 -0.09999981  0.17450678  0.51007751  0.4457595 ]
at minimum 0.7613 accepted 1  with params [-4.0319503   0.01950074  0.34434321  1.03455003  0.        ]
at minimum 0.4032 accepted 1  with params [-4.40112600e+00 -6.31413571e-03  4.99999854e-01  1.10000000e+00
  1.19047088e-06]
at minimum 0.8193 accepted 1  with params [-4.14507904  0.11375361  0.5         1.1         0.41170831]
at minimum 0.1408 accepted 1  with params [-3.91795034  0.04635611  0.14090946  1.0999991   0.8926989 ]
at minimum 0.0976 accepted 1  with params [-3.93029749 -0.1         0.04867817  1.1         0.82609906]
at minimum 0.0218 accepted 1  with params [-3.40435312 -0.09999342  0.01        1.09999638  1.20051513]
at minimum 0.0295 accepted 1  with params [-3.0221511  -0.1         0.09944077  1.1         1.45183622]
at minimum 0.0274 accepted 1  with params [-3.         -0.1         0.5         1.1         1.90964445]
at minimum 0.0712 accepted 1  with params [-3.          0.27404881  0.28458838  0.98034637  1.4616832 ]
at minimum 0.3878 accepted 1  with params [-3.          0.36542773  0.5         1.1         1.01936868]
at minimum 0.4692 accepted 1  with params [-3.14770194  0.68533326  0.24707278  1.1         0.53165571]
at minimum 0.6188 accepted 1  with params [-3.41017163  0.15882171  0.36032799  1.1         0.15162627]
at minimum 0.7517 accepted 0  with params [-3.52388264e+00  6.87307117e-01  3.05924207e-01  1.10000000e+00
  1.02408683e-13]
at minimum 0.9557 accepted 1  with params [-3.24078027  0.58814125  0.5         1.1         0.68856488]
at minimum 100000000000000000000.0000 accepted 0  with params [-3.          0.11613314  0.5         1.1         0.1713931 ]
at minimum 0.1072 accepted 1  with params [-3.62991494  0.40443878  0.13461188  0.85533387  0.73568551]
at minimum 0.0559 accepted 1  with params [-3.9067609   0.70440506  0.16333465  0.5         1.09896511]
at minimum 0.0222 accepted 1  with params [-3.98158264  0.30388196  0.01        0.52383675  1.18468813]
at minimum 0.0178 accepted 1  with params [-4.05213708  0.12803525  0.05439582  0.8052622   1.58516797]
at minimum 0.2365 accepted 1  with params [-3.58443319 -0.00465491  0.5         0.97343515  1.42447115]
at minimum 0.2092 accepted 1  with params [-4.01397342  0.3602591   0.5         0.62843408  0.92741577]
at minimum 0.1246 accepted 1  with params [-4.30696713  0.64962236  0.21081131  0.92569933  0.55025144]
at minimum 0.0310 accepted 1  with params [-4.49399427  0.74088529  0.17335183  0.50000024  0.20266886]
at minimum 0.0151 accepted 1  with params [-4.8198162   0.57487167  0.01        0.84391128  0.23106572]
at minimum 0.0261 accepted 1  with params [-5.23140551  0.28339188  0.11909266  1.0999992   0.23581354]
at minimum 0.0196 accepted 1  with params [-5.06277553  0.49810694  0.01        1.1         0.19442627]
at minimum 0.0227 accepted 1  with params [-5.35783815  0.62941264  0.01        0.64360641  0.59331086]
at minimum 0.0328 accepted 1  with params [-5.02428243  0.90315196  0.01        1.00154796  0.87642706]
at minimum 0.1986 accepted 1  with params [-5.35824794  0.99        0.42907876  0.80920174  0.37952714]
at minimum 0.1458 accepted 1  with params [-5.39875388e+00  9.90000000e-01  1.00014797e-02  6.28325102e-01
  8.29169249e-22]
at minimum 0.0257 accepted 1  with params [-4.86419444  0.48635412  0.46830202  0.5         0.        ]
at minimum 0.0247 accepted 1  with params [-4.54110772e+00  2.74551107e-02  1.31894062e-01  5.00000302e-01
  2.01548416e-06]
at minimum 0.3288 accepted 0  with params [-4.12055206 -0.1         0.48194718  0.62075804  0.        ]
at minimum 0.0256 accepted 1  with params [-4.27148407  0.29012539  0.02471279  0.50000175  0.4101887 ]
at minimum 0.2593 accepted 1  with params [-3.86583709  0.54295296  0.01        0.92261194  0.31545322]
at minimum 0.1163 accepted 1  with params [-3.52876145  0.55587842  0.10511672  0.87156695  0.64418685]
at minimum 0.2558 accepted 1  with params [-3.41630248  0.48570501  0.35636335  0.73896934  0.55375668]
at minimum 0.1257 accepted 1  with params [-3.06725156  0.78681831  0.09918098  0.9217882   0.81810241]
at minimum 0.3535 accepted 1  with params [-3.22306757  0.99        0.10926168  0.69032736  0.85110983]
at minimum 100000000000000000000.0000 accepted 0  with params [-3.          0.68454706  0.5         1.1         0.51966537]
at minimum 0.4070 accepted 1  with params [-3.00000027  0.99        0.10148651  0.58831426  1.37308267]
at minimum 0.0248 accepted 1  with params [-3.14785438  0.48858731  0.01        1.01665541  1.51389969]
at minimum 3.4663 accepted 0  with params [-3.00000064  0.9899998   0.35542661  1.09999992  0.91378882]
at minimum 0.1809 accepted 1  with params [-3.00000017  0.85618761  0.2175374   1.1         1.3078466 ]
at minimum 0.2112 accepted 1  with params [-3.00000261  0.90407187  0.12392988  1.08981209  1.12211348]
at minimum 0.5391 accepted 1  with params [-3.33856092  0.98987614  0.01        0.88464908  0.8067678 ]
at minimum 0.3180 accepted 1  with params [-3.60351435  0.85839139  0.01        0.78663187  0.19273954]
at minimum 0.1900 accepted 1  with params [-3.22590933  0.50378189  0.43546656  0.5         0.47853568]
at minimum 100000000000000000000.0000 accepted 0  with params [-3.          0.99        0.21215224  0.5         0.08790115]
at minimum 0.2045 accepted 1  with params [-3.47547428  0.35873976  0.5         0.5         0.26535175]
at minimum 0.2369 accepted 1  with params [-4.04894393  0.16457471  0.49999984  0.50000021  0.03117599]
at minimum 0.0432 accepted 1  with params [-4.60324592  0.52509809  0.5         0.5         0.        ]
at minimum 0.2363 accepted 0  with params [-4.30155045  0.98999991  0.45438768  0.50000005  0.53896322]
at minimum 0.1311 accepted 1  with params [-4.87958682  0.98999738  0.06801246  0.50000211  0.28161515]
at minimum 0.0523 accepted 1  with params [-5.46319492  0.63710418  0.4999993   0.70996843  0.702602  ]
at minimum 0.0638 accepted 1  with params [-5.01749457  0.14988616  0.5         0.5         1.1854935 ]
at minimum 0.1396 accepted 1  with params [-5.2445388  -0.08781467  0.34753072  0.97318049  1.24560914]
at minimum 0.0362 accepted 1  with params [-4.66260695 -0.1         0.5         1.1         1.4224913 ]
at minimum 0.4951 accepted 0  with params [-4.24812072 -0.09999984  0.5         1.1         0.8069642 ]
at minimum 0.0215 accepted 1  with params [-4.60771504  0.18101915  0.01        1.1         1.3190533 ]
at minimum 0.2461 accepted 1  with params [-5.07548102  0.20674199  0.49999915  1.1         0.90529681]
at minimum 0.1513 accepted 1  with params [-5.07216465  0.13008602  0.5         0.85654304  1.32477032]
at minimum 0.0189 accepted 1  with params [-4.74595255  0.54337539  0.29007392  1.1         1.44870409]
at minimum 0.0395 accepted 1  with params [-5.27255946  0.92226571  0.01        1.1         2.02663402]
at minimum 0.3019 accepted 1  with params [-5.18613154  0.99        0.31633721  0.97693769  2.6072846 ]
at minimum 0.4849 accepted 1  with params [-5.09010248  0.99        0.44567968  1.005247    3.18095759]
at minimum 0.0159 accepted 1  with params [-5.11071919  0.7431258   0.30677196  1.1         3.46808613]
at minimum 0.0327 accepted 1  with params [-4.59989794  0.25056529  0.5         0.80481167  3.02166446]
at minimum 0.0275 accepted 1  with params [-4.6356654   0.74911671  0.49999952  0.50000024  2.87470313]
at minimum 0.2332 accepted 1  with params [-4.08706438  0.99        0.5         0.5         2.66300921]
at minimum 0.0422 accepted 1  with params [-3.96738638  0.97457931  0.32753102  0.5         3.11644839]
at minimum 0.0199 accepted 1  with params [-3.53978214  0.38081947  0.39177307  1.1         3.06897397]
at minimum 0.0249 accepted 1  with params [-3.64336142  0.14236231  0.48838222  1.1         3.16444844]
at minimum 0.0140 accepted 1  with params [-3.12102987  0.7780298   0.5         0.83516569  2.64259609]
at minimum 0.0196 accepted 1  with params [-3.79670382  0.70352268  0.29877094  0.66393578  2.50158481]
at minimum 0.0207 accepted 1  with params [-3.05976454  0.28821371  0.4887532   0.54786236  1.98327888]
at minimum 0.0280 accepted 1  with params [-3.43525856 -0.1         0.5         0.5         2.40518837]
at minimum 0.0330 accepted 1  with params [-3.79636206 -0.0999999   0.46225312  0.5         2.40521683]
at minimum 0.0424 accepted 1  with params [-3.40718967  0.5084564   0.01206523  0.5         2.15452803]
at minimum 0.0420 accepted 1  with params [-3.          0.48834688  0.01        0.53235803  1.99056593]
at minimum 0.0489 accepted 1  with params [-3.          0.21666388  0.01        0.5         1.42601687]
at minimum 0.0182 accepted 1  with params [-3.38650983 -0.09999997  0.01000001  0.73372071  1.19892653]
at minimum 0.0632 accepted 1  with params [-3.04549668 -0.1         0.01        1.09999992  1.52324133]
at minimum 0.0276 accepted 1  with params [-3.28170641 -0.04539362  0.16249024  0.89573724  1.70462511]
at minimum 0.0353 accepted 1  with params [-3.88540647 -0.1         0.01        0.71661884  1.88065303]
at minimum 0.0754 accepted 1  with params [-3.80617729 -0.1         0.01        0.5         2.46435179]
at minimum 0.0522 accepted 1  with params [-3.29744657  0.27201257  0.01000005  0.57458979  2.15221587]
at minimum 0.0158 accepted 1  with params [-3.01774251  0.34420766  0.48949736  1.00946126  2.48499285]
at minimum 0.0140 accepted 1  with params [-3.41091572  0.82712196  0.34577331  0.89219247  3.09172756]
at minimum 0.0140 accepted 1  with params [-3.92597508  0.82345888  0.15487765  0.93848412  3.226679  ]
at minimum 0.0172 accepted 1  with params [-3.81480695  0.39606469  0.46982374  1.1         3.1490808 ]
at minimum 0.0315 accepted 1  with params [-4.20399759  0.19989704  0.5         1.1         3.57227342]
at minimum 0.0265 accepted 1  with params [-4.28585541  0.40919723  0.5         1.1         4.        ]
at minimum 0.0901 accepted 1  with params [-3.81733444  0.99        0.37959648  0.5         3.66890843]
at minimum 100000000000000000000.0000 accepted 0  with params [-3.35281031  0.67743759  0.37835196  0.83987868  4.        ]
at minimum 100000000000000000000.0000 accepted 0  with params [-3.16079039  0.66911129  0.5         0.5         3.52322723]
at minimum 0.0900 accepted 1  with params [-3.66705906  0.99        0.01        0.5         3.58750488]
at minimum 0.0900 accepted 1  with params [-4.14150023  0.99        0.20187337  0.5         3.76215941]
at minimum 0.0143 accepted 1  with params [-4.47310111  0.8050479   0.21999398  0.9749945   4.        ]
at minimum 0.0235 accepted 1  with params [-4.49126185  0.37462242  0.5         1.01722416  3.51737199]
at minimum 0.0167 accepted 1  with params [-4.63242385  0.65024648  0.5         1.1         4.        ]
at minimum 0.0586 accepted 1  with params [-5.0366571   0.02367236  0.37663391  1.01903103  3.66236411]
at minimum 0.0210 accepted 1  with params [-4.61552026  0.55163702  0.15259984  1.09999939  3.27400573]
at minimum 0.0417 accepted 1  with params [-4.47512842  0.16884385  0.11754157  1.1         2.70594614]
at minimum 0.0554 accepted 1  with params [-4.537469   -0.1         0.01        0.64076909  2.55792546]
at minimum 0.0444 accepted 1  with params [-4.27703037  0.43110189  0.15656585  0.5         2.88257632]
at minimum 0.0382 accepted 1  with params [-4.55052302  0.10021143  0.01        0.5         2.23240671]
at minimum 0.0219 accepted 1  with params [-4.86534243  0.50257078  0.01        1.1         2.89086555]
at minimum 0.0146 accepted 1  with params [-4.31629438  0.79477025  0.06279374  0.94864359  3.48465628]
at minimum 0.0900 accepted 1  with params [-4.34774304  0.99        0.01        0.5         3.08042725]
at minimum 0.0216 accepted 1  with params [-3.76472938  0.549784    0.01        1.1         3.62914644]
at minimum 0.0504 accepted 1  with params [-4.13686888  0.16480114  0.01        1.0840159   3.00319423]
at minimum 0.0311 accepted 1  with params [-4.33984708  0.73904003  0.01        0.5         3.20147291]
at minimum 0.0384 accepted 1  with params [-4.63947299  0.50585349  0.22343313  0.58164991  3.81411235]
at minimum 0.0514 accepted 1  with params [-5.05369178  0.22262974  0.04693626  0.74929916  4.        ]
at minimum 0.0154 accepted 1  with params [-4.74133819  0.74549171  0.0318403   1.08943289  4.        ]
at minimum 0.0378 accepted 1  with params [-5.2934327   0.36461251  0.01000002  0.88297638  3.90106681]
at minimum 0.0477 accepted 1  with params [-5.74754324  0.39530143  0.01        0.5         3.87216247]
at minimum 0.0152 accepted 1  with params [-6.          0.78321348  0.02804089  1.0999986   3.30175688]
at minimum 0.1211 accepted 1  with params [-6.          0.99        0.01        0.60668997  2.63958043]
at minimum 0.0930 accepted 1  with params [-6.          0.99        0.01000105  0.50000129  2.432901  ]
at minimum 0.0275 accepted 1  with params [-6.          0.73620726  0.5         0.5         2.5144835 ]
at minimum 0.0496 accepted 1  with params [-5.51879922  0.10244952  0.01        0.50942044  2.73697509]
at minimum 0.0289 accepted 1  with params [-5.62300519  0.74470042  0.49999836  0.5         3.34024855]
at minimum 0.0371 accepted 1  with params [-6.          0.56135965  0.10743831  0.50000001  3.01296341]
at minimum 0.0496 accepted 1  with params [-5.55885153  0.06184548  0.01        0.5         2.3742584 ]
at minimum 0.0212 accepted 1  with params [-5.99999902  0.46473859  0.1357387   1.09999981  2.3684945 ]
at minimum 0.0425 accepted 1  with params [-6.          0.12908482  0.40132386  1.1         2.2475439 ]
at minimum 0.0350 accepted 1  with params [-5.96954221  0.19606322  0.01383056  1.1         1.64612108]
at minimum 0.0470 accepted 1  with params [-5.65943873 -0.09999898  0.01000046  0.96842836  2.03933026]
at minimum 0.1314 accepted 1  with params [-5.17155662  0.46122828  0.5         1.1         1.87934541]
at minimum 0.0240 accepted 1  with params [-5.6478954   0.95586008  0.49999984  0.5         2.53100665]
at minimum 0.0896 accepted 1  with params [-5.76750353  0.98999999  0.5         0.5         2.31004791]
at minimum 0.0382 accepted 1  with params [-5.65407692  0.31165151  0.01        0.59600681  1.81308221]
at minimum 0.0480 accepted 1  with params [-5.69996501 -0.1         0.17043065  1.09314557  2.36616659]
at minimum 0.0277 accepted 1  with params [-6.          0.35648791  0.01        1.05787142  2.31972201]
at minimum 0.0301 accepted 1  with params [-5.47600461  0.66312495  0.37549409  0.5         2.71721583]
at minimum 0.0913 accepted 0  with params [-5.84112692  0.99        0.31410788  0.5         3.38045445]
at minimum 0.0742 accepted 1  with params [-5.10803769  0.26606792  0.5         1.1         2.56018693]
at minimum 0.0814 accepted 1  with params [-5.2804282   0.44047568  0.5         0.79632017  1.96787171]
at minimum 0.0153 accepted 1  with params [-5.88371492  0.82116376  0.06661442  1.1         1.81472736]
at minimum 0.0240 accepted 1  with params [-6.          0.47260734  0.01        0.98524482  2.04226736]
at minimum 0.0195 accepted 1  with params [-5.90022928  0.56566072  0.01        1.0188238   1.29145724]
