./../runners.py:392: RuntimeWarning: invalid value encountered in double_scalars
  err_t]+([u_fb + err_t] if self.enable_combo else []))
./../runners.py:306: RuntimeWarning: invalid value encountered in multiply
  model_input = self.k*x_tm1
./../dsp_utils.py:9: RuntimeWarning: invalid value encountered in double_scalars
  self.state = 1./self.tau*x + (1-1./self.tau)*self.state
at minimum 0.0451 accepted 1  with params [-3.68299787  0.84519733  0.10089976  0.88579878 -3.99999995]
at minimum 0.0502 accepted 1  with params [-3.58779856  0.70475842  0.45875742  0.78800577 -3.96729646]
at minimum 0.0412 accepted 1  with params [-3.98429408  1.17532214  0.5         0.50000018 -3.99999878]
at minimum 0.0267 accepted 1  with params [-4.12421721  1.17921213  0.39589264  0.84289671 -3.57756053]
at minimum 0.0469 accepted 1  with params [-4.22345739  1.06922119  0.5         0.91541983 -3.46942842]
at minimum 0.1033 accepted 0  with params [-4.21400668  0.79589164  0.49999945  0.652047   -3.38645556]
at minimum 0.0146 accepted 1  with params [-4.32753039  0.70070136  0.16894138  0.82322932 -3.14850133]
at minimum 0.0306 accepted 1  with params [-4.47068244  0.47221423  0.47680284  0.5        -2.94313671]
at minimum 0.0333 accepted 1  with params [-4.76263614  0.25318356  0.5         0.5        -2.45399292]
at minimum 0.0326 accepted 1  with params [-4.74722912  0.3730078   0.29420609  0.5        -2.63946458]
at minimum 0.0263 accepted 1  with params [-4.45168851  0.4498917   0.12691818  0.72699898 -2.34901825]
at minimum 0.0144 accepted 1  with params [-4.33430504  0.3818098   0.19543405  0.89023928 -2.71275434]
at minimum 0.0204 accepted 1  with params [-4.09427104  0.42649175  0.5         0.71418266 -2.86285123]
at minimum 0.0220 accepted 1  with params [-4.37646596  0.3167655   0.5         1.02315117 -3.2560255 ]
at minimum 0.0564 accepted 1  with params [-3.98588142  0.40768964  0.10756325  0.60063577 -2.90467767]
at minimum 0.0671 accepted 1  with params [-3.96398755e+00  3.33195796e-16  9.08965163e-02  7.03044366e-01
 -2.66360109e+00]
at minimum 0.0716 accepted 1  with params [-4.02830991e+00  2.60441724e-06  9.16796418e-02  5.89308070e-01
 -2.68471460e+00]
at minimum 0.0286 accepted 1  with params [-3.67571334  0.49411214  0.49999995  0.65655627 -2.49821594]
at minimum 0.0705 accepted 1  with params [-3.85965298  0.78283224  0.5         0.5        -2.41743128]
at minimum 0.3778 accepted 1  with params [-3.4512607   0.84965663  0.49999993  0.90852041 -2.89315872]
at minimum 0.8026 accepted 0  with params [-3.03974663  0.44623315  0.5         0.84081908 -3.25449376]
at minimum 0.0591 accepted 1  with params [-3.84085815  0.53079722  0.10504352  0.5        -2.58795942]
at minimum 0.0549 accepted 1  with params [-3.36274387  0.43259276  0.23987089  0.58802889 -2.75995044]
at minimum 0.0966 accepted 1  with params [-3.6208032   0.27815639  0.17051937  0.82068125 -3.07676203]
at minimum 0.0498 accepted 1  with params [-3.25992074  0.31148479  0.32732594  1.1        -3.32264485]
at minimum 0.0634 accepted 1  with params [-3.50288144  0.63114769  0.09069764  0.84362826 -3.73474675]
at minimum 0.0750 accepted 1  with params [-3.72361684  0.34810367  0.30136727  0.53963052 -3.44078842]
at minimum 0.1656 accepted 1  with params [-3.53621533  0.20639948  0.23265021  0.95363821 -2.94704685]
at minimum 0.1284 accepted 1  with params [-3.35457676  0.21728763  0.3621004   0.69113926 -3.26943484]
at minimum 0.0408 accepted 1  with params [-3.55234206  0.02122227  0.16849193  0.73468602 -3.18742264]
at minimum 0.0842 accepted 1  with params [-3.44852736  0.06232839  0.01        1.1        -3.12641854]
at minimum 0.1972 accepted 1  with params [-3.74090714  0.18491279  0.48294709  1.1        -3.40114144]
at minimum 0.0386 accepted 1  with params [-3.54771807  0.06908513  0.5         0.68287617 -3.20727927]
at minimum 0.0238 accepted 1  with params [-3.71951527  0.01890828  0.49999994  0.84473757 -2.72194298]
at minimum 0.0793 accepted 1  with params [-3.81478832  0.29460423  0.10935946  1.0999974  -3.10120869]
at minimum 0.0736 accepted 1  with params [-3.88347918  0.10853807  0.43343596  1.1        -2.8415955 ]
at minimum 0.0301 accepted 1  with params [-4.11915187  0.43997361  0.40429216  1.09999997 -2.71740024]
at minimum 0.0523 accepted 1  with params [-4.2440352   0.22971566  0.06888167  1.1        -2.70492903]
at minimum 0.0777 accepted 1  with params [-4.68009539  0.58618059  0.38763432  1.09999874 -2.28121907]
at minimum 0.0121 accepted 1  with params [-4.78673745  0.3784007   0.5         1.1        -1.78479097]
at minimum 0.0819 accepted 1  with params [-5.23389256  0.75593511  0.10280263  1.1        -1.49660748]
at minimum 0.1022 accepted 1  with params [-5.39642841  0.73561028  0.01000073  1.09999968 -1.28095183]
at minimum 0.1167 accepted 1  with params [-5.63990365  0.90844436  0.01000004  1.09999992 -1.01514249]
at minimum 0.1124 accepted 1  with params [-5.48241733  0.44705518  0.08349888  1.09618302 -1.02893363]
at minimum 0.1180 accepted 1  with params [-5.64270435  0.92712466  0.01        1.1        -0.93874643]
at minimum 0.1183 accepted 1  with params [-5.96650533  0.44666511  0.01        1.1        -1.27133043]
at minimum 0.1238 accepted 1  with params [-6.          0.3774091   0.05726     0.68894284 -0.97163279]
at minimum 0.1207 accepted 1  with params [-5.94363678  0.28396207  0.0100002   0.52733108 -1.461688  ]
at minimum 0.1072 accepted 1  with params [-6.          0.43109721  0.46246684  0.75809564 -1.84235643]
at minimum 0.0919 accepted 1  with params [-6.          0.05281067  0.36212723  1.1        -2.14247138]
at minimum 0.1199 accepted 1  with params [-5.99999775  0.32695414  0.01000035  0.54520475 -1.60602376]
