./../runners.py:231: RuntimeWarning: invalid value encountered in multiply
  model_input = self.k*x_tm1
./../dsp_utils.py:9: RuntimeWarning: invalid value encountered in double_scalars
  self.state = 1./self.tau*x + (1-1./self.tau)*self.state
at minimum 0.0896 accepted 1  with params [-4.50000000e+00  4.00000000e-01  5.00000000e-02  1.00000000e+00
  9.02443758e-22]
at minimum 0.1211 accepted 1  with params [-4.4773631   0.06414524  0.31094733  0.7307519   0.30039231]
at minimum 0.2499 accepted 0  with params [-4.0513956  -0.0148002   0.01        0.66112168  0.        ]
at minimum 0.3015 accepted 1  with params [-4.12692673  0.15992881  0.09506588  1.1         0.54532909]
at minimum 0.1762 accepted 1  with params [-4.38268605 -0.1         0.28004504  0.76953172  0.31109317]
at minimum 0.1632 accepted 1  with params [-4.40467947  0.1495013   0.33248202  0.62178307  0.4132085 ]
at minimum 0.1131 accepted 1  with params [-4.42653085  0.47537753  0.1657039   0.75214319  0.59950138]
at minimum 0.2999 accepted 1  with params [-4.23846263  0.24865579  0.36107204  0.76508246  0.95489873]
at minimum 0.3018 accepted 1  with params [-4.27712563  0.3747101   0.19754935  1.1         0.63322527]
at minimum 0.1181 accepted 1  with params [-4.21897813 -0.0603635   0.01        0.84571221  0.27968927]
at minimum 0.3060 accepted 1  with params [-4.06917379e+00 -1.00000000e-01  1.00000000e-02  8.92185198e-01
  1.77998934e-15]
at minimum 0.2312 accepted 1  with params [-4.18523882 -0.1         0.05213795  1.1         0.        ]
at minimum 0.0656 accepted 1  with params [-4.48437194 -0.09999998  0.01000001  0.71616298  0.01025033]
at minimum 0.0348 accepted 1  with params [-4.91771578 -0.09999971  0.08507672  1.1         0.44164829]
at minimum 0.0534 accepted 1  with params [-4.82067419 -0.1         0.04834783  0.7823123   0.22325457]
at minimum 0.0283 accepted 1  with params [-5.29466689 -0.1         0.35928938  0.5         0.69555969]
at minimum 0.0206 accepted 1  with params [-5.08730905  0.15092682  0.33036784  0.5         0.87083301]
at minimum 0.0360 accepted 1  with params [-5.20892601  0.41943659  0.23160833  0.50000045  1.31071589]
at minimum 0.0482 accepted 1  with params [-5.20387078 -0.05072321  0.15774446  0.5         1.3277386 ]
at minimum 0.0245 accepted 1  with params [-5.37109629  0.09283188  0.5         0.5         0.95573313]
at minimum 0.0597 accepted 1  with params [-5.64807587 -0.1         0.17649901  0.83569766  0.70262121]
at minimum 0.0328 accepted 1  with params [-5.4277694  -0.1         0.41643913  0.5         0.39866437]
at minimum 0.0254 accepted 1  with params [-5.28786831e+00  2.11067850e-01  5.00000000e-01  6.76439010e-01
  1.03902507e-14]
at minimum 0.0293 accepted 1  with params [-4.94132814  0.27139176  0.14353436  0.76253575  0.46523624]
at minimum 0.0169 accepted 1  with params [-5.29770728  0.2075147   0.3909823   0.73812307  0.19415349]
at minimum 0.0563 accepted 1  with params [-5.78374242 -0.06381138  0.49999993  0.5         0.42807391]
at minimum 0.0348 accepted 1  with params [-5.67961604  0.40792322  0.5         0.5         0.36208814]
at minimum 0.0476 accepted 1  with params [-5.4462807   0.89711182  0.49999946  0.50000058  0.11372257]
at minimum 0.2801 accepted 1  with params [-5.23219643  0.99        0.39072864  0.57898829  0.1991058 ]
at minimum 0.3390 accepted 1  with params [-4.75058056  0.99        0.01000011  0.50000047  0.49042759]
at minimum 0.0137 accepted 1  with params [-5.18979466  0.74796598  0.49547711  0.78165575  0.12434551]
at minimum 0.0181 accepted 1  with params [-5.16959513  0.31226594  0.19095433  0.77449916  0.23333674]
at minimum 0.0181 accepted 1  with params [-5.0197906   0.22142024  0.37777692  0.50000322  0.44017954]
at minimum 0.0221 accepted 1  with params [-5.18847049  0.09378662  0.5         0.5         0.02528761]
at minimum 0.0273 accepted 1  with params [-5.55219595 -0.1         0.49999931  0.72497761  0.23366387]
at minimum 0.0273 accepted 1  with params [-5.32740073 -0.1         0.5         0.50000257  0.22578596]
at minimum 0.0180 accepted 1  with params [-4.92184854 -0.03144472  0.5         0.5         0.67711507]
at minimum 0.0709 accepted 1  with params [-5.35723307 -0.1         0.5         0.95394442  0.66778187]
at minimum 0.0213 accepted 1  with params [-5.84889453  0.13676213  0.5         1.1         0.91275856]
at minimum 0.0337 accepted 1  with params [-6.          0.53353177  0.5         0.78865924  1.27013769]
at minimum 0.0343 accepted 1  with params [-5.63535297  0.80922897  0.5         0.5         1.12945793]
at minimum 0.0462 accepted 1  with params [-5.81926607  0.34583847  0.5         0.5         1.27364123]
at minimum 0.0620 accepted 1  with params [-6.          0.23325148  0.5         0.5         1.43083858]
at minimum 0.0862 accepted 1  with params [-5.99999947  0.02721168  0.18916156  0.50000145  1.39822526]
at minimum 0.0626 accepted 1  with params [-5.53430477  0.50646858  0.01        0.86245286  0.94752711]
at minimum 0.0302 accepted 1  with params [-5.79394649  0.37927785  0.26414911  1.1         0.48361835]
at minimum 0.0685 accepted 1  with params [-6.          0.45154009  0.01        0.8274593   0.93569999]
at minimum 0.0722 accepted 1  with params [-6.          0.23273921  0.21208041  0.62903937  0.79952274]
at minimum 0.0809 accepted 1  with params [-5.9999993   0.36359599  0.02822263  0.50000012  0.50917345]
at minimum 0.0929 accepted 1  with params [-6.         -0.03482192  0.01        0.65367337  0.63669354]
at minimum 0.0730 accepted 1  with params [-5.50358642  0.48159871  0.01        0.50000005  0.71213712]
at minimum 0.0699 accepted 1  with params [-5.05903422  0.19281864  0.01        0.5         0.2501328 ]
at minimum 0.0657 accepted 1  with params [-4.6503014   0.34160941  0.01        0.62048784  0.        ]
at minimum 0.4515 accepted 1  with params [-4.41306851e+00  1.46273045e-01  4.50686006e-01  1.04796017e+00
  7.57072486e-19]
at minimum 0.1450 accepted 1  with params [-4.15743221e+00 -9.99991242e-02  1.00005191e-02  7.33986109e-01
  3.51651146e-06]
at minimum 0.0592 accepted 1  with params [-4.67994694e+00  1.76049064e-01  1.14698855e-01  5.00000000e-01
  1.41211819e-07]
at minimum 0.2809 accepted 1  with params [-4.18877875 -0.02344703  0.32610357  0.5         0.41658611]
at minimum 0.2596 accepted 1  with params [-3.66548323  0.0261564   0.28225412  0.5         0.39219767]
at minimum 1.0445 accepted 0  with params [-4.10781711 -0.09999999  0.5         0.96235138  0.25518441]
at minimum 0.3783 accepted 1  with params [-3.60956241  0.03110643  0.44417749  0.5         0.18374177]
at minimum 0.1555 accepted 1  with params [-3.29407978 -0.09999992  0.05371626  0.58952546  0.09120354]
at minimum 2.6497 accepted 0  with params [-3.08992398  0.16912182  0.5         0.75935346  0.44207214]
at minimum 0.3001 accepted 1  with params [-3.40628828 -0.1         0.42777398  0.5         0.56511845]
at minimum 0.3032 accepted 1  with params [-3.29801984 -0.09999985  0.5         0.5         0.85907884]
at minimum 0.2270 accepted 1  with params [-3.02621495 -0.1         0.47829025  0.5         1.02664944]
at minimum 1.4981 accepted 0  with params [-3.00001045 -0.09999985  0.49999891  0.50000272  0.83044111]
at minimum 0.2620 accepted 1  with params [-3.34945357 -0.09999999  0.49657211  0.60390552  1.29160876]
at minimum 0.0713 accepted 1  with params [-3.41508546 -0.09999973  0.01000011  0.5         1.43378509]
at minimum 0.0822 accepted 1  with params [-3.2279499   0.33360354  0.01        0.5         1.63892804]
at minimum 0.0786 accepted 1  with params [-3.          0.02249552  0.01        0.75656866  1.35145824]
at minimum 0.0924 accepted 1  with params [-3.5405548  -0.09999727  0.01000116  0.5901421   0.91706453]
at minimum 0.2657 accepted 1  with params [-3.36663454  0.17980328  0.25067453  0.93319051  1.19807872]
at minimum 0.2018 accepted 1  with params [-3.4264532  -0.09999826  0.49999921  0.54943791  1.54363302]
at minimum 0.0842 accepted 1  with params [-3.19996163 -0.09999934  0.27039922  0.50000037  2.07366486]
at minimum 0.1033 accepted 1  with params [-3.         -0.1         0.07082133  0.5         2.09703329]
at minimum 0.0639 accepted 1  with params [-3.00000003 -0.1         0.07024838  0.81080559  1.17126817]
at minimum 0.0685 accepted 1  with params [-3.48967009  0.29712024  0.12146007  0.5         1.55632262]
at minimum 0.0821 accepted 1  with params [-3.0565744  -0.1         0.07616036  0.5         1.01532428]
at minimum 0.0682 accepted 1  with params [-3.0000002  -0.1         0.01        0.56678761  1.07769193]
at minimum 0.0797 accepted 1  with params [-3.00000077 -0.09999921  0.01000057  0.50000086  0.72924693]
at minimum 0.5193 accepted 1  with params [-3.37219444  0.44063997  0.5         0.65854252  0.86930598]
at minimum 0.7385 accepted 0  with params [-3.89681285  0.13983234  0.46461049  0.89065969  0.60398275]
at minimum 0.1894 accepted 1  with params [-3.04201477  0.66061028  0.5         0.71722859  1.41746216]
at minimum 0.4331 accepted 0  with params [-3.58110301  0.79897437  0.5         0.5         0.95081704]
at minimum 2.5506 accepted 0  with params [-3.00000223  0.98999922  0.21993807  1.0999992   1.18856426]
at minimum 1.2572 accepted 0  with params [-3.5630886   0.92432146  0.5         0.90639733  1.35826697]
at minimum 0.5471 accepted 1  with params [-3.27787093  0.11234105  0.49999937  1.04611407  1.25563173]
at minimum 0.4278 accepted 1  with params [-3.22422523  0.4701162   0.5         0.75819098  1.16852329]
at minimum 0.6479 accepted 0  with params [-3.0000038   0.17595027  0.4999999   1.1         1.00963577]
at minimum 0.1770 accepted 1  with params [-3.08719393  0.95880955  0.48605079  0.51887521  1.58559727]
at minimum 0.6768 accepted 0  with params [-3.    0.99  0.5   0.5   0.  ]
at minimum 3.1112 accepted 0  with params [-3.41340078  0.99        0.5         1.04526694  1.35686102]
at minimum 0.3436 accepted 1  with params [-3.02467127  0.99        0.06082151  0.54189414  1.55834188]
at minimum 0.7355 accepted 1  with params [-3.48549405  0.99        0.27463265  0.63013112  1.96928562]
at minimum 0.2330 accepted 1  with params [-3.03268563  0.99        0.01        0.5         2.2385766 ]
at minimum 0.0652 accepted 1  with params [-3.          0.57994895  0.01        1.1         2.39686498]
at minimum 0.0671 accepted 1  with params [-3.0038259   0.73698193  0.0136899   0.97409047  2.08214778]
at minimum 0.0684 accepted 1  with params [-3.          0.44163981  0.01        1.1         2.60770425]
at minimum 0.0652 accepted 1  with params [-3.          0.6058127   0.01        1.1         2.98012732]
at minimum 0.0704 accepted 1  with params [-3.46867308  0.39674502  0.02200655  1.1         3.06242501]
at minimum 0.0656 accepted 1  with params [-3.         -0.04330768  0.40025786  1.1         2.54631412]
at minimum 0.0667 accepted 1  with params [-3.          0.17905535  0.5         1.09999999  2.58984632]
at minimum 0.0984 accepted 1  with params [-3.         -0.1         0.11034438  0.58644736  2.26123944]
at minimum 0.0923 accepted 1  with params [-3.6105565  -0.1         0.25504404  0.70798012  1.90801512]
at minimum 0.0826 accepted 1  with params [-3.46369717 -0.09087438  0.01        0.5         1.67027974]
at minimum 0.1694 accepted 1  with params [-3.97491098 -0.1         0.49999895  0.5         1.55657859]
at minimum 0.1131 accepted 1  with params [-3.78508248  0.31474971  0.32781267  0.5         1.66317558]
at minimum 0.1191 accepted 1  with params [-3.42051333  0.41949945  0.5         0.64312034  1.98032657]
at minimum 0.1354 accepted 1  with params [-3.83856647  0.94121768  0.01        1.05475586  2.10235849]
at minimum 1.0348 accepted 1  with params [-4.43942043  0.99        0.01        1.1         1.51681788]
at minimum 0.1013 accepted 1  with params [-4.29232706  0.45447729  0.01        0.94611672  1.10939081]
at minimum 0.1456 accepted 1  with params [-4.34460672  0.50580939  0.01        1.1         0.58891555]
at minimum 0.1598 accepted 1  with params [-4.41498125  0.66382935  0.01        1.09999984  0.1518339 ]
at minimum 0.0542 accepted 1  with params [-4.79698123  0.46349608  0.11747315  1.1         0.        ]
at minimum 0.0621 accepted 1  with params [-4.74119183  0.27665877  0.01        0.8874125   0.39095974]
at minimum 0.1219 accepted 1  with params [-4.31464587  0.66202506  0.01        0.80252617  0.95406987]
at minimum 0.0698 accepted 1  with params [-3.82055558  0.06236684  0.01        0.5         1.42533121]
at minimum 0.0628 accepted 1  with params [-4.27799656 -0.09999986  0.14503836  0.50000008  1.96390792]
at minimum 0.0748 accepted 1  with params [-4.77867793 -0.1         0.01        0.5         2.2627628 ]
at minimum 0.0616 accepted 1  with params [-4.91370877 -0.1         0.01        1.1         1.69540067]
at minimum 0.0351 accepted 1  with params [-5.04913279  0.06160696  0.3486503   1.1         1.50725476]
at minimum 0.0652 accepted 1  with params [-4.67236844  0.15048839  0.01000003  1.1         1.51243557]
at minimum 0.1214 accepted 1  with params [-4.32219959 -0.1         0.44620707  0.57490224  1.4608776 ]
at minimum 0.0309 accepted 1  with params [-4.85314076  0.03879682  0.5         1.05910327  1.0736526 ]
at minimum 0.0096 accepted 1  with params [-4.77432625e+00  3.42823434e-03  5.00000000e-01  8.44823552e-01
  5.07172225e-01]
at minimum 0.0175 accepted 1  with params [-4.77003851  0.02470202  0.5         1.1         0.98146073]
at minimum 0.0611 accepted 1  with params [-4.69786119 -0.1         0.01        0.81823062  0.95328886]
at minimum 0.0683 accepted 1  with params [-4.8903768   0.29221066  0.01000019  0.5         0.94704081]
at minimum 0.0405 accepted 1  with params [-4.64625026 -0.04637793  0.32696687  0.5         0.3368406 ]
at minimum 0.7200 accepted 0  with params [-4.18423834  0.27206078  0.29173833  1.09231748  0.4072541 ]
at minimum 0.0965 accepted 1  with params [-4.70530411  0.52021539  0.5         1.1         0.78690807]
at minimum 0.7166 accepted 1  with params [-4.64538587  0.95937988  0.4999997   1.09999956  1.13794089]
at minimum 0.7899 accepted 1  with params [-4.24545557  0.51657833  0.49999831  0.99702812  0.83670706]
at minimum 0.5108 accepted 1  with params [-4.59633918  0.99        0.44843893  0.69538268  0.83366198]
at minimum 0.1051 accepted 1  with params [-4.29662601  0.64786289  0.01000255  0.5         0.68721489]
at minimum 0.3901 accepted 1  with params [-4.51777846  0.99        0.49999912  0.50000047  0.14804706]
at minimum 0.2766 accepted 1  with params [-4.90460644  0.98999675  0.17759392  0.50000179  0.10104506]
at minimum 0.3950 accepted 1  with params [-4.61292328e+00  8.82256552e-01  4.37630609e-01  9.87485120e-01
  8.86425932e-07]
at minimum 1.3258 accepted 0  with params [-4.41947301e+00  9.90000000e-01  5.00000000e-01  1.10000000e+00
  1.54817981e-31]
at minimum 1.4541 accepted 1  with params [-4.01802548  0.98112379  0.01        1.1         0.58030845]
at minimum 0.1076 accepted 1  with params [-3.5943029   0.50359073  0.01        0.51799483  0.95796923]
at minimum 0.1876 accepted 1  with params [-3.61195636  0.83829402  0.01        0.5         0.77900234]
at minimum 14.2194 accepted 0  with params [-3.04730784  0.99        0.5         0.86296819  0.75272388]
at minimum 0.7622 accepted 0  with params [-3.08268042  0.99        0.01        0.81681527  0.5894438 ]
at minimum 0.5077 accepted 1  with params [-3.46853269  0.98286473  0.39160628  0.50000199  0.22391382]
at minimum 0.5239 accepted 1  with params [-3.40331078  0.91366799  0.5         0.5         0.68617143]
at minimum 0.8814 accepted 1  with params [-3.8867734   0.99        0.5         0.7418781   0.43759699]
at minimum 1.6152 accepted 0  with params [-3.27590632  0.80648059  0.5         1.1         0.6393127 ]
at minimum 0.4223 accepted 1  with params [-3.94641537  0.69313884  0.5         0.50000038  0.48482271]
at minimum 0.1679 accepted 1  with params [-3.54502656  0.28348118  0.01        0.59883305  0.34370846]
at minimum 1.0549 accepted 0  with params [-3.92841032 -0.1         0.37714925  0.97597646  0.        ]
at minimum 0.2412 accepted 1  with params [-3.26060351  0.2688868   0.01        0.79834259  0.        ]
at minimum 4.6446 accepted 0  with params [-3.00001799  0.12777406  0.01        0.70853741  0.43440576]
at minimum 1.3909 accepted 0  with params [-3.88741299 -0.1         0.5         1.1         0.        ]
at minimum 0.1890 accepted 1  with params [-3.67654972 -0.08195898  0.01        0.5         0.        ]
at minimum 0.0855 accepted 1  with params [-4.20232208 -0.09999939  0.01        0.5         0.65157535]
at minimum 0.2192 accepted 1  with params [-4.48351574  0.44840423  0.5         0.63280816  0.63193402]
at minimum 0.0655 accepted 1  with params [-4.60792165  0.13382004  0.49999925  0.5         1.25480728]
at minimum 0.0217 accepted 1  with params [-5.03141816 -0.09552258  0.5         0.5         1.4575077 ]
at minimum 0.0625 accepted 1  with params [-4.55896913 -0.1         0.01        0.75530201  1.0212596 ]
at minimum 0.0151 accepted 1  with params [-4.92723708  0.43769375  0.5         0.60082762  0.39038611]
at minimum 0.0120 accepted 1  with params [-5.18902988  0.32683422  0.2512714   1.1         0.63517993]
at minimum 0.0418 accepted 1  with params [-5.25868249  0.39281552  0.07238395  1.1         0.31754619]
at minimum 0.0143 accepted 1  with params [-5.84125184e+00  5.84148930e-01  4.99999663e-01  1.09999961e+00
  2.54495506e-06]
at minimum 0.0666 accepted 1  with params [-5.76780498  0.91940059  0.5         0.98806311  0.29017658]
at minimum 0.6316 accepted 1  with params [-5.90498589  0.98999844  0.15553083  1.09928989  0.73330345]
at minimum 0.5366 accepted 1  with params [-6.          0.99        0.01000029  0.97774164  0.61019105]
at minimum 0.0714 accepted 1  with params [-5.51179908  0.61738647  0.01        0.5         0.77209029]
at minimum 0.0177 accepted 1  with params [-5.12350893  0.6941197   0.35215162  1.03838058  0.21542186]
at minimum 0.2764 accepted 0  with params [-5.12679541  0.99        0.5         0.53773209  0.        ]
at minimum 0.2449 accepted 1  with params [-5.32780788  0.98999894  0.5         0.5         0.38657585]
at minimum 0.6122 accepted 0  with params [-5.7454964   0.99        0.48170686  1.1         0.        ]
at minimum 0.2301 accepted 1  with params [-5.85249534  0.99        0.5         0.5         0.45794653]
at minimum 0.0527 accepted 1  with params [-6.          0.79593751  0.46572087  0.50000427  0.        ]
at minimum 0.0721 accepted 1  with params [-5.80694643  0.79029613  0.01        0.5         0.        ]
at minimum 0.0666 accepted 1  with params [-5.3935084   0.66178462  0.01        1.09779572  0.50278294]
at minimum 0.7045 accepted 0  with params [-5.39319708  0.99        0.01        1.09999921  0.24258742]
at minimum 0.0737 accepted 1  with params [-4.78197067  0.55447575  0.01        1.1         1.11305111]
at minimum 0.1982 accepted 1  with params [-4.71971508  0.73590951  0.5         1.1         1.0022829 ]
at minimum 0.6614 accepted 0  with params [-5.31187368  0.99        0.5         1.1         0.53756421]
at minimum 0.8296 accepted 1  with params [-4.7065759   0.98999798  0.24899383  1.1         0.62948977]
at minimum 0.2779 accepted 1  with params [-4.83228311  0.99        0.18193159  0.5         1.30672765]
at minimum 0.0238 accepted 1  with params [-4.92556386  0.32271181  0.5         0.5         1.40894088]
at minimum 0.0756 accepted 1  with params [-5.36904564 -0.05038738  0.01        0.63202251  1.83375661]
at minimum 0.0723 accepted 1  with params [-4.87955734 -0.1         0.01        0.50000033  1.97592814]
at minimum 0.0649 accepted 1  with params [-5.11428051 -0.09487253  0.13936207  0.5         2.29310617]
at minimum 0.0718 accepted 1  with params [-5.44100223  0.57830545  0.01000074  0.5         2.24832965]
at minimum 0.0668 accepted 1  with params [-5.69235928  0.77073826  0.01        0.75895333  2.71514828]
at minimum 0.0881 accepted 1  with params [-5.90129931  0.93960069  0.5         0.79463681  3.39001869]
at minimum 0.0705 accepted 1  with params [-5.41780369  0.75740384  0.5         1.1         4.        ]
at minimum 0.0593 accepted 1  with params [-5.38600723  0.65755344  0.5         0.96040971  3.66059071]
at minimum 0.0898 accepted 0  with params [-4.84554765  0.29211219  0.0347395   0.5         4.        ]
at minimum 0.0742 accepted 1  with params [-4.36738563  0.34426635  0.25992284  0.9364715   3.47597658]
at minimum 0.1058 accepted 1  with params [-4.81391161 -0.01170607  0.01000145  1.02355908  3.37390709]
at minimum 0.0765 accepted 1  with params [-4.9801923   0.48134768  0.01        0.5         2.83744941]
at minimum 0.0536 accepted 1  with params [-5.54870537  0.62085169  0.26963909  0.50000222  2.46502878]
at minimum 0.0640 accepted 1  with params [-5.92177982  0.08858771  0.5         0.5         2.29216906]
at minimum 0.0715 accepted 1  with params [-5.48475432  0.73342511  0.01000036  0.5         2.67735601]
at minimum 0.5529 accepted 0  with params [-5.2604101   0.99        0.01        0.97221389  2.5544782 ]
at minimum 0.0639 accepted 1  with params [-6.          0.60476007  0.01        1.09999896  2.93100504]
at minimum 0.0653 accepted 1  with params [-6.          0.66653074  0.01        1.1         3.09617667]
