./../runners.py:231: RuntimeWarning: invalid value encountered in multiply
  model_input = self.k*x_tm1
./../dsp_utils.py:9: RuntimeWarning: invalid value encountered in double_scalars
  self.state = 1./self.tau*x + (1-1./self.tau)*self.state
at minimum 0.0559 accepted 1  with params [-4.50000000e+00  4.00000000e-01  5.00000000e-02  1.00000000e+00
  8.17540003e-15]
at minimum 0.5085 accepted 1  with params [-4.0824314   0.67009024  0.01000091  1.09999993  0.24902561]
at minimum 0.8896 accepted 1  with params [-3.68423204  0.81287805  0.39640663  1.1         0.35456437]
at minimum 1.0834 accepted 1  with params [-3.80889651  0.99        0.19033499  1.1         0.38441515]
at minimum 0.2473 accepted 1  with params [-3.65645453  0.5754972   0.01000011  0.81049607  0.30372564]
at minimum 0.3901 accepted 0  with params [-4.14160305  0.99        0.43474165  0.6476396   0.43601537]
at minimum 0.5040 accepted 1  with params [-3.39416792  0.36408443  0.35092387  1.1         0.73560412]
at minimum 0.1860 accepted 1  with params [-3.71610081  0.52293331  0.20809639  0.93678305  1.12814502]
at minimum 0.1680 accepted 1  with params [-3.2753015   0.71029808  0.5         0.70417285  1.40930553]
at minimum 0.2132 accepted 1  with params [-3.25925447  0.99        0.49999988  0.5         1.48210306]
at minimum 0.2192 accepted 1  with params [-3.02194244  0.98999641  0.27617584  0.57012292  1.47293125]
at minimum 0.4829 accepted 1  with params [-3.26759056  0.99        0.43197897  0.99547664  1.85505401]
at minimum 0.1471 accepted 1  with params [-3.60761569  0.51147159  0.5         1.09999991  2.15300769]
at minimum 0.4227 accepted 1  with params [-3.96073005  0.96335719  0.49999999  1.1         2.49024998]
at minimum 0.0651 accepted 1  with params [-3.65591387  0.85538841  0.19262443  1.1         2.75558088]
at minimum 0.1132 accepted 1  with params [-6.00000000e+00  9.90000000e-01  1.00000000e-02  5.00000000e-01
  7.61323712e-07]
at minimum 0.0312 accepted 1  with params [-6.          0.89730351  0.10545436  0.5         0.        ]
at minimum 0.1629 accepted 1  with params [-5.76124522  0.97137026  0.01        0.94813968  0.47954895]
at minimum 0.4405 accepted 1  with params [-5.988367    0.99        0.01        1.09999998  0.24296646]
at minimum 0.4306 accepted 1  with params [-5.99415582  0.99        0.22336552  1.1         0.32402111]
at minimum 0.4307 accepted 1  with params [-5.69936803  0.99        0.27751064  1.1         0.04585377]
at minimum 0.4310 accepted 1  with params [-6.00000000e+00  9.90000000e-01  2.12957665e-01  1.10000000e+00
  1.69340910e-35]
at minimum 0.3101 accepted 1  with params [-5.60871608  0.99        0.32669902  0.92584272  0.        ]
at minimum 0.4417 accepted 1  with params [-5.95641407  0.99        0.01        1.1         0.24583588]
at minimum 0.4404 accepted 1  with params [-6.          0.99        0.01        1.1         0.35500574]
at minimum 0.0350 accepted 1  with params [-5.74774417  0.80073737  0.32899618  0.79677589  0.07254718]
at minimum 0.0411 accepted 1  with params [-5.80820409  0.56038971  0.5         0.90930688  0.13677708]
at minimum 0.1520 accepted 1  with params [-5.9828185   0.98999802  0.33982091  0.61739039  0.22980564]
at minimum 0.2557 accepted 1  with params [-5.58565268e+00  9.90000000e-01  3.48344581e-01  8.33338588e-01
  3.49207715e-41]
at minimum 0.0269 accepted 1  with params [-5.64915099e+00  6.71149098e-01  3.08769820e-01  7.23706974e-01
  2.79632268e-07]
at minimum 0.0964 accepted 1  with params [-5.24130285  0.86334507  0.5         1.04431731  0.44579753]
at minimum 0.2804 accepted 1  with params [-5.25759467  0.99        0.20460277  0.84321126  0.49565708]
at minimum 0.0230 accepted 1  with params [-5.46256314  0.78217781  0.01        0.52355036  0.54665876]
at minimum 0.0226 accepted 1  with params [-5.94398019  0.3942036   0.14749669  0.50000008  0.81733061]
at minimum 0.0224 accepted 1  with params [-5.5066096   0.0606411   0.11034052  0.5         0.854668  ]
at minimum 0.0962 accepted 1  with params [-5.16396082  0.05000451  0.27640509  0.92406408  0.90587285]
at minimum 0.0302 accepted 1  with params [-5.38071574e+00 -2.29367046e-03  1.82252747e-01  1.10000000e+00
  7.86786611e-01]
at minimum 0.0150 accepted 1  with params [-5.30867482  0.3612905   0.02919684  0.7221202   0.61164202]
at minimum 0.0242 accepted 1  with params [-5.79075952 -0.08982524  0.21176156  1.1         0.18442453]
at minimum 0.1375 accepted 1  with params [-5.31187052 -0.1         0.48183356  0.71241522  0.        ]
at minimum 0.0625 accepted 1  with params [-5.26246924 -0.1         0.38823447  0.50000046  0.        ]
at minimum 0.0945 accepted 1  with params [-4.98242014e+00  1.62749664e-01  5.00000000e-01  6.45989377e-01
  1.66631469e-13]
at minimum 0.0632 accepted 1  with params [-4.79092219  0.57934926  0.394982    1.1         0.        ]
at minimum 0.1928 accepted 1  with params [-4.89277194  0.92469963  0.5         1.1         0.25272177]
at minimum 0.0599 accepted 1  with params [-4.76347033  0.56003718  0.49999991  1.1         0.        ]
at minimum 0.8309 accepted 0  with params [-4.27013446  0.77605811  0.49999796  1.0999975   0.22849637]
at minimum 0.0352 accepted 1  with params [-4.7651841   0.64854442  0.30421416  0.78544039  0.44248343]
at minimum 0.3291 accepted 0  with params [-4.8921832   0.99        0.01        0.79560091  0.3488614 ]
at minimum 0.3327 accepted 0  with params [-4.76911557  0.98999996  0.49999999  0.79273885  0.53219172]
at minimum 0.1233 accepted 1  with params [-5.04249341  0.99        0.4999997   0.5         0.77972027]
at minimum 0.1479 accepted 1  with params [-4.75204699  0.99        0.49999467  0.5         0.51966084]
at minimum 0.4932 accepted 1  with params [-4.32071726  0.99        0.5         0.76408645  0.29134241]
at minimum 0.1584 accepted 1  with params [-4.31913102  0.64850309  0.5         0.5         0.15506265]
at minimum 0.5681 accepted 0  with params [-4.10706979  0.85837497  0.19091038  0.95902739  0.28470874]
at minimum 0.5940 accepted 0  with params [-4.26592284  0.24160275  0.5         1.02795839  0.31286188]
at minimum 0.0335 accepted 1  with params [-4.74121161  0.26497506  0.18166839  0.93539193  0.34422759]
at minimum 0.0369 accepted 1  with params [-4.73024134  0.61743732  0.5         0.7567659   0.8022241 ]
at minimum 0.2014 accepted 1  with params [-4.476043    0.99        0.5         0.51216507  1.15895326]
at minimum 0.7332 accepted 1  with params [-4.23482315  0.99        0.49999815  0.89803012  1.22725252]
at minimum 0.1521 accepted 1  with params [-3.83838641  0.55054726  0.49999997  0.572202    1.37942126]
at minimum 0.2811 accepted 0  with params [-4.26552695  0.21769581  0.46882449  1.07289414  1.20351364]
at minimum 0.0325 accepted 1  with params [-4.0905131   0.06406661  0.41779068  0.77454889  1.89889183]
at minimum 0.0419 accepted 1  with params [-4.26016226  0.01043752  0.4999982   1.1         2.09286525]
at minimum 0.0393 accepted 1  with params [-4.08132394  0.0991939   0.46360506  0.76787434  2.14434228]
at minimum 0.0511 accepted 1  with params [-4.14635823  0.58645282  0.5         0.50000034  1.86339081]
at minimum 0.0348 accepted 1  with params [-4.56784015  0.84649332  0.01        0.5         1.74997663]
at minimum 0.0173 accepted 1  with params [-4.07288881  0.3886632   0.01        0.5         1.94195382]
at minimum 0.0338 accepted 1  with params [-4.28417928  0.84062236  0.13028922  0.51182774  1.8379229 ]
at minimum 0.0203 accepted 1  with params [-4.11244392  0.63628444  0.01        0.5         2.25286305]
at minimum 0.0534 accepted 1  with params [-4.53308056  0.92074594  0.01        0.59027882  1.94242728]
at minimum 0.0409 accepted 1  with params [-4.19738005  0.59963684  0.19455839  0.5         1.38709302]
at minimum 0.0384 accepted 1  with params [-4.10976738  0.46949849  0.01        0.5         1.26166453]
at minimum 0.0218 accepted 1  with params [-4.0030582   0.07759454  0.01        0.65912232  1.49727542]
at minimum 0.1004 accepted 1  with params [-4.12369269  0.1318282   0.38269831  0.5         0.99553976]
at minimum 0.0273 accepted 1  with params [-4.22487633  0.30963921  0.12204908  0.5         1.41156332]
at minimum 0.0479 accepted 1  with params [-4.58167656  0.85316509  0.28126689  0.5         1.27057946]
at minimum 0.0223 accepted 1  with params [-4.76293546  0.55533703  0.35357509  0.5         1.53722239]
at minimum 0.0275 accepted 1  with params [-4.79452377  0.54442405  0.41085365  0.63757954  1.23251562]
at minimum 0.0233 accepted 1  with params [-4.59709637  0.46218588  0.2564257   0.74090946  1.69167734]
at minimum 0.0166 accepted 1  with params [-4.81561228  0.01833983  0.01        0.5         2.03837665]
at minimum 0.0851 accepted 1  with params [-5.15438279 -0.1         0.42415881  0.68263652  1.61353676]
at minimum 0.0219 accepted 1  with params [-5.27281985  0.43586636  0.01        1.09037046  1.33100529]
at minimum 0.0360 accepted 1  with params [-4.86906236  0.72634866  0.01        0.82463176  0.95659104]
at minimum 0.2275 accepted 1  with params [-4.37812421  0.8560537   0.01000059  1.1         0.95069747]
at minimum 0.8124 accepted 0  with params [-4.03783754  0.99        0.37400425  0.9536469   1.10648343]
at minimum 0.0317 accepted 1  with params [-4.70618676  0.5599622   0.37924612  0.77847758  1.22571274]
at minimum 0.1824 accepted 0  with params [-4.55464219  0.99        0.01        0.52096048  1.34943222]
at minimum 0.0569 accepted 1  with params [-5.03154524  0.30318968  0.5         0.57689187  1.49177352]
at minimum 0.0604 accepted 1  with params [-4.49185678  0.21804075  0.5         0.81907708  1.26700447]
at minimum 0.1210 accepted 1  with params [-5.01291214 -0.09999506  0.49999749  0.91898187  1.7522002 ]
at minimum 0.0221 accepted 1  with params [-4.47897732  0.12656499  0.5         0.5         1.68492958]
at minimum 0.0124 accepted 1  with params [-4.66416182  0.05724594  0.15854967  0.71267645  2.22280947]
at minimum 0.0166 accepted 1  with params [-4.72949264 -0.1         0.32121318  1.06064866  2.58649587]
at minimum 0.0250 accepted 1  with params [-4.27574422  0.11294407  0.5         0.50946443  2.60479043]
at minimum 0.0178 accepted 1  with params [-4.55914553 -0.1         0.02124725  0.5         2.2112745 ]
at minimum 0.0171 accepted 1  with params [-4.51749718  0.36944542  0.01000026  0.50000032  2.00307139]
at minimum 0.0272 accepted 1  with params [-4.05206595  0.73211145  0.01        0.97558845  2.49129913]
at minimum 0.0317 accepted 1  with params [-3.73370016  0.73393112  0.01100904  1.1         2.50642044]
at minimum 0.0204 accepted 1  with params [-3.36082758  0.16766677  0.2768461   1.07398956  3.02265324]
at minimum 100000000000000000000.0000 accepted 0  with params [-3.06693402  0.05634638  0.22465651  0.96522939  3.48446763]
at minimum 0.0316 accepted 1  with params [-3.72024872  0.10209782  0.5         0.56596824  2.60450432]
at minimum 0.0289 accepted 1  with params [-4.12469013  0.21087284  0.5         0.5         2.78953488]
at minimum 0.0464 accepted 1  with params [-3.58786386  0.39100871  0.49999921  0.55675048  2.24483208]
at minimum 0.0236 accepted 1  with params [-3.10048901 -0.00654789  0.45119455  0.56058555  2.41018844]
at minimum 0.0178 accepted 1  with params [-3.1468814   0.20714832  0.5         0.92155164  2.99136534]
at minimum 0.0184 accepted 1  with params [-3.          0.48788431  0.19095585  0.96068546  3.00725513]
at minimum 0.0207 accepted 1  with params [-3.35025511  0.68381118  0.01        0.70732634  3.27865864]
at minimum 0.1161 accepted 0  with params [-3.87261859  0.99        0.35225313  0.5         3.09245397]
at minimum 0.0221 accepted 1  with params [-3.91167133  0.26489529  0.01        1.1         3.58468738]
at minimum 0.0187 accepted 1  with params [-3.48658874  0.38537413  0.01        1.1         3.45062993]
at minimum 0.0191 accepted 1  with params [-3.48544236  0.3628766   0.01        1.1         3.37570326]
at minimum 0.0236 accepted 1  with params [-3.70913885  0.79794528  0.01        0.54939576  3.36644756]
at minimum 0.1106 accepted 1  with params [-3.31618939  0.99        0.03995821  0.5         2.9539346 ]
at minimum 0.0216 accepted 1  with params [-3.86245533  0.70026593  0.01        0.79359794  2.41337482]
at minimum 0.1106 accepted 1  with params [-3.45327223  0.99        0.03155098  0.5         2.97705548]
at minimum 0.0781 accepted 1  with params [-6.00000000e+00  9.80122214e-01  1.44404691e-02  5.00000010e-01
  2.13268350e-13]
at minimum 0.1134 accepted 1  with params [-5.96396088  0.99        0.01        0.5         0.        ]
at minimum 0.4242 accepted 1  with params [-5.41312493  0.98999783  0.23288092  1.07316282  0.3973752 ]
at minimum 0.2171 accepted 1  with params [-4.89968215  0.98999699  0.49999879  0.67216057  0.21913564]
at minimum 0.0418 accepted 1  with params [-4.48981352  0.42102057  0.27085979  0.62310234  0.28414088]
at minimum 0.0582 accepted 1  with params [-4.19701997  0.49398912  0.01        0.5         0.71543029]
at minimum 0.1097 accepted 1  with params [-4.15334783  0.45511964  0.40775761  0.5         1.03608468]
at minimum 0.1429 accepted 1  with params [-4.50339713  0.4562176   0.5         0.93134772  0.82269126]
at minimum 0.1447 accepted 1  with params [-4.43175931 -0.02375163  0.5         0.739419    0.37187274]
at minimum 0.1147 accepted 1  with params [-4.80985212  0.1680743   0.45834045  1.07956349  0.28562431]
at minimum 0.3125 accepted 1  with params [-5.20698094e+00 -8.37190161e-02  4.16424529e-01  1.10000000e+00
  1.21801686e-13]
at minimum 0.0603 accepted 1  with params [-4.68003604  0.22938645  0.34230205  1.09999947  0.35534603]
at minimum 0.0441 accepted 1  with params [-4.92625813  0.65142268  0.5         0.80341481  0.        ]
at minimum 0.1378 accepted 1  with params [-4.68011923e+00  7.97985089e-01  4.76045131e-01  1.00878956e+00
  2.43516672e-14]
at minimum 0.0835 accepted 1  with params [-4.74197473  0.76006746  0.28126668  1.1         0.26533243]
at minimum 0.0160 accepted 1  with params [-5.29098681  0.26078035  0.01        0.60072621  0.35482331]
at minimum 0.0331 accepted 1  with params [-4.70316098  0.78594804  0.12946733  0.50000048  0.51144672]
at minimum 0.0551 accepted 1  with params [-4.94540849  0.19861368  0.4999991   0.5         0.56028548]
at minimum 0.0258 accepted 1  with params [-4.89959464  0.20933815  0.2011296   0.62595248  0.98532521]
at minimum 0.1038 accepted 1  with params [-5.10178353  0.72438014  0.42050545  1.06417417  0.87058915]
at minimum 0.5039 accepted 1  with params [-5.1580922   0.99        0.06900301  1.1         1.31610664]
at minimum 0.0360 accepted 1  with params [-4.9338996   0.51182783  0.03714289  1.09999991  1.06946835]
at minimum 0.0269 accepted 1  with params [-4.68812295  0.47266094  0.06243841  0.78188184  0.81103155]
at minimum 0.0169 accepted 1  with params [-4.63848426 -0.05232604  0.01        0.5         1.01989883]
at minimum 0.0190 accepted 1  with params [-5.22832809 -0.04113503  0.04414282  0.5         1.60195333]
at minimum 0.0241 accepted 1  with params [-5.75931739  0.22449452  0.35136951  0.85847007  1.05115563]
at minimum 0.0329 accepted 1  with params [-6.         -0.05115825  0.12713075  0.52143847  1.19889671]
at minimum 0.0304 accepted 1  with params [-5.99999728  0.04773848  0.42171903  0.50000057  1.69000643]
at minimum 0.0349 accepted 1  with params [-6.         -0.1         0.4999991   0.50000111  1.99940353]
at minimum 0.0328 accepted 1  with params [-5.99525334 -0.03534207  0.49999989  0.72316425  1.95411521]
at minimum 0.0315 accepted 1  with params [-6.          0.06798674  0.49483135  1.1         1.92602436]
at minimum 0.0204 accepted 1  with params [-5.58821784  0.53761613  0.16559606  0.93936556  1.92270968]
at minimum 0.0691 accepted 1  with params [-5.33118974  0.55343085  0.34308051  1.09999906  2.09080282]
at minimum 0.0965 accepted 1  with params [-5.32879672  0.6706971   0.47185689  1.1         2.29146691]
at minimum 0.0528 accepted 1  with params [-4.76489783  0.37358857  0.5         1.1         1.71694823]
at minimum 0.0861 accepted 1  with params [-4.0904744   0.27124165  0.49999988  0.72254343  1.71634529]
at minimum 0.0632 accepted 1  with params [-3.90441474  0.41986664  0.43690093  0.7981667   2.17920269]
at minimum 0.0935 accepted 1  with params [-3.40930745  0.971365    0.5         0.50000063  2.06921029]
at minimum 0.0842 accepted 1  with params [-4.02730103  0.98285018  0.01321414  0.50393568  2.16404098]
at minimum 0.1599 accepted 0  with params [-3.61524826  0.99        0.09786793  0.5         1.94185908]
at minimum 0.0170 accepted 1  with params [-4.06332575  0.33802798  0.01        0.50000108  1.87055762]
at minimum 0.0687 accepted 1  with params [-4.11844478 -0.09999999  0.5         1.0880479   2.17554707]
at minimum 0.0906 accepted 1  with params [-3.53800753 -0.09999971  0.49999987  0.50000016  1.54777958]
at minimum 0.3472 accepted 1  with params [-3.59465376  0.47918272  0.49999843  1.0999978   1.62467346]
at minimum 0.1482 accepted 1  with params [-4.24675154  0.65737801  0.48269583  1.09999399  1.85400298]
at minimum 0.0332 accepted 1  with params [-3.98231712  0.5845875   0.28679692  1.1         2.22568161]
at minimum 0.4683 accepted 1  with params [-4.03176278  0.98999991  0.01        1.1         1.91930437]
at minimum 1.9490 accepted 0  with params [-3.97443348  0.99        0.5         1.1         1.66362408]
at minimum 0.4412 accepted 1  with params [-4.09822753  0.99        0.01        1.1         2.09099759]
at minimum 0.0160 accepted 1  with params [-4.53869924  0.58408423  0.20646461  0.8864205   2.56817664]
at minimum 0.2613 accepted 1  with params [-4.97553585  0.99        0.43893647  0.75717317  2.1175308 ]
at minimum 0.2795 accepted 1  with params [-4.33775751  0.99        0.5         0.5         1.82977938]
at minimum 0.0409 accepted 1  with params [-3.99440667  0.49118786  0.49999967  0.5         2.34132129]
at minimum 0.0381 accepted 1  with params [-4.50989503 -0.1         0.17775697  0.5         2.89134705]
at minimum 0.0260 accepted 1  with params [-5.05781413 -0.1         0.49999999  0.90782163  2.76335235]
at minimum 0.0173 accepted 1  with params [-5.01843513  0.58363178  0.5         1.1         3.17839186]
at minimum 0.1413 accepted 1  with params [-5.26738402  0.99        0.5         0.53556543  2.67008748]
at minimum 0.1957 accepted 1  with params [-5.72478495  0.99        0.4999999   0.71917196  2.34517623]
at minimum 0.4273 accepted 1  with params [-5.72456664  0.99        0.3532444   1.09999977  2.6684796 ]
at minimum 0.0218 accepted 1  with params [-6.          0.67392978  0.5         0.77343573  3.1024542 ]
at minimum 0.4121 accepted 0  with params [-6.          0.99        0.39219673  1.08198167  2.94464509]
at minimum 0.0264 accepted 1  with params [-5.44342049  0.10645006  0.01        0.5         2.91770368]
at minimum 0.0184 accepted 1  with params [-5.28926899  0.153379    0.24870528  0.79360863  2.50226338]
at minimum 0.0270 accepted 1  with params [-5.7363122  -0.1         0.29594996  1.03226831  2.86166918]
at minimum 0.0271 accepted 1  with params [-5.58025275 -0.01110354  0.38377327  1.1         3.4463445 ]
at minimum 0.0220 accepted 1  with params [-5.16481614  0.21244916  0.5         0.66630842  2.76397981]
at minimum 0.0179 accepted 1  with params [-4.92214907 -0.1         0.5         1.01695984  2.85432968]
at minimum 0.0183 accepted 1  with params [-4.67645308 -0.1         0.4503331   0.50184669  2.57126488]
at minimum 0.0218 accepted 1  with params [-4.50700579 -0.1         0.49999696  0.95126327  2.99623167]
at minimum 0.0221 accepted 1  with params [-4.46495667  0.5088492   0.04655048  0.59803029  2.97208407]
at minimum 0.0530 accepted 1  with params [-5.64219245  0.9620766   0.01000021  0.50000026  3.54861421]
at minimum 0.1106 accepted 1  with params [-5.99999921  0.99        0.01        0.50000112  3.99999939]
at minimum 0.0261 accepted 1  with params [-5.4519103   0.35211377  0.01        0.58396665  3.79162501]
at minimum 0.0279 accepted 1  with params [-5.69809498  0.87972392  0.5         0.5         3.2667687 ]
at minimum 0.0261 accepted 1  with params [-5.27586508  0.2163365   0.15647635  0.51240681  3.13356395]
at minimum 0.0205 accepted 1  with params [-4.84266294  0.46472464  0.23997163  0.5         2.9598923 ]
at minimum 0.0197 accepted 1  with params [-3.91695594  0.26032327  0.36991632  1.1         3.51254023]
at minimum 0.0182 accepted 1  with params [-4.20930796  0.40984231  0.46756943  1.1         3.96328642]
at minimum 0.0238 accepted 1  with params [-5.12586981  0.79996687  0.02780331  0.5         3.99802158]
at minimum 0.1105 accepted 1  with params [-4.6687837   0.99        0.01        0.5         3.73882818]
at minimum 0.0236 accepted 1  with params [-4.23768706  0.51916249  0.49498884  1.03368247  3.46012649]
at minimum 0.0159 accepted 1  with params [-4.59745632  0.40801962  0.5         0.73311713  2.94012718]
at minimum 0.0353 accepted 1  with params [-4.2616256  -0.02153399  0.01        0.98717204  2.57473257]
at minimum 0.0200 accepted 1  with params [-4.76615204 -0.1         0.47260822  0.91569367  3.06619459]
at minimum 0.0127 accepted 1  with params [-4.78044937 -0.1         0.5         1.1         2.94798641]
at minimum 0.0395 accepted 1  with params [-5.27934331 -0.1         0.12033631  1.1         3.29782996]
