at minimum 0.1780 accepted 1  with params [-4.49999692  0.40000406  0.04999338  1.00000329]
at minimum 0.0815 accepted 1  with params [-4.28764099  0.01641283  0.1534304   1.1       ]
at minimum 0.2022 accepted 1  with params [-4.03522549 -0.09999985  0.01000009  1.03565039]
at minimum 0.2030 accepted 1  with params [-3.77101569  0.08596609  0.01        1.1       ]
at minimum 0.2011 accepted 1  with params [-3.2911577   0.30580647  0.01000207  1.09999686]
at minimum 0.2010 accepted 1  with params [-3.22957998  0.1559027   0.01        1.1       ]
at minimum 0.2013 accepted 1  with params [-3.23508259  0.17989623  0.01        1.1       ]
at minimum 0.2040 accepted 1  with params [-3.36504478 -0.09999783  0.01000097  1.1       ]
at minimum 0.2567 accepted 1  with params [-3.27185093  0.02237449  0.44472234  0.95779795]
at minimum 0.1249 accepted 1  with params [-3.76388659 -0.1         0.47800326  0.52788332]
at minimum 0.1696 accepted 1  with params [-4.13351081  0.03525485  0.11022151  0.64653883]
at minimum 0.0881 accepted 1  with params [-4.1416996  -0.03933308  0.17240217  0.79173152]
at minimum 0.2035 accepted 1  with params [-4.59017703 -0.09999998  0.01000001  0.95747781]
at minimum 0.1770 accepted 1  with params [-4.38647833  0.35493127  0.05140022  1.02733573]
at minimum 0.2001 accepted 1  with params [-4.27462672  0.34186367  0.01000035  1.09999839]
at minimum 0.2014 accepted 1  with params [-4.616227    0.4670432   0.01000026  1.09999822]
at minimum 0.1247 accepted 1  with params [-4.94520238  0.43449768  0.29440542  1.1       ]
at minimum 0.1958 accepted 1  with params [-4.94169306  0.51730293  0.01        0.92944607]
at minimum 0.1959 accepted 1  with params [-4.61612432  0.43725215  0.01        0.94640218]
at minimum 0.1081 accepted 1  with params [-4.9602655   0.48043563  0.28799422  1.0869158 ]
at minimum 0.1308 accepted 1  with params [-5.15769149  0.51975758  0.33208842  1.09999992]
at minimum 0.1627 accepted 1  with params [-5.35644238  0.60800753  0.09259062  1.04703563]
at minimum 0.2186 accepted 1  with params [-4.89353752  0.30547742  0.01000009  0.67586822]
at minimum 0.2288 accepted 1  with params [-5.04756262  0.39748867  0.01        0.57605239]
at minimum 0.2338 accepted 1  with params [-4.68460709  0.83036897  0.01000034  0.5       ]
at minimum 0.2305 accepted 1  with params [-4.81940329  0.92134596  0.01        0.52183301]
at minimum 0.2318 accepted 1  with params [-5.2447406   0.98999577  0.0100019   0.50000233]
at minimum 0.2325 accepted 1  with params [-5.43203755  0.99        0.01        0.5       ]
at minimum 0.2335 accepted 1  with params [-5.04032856  0.8270814   0.01000002  0.5       ]
at minimum 0.2165 accepted 1  with params [-5.1651725   0.98604264  0.46079972  0.50000089]
at minimum 0.2238 accepted 1  with params [-5.5967993   0.99        0.33169505  0.5       ]
at minimum 0.1537 accepted 1  with params [-5.35278107  0.80114483  0.49999818  0.51224632]
at minimum 0.1122 accepted 1  with params [-5.37526041  0.48272471  0.43806132  0.5       ]
at minimum 0.2394 accepted 1  with params [-5.60725758  0.23426268  0.01007215  0.5       ]
at minimum 0.1976 accepted 1  with params [-5.19749278  0.16715719  0.01        0.99664545]
at minimum 0.2030 accepted 1  with params [-4.90395343 -0.09999972  0.01000011  1.09999985]
at minimum 0.0845 accepted 1  with params [-4.67506494 -0.0999993   0.16454717  1.09999965]
at minimum 0.2817 accepted 1  with params [-5.03066847 -0.1         0.49999778  0.9170165 ]
at minimum 0.3759 accepted 1  with params [-4.71797795 -0.09999849  0.5         1.09999791]
at minimum 0.0844 accepted 1  with params [-4.44109507  0.02312845  0.14804697  1.09999787]
at minimum 0.2031 accepted 1  with params [-4.51158907 -0.1         0.01000072  1.1       ]
at minimum 0.1415 accepted 1  with params [-4.69765072 -0.09999999  0.10391317  0.82352846]
at minimum 0.2011 accepted 1  with params [-5.00066415  0.0983157   0.01        1.1       ]
at minimum 0.2009 accepted 1  with params [-4.9987802   0.42040937  0.01        1.1       ]
at minimum 0.1028 accepted 1  with params [-5.07078547  0.82369399  0.39914614  0.83422897]
at minimum 0.1271 accepted 1  with params [-5.00501898  0.48215097  0.5         0.83179974]
at minimum 0.1092 accepted 1  with params [-4.59128737  0.47940144  0.5         0.5       ]
at minimum 0.1883 accepted 1  with params [-4.2705106   0.36135581  0.14574628  0.50000001]
at minimum 0.1737 accepted 1  with params [-3.97596718  0.5948154   0.0994429   0.77932446]
at minimum 0.0977 accepted 1  with params [-3.93688314  0.24116316  0.3447157   0.62559457]
at minimum 0.2399 accepted 1  with params [-3.91126294 -0.09999853  0.01000214  0.52630681]
at minimum 0.1313 accepted 1  with params [-4.10425871 -0.09999811  0.10032205  1.04290869]
at minimum 0.3614 accepted 1  with params [-4.55358818  0.03217983  0.49999935  1.0999992 ]
at minimum 0.0950 accepted 1  with params [-5.05698903 -0.09999833  0.13305767  1.1       ]
at minimum 0.3247 accepted 1  with params [-4.67968996  0.11577369  0.5         1.09999999]
at minimum 0.0821 accepted 1  with params [-4.6162275  -0.07322973  0.15349642  1.1       ]
at minimum 0.2033 accepted 1  with params [-5.13034753 -0.1         0.01        1.1       ]
at minimum 0.1939 accepted 1  with params [-5.01107878 -0.09999904  0.2449048   1.09999958]
at minimum 0.3822 accepted 1  with params [-4.91056558 -0.09999758  0.49999895  1.09999857]
at minimum 0.3731 accepted 1  with params [-5.26887718 -0.09999961  0.5         1.09999961]
at minimum 0.3877 accepted 1  with params [-5.31600477 -0.09999953  0.49999932  1.0999997 ]
at minimum 0.3850 accepted 1  with params [-5.69925617 -0.1         0.5         1.1       ]
at minimum 0.2989 accepted 1  with params [-5.23311059  0.25495282  0.5         1.1       ]
at minimum 0.3028 accepted 1  with params [-4.68951403  0.24505154  0.5         1.1       ]
at minimum 0.1032 accepted 1  with params [-5.13382594 -0.06271385  0.23673407  0.60452843]
at minimum 0.2405 accepted 1  with params [-5.60419215  0.14380928  0.01000086  0.5       ]
at minimum 0.2068 accepted 1  with params [-5.66154319  0.0411229   0.09601745  0.50000172]
at minimum 0.1258 accepted 1  with params [-5.80313296  0.27024058  0.26092591  0.50000093]
at minimum 0.1090 accepted 1  with params [-6.00000000e+00  3.55958927e-03  3.56781644e-01  5.00000000e-01]
at minimum 0.1079 accepted 1  with params [-5.99999997  0.37522116  0.49999999  0.5       ]
at minimum 0.0920 accepted 1  with params [-5.49350391  0.40931434  0.32938981  0.65794234]
at minimum 0.2009 accepted 1  with params [-4.96848767  0.31774251  0.08630151  0.57923349]
at minimum 0.1644 accepted 1  with params [-4.81170732e+00 -3.87817305e-03  3.99622584e-01  7.33294220e-01]
at minimum 0.1869 accepted 1  with params [-4.86149809  0.5369674   0.49999999  1.06451575]
at minimum 0.0950 accepted 1  with params [-4.8899809   0.68606658  0.5         0.9538985 ]
at minimum 0.1390 accepted 1  with params [-4.81203802  0.65991182  0.4528733   1.09999994]
at minimum 0.2054 accepted 1  with params [-4.83969422  0.64520321  0.01        1.1       ]
at minimum 0.1981 accepted 1  with params [-5.15610356  0.79507071  0.01        0.88220583]
at minimum 0.1810 accepted 1  with params [-5.69882715  0.33894735  0.34247009  1.1       ]
at minimum 0.2019 accepted 1  with params [-5.91040483  0.53213943  0.49999845  1.09999863]
at minimum 0.2951 accepted 1  with params [-5.99999332  0.25913932  0.5         1.1       ]
at minimum 0.2073 accepted 1  with params [-5.71066292  0.50877636  0.4999996   1.09999961]
at minimum 0.1406 accepted 1  with params [-5.4006543   0.57618573  0.20486734  0.65935012]
at minimum 0.2376 accepted 1  with params [-4.9090672   0.60121419  0.01        0.5       ]
at minimum 0.2084 accepted 1  with params [-4.6152868   0.98999933  0.01000017  1.04274089]
at minimum 0.2091 accepted 1  with params [-4.52147191  0.99        0.44273876  0.54492763]
at minimum 0.1114 accepted 1  with params [-4.63123859  0.6568201   0.35288243  0.6263588 ]
at minimum 0.1375 accepted 1  with params [-4.50701985  0.61418679  0.35376372  0.5       ]
at minimum 0.1133 accepted 1  with params [-4.05347289  0.53796197  0.5         0.5       ]
at minimum 0.2026 accepted 1  with params [-3.92716489  0.94597126  0.07504509  1.05256378]
at minimum 0.2016 accepted 1  with params [-3.86997878  0.6539927   0.01        1.03545516]
at minimum 0.1893 accepted 1  with params [-4.2583602   0.90494164  0.09585098  0.8565891 ]
at minimum 0.2324 accepted 1  with params [-4.4679779   0.67466342  0.01000116  0.52588719]
at minimum 0.2244 accepted 1  with params [-4.61083245  0.98999733  0.05562284  0.55627351]
at minimum 0.2334 accepted 1  with params [-5.05576127  0.99        0.01000007  0.50000008]
at minimum 0.1812 accepted 1  with params [-5.55053289  0.98999423  0.4361065   0.73794468]
at minimum 0.1764 accepted 1  with params [-5.55724113  0.7616489   0.11699615  0.78596583]
at minimum 0.1997 accepted 1  with params [-5.15247895  0.99        0.11789197  0.95749329]
at minimum 0.0940 accepted 1  with params [-4.84863203  0.61028026  0.21431742  1.06064905]
at minimum 0.2015 accepted 1  with params [-4.74900012  0.99        0.01        0.89051053]
at minimum 0.2353 accepted 1  with params [-5.15460608  0.38671434  0.01        0.52281631]
at minimum 0.0926 accepted 1  with params [-5.02267772  0.1155831   0.17136202  0.81475168]
at minimum 0.1154 accepted 1  with params [-5.48352924  0.72496695  0.5         1.1       ]
at minimum 0.1798 accepted 1  with params [-5.2446361   0.59695435  0.06683465  1.09999824]
at minimum 0.1313 accepted 1  with params [-4.67545698  0.68383021  0.15809192  1.0137676 ]
at minimum 0.1832 accepted 1  with params [-4.36438143  0.99        0.43207498  1.1       ]
at minimum 0.2090 accepted 1  with params [-3.94408793  0.99        0.07536492  1.05673   ]
at minimum 0.2014 accepted 1  with params [-3.90146848  0.43250291  0.01        1.1       ]
at minimum 0.2283 accepted 1  with params [-3.5467654  -0.02922061  0.01        0.62269662]
at minimum 0.1216 accepted 1  with params [-3.74254131 -0.0999999   0.5         0.5       ]
at minimum 0.2429 accepted 1  with params [-3.53831847 -0.09999946  0.01000046  0.50000033]
at minimum 0.2309 accepted 1  with params [-3.         -0.00833911  0.01        0.60256062]
at minimum 0.2076 accepted 1  with params [-3.         -0.1         0.09246165  0.5       ]
at minimum 0.1687 accepted 1  with params [-3.          0.13258845  0.16121108  0.5       ]
at minimum 0.2658 accepted 0  with params [-3.00001699 -0.1         0.48857894  0.9102026 ]
at minimum 0.2371 accepted 1  with params [-3.05919037  0.49786625  0.01        0.50000022]
at minimum 0.2141 accepted 1  with params [-3.01698545  0.16748617  0.01        0.74296539]
at minimum 0.1805 accepted 1  with params [-3.48319502 -0.09999563  0.03764275  1.09833165]
at minimum 0.2021 accepted 1  with params [-3.27617936 -0.02094712  0.01000132  1.09999822]
at minimum 0.2280 accepted 1  with params [-3.45993291 -0.1         0.01        0.63942075]
at minimum 0.2434 accepted 1  with params [-3.63840263 -0.09999789  0.01000035  0.50000144]
at minimum 0.2325 accepted 1  with params [-4.13790743 -0.09999964  0.04110344  0.50000015]
at minimum 0.2432 accepted 1  with params [-3.62520668 -0.09999816  0.01000083  0.5       ]
at minimum 0.2435 accepted 1  with params [-3.00948695 -0.09999829  0.01        0.5       ]
at minimum 0.2432 accepted 1  with params [-3.5866379  -0.09999979  0.01000013  0.50000005]
at minimum 0.1094 accepted 1  with params [-4.05550865  0.02963145  0.31281868  0.50000005]
at minimum 0.1006 accepted 1  with params [-3.54695723  0.49668974  0.49999988  0.56291332]
at minimum 0.1432 accepted 1  with params [-3.61887317  0.76318675  0.5         0.5       ]
at minimum 0.1727 accepted 1  with params [-3.77594449  0.40503142  0.09512866  0.73298853]
at minimum 0.1973 accepted 1  with params [-4.31325572  0.09952816  0.11577517  0.5       ]
at minimum 0.1389 accepted 1  with params [-4.05428641 -0.04339962  0.21216322  1.03697585]
at minimum 0.1061 accepted 1  with params [-3.70002587  0.29212364  0.33098077  0.81503175]
at minimum 0.0931 accepted 1  with params [-3.14788881  0.77552993  0.37379666  1.0999991 ]
at minimum 0.2865 accepted 0  with params [-3.00000899  0.16470643  0.49999825  1.03212575]
at minimum 0.2316 accepted 1  with params [-3.00000013  0.46274207  0.4999996   1.1       ]
at minimum 0.1120 accepted 1  with params [-3.00000598  0.05235176  0.41773633  0.50000063]
at minimum 0.1411 accepted 1  with params [-3.36249908  0.65996902  0.22173565  0.67975702]
at minimum 0.2156 accepted 1  with params [-3.28697501  0.99        0.5         0.5       ]
at minimum 0.1925 accepted 1  with params [-3.18542888  0.98998078  0.29343528  0.7833148 ]
at minimum 0.1751 accepted 1  with params [-3.00005325  0.98998065  0.5         1.04743756]
at minimum 0.1109 accepted 1  with params [-3.53953251  0.74461147  0.49999999  1.1       ]
at minimum 0.2141 accepted 1  with params [-3.87511028  0.99        0.01        1.1       ]
at minimum 0.2138 accepted 1  with params [-3.8914049  0.99       0.01       1.1      ]
at minimum 0.1807 accepted 1  with params [-3.36572939  0.474933    0.05349579  1.09999936]
at minimum 0.2060 accepted 1  with params [-3.0631657   0.98380496  0.01000065  0.74087415]
at minimum 0.1999 accepted 1  with params [-3.59732826  0.37152173  0.01        1.1       ]
at minimum 0.2022 accepted 1  with params [-3.70115115 -0.0999967   0.01000098  1.09999843]
at minimum 0.2307 accepted 1  with params [-4.00718805  0.37647526  0.40468729  1.09999868]
at minimum 0.1619 accepted 1  with params [-4.35045131  0.96866783  0.49999919  0.81423775]
at minimum 0.1868 accepted 1  with params [-4.79541896  0.99        0.49999551  1.09999886]
at minimum 0.0947 accepted 1  with params [-4.48551479  0.47261642  0.34608223  0.65580255]
