at minimum 0.0281 accepted 1  with params [-3.68299958  0.84520071  0.10090025  0.88580013 -3.99999753]
at minimum 0.0178 accepted 1  with params [-3.71907005  1.06039008  0.20366363  0.93460753 -4.        ]
at minimum 0.0171 accepted 1  with params [-3.89656967  1.16315346  0.26025421  1.1        -3.85410589]
at minimum 0.0209 accepted 1  with params [-3.71815265  1.26591683  0.3051374   1.00312731 -3.70821177]
at minimum 0.0283 accepted 1  with params [-3.50296328  1.36868021  0.35002058  0.77712383 -3.56231766]
at minimum 0.0375 accepted 1  with params [-3.2877739   1.47144358  0.39490374  0.70077861 -3.41642355]
at minimum 0.0533 accepted 1  with params [-3.07258453  1.57420696  0.43978693  0.5        -3.27052943]
at minimum 0.0542 accepted 1  with params [-5.71440147  1.67697034  0.44469634  1.1        -3.12251407]
at minimum 0.0340 accepted 1  with params [-5.26399807  1.612817    0.48957952  1.1        -2.99806788]
at minimum 0.0263 accepted 1  with params [-4.27647783  1.71558038  0.5         1.1        -2.85836258]
at minimum 0.0276 accepted 1  with params [-4.05987596  1.81834375  0.5         1.1        -2.71246847]
at minimum 0.0309 accepted 1  with params [-3.84468659  1.92110713  0.5         1.01216771 -2.56657435]
at minimum 0.0355 accepted 1  with params [-3.64460815  2.          0.5         0.78260069 -2.42068024]
at minimum 0.0393 accepted 1  with params [-3.42941879  2.          0.5         0.66181231 -2.27478613]
at minimum 0.0447 accepted 1  with params [-3.21422942  2.          0.5         0.5        -2.12889201]
at minimum 0.0289 accepted 1  with params [-4.17035465  2.          0.5         1.1        -3.23481722]
at minimum 0.0293 accepted 1  with params [-3.94328182  2.          0.5         1.1        -3.08892311]
at minimum 0.0340 accepted 1  with params [-3.72809234  2.          0.5         1.0236548  -2.943029  ]
at minimum 0.0352 accepted 1  with params [-3.62868401  2.          0.5         0.84089613 -2.79713488]
at minimum 0.0396 accepted 1  with params [-3.41349464  2.          0.5         0.64646643 -2.65124077]
at minimum 0.0461 accepted 1  with params [-3.19830528  2.          0.5         0.5        -2.50534666]
at minimum 0.0331 accepted 1  with params [-3.73493484  2.          0.5         0.93876863 -2.502184  ]
at minimum 0.0304 accepted 1  with params [-3.87079967  2.          0.5         1.07106178 -2.35628989]
at minimum 0.0347 accepted 1  with params [-3.65561031  2.          0.5         0.86647361 -2.21039578]
at minimum 0.0309 accepted 1  with params [-3.84615186  2.          0.5         1.04898124 -2.06450166]
at minimum 0.0356 accepted 1  with params [-3.62127976  2.          0.5         0.87906028 -1.91860755]
at minimum 0.0340 accepted 1  with params [-3.68406391  2.          0.5         0.89589954 -1.77271344]
at minimum 0.0385 accepted 1  with params [-3.46887454  2.          0.5         0.70082788 -1.62681932]
at minimum 0.0426 accepted 1  with params [-3.25368518  2.          0.5         0.5        -1.48092521]
at minimum 0.0288 accepted 1  with params [-4.10418161  2.          0.5         1.1        -1.94377085]
at minimum 0.0300 accepted 1  with params [-3.88899224  2.          0.5         1.09660587 -1.79787674]
at minimum 0.0342 accepted 1  with params [-3.67380288  2.          0.5         0.88806053 -1.65198263]
at minimum 0.0387 accepted 1  with params [-3.45861351  2.          0.5         0.69226048 -1.50608851]
at minimum 0.0305 accepted 1  with params [-3.85404297  2.          0.5         1.08107738 -1.3601944 ]
at minimum 0.0369 accepted 1  with params [-3.63885354  2.          0.5         1.00473217 -1.21430029]
at minimum 0.0393 accepted 1  with params [-3.42366418  2.          0.5         0.66509842 -1.06840617]
at minimum 0.0364 accepted 1  with params [-3.55876065  2.          0.5         0.79753204 -0.92251206]
at minimum 0.0407 accepted 1  with params [-3.3459002   2.          0.5         0.59155637 -0.7766224 ]
at minimum 0.0588 accepted 1  with params [-3.13071083  2.          0.5         0.5        -0.63072829]
at minimum 0.0742 accepted 1  with params [-5.6852669   2.          0.5         1.1        -1.60458135]
at minimum 0.0413 accepted 1  with params [-5.14239746  2.          0.5         1.1        -2.12280284]
at minimum 0.0288 accepted 1  with params [-3.99436854  2.          0.5         1.1        -2.4313168 ]
at minimum 0.0322 accepted 1  with params [-3.77917917  2.          0.5         0.9816788  -2.28542269]
at minimum 0.0360 accepted 1  with params [-3.59223975  2.          0.5         0.80950523 -2.13952857]
at minimum 0.0403 accepted 1  with params [-3.37705038  2.          0.5         0.61205139 -1.99363446]
at minimum 0.0516 accepted 1  with params [-3.16186102  2.          0.5         0.5        -1.84774035]
at minimum 0.0398 accepted 1  with params [-5.23095492  2.          0.5         1.1        -4.        ]
at minimum 0.0286 accepted 1  with params [-4.06152332  2.          0.5         1.1        -3.85410589]
at minimum 0.0286 accepted 1  with params [-4.03198123  2.          0.5         1.1        -3.70821177]
at minimum 0.0315 accepted 1  with params [-3.81679187  2.          0.5         1.015719   -3.56231766]
at minimum 0.0363 accepted 1  with params [-3.57769257  2.          0.5         0.79513038 -3.40021309]
