./../runners.py:306: RuntimeWarning: invalid value encountered in multiply
  model_input = self.k*x_tm1
./../dsp_utils.py:9: RuntimeWarning: invalid value encountered in double_scalars
  self.state = 1./self.tau*x + (1-1./self.tau)*self.state
./../runners.py:392: RuntimeWarning: invalid value encountered in double_scalars
  err_t]+([u_fb + err_t] if self.enable_combo else []))
at minimum 0.0235 accepted 1  with params [-3.68299951  0.84520083  0.10090029  0.88579971 -4.        ]
at minimum 0.0666 accepted 1  with params [-3.69384738  0.48975197  0.12182215  1.1        -4.        ]
at minimum 0.0678 accepted 1  with params [-4.16730682  0.28361375  0.10343877  0.8350812  -3.64165471]
at minimum 0.0941 accepted 1  with params [-3.72146959  0.18751587  0.01        0.51819523 -3.68270614]
at minimum 100000000000000000000.0000 accepted 0  with params [-3.29674849  0.          0.27818861  0.86914421 -3.45347239]
at minimum 1363477115596842075603258330738327552.0000 accepted 0  with params [-3.46687966e+00  3.84981896e-10  1.00000000e-02  9.15090917e-01
 -3.65217803e+00]
at minimum 0.0882 accepted 1  with params [-3.73999892  0.49346063  0.01000036  0.5        -3.22129833]
at minimum 0.0932 accepted 1  with params [-3.45747212  0.07670814  0.01000023  0.87269829 -2.9459224 ]
at minimum 0.0646 accepted 1  with params [-3.14871419  0.26328212  0.15391211  0.63574943 -3.21060061]
at minimum 0.1189 accepted 1  with params [-3.63931331  0.30489274  0.39308139  0.78289223 -2.87158028]
at minimum 0.0102 accepted 1  with params [-4.04029662  0.7610335   0.13491703  0.99359349 -3.18623784]
at minimum 0.0193 accepted 1  with params [-3.68985     0.55955196  0.28721135  1.01941646 -3.65231274]
at minimum 0.0627 accepted 1  with params [-3.67968355  0.75388046  0.20606581  1.09999996 -3.18104363]
at minimum 0.0603 accepted 1  with params [-3.80794064  0.953645    0.01        1.1        -3.15120492]
at minimum 0.0429 accepted 1  with params [-3.65523159  0.7029996   0.26505459  1.1        -2.68099408]
at minimum 0.0472 accepted 1  with params [-4.04721792  0.34051416  0.5         1.09999999 -2.85598471]
at minimum 0.0952 accepted 1  with params [-3.82651685  0.32617653  0.5         0.86860465 -2.59846102]
at minimum 0.0242 accepted 1  with params [-3.8244722   0.          0.5         0.69690234 -3.07546179]
at minimum 0.0800 accepted 1  with params [-3.33213589  0.29785561  0.11833965  0.96867035 -2.86396162]
at minimum 0.0397 accepted 1  with params [-3.63321445  0.43226926  0.3343068   0.89938901 -2.47527385]
at minimum 0.0554 accepted 1  with params [-4.11280948  0.634793    0.01000003  0.62360703 -2.0382556 ]
at minimum 0.0551 accepted 1  with params [-3.90957881  0.65484973  0.04132578  0.5        -2.05345811]
at minimum 0.0234 accepted 1  with params [-3.65055037  0.43460007  0.44217869  0.5        -1.72316411]
at minimum 0.0748 accepted 1  with params [-3.1515021   0.55809897  0.5         0.58516433 -1.27517532]
at minimum 0.4038 accepted 1  with params [-3.0000047   0.98987128  0.49999923  0.86116151 -0.8691821 ]
at minimum 0.0244 accepted 1  with params [-3.45219667  0.62517582  0.5         0.50000059 -0.672161  ]
at minimum 0.0190 accepted 1  with params [-3.46715101  0.99711407  0.3726774   0.73967914 -0.26368364]
at minimum 0.0487 accepted 1  with params [-3.15566159  1.04892466  0.34281658  0.96157723 -0.23507091]
at minimum 0.0935 accepted 1  with params [-3.0590608   1.42836946  0.47419724  0.75470548  0.        ]
at minimum 0.3340 accepted 1  with params [-3.00000001  1.79772741  0.5         0.70100229 -0.39126317]
at minimum 0.3548 accepted 1  with params [-3.00000002  1.32771584  0.5         0.70511741 -0.81197076]
at minimum 0.6809 accepted 0  with params [-3.          1.090387    0.5         1.00524877 -1.13796077]
at minimum 2143265.0915 accepted 0  with params [-3.          0.93765384  0.20612552  0.5        -0.84297408]
at minimum 0.5907 accepted 1  with params [-3.          1.16335983  0.5         0.95118297 -0.92768846]
at minimum 0.0565 accepted 1  with params [-3.43348809  1.46021721  0.5         1.08825899 -0.69820685]
at minimum 5820971087881348055040.0000 accepted 0  with params [-3.22611759  1.24295522  0.12099569  1.09999999 -0.4807914 ]
at minimum 0.2119 accepted 1  with params [-3.24570713  1.1496236   0.5         1.09999862 -0.77469733]
at minimum 338257445267996424072227933163754259574369140797740758859776.0000 accepted 0  with params [-3.18520953  0.79157175  0.06685527  0.81793338 -0.53059572]
at minimum 0.6713 accepted 1  with params [-3.00000002  0.96869701  0.5         1.1        -0.62609714]
at minimum 0.0235 accepted 1  with params [-3.49696776  1.00149606  0.36450269  0.63844012 -0.39123675]
at minimum 0.0567 accepted 1  with params [-3.99131216  1.11450808  0.49999999  1.02927828  0.        ]
at minimum 0.0462 accepted 1  with params [-3.65294511  1.55426448  0.4999981   0.65946797 -0.01179424]
at minimum 0.0345 accepted 1  with params [-3.34669482  1.87165767  0.5         0.5        -0.45826463]
at minimum 0.0271 accepted 1  with params [-3.20097178  1.9622235   0.5         0.5        -0.78174152]
at minimum 0.0322 accepted 1  with params [-3.4755101   1.49451939  0.19991299  0.72038783 -0.99752841]
at minimum 0.0776 accepted 1  with params [-3.76339132  1.51833882  0.01        1.09999972 -0.64049133]
at minimum 0.0199 accepted 1  with params [-3.64354859  1.43205198  0.24523169  1.06177988 -1.1373522 ]
at minimum 0.0769 accepted 1  with params [-4.08264519  1.15114307  0.01        1.1        -1.59535354]
at minimum 0.0817 accepted 1  with params [-4.32818792  1.14125801  0.01000132  1.09999833 -1.31228917]
at minimum 0.0231 accepted 1  with params [-4.38701924  1.12140932  0.4913881   0.79841089 -1.35867513]
at minimum 0.0776 accepted 0  with params [-4.91162487  1.13640946  0.06330569  1.1        -1.85002087]
