./../runners.py:231: RuntimeWarning: invalid value encountered in multiply
  model_input = self.k*x_tm1
./../dsp_utils.py:9: RuntimeWarning: invalid value encountered in double_scalars
  self.state = 1./self.tau*x + (1-1./self.tau)*self.state
at minimum 0.0529 accepted 1  with params [-4.5   0.4   0.05  1.    0.  ]
at minimum 0.0355 accepted 1  with params [-4.58145339e+00  6.81343672e-01  3.66874410e-01  1.08831580e+00
  3.78831844e-05]
at minimum 0.0391 accepted 1  with params [-4.38942564e+00  5.84396084e-01  4.38516552e-01  9.35181726e-01
  1.09474032e-20]
at minimum 0.0488 accepted 1  with params [-4.23524666  0.39904145  0.5         0.63880737  0.46305936]
at minimum 0.0258 accepted 1  with params [-4.67241274  0.52749127  0.5         0.72523233  0.93303287]
at minimum 0.0227 accepted 1  with params [-4.86127777  0.8351771   0.31594948  1.05635977  0.9433375 ]
at minimum 0.0341 accepted 1  with params [-5.2719731   0.99        0.5         1.1         1.01249133]
at minimum 0.0208 accepted 1  with params [-5.64704621  0.99        0.49999984  0.6136908   1.03129501]
at minimum 0.0145 accepted 1  with params [-5.29296968  0.72394969  0.20980604  0.85930351  1.35819931]
at minimum 0.0321 accepted 1  with params [-5.59535841  0.99        0.14501619  0.88265215  0.89768964]
at minimum 0.0634 accepted 1  with params [-5.61637288  0.99        0.30384902  1.1         0.81102017]
at minimum 0.0264 accepted 1  with params [-5.63230985  0.83320029  0.17533397  1.09999971  1.11981289]
at minimum 0.0383 accepted 1  with params [-5.18753906  0.98999968  0.29757246  1.09999976  1.12657574]
at minimum 0.0515 accepted 1  with params [-5.44514096  0.99        0.1266533   1.1         0.85410671]
at minimum 0.0332 accepted 1  with params [-5.29460549  0.70588833  0.01        0.89938966  0.77298584]
at minimum 0.0430 accepted 1  with params [-4.98436435  0.3535391   0.01        0.6668555   0.42327717]
at minimum 0.0911 accepted 1  with params [-5.456257   -0.06575591  0.01        0.5         0.85821575]
at minimum 0.0882 accepted 1  with params [-5.39219025 -0.1         0.01        0.5         0.93244513]
at minimum 0.0620 accepted 1  with params [-4.94910261 -0.09999958  0.01000007  0.50000032  1.02967319]
at minimum 0.0314 accepted 1  with params [-5.42687178 -0.1         0.33778319  0.84167051  1.37937843]
at minimum 0.0620 accepted 1  with params [-5.34311733  0.05905072  0.5         0.82471301  0.91443275]
at minimum 0.0723 accepted 1  with params [-5.3597162   0.04927129  0.49985177  0.89329248  0.62253039]
at minimum 0.0393 accepted 1  with params [-5.49922781e+00 -3.99878863e-04  5.00000000e-01  6.15749588e-01
  1.00503011e+00]
at minimum 0.0444 accepted 1  with params [-5.41869683 -0.1         0.5         0.5         0.72200347]
at minimum 0.0684 accepted 1  with params [-5.26093    -0.09999863  0.5         0.77371525  1.0830847 ]
at minimum 0.1207 accepted 1  with params [-4.8875809  -0.1         0.4999985   1.0999988   0.59888678]
at minimum 0.0275 accepted 1  with params [-4.58938084 -0.1         0.5         0.64543288  0.28765839]
at minimum 0.0602 accepted 1  with params [-4.43391324e+00 -1.00000000e-01  2.17091863e-01  5.00000005e-01
  3.60652379e-08]
at minimum 0.0595 accepted 1  with params [-4.35725387 -0.09368916  0.01        0.85122433  0.        ]
at minimum 0.0561 accepted 1  with params [-4.83290342  0.29241636  0.0537851   0.5         0.        ]
at minimum 0.0606 accepted 1  with params [-4.86639376 -0.1         0.01        0.5         0.        ]
at minimum 0.0644 accepted 1  with params [-4.40451975 -0.1         0.01        0.61946252  0.        ]
at minimum 0.0744 accepted 1  with params [-4.25802006 -0.09999999  0.01        0.5         0.13490873]
at minimum 0.0666 accepted 1  with params [-4.59745134 -0.1         0.01        0.5         0.        ]
at minimum 0.0599 accepted 1  with params [-4.38122577  0.18321743  0.37670719  0.5         0.        ]
at minimum 0.0311 accepted 1  with params [-4.75792261  0.28158792  0.08604628  0.87986135  0.        ]
at minimum 0.0336 accepted 1  with params [-4.95801514e+00 -1.00000000e-01  1.00000000e-02  1.03309575e+00
  1.79052580e-15]
at minimum 0.0339 accepted 1  with params [-4.91176297  0.06947881  0.01        1.1         0.32166124]
at minimum 0.0653 accepted 1  with params [-5.12671847 -0.1         0.48634947  0.70422992  0.34550608]
at minimum 0.0355 accepted 1  with params [-5.55479617  0.3601484   0.49999978  1.08999338  0.55647678]
at minimum 0.0244 accepted 1  with params [-5.07055311  0.83395626  0.49168788  1.09999978  0.74750998]
at minimum 0.0413 accepted 1  with params [-4.77203395  0.99        0.40847692  1.1         1.04950709]
at minimum 0.0386 accepted 1  with params [-4.8450871   0.99        0.25517936  0.77702776  1.46359906]
at minimum 0.0283 accepted 1  with params [-4.65269451  0.67704556  0.35578294  0.87959419  1.04404004]
at minimum 0.0200 accepted 1  with params [-4.99505409  0.75252473  0.49999742  0.62006236  1.36952884]
at minimum 0.0470 accepted 1  with params [-4.71582379  0.95944611  0.47324964  0.5         1.86423962]
at minimum 0.0267 accepted 1  with params [-5.08901531  0.98999899  0.38542229  0.73660471  1.67756954]
at minimum 0.0170 accepted 1  with params [-5.0811917   0.83875374  0.5         0.99721339  2.01867334]
at minimum 0.0199 accepted 1  with params [-4.78347685  0.72373849  0.26860255  1.04410507  1.88987971]
at minimum 0.0126 accepted 1  with params [-4.70850167  0.39594634  0.37321981  1.03229593  1.62675039]
at minimum 0.0472 accepted 1  with params [-4.40997234  0.75986565  0.22376656  1.1         1.49693691]
at minimum 0.0670 accepted 1  with params [-3.86816397  0.42626449  0.01        0.64709571  1.4159732 ]
at minimum 0.0510 accepted 1  with params [-3.35400822  0.88188859  0.01000061  0.87939994  1.29404288]
at minimum 0.0258 accepted 1  with params [-3.00000324  0.99        0.01000053  0.50000065  1.72494879]
at minimum 67.7523 accepted 0  with params [-3.00001136  0.98999587  0.40391483  1.04636761  1.41631424]
at minimum 0.0723 accepted 1  with params [-3.50957773  0.91611817  0.01        0.5         1.23777822]
at minimum 0.0599 accepted 1  with params [-3.49861167  0.99        0.01        0.66205689  1.27761191]
at minimum 0.0761 accepted 1  with params [-3.44149117  0.99        0.01        0.5         1.05442165]
at minimum 0.0581 accepted 1  with params [-3.44020818  0.73114681  0.21803703  0.5         0.94664072]
at minimum 0.0626 accepted 1  with params [-3.98982984  0.81643474  0.01        1.02021554  1.44000194]
at minimum 0.0593 accepted 1  with params [-3.72878219  0.44481278  0.01        1.00566256  1.55790544]
at minimum 0.0769 accepted 1  with params [-3.60164967  0.20877118  0.05436216  0.51702441  1.24770524]
at minimum 0.0673 accepted 1  with params [-3.62586966  0.21118829  0.01        0.95987772  1.2744877 ]
at minimum 0.0775 accepted 1  with params [-3.44096575  0.16742282  0.0100025   1.09999988  1.02550004]
at minimum 0.0708 accepted 1  with params [-3.64410413  0.49397837  0.01        0.55150099  1.54364932]
at minimum 0.1128 accepted 1  with params [-3.15472536  0.18306787  0.01        0.53376713  1.85249811]
at minimum 0.0962 accepted 1  with params [-3.65859791  0.18833717  0.4302329   0.5         2.20819124]
at minimum 0.0882 accepted 1  with params [-3.28208443  0.26228247  0.16074071  0.7952818   2.27459457]
at minimum 0.0614 accepted 1  with params [-3.15154587  0.14174158  0.46190002  1.1         2.64129009]
at minimum 0.0711 accepted 1  with params [-3.16717888 -0.1         0.34538182  1.1         2.54830282]
at minimum 0.0805 accepted 1  with params [-3.07590609  0.36892545  0.07680386  1.1         2.84100484]
at minimum 0.0539 accepted 1  with params [-3.10910503  0.42457433  0.46851859  1.01442612  2.4182003 ]
at minimum 1.8143 accepted 0  with params [-3.19911911  0.94925345  0.5         0.91883746  1.92329068]
at minimum 0.0535 accepted 1  with params [-3.55425194  0.56082521  0.5         0.88891778  2.72537377]
at minimum 0.1171 accepted 1  with params [-3.31893893  0.06463269  0.01        1.06250608  2.32090736]
at minimum 0.0412 accepted 1  with params [-3.04189611 -0.05744609  0.46304497  0.91805158  1.92698361]
at minimum 0.0692 accepted 1  with params [-3.27452575  0.49050443  0.03479649  1.0562991   1.78951248]
at minimum 0.0572 accepted 1  with params [-3.17746692  0.76449882  0.01        1.1         2.17415961]
at minimum 0.0232 accepted 1  with params [-3.57623044  0.98544619  0.01        0.5644769   2.29725685]
at minimum 0.0376 accepted 1  with params [-4.04581968  0.99        0.10844838  0.5         1.89824681]
at minimum 0.0544 accepted 1  with params [-4.1105125   0.75164572  0.01000112  0.76307549  2.03795579]
at minimum 0.0702 accepted 1  with params [-3.86376488  0.99        0.05694192  0.84950456  2.43631715]
at minimum 0.0733 accepted 1  with params [-4.25006259  0.75579522  0.01        0.54088022  2.42507915]
at minimum 0.0867 accepted 1  with params [-4.20763753  0.57905225  0.01        0.5         2.42480591]
at minimum 0.0389 accepted 1  with params [-4.01112396  0.96363589  0.06941399  0.5         2.23859664]
at minimum 0.0483 accepted 1  with params [-3.50819075  0.99        0.5         0.5         3.10020998]
at minimum 100000000000000000000.0000 accepted 0  with params [-3.31599827  0.9671381   0.5         0.83774768  3.61958886]
at minimum 100000000000000000000.0000 accepted 0  with params [-3.18985323  0.99        0.01763511  0.80368114  3.59857393]
at minimum 0.0811 accepted 1  with params [-3.80395146  0.99        0.5         0.5         3.14702747]
at minimum 0.0670 accepted 1  with params [-4.07740696  0.54574376  0.47107871  0.92523452  3.30665478]
at minimum 0.0482 accepted 1  with params [-5.30643908  0.63288472  0.5         0.67596306  3.20162692]
at minimum 0.0750 accepted 1  with params [-4.8224665   0.38766834  0.39054596  1.05164868  3.42966024]
at minimum 0.1114 accepted 1  with params [-4.61037517  0.0298491   0.4700446   0.7296455   3.53199139]
at minimum 0.0665 accepted 1  with params [-5.01827504 -0.0219426   0.5         0.94484625  3.10943492]
at minimum 0.0458 accepted 1  with params [-5.27312391 -0.03777655  0.5         0.88682021  2.95817069]
at minimum 0.0267 accepted 1  with params [-4.9374142  -0.09999987  0.49999986  0.83653508  2.5371997 ]
at minimum 0.1093 accepted 1  with params [-5.10397961 -0.0977577   0.01346502  0.96866908  2.95822289]
at minimum 0.0796 accepted 1  with params [-5.16639295  0.33888539  0.01        1.1         3.19285846]
at minimum 0.0801 accepted 1  with params [-5.67291242  0.39395879  0.5         0.67941867  3.72270965]
at minimum 0.1329 accepted 1  with params [-6.         -0.09319465  0.18125418  0.75034347  3.99999641]
at minimum 0.1311 accepted 1  with params [-6.         -0.09999987  0.01        0.77884694  3.70823518]
at minimum 0.1116 accepted 1  with params [-5.89722394  0.07176125  0.01        1.09099638  3.80035605]
at minimum 0.0616 accepted 1  with params [-5.86942798  0.67864458  0.01000048  1.09999934  4.        ]
at minimum 0.1004 accepted 1  with params [-6.          0.32271643  0.01000005  0.61420972  3.95313918]
at minimum 0.1204 accepted 1  with params [-5.63278975  0.03455097  0.0923493   0.5         3.61312818]
at minimum 0.0833 accepted 1  with params [-5.5248754   0.27705976  0.01        1.04124975  3.29692214]
at minimum 0.0423 accepted 1  with params [-5.58016609  0.43948741  0.27570698  0.95342093  2.90396119]
at minimum 0.0528 accepted 1  with params [-5.86573786 -0.1         0.49999999  1.1         2.48999016]
at minimum 0.0302 accepted 1  with params [-6.          0.38032531  0.5         1.1         2.23737576]
at minimum 0.0677 accepted 1  with params [-6.         -0.1         0.5         1.08399533  2.0921331 ]
at minimum 0.0671 accepted 1  with params [-5.46938205 -0.09999862  0.5         1.09999924  1.57304054]
at minimum 0.0649 accepted 1  with params [-5.99926282 -0.09999999  0.5         1.09999987  1.81741239]
at minimum 0.0641 accepted 1  with params [-5.75312566 -0.1         0.5         0.59307933  1.72259425]
at minimum 0.0929 accepted 1  with params [-6.         -0.1         0.49999568  0.5         1.53212669]
at minimum 0.0795 accepted 1  with params [-6.          0.31227532  0.4010517   0.5         1.7110412 ]
at minimum 0.0518 accepted 1  with params [-6.          0.18682105  0.48399309  0.92555475  1.93702414]
at minimum 0.0351 accepted 1  with params [-6.          0.65689752  0.5         0.79950519  2.34865565]
at minimum 0.0239 accepted 1  with params [-6.          0.54017051  0.5         1.09999997  1.74027342]
at minimum 0.0448 accepted 1  with params [-6.          0.48467285  0.5         0.75224747  1.55738895]
at minimum 0.0286 accepted 1  with params [-5.8277386   0.88697089  0.5         0.56933931  1.0644982 ]
at minimum 0.0483 accepted 1  with params [-6.          0.99        0.5         0.86285188  1.39180953]
at minimum 0.1041 accepted 1  with params [-6.          0.99        0.3022661   1.1         1.33910222]
at minimum 0.0967 accepted 1  with params [-6.          0.99        0.5         1.06703383  1.35417162]
at minimum 0.0259 accepted 1  with params [-5.4601682   0.45047003  0.45271653  0.98840124  1.539393  ]
at minimum 0.0478 accepted 1  with params [-5.85840661  0.53650693  0.11516359  1.1         1.30957119]
at minimum 0.0544 accepted 1  with params [-5.95175855  0.98481518  0.44119898  0.98328358  1.34850456]
at minimum 0.0268 accepted 1  with params [-5.63818993  0.84387365  0.5         0.54279205  1.40409905]
at minimum 0.0254 accepted 1  with params [-5.50943971  0.99        0.29472546  0.57887724  1.5164558 ]
at minimum 0.0265 accepted 1  with params [-5.63261617  0.54691439  0.5         0.65461854  1.65927858]
at minimum 0.0347 accepted 1  with params [-5.3236392   0.56104807  0.40360333  0.5         2.0971487 ]
at minimum 0.0138 accepted 1  with params [-4.80579831 -0.02399347  0.5         0.88134617  2.13196038]
at minimum 0.0397 accepted 1  with params [-4.27495802 -0.1         0.34900763  1.1         2.24457974]
at minimum 0.0698 accepted 1  with params [-4.71833623 -0.09999445  0.5         0.51125833  2.62005757]
at minimum 0.1023 accepted 1  with params [-4.70620618  0.13076453  0.49999856  0.5000017   3.21123902]
at minimum 0.0890 accepted 1  with params [-5.26468311 -0.1         0.01        1.1         2.80481208]
at minimum 0.0783 accepted 1  with params [-5.12696089  0.02054672  0.01        1.1         2.74724492]
at minimum 0.0875 accepted 1  with params [-4.98486835 -0.1         0.01781203  0.8249654   2.63722711]
at minimum 0.0644 accepted 1  with params [-4.92516178  0.15413716  0.42295829  0.85234104  3.03015734]
at minimum 0.0165 accepted 1  with params [-5.41919809  0.56157592  0.5         1.1         2.46452534]
at minimum 0.0565 accepted 1  with params [-5.12485813 -0.04405342  0.4351766   1.06698208  3.0440218 ]
at minimum 0.0565 accepted 1  with params [-5.71963543  0.4174195   0.1917459   0.90729755  2.8432758 ]
at minimum 0.0753 accepted 1  with params [-6.          0.61589576  0.01        0.62339015  2.93372366]
at minimum 0.0488 accepted 1  with params [-6.          0.72463669  0.11584351  1.1         2.88962097]
at minimum 0.0516 accepted 1  with params [-5.89642448  0.72380456  0.01        1.09673105  2.67447877]
at minimum 0.0781 accepted 1  with params [-6.          0.64668154  0.01        0.56452333  3.19710338]
at minimum 0.0960 accepted 1  with params [-5.46694421  0.42565146  0.08910345  0.50000034  3.42700804]
at minimum 0.0871 accepted 1  with params [-5.80927834  0.62488134  0.01312099  0.5         3.81215152]
at minimum 0.1127 accepted 1  with params [-6.          0.10214061  0.46669403  0.5         4.        ]
at minimum 0.1275 accepted 1  with params [-5.58155183 -0.1         0.5         0.5         4.        ]
at minimum 0.0977 accepted 1  with params [-5.46504458  0.43571503  0.01000064  0.50000078  3.54185292]
at minimum 0.0929 accepted 1  with params [-4.91406932  0.51685818  0.29513837  0.5         3.65526725]
at minimum 0.0679 accepted 1  with params [-4.78808417  0.61772667  0.16120085  0.90055877  3.27827784]
at minimum 0.0849 accepted 1  with params [-4.87409616  0.40726311  0.01        0.87788298  3.20109618]
at minimum 0.0250 accepted 1  with params [-5.00668388  0.99        0.01        0.5         2.91861465]
at minimum 0.0282 accepted 1  with params [-5.42560228  0.99        0.5         0.81075451  2.74535638]
at minimum 0.0244 accepted 1  with params [-5.89101885  0.98999917  0.49999962  0.5         3.09143796]
at minimum 0.0248 accepted 1  with params [-6.          0.99        0.33849389  0.5         2.63642687]
at minimum 0.0728 accepted 1  with params [-6.          0.38603078  0.5         0.55406032  3.06989511]
at minimum 0.0795 accepted 1  with params [-5.8726772   0.50924794  0.01000053  0.59296736  2.4213259 ]
at minimum 0.0400 accepted 1  with params [-5.66115955  0.99        0.01        0.82300611  2.95285487]
at minimum 0.0833 accepted 1  with params [-5.58880827  0.45670224  0.01        0.5         2.5897195 ]
at minimum 0.1181 accepted 1  with params [-5.99999998 -0.09999999  0.01        0.5         2.00169975]
at minimum 0.0828 accepted 1  with params [-6.          0.20379243  0.01        1.00882841  1.32778273]
at minimum 0.0540 accepted 1  with params [-5.92655179  0.39912643  0.27635307  0.87320667  1.46332214]
at minimum 0.0972 accepted 1  with params [-6.          0.01262644  0.01000041  1.09855396  2.10815909]
at minimum 0.0651 accepted 1  with params [-5.95219633  0.42038254  0.01000196  1.0999976   2.17890118]
at minimum 0.0734 accepted 1  with params [-6.          0.27193635  0.06896217  1.1         2.51532513]
at minimum 0.0460 accepted 1  with params [-5.72404707  0.44914201  0.17057082  1.1         2.65583624]
at minimum 0.0511 accepted 1  with params [-5.57289687  0.80302049  0.01        1.09999844  3.18875319]
at minimum 0.0234 accepted 1  with params [-4.84547051  0.97921685  0.21316215  0.67642242  3.79956761]
at minimum 0.0792 accepted 1  with params [-5.44398535  0.40032572  0.01000035  1.09999958  3.79932395]
at minimum 0.1043 accepted 1  with params [-5.75140023  0.2118425   0.01        0.67215309  3.60933876]
at minimum 0.1296 accepted 1  with params [-6.         -0.1         0.01        1.05338662  3.60058134]
at minimum 0.1259 accepted 1  with params [-5.84893471e+00 -5.30832122e-03  1.00000000e-02  1.10000000e+00
  4.00000000e+00]
at minimum 0.1152 accepted 1  with params [-6.00000000e+00  4.54241920e-03  1.00000000e-02  8.77232241e-01
  3.49445524e+00]
at minimum 0.0411 accepted 1  with params [-6.          0.66860086  0.39055394  1.1         3.4068453 ]
at minimum 0.0250 accepted 1  with params [-5.8814079   0.99        0.42605643  0.66903656  2.75566465]
at minimum 0.0593 accepted 1  with params [-6.          0.70671975  0.29533023  0.59158374  2.4557414 ]
at minimum 0.0752 accepted 1  with params [-6.          0.50992196  0.16208159  0.6037661   2.12853445]
at minimum 0.0399 accepted 1  with params [-5.44843022  0.86075832  0.02627664  1.09999777  2.568245  ]
at minimum 0.0511 accepted 1  with params [-5.61535439  0.97110496  0.01        1.1         2.92950548]
at minimum 0.0611 accepted 1  with params [-5.38201243  0.99        0.01        1.06297435  2.58532517]
at minimum 0.1250 accepted 1  with params [-5.43042182  0.99        0.01        1.1         3.12070926]
at minimum 0.0658 accepted 1  with params [-5.83942531  0.46736324  0.5         0.50018159  2.96772145]
at minimum 0.0950 accepted 1  with params [-5.99999999  0.08843961  0.49999999  0.56212368  3.42664872]
at minimum 0.0740 accepted 1  with params [-5.63553614 -0.1         0.5         0.83264839  3.17428635]
at minimum 0.0644 accepted 1  with params [-5.77289236  0.34001092  0.04631514  1.1         2.71429982]
at minimum 0.1222 accepted 1  with params [-6.         -0.1         0.01        0.52226295  3.14359023]
at minimum 0.0447 accepted 1  with params [-5.75948927  0.3926231   0.46353448  1.05490352  3.35555136]
at minimum 0.1030 accepted 1  with params [-5.74138685 -0.09999862  0.49999937  1.1         3.64202836]
at minimum 0.0963 accepted 1  with params [-6.          0.28655262  0.03808891  0.59257735  3.13648259]
at minimum 0.0620 accepted 1  with params [-6.          0.67905838  0.5         0.5         2.93253916]
at minimum 0.0636 accepted 1  with params [-6.          0.58231564  0.5         0.50000007  2.38771604]
at minimum 0.1163 accepted 1  with params [-5.99999894 -0.09792213  0.01000034  1.06903983  3.02759371]
at minimum 0.1001 accepted 1  with params [-5.423073    0.02323617  0.36525036  1.1         3.56422006]
at minimum 0.0756 accepted 1  with params [-5.00832448  0.29919632  0.01        1.1         2.92657189]
at minimum 0.1098 accepted 1  with params [-4.78808883  0.11457683  0.01        1.1         3.33215787]
at minimum 0.0724 accepted 1  with params [-5.30295197  0.43199131  0.38875929  0.52591561  3.14361358]
at minimum 0.1050 accepted 1  with params [-4.66598244  0.02959767  0.09189505  0.50000034  2.70265667]
at minimum 0.1207 accepted 1  with params [-4.24672645  0.02851224  0.17638169  0.50000007  3.10717224]
at minimum 0.0543 accepted 1  with params [-3.89937351  0.7809518   0.5         1.01169775  3.54049112]
