./../runners.py:392: RuntimeWarning: invalid value encountered in double_scalars
  err_t]+([u_fb + err_t] if self.enable_combo else []))
./../runners.py:306: RuntimeWarning: invalid value encountered in multiply
  model_input = self.k*x_tm1
./../dsp_utils.py:9: RuntimeWarning: invalid value encountered in double_scalars
  self.state = 1./self.tau*x + (1-1./self.tau)*self.state
at minimum 0.0097 accepted 1  with params [-3.68300063  0.84519966  0.10090005  0.88579989 -4.        ]
at minimum 0.0602 accepted 1  with params [-3.7358225   1.12199342  0.46580813  0.5        -4.        ]
at minimum 0.0553 accepted 1  with params [-3.33592243  1.4829041   0.5         0.5        -4.        ]
at minimum 0.0437 accepted 1  with params [-3.25968082  1.04672819  0.35183112  0.86778608 -4.        ]
at minimum 0.0578 accepted 1  with params [-3.56369299  0.77812676  0.16621407  1.04826491 -4.        ]
at minimum 0.0245 accepted 1  with params [-3.76543074  0.98460463  0.34344637  1.1        -3.99999892]
at minimum 0.0980 accepted 1  with params [-3.73713864  1.06193031  0.07668367  0.97228328 -4.        ]
at minimum 0.1520 accepted 1  with params [-3.52959789  1.16979764  0.01        1.1        -4.        ]
at minimum 0.0772 accepted 1  with params [-3.43123038  0.96996267  0.30406105  0.96872356 -4.        ]
at minimum 4742247468102517462300713025536.0000 accepted 0  with params [-3.12997503  1.25039724  0.12425198  0.51923591 -4.        ]
at minimum 0.1022 accepted 1  with params [-3.57071089  0.6252146   0.26670974  0.59101576 -4.        ]
at minimum 0.1714 accepted 1  with params [-3.77328066  0.28492084  0.01        0.87104021 -3.66642757]
at minimum 0.1437 accepted 1  with params [-4.03245614e+00  6.91398296e-06  1.98348522e-01  1.09999793e+00
 -3.63653784e+00]
at minimum 0.1110 accepted 1  with params [-4.46027964  0.          0.45349692  0.8325049  -3.40748412]
at minimum 0.1939 accepted 1  with params [-4.12354536  0.22164626  0.5         0.8533273  -3.67541684]
at minimum 0.0294 accepted 1  with params [-3.90411148  0.6401278   0.22722993  0.81836042 -3.40255365]
at minimum 0.1739 accepted 0  with params [-3.52515996  0.46187936  0.01        1.1        -3.7830455 ]
at minimum 0.1445 accepted 1  with params [-3.50851694  0.9873764   0.07622574  0.53085025 -3.58128049]
at minimum 100000000000000000000.0000 accepted 0  with params [-3.18200391  0.7314108   0.01        0.5        -3.14084216]
at minimum 0.0463 accepted 1  with params [-3.41499665  1.16569004  0.5         0.87175033 -3.81874606]
at minimum 0.0432 accepted 1  with params [-3.19292995  1.58453369  0.5         0.79189488 -3.74100811]
at minimum 0.0670 accepted 1  with params [-3.10022095  1.47711947  0.33871283  0.50000008 -3.54938952]
at minimum 0.0642 accepted 1  with params [-3.33795243  1.78163955  0.49999994  0.50000007 -3.44681822]
at minimum 0.0369 accepted 1  with params [-3.30396705  2.          0.5         0.71411386 -3.29074321]
at minimum 0.1470 accepted 1  with params [-3.62585473  2.          0.06883988  0.60958945 -3.07716946]
at minimum 0.1737 accepted 1  with params [-3.86755316  1.62497208  0.01000017  0.55781064 -2.94001562]
at minimum 0.1796 accepted 1  with params [-3.89739811  1.70676426  0.01        0.5        -3.02358584]
at minimum 0.1162 accepted 1  with params [-4.11903555  1.9971047   0.45028945  0.64317987 -2.88981147]
at minimum 0.1694 accepted 0  with params [-3.86352579  2.          0.12218807  0.5        -2.79433871]
at minimum 0.0956 accepted 1  with params [-4.37470918  1.67243466  0.5         0.70953319 -3.32917533]
at minimum 0.0792 accepted 1  with params [-4.3390328   1.84605592  0.42422036  1.06838241 -2.88300534]
at minimum 0.1335 accepted 1  with params [-4.31027558  1.90879817  0.40290723  0.61772683 -2.82185649]
at minimum 0.0737 accepted 1  with params [-3.85607415  1.59304737  0.37821395  0.81223872 -2.85910128]
at minimum 0.1433 accepted 1  with params [-3.64924342  1.72091514  0.08411213  0.63736939 -3.12348746]
at minimum 0.1083 accepted 1  with params [-3.55628343  1.54177756  0.29229603  0.50000005 -2.86939068]
at minimum 0.0968 accepted 1  with params [-3.44985488  1.55904895  0.32181688  0.5        -2.96802473]
at minimum 0.0897 accepted 1  with params [-3.36670777  1.54056695  0.20509193  0.5        -3.29162897]
at minimum 1021421307979021728582330381739895608365890176076098830336.0000 accepted 0  with params [-3.30205753  2.          0.01        0.61332519 -3.27763535]
at minimum 0.0376 accepted 1  with params [-3.16534577  1.45149496  0.5         0.5        -3.47022001]
at minimum 0.0379 accepted 1  with params [-3.00000207  1.32675003  0.43336804  0.50000038 -3.56876479]
at minimum 0.0434 accepted 1  with params [-3.19468971  1.37232207  0.4686757   0.5        -4.        ]
at minimum 0.0494 accepted 1  with params [-3.          1.62375977  0.32077568  0.58852975 -3.50536153]
at minimum 0.1615 accepted 1  with params [-3.00000014  1.20801213  0.38917361  1.00454867 -3.8102752 ]
at minimum 0.7573 accepted 1  with params [-3.00000253  1.06855189  0.5         1.05844743 -3.75237018]
at minimum 0.0704 accepted 1  with params [-3.07328131  1.20683648  0.5         0.71933766 -3.42683672]
at minimum 0.0265 accepted 1  with params [-3.48875158  1.69657599  0.45851069  1.1        -3.74329548]
at minimum 0.0586 accepted 1  with params [-3.30815517  1.6489292   0.5         1.1        -3.81097742]
at minimum 0.3263 accepted 0  with params [-3.01917618  1.47406893  0.5         0.8038789  -3.9492305 ]
at minimum 0.0259 accepted 1  with params [-3.69870728  1.4349276   0.5         1.1        -3.69321407]
at minimum 0.1085 accepted 1  with params [-3.93757583  1.64292025  0.18413308  1.1        -4.        ]
at minimum 0.1845 accepted 1  with params [-4.32744067  1.63668651  0.01        0.55902415 -4.        ]
