./../runners.py:306: RuntimeWarning: invalid value encountered in multiply
  model_input = self.k*x_tm1
./../dsp_utils.py:9: RuntimeWarning: invalid value encountered in double_scalars
  self.state = 1./self.tau*x + (1-1./self.tau)*self.state
at minimum 0.0923 accepted 1  with params [-3.68300178  0.84519935  0.10089993  0.8857997  -4.        ]
at minimum 0.0231 accepted 1  with params [-4.13493053  0.90201535  0.01000028  0.50000034 -3.92698822]
at minimum 0.0139 accepted 1  with params [-4.02611331  0.59310132  0.01        0.66108948 -3.87567601]
at minimum 0.0246 accepted 1  with params [-4.42958693  0.87975824  0.01        0.5        -3.84143308]
at minimum 0.0592 accepted 1  with params [-4.27102948  1.04230618  0.47694204  0.5        -3.55730403]
at minimum 0.0650 accepted 1  with params [-4.13738994  1.40073037  0.5         0.7891115  -3.31525127]
at minimum 0.4082 accepted 1  with params [-3.68006323  0.94514608  0.5         0.95980932 -3.37787127]
at minimum 0.1748 accepted 1  with params [-4.15408008  0.75975059  0.5         0.51797167 -3.33256879]
at minimum 0.2265 accepted 1  with params [-4.57101841  0.54206563  0.5         0.77748732 -3.4798402 ]
at minimum 0.0744 accepted 1  with params [-4.82160791  0.72403306  0.40809099  0.50000029 -3.71852946]
at minimum 0.0400 accepted 1  with params [-5.31970908  0.2749808   0.24079469  0.97411467 -3.54376436]
at minimum 0.0378 accepted 1  with params [-5.70822018  0.47126282  0.17858339  0.60370085 -3.12583641]
at minimum 0.0182 accepted 1  with params [-5.37950945  0.40988504  0.04293641  1.09909841 -3.28486646]
at minimum 0.0339 accepted 1  with params [-5.61726906  0.334679    0.07679046  0.66023699 -2.96629246]
at minimum 0.0388 accepted 1  with params [-6.          0.47898668  0.01        1.04176299 -2.56366297]
at minimum 0.0419 accepted 1  with params [-5.76391129  0.87384138  0.5         1.1        -2.59394435]
at minimum 0.0348 accepted 1  with params [-5.88990664  0.79664403  0.10886825  1.1        -2.77677266]
at minimum 0.0471 accepted 1  with params [-5.55589096  1.07800055  0.5         1.1        -2.48462022]
at minimum 0.1321 accepted 1  with params [-5.10959594  0.92414603  0.5         1.09999978 -2.9206073 ]
at minimum 0.0577 accepted 1  with params [-4.71103479  1.25019642  0.49999974  0.76102785 -2.8138616 ]
at minimum 0.0498 accepted 1  with params [-4.96282847  0.7895762   0.39469492  0.50000029 -2.963039  ]
at minimum 0.0591 accepted 1  with params [-5.32067967  0.82413662  0.5         0.84813928 -2.55098431]
at minimum 0.0488 accepted 1  with params [-5.06913382  0.53349825  0.5         0.54629734 -2.25765567]
at minimum 0.0390 accepted 1  with params [-5.40473029  0.888718    0.353382    0.5        -1.93807801]
at minimum 0.0385 accepted 1  with params [-5.36818795  0.89662608  0.5         0.57368848 -1.70034487]
at minimum 0.0298 accepted 1  with params [-5.00403069  1.09318434  0.05706817  0.85553823 -1.36153147]
at minimum 0.0379 accepted 1  with params [-5.27435885  1.30707544  0.49999949  0.90549839 -1.58900316]
at minimum 0.0283 accepted 1  with params [-5.04468919  1.01667609  0.14073166  1.09999995 -1.2197253 ]
at minimum 0.0324 accepted 1  with params [-5.44799881  1.38612812  0.2794937   1.1        -1.66717448]
at minimum 0.0412 accepted 1  with params [-5.64867793  0.98951749  0.01        1.1        -1.38287741]
at minimum 0.0234 accepted 1  with params [-5.24997071  0.68678943  0.24787898  1.1        -1.86275966]
at minimum 0.0351 accepted 1  with params [-5.45628928  1.07071559  0.42140136  0.85944898 -1.78068592]
at minimum 0.0300 accepted 1  with params [-5.18264502  1.21636223  0.30397682  0.99634753 -1.94749572]
at minimum 0.0399 accepted 1  with params [-5.66055665  0.7648578   0.06146534  0.7316771  -1.85267759]
at minimum 0.0402 accepted 1  with params [-5.33861053  0.89775405  0.01        0.50000166 -1.70388091]
at minimum 0.0433 accepted 1  with params [-5.65758918  1.3222783   0.01000003  0.53443315 -2.09470496]
at minimum 0.0478 accepted 1  with params [-6.          1.59691114  0.5         0.5        -1.96533191]
at minimum 0.0490 accepted 1  with params [-6.          1.4922156   0.258345    0.5        -1.86134064]
at minimum 0.0437 accepted 1  with params [-5.61581361  1.12982107  0.5         0.5        -1.72513789]
at minimum 0.0412 accepted 1  with params [-5.50199853  0.73210732  0.25838604  0.50000195 -1.80523564]
at minimum 0.0481 accepted 1  with params [-5.94891363  0.6579219   0.5         0.5        -1.69924417]
at minimum 0.0434 accepted 1  with params [-5.81048239  0.3563132   0.5         0.67182203 -1.64547332]
at minimum 0.0442 accepted 1  with params [-5.99999989  0.          0.10599932  0.73679795 -2.06398353]
at minimum 0.0452 accepted 1  with params [-6.          0.          0.3689541   0.72588049 -1.82028326]
at minimum 0.0402 accepted 1  with params [-6.          0.15882675  0.35065688  0.96787702 -2.1075903 ]
at minimum 0.0369 accepted 1  with params [-6.          0.08348284  0.5         1.1        -2.12187208]
at minimum 0.0429 accepted 1  with params [-5.7789988   0.          0.5         0.63052139 -1.65744235]
at minimum 0.0260 accepted 1  with params [-5.34114317  0.24407668  0.5         0.84964429 -1.96827984]
at minimum 0.0339 accepted 1  with params [-5.76514393  0.67828461  0.40772977  1.09999938 -2.23637606]
at minimum 0.0401 accepted 1  with params [-6.          0.4713013   0.18452942  1.0426774  -2.14816877]
at minimum 0.0385 accepted 1  with params [-5.9999988   0.56252335  0.04917119  1.09999979 -2.47891231]
