./../runners.py:177: RuntimeWarning: invalid value encountered in multiply
  model_input = self.k*x_tm1
./../dsp_utils.py:9: RuntimeWarning: invalid value encountered in double_scalars
  self.state = 1./self.tau*x + (1-1./self.tau)*self.state
/scratch/ar2342/miconda3/envs/eb_hyperacuity3/lib/python3.9/site-packages/scipy/optimize/_numdiff.py:576: RuntimeWarning: invalid value encountered in subtract
  df = fun(x) - f0
at minimum 0.1033 accepted 1  with params [-4.50000016  0.40000006  0.05000005  1.00000001]
at minimum 0.2190 accepted 1  with params [-4.4971618   0.60478745  0.47880789  0.53306704]
at minimum 0.1544 accepted 1  with params [-4.8464255   0.90204012  0.5         0.50000003]
at minimum 0.0838 accepted 1  with params [-4.69562769  0.59291807  0.31801644  0.5       ]
at minimum 0.2277 accepted 1  with params [-4.4054596   0.09915112  0.42996675  0.52595609]
at minimum 0.0823 accepted 1  with params [-4.60569211  0.50370474  0.03592227  0.5       ]
at minimum 0.0648 accepted 1  with params [-4.67183356  0.20289179  0.01        0.80641783]
at minimum 0.3122 accepted 1  with params [-4.17630453  0.4486721   0.01        0.72887302]
at minimum 0.4816 accepted 0  with params [-3.69041127  0.34877287  0.45725738  0.5       ]
at minimum 0.4418 accepted 1  with params [-3.94621818  0.00530589  0.01        0.5       ]
at minimum 0.2255 accepted 1  with params [-4.15381208 -0.1         0.13391586  0.50000056]
at minimum 0.1833 accepted 1  with params [-4.14971207 -0.1         0.01        0.5       ]
at minimum 0.4729 accepted 1  with params [-4.05529953  0.21412049  0.01719912  0.68630021]
at minimum 0.1209 accepted 1  with params [-4.46135205  0.64643492  0.1298208   0.5       ]
at minimum 0.4678 accepted 1  with params [-4.20227229  0.99        0.5         0.5       ]
at minimum 0.4815 accepted 0  with params [-3.85616206  0.99        0.16622366  0.50000016]
at minimum 0.4817 accepted 1  with params [-3.86055015  0.99        0.36599399  0.5       ]
at minimum 0.8466 accepted 0  with params [-3.62503966  0.99        0.115478    0.74948507]
at minimum 0.6144 accepted 1  with params [-3.82505885  0.98999918  0.41197788  0.60065471]
at minimum 0.4719 accepted 1  with params [-4.1794556  0.99       0.5        0.5      ]
at minimum 0.4817 accepted 1  with params [-3.81778407  0.99        0.36824539  0.5       ]
at minimum 1.3223 accepted 1  with params [-3.8751818   0.90813077  0.31250349  0.99495593]
at minimum 1.0637 accepted 1  with params [-4.32809265  0.59642215  0.5         1.1       ]
at minimum 0.2878 accepted 1  with params [-4.56433348  0.39185682  0.5         1.1       ]
at minimum 0.5418 accepted 1  with params [-4.33528808  0.84930771  0.14266586  1.1       ]
at minimum 0.0966 accepted 1  with params [-4.61792701  0.53651252  0.01        1.1       ]
at minimum 0.0507 accepted 1  with params [-5.05467058  0.67565233  0.36618797  1.1       ]
at minimum 0.5863 accepted 0  with params [-4.71294238  0.98999984  0.5         0.79505642]
at minimum 0.0906 accepted 1  with params [-4.64789515  0.53400553  0.05420349  1.05270744]
at minimum 0.0660 accepted 1  with params [-4.54850152  0.04849155  0.18444128  0.76007186]
at minimum 0.3888 accepted 1  with params [-4.07122407  0.52847433  0.15876768  0.5       ]
at minimum 0.2715 accepted 1  with params [-4.54296429  0.9043197   0.01        0.86180284]
at minimum 0.5384 accepted 1  with params [-4.89561652  0.98999515  0.04779802  0.78486886]
at minimum 0.0636 accepted 1  with params [-4.85293857  0.62873358  0.44825189  0.5       ]
at minimum 0.5848 accepted 0  with params [-4.50668685  0.98999959  0.18271358  0.74272433]
at minimum 0.1061 accepted 1  with params [-4.5200106   0.49582379  0.2108218   0.50000004]
at minimum 0.4111 accepted 1  with params [-4.22810074  0.04066269  0.5         0.5       ]
at minimum 0.4744 accepted 0  with params [-3.89052942  0.33122621  0.04020234  0.5000001 ]
at minimum 0.0713 accepted 1  with params [-4.5582299  -0.05980766  0.24645755  0.50000005]
at minimum 0.1985 accepted 1  with params [-4.19005835 -0.1         0.01        0.82930962]
at minimum 0.4775 accepted 0  with params [-4.15250949 -0.1         0.09722793  1.05346945]
at minimum 0.0372 accepted 1  with params [-4.64118445 -0.1         0.33591654  1.1       ]
at minimum 0.0556 accepted 1  with params [-5.11263333 -0.1         0.24967406  1.1       ]
at minimum 0.0510 accepted 1  with params [-4.8341457  -0.02858899  0.04040992  1.1       ]
at minimum 0.0334 accepted 1  with params [-5.17999627  0.02436701  0.09867553  1.05063717]
at minimum 0.0769 accepted 1  with params [-5.57343764 -0.09999591  0.01000229  1.09999716]
at minimum 0.0633 accepted 1  with params [-5.85270588  0.01304597  0.30189976  0.86242171]
at minimum 0.0936 accepted 1  with params [-5.94589078 -0.09999856  0.06331216  1.1       ]
at minimum 0.0447 accepted 1  with params [-6.          0.18267296  0.41439792  1.1       ]
at minimum 0.0440 accepted 1  with params [-6.          0.38550857  0.41461738  0.91995451]
at minimum 0.0725 accepted 1  with params [-5.96528364  0.51829276  0.03593128  0.68484796]
at minimum 0.0662 accepted 1  with params [-6.          0.67561319  0.01000119  1.1       ]
at minimum 0.0779 accepted 1  with params [-6.          0.4593331   0.01        0.62620849]
at minimum 0.0971 accepted 1  with params [-5.84058314 -0.06222161  0.01        0.67835725]
at minimum 0.0839 accepted 1  with params [-5.30855099 -0.1         0.01        0.5       ]
at minimum 0.0812 accepted 1  with params [-5.60786332  0.01783127  0.01        0.77618368]
at minimum 0.0618 accepted 1  with params [-5.86980601 -0.09999756  0.36392097  0.99699462]
at minimum 0.0440 accepted 1  with params [-5.77216121 -0.09999897  0.49999931  1.09999891]
at minimum 0.0849 accepted 1  with params [-6.         -0.1         0.29655236  0.83680834]
at minimum 0.0776 accepted 1  with params [-6.         -0.02897154  0.49999753  0.57110193]
at minimum 0.0484 accepted 1  with params [-5.59082812 -0.09999934  0.5         0.57707651]
at minimum 0.0631 accepted 1  with params [-5.73070628 -0.1         0.5         0.5       ]
at minimum 0.0393 accepted 1  with params [-5.51691139  0.42981443  0.5         0.50000017]
at minimum 0.0642 accepted 1  with params [-6.          0.42146788  0.5         0.5       ]
at minimum 0.0424 accepted 1  with params [-5.64878156  0.78843319  0.5         0.71920569]
at minimum 0.0492 accepted 1  with params [-5.74913345  0.46314086  0.5         0.5       ]
at minimum 0.0394 accepted 1  with params [-5.42778453  0.2554289   0.5         0.5       ]
at minimum 0.0454 accepted 1  with params [-5.12967743  0.44777417  0.49999934  0.74160902]
at minimum 0.0306 accepted 1  with params [-4.82917899  0.24335424  0.5         0.86999975]
at minimum 0.0424 accepted 1  with params [-4.68463984 -0.1         0.5         0.56693943]
at minimum 0.0410 accepted 1  with params [-4.83253324  0.25408798  0.5         0.5       ]
at minimum 0.1017 accepted 1  with params [-4.58360593  0.0179327   0.5         0.5       ]
at minimum 0.3900 accepted 1  with params [-4.14474785 -0.1         0.26763362  0.53576025]
at minimum 0.1317 accepted 1  with params [-4.20213493 -0.1         0.01000012  0.5       ]
at minimum 0.4753 accepted 1  with params [-3.95267623  0.04799163  0.01927843  0.53641913]
at minimum 0.1484 accepted 1  with params [-4.2541138   0.37024018  0.01        0.5       ]
at minimum 0.4503 accepted 0  with params [-4.13576643  0.6628949   0.43386439  0.5       ]
at minimum 0.4694 accepted 0  with params [-3.93205651  0.54250927  0.01        0.5       ]
at minimum 0.4593 accepted 1  with params [-4.09193289  0.46982758  0.37880576  0.5       ]
at minimum 0.2700 accepted 1  with params [-4.46945239  0.47906656  0.41480078  0.81349724]
at minimum 0.0736 accepted 1  with params [-4.87058646 -0.02133745  0.40294037  1.07282301]
at minimum 0.0304 accepted 1  with params [-4.72654469 -0.1         0.30298437  0.68317769]
at minimum 0.0413 accepted 1  with params [-5.21311683  0.16699168  0.5         0.5       ]
at minimum 0.0414 accepted 1  with params [-5.04585767 -0.1         0.21443223  0.5       ]
at minimum 0.0578 accepted 1  with params [-4.90045508 -0.1         0.01        1.02756334]
at minimum 0.0588 accepted 1  with params [-4.54209662 -0.1         0.25444093  0.79969264]
at minimum 0.0613 accepted 1  with params [-4.83765458 -0.1         0.01        0.7588347 ]
at minimum 0.0578 accepted 1  with params [-5.05944018 -0.01154355  0.01        1.0660397 ]
at minimum 0.0596 accepted 1  with params [-4.77583994  0.0849406   0.01        0.85588638]
at minimum 0.0623 accepted 1  with params [-4.79442771  0.29225988  0.01        0.98613594]
at minimum 0.0587 accepted 1  with params [-4.96553213  0.28557461  0.01        1.1       ]
at minimum 0.0762 accepted 1  with params [-4.57257401  0.37277042  0.01000144  0.70292858]
at minimum 0.1032 accepted 1  with params [-4.79159217  0.81083442  0.01        0.74493112]
at minimum 0.0570 accepted 1  with params [-5.1471494   0.33740595  0.12988777  0.50000045]
at minimum 0.0283 accepted 1  with params [-5.08270993  0.1731134   0.12608448  0.99663293]
at minimum 0.0583 accepted 1  with params [-4.77429662 -0.09781981  0.01        1.08221343]
at minimum 0.1212 accepted 1  with params [-4.59702922  0.02530154  0.49999986  1.09999983]
at minimum 0.4808 accepted 1  with params [-4.39382214 -0.09951565  0.5         0.84990603]
at minimum 0.0919 accepted 1  with params [-4.57608889 -0.09999872  0.49999942  0.5       ]
at minimum 0.0343 accepted 1  with params [-4.83281179 -0.1         0.4999999   0.50000012]
at minimum 0.0356 accepted 1  with params [-4.96965018  0.15333329  0.32413733  0.80326962]
at minimum 0.1078 accepted 0  with params [-4.59851022  0.76169685  0.01        0.56001928]
at minimum 0.0304 accepted 1  with params [-4.71878394 -0.1         0.5         0.95477084]
at minimum 0.5485 accepted 1  with params [-4.3235925  -0.09999697  0.5         0.72399812]
at minimum 0.0358 accepted 1  with params [-4.85484389  0.37418815  0.5         0.6273042 ]
at minimum 0.0420 accepted 1  with params [-5.1281267   0.04000459  0.49999272  0.50000029]
at minimum 0.0762 accepted 1  with params [-5.72611581  0.35356542  0.13916638  0.50000001]
at minimum 0.0735 accepted 1  with params [-5.84107956  0.39488755  0.22355463  0.50000187]
at minimum 0.0739 accepted 1  with params [-5.99819589  0.76832381  0.01        0.68983064]
at minimum 0.0698 accepted 1  with params [-5.55941175  0.71962361  0.01        1.03247251]
at minimum 0.0571 accepted 1  with params [-5.09463195  0.21143852  0.01        1.1       ]
at minimum 0.0587 accepted 1  with params [-5.43936316  0.31148908  0.01        1.1       ]
at minimum 0.0987 accepted 1  with params [-5.86113613 -0.09999998  0.08247957  0.57234909]
at minimum 0.0712 accepted 1  with params [-5.50750267  0.02868703  0.17222647  0.50000001]
at minimum 0.0810 accepted 1  with params [-5.68748058  0.41986128  0.01        0.50000004]
at minimum 0.0745 accepted 1  with params [-5.69296034  0.32870529  0.15869389  0.50000201]
at minimum 0.0767 accepted 1  with params [-6.          0.559127    0.14863403  0.5       ]
at minimum 0.0752 accepted 1  with params [-5.6075744   0.47197362  0.01        0.57355773]
at minimum 0.0784 accepted 1  with params [-5.02358027  0.72021457  0.01        0.5       ]
at minimum 0.0768 accepted 1  with params [-5.58987555  0.60690746  0.01        0.50000035]
at minimum 0.0700 accepted 1  with params [-5.35446262  0.72415161  0.03619346  1.06749635]
at minimum 0.1578 accepted 1  with params [-5.38953641  0.92817706  0.42941465  1.1       ]
at minimum 0.0411 accepted 1  with params [-5.50682803  0.5542329   0.5         1.00508687]
at minimum 0.0376 accepted 1  with params [-5.52303617  0.64143431  0.2120338   1.09999625]
at minimum 0.4292 accepted 1  with params [-5.03664147  0.98998526  0.21910909  0.74763112]
at minimum 0.0841 accepted 1  with params [-5.40523803  0.91074002  0.5         0.5       ]
at minimum 0.2536 accepted 1  with params [-5.91645354  0.99        0.32393506  0.5       ]
at minimum 0.0470 accepted 1  with params [-6.          0.48687016  0.5         0.71212426]
at minimum 0.2526 accepted 0  with params [-6.          0.96833645  0.32158243  0.97875077]
at minimum 0.0504 accepted 1  with params [-5.69816188  0.78360092  0.49999865  0.53720457]
at minimum 0.2545 accepted 1  with params [-5.63358822  0.99        0.34682126  0.5       ]
at minimum 0.2511 accepted 1  with params [-6.    0.99  0.5   0.5 ]
at minimum 0.2507 accepted 1  with params [-6.    0.99  0.5   0.5 ]
at minimum 0.0646 accepted 1  with params [-5.56936787  0.53067768  0.01        0.82035362]
at minimum 0.0373 accepted 1  with params [-5.57469681  0.12637143  0.46118345  1.1       ]
at minimum 0.0401 accepted 1  with params [-5.20380304  0.52034559  0.41116215  0.82520271]
at minimum 0.0607 accepted 1  with params [-5.60944705  0.35093511  0.01        1.1       ]
at minimum 0.0869 accepted 1  with params [-5.76923749 -0.08439593  0.01        1.1       ]
at minimum 0.0986 accepted 0  with params [-5.89952736 -0.09999914  0.01000039  0.86712561]
at minimum 0.0769 accepted 1  with params [-5.23227662  0.02134062  0.01        0.54205131]
at minimum 0.0812 accepted 1  with params [-5.64250487  0.38483519  0.01        0.5       ]
at minimum 0.0567 accepted 1  with params [-6.          0.50082935  0.5         0.57247357]
at minimum 0.0330 accepted 1  with params [-5.83192401  0.34523927  0.49999975  0.84070869]
at minimum 0.1893 accepted 1  with params [-5.68490058  0.94816565  0.5         1.1       ]
at minimum 0.0590 accepted 1  with params [-5.85266844  0.68152071  0.11626277  1.1       ]
at minimum 0.1129 accepted 1  with params [-6.          0.90470944  0.01566147  0.91572212]
at minimum 0.0806 accepted 1  with params [-5.98169033  0.79863163  0.01000331  0.50000406]
at minimum 0.2590 accepted 1  with params [-6.    0.99  0.01  0.5 ]
at minimum 0.1034 accepted 1  with params [-6.          0.92650881  0.0100009   0.5       ]
at minimum 0.2590 accepted 1  with params [-6.    0.99  0.01  0.5 ]
at minimum 0.1147 accepted 1  with params [-6.        0.943625  0.01      0.5     ]
at minimum 0.1362 accepted 1  with params [-5.99857886  0.96360107  0.35366825  0.50166496]
at minimum 0.2733 accepted 1  with params [-5.43063166  0.98999989  0.01        0.50000006]
at minimum 0.0452 accepted 1  with params [-5.92245521  0.64639112  0.5         0.66763575]
at minimum 0.6603 accepted 1  with params [-5.4662658   0.99        0.5         1.09999545]
at minimum 0.1245 accepted 1  with params [-5.0290283   0.91344521  0.27315748  0.65201488]
at minimum 0.8380 accepted 0  with params [-4.85640777  0.99        0.5         1.09953734]
at minimum 0.2031 accepted 1  with params [-4.73373742  0.73629009  0.49999956  1.1       ]
at minimum 0.6377 accepted 0  with params [-5.40888407  0.99        0.5         1.06613729]
at minimum 0.0701 accepted 1  with params [-5.26326426  0.70819164  0.01        0.71518156]
at minimum 0.0811 accepted 1  with params [-5.30714869  0.028793    0.01        0.5       ]
at minimum 0.0638 accepted 1  with params [-5.44782924  0.53135824  0.01        0.80843382]
at minimum 0.8256 accepted 0  with params [-5.06252688  0.99        0.01        1.1       ]
at minimum 0.0631 accepted 1  with params [-5.47491319  0.12661636  0.01        1.1       ]
at minimum 0.0603 accepted 1  with params [-5.22310472 -0.01551385  0.01        1.1       ]
at minimum 0.0642 accepted 1  with params [-4.58844153 -0.1         0.01        0.80422355]
at minimum 0.0332 accepted 1  with params [-4.75162152  0.11448294  0.23692379  0.77757236]
at minimum 0.0658 accepted 1  with params [-5.35513496  0.12675256  0.4741517   0.90071661]
at minimum 0.0624 accepted 1  with params [-5.93228184 -0.1         0.39475469  1.1       ]
at minimum 0.0815 accepted 1  with params [-5.7802089  -0.01468642  0.01        1.1       ]
at minimum 0.0718 accepted 1  with params [-5.85941152  0.26544762  0.01        0.95638029]
at minimum 0.0773 accepted 1  with params [-5.2249829   0.72312067  0.01000179  1.09999763]
at minimum 0.0763 accepted 1  with params [-5.44102696  0.78989055  0.01000001  0.83944143]
at minimum 0.2515 accepted 1  with params [-5.90413973  0.99        0.5         0.5       ]
at minimum 0.5167 accepted 0  with params [-6.          0.98999584  0.5         0.94186575]
at minimum 0.0421 accepted 1  with params [-5.5452913   0.64949778  0.5         0.5       ]
at minimum 0.0320 accepted 1  with params [-6.          0.64971499  0.49999775  1.09999773]
at minimum 0.0628 accepted 1  with params [-6.          0.48973664  0.01000485  1.09999407]
at minimum 0.0446 accepted 1  with params [-6.          0.66233082  0.32925643  1.1       ]
at minimum 0.0774 accepted 1  with params [-5.78677173  0.87902289  0.5         1.02240008]
at minimum 0.0514 accepted 1  with params [-5.45841212  0.69557963  0.1392577   1.09999766]./../fitting_utils.py:28: RuntimeWarning: Mean of empty slice
  pooling_fun = lambda x,y: np.nanmean((x-y)**2)

at minimum 0.1399 accepted 1  with params [-5.63406045  0.92022565  0.01000265  0.98449989]
at minimum 0.0387 accepted 1  with params [-5.92183213  0.42827928  0.36542877  0.96123218]
at minimum 0.2896 accepted 1  with params [-6.         0.99       0.5        0.5805769]
at minimum 0.6443 accepted 1  with params [-6.          0.99        0.49999368  1.1       ]
at minimum 0.0903 accepted 1  with params [-5.93653198  0.8522052   0.1372061   1.07436337]
at minimum 0.4270 accepted 1  with params [-5.78668757  0.98999984  0.12750902  0.79027515]
at minimum 0.1257 accepted 1  with params [-6.          0.94734364  0.01        0.59574993]
at minimum 0.0849 accepted 1  with params [-5.32484173  0.7885045   0.01        1.05628095]
at minimum 0.0854 accepted 1  with params [-5.61931756  0.85935521  0.01        0.55234769]
at minimum 0.2591 accepted 1  with params [-6.    0.99  0.01  0.5 ]
at minimum 0.4517 accepted 1  with params [-6.          0.99        0.41919018  0.84864772]
at minimum 0.0488 accepted 1  with params [-5.46331023  0.64085326  0.5         1.00917218]
at minimum 0.0463 accepted 1  with params [-6.          0.06961556  0.5         1.1       ]
at minimum 0.0266 accepted 1  with params [-5.71865141  0.23436883  0.5         1.06039395]
at minimum 0.0465 accepted 1  with params [-5.94260186  0.68585234  0.35024429  0.87944888]
at minimum 0.0803 accepted 1  with params [-6.          0.46142343  0.01        0.56922563]
at minimum 0.0705 accepted 1  with params [-6.          0.72918642  0.01        1.1       ]
at minimum 0.3463 accepted 1  with params [-6.          0.99        0.35583751  0.68054335]
at minimum 0.2680 accepted 1  with params [-5.57443393  0.99        0.01        0.5       ]
at minimum 0.2674 accepted 1  with params [-5.5826058  0.99       0.01       0.5      ]
at minimum 0.1164 accepted 1  with params [-5.20246455  0.46895938  0.5         1.1       ]
at minimum 0.0870 accepted 1  with params [-5.00343876  0.32777998  0.48149288  1.07120121]
at minimum 0.9742 accepted 1  with params [-4.58717943  0.98079178  0.5         1.1       ]
at minimum 0.9512 accepted 1  with params [-4.4067571   0.99        0.37904252  0.95923275]
at minimum 0.4203 accepted 1  with params [-4.23262415  0.54012123  0.5         0.5       ]
at minimum 0.4818 accepted 0  with params [-3.48443028  0.27638281  0.35223828  0.5       ]
at minimum 0.3105 accepted 1  with params [-4.80762418  0.98999999  0.5         0.5000005 ]
at minimum 0.4315 accepted 1  with params [-4.61583647  0.99        0.49999036  0.59302623]
at minimum 0.0379 accepted 1  with params [-5.25462174  0.42640593  0.49999954  0.5       ]
at minimum 0.0586 accepted 1  with params [-4.98453224  0.20705805  0.01        0.89050856]
at minimum 0.0826 accepted 1  with params [-4.69982284  0.63641812  0.01000001  0.5       ]
at minimum 0.3378 accepted 1  with params [-4.68450077  0.99        0.5         0.5       ]
at minimum 0.3666 accepted 0  with params [-4.5303109   0.98999999  0.12164352  0.50000003]
at minimum 0.2576 accepted 1  with params [-5.43567092  0.99        0.49999933  0.50000073]
at minimum 0.1199 accepted 1  with params [-5.28106679  0.94323356  0.5         0.5       ]
at minimum 0.0721 accepted 1  with params [-5.47060518  0.2718943   0.10196024  0.5       ]
at minimum 0.0396 accepted 1  with params [-5.54858924  0.41299394  0.5         1.05839444]
at minimum 0.2036 accepted 0  with params [-5.45105909  0.94784925  0.5         1.1       ]
at minimum 0.0558 accepted 1  with params [-5.76038135  0.52676652  0.09344877  0.97368193]
at minimum 0.0297 accepted 1  with params [-5.7213296  0.1417448  0.5        1.1      ]
at minimum 0.0633 accepted 1  with params [-5.10258463 -0.1         0.5         0.67460994]
at minimum 0.0417 accepted 1  with params [-4.82122642  0.20925942  0.5         1.1       ]
at minimum 0.0223 accepted 1  with params [-5.36178625  0.30834761  0.25907268  1.09999761]
at minimum 0.0589 accepted 1  with params [-5.22749539  0.37272296  0.01        0.93970458]
at minimum 0.2933 accepted 1  with params [-5.0832122   0.99        0.04584818  0.5       ]
at minimum 0.0690 accepted 1  with params [-5.69543116  0.63514878  0.16559735  0.5       ]
at minimum 0.0794 accepted 1  with params [-6.          0.1301627   0.01000693  1.1       ]
at minimum 0.0383 accepted 1  with params [-5.48373521 -0.1         0.19845689  1.1       ]
at minimum 0.0629 accepted 1  with params [-4.99670365  0.02709849  0.01        0.73770567]
at minimum 0.0527 accepted 1  with params [-5.53209111  0.77487737  0.46923897  1.1       ]
at minimum 0.0369 accepted 1  with params [-5.67167513  0.45889148  0.19251039  1.1       ]
at minimum 0.0584 accepted 1  with params [-5.13389654e+00  1.22910684e-03  1.00000000e-02  1.10000000e+00]
at minimum 0.0339 accepted 1  with params [-4.67205373 -0.09999981  0.49999991  0.87475566]
at minimum 0.0764 accepted 1  with params [-4.78849988  0.60651482  0.5         0.5       ]
at minimum 0.0520 accepted 1  with params [-4.86806988  0.53582083  0.5         0.5       ]
at minimum 0.0810 accepted 1  with params [-5.46608575  0.81150209  0.01000001  0.50438195]
at minimum 0.3835 accepted 1  with params [-4.99339485  0.99        0.01        0.61242016]
at minimum 0.4463 accepted 1  with params [-4.28603507  0.99        0.05483523  0.5       ]
at minimum 0.4816 accepted 1  with params [-3.80105708  0.96688551  0.01        0.5       ]
at minimum inf accepted 0  with params [-3.14718737  0.99        0.01        0.5       ]
at minimum 0.1763 accepted 1  with params [-3.28015768  0.99        0.24768386  0.5       ]
at minimum 0.6428 accepted 1  with params [-3.    0.99  0.01  0.5 ]
at minimum 0.1950 accepted 1  with params [-3.         0.9691796  0.01       0.5      ]
at minimum 0.4817 accepted 0  with params [-3.46689787  0.40977291  0.01        0.5       ]
at minimum 0.0936 accepted 1  with params [-5.99999856  0.90071789  0.01        0.5       ]
at minimum 0.3542 accepted 1  with params [-5.85696068  0.99        0.5         0.699276  ]
at minimum 0.0477 accepted 1  with params [-5.58929394  0.25754444  0.44871514  0.5       ]
at minimum 0.0779 accepted 1  with params [-5.84410987  0.2629259   0.10202391  0.6348771 ]
at minimum 0.0651 accepted 1  with params [-5.12262372 -0.1         0.01874554  0.75832278]
at minimum 0.0363 accepted 1  with params [-4.9405313   0.34138484  0.5         0.50612758]
at minimum 0.1368 accepted 1  with params [-5.00576396 -0.04837524  0.5         1.04915636]
at minimum 0.0727 accepted 1  with params [-5.50955989 -0.08064924  0.49999672  1.09999599]
at minimum 0.0510 accepted 1  with params [-4.91519616  0.62167577  0.5         1.1       ]
at minimum 0.0387 accepted 1  with params [-5.13540464  0.27372095  0.5         0.5       ]
at minimum 0.1457 accepted 1  with params [-4.29389608 -0.09999995  0.01        1.1       ]
at minimum 0.5004 accepted 1  with params [-4.11620835 -0.1         0.05521044  1.04628822]
at minimum 0.9403 accepted 1  with params [-4.3449081   0.12453597  0.5         1.1       ]
at minimum 0.4647 accepted 1  with params [-4.14352358  0.49837472  0.08012491  0.77535909]
at minimum 0.0446 accepted 1  with params [-4.97878593  0.25151716  0.49999868  0.80612454]
at minimum 0.1058 accepted 1  with params [-5.26977846  0.36957353  0.5         1.02724358]
at minimum 0.0939 accepted 1  with params [-4.4657006   0.09972032  0.16147467  0.54600908]
at minimum 0.4770 accepted 0  with params [-4.13915395 -0.1         0.5         0.51593104]
at minimum 0.4788 accepted 1  with params [-3.9549161   0.85878561  0.29457419  0.5000026 ]
at minimum 1.1827 accepted 1  with params [-3.52801431  0.04581811  0.49999974  0.92782648]
at minimum 100000000000000000000.0000 accepted 0  with params [-3.          0.07158191  0.23172379  0.64857961]
at minimum inf accepted 0  with params [-3.05060729  0.11577082  0.5         1.07688084]
at minimum 1.5616 accepted 1  with params [-3.72748507 -0.1         0.47684558  1.1       ]
at minimum 0.0252 accepted 1  with params [-5.12944663  0.17978469  0.18413867  0.88676906]
at minimum 0.3369 accepted 0  with params [-4.33941114  0.71745845  0.01        1.1       ]
at minimum 0.1620 accepted 1  with params [-4.69359696  0.63545915  0.5         1.0141858 ]
at minimum 0.4137 accepted 1  with params [-4.42649593  0.99        0.5         0.5       ]
at minimum 0.4647 accepted 1  with params [-4.21563727  0.99        0.49999895  0.50000129]
at minimum 0.3150 accepted 1  with params [-4.73698093  0.98790721  0.49999952  0.5       ]
at minimum 1.0421 accepted 0  with params [-4.15199574  0.76803964  0.38895914  0.92276052]
at minimum 0.4155 accepted 1  with params [-4.44269145  0.99        0.01        0.5       ]
at minimum 0.2453 accepted 1  with params [-4.14165924  0.3839344   0.01        0.5       ]
at minimum 0.1608 accepted 1  with params [-4.66786777  0.92513521  0.01        0.50000039]
at minimum 0.0512 accepted 1  with params [-5.03111835  0.59730573  0.26217241  0.5       ]
at minimum 0.0371 accepted 1  with params [-5.32672964  0.31208681  0.46017241  0.5308819 ]
at minimum 0.0655 accepted 1  with params [-6.          0.38885644  0.5         0.5       ]
at minimum 0.0746 accepted 1  with params [-5.38564736 -0.02881803  0.10548616  0.5       ]
at minimum 0.0779 accepted 1  with params [-5.7930805   0.67374838  0.01000001  0.5       ]
at minimum 0.0390 accepted 1  with params [-6.          0.20208733  0.48376929  1.1       ]
at minimum 0.0573 accepted 1  with params [-6.          0.66935511  0.15780685  1.1       ]
at minimum 0.6912 accepted 0  with params [-5.69641901  0.99        0.01        1.1       ]
at minimum 0.0627 accepted 1  with params [-5.25733347  0.12165766  0.01        0.89080876]
at minimum 0.0548 accepted 1  with params [-5.20753438  0.18119152  0.2960053   1.1       ]
at minimum 0.0447 accepted 1  with params [-5.49584115 -0.1         0.49375293  0.57269847]
at minimum 0.0402 accepted 1  with params [-6.          0.7310095   0.5         0.93549269]
at minimum 0.1016 accepted 1  with params [-6.         -0.02463823  0.02205161  0.58452854]
at minimum 0.0978 accepted 1  with params [-5.7657454  -0.1         0.01067431  0.61151533]
at minimum 0.0660 accepted 1  with params [-5.01136363  0.18651167  0.05756155  0.5       ]
at minimum 0.0950 accepted 1  with params [-5.81595884 -0.07678241  0.01        0.76320318]
at minimum 0.0706 accepted 1  with params [-5.43293145 -0.09999959  0.01000022  1.09575797]
at minimum 0.0877 accepted 1  with params [-5.82770206 -0.06813802  0.17239546  0.61455948]
at minimum 0.0694 accepted 1  with params [-5.99999969  0.51007243  0.35858082  0.50000011]
at minimum 0.0946 accepted 1  with params [-5.58380567  0.93160746  0.5         0.5       ]
at minimum 0.0328 accepted 1  with params [-5.57890511  0.41040465  0.5         1.02374456]
at minimum 0.0875 accepted 1  with params [-5.94286718  0.87247721  0.01        0.50000191]
at minimum 0.0555 accepted 1  with params [-5.23626405  0.12284315  0.15745749  0.5       ]
