./../runners.py:177: RuntimeWarning: invalid value encountered in multiply
  model_input = self.k*x_tm1
./../dsp_utils.py:9: RuntimeWarning: invalid value encountered in double_scalars
  self.state = 1./self.tau*x + (1-1./self.tau)*self.state
/scratch/ar2342/miconda3/envs/eb_hyperacuity3/lib/python3.9/site-packages/scipy/optimize/_numdiff.py:576: RuntimeWarning: invalid value encountered in subtract
  df = fun(x) - f0
at minimum 0.0899 accepted 1  with params [-4.50000016  0.39999995  0.05        0.99999995]
at minimum 0.0934 accepted 1  with params [-4.59144075  0.61153844  0.01000318  1.0564261 ]
at minimum 0.2027 accepted 1  with params [-4.67036476  0.88987793  0.01000004  1.09999995]
at minimum 0.8481 accepted 1  with params [-4.43085711  0.99        0.01        0.81907399]
at minimum 0.2862 accepted 1  with params [-4.88367228  0.99        0.13602079  0.50000037]
at minimum 0.2765 accepted 1  with params [-4.98383448  0.98999952  0.49909348  0.5       ]
at minimum 0.0143 accepted 1  with params [-5.33512342  0.78173533  0.5         0.71234727]
at minimum 0.0310 accepted 1  with params [-4.88167419  0.60470393  0.49999936  1.09999985]
at minimum 0.4143 accepted 0  with params [-5.10896691  0.98075662  0.29880424  1.01029922]
at minimum 0.5740 accepted 1  with params [-4.89747902  0.99        0.33932692  0.93433509]
at minimum 0.0703 accepted 1  with params [-4.79200211  0.68060485  0.01280985  0.73927922]
at minimum 0.0740 accepted 1  with params [-4.96997126  0.81718409  0.01        0.55846895]
at minimum 0.0229 accepted 1  with params [-5.26281186  0.69975266  0.43228478  0.50000361]
at minimum 0.0239 accepted 1  with params [-5.51841417  0.21482281  0.5         0.56968134]
at minimum 0.0601 accepted 1  with params [-5.17683718  0.18683377  0.01        0.93962902]
at minimum 0.0629 accepted 1  with params [-5.6345741   0.59055129  0.01        0.88786474]
at minimum 0.0676 accepted 1  with params [-5.24038552  0.65512192  0.0100014   0.54806792]
at minimum 0.0332 accepted 1  with params [-5.3717309   0.53960836  0.30542344  0.50000111]
at minimum 0.0735 accepted 1  with params [-5.20990286  0.81123023  0.01000154  0.87809151]
at minimum 0.2278 accepted 1  with params [-4.887901    0.98082192  0.02699892  0.5       ]
at minimum 0.2955 accepted 1  with params [-4.98433127  0.99        0.01        0.50000005]
at minimum 0.2789 accepted 1  with params [-5.12474024  0.99        0.01000003  0.50000004]
at minimum 0.2500 accepted 1  with params [-5.4899104   0.98983394  0.01        0.50009141]
at minimum 0.2552 accepted 1  with params [-5.43625786  0.99        0.01        0.5       ]
at minimum 0.2533 accepted 1  with params [-5.06484267  0.98999887  0.2595555   0.50000062]
at minimum 0.2451 accepted 1  with params [-5.28809776  0.99        0.40520609  0.5102099 ]
at minimum 0.0297 accepted 1  with params [-5.37214697  0.71224388  0.37767517  0.5       ]
at minimum 0.5211 accepted 0  with params [-5.24601503  0.98999899  0.39144777  0.9511953 ]
at minimum 0.4427 accepted 0  with params [-4.99469253  0.99        0.03265625  0.71123323]
at minimum 0.2331 accepted 0  with params [-5.54734231  0.99        0.40187264  0.5       ]
at minimum 0.0435 accepted 1  with params [-5.8441465   0.77314074  0.5         0.5       ]
at minimum 0.0513 accepted 1  with params [-5.61356314  0.45231529  0.25131175  0.5       ]
at minimum 0.0729 accepted 1  with params [-5.73887942  0.60840577  0.01431475  0.5       ]
at minimum 0.0732 accepted 1  with params [-5.44690833  0.40717555  0.01        0.5       ]
at minimum 0.0799 accepted 1  with params [-5.593183    0.18362338  0.01000013  0.50000016]
at minimum 0.0738 accepted 1  with params [-5.74387042  0.11981113  0.18292556  0.5       ]
at minimum 0.0248 accepted 1  with params [-5.54107895  0.61239379  0.5         0.50303631]
at minimum 0.0538 accepted 1  with params [-5.94621025  0.22891786  0.26879819  0.91397902]
at minimum 0.0348 accepted 1  with params [-5.84014813  0.23833058  0.32745682  0.97109354]
at minimum 0.0348 accepted 1  with params [-5.89467737 -0.05355934  0.5         1.1       ]
at minimum 0.0609 accepted 1  with params [-5.92318081 -0.1         0.28306815  1.1       ]
at minimum 0.0241 accepted 1  with params [-5.71648067  0.03629618  0.5         0.88789823]
at minimum 0.0574 accepted 1  with params [-5.22681469  0.24231253  0.05936962  0.65486217]
at minimum 0.0708 accepted 1  with params [-4.96526076 -0.1         0.01        0.5       ]
at minimum 0.0171 accepted 1  with params [-4.97022612  0.16943247  0.43798651  0.5       ]
at minimum 0.0516 accepted 1  with params [-4.69985295  0.22736083  0.5         0.5       ]
at minimum 0.0627 accepted 1  with params [-4.68516991  0.48839097  0.23977421  0.50000115]
at minimum 0.1629 accepted 1  with params [-4.55125189  0.0352718   0.5         0.84210692]
at minimum 1.2504 accepted 0  with params [-4.19430851  0.13078496  0.5         1.01761713]
at minimum 0.4098 accepted 1  with params [-4.45104982  0.01791152  0.5         0.87455164]
at minimum 0.8093 accepted 1  with params [-4.34149613e+00  4.52727065e-04  4.45104770e-01  1.09999861e+00]
at minimum 1.6159 accepted 0  with params [-3.88342689  0.36776986  0.4999991   1.1       ]
at minimum 0.1690 accepted 1  with params [-4.53435674 -0.09667693  0.49999786  0.92309759]
at minimum 0.1209 accepted 1  with params [-4.58099417  0.08659109  0.49902396  0.78348087]
at minimum 0.0104 accepted 1  with params [-5.02062239  0.47937964  0.5         0.71255219]
at minimum 0.0816 accepted 1  with params [-4.62871955  0.20939236  0.5         0.5       ]
at minimum 0.1237 accepted 1  with params [-4.61018944  0.53398587  0.5         0.50000088]
at minimum 0.0169 accepted 1  with params [-5.09121178  0.31627327  0.49999998  0.50000003]
at minimum 0.0577 accepted 1  with params [-4.72218094  0.39809859  0.5         0.5363829 ]
at minimum 0.0174 accepted 1  with params [-4.90509341 -0.06482953  0.5         0.50000048]
at minimum 0.0467 accepted 1  with params [-4.73847267  0.41614321  0.49999791  0.65998096]
at minimum 0.2360 accepted 1  with params [-4.62548361  0.77422928  0.5         0.73604052]
at minimum 0.0736 accepted 1  with params [-4.6956355   0.58816597  0.38985426  0.50000001]
at minimum 0.1936 accepted 1  with params [-4.56816867  0.94239332  0.01137409  0.52013381]
at minimum 1.0664 accepted 0  with params [-4.49873622  0.98998928  0.01000476  0.98435648]
at minimum 0.0751 accepted 1  with params [-4.51653835  0.51114893  0.01        0.66532881]
at minimum 0.0569 accepted 1  with params [-4.6336718   0.22925566  0.23042999  0.5       ]
at minimum 0.3156 accepted 0  with params [-4.37757649  0.35519139  0.5         0.5       ]
at minimum 0.2597 accepted 1  with params [-4.55021912  0.38410961  0.5         0.92082545]
at minimum 1.4797 accepted 0  with params [-4.20115958  0.82766412  0.5         1.09999998]
at minimum 0.3129 accepted 1  with params [-4.54031013  0.34284925  0.5         1.1       ]
at minimum 0.0714 accepted 1  with params [-4.53184325  0.01700315  0.02880212  1.1       ]
at minimum 0.0158 accepted 1  with params [-4.82604729  0.1900023   0.30745493  1.1       ]
at minimum 0.1002 accepted 1  with params [-4.3983727   0.55922021  0.01        0.7199963 ]
at minimum 0.8151 accepted 0  with params [-4.67025643  0.99        0.43752807  1.00819764]
at minimum 0.1233 accepted 1  with params [-4.88794314  0.89442516  0.49999994  0.50000007]
at minimum 0.0217 accepted 1  with params [-5.08126673  0.62721346  0.5         0.5       ]
at minimum 0.0226 accepted 1  with params [-5.02193545  0.48020865  0.21179577  0.68649083]
at minimum 0.1961 accepted 1  with params [-4.56684767  0.42984835  0.5         0.77963879]
at minimum 0.0208 accepted 1  with params [-5.05524838  0.19072232  0.4999996   0.65277425]
at minimum 0.0261 accepted 1  with params [-5.47421976 -0.05591801  0.5         0.64217731]
at minimum 0.0214 accepted 1  with params [-5.0940839  -0.1         0.35730294  0.5       ]
at minimum 0.0273 accepted 1  with params [-5.08988588 -0.1         0.5         0.56063836]
at minimum 0.0817 accepted 1  with params [-5.42439001 -0.1         0.01        0.5       ]
at minimum 0.0587 accepted 1  with params [-4.87447879 -0.1         0.07311368  0.50000038]
at minimum 0.0606 accepted 1  with params [-5.03847493 -0.1         0.01        1.05107629]
at minimum 0.0649 accepted 1  with params [-4.75731489  0.37580817  0.01        0.95787061]
at minimum 0.0753 accepted 1  with params [-4.61267019  0.32996823  0.01000146  1.09999822]
at minimum 0.0655 accepted 1  with params [-4.83112426  0.57439594  0.01        0.82451632]
at minimum 0.0586 accepted 1  with params [-4.657472    0.39285524  0.33500774  0.85898875]
at minimum 0.1027 accepted 1  with params [-4.31976411  0.16146772  0.01000199  0.87292691]
at minimum 1.4057 accepted 0  with params [-3.86668703  0.06932992  0.01        1.01978018]
at minimum 0.5590 accepted 0  with params [-3.82706727  0.16337016  0.01        0.54595879]
at minimum 0.0837 accepted 1  with params [-4.3436891  -0.07600597  0.01        0.84796474]
at minimum 0.0689 accepted 1  with params [-4.78602151 -0.1         0.01        0.5       ]
at minimum 0.0694 accepted 1  with params [-4.51274476 -0.09999961  0.27296696  0.65151947]
at minimum 1.5896 accepted 0  with params [-4.01668812 -0.09999969  0.40689371  1.1       ]
at minimum 0.0782 accepted 1  with params [-4.5263747   0.38019556  0.01        0.96438896]
at minimum 0.0628 accepted 1  with params [-4.9795371   0.56392328  0.0100037   0.83772426]
at minimum 0.0987 accepted 0  with params [-5.22256213  0.87862368  0.08991183  1.09999797]
at minimum 0.0510 accepted 1  with params [-5.35524746  0.44493102  0.47561793  1.09999342]
at minimum 0.0411 accepted 1  with params [-5.67215527 -0.02545832  0.49999995  0.54360357]
at minimum 0.0185 accepted 1  with params [-5.19764037  0.37251566  0.38698199  0.5       ]
at minimum 0.0333 accepted 1  with params [-5.48569262 -0.05097826  0.4609763   0.5000004 ]
at minimum 0.0371 accepted 1  with params [-5.56847516 -0.00776678  0.5         0.5       ]
at minimum 0.0175 accepted 1  with params [-5.15346842  0.32862294  0.5         0.5       ]
at minimum 0.2055 accepted 1  with params [-4.55125563  0.09988967  0.5         1.1       ]
at minimum 0.9585 accepted 1  with params [-4.0455639  -0.09999885  0.14501834  0.99552483]
at minimum 0.9545 accepted 1  with params [-3.61591636 -0.07868211  0.01        0.79077509]
at minimum 0.3839 accepted 1  with params [-4.06788847  0.16410968  0.16147025  0.5       ]
at minimum 1.2442 accepted 1  with params [-4.19709849 -0.1         0.40583975  1.1       ]
at minimum 0.0511 accepted 1  with params [-4.76314724 -0.1         0.10659546  0.57220892]
at minimum 0.0791 accepted 1  with params [-4.34230273  0.09822115  0.01000003  0.5       ]
at minimum 0.0859 accepted 1  with params [-4.26632605 -0.1         0.01        0.50000011]
at minimum 0.1033 accepted 1  with params [-4.51584961  0.23047312  0.30185442  0.67941041]
at minimum 0.4644 accepted 0  with params [-4.07114005 -0.1         0.31057702  0.5       ]
at minimum 0.0096 accepted 1  with params [-4.75353074 -0.1         0.5         0.82247559]
at minimum 0.0982 accepted 1  with params [-5.08179827  0.13304839  0.5         1.01541891]
at minimum 0.0948 accepted 1  with params [-5.38082431 -0.1         0.5         1.1       ]
at minimum 0.0435 accepted 1  with params [-5.49192869 -0.09999974  0.4999998   0.99051635]
at minimum 0.0192 accepted 1  with params [-5.09767574 -0.06207193  0.26793599  0.56073341]
at minimum 0.0344 accepted 1  with params [-5.48903126 -0.1         0.39999059  0.5594867 ]
at minimum 0.0280 accepted 1  with params [-5.30129705  0.35164393  0.5         0.76568926]
at minimum 0.0284 accepted 1  with params [-5.32348335  0.80609612  0.5         0.5       ]
at minimum 0.0169 accepted 1  with params [-4.97085913  0.2015918   0.5         0.5       ]
at minimum 0.0679 accepted 1  with params [-5.47401317 -0.1         0.1500174   0.5       ]
at minimum 0.0725 accepted 1  with params [-5.84971226 -0.09999816  0.1372455   1.07455981]
at minimum 0.0921 accepted 1  with params [-6.         -0.09999904  0.01        1.09997712]
at minimum 0.0697 accepted 1  with params [-6.         -0.09999957  0.49346257  0.57826858]
at minimum 0.0357 accepted 1  with params [-6.          0.10077837  0.5         1.05473483]
at minimum 0.0812 accepted 0  with params [-6.         -0.1         0.15297009  1.1       ]
at minimum 0.0226 accepted 1  with params [-6.          0.52652623  0.49999914  1.09040561]
at minimum 0.0104 accepted 1  with params [-5.72237856  0.52814841  0.49999703  1.09999631]
at minimum 0.1238 accepted 1  with params [-5.32930061 -0.06791985  0.5         1.1       ]
at minimum 0.0210 accepted 1  with params [-5.44384095 -0.1         0.35641493  0.90361254]
at minimum 0.0639 accepted 1  with params [-5.23354697 -0.02982485  0.01000072  0.87386641]
at minimum 0.0123 accepted 1  with params [-5.56722658  0.22788811  0.34950678  1.09999022]
at minimum 0.0316 accepted 1  with params [-5.84128498  0.76954548  0.5         0.67468239]
at minimum 0.6141 accepted 1  with params [-6.          0.99        0.38934719  1.1       ]
at minimum 0.6404 accepted 1  with params [-5.63121448  0.99        0.18284201  1.1       ]
at minimum 0.6870 accepted 1  with params [-5.48353741  0.98999448  0.0100023   1.09999993]
at minimum 0.1712 accepted 1  with params [-5.85244088  0.95081386  0.01000163  1.0999983 ]
at minimum 0.6135 accepted 1  with params [-5.83381461  0.99        0.39185976  1.1       ]
at minimum 0.1501 accepted 1  with params [-6.          0.95565223  0.49999879  1.06375646]
at minimum 0.0512 accepted 1  with params [-6.          0.54880557  0.26512853  0.79597859]
at minimum 0.0731 accepted 1  with params [-5.75993179  0.04281529  0.01        1.1       ]
at minimum 0.0907 accepted 1  with params [-6.          0.0887663   0.01000333  0.50000106]
at minimum 0.0944 accepted 1  with params [-6.         -0.1         0.01        0.87428031]
at minimum 0.0855 accepted 1  with params [-6.          0.23672556  0.01        0.5       ]
at minimum 0.0972 accepted 1  with params [-5.93989559 -0.0999909   0.01000399  0.5       ]
at minimum 0.0957 accepted 1  with params [-6.         -0.09998551  0.01000665  0.73928854]
at minimum 0.0599 accepted 1  with params [-5.79764558  0.50924326  0.10144126  0.76157177]
at minimum 0.0789 accepted 1  with params [-5.99999995  0.44548056  0.01000037  0.50000042]
at minimum 0.0570 accepted 1  with params [-5.9441236   0.68014435  0.13775997  0.88473207]
at minimum 0.0316 accepted 1  with params [-6.          0.56961662  0.5         0.83515336]
at minimum 0.0232 accepted 1  with params [-5.96537316  0.30244427  0.48788997  1.1       ]
at minimum 0.1013 accepted 1  with params [-5.69408055  0.94926916  0.01        0.58542717]
at minimum 0.2619 accepted 1  with params [-5.32076795  0.99        0.01        0.5       ]
at minimum 0.0583 accepted 1  with params [-4.74137893  0.44532699  0.1030571   0.66825983]
at minimum 0.0527 accepted 1  with params [-5.36964469  0.11267317  0.17508173  0.50000021]
at minimum 0.0422 accepted 1  with params [-5.64247795 -0.09999136  0.49999612  0.50000475]
at minimum 0.0717 accepted 1  with params [-6.        -0.1        0.5        0.5139782]
at minimum 0.0722 accepted 1  with params [-5.49334427  0.37850686  0.03119563  0.50547341]
at minimum 0.0633 accepted 1  with params [-4.81538708  0.32789351  0.01        0.65965116]
at minimum 0.9225 accepted 1  with params [-4.4330998   0.96582536  0.01        1.1       ]
at minimum 0.8203 accepted 1  with params [-4.92290977  0.99        0.09686977  1.1       ]
at minimum 0.0780 accepted 1  with params [-4.64679567  0.40616622  0.37298065  1.1       ]
at minimum 0.0588 accepted 1  with params [-5.32326473  0.43380718  0.10241704  0.5       ]
at minimum 0.0519 accepted 1  with params [-5.79144565  0.18481632  0.26947419  0.76245561]
at minimum 0.0916 accepted 1  with params [-6.   -0.1   0.01  1.1 ]
at minimum 0.0286 accepted 1  with params [-5.57876883 -0.1         0.28492426  1.04411551]
at minimum 0.0678 accepted 1  with params [-5.63477889  0.07941462  0.01        1.1       ]
at minimum 0.0568 accepted 1  with params [-6.         -0.1         0.39643874  1.1       ]
at minimum 0.0350 accepted 1  with params [-6.          0.39236586  0.34963076  1.1       ]
at minimum 0.0115 accepted 1  with params [-5.79429462  0.51401518  0.5         1.1       ]
at minimum 0.6255 accepted 0  with params [-5.51651445  0.99        0.5         1.1       ]
at minimum 0.0601 accepted 1  with params [-5.27210033  0.39673895  0.01        0.96000257]
at minimum 0.0593 accepted 1  with params [-5.45548169  0.71386437  0.08000019  0.61920917]
at minimum 0.0655 accepted 1  with params [-5.55090004  0.13603257  0.01        1.00674668]./../fitting_utils.py:28: RuntimeWarning: Mean of empty slice
  pooling_fun = lambda x,y: np.nanmean((x-y)**2)

at minimum 0.0697 accepted 1  with params [-6.          0.74875953  0.01        1.1       ]
at minimum 0.3453 accepted 1  with params [-6.          0.99        0.09842889  0.70784993]
at minimum 0.2388 accepted 1  with params [-6.    0.99  0.01  0.5 ]
at minimum 0.0757 accepted 1  with params [-5.93466301  0.30629834  0.01000012  0.69876984]
at minimum 0.0510 accepted 1  with params [-5.78743833  0.77809148  0.19870645  0.82262981]
at minimum 0.1226 accepted 1  with params [-5.49103083  0.91561745  0.01        1.09999959]
at minimum 0.0223 accepted 1  with params [-5.04523601  0.70964887  0.36804788  1.04104864]
at minimum 0.0578 accepted 1  with params [-5.40181064  0.33650425  0.02041806  1.1       ]
at minimum 0.0646 accepted 1  with params [-5.36367939 -0.0583751   0.01        1.1       ]
at minimum 0.0619 accepted 1  with params [-5.05077621 -0.09077844  0.01        0.85141097]
at minimum 0.0783 accepted 1  with params [-4.61173908  0.38892148  0.01        1.1       ]
at minimum 0.1979 accepted 1  with params [-4.15603941  0.23278331  0.02061061  0.59520923]
at minimum 0.0849 accepted 1  with params [-4.4587253   0.0508766   0.06566499  1.05830345]
at minimum 0.7698 accepted 1  with params [-3.93448223 -0.09999998  0.5         0.68513631]
at minimum 0.5009 accepted 1  with params [-3.82328228 -0.1         0.49999999  0.5       ]
at minimum 0.5004 accepted 1  with params [-3.92214156 -0.1         0.43083776  0.50000008]
at minimum 0.8198 accepted 0  with params [-4.36847592  0.07383434  0.5         1.1       ]
at minimum 0.5010 accepted 1  with params [-3.53655648  0.04459282  0.49999979  0.5       ]
at minimum 0.2389 accepted 1  with params [-3.32803782  0.37945273  0.5         0.5       ]
at minimum 0.2296 accepted 1  with params [-3.          0.45389639  0.01        1.1       ]
at minimum 1.6165 accepted 0  with params [-3.42069929  0.48945955  0.01000189  1.09999768]
at minimum 100000000000000000000.0000 accepted 0  with params [-3.16420472  0.56169442  0.26468801  0.74615338]
at minimum 0.0678 accepted 1  with params [-3.          0.72046923  0.01        1.1       ]
at minimum 5.0212 accepted 0  with params [-3.27109621  0.99        0.34548686  0.5       ]
at minimum 1.4029 accepted 1  with params [-3.37014683  0.72320266  0.5         1.1       ]
at minimum inf accepted 0  with params [-3.          0.07298999  0.5         1.1       ]
at minimum inf accepted 0  with params [-3.13780469  0.99        0.5         1.1       ]
at minimum inf accepted 0  with params [-3.03041162  0.35535937  0.5         1.1       ]
at minimum 0.7264 accepted 1  with params [-4.08638513  0.73726335  0.10385657  0.79781667]
at minimum 0.0348 accepted 1  with params [-4.78354169  0.30682602  0.48452751  0.50000015]
at minimum 0.4908 accepted 0  with params [-4.34209635  0.44030149  0.5         0.66261673]
at minimum 0.0582 accepted 1  with params [-4.87028922  0.30724193  0.0288133   1.00987768]
at minimum 0.0597 accepted 1  with params [-5.25602272  0.27031927  0.01        1.03412158]
at minimum 0.0686 accepted 1  with params [-4.59475547 -0.1         0.01        0.5       ]
at minimum 0.0761 accepted 1  with params [-5.23373429 -0.09610344  0.01        0.5       ]
at minimum 0.0604 accepted 1  with params [-5.74425928  0.55406663  0.22231174  0.50000008]
at minimum 0.4354 accepted 1  with params [-6.          0.99        0.01        0.84276795]
at minimum 0.0676 accepted 1  with params [-6.          0.29569002  0.01        1.1       ]
at minimum 0.0652 accepted 1  with params [-5.8775947   0.66415428  0.01000019  0.79816618]
at minimum 0.0614 accepted 1  with params [-5.30500727  0.18937367  0.01        0.93792107]
at minimum 0.0903 accepted 1  with params [-5.97163148 -0.1         0.01        1.1       ]
at minimum 0.0244 accepted 1  with params [-5.7682051   0.05758677  0.49999496  0.93937285]
at minimum 0.0745 accepted 1  with params [-5.19114739 -0.1         0.01        0.51057559]
at minimum 0.1532 accepted 1  with params [-4.50560569 -0.09999979  0.49999991  0.5       ]
at minimum 0.8044 accepted 0  with params [-4.1226601  -0.09999833  0.44126754  0.73938838]
at minimum 0.0616 accepted 1  with params [-5.16241889 -0.1         0.01        1.09999935]
at minimum 0.0609 accepted 1  with params [-5.37750162  0.13818658  0.01000204  1.1       ]
at minimum 0.0152 accepted 1  with params [-4.80165492  0.32092273  0.5         1.02858231]
at minimum 0.0827 accepted 1  with params [-5.02960145  0.28155825  0.49518596  1.1       ]
at minimum 0.1813 accepted 1  with params [-4.3549652   0.78655076  0.16818288  0.53682821]
at minimum 0.5632 accepted 1  with params [-4.4679824   0.42041167  0.5         1.1       ]
at minimum 0.0656 accepted 1  with params [-4.56441165 -0.1         0.0932707   0.50227909]
at minimum 1.5738 accepted 0  with params [-3.80518437 -0.09999988  0.01000006  1.08563015]
at minimum 0.0250 accepted 1  with params [-5.04836081  0.59404992  0.43097331  1.1       ]
at minimum 0.0279 accepted 1  with params [-5.36988597  0.05438727  0.5         0.6797423 ]
at minimum 0.0370 accepted 1  with params [-5.64545474 -0.1         0.5         0.58840537]
at minimum 0.0663 accepted 1  with params [-5.93748539  0.37964088  0.2991723   0.50000025]
at minimum 0.0504 accepted 1  with params [-6.          0.49060851  0.22375333  0.93092572]
at minimum 0.0390 accepted 1  with params [-5.99999988  0.06622205  0.45419644  1.09999106]
at minimum 0.0923 accepted 1  with params [-6.         -0.09997948  0.16947878  0.5       ]
at minimum 0.0786 accepted 1  with params [-6.          0.46090818  0.01        0.5       ]
at minimum 0.0553 accepted 1  with params [-6.          0.44236723  0.5         0.5       ]
at minimum 0.0806 accepted 1  with params [-6.          0.39059385  0.01        0.5       ]
at minimum 0.0753 accepted 1  with params [-5.99999992  0.94002273  0.48548552  0.5       ]
at minimum 0.2717 accepted 1  with params [-6.          0.99        0.5         0.59130803]
at minimum 0.0176 accepted 1  with params [-5.29445218  0.56602157  0.5         0.5       ]
at minimum 0.0182 accepted 1  with params [-5.34350435  0.5469292   0.5         0.5       ]
at minimum 0.2694 accepted 1  with params [-5.92290398  0.99        0.5         0.58611684]
at minimum 0.5604 accepted 1  with params [-5.44909152  0.99        0.01        0.9512421 ]
at minimum 0.0933 accepted 1  with params [-5.86327072  0.87770462  0.01        1.1       ]
at minimum 0.0655 accepted 1  with params [-5.99999996  0.71383754  0.01000323  0.95511785]
at minimum 0.0768 accepted 1  with params [-5.90947282  0.19683814  0.19568802  0.5       ]
at minimum 0.0257 accepted 1  with params [-6.      0.2907  0.5     1.1   ]
at minimum 0.0901 accepted 0  with params [-6.          0.92535695  0.5         1.1       ]
at minimum 0.0682 accepted 1  with params [-6.          0.66196268  0.01        0.66772708]
at minimum 0.6280 accepted 0  with params [-6.          0.99        0.17720793  1.1       ]
at minimum 0.1910 accepted 1  with params [-5.40012681  0.96331411  0.01        0.90254341]
at minimum 0.0175 accepted 1  with params [-5.03782873  0.36644216  0.29581798  1.1       ]
at minimum 0.1243 accepted 1  with params [-4.33215525  0.1731428   0.01000008  1.1       ]
at minimum 0.2572 accepted 1  with params [-4.42111629  0.14198917  0.5         0.5       ]
at minimum 1.0583 accepted 0  with params [-4.3362595  0.6608544  0.5        1.1      ]
at minimum 0.0349 accepted 1  with params [-4.94631058 -0.1         0.1682719   0.5       ]
at minimum 0.0902 accepted 1  with params [-5.7087721  -0.1         0.01        0.51475745]
at minimum 0.0841 accepted 1  with params [-5.49063319 -0.1         0.01        0.50000009]
at minimum 0.0433 accepted 1  with params [-5.41657378 -0.01462255  0.27086161  0.5       ]
at minimum 0.0174 accepted 1  with params [-4.93823204  0.03060239  0.5         0.5       ]
at minimum 0.2177 accepted 0  with params [-4.18728019  0.42996508  0.11567686  0.54129408]
at minimum 0.0316 accepted 1  with params [-5.43925931 -0.1         0.5         0.7807639 ]
at minimum 0.0139 accepted 1  with params [-5.07651406 -0.1         0.15135047  1.07181766]
at minimum 0.0290 accepted 1  with params [-5.78019256 -0.1         0.5         1.09997441]
at minimum 0.0633 accepted 1  with params [-5.875872 -0.1       0.5       0.5     ]
at minimum 0.0290 accepted 1  with params [-5.51862114 -0.09999996  0.49998248  0.80533935]
at minimum 0.0334 accepted 1  with params [-5.60823272 -0.09999992  0.49999996  1.1       ]
at minimum 0.0891 accepted 1  with params [-5.93205014 -0.1         0.01        1.1       ]
at minimum 0.0920 accepted 1  with params [-6.   -0.1   0.01  1.1 ]
at minimum 0.0792 accepted 1  with params [-5.42851244 -0.1         0.5         1.1       ]
at minimum 0.0281 accepted 1  with params [-5.70908741 -0.1         0.5         0.9697828 ]
at minimum 0.1683 accepted 1  with params [-5.12831047 -0.09999969  0.5         1.09999983]
at minimum 0.0186 accepted 1  with params [-5.15148149  0.2626181   0.5         0.57624857]
at minimum 0.0573 accepted 1  with params [-5.02989843 -0.1         0.29698203  1.09998807]
at minimum 0.1354 accepted 1  with params [-4.98652007 -0.09999742  0.49999974  1.09999649]
at minimum 0.0116 accepted 1  with params [-5.77418889  0.37297105  0.49999829  1.0999979 ]
at minimum 0.0109 accepted 1  with params [-5.68791591  0.52062941  0.5         1.1       ]
at minimum 0.0168 accepted 1  with params [-5.62413676  0.32815931  0.5         1.09999985]
at minimum 0.0968 accepted 1  with params [-6.         -0.09999993  0.01        0.64332147]
at minimum 0.0849 accepted 1  with params [-5.68264247 -0.1         0.01        0.69843812]
at minimum 0.0878 accepted 1  with params [-5.98534567e+00 -2.41050709e-04  1.69218380e-01  5.00000000e-01]
at minimum 0.0703 accepted 1  with params [-6.         -0.03778478  0.5         0.50000002]
at minimum 0.0543 accepted 1  with params [-5.21587332  0.48183653  0.41618785  1.1       ]
at minimum 0.0505 accepted 1  with params [-4.60790619 -0.1         0.5         0.92342136]
at minimum 0.0333 accepted 1  with params [-4.71914929  0.23141839  0.5         1.1       ]
at minimum 0.0896 accepted 1  with params [-4.85485401  0.79033025  0.11979699  1.03394888]
at minimum 1.5270 accepted 1  with params [-4.22717772  0.99        0.01        1.1       ]
at minimum 0.0573 accepted 1  with params [-4.69701047  0.17608073  0.1269342   0.5       ]
at minimum 0.0358 accepted 1  with params [-5.29808964  0.00816495  0.31845859  1.1       ]
at minimum 0.0394 accepted 1  with params [-5.58858012 -0.09998688  0.5         0.5       ]
at minimum 0.0805 accepted 1  with params [-5.38096647 -0.1         0.01000024  0.50000029]
at minimum 0.0985 accepted 0  with params [-6.         -0.1         0.01002053  0.5       ]
at minimum 0.0638 accepted 1  with params [-4.84119896  0.17801316  0.01        1.1       ]
at minimum 0.7869 accepted 1  with params [-4.41201184  0.48734539  0.5         1.1       ]
at minimum 0.0741 accepted 1  with params [-5.04569081  0.87500097  0.34988968  0.75650211]
at minimum 0.0671 accepted 1  with params [-4.76496341  0.12861389  0.01987921  0.5       ]
