./../runners.py:177: RuntimeWarning: invalid value encountered in multiply
  model_input = self.k*x_tm1
./../dsp_utils.py:9: RuntimeWarning: invalid value encountered in double_scalars
  self.state = 1./self.tau*x + (1-1./self.tau)*self.state
/scratch/ar2342/miconda3/envs/eb_hyperacuity3/lib/python3.9/site-packages/scipy/optimize/_numdiff.py:576: RuntimeWarning: invalid value encountered in subtract
  df = fun(x) - f0
./../fitting_utils.py:28: RuntimeWarning: Mean of empty slice
  pooling_fun = lambda x,y: np.nanmean((x-y)**2)
at minimum 0.0371 accepted 1  with params [-4.50000009  0.39999997  0.05        0.99999997]
at minimum 0.8349 accepted 1  with params [-4.09168987  0.8238989   0.01        1.1       ]
at minimum 0.3376 accepted 1  with params [-3.94096911  0.98999756  0.01        0.61339298]
at minimum 0.2423 accepted 1  with params [-4.3848768   0.86683729  0.01        1.07707578]
at minimum 0.1096 accepted 1  with params [-4.76552221  0.89659105  0.01        1.1       ]
at minimum 0.0180 accepted 1  with params [-4.95840697  0.41567371  0.01        1.1       ]
at minimum 0.0932 accepted 1  with params [-4.96125116  0.9071782   0.01        1.09570419]
at minimum 0.2124 accepted 1  with params [-5.27097509  0.99        0.07623731  0.7663553 ]
at minimum 0.3259 accepted 1  with params [-4.79563577  0.99        0.01        0.80684997]
at minimum 0.2236 accepted 1  with params [-5.04559598  0.99        0.01        0.73414321]
at minimum 0.1624 accepted 1  with params [-4.97758413  0.99        0.47932496  0.64697835]
at minimum 0.3243 accepted 1  with params [-4.88329864  0.99        0.47466978  0.90518307]
at minimum 0.3687 accepted 1  with params [-5.09367203  0.98997886  0.38548314  1.05295935]
at minimum 0.2447 accepted 1  with params [-5.11089507  0.99        0.5         0.83668904]
at minimum 0.0819 accepted 1  with params [-5.12819688  0.76788692  0.34971118  1.09999999]
at minimum 0.0196 accepted 1  with params [-5.28624037  0.69119727  0.05737676  0.89783649]
at minimum 0.0288 accepted 1  with params [-4.93877444  0.59271437  0.08796163  1.1       ]
at minimum 0.0150 accepted 1  with params [-4.89804951  0.15166857  0.01        1.1       ]
at minimum 0.0264 accepted 1  with params [-4.70074553  0.33738141  0.27719751  0.74652151]
at minimum 0.3144 accepted 0  with params [-5.06121317  0.22522705  0.49999058  1.09526496]
at minimum 0.0197 accepted 1  with params [-4.87290759  0.49635533  0.10206385  0.57125592]
at minimum 0.0724 accepted 1  with params [-5.08371425  0.64406221  0.31259885  0.94709115]
at minimum 0.0396 accepted 1  with params [-4.70959912  0.61182871  0.11278714  1.1       ]
at minimum 0.0423 accepted 1  with params [-4.74553625  0.6040725   0.33758242  1.1       ]
at minimum 0.4305 accepted 1  with params [-4.34877269  0.54219096  0.5         0.91414059]
at minimum 0.2843 accepted 1  with params [-4.47844383  0.99        0.32301481  0.71324373]
at minimum 0.3263 accepted 1  with params [-4.17416336  0.54771239  0.42654727  0.65566221]
at minimum 0.0989 accepted 1  with params [-4.54543089  0.3129254   0.5         0.91070134]
at minimum 0.6729 accepted 1  with params [-4.33261975  0.78192645  0.45812559  1.09999869]
at minimum 0.3908 accepted 1  with params [-3.89756138  0.99        0.5         0.66126447]
at minimum 0.1974 accepted 1  with params [-4.35062962  0.99        0.48622695  0.5       ]
at minimum 0.1874 accepted 1  with params [-4.3793874   0.99        0.06906539  0.50000001]
at minimum 0.0518 accepted 1  with params [-4.44955367  0.82508794  0.01        0.5       ]
at minimum 0.0451 accepted 1  with params [-4.43817003  0.75195244  0.01        0.5       ]
at minimum 0.0549 accepted 1  with params [-4.45127477  0.58767215  0.1247804   0.86199025]
at minimum 0.0246 accepted 1  with params [-4.82897407  0.36949796  0.17484034  0.83162654]
at minimum 0.0467 accepted 1  with params [-4.38200519  0.17928274  0.01000568  1.02902152]
at minimum 0.0624 accepted 0  with params [-4.34747854  0.05131821  0.07347335  1.1       ]
at minimum 0.0407 accepted 1  with params [-4.27880283  0.00568796  0.01        0.71237351]
at minimum 0.0186 accepted 1  with params [-4.58215368  0.01409358  0.0100001   0.99080929]
at minimum 0.1363 accepted 0  with params [-4.92503948 -0.1         0.39685764  0.74694395]
at minimum 0.2098 accepted 1  with params [-4.11661487 -0.1         0.01000003  1.03046545]
at minimum 0.0509 accepted 1  with params [-4.35413889 -0.07028095  0.01        1.1       ]
at minimum 0.4676 accepted 1  with params [-4.26611171 -0.1         0.33645463  1.1       ]
at minimum 0.0217 accepted 1  with params [-4.61227932  0.19130471  0.43882605  0.82976679]
at minimum 0.0825 accepted 1  with params [-4.43792643  0.47993155  0.5         0.5       ]
at minimum 0.0463 accepted 1  with params [-4.40695084  0.69089618  0.0277869   0.59085685]
at minimum 0.3913 accepted 1  with params [-4.04104705  0.80263269  0.2318725   0.68957058]
at minimum 1.0755 accepted 0  with params [-3.8527079   0.66945942  0.01        1.1       ]
at minimum 0.0374 accepted 1  with params [-4.51624572  0.65997953  0.01000006  0.73455089]
at minimum 0.0172 accepted 1  with params [-4.70859277  0.17260405  0.09519366  0.64642521]
at minimum 0.0674 accepted 1  with params [-4.34678557  0.69992675  0.01        0.65230688]
at minimum 0.2121 accepted 1  with params [-4.20254403  0.24853617  0.13789086  0.97421383]
at minimum 0.1034 accepted 1  with params [-4.30178238  0.30902764  0.01000025  1.1       ]
at minimum 0.0370 accepted 1  with params [-4.59460537  0.74855138  0.09132559  0.69055977]
at minimum 0.2193 accepted 1  with params [-4.11934027  0.98999886  0.15123019  0.50000033]
at minimum 0.1648 accepted 1  with params [-4.5219749  0.99       0.5        0.5      ]
at minimum 0.2012 accepted 1  with params [-4.31778388  0.99        0.47033101  0.5       ]
at minimum 0.8767 accepted 1  with params [-4.14821797  0.5848863   0.5         1.02742534]
at minimum 0.5050 accepted 1  with params [-4.04273024  0.22328388  0.06702221  0.92659282]
at minimum 0.2304 accepted 1  with params [-3.78935456  0.04188062  0.01        0.5       ]
at minimum 0.0194 accepted 1  with params [-3.23652197  0.16221589  0.03452582  0.5       ]
at minimum inf accepted 0  with params [-3.          0.39437294  0.49124028  0.5       ]
at minimum 0.2307 accepted 1  with params [-3.63619232 -0.1         0.01        0.5       ]
at minimum 100000000000000000000.0000 accepted 0  with params [-3.21508691 -0.1         0.21170677  0.80476316]
at minimum 0.1268 accepted 1  with params [-3.30743599 -0.1         0.01        0.73037651]
at minimum 1.0815 accepted 0  with params [-3.47482919  0.40310744  0.01        1.1       ]
at minimum 1.0805 accepted 0  with params [-3.71540963 -0.00688849  0.01        1.1       ]
at minimum 1.0806 accepted 0  with params [-3.68550338 -0.09999993  0.01        1.1       ]
at minimum 100000000000000000000.0000 accepted 0  with params [-3.05235104  0.18592987  0.38015233  1.1       ]
at minimum 100000000000000000000.0000 accepted 0  with params [-3.12461541  0.2328636   0.41911429  1.1       ]
at minimum 100000000000000000000.0000 accepted 0  with params [-3.         -0.1         0.2026647   0.52911343]
at minimum 1.9312 accepted 1  with params [-3.04520229 -0.1         0.01        0.5       ]
at minimum 100000000000000000000.0000 accepted 0  with params [-3.          0.07845304  0.36700105  0.82358684]
at minimum 0.0934 accepted 1  with params [-3.         -0.1         0.21581464  0.5       ]
at minimum 0.2307 accepted 1  with params [-3.48588158  0.00436588  0.5         0.50000057]
at minimum 3217603452143861282961522081238043011993554421622237036544.0000 accepted 0  with params [-3.33144462  0.1817972   0.5         0.5       ]
at minimum 0.2215 accepted 1  with params [-4.02492766 -0.09999979  0.3493817   0.50000011]
at minimum 0.0820 accepted 1  with params [-4.43255989 -0.1         0.40421536  0.78048067]
at minimum 0.0747 accepted 1  with params [-4.59814332  0.38712953  0.49999974  1.1       ]
at minimum 0.0977 accepted 1  with params [-5.08149041  0.3369773   0.23020353  1.09999995]
at minimum 0.0315 accepted 1  with params [-5.59340227  0.26485701  0.24414164  1.1       ]
at minimum 0.0408 accepted 1  with params [-5.91282099  0.61977004  0.5         1.0679432 ]
at minimum 0.0841 accepted 1  with params [-5.69563368  0.41890501  0.5         1.1       ]
at minimum 0.2897 accepted 0  with params [-5.29328786  0.3782449   0.5         1.1       ]
at minimum 0.0725 accepted 1  with params [-5.50774182  0.07834804  0.40406541  0.77619451]
at minimum 0.0352 accepted 1  with params [-5.10065324 -0.09999694  0.11309654  1.09999831]
at minimum 0.0158 accepted 1  with params [-4.73039392  0.38417045  0.01        0.78702209]
at minimum 0.0891 accepted 1  with params [-4.3925199   0.59643595  0.0468161   1.03857173]
at minimum 0.2408 accepted 1  with params [-3.91835581  0.64296673  0.01        0.51896989]
at minimum 0.2289 accepted 1  with params [-3.87002975  0.69628117  0.01398431  0.5       ]
at minimum 0.2283 accepted 1  with params [-3.95899391  0.20693343  0.30880394  0.5       ]
at minimum 0.2653 accepted 1  with params [-3.69267105  0.41693727  0.14864753  0.53959237]
at minimum 0.0154 accepted 1  with params [-5.02233214  0.27626196  0.06501292  0.84884221]
at minimum 0.0161 accepted 1  with params [-4.75768551  0.13594787  0.01        1.04474216]
at minimum 0.4650 accepted 1  with params [-4.34290555  0.37310447  0.5         0.97246242]
at minimum 0.0662 accepted 1  with params [-4.59760817  0.31377923  0.5         1.0826447 ]
at minimum 0.0308 accepted 1  with params [-4.78657195  0.72285444  0.49999947  0.76578811]
at minimum 0.0576 accepted 1  with params [-5.24426505  0.43388906  0.3629716   0.5       ]
at minimum 0.0572 accepted 1  with params [-5.2704153   0.7560591   0.5         0.60513555]
at minimum 0.3227 accepted 1  with params [-5.622053    0.99        0.5         1.03127436]
at minimum 0.3972 accepted 1  with params [-5.2038058   0.99        0.24981053  1.1       ]
at minimum 0.5283 accepted 1  with params [-4.67598629  0.99        0.24137176  1.1       ]
at minimum 0.3037 accepted 1  with params [-4.10628544  0.7232634   0.01        0.73817096]
at minimum 0.2021 accepted 1  with params [-3.95980265  0.25786835  0.01        0.5       ]
at minimum 1.0105 accepted 0  with params [-3.93715855  0.06257235  0.30742833  1.07100524]
at minimum 0.0257 accepted 1  with params [-4.50663066  0.44754496  0.01        0.5       ]
at minimum 0.1305 accepted 1  with params [-5.07679116  0.36119776  0.31456298  0.95979834]
at minimum 0.1092 accepted 1  with params [-4.80144344  0.93158814  0.49999765  0.7666078 ]
at minimum 0.1993 accepted 0  with params [-5.05208431  0.99        0.01        0.68801233]
at minimum 0.3300 accepted 1  with params [-5.37008263  0.98999987  0.45569889  1.0263379 ]
at minimum 0.1027 accepted 1  with params [-5.6097402   0.58659776  0.5         1.09774913]
at minimum 0.2617 accepted 1  with params [-5.05097352  0.98997516  0.36085768  0.87915014]
at minimum 0.2484 accepted 1  with params [-5.19068049  0.98999889  0.26458341  0.86797631]
at minimum 0.0380 accepted 1  with params [-5.63773993  0.64178621  0.47198775  0.5       ]
at minimum 0.1036 accepted 1  with params [-5.48402494  0.98999786  0.01000093  0.50984455]
at minimum 0.1021 accepted 1  with params [-5.90532159  0.99        0.01000435  0.52348338]
at minimum 0.0173 accepted 1  with params [-6.          0.46004244  0.01        0.91088566]
at minimum 0.0385 accepted 0  with params [-5.61844819  0.27424853  0.36008616  0.5       ]
at minimum 0.0131 accepted 1  with params [-5.65265473  0.3930985   0.01        1.1       ]
at minimum 0.0205 accepted 1  with params [-5.94749116  0.24883236  0.12947165  1.1       ]
at minimum 0.0153 accepted 1  with params [-6.          0.42575913  0.07873799  1.1       ]
at minimum 0.0245 accepted 1  with params [-5.44922187  0.83284949  0.01        0.51964229]
at minimum 0.0499 accepted 1  with params [-5.8289728   0.63104209  0.49999351  1.02936933]
at minimum 0.0337 accepted 1  with params [-5.85768172  0.55100686  0.49999998  0.50000094]
at minimum 0.0175 accepted 1  with params [-6.          0.48860139  0.22770018  1.04152538]
at minimum 0.0133 accepted 1  with params [-5.47820588  0.47222259  0.01        1.09999998]
at minimum 0.2621 accepted 1  with params [-5.15370687  0.98999983  0.04857298  0.83282448]
at minimum 0.0229 accepted 1  with params [-5.53464124  0.72989512  0.01        0.5       ]
at minimum 0.0374 accepted 1  with params [-6.          0.21798615  0.22860016  0.5       ]
at minimum 0.0501 accepted 1  with params [-5.62680154  0.52093878  0.40877315  0.89240865]
at minimum 0.0954 accepted 1  with params [-5.87534807  0.93895128  0.46271517  1.1       ]
at minimum 0.0201 accepted 1  with params [-6.          0.64015767  0.04834297  0.66670117]
at minimum 0.0346 accepted 1  with params [-5.78579405  0.90880553  0.38911969  0.55192839]
at minimum 0.0265 accepted 1  with params [-5.30968186  0.72927396  0.01        1.1       ]
at minimum 0.3669 accepted 1  with params [-5.59943291  0.99        0.43249519  1.1       ]
at minimum 0.2738 accepted 1  with params [-5.19872889  0.40668053  0.5         1.1       ]
at minimum 0.0761 accepted 1  with params [-5.08083172  0.6673053   0.29040603  1.1       ]
at minimum 0.0223 accepted 1  with params [-5.63929309  0.69405397  0.10187247  1.1       ]
at minimum 0.0142 accepted 1  with params [-5.51406839  0.33563056  0.01000022  0.9330867 ]
at minimum 0.0278 accepted 1  with params [-5.88178142  0.79290854  0.01000005  1.09999992]
at minimum 0.0180 accepted 1  with params [-6.          0.31433995  0.05309001  1.1       ]
at minimum 0.0245 accepted 1  with params [-6.          0.45102523  0.01000003  0.64806546]
at minimum 0.0316 accepted 1  with params [-5.54286914  0.12161091  0.01        0.5       ]
at minimum 0.0275 accepted 1  with params [-6.          0.68546804  0.42127643  0.5000002 ]
at minimum 0.0333 accepted 1  with params [-6.        0.907479  0.5       0.5     ]
at minimum 0.0291 accepted 1  with params [-5.97677573  0.58508713  0.5         0.61318814]
at minimum 0.0485 accepted 1  with params [-6.          0.04326239  0.49999999  1.0550269 ]
at minimum 0.0522 accepted 1  with params [-6.         -0.01572546  0.5         1.1       ]
at minimum 0.0466 accepted 1  with params [-6.         -0.1         0.28920741  1.1       ]
at minimum 0.0383 accepted 1  with params [-5.88461114 -0.1         0.01        1.1       ]
at minimum 0.0305 accepted 1  with params [-5.78143005  0.29010643  0.15437806  0.55744041]
at minimum 0.0506 accepted 1  with params [-5.99999995e+00  4.64714837e-03  4.99998779e-01  1.09999996e+00]
at minimum 0.1178 accepted 1  with params [-5.5738122   0.55278219  0.5         1.1       ]
at minimum 0.0539 accepted 1  with params [-5.80732995  0.89322572  0.01        1.09999963]
at minimum 0.0147 accepted 1  with params [-6.          0.44533348  0.01        1.1       ]
at minimum 0.0143 accepted 1  with params [-5.58510359  0.54536064  0.01        1.1       ]
at minimum 0.0300 accepted 1  with params [-6.          0.31077681  0.42721485  0.98420471]
at minimum 0.0184 accepted 1  with params [-5.3180256   0.07787889  0.01000019  0.76852305]
at minimum 0.0268 accepted 1  with params [-5.02398607 -0.09999968  0.10653518  0.53889171]
at minimum 0.0200 accepted 1  with params [-4.67744217 -0.09999851  0.0339179   0.5       ]
at minimum 0.0127 accepted 1  with params [-4.91289604  0.01953876  0.01        0.81521124]
at minimum 0.1494 accepted 0  with params [-5.21455201  0.29521132  0.5         0.72102055]
at minimum 0.0159 accepted 1  with params [-4.91040466  0.24571216  0.01        1.1       ]
at minimum 0.0150 accepted 1  with params [-5.11648159 -0.1         0.02731269  1.09999552]
at minimum 0.0211 accepted 1  with params [-5.17210355  0.49047208  0.01        0.50000014]
at minimum 0.0403 accepted 1  with params [-4.95312257  0.54751225  0.36784437  0.50000141]
at minimum 0.1128 accepted 0  with params [-5.11204532  0.99        0.01        0.5       ]
at minimum 0.1157 accepted 1  with params [-5.46139711  0.07429343  0.5         0.75268714]
at minimum 0.2631 accepted 1  with params [-5.21091952  0.29026491  0.5         0.98231889]
at minimum 0.1855 accepted 1  with params [-5.02484787  0.40703677  0.49999845  1.02331988]
at minimum 0.0853 accepted 1  with params [-4.90683063  0.55814419  0.5         1.1       ]
at minimum 1.0112 accepted 1  with params [-4.2394601  0.99       0.01       1.1      ]
at minimum 0.1325 accepted 1  with params [-4.30723895  0.67846325  0.01        0.94407685]
at minimum 0.0869 accepted 1  with params [-4.90114055  0.88570111  0.36773157  1.1       ]
at minimum 0.6482 accepted 1  with params [-4.50270604  0.99        0.27854866  1.1       ]
at minimum 1.0491 accepted 0  with params [-4.09926829  0.99        0.06375645  1.1       ]
at minimum 0.7532 accepted 1  with params [-4.40563668  0.99        0.34661943  1.1       ]
at minimum 0.1986 accepted 1  with params [-4.77341472  0.98999843  0.01000067  0.61670433]
at minimum 0.0975 accepted 1  with params [-5.23449247  0.99        0.49999396  0.5000074 ]
at minimum 0.0414 accepted 1  with params [-5.67211279  0.49718949  0.5         0.5       ]
at minimum 0.0306 accepted 1  with params [-6.          0.8361895   0.3093574   0.92605078]
at minimum 0.0355 accepted 1  with params [-6.          0.2782493   0.21071236  0.5       ]
at minimum 0.1186 accepted 1  with params [-5.43657967  0.36337739  0.49999959  0.78095561]
at minimum 0.0943 accepted 1  with params [-5.33263824  0.99        0.45238889  0.5       ]
at minimum 0.0228 accepted 1  with params [-5.50359763  0.68138683  0.01        0.5       ]
at minimum 0.0213 accepted 1  with params [-5.22152915e+00 -8.58299184e-04  1.00000000e-02  6.34549698e-01]
at minimum 0.0317 accepted 1  with params [-4.55063186 -0.1         0.30773052  1.1       ]
at minimum 1.0475 accepted 0  with params [-3.96064931 -0.0092669   0.25494432  1.1       ]
at minimum 1.0319 accepted 1  with params [-3.90767757  0.36192126  0.0100015   1.1       ]
at minimum 0.5793 accepted 1  with params [-3.68823682  0.32887902  0.01        0.80751612]
at minimum 0.2307 accepted 1  with params [-3.49509491 -0.08551592  0.01        0.5       ]
at minimum 0.2287 accepted 1  with params [-4.04231171 -0.1         0.5         0.5       ]
at minimum 0.2347 accepted 1  with params [-4.42285366  0.40205187  0.5         0.83630518]
at minimum 0.2306 accepted 1  with params [-3.81097447  0.81062004  0.01        0.5       ]
at minimum 0.2299 accepted 1  with params [-4.04512435  0.99        0.49999956  0.50000041]
at minimum 0.9650 accepted 1  with params [-3.83566773  0.48142642  0.01        1.04283256]
at minimum 1.0813 accepted 1  with params [-3.7348927   0.50767788  0.30085648  1.1       ]
at minimum 1.0806 accepted 1  with params [-3.816051    0.87761499  0.05302374  1.1       ]
at minimum 1.0815 accepted 1  with params [-3.83225874  0.99        0.01        1.1       ]
at minimum 0.6381 accepted 1  with params [-3.81894451  0.27212945  0.28852438  0.84783086]
at minimum 1.0818 accepted 0  with params [-3.85442277  0.99        0.478508    1.1       ]
at minimum 0.9827 accepted 1  with params [-3.36850631  0.81354127  0.38996035  1.1       ]
at minimum inf accepted 0  with params [-3.    0.99  0.5   1.1 ]
at minimum 0.7726 accepted 1  with params [-3.40468496  0.98999714  0.36083535  0.93173669]
at minimum 0.2306 accepted 1  with params [-3.86655641  0.6992677   0.35501302  0.5       ]
at minimum 0.2002 accepted 1  with params [-4.24186773  0.99        0.35325793  0.5       ]
at minimum 0.3953 accepted 1  with params [-3.68744537  0.7845437   0.5         0.66518671]
at minimum 0.2170 accepted 1  with params [-4.23007094  0.99        0.01        0.5       ]
at minimum 0.2308 accepted 1  with params [-3.81685823  0.99        0.42777729  0.5       ]
at minimum 0.1694 accepted 1  with params [-4.49174838  0.98999677  0.49999853  0.50000034]
at minimum 0.1868 accepted 1  with params [-5.05899808  0.99        0.01        0.66533976]
at minimum 0.0232 accepted 1  with params [-4.86228696  0.71105279  0.01        0.5       ]
at minimum 0.0256 accepted 1  with params [-5.43209117  0.84078308  0.01        0.77781203]
at minimum 0.0212 accepted 1  with params [-5.13548622  0.62695976  0.01        0.5       ]
at minimum 0.5707 accepted 0  with params [-4.40945191  0.82036841  0.5         1.1       ]
at minimum 0.0286 accepted 1  with params [-4.67946797  0.76036102  0.16324241  0.5       ]
at minimum 0.3065 accepted 0  with params [-4.40499401  0.98999808  0.01152859  0.64579882]
at minimum 0.0263 accepted 1  with params [-5.32279176  0.78847696  0.01        0.96333655]
at minimum 0.3839 accepted 1  with params [-5.94308572  0.99        0.01000158  1.09999814]
at minimum 0.2467 accepted 1  with params [-5.56449918  0.98999407  0.01        0.85386468]
at minimum 0.0881 accepted 1  with params [-5.28661725  0.90537853  0.5         1.1       ]
at minimum 0.0246 accepted 1  with params [-5.00794762  0.79563929  0.01000071  0.71088223]
at minimum 0.0209 accepted 1  with params [-5.35959421  0.46352155  0.01000063  0.55332148]
at minimum 0.0912 accepted 1  with params [-6.    0.99  0.5   0.5 ]
at minimum 0.0294 accepted 1  with params [-5.72770687  0.69830283  0.35401576  0.5       ]
at minimum 0.0251 accepted 1  with params [-6.          0.83323448  0.01        0.5       ]
at minimum 0.0255 accepted 1  with params [-6.          0.68725059  0.21750317  0.5       ]
at minimum 0.3042 accepted 1  with params [-6.          0.98681568  0.17054855  1.09824678]
at minimum 0.0180 accepted 1  with params [-6.          0.61357028  0.22955382  1.02664064]
at minimum 0.1792 accepted 1  with params [-5.80939173  0.99        0.01        0.73457006]
at minimum 0.0236 accepted 1  with params [-5.94624531  0.46044193  0.01        0.64902895]
at minimum 0.3958 accepted 1  with params [-5.69510215  0.99        0.01        1.1       ]
at minimum 0.0159 accepted 1  with params [-6.          0.58110024  0.01        0.90192466]
at minimum 0.0446 accepted 1  with params [-6.          0.0651047   0.43825174  0.5       ]
at minimum 0.0586 accepted 1  with params [-6.  -0.1  0.5  1.1]
at minimum 0.0253 accepted 1  with params [-6.          0.54117635  0.40166136  1.09999727]
at minimum 0.0751 accepted 1  with params [-5.39143223  0.81476562  0.49999934  0.83139089]
at minimum 0.0441 accepted 1  with params [-4.69642056  0.73177525  0.5         0.69974861]
at minimum 0.0132 accepted 1  with params [-4.89009387  0.21665906  0.02913736  0.79200937]
at minimum 0.0407 accepted 1  with params [-4.58265276  0.20686189  0.49999973  0.85044595]
at minimum 0.1083 accepted 1  with params [-4.9381817  -0.1         0.5         0.61632629]
at minimum 0.3608 accepted 0  with params [-4.39406662  0.57411912  0.5         0.93740334]
at minimum 0.1329 accepted 0  with params [-5.31491477 -0.1         0.5         0.60135559]
at minimum 0.0236 accepted 1  with params [-5.36473095  0.41008173  0.01        0.5       ]
at minimum 0.2318 accepted 1  with params [-5.04206181  0.98999946  0.01000024  0.74836585]
at minimum 0.2395 accepted 1  with params [-4.45869297  0.99        0.01        0.57753407]
at minimum 0.5718 accepted 0  with params [-3.95331553  0.25350996  0.49999981  0.80311802]
at minimum 1.0552 accepted 1  with params [-4.06590189  0.99        0.11962819  1.1       ]
at minimum 0.3818 accepted 1  with params [-6.          0.99        0.01        1.09999082]
at minimum 0.0127 accepted 1  with params [-5.41429383  0.22562112  0.01        1.1       ]
at minimum 0.0247 accepted 1  with params [-4.77677127 -0.08217654  0.15747918  0.79459908]
at minimum 0.4004 accepted 0  with params [-4.40590533 -0.1         0.5         1.1       ]
at minimum 0.3071 accepted 1  with params [-5.25392934  0.37537028  0.5         1.1       ]
at minimum 0.0671 accepted 1  with params [-4.96178142  0.23211131  0.5         0.5       ]
at minimum 0.0688 accepted 1  with params [-4.24700306  0.65260161  0.01        0.5       ]
at minimum 0.1113 accepted 1  with params [-4.46634391  0.80214669  0.38218752  0.68429089]
at minimum 0.0211 accepted 1  with params [-5.05799862  0.30298132  0.01000007  0.50000009]
at minimum 0.0309 accepted 1  with params [-5.55520828  0.17198591  0.03660001  0.50000002]
at minimum 0.0272 accepted 1  with params [-5.92631245  0.87707027  0.01        0.5       ]
at minimum 0.0362 accepted 1  with params [-6.          0.20958779  0.33096065  0.57639633]
at minimum 0.0388 accepted 1  with params [-6.          0.01939478  0.3218624   1.09552327]
at minimum 0.0513 accepted 1  with params [-5.56439823 -0.1         0.26420597  1.1       ]
at minimum 0.0354 accepted 1  with params [-6.          0.6490537   0.5         1.09999927]
at minimum 0.1659 accepted 1  with params [-6.          0.99        0.3348645   0.72474396]
at minimum 0.0471 accepted 1  with params [-5.31905239  0.83526667  0.5         0.59279839]
at minimum 0.0944 accepted 1  with params [-5.09959132  0.15229206  0.5         0.5       ]
at minimum 0.0160 accepted 1  with params [-5.30165206 -0.1         0.01        1.1       ]
at minimum 0.0522 accepted 1  with params [-5.87124729 -0.1         0.49997261  0.5       ]
at minimum 0.0586 accepted 1  with params [-6.         -0.1         0.49999899  1.09999876]
at minimum 0.0724 accepted 1  with params [-5.72737385  0.74477635  0.5         1.09999995]
at minimum 0.1433 accepted 1  with params [-4.99080993  0.99        0.5         0.59583093]
at minimum 0.0353 accepted 1  with params [-5.7504594   0.14639685  0.01        0.5       ]
at minimum 0.0302 accepted 1  with params [-6.          0.90818559  0.01        0.5       ]
at minimum 0.0366 accepted 1  with params [-5.27541805  0.89049695  0.5         0.5       ]
at minimum 0.0854 accepted 1  with params [-5.3528204  0.181687   0.5        0.5      ]
at minimum 0.0167 accepted 1  with params [-5.33450376 -0.1         0.01        1.1       ]
at minimum 0.0427 accepted 1  with params [-6.   -0.1   0.01  1.1 ]
at minimum 0.0509 accepted 1  with params [-5.83934282  0.49002234  0.5         1.1       ]
at minimum 0.0734 accepted 1  with params [-5.72717848  0.43532568  0.49999999  1.09999997]
at minimum 0.0375 accepted 1  with params [-6.         -0.03741536  0.01        1.1       ]
at minimum 0.0888 accepted 1  with params [-5.32845018 -0.06355879  0.2557621   1.09999805]
at minimum 0.0145 accepted 1  with params [-4.91152381 -0.1         0.01        1.1       ]
at minimum 0.1361 accepted 1  with params [-5.2970151   0.57962275  0.45395886  0.91559873]
at minimum 0.1870 accepted 1  with params [-5.04987529  0.9899973   0.30181664  0.7332366 ]
at minimum 0.0309 accepted 1  with params [-5.23118075  0.88032927  0.18468507  0.50000002]
at minimum 0.0386 accepted 1  with params [-6.          0.17171913  0.01        0.5       ]
at minimum 0.0352 accepted 1  with params [-6.          0.26540673  0.01        0.5       ]
at minimum 0.0213 accepted 1  with params [-5.16527706  0.63384004  0.01        0.50000009]
at minimum 0.0146 accepted 1  with params [-5.12689485  0.38347618  0.01        1.1       ]
at minimum 0.0287 accepted 1  with params [-5.29611107  0.88201545  0.01        0.5       ]
at minimum 0.0247 accepted 1  with params [-4.65331603  0.63044412  0.01        0.5       ]
at minimum 0.2292 accepted 1  with params [-3.84025464  0.37017269  0.01        0.5       ]
at minimum 0.2280 accepted 1  with params [-3.37352178  0.4458361   0.28946148  0.50000156]
at minimum 0.2296 accepted 1  with params [-3.35041917  0.54233645  0.01000247  0.50000302]
at minimum 1.0790 accepted 1  with params [-3.99874743  0.87379755  0.5         1.1       ]
at minimum 1.0816 accepted 1  with params [-3.51942011  0.45220446  0.01        1.1       ]
at minimum 0.2079 accepted 1  with params [-4.01970424 -0.1         0.23305974  0.5       ]
at minimum 1.0606 accepted 0  with params [-3.72523952 -0.1         0.5         1.08958374]
at minimum 0.2284 accepted 1  with params [-3.88295414  0.70045387  0.01000277  0.5       ]
at minimum 0.2124 accepted 1  with params [-4.2509352   0.97040545  0.49543472  0.50000023]
