./../runners.py:231: RuntimeWarning: invalid value encountered in multiply
  model_input = self.k*x_tm1
./../dsp_utils.py:9: RuntimeWarning: invalid value encountered in double_scalars
  self.state = 1./self.tau*x + (1-1./self.tau)*self.state
at minimum 0.0811 accepted 1  with params [-4.50000114  0.40000043  0.0500003   0.99999963  0.        ]
at minimum 0.1083 accepted 1  with params [-4.42462550e+00  3.85065687e-01  2.36178608e-01  5.18866168e-01
  1.13486761e-07]
at minimum 0.1370 accepted 1  with params [-4.54284194  0.55825155  0.45392624  0.5         0.20169134]
at minimum 0.0456 accepted 1  with params [-5.02181432  0.76212056  0.49999829  0.5         0.27052252]
at minimum 0.3230 accepted 1  with params [-4.61004547  0.99        0.5         0.5         0.3028405 ]
at minimum 0.3762 accepted 1  with params [-4.30299926  0.99        0.18490193  0.5         0.26662491]
at minimum 0.4577 accepted 1  with params [-4.71258091  0.98999457  0.01        0.67122716  0.53506852]
at minimum 0.2565 accepted 1  with params [-4.4378038   0.79138895  0.49323696  0.53196996  0.53377402]
at minimum 0.0849 accepted 1  with params [-4.37332311  0.29706517  0.11428326  0.75901818  0.94125018]
at minimum 0.1735 accepted 1  with params [-4.25825968  0.69979776  0.01        0.6283251   0.4520014 ]
at minimum 0.2089 accepted 1  with params [-4.31324348  0.58259628  0.32672166  0.5         0.34642654]
at minimum 0.1943 accepted 1  with params [-4.33623089  0.32431781  0.18719827  0.90401688  0.05324434]
at minimum 0.0280 accepted 1  with params [-4.80273924  0.24706169  0.48855677  0.51802065  0.        ]
at minimum 0.1736 accepted 1  with params [-4.49187068 -0.1         0.5         0.63262579  0.        ]
at minimum 0.5629 accepted 1  with params [-4.0941128  -0.1         0.27143375  0.98373081  0.48230719]
at minimum 0.1053 accepted 1  with params [-4.2416281   0.16076773  0.01000186  0.82068107  0.78744099]
at minimum 0.0894 accepted 1  with params [-4.11465941  0.02130436  0.01        0.51113468  0.94696822]
at minimum 0.2969 accepted 1  with params [-3.64545065  0.29114726  0.42471755  0.50000038  0.56706978]
at minimum 0.1459 accepted 1  with params [-3.17799537  0.55619605  0.09901987  0.50000075  0.5090318 ]
at minimum 17.6372 accepted 0  with params [-3.02905105  0.86860494  0.01        0.92814789  0.24619297]
at minimum 0.1320 accepted 1  with params [-3.20725744  0.07744383  0.01        0.88375146  0.68692191]
at minimum 100000000000000000000.0000 accepted 0  with params [-3.          0.12259113  0.5         0.88519782  0.46090617]
at minimum 70.4539 accepted 0  with params [-3.00000088 -0.00754195  0.22374894  1.0999998   0.51556286]
at minimum 0.3397 accepted 1  with params [-3.29873619  0.28629344  0.42254007  0.70438567  1.13057319]
at minimum 0.1381 accepted 1  with params [-3.17411201  0.65633867  0.5         0.5000028   1.55641509]
at minimum 0.0891 accepted 1  with params [-3.0268723   0.39369268  0.23374607  0.78596703  1.82104253]
at minimum 0.1089 accepted 1  with params [-3.43103744 -0.06094824  0.32755574  0.93812587  2.08797531]
at minimum 0.0724 accepted 1  with params [-3.56776926  0.36519601  0.2098186   1.1         1.85508071]
at minimum 0.2101 accepted 1  with params [-3.51263449  0.30531606  0.35938605  0.73860206  1.5766925 ]
at minimum 0.1233 accepted 1  with params [-3.19302138  0.44130129  0.5         0.74054503  1.83982816]
at minimum 0.1714 accepted 1  with params [-3.57533685  0.20481534  0.5         0.50416569  1.70248286]
at minimum 0.1276 accepted 1  with params [-3.39624856  0.53494928  0.5         0.5         1.81365261]
at minimum 0.1997 accepted 1  with params [-3.83050668  0.31988154  0.5         0.5         1.48834122]
at minimum 0.0578 accepted 1  with params [-4.2326643   0.58939     0.06578778  0.5         1.8284829 ]
at minimum 0.1116 accepted 1  with params [-4.53715111  0.61548989  0.47814913  0.76654225  1.62405732]
at minimum 0.0311 accepted 1  with params [-4.95925373  0.26363669  0.49999973  1.09999962  1.80260044]
at minimum 0.0501 accepted 1  with params [-5.05321637  0.33404848  0.5         0.96076187  1.37373426]
at minimum 0.0363 accepted 1  with params [-5.5296725   0.52873517  0.30777243  0.51661736  1.43973387]
at minimum 0.0133 accepted 1  with params [-5.34628654  0.44886973  0.32394394  0.92832562  1.89573615]
at minimum 0.0413 accepted 1  with params [-5.46222357  0.85684293  0.49999983  0.81951843  1.95353442]
at minimum 0.1025 accepted 1  with params [-5.02513301  0.87346302  0.5         1.1         1.76388152]
at minimum 0.6107 accepted 0  with params [-5.47526876  0.99        0.5         1.1         2.10727008]
at minimum 0.5722 accepted 1  with params [-4.55984769  0.99        0.5         0.73443826  1.30259731]
at minimum 0.4551 accepted 1  with params [-4.33816855  0.98999501  0.12598994  0.68095253  1.43159952]
at minimum 1.0592 accepted 0  with params [-4.14250878  0.99        0.25475132  1.1         1.74320174]
at minimum 1.2652 accepted 1  with params [-4.12370771  0.99        0.3183556   1.09871673  1.12254865]
at minimum 0.1359 accepted 1  with params [-3.81919055  0.68140623  0.22983355  0.90134155  1.60222564]
at minimum 0.2344 accepted 1  with params [-4.08033155  0.340171    0.49253329  0.87015888  1.67644318]
at minimum 0.2360 accepted 1  with params [-3.76316975  0.50195178  0.5         0.97355144  2.05658485]
at minimum 0.3387 accepted 1  with params [-3.60910357  0.38379502  0.5         1.1         1.86315055]
at minimum 0.0718 accepted 1  with params [-3.30791254  0.36941849  0.5         0.6420829   2.33295301]
at minimum 0.0247 accepted 1  with params [-4.91496401  0.22032479  0.21433075  0.60944452  0.95796023]
at minimum 0.0580 accepted 1  with params [-5.1593039   0.25127733  0.01        0.5         1.0922395 ]
at minimum 0.0341 accepted 1  with params [-5.35189143  0.18456607  0.30047814  0.5         1.30366738]
at minimum 0.0422 accepted 1  with params [-5.34227183  0.71431483  0.19664699  0.57059806  1.74447067]
at minimum 0.0799 accepted 1  with params [-5.21442049  0.91095569  0.08072128  0.5         1.73651322]
at minimum 0.1555 accepted 1  with params [-5.39637467  0.97829696  0.01000239  0.50000348  2.09519856]
at minimum 0.0286 accepted 1  with params [-5.05558981  0.5022324   0.19153987  0.69404906  1.83818032]
at minimum 0.0550 accepted 1  with params [-4.60949539e+00 -5.60570821e-04  1.00000000e-02  5.00000000e-01
  1.55194312e+00]
at minimum 0.1770 accepted 1  with params [-4.13525027 -0.1         0.43789035  0.50000014  1.24254882]
at minimum 0.1711 accepted 1  with params [-3.87557305  0.29810728  0.5         0.5         1.64460299]
at minimum 0.3161 accepted 1  with params [-3.71108696  0.64866613  0.30943985  0.69452127  1.09816697]
at minimum 0.0612 accepted 1  with params [-3.4893407   0.16330998  0.01        0.5         1.63415928]
at minimum 0.1132 accepted 0  with params [-3.11560675 -0.07413519  0.5         0.82462934  1.85722919]
at minimum 0.4040 accepted 0  with params [-3.69966052  0.36547532  0.5         0.7418206   1.22650374]
at minimum 0.0617 accepted 1  with params [-3.44289339 -0.00727847  0.03795598  0.58684161  1.21370729]
at minimum 0.0864 accepted 1  with params [-3.00000371 -0.09999868  0.01000062  0.5         1.43655779]
at minimum 0.1620 accepted 1  with params [-3.25616738  0.44626039  0.2756245   0.77400174  1.60870479]
at minimum 0.0634 accepted 1  with params [-3.          0.77771415  0.01        0.87342184  1.11714722]
at minimum 0.1037 accepted 0  with params [-3.23117702  0.50090006  0.01        0.59482092  0.85852763]
at minimum 0.3446 accepted 1  with params [-3.0652422   0.98999954  0.01000134  0.50000042  0.67649258]
at minimum 80.2799 accepted 0  with params [-3.00000106  0.98999962  0.01000017  0.50000021  0.31819101]
at minimum 0.9231 accepted 0  with params [-3.12064584  0.98999974  0.43632592  0.5         0.96465757]
at minimum 0.1257 accepted 1  with params [-3.61594728  0.51152551  0.03562387  0.5         0.8589765 ]
at minimum 0.3827 accepted 1  with params [-4.14196906  0.66270789  0.36552405  0.56667436  0.4054566 ]
at minimum 0.3981 accepted 1  with params [-4.08026434e+00  9.26831210e-01  2.46072040e-01  5.00000000e-01
  1.42116435e-14]
at minimum 0.4982 accepted 1  with params [-3.90443773  0.99        0.19093284  0.55751859  0.42330721]
at minimum 0.9253 accepted 1  with params [-3.96028556  0.57848254  0.43113573  0.95654516  0.37499069]
at minimum 0.3211 accepted 1  with params [-4.48046196  0.99        0.23588824  0.5         0.11160237]
at minimum 0.2749 accepted 1  with params [-4.82432066  0.99        0.5         0.50000035  0.07919862]
at minimum 0.2876 accepted 1  with params [-4.83667993  0.99        0.15854577  0.53723052  0.37462111]
at minimum 0.0586 accepted 1  with params [-4.94689476  0.62939073  0.01000003  0.50097427  0.83406282]
at minimum 0.0191 accepted 1  with params [-5.08703381  0.43329035  0.27518934  0.92076074  1.05230837]
at minimum 0.0436 accepted 0  with params [-5.35897328  0.14353441  0.01        1.09999245  0.97953489]
at minimum 0.0439 accepted 1  with params [-4.74945787  0.49390968  0.5         1.05438376  1.28623001]
at minimum 0.2067 accepted 0  with params [-5.04087925  0.94954502  0.32124805  0.95625542  1.03778675]
at minimum 0.0854 accepted 1  with params [-4.25983957  0.08203837  0.32836836  1.09999994  1.65781882]
at minimum 0.0921 accepted 1  with params [-4.47856067 -0.1         0.45323306  1.1         1.3669353 ]
at minimum 0.2500 accepted 1  with params [-4.37949912  0.11655485  0.5         0.81115437  1.09816055]
at minimum 0.0341 accepted 1  with params [-4.85817271  0.53017069  0.5         0.53925102  1.22014801]
at minimum 0.2515 accepted 1  with params [-5.26070515  0.98999998  0.49999999  0.54679814  1.24969548]
at minimum 0.0751 accepted 1  with params [-4.73917489  0.78420469  0.04467115  0.61041317  0.80692077]
at minimum 0.1873 accepted 0  with params [-4.23167656  0.34550603  0.23375812  0.5         0.40375071]
at minimum 0.0645 accepted 1  with params [-4.8162423   0.74569065  0.06937531  0.5         1.36001415]
at minimum 0.2586 accepted 1  with params [-4.71481683  0.99        0.26841899  0.5         1.40234317]
at minimum 0.5926 accepted 0  with params [-4.5632396   0.99        0.29064662  0.89883907  1.57276852]
at minimum 0.0260 accepted 1  with params [-5.16992478  0.53073301  0.42204124  0.5         1.79867979]
at minimum 0.0269 accepted 1  with params [-5.2464049   0.38867943  0.5         0.5         1.36519474]
at minimum 0.0365 accepted 1  with params [-5.19542653  0.04573338  0.44178448  0.68233444  1.24773195]
at minimum 0.0190 accepted 1  with params [-4.89807906  0.04789331  0.11976708  1.06472145  1.43053709]
at minimum 0.0475 accepted 1  with params [-4.86335424  0.30869239  0.01000001  0.69716174  1.23830597]
at minimum 0.0269 accepted 1  with params [-5.05569658  0.3905326   0.38442141  0.78275675  0.88279367]
at minimum 0.0239 accepted 1  with params [-5.58850547  0.56080402  0.5         1.00166132  0.34728089]
at minimum 0.0321 accepted 1  with params [-5.18859987  0.77047065  0.49788428  0.60243846  0.59334172]
at minimum 0.1118 accepted 0  with params [-5.30193827  0.32866572  0.49999971  1.09999954  0.99723815]
at minimum 0.2314 accepted 1  with params [-4.57964968  0.93020546  0.4999998   0.5         0.90512231]
at minimum 0.1870 accepted 1  with params [-4.73930372  0.94167244  0.48949423  0.50000001  0.81331472]
at minimum 0.0519 accepted 1  with params [-4.88750308  0.64105808  0.15254026  0.5         0.70701322]
at minimum 0.0567 accepted 1  with params [-4.65132432  0.25405038  0.01000008  0.50000006  0.86001564]
at minimum 0.0638 accepted 1  with params [-4.8582233   0.72203781  0.01        0.5         0.74083854]
at minimum 0.0857 accepted 1  with params [-4.66480103  0.72209214  0.01        0.91242877  0.54120233]
at minimum 0.4133 accepted 1  with params [-4.3574168   0.65859546  0.28989939  1.1         0.45628327]
at minimum 1.4394 accepted 0  with params [-4.13617377  0.99        0.44084345  1.09886717  0.95322653]
at minimum 1.0537 accepted 0  with params [-3.93226955  0.99        0.01        0.91602772  0.55699027]
at minimum 0.2780 accepted 1  with params [-4.46965727  0.32643372  0.5         0.91935477  0.96688143]
at minimum 0.0526 accepted 1  with params [-4.79685551  0.61099164  0.5         1.1         1.42027723]
at minimum 0.0129 accepted 1  with params [-4.77864411  0.05446459  0.5         1.1         1.66900979]
at minimum 0.0421 accepted 1  with params [-4.68337597 -0.09999987  0.01677524  1.09999993  1.44290128]
at minimum 0.0418 accepted 1  with params [-5.01042487 -0.1         0.01        1.07498372  1.57565996]
at minimum 0.0349 accepted 1  with params [-5.22997083 -0.1         0.08155116  1.1         2.19204532]
at minimum 0.0461 accepted 1  with params [-4.8482379  -0.1         0.01        1.07714413  2.4280789 ]
at minimum 0.0456 accepted 1  with params [-4.73767364  0.32992581  0.01        0.7568569   2.04630814]
at minimum 0.0557 accepted 1  with params [-4.1399486   0.07849727  0.01000001  0.94775875  2.24214952]
at minimum 0.0361 accepted 1  with params [-4.0775252  -0.1         0.31316149  1.1         2.06979545]
at minimum 0.1363 accepted 1  with params [-4.03109892  0.18441935  0.48706137  0.70069522  1.91053933]
at minimum 0.0446 accepted 1  with params [-4.61135479  0.2833659   0.5         0.95276525  1.6542551 ]
at minimum 0.0306 accepted 1  with params [-4.66461287  0.46976808  0.19625107  1.1         1.94550694]
at minimum 0.8206 accepted 0  with params [-4.62779289  0.99        0.01        1.1         1.79532723]
at minimum 0.0119 accepted 1  with params [-5.0320846   0.0443822   0.25017131  1.09999974  2.4410964 ]
at minimum 0.0567 accepted 1  with params [-4.92774064  0.65375047  0.18674649  0.5         2.91723515]
at minimum 0.1030 accepted 0  with params [-4.73854202  0.90399297  0.5         0.91031603  2.63230627]
at minimum 0.0660 accepted 1  with params [-4.53478765  0.62576815  0.13895612  0.5         3.47560402]
at minimum 0.0892 accepted 1  with params [-6.   -0.1   0.01  0.5   0.  ]
at minimum 0.0563 accepted 1  with params [-6.          0.48682407  0.01        0.74616935  0.        ]
at minimum 0.0904 accepted 1  with params [-5.91909049e+00  8.90363063e-01  1.00014551e-02  1.01282298e+00
  5.26550201e-07]
at minimum 0.0515 accepted 1  with params [-5.91381514  0.54958105  0.01        0.84062289  0.        ]
at minimum 0.0172 accepted 1  with params [-5.7277647   0.45291487  0.49999876  0.83104872  0.61609536]
at minimum 0.0355 accepted 1  with params [-5.32572172 -0.07209694  0.5         0.5         0.74006898]
at minimum 0.0287 accepted 1  with params [-5.32665124  0.20330446  0.41433058  0.5000014   0.5963708 ]
at minimum 0.0870 accepted 1  with params [-5.91236437 -0.1         0.01        0.5         1.00973698]
at minimum 0.0652 accepted 1  with params [-6.          0.11331557  0.01        1.03611219  0.95332339]
at minimum 0.0608 accepted 1  with params [-5.85229028  0.08502451  0.01000036  1.1         1.13636156]
at minimum 0.0320 accepted 1  with params [-6.          0.50074874  0.25995847  1.1         1.52543545]
at minimum 0.0463 accepted 1  with params [-5.69013758  0.33902372  0.01        1.1         1.50114348]
at minimum 0.0593 accepted 1  with params [-5.59904275  0.17399809  0.05874174  0.65345778  1.9517054 ]
at minimum 0.0148 accepted 1  with params [-4.99653576  0.35600589  0.5         0.97181408  2.06451342]
at minimum 0.0573 accepted 1  with params [-5.4715369   0.48905909  0.01        0.5712894   1.96096945]
at minimum 0.0598 accepted 1  with params [-6.          0.51343306  0.01        0.63243899  1.75056144]
at minimum 0.0367 accepted 1  with params [-6.          0.61384104  0.22299682  1.06976407  1.7397959 ]
at minimum 0.6135 accepted 1  with params [-6.         0.99       0.01       1.1        1.6552148]
at minimum 0.3916 accepted 1  with params [-5.52607025  0.99        0.20726615  0.80620748  1.27163264]
at minimum 0.5895 accepted 0  with params [-5.75474033  0.99        0.5         1.1         1.86973231]
at minimum 0.0578 accepted 1  with params [-5.28674831  0.60329284  0.01        0.50664388  1.33993049]
at minimum 0.0575 accepted 1  with params [-5.09231221  0.60544332  0.01        0.5         1.56977705]
at minimum 0.0692 accepted 1  with params [-5.56371931  0.86775313  0.01        0.68959597  0.91654651]
at minimum 0.0284 accepted 1  with params [-5.55557637  0.19295947  0.2415328   0.81351172  1.20186518]
at minimum 0.0335 accepted 1  with params [-5.16304444  0.47216912  0.46768644  0.8733367   1.57626974]
at minimum 0.0560 accepted 1  with params [-5.84088041  0.45270012  0.11729431  0.60692019  1.76652909]
at minimum 0.2302 accepted 1  with params [-5.24934408  0.99        0.41758285  0.5         2.28682903]
at minimum 0.2408 accepted 1  with params [-5.20401661  0.99        0.49999999  0.5         2.19609535]
at minimum 0.0089 accepted 1  with params [-4.86133152  0.34540085  0.5         0.99697249  2.60443938]
at minimum 0.0569 accepted 1  with params [-4.30967143  0.27679309  0.01        1.00081071  2.50860684]
at minimum 0.0734 accepted 1  with params [-4.54785737 -0.00700008  0.26939233  1.1         3.00582815]
at minimum 0.0687 accepted 1  with params [-4.43053687 -0.09999979  0.16487769  0.57651287  2.51911988]
at minimum 0.0773 accepted 1  with params [-4.05258583  0.09544505  0.4961745   0.55790419  2.8440444 ]
at minimum 0.0844 accepted 1  with params [-4.50344642 -0.0999987   0.49999941  0.5         3.1425018 ]
at minimum 0.0875 accepted 1  with params [-4.48802713 -0.04706792  0.01        0.5         2.63424874]
at minimum 0.0259 accepted 1  with params [-5.10376679 -0.1         0.5         0.5         1.95774086]
at minimum 0.0436 accepted 1  with params [-4.6059769   0.27801711  0.49999958  0.50000031  2.38489395]
at minimum 0.0493 accepted 1  with params [-5.19262227  0.79042171  0.24043659  0.5         2.12096086]
at minimum 0.0470 accepted 1  with params [-5.0929115   0.40753264  0.11960993  0.5         1.93960721]
at minimum 0.2881 accepted 1  with params [-4.69857149  0.98999998  0.01        0.5         1.59842118]
at minimum 0.2928 accepted 1  with params [-4.29608412  0.99        0.19316932  0.5         2.25201708]
at minimum 0.3454 accepted 1  with params [-3.70428485  0.99        0.01426342  0.74637539  1.89921399]
at minimum 0.9654 accepted 1  with params [-3.56471374  0.99        0.01        1.1         1.24862758]
at minimum 0.4338 accepted 1  with params [-3.21973617  0.99        0.5         0.50300083  1.41332463]
at minimum 0.1789 accepted 1  with params [-3.00000691  0.41635414  0.49999989  0.50000097  1.18049462]
at minimum 0.2965 accepted 1  with params [-3.66744088 -0.1         0.5         0.5         0.63777955]
at minimum 0.5156 accepted 1  with params [-3.82624373 -0.1         0.5         0.68178572  0.39818222]
at minimum 0.8460 accepted 0  with params [-3.96287739 -0.0999992   0.5         0.99390734  0.60274728]
at minimum 0.1699 accepted 1  with params [-3.41222758e+00  1.06982128e-01  1.00000636e-02  5.15522042e-01
  5.39350771e-07]
at minimum 1.2443 accepted 0  with params [-3.44897660e+00  4.26424337e-01  5.00000000e-01  1.07847749e+00
  7.87354587e-23]
at minimum 0.1400 accepted 1  with params [-3.26440675e+00 -9.49106512e-02  1.00000000e-02  5.00000000e-01
  1.74762667e-15]
at minimum 0.4267 accepted 0  with params [-3.81839705  0.49700643  0.43458386  0.53005696  0.        ]
at minimum 0.2749 accepted 1  with params [-3.39061355  0.09534063  0.32918672  0.5         0.16359043]
at minimum 0.5542 accepted 1  with params [-3.29111017  0.46454161  0.5         0.67428791  0.39575755]
at minimum 0.1077 accepted 1  with params [-3.59087946  0.16963909  0.01        0.68600009  1.00349093]
at minimum 0.0802 accepted 1  with params [-3.09717662  0.62047483  0.01        1.1         1.07162824]
at minimum 0.7605 accepted 1  with params [-3.32466355  0.69873678  0.5         1.09999986  1.28558985]
at minimum 0.3224 accepted 1  with params [-3.8076081   0.3670285   0.5         0.50000036  0.67237538]
at minimum 0.1968 accepted 1  with params [-3.80071734  0.32117194  0.01000092  0.80400474  0.79201152]
at minimum 0.1876 accepted 1  with params [-4.454926    0.20974527  0.41092806  1.1         1.04554163]
at minimum 0.0396 accepted 1  with params [-4.64929575  0.29618714  0.17848153  1.1         1.31017986]
at minimum 0.0630 accepted 1  with params [-4.47610645  0.37276172  0.37163173  0.99447936  1.69146656]
at minimum 0.0600 accepted 1  with params [-4.17552464 -0.03239204  0.01        0.5         1.42628103]
at minimum 0.2145 accepted 1  with params [-3.99710450e+00  2.74842447e-03  4.75976734e-01  5.00000000e-01
  1.21901676e+00]
at minimum 0.3316 accepted 1  with params [-4.09749014  0.31486723  0.5         0.5         0.64205765]
at minimum 0.1793 accepted 1  with params [-4.12047263  0.13019317  0.1502708   0.75534875  0.81246025]
at minimum 0.0676 accepted 1  with params [-4.21704282 -0.01650122  0.01000081  0.50000117  1.13538461]
at minimum 0.1764 accepted 1  with params [-3.80975333 -0.09999948  0.27384447  1.1         1.46200234]
at minimum 0.0825 accepted 1  with params [-4.37717143  0.04842978  0.01        1.09999989  0.76794985]
