./../runners.py:306: RuntimeWarning: invalid value encountered in multiply
  model_input = self.k*x_tm1
./../dsp_utils.py:9: RuntimeWarning: invalid value encountered in double_scalars
  self.state = 1./self.tau*x + (1-1./self.tau)*self.state
at minimum 0.0258 accepted 1  with params [-3.68299949  0.84520085  0.1009003   0.88580015 -3.99999707]
at minimum 0.0404 accepted 1  with params [-3.84948042  1.20837102  0.01        1.01406599 -4.        ]
at minimum 0.0394 accepted 1  with params [-4.0661903   1.00324713  0.01000133  1.03011479 -3.9999999 ]
at minimum 0.0317 accepted 1  with params [-4.13921695  0.57199394  0.0303037   1.06015957 -3.99999947]
at minimum 0.0228 accepted 1  with params [-4.28083256  0.37927765  0.10651958  0.98113045 -3.83809526]
at minimum 0.0167 accepted 1  with params [-4.08469459  0.47712856  0.5         0.53558513 -3.84979419]
at minimum 0.0528 accepted 1  with params [-4.57189018  0.65007742  0.5         0.52421512 -3.85910748]
at minimum 0.0266 accepted 1  with params [-4.56711582  0.17869522  0.5         0.51929743 -4.        ]
at minimum 0.0768 accepted 1  with params [-4.31879993  0.1547245   0.34923046  0.50000009 -4.        ]
at minimum 0.0387 accepted 1  with params [-4.53295981  0.51175794  0.01        0.86702915 -3.90105412]
at minimum 0.0172 accepted 1  with params [-4.99157397  0.27068216  0.1921128   1.07286567 -3.99999893]
at minimum 0.1290 accepted 1  with params [-4.95619565  0.36140637  0.35352322  1.1        -4.        ]
at minimum 0.0433 accepted 1  with params [-5.10618784  0.43718022  0.01655034  0.97789673 -4.        ]
at minimum 0.0545 accepted 1  with params [-5.49003497  0.49630414  0.01        1.09999958 -3.69174799]
at minimum 0.0824 accepted 1  with params [-5.92374239  0.65416836  0.01        0.60214475 -3.31887445]
at minimum 0.0759 accepted 1  with params [-5.62063345  0.17160221  0.01000018  0.5        -2.9527603 ]
at minimum 0.0738 accepted 1  with params [-5.56552194  0.60193552  0.03228771  0.5377319  -3.19164291]
at minimum 0.0451 accepted 1  with params [-5.37164721  0.48076049  0.32736538  0.5        -3.13339334]
at minimum 0.0586 accepted 1  with params [-5.24606972  0.56064513  0.01000002  0.71211492 -3.20120702]
at minimum 0.0516 accepted 1  with params [-4.86185598  0.44363565  0.01000084  0.61742435 -3.47390279]
at minimum 0.0483 accepted 1  with params [-4.74420658  0.34281576  0.01        0.62678434 -3.95399552]
at minimum 0.0573 accepted 1  with params [-4.64863894  0.70148241  0.01        0.5        -4.        ]
at minimum 0.0441 accepted 1  with params [-4.2217366   0.63532657  0.01        0.64865487 -3.67533725]
at minimum 0.0235 accepted 1  with params [-4.2087812   0.33310129  0.30815063  0.6229683  -3.27051937]
at minimum 0.0569 accepted 1  with params [-4.53647543  0.34897408  0.5         1.01104001 -3.27874427]
at minimum 0.8125 accepted 0  with params [-4.24518046  0.          0.40885032  1.1        -3.62725873]
at minimum 0.0158 accepted 1  with params [-4.67122791  0.25510381  0.34979833  0.68350841 -3.30177706]
at minimum 0.0209 accepted 1  with params [-4.64739116  0.17600151  0.17248358  0.79908967 -3.02989942]
at minimum 0.0285 accepted 1  with params [-4.51563209  0.20903789  0.43423095  0.5        -3.36079227]
at minimum 0.1688 accepted 1  with params [-4.27081869e+00  8.81267072e-06  2.82730068e-01  5.00002639e-01
 -3.30061192e+00]
at minimum 0.0463 accepted 1  with params [-4.56823737  0.10669039  0.17807541  0.50000059 -2.84276911]
at minimum 0.2091 accepted 1  with params [-4.28460703e+00  2.57982194e-06  4.99999368e-01  5.00000774e-01
 -2.86478928e+00]
at minimum 0.0461 accepted 1  with params [-4.61986508  0.          0.26041702  0.73265426 -2.54959095]
at minimum 0.0215 accepted 1  with params [-5.02234062  0.          0.49999903  0.9396703  -2.1809938 ]
at minimum 0.0730 accepted 1  with params [-5.40672275  0.          0.46919251  0.5        -1.71309763]
at minimum 0.0852 accepted 1  with params [-5.72200005  0.16635133  0.16172     0.50918929 -1.6712273 ]
at minimum 0.0922 accepted 1  with params [-6.00000000e+00  6.55360000e-16  5.00000000e-01  5.00000000e-01
 -1.31119315e+00]
at minimum 0.0923 accepted 1  with params [-6.          0.07791077  0.26699184  0.81050909 -1.13560267]
at minimum 0.0763 accepted 1  with params [-5.58986008  0.          0.01        1.1        -1.44223511]
at minimum 0.0597 accepted 1  with params [-5.62807216  0.25525453  0.27387054  0.98827764 -1.94070003]
at minimum 0.0521 accepted 1  with params [-5.33594636  0.2694336   0.22646166  0.62605576 -2.26581566]
at minimum 0.0675 accepted 1  with params [-5.18338354  0.6128634   0.01000016  0.50000021 -2.57312812]
at minimum 0.0662 accepted 1  with params [-5.24230547  0.31907239  0.01        0.5        -2.75670715]
at minimum 0.0392 accepted 1  with params [-5.07683685  0.26334141  0.09325669  0.73383706 -2.74989944]
at minimum 0.0681 accepted 1  with params [-5.23699554  0.52943555  0.01000006  0.5        -2.59306638]
at minimum 0.0303 accepted 1  with params [-5.471161    0.22250173  0.35370756  0.8754056  -2.54406467]
at minimum 0.0152 accepted 1  with params [-5.20396869  0.24134338  0.42352597  1.09999931 -2.55245571]
at minimum 0.0288 accepted 1  with params [-5.43540891  0.7350975   0.4999989   0.78019336 -2.44116816]
at minimum 0.0264 accepted 1  with params [-5.58014422  1.00555058  0.5         1.04913867 -2.78160821]
at minimum 0.0797 accepted 1  with params [-5.95994697  1.09459879  0.03710865  0.80789803 -2.97780123]
at minimum 0.0635 accepted 1  with params [-5.77468327  0.57733242  0.23810334  0.75847498 -2.66985016]
