./../runners.py:306: RuntimeWarning: invalid value encountered in multiply
  model_input = self.k*x_tm1
./../dsp_utils.py:9: RuntimeWarning: invalid value encountered in double_scalars
  self.state = 1./self.tau*x + (1-1./self.tau)*self.state
at minimum 0.0309 accepted 1  with params [-3.683   0.8452  0.1009  0.8858 -4.    ]
at minimum 0.0197 accepted 1  with params [-3.69102962  0.48213798  0.40396178  1.1        -4.        ]
at minimum 0.2470 accepted 1  with params [-3.61759363  0.82438791  0.2002869   1.03155368 -3.68919101]
at minimum 0.4460 accepted 1  with params [-3.710718    0.86789012  0.5         1.1        -4.        ]
at minimum 0.0334 accepted 1  with params [-4.09356067  1.10182896  0.5         0.6848486  -3.77910368]
at minimum 0.0433 accepted 1  with params [-4.36702968  0.88942772  0.5         0.50000028 -3.77784512]
at minimum 0.0368 accepted 1  with params [-4.01329742  1.2505534   0.5         0.96914883 -3.66877861]
at minimum 0.2314 accepted 1  with params [-4.16671172  0.90032547  0.5         1.09999999 -3.98399596]
at minimum 0.0525 accepted 1  with params [-4.34365751  1.18559273  0.09072659  0.93694344 -3.89083776]
at minimum 0.0580 accepted 1  with params [-4.45047799  1.08696593  0.01        1.1        -3.43716291]
at minimum 0.0830 accepted 1  with params [-4.38710716  0.66609748  0.42560605  0.65516768 -3.51536297]
at minimum 0.0766 accepted 1  with params [-4.72859156  0.76253428  0.49999942  0.71755558 -3.66446101]
at minimum 0.1704 accepted 1  with params [-4.58045508  0.57677588  0.32252957  1.1        -3.68418043]
at minimum 0.0833 accepted 1  with params [-4.94767417  0.4947211   0.5         0.74110607 -3.81591856]
at minimum 0.0190 accepted 1  with params [-4.89715376  0.24580053  0.15805633  1.09999963 -3.43034923]
at minimum 0.0689 accepted 1  with params [-5.01691115  0.55114681  0.01        0.73376068 -2.98987738]
at minimum 0.0577 accepted 1  with params [-4.65015997  0.95324663  0.01000043  1.09999945 -2.82470757]
at minimum 0.0478 accepted 1  with params [-5.12042581  1.2116972   0.36963545  0.69858764 -2.8884816 ]
at minimum 0.0299 accepted 1  with params [-5.25755297  1.30877009  0.5         1.1        -3.38794308]
at minimum 0.0316 accepted 1  with params [-5.25181484  0.86594637  0.25312752  1.1        -3.8407185 ]
at minimum 0.0317 accepted 1  with params [-5.13699067  1.01686831  0.45150691  1.1        -3.99999999]
at minimum 0.0465 accepted 1  with params [-5.51264467  0.93179552  0.5         0.71320698 -3.62673731]
at minimum 0.0388 accepted 1  with params [-5.63888732  1.02475661  0.47749025  1.09999991 -3.25575878]
at minimum 0.0629 accepted 1  with params [-6.          1.31291479  0.5         1.1        -3.46874434]
at minimum 0.0766 accepted 1  with params [-5.81564533  1.38448125  0.20724208  1.1        -3.00489832]
at minimum 0.0939 accepted 1  with params [-6.          1.28119183  0.02483458  1.08096212 -3.33742965]
at minimum 0.0420 accepted 1  with params [-5.50080899  1.36436959  0.5         0.95026345 -3.37738487]
at minimum 0.0689 accepted 1  with params [-5.60490246  1.09398002  0.15279474  1.1        -2.90732839]
at minimum 0.0919 accepted 1  with params [-5.83693819  1.48419575  0.01        1.09999995 -2.42715072]
at minimum 0.0970 accepted 1  with params [-6.          1.67952137  0.01        1.1        -2.35977375]
at minimum 0.0725 accepted 1  with params [-6.          1.29123998  0.40300539  1.09999805 -2.75756213]
at minimum 0.0565 accepted 1  with params [-5.85508163  1.50585772  0.5         1.09999005 -2.83285143]
at minimum 0.0655 accepted 1  with params [-5.9999977   1.25376851  0.5         1.09999958 -2.79850258]
at minimum 0.0577 accepted 1  with params [-5.76644344  0.84016223  0.5         0.96813639 -2.33900978]
at minimum 0.0334 accepted 1  with params [-5.2835687   1.32196483  0.49999868  1.09999846 -2.02807378]
at minimum 0.0832 accepted 1  with params [-5.72110279  0.87161285  0.49999977  0.74094115 -1.77932014]
at minimum 0.0994 accepted 1  with params [-5.64011135  0.70633075  0.06559562  0.74183173 -1.50955545]
at minimum 0.0960 accepted 1  with params [-5.62466401  0.239985    0.01000102  0.65517851 -1.83015561]
at minimum 0.0942 accepted 1  with params [-5.18005714  0.49022392  0.01000003  0.5        -1.48704749]
at minimum 0.0450 accepted 1  with params [-4.84666548  0.87117645  0.4293121   0.89614617 -1.17992615]
at minimum 0.0386 accepted 1  with params [-4.36469406  0.97772264  0.12194502  1.1        -1.50673417]
at minimum 0.0211 accepted 1  with params [-4.68361109  1.02133516  0.37758424  1.0999998  -1.89646797]
at minimum 0.1798 accepted 1  with params [-4.2218681   0.59107167  0.5         1.07135749 -1.52648826]
at minimum 0.0157 accepted 1  with params [-4.12318858  0.29627821  0.5         0.76124304 -1.67448928]
at minimum 0.0477 accepted 1  with params [-4.22332525  0.79009288  0.49999999  0.56745873 -1.80001242]
at minimum 0.0412 accepted 1  with params [-3.87519841  0.91333833  0.49999973  0.50000027 -1.92661405]
at minimum 0.0472 accepted 1  with params [-3.52319993  0.72433035  0.5         0.51175116 -2.13623586]
at minimum 0.0323 accepted 1  with params [-3.49046939  0.55671994  0.5         0.5        -2.46637487]
at minimum 0.4664 accepted 1  with params [-3.56424706  0.18451202  0.49711802  0.60977957 -2.95946076]
at minimum 0.0608 accepted 1  with params [-3.92557564  0.47302315  0.08062491  0.5        -3.39864953]
at minimum 0.0457 accepted 1  with params [-4.11787607  0.40536057  0.22597967  0.50087714 -3.64560296]
