at minimum 0.0180 accepted 1  with params [-3.68299958  0.84520072  0.10090024  0.88580013 -3.99999752]
at minimum 0.0219 accepted 1  with params [-3.63418607  1.06039008  0.20366362  0.93068332 -4.        ]
at minimum 0.0133 accepted 1  with params [-3.4408654   1.16315346  0.2485468   0.91972316 -3.85410589]
at minimum 0.0193 accepted 1  with params [-3.22567597  1.26591683  0.29342999  0.84337782 -3.70821177]
at minimum 0.0187 accepted 1  with params [-3.01997336  1.36868021  0.20333613  0.72512099 -3.56231766]
at minimum 0.0205 accepted 1  with params [-3.04347956  1.2683422   0.23220807  0.68306147 -3.41642355]
at minimum 0.0228 accepted 1  with params [-3.          1.37110557  0.27709125  0.82095855 -3.27052943]
at minimum 0.0269 accepted 1  with params [-3.          1.47386895  0.32197444  0.74461335 -3.12463532]
at minimum 0.0241 accepted 1  with params [-3.20320028  1.57663233  0.36685762  0.88848726 -2.97874121]
at minimum 0.0387 accepted 1  with params [-4.1449197  1.6793957  0.4117408  1.1       -2.8328471]
at minimum 0.0277 accepted 1  with params [-3.92973034  1.78215908  0.45662399  1.1        -2.68695298]
at minimum 0.0221 accepted 1  with params [-3.71454097  1.88492245  0.5         1.1        -2.54105887]
at minimum 0.0257 accepted 1  with params [-3.4993516   1.98768583  0.5         1.00624755 -2.39516476]
at minimum 0.0306 accepted 1  with params [-3.28416224  2.          0.5         0.72468577 -2.24927064]
at minimum 0.0482 accepted 1  with params [-3.06897287  2.          0.5         0.5        -2.10337653]
at minimum 0.0355 accepted 1  with params [-4.06334384  2.          0.5         1.1        -1.95748242]
at minimum 0.0270 accepted 1  with params [-3.84815447  2.          0.5         1.1        -1.8115883 ]
at minimum 0.0232 accepted 1  with params [-3.66976517  2.          0.5         1.1        -1.66569419]
at minimum 0.0233 accepted 1  with params [-3.62360056  2.          0.5         1.1        -1.51479118]
at minimum 0.0237 accepted 1  with params [-3.58820639  2.          0.5         1.1        -1.36889707]
at minimum 0.0286 accepted 1  with params [-3.37301702  2.          0.5         0.85556452 -1.22300296]
at minimum 0.0335 accepted 1  with params [-3.15782766  2.          0.5         0.53142604 -1.07710884]
at minimum 0.0527 accepted 1  with params [-4.23806461  2.          0.5         1.1        -0.93121473]
at minimum 0.0417 accepted 1  with params [-4.02287524  2.          0.5         1.1        -0.78532062]
at minimum 0.0306 accepted 1  with params [-3.80778888  2.          0.5         1.1        -0.6394265 ]
at minimum 0.0244 accepted 1  with params [-3.59259951  2.          0.5         1.1        -0.49353239]
at minimum 0.0271 accepted 1  with params [-3.42659583  2.          0.5         0.98855437 -0.34763828]
at minimum 0.0254 accepted 1  with params [-3.48482404  2.          0.5         1.1        -0.20174417]
at minimum 0.0305 accepted 1  with params [-3.26963467  2.          0.5         0.757535   -0.05585005]
at minimum 0.0385 accepted 1  with params [-3.27965692  2.          0.5         0.97148127 -0.00767536]
at minimum 0.0418 accepted 1  with params [-3.06446755  2.          0.5         0.5         0.        ]
at minimum 0.0291 accepted 1  with params [-3.32979812  2.          0.5         0.88435599  0.        ]
at minimum 0.0346 accepted 1  with params [-3.11460875  2.          0.5         0.5         0.        ]
at minimum 0.0291 accepted 1  with params [-3.32979812  2.          0.5         0.88435599  0.        ]
at minimum 0.0346 accepted 1  with params [-3.11460875  2.          0.5         0.5         0.        ]
at minimum 0.0291 accepted 1  with params [-3.32979812  2.          0.5         0.88435599  0.        ]
at minimum 0.0346 accepted 1  with params [-3.11460875  2.          0.5         0.5         0.        ]
at minimum 0.0291 accepted 1  with params [-3.32979812  2.          0.5         0.88435599  0.        ]
at minimum 0.0346 accepted 1  with params [-3.11460875  2.          0.5         0.5         0.        ]
at minimum 0.0291 accepted 1  with params [-3.32979812  2.          0.5         0.88435599  0.        ]
at minimum 0.0346 accepted 1  with params [-3.11460875  2.          0.5         0.5         0.        ]
at minimum 0.0291 accepted 1  with params [-3.32979812  2.          0.5         0.88435599  0.        ]
at minimum 0.0346 accepted 1  with params [-3.11460875  2.          0.5         0.5         0.        ]
at minimum 0.0291 accepted 1  with params [-3.32979812  2.          0.5         0.88435599  0.        ]
at minimum 0.0346 accepted 1  with params [-3.11460875  2.          0.5         0.5         0.        ]
at minimum 0.0291 accepted 1  with params [-3.32979812  2.          0.5         0.88435599  0.        ]
at minimum 0.0346 accepted 1  with params [-3.11460875  2.          0.5         0.5         0.        ]
at minimum 0.0291 accepted 1  with params [-3.32979812  2.          0.5         0.88435599  0.        ]
at minimum 0.0346 accepted 1  with params [-3.11460875  2.          0.5         0.5         0.        ]
at minimum 0.0291 accepted 1  with params [-3.32979812  2.          0.5         0.88435599  0.        ]
at minimum 0.0374 accepted 1  with params [-3.09069882  2.          0.5         0.5         0.        ]
