./../runners.py:177: RuntimeWarning: invalid value encountered in multiply
  model_input = self.k*x_tm1
./../dsp_utils.py:9: RuntimeWarning: invalid value encountered in double_scalars
  self.state = 1./self.tau*x + (1-1./self.tau)*self.state
/scratch/ar2342/miconda3/envs/eb_hyperacuity3/lib/python3.9/site-packages/scipy/optimize/_numdiff.py:576: RuntimeWarning: invalid value encountered in subtract
  df = fun(x) - f0
at minimum 0.0839 accepted 1  with params [-4.5000027   0.39999904  0.04999964  0.99999906]
at minimum 0.0892 accepted 1  with params [-4.31093547  0.20371407  0.01557413  0.59064118]
at minimum 0.8850 accepted 0  with params [-3.91581304e+00  5.53562437e-04  3.55750754e-01  7.96596606e-01]
at minimum 0.5387 accepted 1  with params [-4.03322936  0.55085277  0.18128195  0.62182688]
at minimum 0.4487 accepted 1  with params [-3.9590049   0.76945784  0.5         0.5       ]
at minimum 0.0458 accepted 1  with params [-6.  -0.1  0.5  1.1]
at minimum 0.0456 accepted 1  with params [-5.87824937 -0.09027681  0.35216902  1.1       ]
at minimum 0.0844 accepted 1  with params [-6.         -0.0999999   0.01        0.92340469]
at minimum 0.0657 accepted 1  with params [-5.72206913 -0.02423179  0.01        0.92539818]
at minimum 0.0606 accepted 1  with params [-5.66503464 -0.03940646  0.01000013  1.09999985]
at minimum 0.0491 accepted 1  with params [-5.57079305 -0.09999894  0.14330287  0.82924262]
at minimum 0.0790 accepted 1  with params [-5.82458708 -0.1         0.12330991  0.51826134]
at minimum 0.0697 accepted 1  with params [-5.44609574 -0.1         0.01000063  0.5279306 ]
at minimum 0.0498 accepted 1  with params [-5.05603021 -0.1         0.01        0.696792  ]
at minimum 0.0549 accepted 1  with params [-4.84050845 -0.1         0.01793145  0.5       ]
at minimum 0.0472 accepted 1  with params [-5.24895828 -0.1         0.12270824  0.53693973]
at minimum 0.0592 accepted 1  with params [-5.25119882  0.24074696  0.01        0.5       ]
at minimum 0.0505 accepted 1  with params [-5.41080087  0.21282395  0.01        0.80809185]
at minimum 0.0264 accepted 1  with params [-5.79942777  0.58733146  0.25487489  1.1       ]
at minimum 0.0928 accepted 1  with params [-6.          0.91207144  0.35948704  1.03616109]
at minimum 0.0485 accepted 1  with params [-6.          0.63205765  0.04439988  0.94354183]
at minimum 0.3121 accepted 1  with params [-5.56801788  0.99        0.01        0.65535057]
at minimum 0.0624 accepted 1  with params [-5.75037447  0.55916394  0.01        0.5       ]
at minimum 0.0693 accepted 1  with params [-5.92191613  0.8746233   0.01        0.5       ]
at minimum 0.4742 accepted 0  with params [-5.7274672   0.99        0.01        0.91062348]
at minimum 0.0704 accepted 1  with params [-6.          0.88646742  0.14682993  0.75164436]
at minimum 0.2222 accepted 1  with params [-6.          0.98998906  0.18547444  0.50579979]
at minimum 0.0555 accepted 1  with params [-5.83888827  0.70180696  0.07235971  0.60158358]
at minimum 0.0252 accepted 1  with params [-5.81203199  0.38874441  0.5         0.73559046]
at minimum 0.0529 accepted 1  with params [-5.44826392  0.05393255  0.1412849   0.52457297]
at minimum 0.0278 accepted 1  with params [-5.03434889 -0.09999619  0.23892377  0.5000021 ]
at minimum 0.0263 accepted 1  with params [-5.09442819  0.39942383  0.33442996  0.5       ]
at minimum 0.0759 accepted 1  with params [-4.88677511  0.79903585  0.5         0.52675676]
at minimum 0.1426 accepted 1  with params [-4.87420874  0.91835767  0.49999996  0.54986377]
at minimum 0.3477 accepted 1  with params [-4.41322504  0.97585547  0.45550777  0.5       ]
at minimum 0.4577 accepted 1  with params [-4.40693216  0.93925411  0.08953751  0.86894081]
at minimum 0.0641 accepted 1  with params [-4.86627111  0.71981326  0.01        0.793081  ]
at minimum 0.0464 accepted 1  with params [-4.90324584  0.26904504  0.01        0.72336811]
at minimum 0.0231 accepted 1  with params [-4.96052052  0.22907433  0.3706921   0.66641642]
at minimum 0.0418 accepted 1  with params [-5.32512918  0.68405838  0.21997645  0.5       ]
at minimum 0.0557 accepted 1  with params [-4.8629445   0.5643374   0.05965901  0.5       ]
at minimum 0.2442 accepted 1  with params [-5.29621907  0.98999879  0.01        0.50000067]
at minimum 0.0594 accepted 1  with params [-5.62025349  0.84836665  0.1847975   0.5       ]
at minimum 0.4092 accepted 1  with params [-5.44713108  0.98999926  0.01000031  0.79383093]
at minimum 0.0607 accepted 1  with params [-4.97747346  0.69765581  0.01000075  0.5       ]
at minimum 0.0329 accepted 1  with params [-5.25032847  0.54013597  0.42025742  0.80298531]
at minimum 0.0438 accepted 1  with params [-5.43731407  0.64348922  0.5         1.00197666]
at minimum 0.0587 accepted 1  with params [-5.47487069  0.52300836  0.5         1.1       ]
at minimum 0.0187 accepted 1  with params [-5.71933649  0.22022015  0.49999991  1.09999999]
at minimum 0.0465 accepted 1  with params [-6.          0.37497782  0.42651713  0.61312067]
at minimum 0.0283 accepted 1  with params [-6.          0.71605141  0.5         0.85541178]
at minimum 0.0475 accepted 1  with params [-5.9143685   0.37303464  0.49999888  0.50000006]
at minimum 0.0323 accepted 1  with params [-5.62858653  0.39496493  0.5         0.5       ]
at minimum 0.0349 accepted 1  with params [-5.20531737  0.7426778   0.21550629  0.81594341]
at minimum 0.0350 accepted 1  with params [-4.93206716  0.57668385  0.35412305  0.5       ]
at minimum 0.0278 accepted 1  with params [-5.32052604  0.461693    0.5         0.51566526]
at minimum 0.0361 accepted 1  with params [-5.34819194  0.79807183  0.5         0.5       ]
at minimum 0.0249 accepted 1  with params [-5.53502712  0.42066608  0.46562882  0.5809543 ]
at minimum 0.0276 accepted 1  with params [-5.03173143  0.50424854  0.37653512  0.5       ]
at minimum 0.0272 accepted 1  with params [-5.09857298  0.65534518  0.5         0.74626249]
at minimum 0.0345 accepted 0  with params [-5.64776178  0.43342586  0.45890699  0.5       ]
at minimum 0.0599 accepted 1  with params [-5.43715123  0.83997247  0.4999968   1.1       ]
at minimum 0.0358 accepted 1  with params [-5.53562843  0.40505409  0.13229547  0.82040703]
at minimum 0.0655 accepted 1  with params [-5.90863658  0.32106403  0.01        0.61559805]
at minimum 0.0379 accepted 1  with params [-5.88253133 -0.09999998  0.48448909  1.09999937]
at minimum 0.0302 accepted 1  with params [-5.95733949  0.07149733  0.49999885  1.09999861]
at minimum 0.0335 accepted 1  with params [-5.77689835 -0.1         0.5         1.09999507]
at minimum 0.0475 accepted 1  with params [-6.  -0.1  0.5  1.1]
at minimum 0.0644 accepted 1  with params [-5.61793374 -0.1         0.01592629  0.91187835]
at minimum 0.0412 accepted 1  with params [-5.2220562   0.19700383  0.01        1.1       ]
at minimum 0.0639 accepted 1  with params [-5.13940122  0.18307199  0.5         0.76625837]
at minimum 0.0710 accepted 1  with params [-4.73687618  0.67535184  0.29373382  0.8059639 ]
at minimum 0.0647 accepted 1  with params [-4.65365222  0.32160502  0.45957574  0.5       ]
at minimum 0.1023 accepted 1  with params [-4.92340425  0.83869476  0.03447844  1.04282285]
at minimum 0.0322 accepted 1  with params [-4.96211269  0.31509296  0.06960722  1.1       ]
at minimum 0.6232 accepted 1  with params [-4.48265937  0.76865811  0.5         1.1       ]
at minimum 0.1111 accepted 1  with params [-4.55512398  0.30881403  0.30899786  1.1       ]
at minimum 0.5221 accepted 1  with params [-4.33761134  0.65511663  0.27592373  1.1       ]
at minimum 0.1243 accepted 1  with params [-4.70419792  0.596507    0.5         1.1       ]
at minimum 0.0335 accepted 1  with params [-4.73956741  0.19916374  0.5         0.54979596]
at minimum 1.1122 accepted 0  with params [-4.2240846  -0.1         0.5         1.02500849]
at minimum 0.0342 accepted 1  with params [-5.18746435  0.09517299  0.49999615  0.5       ]
at minimum 0.0200 accepted 1  with params [-4.85903865  0.37134527  0.5         0.75946791]
at minimum 0.2555 accepted 1  with params [-4.43829444  0.70684945  0.5         0.5       ]
at minimum 0.1177 accepted 1  with params [-4.61236526  0.55123487  0.5         0.56030005]
at minimum 0.0808 accepted 1  with params [-5.11228658  0.37040741  0.5         0.97245258]
at minimum 0.0449 accepted 1  with params [-4.73542504  0.48721119  0.32931087  0.56574008]
at minimum 0.0625 accepted 1  with params [-4.76527212  0.67972947  0.32932344  0.75035127]
at minimum 0.1672 accepted 1  with params [-5.23761264  0.18910207  0.5         1.1       ]
at minimum 0.0515 accepted 1  with params [-5.55796546  0.68861271  0.02459686  1.09999225]./../fitting_utils.py:28: RuntimeWarning: Mean of empty slice
  pooling_fun = lambda x,y: np.nanmean((x-y)**2)

at minimum 0.0433 accepted 1  with params [-5.32214012  0.45321275  0.01        1.04692077]
at minimum 0.0426 accepted 1  with params [-5.63553506  0.64345489  0.07605562  1.1       ]
at minimum 0.5946 accepted 1  with params [-5.94769169  0.99        0.31775048  1.1       ]
at minimum 0.5303 accepted 1  with params [-5.72453105  0.99        0.21128627  1.00621206]
at minimum 0.0572 accepted 1  with params [-5.99999995  0.79055704  0.05195787  0.90330067]
at minimum 0.0463 accepted 1  with params [-5.634207    0.27150615  0.01        1.1       ]
at minimum 0.0490 accepted 1  with params [-5.63245405  0.6101465   0.01        0.86641582]
at minimum 0.0507 accepted 1  with params [-5.21284792  0.80109523  0.319082    1.09999999]
at minimum 0.0666 accepted 1  with params [-4.94498549  0.79467096  0.06155862  0.68675898]
at minimum 0.0534 accepted 1  with params [-5.15430842  0.35967206  0.01        0.57347926]
at minimum 0.1048 accepted 1  with params [-4.99586598  0.90133024  0.5         0.62775385]
at minimum 0.6661 accepted 1  with params [-5.43392285  0.99        0.01        1.1       ]
at minimum 0.0589 accepted 1  with params [-5.69478755  0.85234072  0.1902759   0.86771565]
at minimum 0.0436 accepted 1  with params [-5.31206298  0.46157271  0.01        1.0999956 ]
at minimum 0.0867 accepted 1  with params [-5.42632479  0.85511464  0.02269678  1.1       ]
at minimum 0.7137 accepted 1  with params [-5.21231636  0.99        0.01        1.09999524]
at minimum 0.6073 accepted 1  with params [-5.48138911  0.99        0.13970631  1.07160963]
at minimum 0.0563 accepted 1  with params [-4.99457255  0.60220439  0.01        1.1       ]
at minimum 0.7545 accepted 0  with params [-4.88097158  0.99        0.4624749   1.1       ]
at minimum 0.7476 accepted 0  with params [-4.95075447  0.99        0.11885034  1.09999943]
at minimum 0.0635 accepted 1  with params [-5.31517192  0.2565516   0.5         0.85283949]
at minimum 0.0319 accepted 1  with params [-4.73847935  0.22735844  0.5         0.61974759]
at minimum 0.1300 accepted 1  with params [-4.2925476  -0.00977236  0.17142687  0.5       ]
at minimum 0.4386 accepted 1  with params [-4.28679803 -0.1         0.32927724  0.79611643]
at minimum 0.2953 accepted 1  with params [-4.1543894  -0.1         0.20648371  0.5       ]
at minimum 0.2798 accepted 1  with params [-4.48272669 -0.09999976  0.49999989  0.84680562]
at minimum 0.1448 accepted 1  with params [-4.57660328  0.27432426  0.5         0.93502939]
at minimum 0.3183 accepted 1  with params [-4.38638962  0.61086477  0.5         0.57458224]
at minimum 0.0567 accepted 1  with params [-4.57853583  0.03959559  0.37393937  0.66085315]
at minimum 0.4464 accepted 1  with params [-3.96531527  0.15123016  0.35799229  0.5000013 ]
at minimum 0.0599 accepted 1  with params [-4.5062736   0.08545616  0.0100008   0.5       ]
at minimum 0.3073 accepted 1  with params [-4.180492    0.18254925  0.27089178  0.5       ]
at minimum 0.0631 accepted 1  with params [-4.45927840e+00  3.21271403e-03  4.69317601e-02  5.00000000e-01]
at minimum 0.2064 accepted 0  with params [-4.16432699  0.54840885  0.01        0.5       ]
at minimum 0.0657 accepted 1  with params [-4.51193123  0.37897656  0.01        0.50000153]
at minimum 0.2797 accepted 1  with params [-4.19712496 -0.1         0.20317899  0.59767369]
at minimum 0.0690 accepted 1  with params [-4.38797583 -0.1         0.01        0.85327944]
at minimum 0.8467 accepted 0  with params [-3.91917459 -0.1         0.2281405   0.78022261]
at minimum 0.1575 accepted 1  with params [-4.37580782  0.43924947  0.07829401  1.09999678]
at minimum 0.7495 accepted 0  with params [-4.46422062  0.96125538  0.01        1.0999998 ]
at minimum 1.5105 accepted 1  with params [-3.85726416  0.23393623  0.33950552  1.1       ]
at minimum 0.5147 accepted 1  with params [-3.70546097  0.49634224  0.5         0.5526792 ]
at minimum 0.6952 accepted 1  with params [-3.89361824  0.72046532  0.5         0.68025403]
at minimum 0.8542 accepted 0  with params [-3.43359505  0.91177781  0.31137824  0.77733725]
at minimum 0.8121 accepted 1  with params [-3.38254594  0.36895715  0.5         0.83931908]
at minimum 0.4493 accepted 1  with params [-3.57098601  0.22839511  0.05764328  0.5       ]
at minimum 0.6753 accepted 1  with params [-3.97002105  0.79477371  0.01        0.68564479]
at minimum 0.4489 accepted 1  with params [-3.7974016   0.65320711  0.01        0.50000053]
at minimum 1.4485 accepted 0  with params [-3.85926582  0.99        0.01        1.07244808]
at minimum 1.1717 accepted 0  with params [-3.87812625  0.98999776  0.01000101  0.94542205]
at minimum 0.4493 accepted 1  with params [-3.48778635  0.36782191  0.25352847  0.50000002]
at minimum 0.4375 accepted 1  with params [-4.0998799   0.33465506  0.5         0.5       ]
at minimum 0.8165 accepted 1  with params [-3.76866198  0.43153717  0.01        0.75562215]
at minimum 0.0880 accepted 1  with params [-4.30646504  0.11455349  0.01        0.58959103]
at minimum 0.0556 accepted 1  with params [-4.86593297e+00 -1.60757106e-03  1.00000791e-02  5.00000117e-01]
at minimum 0.0697 accepted 1  with params [-4.35155074 -0.1         0.01        0.5       ]
at minimum 0.0567 accepted 1  with params [-4.93804658 -0.09999793  0.01        0.50000113]
at minimum 0.0589 accepted 1  with params [-4.58417495  0.39407289  0.01        0.72020147]
at minimum 0.2846 accepted 1  with params [-4.55491747  0.89054657  0.01        1.1       ]
at minimum 0.0487 accepted 1  with params [-5.14410967  0.55429744  0.01000011  1.09999987]
at minimum 0.0595 accepted 1  with params [-5.70244212  0.67560933  0.049495    0.5       ]
at minimum 0.0573 accepted 1  with params [-5.20874214  0.54970891  0.01000002  0.50000004]
at minimum 0.0306 accepted 1  with params [-5.48850518  0.20619257  0.49999779  0.5000027 ]
at minimum 0.0399 accepted 1  with params [-5.84193809  0.71439199  0.5         0.5       ]
at minimum 0.2989 accepted 1  with params [-5.61369015  0.99        0.39975964  0.67154797]
at minimum 0.4417 accepted 1  with params [-5.33982224  0.98132635  0.01        1.1       ]
at minimum 0.2776 accepted 1  with params [-5.37541797  0.99        0.01        0.57293792]
at minimum 0.0346 accepted 1  with params [-4.90390878  0.48885624  0.28035364  0.5       ]
at minimum 0.8038 accepted 1  with params [-4.35911834 -0.09999834  0.5         1.1       ]
at minimum 0.0297 accepted 1  with params [-4.98540532 -0.05821416  0.5         0.5       ]
at minimum 0.0281 accepted 1  with params [-5.28235369  0.2495605   0.07755691  1.05040861]
at minimum 0.1286 accepted 1  with params [-5.45075279  0.93348579  0.5         1.1       ]
at minimum 0.6236 accepted 1  with params [-5.31312325  0.98999568  0.49999806  1.1       ]
at minimum 0.3514 accepted 1  with params [-5.38334013  0.99        0.1056525   0.71463464]
at minimum 0.3456 accepted 1  with params [-5.63380591  0.98999983  0.49999992  0.75536698]
at minimum 0.0407 accepted 1  with params [-6.          0.73699118  0.5         0.58444969]
at minimum 0.0303 accepted 1  with params [-6.          0.12147665  0.49999973  1.09999972]
at minimum 0.0134 accepted 1  with params [-5.82408124  0.53150675  0.5         1.1       ]
at minimum 0.1577 accepted 1  with params [-6.          0.94367646  0.11454225  1.09674027]
at minimum 0.0251 accepted 1  with params [-5.50247687  0.473365    0.49999982  0.8358992 ]
at minimum 0.0514 accepted 1  with params [-4.95741059  0.46904229  0.5         1.1       ]
at minimum 0.0404 accepted 1  with params [-4.6969548   0.33516995  0.44761425  0.84236309]
at minimum 1.4526 accepted 0  with params [-4.11974161 -0.1         0.5         1.09999989]
at minimum 0.1690 accepted 1  with params [-4.23680716 -0.09203218  0.01        1.09999985]
at minimum 0.0454 accepted 1  with params [-4.78414164  0.18283904  0.10323904  0.53328977]
at minimum 0.0645 accepted 1  with params [-4.54266421 -0.1         0.37196265  1.04068892]
at minimum 0.6006 accepted 1  with params [-4.1151862  -0.1         0.12206782  0.97516792]
at minimum 0.5942 accepted 1  with params [-3.5713756  -0.09999867  0.0100006   0.61160562]
at minimum 100000000000000000000.0000 accepted 0  with params [-3.04790317 -0.1         0.12811449  0.92055089]
at minimum 0.4483 accepted 1  with params [-3.97773751 -0.1         0.5         0.5       ]
at minimum 1.2515 accepted 0  with params [-3.74972932  0.34123087  0.49999999  0.98352086]
at minimum 0.1487 accepted 1  with params [-4.53804861  0.42866665  0.5         0.5       ]
at minimum 0.1091 accepted 1  with params [-5.08939831  0.91427437  0.5         0.76111115]
at minimum 0.2871 accepted 1  with params [-5.60058766  0.99        0.5         0.64807942]
at minimum 0.2769 accepted 1  with params [-4.9791193   0.99        0.5         0.54587845]
at minimum 0.0289 accepted 1  with params [-5.04033948  0.60515753  0.5         0.85366815]
at minimum 0.0866 accepted 1  with params [-4.68667263  0.83560914  0.01        0.5       ]
at minimum 0.1585 accepted 1  with params [-4.78347256  0.93069993  0.01000014  0.74698212]
at minimum 0.0623 accepted 1  with params [-5.42840564  0.85218408  0.13890236  0.86605872]
at minimum 0.1482 accepted 1  with params [-4.95847622  0.89526313  0.01        1.1       ]
at minimum 0.5209 accepted 1  with params [-5.40741417  0.99        0.31053597  0.99299339]
at minimum 0.0536 accepted 1  with params [-4.74397493  0.46256506  0.01        0.65942344]
at minimum 0.0400 accepted 1  with params [-4.68356612  0.19945407  0.5         1.1       ]
at minimum 0.0962 accepted 1  with params [-4.82624911  0.75991776  0.38648532  1.1       ]
at minimum 0.5608 accepted 1  with params [-5.16046504  0.98999986  0.24634541  1.00644936]
at minimum 0.0627 accepted 1  with params [-5.15062885  0.59003268  0.41821784  1.09999989]
at minimum 0.0577 accepted 1  with params [-4.57926646  0.22628326  0.09832796  0.52643457]
at minimum 0.0415 accepted 1  with params [-5.18917174 -0.1         0.5         0.53777734]
at minimum 0.0923 accepted 1  with params [-4.63703616  0.4833982   0.5         0.5       ]
at minimum 0.0328 accepted 1  with params [-4.94626088  0.21806419  0.1868451   0.5       ]
at minimum 0.0503 accepted 1  with params [-5.27509639  0.01370493  0.01        0.81189753]
at minimum 0.0634 accepted 1  with params [-5.69980075  0.48115553  0.01        0.5       ]
at minimum 0.0676 accepted 1  with params [-6.          0.38977166  0.08070784  0.5       ]
at minimum 0.0609 accepted 1  with params [-5.40406412  0.75321956  0.01        0.5       ]
at minimum 0.0619 accepted 1  with params [-5.07710368  0.78491766  0.01845976  0.64811052]
at minimum 0.0329 accepted 1  with params [-5.50405508  0.4810485   0.35346616  0.5       ]
at minimum 0.1147 accepted 1  with params [-5.23483741 -0.01694192  0.4840907   0.94891865]
at minimum 0.0539 accepted 1  with params [-4.77915866 -0.1         0.5         1.1       ]
at minimum 1.0740 accepted 0  with params [-4.06145871 -0.09999925  0.17215811  1.09999953]
at minimum 0.2339 accepted 1  with params [-4.41666827  0.61393948  0.24991021  0.93545411]
at minimum 0.7490 accepted 1  with params [-4.84495567  0.98999891  0.19364307  1.1       ]
at minimum 0.2412 accepted 1  with params [-5.49321548  0.99        0.01        0.51499762]
at minimum 0.0628 accepted 1  with params [-5.41991194  0.25052259  0.01        0.5       ]
at minimum 0.1619 accepted 1  with params [-4.72893407  0.89771484  0.01        0.93592334]
at minimum 0.0563 accepted 1  with params [-5.0029184   0.42340349  0.01        0.5       ]
at minimum 0.0176 accepted 1  with params [-5.61226572  0.30761875  0.40083624  0.86996023]
at minimum 0.1713 accepted 1  with params [-6.          0.98445897  0.49999353  0.50000597]
at minimum 0.0551 accepted 1  with params [-6.          0.88533554  0.49999998  0.60598858]
at minimum 0.0183 accepted 1  with params [-5.73747069  0.44114355  0.28913272  1.09999798]
at minimum 0.0401 accepted 1  with params [-6.          0.63735259  0.17783118  1.09999445]
at minimum 0.6196 accepted 1  with params [-5.74353391  0.99        0.01        1.08914585]
at minimum 0.0431 accepted 1  with params [-5.26846925  0.42719511  0.01        1.1       ]
at minimum 0.0429 accepted 1  with params [-5.4882891  -0.1         0.22815889  0.64627565]
at minimum 0.0686 accepted 1  with params [-6.  -0.1  0.5  0.5]
at minimum 0.0894 accepted 1  with params [-6.         -0.1         0.01000072  0.5       ]
at minimum 0.0656 accepted 1  with params [-5.35227297 -0.1         0.02819551  0.5       ]
at minimum 0.0433 accepted 1  with params [-4.68138936 -0.1         0.14552888  0.5       ]
at minimum 0.0579 accepted 1  with params [-5.00005056 -0.1         0.01        0.5       ]
at minimum 0.1833 accepted 1  with params [-4.49205236  0.48827682  0.49999993  0.50000008]
at minimum 0.8375 accepted 1  with params [-4.10614972  0.01278865  0.5         0.78651349]
at minimum 0.0706 accepted 1  with params [-4.35351686 -0.1         0.01        0.5       ]
at minimum 0.0282 accepted 1  with params [-4.85170073  0.32262579  0.5         0.5       ]
at minimum 0.3826 accepted 0  with params [-4.11138698  0.78695024  0.2212292   0.5       ]
at minimum 0.4697 accepted 1  with params [-5.53946714  0.99        0.01        0.88590893]
at minimum 0.3047 accepted 1  with params [-4.77940196  0.99        0.01        0.5       ]
at minimum 0.6480 accepted 1  with params [-5.19112868  0.99        0.5         1.1       ]
at minimum 0.0411 accepted 1  with params [-5.71344465  0.28723445  0.19979951  0.78341175]
at minimum 0.0496 accepted 1  with params [-5.36170045 -0.09999869  0.01        1.09149706]
at minimum 0.1011 accepted 1  with params [-5.06175505  0.38323087  0.5         1.1       ]
at minimum 0.5119 accepted 1  with params [-5.08658562  0.98999936  0.49999971  0.90336201]
at minimum 0.0362 accepted 1  with params [-5.74788612  0.62369363  0.5         0.5       ]
at minimum 0.2327 accepted 1  with params [-5.99999997  0.96498346  0.12466281  1.1       ]
at minimum 0.0567 accepted 1  with params [-6.          0.49806563  0.01        0.7249645 ]
at minimum 0.2191 accepted 1  with params [-5.99994197  0.99        0.22562055  0.5       ]
at minimum 0.0536 accepted 1  with params [-5.48709667  0.73201994  0.01        0.82076462]
at minimum 0.3202 accepted 0  with params [-5.31880218  0.99        0.01        0.63914215]
at minimum 0.7003 accepted 0  with params [-5.26938177  0.99        0.01        1.1       ]
at minimum 0.2289 accepted 1  with params [-5.40418712  0.99        0.15550381  0.5       ]
at minimum 0.0284 accepted 1  with params [-5.11765656  0.3193393   0.49999685  0.5       ]
at minimum 0.0894 accepted 1  with params [-5.20085745  0.92911399  0.15744335  0.5       ]
at minimum 0.0516 accepted 1  with params [-5.73924399  0.49937715  0.01        0.79562842]
at minimum 0.0763 accepted 1  with params [-6.          0.91091093  0.01        0.50187524]
at minimum 0.0608 accepted 1  with params [-6.          0.51928362  0.17817072  0.50000013]
at minimum 0.4030 accepted 0  with params [-5.83394776  0.99        0.01        0.8179875 ]
at minimum 0.0208 accepted 1  with params [-5.95934654  0.32576135  0.5         1.02278387]
at minimum 0.0228 accepted 1  with params [-5.61825426  0.22249467  0.5         0.76740856]
at minimum 0.0315 accepted 1  with params [-5.45717318  0.7395794   0.5         0.5       ]
at minimum 0.0493 accepted 1  with params [-6.          0.82831938  0.5         0.52344176]
at minimum 0.2343 accepted 0  with params [-5.17699419  0.98999896  0.49999956  0.50000051]
at minimum 0.0567 accepted 1  with params [-6.          0.86078124  0.3746649   0.93894169]
at minimum 0.1976 accepted 1  with params [-6.          0.98748359  0.09218327  0.5000011 ]
at minimum 0.0660 accepted 1  with params [-6.          0.49462552  0.01        0.5       ]
at minimum 0.1331 accepted 1  with params [-6.          0.97417651  0.01        0.5       ]
at minimum 0.0569 accepted 1  with params [-5.65766208  0.38750663  0.01        0.67394934]
at minimum 0.0638 accepted 1  with params [-4.86787129  0.6993069   0.16820929  1.1       ]
at minimum 0.1542 accepted 1  with params [-4.69992355  0.8497828   0.01        1.1       ]
at minimum 0.4925 accepted 0  with params [-5.19711124  0.99        0.49863418  0.91800778]
at minimum 1.5058 accepted 1  with params [-3.98512521  0.84335251  0.41843852  1.1       ]
at minimum 0.6664 accepted 1  with params [-4.8091809   0.99        0.17284457  0.99970332]
at minimum 0.6267 accepted 1  with params [-5.31218543  0.99        0.5         1.1       ]
at minimum 0.1047 accepted 1  with params [-4.93883307  0.83242715  0.01000089  1.09999889]
at minimum 0.0423 accepted 1  with params [-5.39457107  0.70491953  0.1051469   1.09999952]
at minimum 0.0651 accepted 1  with params [-5.93406314  0.20417016  0.01        0.78411484]
at minimum 0.0660 accepted 1  with params [-5.3947241  -0.06794073  0.01000022  0.56710694]
at minimum 0.0460 accepted 1  with params [-5.04323027 -0.1         0.01        0.82040617]
at minimum 0.0438 accepted 1  with params [-5.15060468  0.41511029  0.01        1.1       ]
at minimum 0.0625 accepted 1  with params [-4.48845279  0.11677291  0.01        0.95867194]
at minimum 0.2858 accepted 1  with params [-4.45293093  0.41068258  0.33705578  1.1       ]
at minimum 0.1213 accepted 1  with params [-4.24771716  0.16281627  0.08463046  0.5       ]
at minimum 0.5380 accepted 1  with params [-3.56297984  0.42109169  0.01000063  0.57046718]
at minimum 0.5335 accepted 1  with params [-4.22016643  0.6955061   0.01000012  1.1       ]
at minimum 0.3969 accepted 1  with params [-4.39143519  0.99        0.01        0.5       ]
at minimum 0.2229 accepted 1  with params [-5.99999995  0.99        0.01000028  0.5000003 ]
at minimum 0.0596 accepted 1  with params [-6.          0.71057821  0.12798056  0.5       ]
at minimum 0.0521 accepted 1  with params [-6.          0.37729581  0.45283594  0.50000136]
at minimum 0.0191 accepted 1  with params [-5.69065014  0.54454543  0.5         1.1       ]
at minimum 0.2630 accepted 1  with params [-5.45854898  0.96770347  0.5         1.1       ]
at minimum 0.2226 accepted 1  with params [-5.32081757  0.95734479  0.5         1.08743857]
at minimum 0.2761 accepted 1  with params [-4.81683923  0.99        0.5         0.5       ]
at minimum 0.3471 accepted 1  with params [-4.94923977  0.99        0.27445194  0.68259048]
at minimum 0.2117 accepted 1  with params [-4.47256285  0.79773763  0.01000574  1.1       ]
at minimum 0.6007 accepted 0  with params [-4.56111236  0.88370617  0.5         1.1       ]
at minimum 0.0487 accepted 1  with params [-4.87844687  0.38736241  0.01        1.1       ]
at minimum 0.5153 accepted 1  with params [-4.42025475  0.91340791  0.01        1.1       ]
at minimum 0.0465 accepted 1  with params [-4.92119338  0.41017031  0.5         1.1       ]
at minimum 0.4618 accepted 1  with params [-4.19195555  0.30724045  0.11776762  1.1       ]
at minimum 0.4835 accepted 1  with params [-4.36833312  0.87874903  0.09752081  1.1       ]
at minimum 0.7517 accepted 0  with params [-4.39339876  0.38124742  0.5         1.09999641]
at minimum 0.0661 accepted 1  with params [-5.07036428  0.80735224  0.01        0.5       ]
at minimum 0.2209 accepted 1  with params [-5.67433634  0.99        0.23821387  0.5       ]
at minimum 0.2174 accepted 1  with params [-5.56262721  0.99        0.5         0.5       ]
