./../runners.py:177: RuntimeWarning: invalid value encountered in multiply
  model_input = self.k*x_tm1
./../dsp_utils.py:9: RuntimeWarning: invalid value encountered in double_scalars
  self.state = 1./self.tau*x + (1-1./self.tau)*self.state
/scratch/ar2342/miconda3/envs/eb_hyperacuity3/lib/python3.9/site-packages/scipy/optimize/_numdiff.py:576: RuntimeWarning: invalid value encountered in subtract
  df = fun(x) - f0
at minimum 0.0191 accepted 1  with params [-4.5   0.4   0.05  1.  ]
at minimum 0.0211 accepted 1  with params [-4.6126947   0.10261387  0.01        1.09999581]
at minimum 0.0336 accepted 1  with params [-4.87796093  0.36342773  0.23817386  1.1       ]
at minimum 0.1876 accepted 1  with params [-4.40784215  0.22620043  0.33603239  1.09999894]
at minimum 0.9026 accepted 0  with params [-4.08945711  0.48560052  0.24179168  1.09999967]
at minimum 0.0775 accepted 1  with params [-4.5523143  -0.01587184  0.5         1.1       ]
at minimum 0.3835 accepted 1  with params [-4.3824391 -0.1        0.5        0.971703 ]
at minimum 0.1514 accepted 1  with params [-4.47581549 -0.1         0.49500495  0.88939594]
at minimum 0.0263 accepted 1  with params [-4.6563846  -0.1         0.5         1.07548039]
at minimum 0.1152 accepted 1  with params [-4.92764881 -0.1         0.22904868  1.1       ]
at minimum 0.0461 accepted 1  with params [-5.25930777 -0.06605676  0.16008893  1.09163785]
at minimum 0.0222 accepted 1  with params [-5.021596   0.2931839  0.01       1.1      ]
at minimum 0.0286 accepted 1  with params [-5.11736639  0.05326197  0.01        0.76648326]
at minimum 0.0454 accepted 1  with params [-5.06105589  0.24083887  0.22787044  0.73567672]
at minimum 0.0211 accepted 1  with params [-4.70829546  0.17531105  0.01000003  1.08428038]
at minimum 0.0186 accepted 1  with params [-5.0580359   0.58913023  0.01        1.1       ]
at minimum 0.0180 accepted 1  with params [-5.25853463  0.45821075  0.0448498   1.02624616]
at minimum 0.0274 accepted 1  with params [-5.11388873  0.37825417  0.01        0.59785493]
at minimum 0.1991 accepted 1  with params [-4.91153389 -0.09709483  0.38245352  1.04647586]
at minimum 0.0779 accepted 1  with params [-5.20378712  0.39715388  0.38236386  0.74001375]
at minimum 0.0145 accepted 1  with params [-5.55725434  0.65060152  0.13877557  1.05357021]
at minimum 0.0267 accepted 1  with params [-5.45381542  0.85273638  0.36510755  1.1       ]
at minimum 0.3170 accepted 0  with params [-5.66136608  0.99        0.49999529  1.05615892]
at minimum 0.0168 accepted 1  with params [-5.85977341  0.83492555  0.01        1.1       ]
at minimum 0.1379 accepted 1  with params [-6.          0.99        0.01        0.65562281]
at minimum 0.0235 accepted 1  with params [-6.          0.80827235  0.43779188  0.5       ]
at minimum 0.0956 accepted 0  with params [-5.78765039  0.99        0.01        0.5       ]
at minimum 0.0920 accepted 1  with params [-5.5359464  0.99       0.5        0.5      ]
at minimum 0.0594 accepted 1  with params [-5.55942952  0.67310053  0.49999989  0.9497588 ]
at minimum 0.0547 accepted 1  with params [-5.53284092  0.81490052  0.5         1.1       ]
at minimum 0.0265 accepted 1  with params [-5.03673656  0.91819665  0.19030316  0.79071988]
at minimum 0.0134 accepted 1  with params [-5.10986828  0.85367251  0.46398622  0.62816835]
at minimum 0.0562 accepted 1  with params [-5.52507253  0.60803996  0.39649798  1.05377282]
at minimum 0.0574 accepted 1  with params [-5.75528482  0.37668964  0.5         1.1       ]
at minimum 0.0527 accepted 1  with params [-6.         -0.03137397  0.01559717  1.1       ]
at minimum 0.0586 accepted 1  with params [-6.         -0.09999686  0.29159387  1.03289661]
at minimum 0.0347 accepted 1  with params [-6.          0.283248    0.03394091  0.90213289]
at minimum 0.0164 accepted 1  with params [-6.          0.75258412  0.45543526  1.09999569]
at minimum 0.3788 accepted 0  with params [-5.58897674  0.99        0.06544775  1.1       ]
at minimum 0.0605 accepted 1  with params [-6.          0.95803151  0.5         1.09993478]
at minimum 0.3727 accepted 1  with params [-5.52331783  0.99        0.15115481  1.1       ]
at minimum 0.2053 accepted 1  with params [-5.04469204  0.99        0.01        0.69209031]
at minimum 0.2629 accepted 1  with params [-5.48074805  0.99        0.06487685  0.90261019]
at minimum 0.0555 accepted 1  with params [-5.39497914  0.96641433  0.21629784  0.79683482]
at minimum 0.0152 accepted 1  with params [-5.01979398  0.61234046  0.1559874   0.97515755]
at minimum 0.0205 accepted 1  with params [-4.92891651  0.39458199  0.01000078  1.09465469]
at minimum 0.0288 accepted 1  with params [-4.66768101  0.66674914  0.22375338  1.09999811]
at minimum 0.0667 accepted 1  with params [-4.6658352   0.60252874  0.5         1.1       ]
at minimum 0.3749 accepted 1  with params [-4.68755323  0.95276999  0.5         1.1       ]
at minimum 0.5944 accepted 1  with params [-4.37734955  0.67163357  0.5         1.1       ]
at minimum 1.0978 accepted 1  with params [-4.08593855  0.99        0.34732935  1.08641013]
at minimum 0.2770 accepted 1  with params [-4.12730345  0.70586613  0.1754622   0.66382992]
at minimum 0.2687 accepted 1  with params [-3.98744531  0.41549845  0.31816627  0.5       ]
at minimum 0.0695 accepted 1  with params [-4.19593415  0.09702999  0.01        0.89540313]
at minimum 0.2543 accepted 1  with params [-4.35933045  0.05925027  0.34173406  1.1       ]
at minimum 0.2332 accepted 1  with params [-4.31356824  0.05198835  0.27151836  1.0999999 ]
at minimum 0.0239 accepted 1  with params [-4.80677916 -0.04026744  0.08336431  1.09999803]
at minimum 0.3509 accepted 1  with params [-5.09467304 -0.1         0.5         1.08264592]
at minimum 0.0217 accepted 1  with params [-4.93814956  0.19737033  0.01        0.87574401]
at minimum 0.0351 accepted 1  with params [-4.97538406 -0.09999982  0.01000008  0.52717257]
at minimum 0.0283 accepted 1  with params [-4.93366365  0.43495556  0.01        0.5       ]
at minimum 0.0236 accepted 1  with params [-5.04359862  0.71862627  0.5         0.5       ]
at minimum 0.0410 accepted 1  with params [-5.47384031  0.19830814  0.19850712  0.50000209]
at minimum 0.0373 accepted 1  with params [-5.88061895  0.30361044  0.43838118  0.86151834]
at minimum 0.0408 accepted 1  with params [-5.37025256  0.43637455  0.33484247  0.5       ]
at minimum 0.0601 accepted 1  with params [-5.2412256   0.47993661  0.5         0.5       ]
at minimum 0.1160 accepted 1  with params [-4.92504766  0.94911402  0.5         0.87289144]
at minimum 0.0233 accepted 1  with params [-4.93609632  0.49607359  0.21996625  0.96197543]
at minimum 0.0168 accepted 1  with params [-5.32869431  0.72955327  0.01        1.1       ]
at minimum 0.4418 accepted 0  with params [-5.2208119  0.99       0.01       1.1      ]
at minimum 0.0179 accepted 1  with params [-5.78907704  0.62480315  0.01000005  0.97789299]
at minimum 0.0521 accepted 1  with params [-6.          0.07791127  0.24022462  0.63205693]
at minimum 0.0620 accepted 1  with params [-6.         -0.07178845  0.24984752  0.5       ]
at minimum 0.0696 accepted 1  with params [-5.53847712 -0.1         0.5         0.5       ]
at minimum 0.1556 accepted 1  with params [-5.30733459  0.06091567  0.4999997   0.77505359]
at minimum 0.0189 accepted 1  with params [-4.75774863  0.55057482  0.09652311  0.57976084]
at minimum 0.0205 accepted 1  with params [-5.12017579  0.51442773  0.01        0.72743997]
at minimum 0.0198 accepted 1  with params [-5.14952473  0.49342366  0.01        0.79678843]
at minimum 0.0167 accepted 1  with params [-4.90377405  0.49607056  0.06763981  0.73530681]
at minimum 0.0233 accepted 1  with params [-5.32179764  0.74170172  0.26528581  0.5       ]
at minimum 0.2357 accepted 1  with params [-5.20309106  0.98309624  0.09295103  1.03829795]
at minimum 0.0322 accepted 1  with params [-5.46259713  0.46886769  0.01000089  0.55064366]
at minimum 0.0401 accepted 1  with params [-5.41011062  0.22362468  0.01        0.5       ]
at minimum 0.0371 accepted 1  with params [-5.52750092  0.40977205  0.01        0.5       ]
at minimum 0.0285 accepted 1  with params [-5.55533171  0.27599812  0.01        0.88655979]
at minimum 0.0253 accepted 1  with params [-5.21520603  0.0863137   0.06494864  1.1       ]
at minimum 0.0412 accepted 1  with params [-5.55670841  0.10566138  0.01        0.64674611]
at minimum 0.0347 accepted 1  with params [-5.88754206  0.54910593  0.38263343  0.50000017]
at minimum 0.0151 accepted 1  with params [-6.          0.69072027  0.09072591  1.0520804 ]
at minimum 0.0462 accepted 1  with params [-6.          0.15894034  0.5         0.90380073]
at minimum 0.0866 accepted 1  with params [-5.78757722 -0.1         0.49999839  1.1       ]
at minimum 0.0946 accepted 1  with params [-5.71746499 -0.07664846  0.49999593  1.09999502]
at minimum 0.0379 accepted 1  with params [-5.64278183 -0.00570553  0.01000009  1.1       ]
at minimum 0.0583 accepted 1  with params [-6.         -0.09999944  0.20566259  1.05011191]
at minimum 0.0637 accepted 1  with params [-6.         -0.0999999   0.05606659  0.51165595]
at minimum 0.0642 accepted 1  with params [-5.99999996 -0.0999973   0.01000118  0.5000016 ]
at minimum 0.0330 accepted 1  with params [-5.9584121   0.25970022  0.01        1.01163803]
at minimum 0.0355 accepted 1  with params [-5.74516624  0.42507849  0.01        0.59358481]
at minimum 0.0380 accepted 1  with params [-5.85402278  0.49554257  0.49999988  0.5       ]
at minimum 0.0566 accepted 1  with params [-5.92669223 -0.00616794  0.47871254  0.61823326]
at minimum 0.0631 accepted 1  with params [-5.95995202 -0.1         0.01        0.5       ]
at minimum 0.0626 accepted 1  with params [-6.         -0.09999092  0.39899654  0.500005  ]
at minimum 0.0570 accepted 1  with params [-6.         -0.02062995  0.01        0.73352405]
at minimum 0.0385 accepted 1  with params [-5.96720889  0.37830446  0.4999978   0.63773979]
at minimum 0.0399 accepted 1  with params [-5.76131641  0.46457952  0.5         0.51618323]
at minimum 0.1025 accepted 1  with params [-5.69422506  0.98037478  0.49999966  0.84882479]
at minimum 0.1830 accepted 1  with params [-6.          0.99        0.49999995  0.8007295 ]
at minimum 0.2856 accepted 1  with params [-6.          0.99        0.07834737  0.98202114]
at minimum 0.3389 accepted 1  with params [-6.          0.99        0.46996199  1.1       ]
at minimum 0.3390 accepted 1  with params [-6.    0.99  0.5   1.1 ]
at minimum 0.3400 accepted 1  with params [-5.8116498  0.99       0.5        1.1      ]
at minimum 0.3414 accepted 1  with params [-5.75269792  0.99        0.5         1.1       ]
at minimum 0.1615 accepted 1  with params [-6.          0.99        0.27885121  0.7367416 ]
at minimum 0.0245 accepted 1  with params [-5.84091916  0.83524227  0.01000027  0.5       ]
at minimum 0.0601 accepted 1  with params [-5.999485    0.98331384  0.01000033  0.50427601]
at minimum 0.0407 accepted 1  with params [-6.          0.45841886  0.01        0.50000005]
at minimum 0.0170 accepted 1  with params [-6.          0.65589822  0.01000025  1.0393947 ]
at minimum 0.0159 accepted 1  with params [-6.          0.81698509  0.01        1.1       ]
at minimum 0.1428 accepted 1  with params [-5.3877481   0.98999999  0.47404534  0.66638419]
at minimum 0.1174 accepted 1  with params [-5.46128364  0.98999987  0.49999944  0.59312567]
at minimum 0.0654 accepted 1  with params [-5.20820662  0.66315253  0.5         0.8059154 ]
at minimum 0.1447 accepted 1  with params [-4.97797297  0.33967956  0.49999809  1.02875544]
at minimum 0.0365 accepted 1  with params [-5.28605076 -0.1         0.12833907  0.90153837]
at minimum 0.0468 accepted 1  with params [-5.46356144 -0.1         0.01        0.59658648]
at minimum 0.0288 accepted 1  with params [-5.35131298  0.36126756  0.01000144  0.66759995]
at minimum 0.0260 accepted 1  with params [-5.73575822  0.90023973  0.5         1.07229727]
at minimum 0.1465 accepted 1  with params [-5.30295798  0.30101815  0.5         0.8195121 ]
at minimum 0.0430 accepted 1  with params [-4.91459938  0.89192554  0.5         0.81747962]
at minimum 0.3098 accepted 1  with params [-4.84574664  0.99        0.5         0.84138578]
at minimum 0.0191 accepted 1  with params [-5.45488099  0.63712467  0.19364807  1.1       ]
at minimum 0.0146 accepted 1  with params [-5.17771735  0.85028023  0.01        0.74481955]
at minimum 0.3897 accepted 1  with params [-5.55120142  0.99        0.01        1.1       ]
at minimum 0.3494 accepted 1  with params [-5.94671375  0.99        0.25059524  1.1       ]
at minimum 0.0192 accepted 1  with params [-6.          0.55270318  0.01        1.1       ]
at minimum 0.0548 accepted 1  with params [-6.          0.04824197  0.01        0.62724045]
at minimum 0.0508 accepted 1  with params [-6.          0.14668233  0.46582623  0.54957659]
at minimum 0.0376 accepted 1  with params [-6.          0.52689108  0.10381073  0.5       ]
at minimum 0.0457 accepted 1  with params [-6.          0.165031    0.5         0.93467776]
at minimum 0.0198 accepted 1  with params [-6.          0.69432415  0.5         1.1       ]
at minimum 0.0154 accepted 1  with params [-6.          0.64984823  0.14081565  1.1       ]
at minimum 0.0187 accepted 1  with params [-6.          0.8995897   0.01        0.59367177]
at minimum 0.1026 accepted 1  with params [-5.45552689  0.98999998  0.01        0.50000001]
at minimum 0.1212 accepted 1  with params [-5.67101401  0.99        0.4047874   0.62345038]
at minimum 0.0175 accepted 1  with params [-5.26013689  0.78739778  0.09101909  0.59304575]
at minimum 0.0205 accepted 1  with params [-5.38356682  0.84394154  0.40147384  0.5       ]
at minimum 0.0906 accepted 1  with params [-5.6490441  0.99       0.5        0.5      ]
at minimum 0.0911 accepted 1  with params [-5.47873488  0.99        0.40374607  0.50000782]
at minimum 0.0971 accepted 1  with params [-5.33095814  0.99        0.21018849  0.50000537]
at minimum 0.0179 accepted 1  with params [-5.80296865  0.80363024  0.5         0.79881418]
at minimum 0.2679 accepted 0  with params [-5.85274636  0.98999999  0.29868368  0.96613133]
at minimum 0.1457 accepted 1  with params [-6.          0.99        0.23420628  0.69127042]
at minimum 0.2795 accepted 1  with params [-6.          0.99        0.49999757  0.99768504]
at minimum 0.0402 accepted 1  with params [-6.          0.44014779  0.5         0.5       ]
at minimum 0.0205 accepted 1  with params [-5.75834975  0.53513619  0.01000115  0.96887333]
at minimum 0.0318 accepted 1  with params [-6.          0.93236675  0.49999981  1.1       ]
at minimum 0.1116 accepted 1  with params [-5.76054993  0.99        0.01000334  0.55974463]
at minimum 0.3466 accepted 1  with params [-5.71714646  0.99        0.34015013  1.1       ]
at minimum 0.0427 accepted 1  with params [-5.3336187   0.31060977  0.25124656  0.81444841]
at minimum 0.0810 accepted 1  with params [-5.31108316  0.16372636  0.49999998  0.50000215]
at minimum 0.2574 accepted 1  with params [-5.40447119 -0.1         0.5         1.1       ]
at minimum 0.0850 accepted 1  with params [-5.18734442 -0.1         0.30432842  0.65604578]
at minimum 0.0442 accepted 1  with params [-5.41387687 -0.1         0.09045866  0.59708857]
at minimum 0.0199 accepted 1  with params [-4.77641261  0.40976884  0.01        1.1       ]
at minimum 0.0374 accepted 1  with params [-5.20763403  0.69845466  0.5         0.60928875]
at minimum 0.0448 accepted 1  with params [-5.8895827   0.32190742  0.5         0.5       ]
at minimum 0.0418 accepted 1  with params [-5.99999994  0.17706559  0.32980534  0.83371181]
at minimum 0.0662 accepted 1  with params [-6.         -0.09999932  0.4999997   1.09999961]
at minimum 0.0668 accepted 1  with params [-6.  -0.1  0.5  1.1]
at minimum 0.1553 accepted 1  with params [-5.5458765 -0.1        0.5        1.1      ]
at minimum 0.0451 accepted 1  with params [-5.66613967 -0.1         0.17169081  1.1       ]
at minimum 0.0587 accepted 1  with params [-6.   -0.1   0.01  1.1 ]
at minimum 0.0626 accepted 1  with params [-5.91380674 -0.1         0.49999478  0.70594627]
at minimum 0.0223 accepted 1  with params [-5.76364133  0.57733627  0.24837936  0.75657666]
at minimum 0.0459 accepted 1  with params [-5.2696488   0.93711988  0.0100006   1.02087399]
at minimum 0.3946 accepted 0  with params [-5.36948982  0.98999015  0.10502472  1.09999374]
at minimum 0.0167 accepted 1  with params [-5.82585519  0.83949959  0.03734613  1.1       ]
at minimum 0.0193 accepted 1  with params [-5.93425478  0.87714003  0.5         1.1       ]
at minimum 0.1478 accepted 0  with params [-5.63502987  0.99        0.5         0.69924273]
at minimum 0.0230 accepted 1  with params [-5.71464542  0.65471638  0.01        0.6894048 ]
at minimum 0.0132 accepted 1  with params [-5.65829185  0.70915466  0.14863431  1.00669739]
at minimum 0.0220 accepted 1  with params [-5.82582536  0.71011742  0.01000013  0.67451781]
at minimum 0.3614 accepted 1  with params [-6.    0.99  0.01  1.1 ]
at minimum 0.2684 accepted 1  with params [-5.52474993  0.98999584  0.01000177  0.90638118]
at minimum 0.0286 accepted 1  with params [-5.13222521  0.44329     0.13897659  0.5       ]
at minimum 0.1177 accepted 1  with params [-5.0993744   0.14654857  0.5         0.65576131]
at minimum 0.0369 accepted 1  with params [-5.40081296  0.28430884  0.13681922  0.5       ]
at minimum 0.0351 accepted 1  with params [-5.40528996 -0.1         0.09684139  1.06071049]
at minimum 0.0810 accepted 1  with params [-5.80939112 -0.09999999  0.5         1.09999999]
at minimum 0.0641 accepted 1  with params [-6.         -0.09999909  0.01        0.52331484]
at minimum 0.0363 accepted 1  with params [-6.          0.57327356  0.01        0.5       ]
at minimum 0.0603 accepted 1  with params [-5.41714234  0.17827416  0.42161645  0.5       ]
at minimum 0.3339 accepted 1  with params [-5.01660164 -0.1         0.5         1.1       ]
at minimum 0.0392 accepted 1  with params [-4.90747435  0.49717984  0.49999995  0.87462981]
at minimum 0.2977 accepted 1  with params [-4.45146406  0.10243619  0.5         1.1       ]
at minimum 0.0253 accepted 1  with params [-4.86482048 -0.1         0.06742357  1.1       ]
at minimum 0.0209 accepted 1  with params [-4.42108601 -0.08496397  0.01        1.1       ]
at minimum 0.0281 accepted 1  with params [-5.10336912 -0.06156562  0.01        1.09999811]
at minimum 0.0220 accepted 1  with params [-5.53661254  0.37075637  0.01        1.1       ]
at minimum 0.0270 accepted 1  with params [-4.93037485 -0.09033053  0.01        1.1       ]
at minimum 0.0339 accepted 1  with params [-5.50874342 -0.00969369  0.01000183  1.1       ]
at minimum 0.0966 accepted 1  with params [-5.26153517 -0.1         0.5         0.5       ]
at minimum 0.0769 accepted 1  with params [-4.95087931 -0.1         0.45207977  0.5       ]
at minimum 0.0422 accepted 1  with params [-5.25420023 -0.1         0.06169505  0.5       ]
at minimum 0.0376 accepted 1  with params [-5.28698844  0.22284093  0.01        0.5       ]
at minimum 0.0742 accepted 1  with params [-5.36583616  0.31250663  0.29052529  1.1       ]
at minimum 0.0289 accepted 1  with params [-6.          0.47146505  0.49999997  0.91444207]
at minimum 0.1262 accepted 1  with params [-5.5694338   0.19333896  0.49999983  1.09999979]
at minimum 0.0764 accepted 1  with params [-5.82880752 -0.1         0.49999972  1.1       ]
at minimum 0.0593 accepted 1  with params [-6.         -0.0999996   0.01000016  1.09999957]
at minimum 0.0655 accepted 1  with params [-6.  -0.1  0.5  1.1]
at minimum 0.0381 accepted 1  with params [-5.87829888  0.36308019  0.5         0.84937824]
at minimum 0.0625 accepted 1  with params [-5.84130221 -0.1         0.5         0.6472755 ]
at minimum 0.0471 accepted 1  with params [-6.          0.26907882  0.5         0.5       ]
at minimum 0.0654 accepted 1  with params [-6.         -0.08798478  0.49999929  1.1       ]
at minimum 0.1405 accepted 1  with params [-5.57920871 -0.1         0.5         1.09999985]
at minimum 0.0438 accepted 1  with params [-5.0231925   0.48753326  0.5         0.5       ]
at minimum 0.0374 accepted 1  with params [-5.04751565  0.43583299  0.313577    0.5       ]
at minimum 0.2504 accepted 0  with params [-4.37576088  0.65166457  0.3258875   1.04732331]
at minimum 0.0213 accepted 1  with params [-5.26222947  0.84741449  0.01        1.1       ]
at minimum 0.4101 accepted 0  with params [-5.39410658  0.99        0.01        1.09999997]
at minimum 0.0396 accepted 1  with params [-5.84087438  0.15573202  0.01        0.872355  ]
at minimum 0.0337 accepted 1  with params [-5.83626302  0.41200591  0.43504516  0.86672362]
at minimum 0.0562 accepted 1  with params [-5.85249097  0.12741836  0.5         1.02928832]
at minimum 0.0154 accepted 1  with params [-6.          0.77285867  0.01        1.1       ]
at minimum 0.3393 accepted 1  with params [-5.96548705  0.98999799  0.49999909  1.09906827]
at minimum 0.3199 accepted 1  with params [-5.34917049  0.99        0.49999932  1.02435208]
at minimum 0.3397 accepted 1  with params [-6.    0.99  0.5   1.1 ]
at minimum 0.1321 accepted 1  with params [-6.          0.99        0.5         0.66435024]
at minimum 0.0166 accepted 1  with params [-5.50223149  0.91943011  0.49999812  0.54712395]
at minimum 0.0375 accepted 0  with params [-5.47534859  0.3436344   0.25146923  0.51327789]
at minimum 0.0895 accepted 1  with params [-5.67091893  0.99        0.49999984  0.5       ]
at minimum 0.0401 accepted 1  with params [-6.          0.47742872  0.0121085   0.5       ]
at minimum 0.0507 accepted 1  with params [-5.72404763  0.01279585  0.01000004  0.58815028]
at minimum 0.0627 accepted 1  with params [-5.98267911 -0.1         0.5         0.5       ]
at minimum 0.0664 accepted 1  with params [-6.         -0.09999659  0.49999836  1.09999489]
at minimum 0.0661 accepted 1  with params [-5.58266352  0.48410833  0.42571871  1.1       ]
at minimum 0.1203 accepted 1  with params [-4.91689402 -0.00551176  0.5         0.78468399]
at minimum 0.0242 accepted 1  with params [-5.45071933  0.74830339  0.12245652  0.5       ]
at minimum 0.0545 accepted 1  with params [-5.90001213  0.05285808  0.42986827  0.5       ]
at minimum 0.0386 accepted 1  with params [-5.41558294  0.49505733  0.25028803  1.1       ]
at minimum 0.0841 accepted 1  with params [-5.63224599  0.50149196  0.5         1.1       ]
at minimum 0.0527 accepted 1  with params [-5.6733181   0.19229557  0.5         0.5       ]
at minimum 0.3815 accepted 1  with params [-5.13019837 -0.09522515  0.49998196  1.1       ]
at minimum 0.0280 accepted 1  with params [-5.80724126  0.54486316  0.11774795  0.64816073]
at minimum 0.0422 accepted 1  with params [-5.31259874  0.03040402  0.01        0.5       ]
at minimum 0.0264 accepted 1  with params [-4.84626955 -0.1         0.01        1.1       ]
at minimum 0.0233 accepted 1  with params [-4.68463462 -0.05060002  0.01        1.1       ]
at minimum 0.5626 accepted 1  with params [-4.35484259 -0.09999905  0.49237661  1.1       ]
at minimum 0.1667 accepted 1  with params [-4.23336808  0.12085544  0.16868199  0.94715283]
at minimum 0.5068 accepted 1  with params [-4.12824456  0.67443085  0.01        1.03840581]
at minimum 0.5159 accepted 1  with params [-4.2005346   0.75513825  0.25045132  0.9709992 ]
at minimum 0.1072 accepted 1  with params [-4.62112529  0.87268578  0.23897983  1.1       ]
at minimum 0.5964 accepted 1  with params [-4.37458104  0.83052758  0.5         1.01354523]
at minimum 1.1608 accepted 1  with params [-3.72231191  0.04301227  0.18063468  1.1       ]
at minimum 1.1596 accepted 1  with params [-3.37038849 -0.1         0.01        1.1       ]
at minimum 0.2746 accepted 1  with params [-3.53463778  0.62570888  0.01        0.5       ]
at minimum 21982427580760819460531617041117507830911517617722412949831680.0000 accepted 0  with params [-3.23387825  0.99        0.5         1.1       ]
at minimum 0.0308 accepted 1  with params [-4.21724798  0.09413707  0.01        0.5       ]
at minimum 0.2690 accepted 1  with params [-4.0838583  -0.02974858  0.5         0.5       ]
at minimum 0.0250 accepted 1  with params [-4.50373851  0.4018573   0.21325829  0.53468542]
at minimum 0.0290 accepted 1  with params [-5.01952526  0.46142926  0.01        0.50000009]
at minimum 0.0325 accepted 1  with params [-5.34318021  0.68632783  0.40216844  0.50000074]
at minimum 0.0171 accepted 1  with params [-5.87422766  0.93995838  0.5         0.73213458]
at minimum 0.3405 accepted 1  with params [-5.99999834  0.98999516  0.44143616  1.09999607]
at minimum 0.4416 accepted 1  with params [-5.22066327  0.98999548  0.01000208  1.09999744]
at minimum 0.1517 accepted 1  with params [-5.47822055  0.99        0.01        0.65523629]
at minimum 0.0508 accepted 1  with params [-5.97685044  0.19820151  0.04172214  0.5       ]
at minimum 0.0414 accepted 1  with params [-5.89980457  0.97319476  0.01000173  0.54856752]
at minimum 0.3433 accepted 1  with params [-5.75908151  0.99        0.39178426  1.1       ]
at minimum 0.0222 accepted 1  with params [-5.05570769  0.8231935   0.5         1.09999666]
at minimum 0.4658 accepted 1  with params [-4.33194921  0.46284548  0.5         0.89158846]
at minimum 0.1877 accepted 1  with params [-4.36261023  0.97528103  0.02378088  0.50000039]
at minimum 0.2746 accepted 1  with params [-3.60207127  0.99        0.30178216  0.5       ]
at minimum 0.2700 accepted 1  with params [-3.90582894  0.68771492  0.01        0.5       ]
at minimum 0.0773 accepted 1  with params [-4.20475095  0.65472728  0.01000054  0.50368083]
at minimum 0.0325 accepted 1  with params [-4.94534941  0.1059238   0.15082058  0.50000034]
at minimum 0.0230 accepted 1  with params [-4.40944449 -0.09999981  0.01        0.5       ]
at minimum 0.0228 accepted 1  with params [-4.61857222  0.36475416  0.17411572  0.5       ]
at minimum 0.0307 accepted 1  with params [-4.86828541  0.18947689  0.01        0.5       ]
at minimum 0.0256 accepted 1  with params [-5.46406284  0.76614488  0.01        0.5       ]
at minimum 0.0882 accepted 1  with params [-5.98937074  0.99        0.5         0.5       ]
at minimum 0.0659 accepted 1  with params [-6.          0.98589104  0.4999994   0.5       ]
at minimum 0.0432 accepted 1  with params [-6.          0.36787459  0.5         0.5       ]
at minimum 0.0155 accepted 1  with params [-6.          0.83420971  0.01        1.06030074]
at minimum 0.0889 accepted 1  with params [-6.          0.99        0.41259473  0.5       ]
at minimum 0.0355 accepted 1  with params [-5.35623818  0.37483673  0.01        0.5       ]
at minimum 0.0642 accepted 1  with params [-6.   -0.1   0.01  0.5 ]
at minimum 0.0301 accepted 1  with params [-5.1871269 -0.1        0.01       1.1      ]
at minimum 0.0615 accepted 1  with params [-5.81119934 -0.1         0.5         0.54703835]
at minimum 0.3122 accepted 1  with params [-5.24923156  0.10848743  0.49999916  1.09999897]
at minimum 0.0747 accepted 1  with params [-5.7662153  -0.09999895  0.44047288  1.1       ]
at minimum 0.0195 accepted 1  with params [-6.          0.68706947  0.49999686  1.04169899]
at minimum 0.3404 accepted 1  with params [-5.9537196   0.99        0.49999995  1.1       ]
at minimum 0.0167 accepted 1  with params [-6.          0.81806131  0.5         1.1       ]
at minimum 0.2923 accepted 0  with params [-5.46278689  0.99        0.5         0.99510765]
at minimum 0.0662 accepted 1  with params [-6.          0.96073449  0.5         1.1       ]
at minimum 0.0299 accepted 1  with params [-5.70620271  0.34130357  0.01        0.8340889 ]
at minimum 0.0176 accepted 1  with params [-6.          0.85390622  0.01        1.1       ]
at minimum 0.3610 accepted 1  with params [-6.    0.99  0.01  1.1 ]
at minimum 0.0460 accepted 1  with params [-6.          0.16971381  0.01        0.72326452]
at minimum 0.0617 accepted 1  with params [-5.72551172 -0.1         0.5         0.5       ]
