./../runners.py:306: RuntimeWarning: invalid value encountered in multiply
  model_input = self.k*x_tm1
./../dsp_utils.py:9: RuntimeWarning: invalid value encountered in double_scalars
  self.state = 1./self.tau*x + (1-1./self.tau)*self.state
./../runners.py:392: RuntimeWarning: invalid value encountered in double_scalars
  err_t]+([u_fb + err_t] if self.enable_combo else []))
at minimum 0.1116 accepted 1  with params [-3.68300051  0.84519973  0.10089993  0.8858     -4.        ]
at minimum 0.0165 accepted 1  with params [-3.55123105  1.26201693  0.01000066  0.66111335 -3.99999488]
at minimum 0.0274 accepted 1  with params [-3.51577802  1.62667743  0.29401946  0.50000008 -3.99999616]
at minimum 0.1622 accepted 1  with params [-3.24670422  1.81380094  0.49999997  0.82489929 -3.87290302]
at minimum 2252178081192198.0000 accepted 0  with params [-3.13283528  1.7722833   0.1155051   1.1        -3.65755289]
at minimum 0.0416 accepted 1  with params [-3.69281374  2.          0.5         0.71806219 -3.4902245 ]
at minimum 0.0879 accepted 1  with params [-3.37187641  1.52994281  0.49999953  0.68756863 -3.87330699]
at minimum 0.0717 accepted 1  with params [-3.72638559  1.78865654  0.49999999  1.01355614 -3.69954198]
at minimum 0.0276 accepted 1  with params [-3.9996513   2.          0.38463592  1.09999923 -3.27848552]
at minimum 0.0309 accepted 1  with params [-4.34409838  1.53112924  0.5         0.70965828 -3.04964028]
at minimum 0.0287 accepted 1  with params [-4.01836616  1.5553912   0.32848001  0.5        -2.7131992 ]
at minimum 0.0192 accepted 1  with params [-3.57350311  1.84255815  0.01        0.86176352 -2.35932709]
at minimum 267178605163057892381171941896144027648.0000 accepted 0  with params [-3.3785187   1.88568016  0.01        0.69976114 -2.07604   ]
at minimum 100000000000000000000.0000 accepted 0  with params [-3.09485306  1.88610908  0.01        1.08006351 -2.37281941]
at minimum 13.9841 accepted 0  with params [-3.21557253  1.42519791  0.1600606   1.05302196 -1.86823489]
at minimum 0.0252 accepted 1  with params [-3.86272801  2.          0.01        0.70014072 -2.59239772]
at minimum 0.0266 accepted 1  with params [-4.2483273   1.82266293  0.01000011  0.86476754 -2.24666512]
at minimum 0.0235 accepted 1  with params [-4.13250333  1.99999862  0.01000036  1.02905798 -1.96586284]
at minimum 0.0213 accepted 1  with params [-4.20452818  1.69893166  0.01000198  1.1        -2.05316512]
at minimum 0.0248 accepted 1  with params [-4.09963545  1.36025717  0.30855674  1.09999996 -1.84249503]
at minimum 0.0291 accepted 1  with params [-4.07423547  1.41190565  0.33924852  1.1        -2.00638312]
at minimum 0.0198 accepted 1  with params [-4.1481247   1.55313128  0.01000057  1.1        -2.1140903 ]
at minimum 0.0292 accepted 1  with params [-4.33258283  1.93221471  0.3491805   0.63217781 -2.46850213]
at minimum 0.0476 accepted 1  with params [-3.95806657  1.87041925  0.5         1.04238978 -2.46226899]
at minimum 0.0229 accepted 1  with params [-4.13822463  1.99999917  0.2435936   0.88428148 -2.07284059]
at minimum 0.0220 accepted 1  with params [-4.15174755  1.84624043  0.01000018  1.1        -1.70733395]
at minimum 0.0202 accepted 1  with params [-3.79614158  2.          0.01        0.85080514 -1.64480001]
at minimum 0.0277 accepted 1  with params [-4.03264187  1.53733406  0.35741748  1.1        -1.22852879]
at minimum 0.0207 accepted 1  with params [-3.99828086  1.86763156  0.10075833  0.98885636 -0.98180909]
at minimum 0.0151 accepted 1  with params [-3.81181485  1.36831427  0.14644332  1.0999987  -1.41242171]
at minimum 0.0191 accepted 1  with params [-3.91320219  1.86715772  0.01        1.1        -1.4425957 ]
at minimum 0.0148 accepted 1  with params [-3.66308088  1.67216413  0.10517193  1.09999963 -1.32502386]
at minimum 0.0626 accepted 1  with params [-3.20244975  1.57684102  0.30434874  0.84515822 -1.65785859]
at minimum 198448164151137145830050511742615801596990935324655218013326975313117184.0000 accepted 0  with params [-3.07220167  1.15673574  0.08392408  1.07364273 -1.16701357]
at minimum 0.4892 accepted 1  with params [-3.00916958  2.          0.41369648  1.1        -2.09896105]
at minimum 1.8894 accepted 1  with params [-3.          1.81995136  0.5         1.1        -1.65403267]
at minimum 4090307.2237 accepted 0  with params [-3.16337365  1.80108282  0.11670744  0.62666809 -1.96969307]
at minimum 0.0548 accepted 1  with params [-3.21361982  1.99998921  0.14487202  0.96787631 -1.86373901]
at minimum 100000000000000000000.0000 accepted 0  with params [-3.          2.          0.01        0.54372704 -2.18956473]
at minimum 100000000000000000000.0000 accepted 0  with params [-3.          2.          0.01        1.1        -1.94829418]
at minimum 0.0202 accepted 1  with params [-3.62003287  1.70477913  0.06471451  0.57239632 -1.64669905]
at minimum 3442685933721320140308480.0000 accepted 0  with params [-3.41117047  1.99899432  0.01        0.5        -1.1931014 ]
at minimum 5239569241181851885385400282259652608.0000 accepted 0  with params [-3.30017047  1.21818371  0.06985815  0.84235088 -1.76424156]
at minimum 3996607108489331702251847277638973820197973033764951499043992512757760.0000 accepted 0  with params [-3.2655608   1.60254266  0.01000005  0.66600878 -2.08121003]
at minimum 21617165198698761400055768211062210668876149114522039408959062827597824.0000 accepted 0  with params [-3.25394379  1.36327937  0.01        0.56367959 -1.86474181]
at minimum 0.0208 accepted 1  with params [-4.09045494  1.40969765  0.28190314  0.78191383 -2.04712212]
at minimum 0.1028 accepted 1  with params [-3.60450242  1.84122442  0.5         1.1        -1.90464301]
at minimum 0.0525 accepted 1  with params [-4.03240232  1.67036699  0.49999977  1.09999999 -1.50174631]
at minimum 0.0263 accepted 1  with params [-4.20626536  1.41051516  0.02527501  0.6947714  -1.88769348]
at minimum 0.0254 accepted 1  with params [-4.2739852   1.89761493  0.23126238  0.79290149 -2.30425257]
at minimum 0.0262 accepted 1  with params [-4.58238898  2.          0.01000015  1.08678819 -2.72452017]
