./../runners.py:308: RuntimeWarning: invalid value encountered in multiply
  model_input = self.k*x_tm1
./../dsp_utils.py:9: RuntimeWarning: invalid value encountered in double_scalars
  self.state = 1./self.tau*x + (1-1./self.tau)*self.state
at minimum 0.0262 accepted 1  with params [-3.68299958  0.84520071  0.10090025  0.88580013 -3.99999753]
at minimum 0.0197 accepted 1  with params [-3.63418608  1.06039008  0.20366363  0.93068332 -4.        ]
at minimum 0.0197 accepted 1  with params [-3.45470838  1.16315346  0.25352544  0.79435586 -3.85410589]
at minimum 0.0241 accepted 1  with params [-3.23951901  1.26591683  0.29840862  0.698909   -3.70821177]
at minimum 0.0275 accepted 1  with params [-3.16477183  1.36868021  0.34329181  0.69607498 -3.56231766]
at minimum 0.0241 accepted 1  with params [-3.12719307  1.47144358  0.2822207   0.81816178 -3.41642355]
at minimum 0.0204 accepted 1  with params [-3.61000197  1.57420696  0.32710388  1.1        -3.27052943]
at minimum 0.0242 accepted 1  with params [-3.3948126   1.67697034  0.37198707  0.95201682 -3.12463532]
at minimum 0.0300 accepted 1  with params [-3.17920015  1.7863456   0.38984184  0.72525991 -2.97874121]
at minimum 0.0250 accepted 1  with params [-3.8423296   1.88910897  0.43472502  1.1        -2.8328471 ]
at minimum 0.0259 accepted 1  with params [-3.62714024  1.99187235  0.4796082   1.04725503 -2.68695298]
at minimum 0.0308 accepted 1  with params [-3.41195087  2.          0.5         0.7809557  -2.54105887]
at minimum 0.0346 accepted 1  with params [-3.1967615   2.          0.5         0.51398498 -2.39516476]
at minimum 0.0279 accepted 1  with params [-4.0470891   2.          0.5         1.1        -2.24927064]
at minimum 0.0246 accepted 1  with params [-3.80605446  2.          0.5         1.1        -2.10337653]
at minimum 0.0275 accepted 1  with params [-3.5908651   2.          0.5         0.96872113 -1.95748242]
at minimum 0.0315 accepted 1  with params [-3.37567573  2.          0.5         0.74132232 -1.8115883 ]
at minimum 0.0290 accepted 1  with params [-3.50977221  2.          0.5         0.8905851  -1.66569419]
at minimum 0.0319 accepted 1  with params [-3.35127123  2.          0.5         0.71403116 -1.51980008]
at minimum 0.0341 accepted 1  with params [-3.22261722  2.          0.5         0.55047785 -1.37390596]
at minimum 0.1335 accepted 1  with params [-3.00742786  2.          0.5         0.5        -1.22801185]
at minimum 0.0261 accepted 1  with params [-3.88423226  2.          0.5         1.1        -1.08211774]
at minimum 0.0262 accepted 1  with params [-3.66904288  2.          0.5         1.0236548  -0.93622363]
at minimum 0.0299 accepted 1  with params [-3.45385352  2.          0.5         0.85037754 -0.79032951]
at minimum 0.0338 accepted 1  with params [-3.23866415  2.          0.5         0.58007016 -0.6444354 ]
at minimum 0.0288 accepted 1  with params [-3.52358422  2.          0.5         0.90022711 -2.01433557]
at minimum 0.0326 accepted 1  with params [-3.30839486  2.          0.5         0.66064882 -1.86844146]
at minimum 0.0499 accepted 1  with params [-3.09320549  2.          0.5         0.5        -1.72254735]
at minimum 0.0256 accepted 1  with params [-3.90632391  2.          0.5         1.1        -1.57665323]
at minimum 0.0247 accepted 1  with params [-3.77642345  2.          0.5         1.1        -1.43255975]
at minimum 0.0280 accepted 1  with params [-3.56123408  2.          0.5         0.94839515 -1.28666564]
at minimum 0.0350 accepted 1  with params [-3.73162154  2.          0.5         0.80308078 -1.14077153]
at minimum 0.0282 accepted 1  with params [-3.54460816  2.          0.5         0.94198081 -0.99487741]
at minimum 0.0282 accepted 1  with params [-3.54026494  2.          0.5         0.93900879 -0.85007229]
at minimum 0.0322 accepted 1  with params [-3.32507558  2.          0.5         0.69498566 -0.70417817]
at minimum 0.0433 accepted 1  with params [-3.10988621  2.          0.5         0.5        -0.55828406]
at minimum 0.0315 accepted 1  with params [-3.97826897  2.          0.5         1.1        -0.71184142]
at minimum 0.0250 accepted 1  with params [-3.74564713  2.          0.5         1.1        -0.93663675]
at minimum 0.0284 accepted 1  with params [-3.53045776  2.          0.5         0.93952881 -0.79074264]
at minimum 0.0324 accepted 1  with params [-3.3152684   2.          0.5         0.68426164 -0.64484852]
at minimum 0.0460 accepted 1  with params [-3.10007903  2.          0.5         0.5        -0.49895441]
at minimum 0.0386 accepted 1  with params [-4.05802427  2.          0.5         1.1        -0.55696388]
at minimum 0.0301 accepted 1  with params [-3.84161987  2.          0.5         1.1        -0.41106977]
at minimum 0.0261 accepted 1  with params [-3.62643051  2.          0.5         1.1        -0.39189321]
at minimum 0.0312 accepted 1  with params [-3.44512256  2.          0.5         0.795042   -0.24599909]
at minimum 0.0337 accepted 1  with params [-3.22993319  2.          0.5         0.59157933 -0.10010498]
at minimum 0.0356 accepted 1  with params [-3.88327744  2.          0.5         1.1        -0.28013455]
at minimum 0.0280 accepted 1  with params [-3.66808807  2.          0.5         1.1        -0.13424044]
at minimum 0.0291 accepted 1  with params [-3.45289871  2.          0.5         1.0236548   0.        ]
at minimum 0.0335 accepted 1  with params [-3.23770934  2.          0.5         0.61315181  0.        ]
at minimum 0.0311 accepted 1  with params [-3.70510318  2.          0.5         1.1        -0.0712392 ]
