at minimum 0.0179 accepted 1  with params [-3.68299958  0.84520071  0.10090025  0.88580013 -3.99999753]
at minimum 0.0123 accepted 1  with params [-3.63418609  1.06039008  0.20366363  0.93068332 -4.        ]
at minimum 0.0147 accepted 1  with params [-3.42374249  1.16315345  0.22387118  0.84855448 -3.85410589]
at minimum 0.0147 accepted 1  with params [-3.37747062  1.26591683  0.26875436  0.84181738 -3.70821177]
at minimum 0.0203 accepted 1  with params [-3.16228108  1.36868021  0.31363754  0.76547219 -3.56231766]
at minimum 0.0242 accepted 1  with params [-3.13716719  1.47144358  0.32146396  0.68039164 -3.41642355]
at minimum 0.0283 accepted 1  with params [-3.          1.57420696  0.36634714  0.56817247 -3.27052943]
at minimum 0.0277 accepted 1  with params [-3.12524208  1.67697034  0.41123032  0.63672226 -3.12463532]
at minimum 0.0248 accepted 1  with params [-3.          1.32070048  0.4561135   0.5349086  -2.97874121]
at minimum 0.0205 accepted 1  with params [-3.84067625  1.42346386  0.5         0.99133833 -2.8328471 ]
at minimum 0.0235 accepted 1  with params [-3.62548688  1.52622723  0.5         0.91499312 -2.68695298]
at minimum 0.0266 accepted 1  with params [-3.41029751  1.62899061  0.5         0.73564346 -2.54105887]
at minimum 0.0309 accepted 1  with params [-3.19510815  1.73175399  0.5         0.52324885 -2.39516476]
at minimum 0.0206 accepted 1  with params [-3.75905199  1.83451736  0.5         1.1        -2.24927064]
at minimum 0.0242 accepted 1  with params [-3.54624575  1.93728074  0.5         0.95354184 -2.10337653]
at minimum 0.0281 accepted 1  with params [-3.33105638  2.          0.5         0.72649415 -1.95748242]
at minimum 0.0370 accepted 1  with params [-3.11586702  2.          0.5         0.5        -1.8115883 ]
at minimum 0.0237 accepted 1  with params [-3.90846562  2.          0.5         1.1        -1.6681506 ]
at minimum 0.0217 accepted 1  with params [-3.69327625  2.          0.5         1.1        -1.52225649]
at minimum 0.0254 accepted 1  with params [-3.47808688  2.          0.5         0.90509142 -1.37636237]
at minimum 0.0240 accepted 1  with params [-3.55382059  2.          0.5         0.99183495 -1.23046826]
at minimum 0.0279 accepted 1  with params [-3.33863122  2.          0.5         0.74219378 -1.08457415]
at minimum 0.0353 accepted 1  with params [-3.12344185  2.          0.5         0.5        -0.93868003]
at minimum 0.0247 accepted 1  with params [-3.85194228  2.          0.5         1.1        -0.81403923]
at minimum 0.0229 accepted 1  with params [-3.59169022  2.          0.5         1.08099507 -0.66814703]
at minimum 0.0337 accepted 1  with params [-3.37650084  2.          0.5         1.00464986 -0.52225292]
at minimum 0.0315 accepted 1  with params [-3.16131147  2.          0.5         0.50211717 -0.37635881]
at minimum 0.0219 accepted 1  with params [-3.80928608  2.          0.5         1.1        -1.79017301]
at minimum 0.0233 accepted 1  with params [-3.59409671  2.          0.5         1.02696411 -1.6442789 ]
at minimum 0.0218 accepted 1  with params [-3.78999205  2.          0.5         1.1        -1.49838478]
at minimum 0.0236 accepted 1  with params [-3.57480265  2.          0.5         1.02365475 -1.35249067]
at minimum 0.0217 accepted 1  with params [-3.75024913  2.          0.5         1.1        -1.20659656]
at minimum 0.0246 accepted 1  with params [-3.53505976  2.          0.5         1.0236548  -1.06070244]
at minimum 0.0401 accepted 1  with params [-3.31987037  2.          0.5         0.9473095  -0.91480833]
at minimum 0.0391 accepted 1  with params [-3.104681    2.          0.5         0.5        -0.76891422]
at minimum 0.0215 accepted 1  with params [-3.73650043  2.          0.5         1.1        -1.83017447]
at minimum 0.0243 accepted 1  with params [-3.54160333  2.          0.5         0.97069133 -1.68428036]
at minimum 0.0218 accepted 1  with params [-3.68546824  2.          0.5         1.1        -1.53838624]
at minimum 0.0256 accepted 1  with params [-3.47027887  2.          0.5         0.89602518 -1.39249213]
at minimum 0.0227 accepted 1  with params [-3.6266425   2.          0.5         1.07255398 -1.24659802]
at minimum 0.0267 accepted 1  with params [-3.4098363   2.          0.5         0.83133772 -1.10223057]
at minimum 0.0307 accepted 1  with params [-3.19464694  2.          0.5         0.54317615 -0.95633646]
at minimum 0.0803 accepted 1  with params [-3.99981108  2.          0.5         0.5        -0.81044234]
at minimum 0.0220 accepted 1  with params [-3.68770415  2.          0.5         1.1        -0.73281451]
at minimum 0.0259 accepted 1  with params [-3.44162669  2.          0.5         0.89685456 -0.59597394]
at minimum 0.0299 accepted 1  with params [-3.22643732  2.          0.5         0.59998345 -0.45007982]
at minimum 0.1124 accepted 1  with params [-3.01124796  2.          0.5         0.5        -0.30418571]
at minimum 0.0280 accepted 1  with params [-3.46045265  2.          0.5         1.1        -0.33551904]
at minimum 0.0293 accepted 1  with params [-3.24526328  2.          0.5         0.64291886 -0.18962493]
at minimum 0.0347 accepted 1  with params [-3.90587376  2.          0.5         1.1        -0.36387214]
at minimum 0.0230 accepted 1  with params [-3.56967598  2.          0.5         1.1        -0.21299698]
