./../runners.py:231: RuntimeWarning: invalid value encountered in multiply
  model_input = self.k*x_tm1
./../dsp_utils.py:9: RuntimeWarning: invalid value encountered in double_scalars
  self.state = 1./self.tau*x + (1-1./self.tau)*self.state
at minimum 0.0298 accepted 1  with params [-4.5   0.4   0.05  1.    0.  ]
at minimum 0.0155 accepted 1  with params [-4.86327504  0.23970558  0.01958813  1.1         0.06009148]
at minimum 0.0219 accepted 1  with params [-5.2572235   0.07484607  0.01        0.62440028  0.        ]
at minimum 0.0253 accepted 1  with params [-5.41758278  0.06229576  0.01        0.64297215  0.38708063]
at minimum 0.0353 accepted 1  with params [-5.78224451 -0.00711585  0.18003319  0.75432107  0.71907443]
at minimum 0.0139 accepted 1  with params [-5.98178135  0.49035263  0.01        1.02122278  1.07496909]
at minimum 0.0152 accepted 1  with params [-5.80743336  0.74076139  0.01        0.79232132  0.84818694]
at minimum 0.0205 accepted 1  with params [-5.47843702  0.74091626  0.01        1.09999995  0.69441033]
at minimum 0.1018 accepted 1  with params [-5.49014133  0.38130549  0.43164063  1.1         1.11462905]
at minimum 0.0762 accepted 1  with params [-5.69008491  0.3280242   0.5         1.1         1.17901685]
at minimum 0.0164 accepted 1  with params [-5.49720085  0.63220711  0.16918089  0.91400866  0.79521203]
at minimum 0.0187 accepted 1  with params [-5.84545102  0.67360261  0.0100001   0.61573557  1.04927014]
at minimum 0.0342 accepted 1  with params [-6.          0.30103047  0.42314503  0.5         1.27024232]
at minimum 0.0415 accepted 1  with params [-6.          0.02646349  0.14622344  0.61954556  1.37372253]
at minimum 0.0412 accepted 1  with params [-5.87727448 -0.09999905  0.0100004   0.8933383   1.52624809]
at minimum 0.0236 accepted 1  with params [-5.93021875  0.33361172  0.38339117  0.96722871  1.20303726]
at minimum 0.0463 accepted 1  with params [-5.96816721 -0.04746369  0.47917991  0.68533108  1.15916744]
at minimum 0.0493 accepted 1  with params [-5.84598157 -0.1         0.5         0.5         0.85275569]
at minimum 0.0496 accepted 1  with params [-5.76023185 -0.1         0.5         0.5         0.97561275]
at minimum 0.0409 accepted 1  with params [-5.71868176  0.21257176  0.5         0.5         1.39064917]
at minimum 0.0797 accepted 1  with params [-5.32016493e+00 -5.06272441e-03  5.00000000e-01  5.06703811e-01
  1.08412259e+00]
at minimum 0.0386 accepted 1  with params [-5.17492664 -0.0363525   0.22580067  0.6376303   1.29067244]
at minimum 0.1058 accepted 0  with params [-5.01274731 -0.09013092  0.5         0.83410266  1.75148415]
at minimum 0.0509 accepted 1  with params [-5.00510314  0.216839    0.44573061  0.5         1.36045154]
at minimum 0.0153 accepted 1  with params [-4.51053898 -0.03369842  0.5         0.81514648  1.60863498]
at minimum 0.0232 accepted 1  with params [-4.4435523  -0.1         0.5         0.68808787  1.52132879]
at minimum 0.0194 accepted 1  with params [-4.47897481 -0.1         0.09431619  0.5         1.67760589]
at minimum 0.0191 accepted 1  with params [-4.08673227 -0.09999986  0.01        0.5         1.47030327]
at minimum 0.0163 accepted 1  with params [-4.51263288 -0.09999972  0.36906096  0.97798664  1.61823254]
at minimum 0.0174 accepted 1  with params [-4.63903747  0.26292904  0.23568807  0.62064586  2.08845485]
at minimum 0.0257 accepted 1  with params [-4.53680973  0.35245695  0.49999977  0.99885129  1.75788116]
at minimum 0.1134 accepted 1  with params [-4.37913123  0.16026777  0.49999995  0.92055272  1.26100582]
at minimum 0.0270 accepted 1  with params [-4.71924252 -0.1         0.26243746  0.82834069  1.35242059]
at minimum 0.0195 accepted 1  with params [-4.30757765 -0.05649217  0.01        0.5         1.7468738 ]
at minimum 0.0226 accepted 1  with params [-4.11582982  0.1945895   0.36251474  0.5         1.77455097]
at minimum 0.0174 accepted 1  with params [-4.5259553   0.55579545  0.37081429  0.9920421   2.05048879]
at minimum 0.2046 accepted 1  with params [-4.53707179  0.8795017   0.5         1.01674568  1.67316006]
at minimum 0.5013 accepted 1  with params [-4.91431056  0.99        0.49999993  1.1         1.24095538]
at minimum 0.0196 accepted 1  with params [-4.71727877  0.49832143  0.11661995  1.06381933  1.60342271]
at minimum 0.0130 accepted 1  with params [-4.54075281  0.52539516  0.01000013  0.79337109  1.97501839]
at minimum 0.0211 accepted 1  with params [-4.74742183  0.76048087  0.01136265  0.5         1.61580166]
at minimum 0.0191 accepted 1  with params [-4.77922039  0.58171169  0.01        0.5         1.64815551]
at minimum 0.0204 accepted 1  with params [-4.57823421  0.63120632  0.01        0.5         1.46414259]
at minimum 0.0701 accepted 1  with params [-4.60508168  0.96391741  0.20261722  0.50000006  1.47963939]
at minimum 0.0288 accepted 1  with params [-4.85489765  0.87735715  0.01        0.61376833  1.27843267]
at minimum 0.0198 accepted 1  with params [-4.68290686  0.56217811  0.33418508  0.5         1.25771938]
at minimum 0.0238 accepted 1  with params [-5.08569666  0.81907038  0.5         0.50000082  1.67892806]
at minimum 0.0218 accepted 1  with params [-4.76526523  0.40007505  0.5         0.5         1.27684323]
at minimum 0.0193 accepted 1  with params [-4.52073818  0.47482323  0.08406647  0.50000012  1.50483936]
at minimum 0.0508 accepted 1  with params [-4.3083666   0.70834187  0.01000095  0.71668714  1.02936067]
at minimum 0.0218 accepted 1  with params [-4.49237756  0.5566336   0.01000304  0.78606707  1.24280212]
at minimum 0.0287 accepted 1  with params [-4.34217748  0.77330436  0.01        0.87170114  1.74095269]
at minimum 0.0211 accepted 1  with params [-4.57057193  0.68940093  0.03692778  1.1         2.18656063]
at minimum 0.4197 accepted 1  with params [-4.15840331  0.99        0.01        1.1         1.99161909]
at minimum 0.0579 accepted 1  with params [-4.01448931  0.92621536  0.01663857  1.09150173  2.26757813]
at minimum 0.0236 accepted 1  with params [-3.96531103  0.81553548  0.04904081  1.1         2.74012528]
at minimum 0.3754 accepted 1  with params [-4.1508455   0.99        0.01        1.1         2.35560264]
at minimum 0.0800 accepted 1  with params [-3.89780688  0.9461465   0.02206431  1.1         2.4630244 ]
at minimum 0.0177 accepted 1  with params [-4.29337394  0.54129328  0.01        1.1         2.00878812]
at minimum 0.0459 accepted 1  with params [-4.23466199  0.009537    0.01        0.64885812  2.50256084]
at minimum 0.0319 accepted 1  with params [-4.62874603  0.18262827  0.01        0.5         2.55745638]
at minimum 0.0174 accepted 1  with params [-4.58934482  0.58154789  0.01        0.55540841  2.16681878]
at minimum 0.0129 accepted 1  with params [-4.05256934  0.51902083  0.01        0.86404276  2.06752261]
at minimum 0.0269 accepted 1  with params [-4.4282334   0.07743308  0.01        0.86492615  2.48127676]
at minimum 0.0520 accepted 1  with params [-4.30981589 -0.1         0.13393746  1.1         2.69052414]
at minimum 0.0229 accepted 1  with params [-3.98385572  0.28254214  0.16414549  1.1         2.9464993 ]
at minimum 0.0169 accepted 1  with params [-4.08559559  0.76204586  0.01000021  0.74723704  2.68396157]
at minimum 0.1181 accepted 1  with params [-4.54565675  0.99        0.01000021  0.58198101  2.83169382]
at minimum 0.0154 accepted 1  with params [-5.34249303  0.65484407  0.01000003  0.6655104   1.37294105]
at minimum 0.0597 accepted 1  with params [-5.49489805  0.96894393  0.01        0.61790119  1.61679932]
at minimum 0.0434 accepted 1  with params [-4.94303293  0.85603096  0.16679859  1.01434378  1.1200261 ]
at minimum 0.0168 accepted 1  with params [-4.63650413  0.54676477  0.01000146  0.71428779  0.99694366]
at minimum 0.1564 accepted 1  with params [-4.97932412  0.95722677  0.06688988  1.1         1.04157872]
at minimum 0.3713 accepted 1  with params [-4.44313212  0.98999999  0.01000006  0.75157574  1.19501062]
at minimum 0.2592 accepted 1  with params [-3.89831997  0.98999962  0.45987731  0.5         0.77656259]
at minimum 0.3914 accepted 1  with params [-4.25148727  0.99        0.5         0.66808375  0.86976543]
at minimum 0.6198 accepted 1  with params [-4.10712884  0.99        0.07023278  0.86107622  0.69164584]
at minimum 0.1351 accepted 1  with params [-4.65500248  0.99        0.20220492  0.50191558  0.18306298]
at minimum 0.2535 accepted 1  with params [-4.59333422  0.99        0.25687224  0.71131596  0.06492611]./../runners.py:294: RuntimeWarning: invalid value encountered in double_scalars
  err_t]+([self.u_lp.state + err_t] if self.enable_combo else []))

at minimum 0.0193 accepted 1  with params [-4.95624382  0.6485713   0.02766222  0.5         0.        ]
at minimum 0.1094 accepted 1  with params [-4.92066028e+00  9.90000000e-01  3.75096535e-01  5.00000000e-01
  4.80597333e-15]
at minimum 0.1532 accepted 1  with params [-4.49635059  0.99        0.24675124  0.5         0.34857195]
at minimum 0.2169 accepted 1  with params [-4.22847008  0.99        0.01000163  0.5         0.7891034 ]
at minimum 0.0594 accepted 1  with params [-4.64052051  0.91339684  0.01        0.64553071  0.41700831]
at minimum 0.6208 accepted 1  with params [-4.46857142  0.99        0.01        0.93510541  0.16855385]
at minimum 0.0369 accepted 1  with params [-4.48362546  0.45906559  0.29659538  0.68453756  0.3264312 ]
at minimum 0.1702 accepted 1  with params [-4.27738014  0.43507537  0.5         0.5         0.103432  ]
at minimum 0.0892 accepted 1  with params [-4.59391912e+00  8.99495788e-01  5.00000000e-01  5.00000000e-01
  3.74894442e-03]
at minimum 0.0670 accepted 1  with params [-4.47020022  0.42909471  0.5         0.5         0.55337184]
at minimum 0.1089 accepted 1  with params [-4.38704704  0.79268281  0.49999951  0.50000037  0.99363997]
at minimum 0.1196 accepted 1  with params [-4.81356491  0.99        0.4089404   0.50000007  0.75435796]
at minimum 0.1416 accepted 1  with params [-4.59657972  0.99        0.37590935  0.5         0.45334759]
at minimum 0.0221 accepted 1  with params [-4.83202839  0.54950159  0.36442236  0.5         0.        ]
at minimum 0.1368 accepted 1  with params [-5.03157221  0.16823463  0.39379547  0.84285952  0.23880672]
at minimum 0.3472 accepted 1  with params [-5.2996515  -0.09651749  0.4936209   1.1         0.59552391]
at minimum 0.1057 accepted 1  with params [-5.66000182 -0.1         0.5         1.1         0.18978009]
at minimum 0.0501 accepted 1  with params [-6.         -0.1         0.5         0.67469529  0.47292721]
at minimum 0.0331 accepted 1  with params [-6.          0.31627065  0.16305745  0.5         0.7487446 ]
at minimum 0.1202 accepted 1  with params [-5.50290354  0.01282416  0.5         0.87839947  0.42608473]
at minimum 0.0431 accepted 1  with params [-5.45557432 -0.03923037  0.28829815  0.68953491  0.76358324]
at minimum 0.0511 accepted 1  with params [-5.03359264 -0.0812161   0.2937147   0.5         0.98217088]
at minimum 0.3665 accepted 1  with params [-5.17805877 -0.1         0.5         1.1         0.8654978 ]
at minimum 0.1786 accepted 1  with params [-4.97791169 -0.1         0.32155258  1.1         0.99761559]
at minimum 0.0259 accepted 1  with params [-5.53680638  0.02875986  0.01        0.76649441  0.38933789]
at minimum 0.0624 accepted 1  with params [-5.57239389  0.17472313  0.5         0.69051441  0.93465347]
at minimum 0.0292 accepted 1  with params [-5.92457126  0.41932376  0.17758816  0.5         0.46317461]
at minimum 0.0330 accepted 1  with params [-5.75113579  0.68695224  0.5         0.76231679  0.23982284]
at minimum 0.1719 accepted 1  with params [-5.4772517  0.1520149  0.5        1.1        0.       ]
at minimum 0.0748 accepted 1  with params [-5.17050596 -0.1         0.2418589   0.81295276  0.36076211]
at minimum 0.0752 accepted 1  with params [-5.15931364e+00  2.81252794e-01  4.99999497e-01  5.00000142e-01
  2.08905357e-06]
at minimum 0.0402 accepted 1  with params [-5.76741383  0.00936891  0.01        0.5         0.35006832]
at minimum 0.0392 accepted 1  with params [-6.          0.1515023   0.01        0.5         0.44043898]
at minimum 0.0359 accepted 1  with params [-5.50365537 -0.1         0.01        0.5         0.01139934]
at minimum 0.0220 accepted 1  with params [-5.01326795  0.08605389  0.11161772  0.55493738  0.49868576]
at minimum 0.0161 accepted 1  with params [-4.61858145 -0.1         0.5         0.61465509  0.94418526]
at minimum 0.0201 accepted 1  with params [-5.07344328 -0.09999597  0.08302656  1.08487884  1.01564071]
at minimum 0.0185 accepted 1  with params [-4.58315865 -0.1         0.5         1.00603895  1.14486369]
at minimum 0.3727 accepted 0  with params [-5.16523911 -0.09999867  0.49999979  1.1         0.72618039]
at minimum 0.1079 accepted 1  with params [-4.0769199  -0.1         0.5         1.1         1.75259127]
at minimum 0.2107 accepted 1  with params [-3.73432105  0.05236308  0.49999882  0.87424786  1.38207689]
at minimum 0.0128 accepted 1  with params [-4.09919782 -0.1         0.01        0.72716074  1.62894283]
at minimum 0.0262 accepted 1  with params [-3.89502432  0.29680849  0.01        0.57916523  1.2550772 ]
at minimum 0.0700 accepted 1  with params [-4.11017221  0.78131853  0.12107301  0.77253883  1.33633566]
at minimum 0.0185 accepted 1  with params [-4.6575847   0.70421731  0.01        0.7495876   1.62727663]
at minimum 0.0127 accepted 1  with params [-5.15318635  0.19372967  0.01        1.1         1.28675663]
at minimum 0.0270 accepted 1  with params [-4.6373561   0.45268377  0.44695228  1.1         1.48241857]
at minimum 0.0191 accepted 1  with params [-4.21569098  0.65848561  0.01        0.50000001  1.87340874]
at minimum 0.0296 accepted 1  with params [-3.7897014   0.60307912  0.26063242  0.5         1.61786854]
at minimum 0.0600 accepted 1  with params [-3.92386365  0.54867284  0.5         0.5         1.81377515]
at minimum 0.0750 accepted 1  with params [-3.54621345  0.05132596  0.49999981  0.5         1.59010124]
at minimum 0.0233 accepted 1  with params [-3.         -0.1         0.5         0.51412825  2.06946472]
at minimum 0.0321 accepted 1  with params [-3.57113377  0.4748959   0.01918412  0.50000024  2.38046734]
at minimum 0.0384 accepted 1  with params [-4.18652966  0.18247064  0.01        0.90169962  2.97624382]
at minimum 0.0147 accepted 1  with params [-3.31210894  0.29434242  0.5         1.1         3.20854629]
at minimum 0.0160 accepted 1  with params [-3.22788266  0.10566493  0.5         1.02770666  2.61592209]
at minimum 0.0843 accepted 1  with params [-3.80402186 -0.09999922  0.49999998  0.9222889   2.11219128]
at minimum 0.0246 accepted 1  with params [-4.26473772  0.01658396  0.36472275  0.58946625  2.41149094]
at minimum 0.0608 accepted 1  with params [-4.26161461 -0.1         0.01000042  0.50000051  2.97023547]
at minimum 0.0598 accepted 1  with params [-4.15719301 -0.1         0.01        0.98536559  2.54289687]
at minimum 0.0634 accepted 1  with params [-4.63532658 -0.09999997  0.01        0.88634795  3.02568373]
at minimum 0.0332 accepted 1  with params [-4.1705778   0.03448792  0.48982697  1.09490886  3.57576452]
at minimum 0.0140 accepted 1  with params [-4.07537741  0.59840386  0.5         1.08067463  3.84239279]
at minimum 100000000000000000000.0000 accepted 0  with params [-3.52159624  0.67590353  0.5         1.1         4.        ]
at minimum 0.0271 accepted 1  with params [-3.78642267  0.22248254  0.5         1.1         4.        ]
at minimum 0.0142 accepted 1  with params [-3.79070305  0.62842718  0.5         1.0710641   4.        ]
at minimum 0.0220 accepted 1  with params [-4.26616885  0.88884879  0.24542326  0.64325281  4.        ]
at minimum 0.0142 accepted 1  with params [-3.88437952  0.57603323  0.01        1.1         4.        ]
at minimum 0.0141 accepted 1  with params [-3.81373884  0.60239145  0.01        1.1         3.61599647]
at minimum 0.0246 accepted 1  with params [-3.39414681  0.31709503  0.01        1.1         3.42753424]
at minimum 0.0153 accepted 1  with params [-3.63256238  0.251627    0.5         1.1         3.14170182]
at minimum 0.0233 accepted 1  with params [-3.9682149   0.33707213  0.01        1.1         3.6349696 ]
at minimum 100000000000000000000.0000 accepted 0  with params [-3.49116488 -0.05569112  0.32059814  0.80304341  4.        ]
at minimum 100000000000000000000.0000 accepted 0  with params [-3.36369057  0.15421593  0.5         0.73159815  4.        ]
at minimum 0.0142 accepted 1  with params [-4.03630815  0.64948186  0.01        1.08405627  3.98755176]
at minimum 0.0160 accepted 1  with params [-3.77740007  0.7616226   0.01        0.88421234  3.33611109]
at minimum 0.0342 accepted 1  with params [-3.92921891  0.95291314  0.41843621  0.5         3.68631256]
at minimum 0.0948 accepted 1  with params [-3.88153904  0.99        0.11869183  0.5         3.79874731]
at minimum 0.0950 accepted 1  with params [-3.67608088  0.99        0.29044579  0.5         3.90006133]
at minimum 0.0952 accepted 1  with params [-3.30369303  0.99        0.43874409  0.5         3.25066257]
at minimum 100000000000000000000.0000 accepted 0  with params [-3.03512036  0.99        0.5         1.07467291  3.39168041]
at minimum 100000000000000000000.0000 accepted 0  with params [-3.13300301  0.99        0.36388776  0.5         3.57071471]
at minimum 100000000000000000000.0000 accepted 0  with params [-3.          0.61338561  0.01        0.5         3.75847367]
at minimum 0.0948 accepted 1  with params [-3.6651883   0.99        0.01        0.5         3.44357419]
at minimum 0.0948 accepted 1  with params [-3.09098493  0.99        0.01        0.5         3.34684332]
at minimum 0.0948 accepted 1  with params [-3.          0.99        0.01        0.5         3.19086418]
at minimum 0.0948 accepted 1  with params [-3.16934423  0.99        0.01        0.5         3.43547304]
at minimum 0.0948 accepted 1  with params [-3.24751783  0.99        0.01        0.5         3.02402608]
at minimum 0.0948 accepted 1  with params [-3.          0.99        0.01        0.5         2.36536105]
at minimum 0.0231 accepted 1  with params [-3.00000001  0.62282888  0.38633012  0.5         2.11050639]
at minimum 0.0342 accepted 1  with params [-3.57607709  0.37278445  0.5         1.05966189  2.51547318]
at minimum 0.0243 accepted 1  with params [-3.11852133  0.87462595  0.08276135  0.52320377  1.88234762]
at minimum 0.0259 accepted 1  with params [-3.1894386   0.29728202  0.01000092  1.1         2.06706554]
at minimum 0.0727 accepted 1  with params [-3.06455513  0.70349395  0.5         0.96139678  1.79757925]
at minimum 0.0771 accepted 1  with params [-3.72341997  0.84677709  0.5         0.5         1.88892929]
at minimum 0.3624 accepted 0  with params [-4.04539784  0.98999752  0.28966114  0.65936511  2.49050214]
at minimum 1.0788 accepted 1  with params [-4.11190577  0.98999029  0.49999587  0.79611623  2.41413254]
at minimum 0.0193 accepted 1  with params [-4.2060124   0.45707643  0.01        0.98647117  3.08850751]
at minimum 0.0412 accepted 1  with params [-4.88759934 -0.1         0.01        1.1         2.8563083 ]
at minimum 0.0122 accepted 1  with params [-4.81646174  0.19427251  0.01        1.1         2.20477746]
at minimum 0.0240 accepted 1  with params [-4.79808524  0.39577197  0.2747754   0.64093432  2.87786333]
at minimum 0.0205 accepted 1  with params [-4.79177412e+00 -1.00000000e-01  1.00000000e-02  5.00000000e-01
  1.65000634e-09]
at minimum 0.0217 accepted 1  with params [-5.36245207e+00  5.29393849e-01  1.00000000e-02  5.00000000e-01
  6.42327562e-23]
at minimum 0.0987 accepted 1  with params [-5.69418356  0.98999474  0.46096895  0.51822867  0.        ]
at minimum 0.0154 accepted 1  with params [-6.          0.55659339  0.3185272   0.98600679  0.        ]
at minimum 0.0212 accepted 1  with params [-6.          0.22697492  0.01000494  1.1         0.        ]
at minimum 0.0501 accepted 1  with params [-6.         -0.1         0.5         0.73911759  0.        ]
at minimum 0.0695 accepted 1  with params [-5.31765896  0.54773607  0.5         0.61494432  0.        ]
at minimum 0.1003 accepted 1  with params [-5.14011917e+00  5.47749937e-01  5.00000000e-01  7.82070845e-01
  4.30263028e-22]
at minimum 0.0294 accepted 1  with params [-5.27562863  0.02835129  0.14301489  1.1         0.        ]
at minimum 0.0296 accepted 1  with params [-5.90362028  0.03724269  0.11603091  1.09999998  0.        ]
at minimum 0.0444 accepted 1  with params [-6.         -0.1         0.24228074  1.1         0.36146529]
at minimum 0.0414 accepted 1  with params [-5.90550548 -0.08839446  0.01        0.91871084  0.84441742]
at minimum 0.0478 accepted 1  with params [-6.         -0.1         0.01000012  0.6602768   0.34282219]
at minimum 0.0337 accepted 1  with params [-5.42381075 -0.1         0.01        0.5         0.36880918]
at minimum 0.0185 accepted 1  with params [-4.93599589e+00 -1.00000000e-01  1.00000000e-02  6.14485204e-01
  6.07965517e-24]
at minimum 0.0994 accepted 1  with params [-4.3681256  -0.1         0.5         0.5         0.14665882]
at minimum 0.1415 accepted 1  with params [-4.04339934 -0.09999895  0.5         0.5         0.80214467]
at minimum 0.1664 accepted 1  with params [-3.954541   -0.1         0.5         0.5         0.56338595]
at minimum 0.1112 accepted 1  with params [-4.48514072 -0.1         0.48131424  1.1         0.5803618 ]
at minimum 0.1388 accepted 1  with params [-4.22075951 -0.1         0.5         0.5876831   0.96042557]
at minimum 0.1440 accepted 1  with params [-3.82241456 -0.1         0.44175129  0.5         0.56686748]
