./../runners.py:231: RuntimeWarning: invalid value encountered in multiply
  model_input = self.k*x_tm1
./../dsp_utils.py:9: RuntimeWarning: invalid value encountered in double_scalars
  self.state = 1./self.tau*x + (1-1./self.tau)*self.state
at minimum 0.1519 accepted 1  with params [-4.50000000e+00  4.00000000e-01  5.00000000e-02  1.00000000e+00
  3.49525333e-15]
at minimum 0.1258 accepted 1  with params [-4.76967919  0.5678674   0.01000015  0.73799707  0.16787691]
at minimum 0.1281 accepted 1  with params [-4.90820262e+00  1.84746256e-01  1.00001360e-02  5.00000000e-01
  5.12812993e-08]
at minimum 0.0285 accepted 1  with params [-5.31981432 -0.1         0.4824558   0.77680756  0.09560267]
at minimum 0.0229 accepted 1  with params [-4.96383969e+00  1.98722781e-01  4.99999149e-01  1.02134193e+00
  6.94820712e-06]
at minimum 0.0871 accepted 1  with params [-5.02364645  0.05246942  0.09000767  0.73842145  0.14027862]
at minimum 0.0328 accepted 1  with params [-4.94584735 -0.09999993  0.49999997  0.5098886   0.50126736]
at minimum 0.0956 accepted 1  with params [-5.21881152  0.3525568   0.08993098  0.75669821  0.61727395]
at minimum 0.0220 accepted 1  with params [-5.37789538  0.11141808  0.41028901  1.07071153  0.55240907]
at minimum 0.0267 accepted 1  with params [-5.46993547 -0.04582967  0.5         0.92863971  0.41984099]
at minimum 0.0591 accepted 1  with params [-5.87386111  0.3327057   0.5         0.85270506  0.88538786]
at minimum 0.1045 accepted 0  with params [-6.          0.51352026  0.5         0.5         0.69134383]
at minimum 0.0192 accepted 1  with params [-5.70604035  0.52437885  0.5         1.1         1.25221182]
at minimum 0.0582 accepted 1  with params [-5.66972092  0.75026765  0.49999888  0.67300273  1.52258542]
at minimum 0.1435 accepted 1  with params [-6.          0.93167488  0.5         0.62565626  1.64313811]
at minimum 0.7071 accepted 0  with params [-5.9509564   0.98999818  0.40374555  1.00473486  1.82883407]
at minimum 0.1352 accepted 1  with params [-6.          0.78845165  0.02068575  0.5         1.20026274]
at minimum 0.1347 accepted 1  with params [-5.89810886  0.75619878  0.01        0.5         1.0740129 ]
at minimum 0.3526 accepted 0  with params [-5.78902089  0.99        0.32319329  0.5         0.96997677]
at minimum 0.1171 accepted 1  with params [-6.          0.50851831  0.36918536  0.5         0.57927163]
at minimum 0.1106 accepted 1  with params [-5.90514558  0.07942031  0.5         0.5         0.62670402]
at minimum 0.1229 accepted 1  with params [-5.76064651  0.04030177  0.15365969  0.77553277  0.95903077]
at minimum 0.1153 accepted 1  with params [-5.5443831   0.47275598  0.01        1.1         0.99599195]
at minimum 0.0930 accepted 1  with params [-5.50031544  0.4421301   0.19790516  0.64912301  1.28889636]
at minimum 0.0463 accepted 1  with params [-5.17086389  0.41197331  0.44708401  0.5         1.46853289]
at minimum 0.0222 accepted 1  with params [-4.8439874   0.23290969  0.5         0.9169975   1.74326969]
at minimum 0.1540 accepted 1  with params [-4.55855429  0.47298592  0.49999943  1.1         1.81266332]
at minimum 0.0773 accepted 1  with params [-4.65963171  0.12371377  0.5         0.71197747  1.75065413]
at minimum 0.1211 accepted 1  with params [-5.0514052   0.41708075  0.07961324  0.5         2.21710504]
at minimum 0.1092 accepted 1  with params [-4.78871852  0.73969556  0.35444857  0.7218521   1.89993874]
at minimum 0.3678 accepted 1  with params [-4.42508196  0.98999978  0.09190889  0.5         2.27926175]
at minimum 0.4370 accepted 1  with params [-4.10687108  0.98870945  0.27285087  0.5         2.73342225]
at minimum 0.1251 accepted 1  with params [-3.88566119  0.71244771  0.01        0.88024278  2.93343131]
at minimum 0.1367 accepted 1  with params [-4.38403699  0.75893916  0.01        0.5         3.11885469]
at minimum 0.0895 accepted 1  with params [-5.6903428 -0.1        0.5        0.5        0.       ]
at minimum 0.1169 accepted 1  with params [-5.85307793 -0.09999964  0.46370523  0.5000002   0.        ]
at minimum 0.0858 accepted 1  with params [-5.77160223e+00 -1.00000000e-01  4.99999088e-01  6.46336664e-01
  7.38795605e-06]
at minimum 0.1283 accepted 1  with params [-6.         -0.1         0.5         0.5         0.47678547]
at minimum 0.0492 accepted 1  with params [-5.72353057e+00 -9.99979014e-02  4.80425513e-01  9.97807544e-01
  4.47043979e-03]
at minimum 0.0494 accepted 1  with params [-5.47727929 -0.1         0.39205713  0.72613435  0.38500449]
at minimum 0.0566 accepted 1  with params [-5.50162233  0.24546541  0.5         0.5         0.64490604]
at minimum 0.0869 accepted 1  with params [-5.86422568  0.09817364  0.5         0.67848978  1.0529432 ]
at minimum 0.1507 accepted 1  with params [-6.         -0.1         0.24772125  0.5         1.44168179]
at minimum 0.1525 accepted 1  with params [-6.         -0.1         0.12118268  0.79061698  1.41716065]
at minimum 0.0875 accepted 1  with params [-5.87325908 -0.04406454  0.49999955  0.75681735  1.04385057]
at minimum 0.1340 accepted 1  with params [-6.          0.04678816  0.12620863  1.00434451  1.12285652]
at minimum 0.1059 accepted 1  with params [-5.62777156  0.07680732  0.10455201  1.1         1.4795286 ]
at minimum 0.0265 accepted 1  with params [-5.4523934  -0.1         0.5         0.93571026  1.84976588]
at minimum 0.0610 accepted 1  with params [-5.94641794  0.12230551  0.5         1.1         1.36196728]
at minimum 0.0657 accepted 1  with params [-5.90598941  0.50348156  0.5         0.80637136  1.84333967]
at minimum 0.1458 accepted 1  with params [-5.99999942  0.8669695   0.12772232  1.09999924  2.2765871 ]
at minimum 0.1563 accepted 1  with params [-5.6663808   0.91710893  0.37010926  1.1         1.96318592]
at minimum 0.1271 accepted 1  with params [-6.          0.82535047  0.10900941  0.9150752   1.6853089 ]
at minimum 0.8139 accepted 1  with params [-5.92054769  0.99        0.16557512  1.1         1.39105627]
at minimum 0.0946 accepted 1  with params [-6.          0.83249639  0.42566947  1.1         1.22920676]
at minimum 0.1202 accepted 1  with params [-5.75346816  0.33681581  0.01        1.1         1.74532274]
at minimum 0.1589 accepted 1  with params [-6.         -0.1         0.01        1.03512159  2.14410583]
at minimum 0.1605 accepted 1  with params [-5.98937771 -0.09999836  0.02822961  0.76620927  1.68371464]
at minimum 0.1353 accepted 1  with params [-6.          0.24104834  0.01        0.91269436  2.2006078 ]
at minimum 0.1288 accepted 1  with params [-5.74857655  0.43972381  0.01000004  0.72045536  1.73298888]
at minimum 0.1690 accepted 1  with params [-5.64477248  0.90120358  0.01        0.95966632  1.89859185]
at minimum 0.8566 accepted 0  with params [-5.47091477  0.99        0.01        1.1         2.33022358]
at minimum 0.0562 accepted 1  with params [-5.30590956  0.64390619  0.41441001  0.61003943  2.17915533]
at minimum 0.0794 accepted 1  with params [-5.69959974  0.66191515  0.5         0.5         1.81607635]
at minimum 0.0966 accepted 1  with params [-5.7939274   0.15898829  0.49999895  0.5         1.28084877]
at minimum 0.0264 accepted 1  with params [-5.45027247 -0.1         0.5         0.92221954  1.83102575]
at minimum 0.0896 accepted 1  with params [-5.9644761  -0.1         0.47166185  1.1         2.08320366]
at minimum 0.1180 accepted 1  with params [-6.         -0.02749821  0.5         0.59603927  1.95617359]
at minimum 0.1457 accepted 1  with params [-6.          0.04439921  0.24086596  0.5         1.8431673 ]
at minimum 0.1487 accepted 1  with params [-5.48598112 -0.1         0.01000015  0.5         1.77253818]
at minimum 0.1548 accepted 1  with params [-5.66529252 -0.1         0.01        0.5         1.74350963]
at minimum 0.1554 accepted 1  with params [-6.          0.06993582  0.01        0.56176579  2.28800906]
at minimum 0.1236 accepted 1  with params [-6.          0.39562573  0.01        1.07717468  2.70373293]
at minimum 0.1109 accepted 1  with params [-6.          0.12789244  0.5         0.65944349  2.74142127]
at minimum 0.1018 accepted 1  with params [-5.57188911  0.05939301  0.49999978  0.50000027  2.8383382 ]
at minimum 0.1471 accepted 1  with params [-5.47122529  0.05005006  0.01        0.5         2.50190932]
at minimum 0.1301 accepted 1  with params [-5.54388934  0.08371308  0.01000001  0.93369194  2.20128373]
at minimum 0.1185 accepted 1  with params [-5.35033371  0.62984744  0.01        1.09999943  1.72933412]
at minimum 0.0231 accepted 1  with params [-4.977136    0.41365427  0.39899383  0.83542029  1.56352521]
at minimum 0.0917 accepted 1  with params [-5.40082974  0.43641108  0.25463803  0.50467571  1.80289835]
at minimum 0.0335 accepted 1  with params [-4.85353225  0.07957795  0.27371882  0.8736156   1.43145532]
at minimum 0.0446 accepted 1  with params [-4.64635787 -0.09999996  0.39382057  1.01895644  1.36799523]
at minimum 0.1192 accepted 1  with params [-4.25047886 -0.09999884  0.11141212  1.1         1.57325071]
at minimum 0.2369 accepted 1  with params [-3.88561133  0.03070528  0.44001459  0.65030367  1.9368109 ]
at minimum 0.2157 accepted 1  with params [-3.59143367 -0.03791715  0.49999969  0.5         2.00429125]
at minimum 0.1673 accepted 1  with params [-3.30833954 -0.1         0.23831484  0.50000042  1.92630753]
at minimum 0.1785 accepted 1  with params [-3.47451711 -0.1         0.01        0.5         2.37244574]
at minimum 0.1317 accepted 1  with params [-3.69646457  0.03564304  0.15842497  0.5         1.89985111]
at minimum 0.1664 accepted 1  with params [-3.25563078  0.42763204  0.17372055  0.5         1.54651838]
at minimum 0.3931 accepted 1  with params [-3.27374701  0.30212812  0.17243634  1.02762412  1.01901992]
at minimum 0.2928 accepted 1  with params [-3.30478649  0.25796072  0.32072435  0.5         1.25632769]
at minimum 0.1176 accepted 1  with params [-3.44949901 -0.03174128  0.04033363  0.82064565  1.61110372]
at minimum 0.1575 accepted 1  with params [-3.29607221 -0.09999972  0.01000002  0.99174663  1.70731565]
at minimum 0.3689 accepted 1  with params [-3.37931955 -0.09999938  0.44945027  0.6578202   1.45434992]
at minimum 0.1253 accepted 1  with params [-3.73095941  0.00570878  0.07425665  0.5         1.63891494]
at minimum 0.1655 accepted 1  with params [-3.35784098  0.10950779  0.13389395  0.5         1.228055  ]
at minimum 0.1471 accepted 1  with params [-3.23928216  0.19111512  0.01388127  0.80609528  1.76159058]
at minimum 0.1317 accepted 1  with params [-3.00000021 -0.1         0.01        0.73340652  1.26731725]
at minimum 0.4732 accepted 0  with params [-3.00000002 -0.1         0.21121537  1.1         0.93906366]
at minimum 0.3139 accepted 1  with params [-3.17173822  0.17868484  0.41748315  0.5         1.23916829]
at minimum 0.2283 accepted 1  with params [-3.00000001  0.05941894  0.5         0.5         1.40916475]
at minimum 0.2286 accepted 1  with params [-3.383695   -0.1         0.10064036  0.94373132  1.02127485]
at minimum 0.3414 accepted 1  with params [-3.51214478  0.12660318  0.3401188   0.69317883  1.34097926]
at minimum 0.5313 accepted 1  with params [-3.58882543 -0.1         0.25827535  1.1         0.94942247]
at minimum 0.3128 accepted 1  with params [-3.96498222 -0.1         0.01        0.70007265  0.4384902 ]
at minimum 0.2147 accepted 1  with params [-3.55366174 -0.00358778  0.01        0.5         0.47739529]
at minimum 9.1637 accepted 0  with params [-3.14816479  0.16676476  0.07706101  0.5         0.0240218 ]
at minimum 0.4524 accepted 1  with params [-3.76480009 -0.1         0.01        0.98357825  0.33224215]
at minimum 0.5919 accepted 1  with params [-3.97807749 -0.1         0.01        1.01109806  0.14691585]
at minimum 0.1988 accepted 1  with params [-4.33172798  0.19582515  0.01        1.1         0.        ]
at minimum 1.1484 accepted 0  with params [-3.82995942  0.61805154  0.01        1.09768704  0.        ]
at minimum 1.3261 accepted 0  with params [-3.83125531  0.22885719  0.28116249  1.1         0.        ]
at minimum 0.1390 accepted 1  with params [-4.86835507  0.68374845  0.01        1.09972234  0.54785721]
at minimum 0.2110 accepted 1  with params [-4.42604106  0.65900128  0.01567457  1.00338142  0.8838931 ]
at minimum 0.1754 accepted 1  with params [-4.63548416  0.73700093  0.0550618   0.97928751  0.73809694]
at minimum 1.3212 accepted 1  with params [-4.61399231  0.99        0.01        1.1         0.66957109]
at minimum 0.9765 accepted 1  with params [-4.78683175  0.99        0.27188404  1.09999994  0.40073208]
at minimum 0.8243 accepted 1  with params [-5.39184735  0.99        0.49250504  1.1         0.47591162]
at minimum 0.0235 accepted 1  with params [-5.55228211  0.71018698  0.5         1.1         1.04093289]
at minimum 0.0101 accepted 1  with params [-5.03832235  0.23806422  0.35611572  1.1         1.58720184]
at minimum 0.0693 accepted 1  with params [-4.84629348  0.10059323  0.49999908  0.5         1.89177465]
at minimum 0.0330 accepted 1  with params [-5.11144609 -0.1         0.5         0.54516386  1.63051557]
at minimum 0.1062 accepted 1  with params [-5.23882672  0.20715892  0.04323046  0.9156019   1.69517964]
at minimum 0.0456 accepted 1  with params [-5.6867123   0.07609493  0.5         0.91506709  1.94742711]
at minimum 0.0615 accepted 1  with params [-5.25955009  0.24309587  0.15082843  1.1         1.90915644]
at minimum 0.1294 accepted 1  with params [-4.88282356 -0.08688364  0.01        0.85773251  2.52446641]
at minimum 0.0753 accepted 1  with params [-5.30270677 -0.1         0.5         1.1         3.06347045]
at minimum 0.1646 accepted 1  with params [-4.75282719 -0.1         0.5         0.81237116  3.50186114]
at minimum 0.1275 accepted 1  with params [-4.27813302  0.3946744   0.5         1.1         4.        ]
at minimum 0.1219 accepted 1  with params [-4.00504948  0.56151977  0.5         1.1         3.97680406]
at minimum 0.1530 accepted 1  with params [-4.46078264  0.87066542  0.33303096  0.94000134  3.42704782]
at minimum 0.8232 accepted 0  with params [-4.57904155  0.99        0.15056218  1.1         3.39788643]
at minimum 0.1328 accepted 1  with params [-4.91987076  0.80052438  0.5         0.69486272  3.40359897]
at minimum 0.1347 accepted 1  with params [-5.14327394  0.38134102  0.08307537  0.5         2.84344002]
at minimum 0.1190 accepted 1  with params [-4.73448881  0.63757884  0.25205629  0.72344126  3.00601478]
at minimum 0.1408 accepted 1  with params [-5.34676397  0.54087462  0.07176334  0.50000003  3.42673812]
at minimum 0.1681 accepted 1  with params [-5.59057684 -0.05271878  0.38878095  0.5         3.81700177]
at minimum 0.1396 accepted 1  with params [-5.98043398  0.44615905  0.5         0.5         4.        ]
at minimum 0.1359 accepted 1  with params [-5.54479495  0.74063012  0.37876637  0.5         4.        ]
at minimum 0.2226 accepted 1  with params [-5.57271623  0.97045658  0.5         0.5         4.        ]
at minimum 0.1772 accepted 1  with params [-5.99999994 -0.1         0.01000059  0.50000072  4.        ]
at minimum 0.1738 accepted 1  with params [-6.         -0.1         0.13404044  0.5         3.79485865]
at minimum 0.1520 accepted 1  with params [-5.9186892   0.15789922  0.01        0.86768312  3.75723512]
at minimum 0.1739 accepted 1  with params [-6.         -0.04243297  0.01        1.1         3.91311499]
at minimum 0.1624 accepted 1  with params [-6.         -0.06216561  0.46797242  1.09999788  3.99998584]
at minimum 0.1325 accepted 1  with params [-6.          0.03228498  0.5         0.69992465  3.45109233]
at minimum 0.1607 accepted 1  with params [-5.89416772 -0.1         0.5         0.5         3.73334619]
at minimum 0.1823 accepted 1  with params [-5.49516952 -0.1         0.24445345  1.02900137  3.9495289 ]
at minimum 0.1845 accepted 1  with params [-5.94122485 -0.0999995   0.01000012  1.09999976  3.99999746]
at minimum 0.1698 accepted 1  with params [-5.66676997 -0.1         0.0100001   0.90614214  3.40196352]
at minimum 0.1769 accepted 1  with params [-5.239734   -0.1         0.01        1.1         3.32050553]
at minimum 0.0785 accepted 1  with params [-5.61217838  0.27420403  0.26660922  1.1         2.81886951]
at minimum 0.1190 accepted 1  with params [-6.          0.56857228  0.01        1.1         2.32506307]
at minimum 0.1393 accepted 0  with params [-6.          0.82713424  0.01000029  1.09999965  2.79263044]
at minimum 0.0938 accepted 1  with params [-6.          0.84974454  0.5         1.1         2.20272761]
at minimum 0.4136 accepted 0  with params [-6.          0.99        0.5         0.61087665  2.64995192]
at minimum 0.1081 accepted 1  with params [-6.          0.45513523  0.5         0.5         2.30582789]
at minimum 0.0747 accepted 1  with params [-6.          0.17954701  0.45529998  1.09999043  1.9600502 ]
at minimum 0.0309 accepted 1  with params [-5.46295345 -0.1         0.5         1.1         1.71314182]
at minimum 0.0357 accepted 1  with params [-5.31605567  0.07322947  0.28811159  1.09999981  2.27353908]
at minimum 0.1545 accepted 1  with params [-5.82086006 -0.09999994  0.01        0.92410908  2.51769244]
at minimum 0.0837 accepted 1  with params [-5.66410297  0.26793964  0.49999978  0.5         2.28162297]
at minimum 0.1322 accepted 1  with params [-5.11009942  0.7432182   0.01        0.5         2.2892588 ]
at minimum 0.0495 accepted 1  with params [-5.1152626   0.44648896  0.43734797  0.64596148  2.31290644]
at minimum 0.0704 accepted 1  with params [-4.97881466  0.04019258  0.29451953  0.5         1.76238678]
at minimum 0.1364 accepted 1  with params [-4.41926816  0.46937992  0.01        1.1         1.55460843]
at minimum 0.0548 accepted 1  with params [-4.75776961  0.42638179  0.30406247  1.1         1.79440721]
at minimum 0.0280 accepted 1  with params [-5.34679926  0.27268871  0.5         0.68268768  1.99661557]
at minimum 0.0117 accepted 1  with params [-4.92186635  0.23945486  0.5         0.98822841  1.76946549]
at minimum 0.0421 accepted 1  with params [-5.41667768  0.78829172  0.49999958  0.78863277  1.15567785]
at minimum 0.0688 accepted 1  with params [-5.16862436  0.73906452  0.49999404  0.5         1.12726071]
at minimum 0.0944 accepted 1  with params [-5.85433637  0.63365528  0.47963756  0.5         1.76000226]
at minimum 0.0276 accepted 1  with params [-5.68262569  0.58505237  0.5         1.03403337  2.26775366]
at minimum 0.0713 accepted 1  with params [-5.015388    0.60968976  0.38357473  0.65680774  2.53323393]
at minimum 0.0907 accepted 1  with params [-5.62496891  0.17255754  0.5         0.5         2.49323614]
at minimum 0.1374 accepted 1  with params [-6.          0.53162596  0.05564933  0.5         2.41302842]
at minimum 0.1469 accepted 1  with params [-6.          0.33679121  0.01        0.5         2.95893128]
at minimum 0.2607 accepted 1  with params [-6.          0.98069419  0.38537045  0.50000003  2.93787912]
at minimum 0.0606 accepted 1  with params [-5.84418971  0.45600887  0.49999959  0.93900523  2.77601265]
at minimum 0.1240 accepted 1  with params [-6.          0.73872658  0.01000005  1.00525173  2.72856659]
at minimum 0.0810 accepted 1  with params [-6.          0.29176615  0.5         1.1         3.21316815]
at minimum 0.1348 accepted 1  with params [-5.33434162  0.80904169  0.18038162  0.55439776  3.74566448]
at minimum 0.1576 accepted 1  with params [-4.84843466  0.23455423  0.01000037  0.5         3.33099781]
at minimum 0.1280 accepted 1  with params [-4.17771133  0.78173125  0.01        0.97659906  3.24220058]
at minimum 0.1317 accepted 1  with params [-4.27022983  0.77598515  0.15007552  0.65793694  3.26462794]
at minimum 0.1242 accepted 1  with params [-3.78795175  0.51166035  0.01        1.1         3.24456415]
at minimum 0.1223 accepted 1  with params [-3.33135015  0.1710331   0.5         1.1         2.83837518]
at minimum 0.1720 accepted 1  with params [-3.9227916   0.73751198  0.33603038  1.09999854  2.58790941]
at minimum 1.9420 accepted 1  with params [-4.3830827   0.99        0.34178308  1.1         2.47928176]
at minimum 0.1133 accepted 1  with params [-4.60028231  0.42732457  0.01        1.1         2.19820538]
at minimum 0.1129 accepted 1  with params [-5.01150001  0.16889125  0.01000042  1.1         2.23657083]
at minimum 0.1187 accepted 1  with params [-4.70286528  0.54806739  0.01        1.1         2.06455155]
at minimum 0.1346 accepted 1  with params [-4.39318614  0.21429993  0.5         1.1         2.60863539]
at minimum 0.1562 accepted 1  with params [-4.12096682  0.63281385  0.5         1.09999979  2.95249584]
at minimum 0.1661 accepted 1  with params [-3.44918709  0.05842415  0.39242047  0.97509274  2.30802441]
at minimum 0.1567 accepted 1  with params [-3.50290907 -0.09999346  0.01000011  1.1         1.879267  ]
at minimum 0.1344 accepted 1  with params [-3.2152893   0.5365494   0.16689286  0.6921155   2.30427001]
at minimum 0.1251 accepted 1  with params [-3.81804258  0.01218862  0.08698012  0.5         1.82981067]
at minimum 0.1437 accepted 1  with params [-4.07506633  0.20809207  0.01        0.90794993  2.43356751]
at minimum 0.0918 accepted 1  with params [-4.52474309 -0.09999945  0.19028013  1.0999997   2.4826759 ]
at minimum 0.1870 accepted 1  with params [-4.4580191  -0.1         0.01        1.1         3.20295145]
