./../runners.py:306: RuntimeWarning: invalid value encountered in multiply
  model_input = self.k*x_tm1
./../dsp_utils.py:9: RuntimeWarning: invalid value encountered in double_scalars
  self.state = 1./self.tau*x + (1-1./self.tau)*self.state
at minimum 0.0837 accepted 1  with params [-3.683   0.8452  0.1009  0.8858 -4.    ]
at minimum 0.0290 accepted 1  with params [-3.77231548  0.47051127  0.21675399  0.78864056 -3.74210355]
at minimum 0.0303 accepted 1  with params [-3.50586209  0.38343009  0.08949776  0.56088075 -4.        ]
at minimum 277772789259833228654924550825315060744803349214531977717219328.0000 accepted 0  with params [-3.18848593  0.5433547   0.01        0.5        -3.96988275]
at minimum 0.0323 accepted 1  with params [-3.67602532  0.40490345  0.44604187  0.50000025 -3.9999999 ]
at minimum 0.5182 accepted 0  with params [-3.87613053e+00  3.98350838e-07  1.07945951e-01  9.37040779e-01
 -3.99999781e+00]
at minimum 0.1639 accepted 1  with params [-4.02592744  0.74864471  0.49999823  0.5        -3.51008227]
at minimum 0.0829 accepted 1  with params [-4.20673889  1.15669053  0.5         0.69509137 -3.74855049]
at minimum 0.4177 accepted 1  with params [-3.89128159  0.94459106  0.49999978  1.1        -3.37789442]
at minimum 0.0780 accepted 1  with params [-4.08666698  1.33144028  0.5         0.74409164 -3.34230223]
at minimum 0.0648 accepted 1  with params [-4.57005109  0.93006192  0.3414231   0.72188442 -3.81591316]
at minimum 0.1641 accepted 0  with params [-4.85161333  0.67430923  0.5         0.66647721 -3.79005875]
at minimum 0.0416 accepted 1  with params [-4.77515061  0.85118476  0.09755914  0.5        -3.66308892]
at minimum 0.1150 accepted 1  with params [-4.65723551  0.56794674  0.4660704   0.5        -3.24836139]
at minimum 0.0427 accepted 1  with params [-5.00885228  0.91781798  0.23430811  0.77879227 -3.54428717]
at minimum 0.0333 accepted 1  with params [-5.33395271  0.59487461  0.01000025  1.09999969 -3.94911265]
at minimum 0.0299 accepted 1  with params [-4.93207046  0.74571359  0.01        1.1        -3.64720354]
at minimum 0.0297 accepted 1  with params [-4.64228486  0.863824    0.0100005   1.09999999 -3.31112016]
at minimum 0.0283 accepted 1  with params [-4.99480335  0.3975768   0.06451898  1.1        -3.06749373]
at minimum 0.0270 accepted 1  with params [-4.82879213  0.37932626  0.05004331  0.82787018 -3.38926608]
at minimum 0.1802 accepted 1  with params [-5.08344854  0.45009373  0.5         0.79742049 -3.50926207]
at minimum 0.2461 accepted 1  with params [-4.95593897  0.144747    0.49999982  1.1        -3.28525289]
at minimum 0.2402 accepted 1  with params [-5.31138798e+00  1.55979377e-06  5.00000000e-01  1.10000000e+00
 -3.49377528e+00]
at minimum 0.1139 accepted 1  with params [-4.91800221  0.          0.29355392  1.07306073 -3.83150483]
at minimum 0.1966 accepted 0  with params [-5.08744001  0.3105476   0.49999992  0.78534656 -4.        ]
at minimum 0.2731 accepted 1  with params [-5.30961736  0.          0.5         1.1        -3.82789605]
at minimum 0.1589 accepted 1  with params [-5.17508135e+00  3.40382147e-06  4.99999107e-01  7.84562939e-01
 -3.66254126e+00]
at minimum 0.0560 accepted 1  with params [-5.51355584  0.23485389  0.41881219  0.5        -3.90230941]
at minimum 0.0493 accepted 1  with params [-5.42836059  0.61236549  0.22671305  0.5000002  -3.44753942]
at minimum 0.0420 accepted 1  with params [-5.14104244  0.40338255  0.04178671  0.50000072 -3.87894653]
at minimum 0.0517 accepted 1  with params [-5.63605416  0.31766361  0.24240008  0.5        -3.86242041]
at minimum 0.0466 accepted 1  with params [-5.82834810e+00  8.14279031e-08  2.34067495e-01  9.44298676e-01
 -3.63743339e+00]
at minimum 0.0474 accepted 1  with params [-5.82721927  0.03236688  0.01        0.93230858 -3.91715077]
at minimum 0.0351 accepted 1  with params [-5.51620910e+00  3.97307008e-06  1.00000000e-02  1.02462979e+00
 -4.00000000e+00]
at minimum 0.0363 accepted 1  with params [-5.33673221  0.28458797  0.01000015  0.81100774 -3.53073217]
at minimum 0.0361 accepted 1  with params [-5.01854100e+00  4.36906666e-16  1.00000000e-02  5.00000000e-01
 -3.40911372e+00]
at minimum 0.0698 accepted 1  with params [-5.00350124  0.19360226  0.46075858  0.50000002 -3.06113599]
at minimum 0.0613 accepted 1  with params [-4.69020645  0.31791563  0.5         0.5        -2.94958985]
at minimum 0.0388 accepted 1  with params [-4.21890557  0.78713947  0.122259    0.97547405 -2.84043452]
at minimum 0.1651 accepted 1  with params [-4.03598356  0.98370738  0.39486285  1.04393813 -2.3863536 ]
at minimum 0.0988 accepted 1  with params [-4.15004197  1.47689678  0.49999999  1.09999999 -2.37521915]
at minimum 0.0950 accepted 1  with params [-3.99411414  1.68796496  0.5         1.1        -2.33507626]
at minimum 0.0546 accepted 1  with params [-4.42641432  1.86812751  0.5         0.82485146 -2.55818236]
at minimum 0.0526 accepted 1  with params [-4.77251236  1.65029061  0.48135462  0.5        -2.21100056]
at minimum 0.0540 accepted 1  with params [-5.02410042  1.62428454  0.5         0.79412011 -2.68289653]
at minimum 0.0529 accepted 1  with params [-5.11769666  2.          0.5         1.06313922 -2.45961229]
at minimum 0.0402 accepted 1  with params [-4.8747652   2.          0.17719786  1.1        -2.15832794]
at minimum 0.0394 accepted 1  with params [-4.70919599  1.72237462  0.04186573  0.96747618 -2.35860103]
at minimum 0.0488 accepted 1  with params [-4.84779416  1.4097289   0.01        0.56340507 -1.88534141]
at minimum 0.0429 accepted 1  with params [-5.03305066  1.27240071  0.01        0.76671196 -2.07466058]
at minimum 0.0699 accepted 1  with params [-5.207146    1.14034483  0.49999923  1.09999905 -2.05192697]
