./../runners.py:308: RuntimeWarning: invalid value encountered in multiply
  model_input = self.k*x_tm1
./../dsp_utils.py:9: RuntimeWarning: invalid value encountered in double_scalars
  self.state = 1./self.tau*x + (1-1./self.tau)*self.state
at minimum 0.0098 accepted 1  with params [-3.68299958  0.84520071  0.10090025  0.88580013 -3.99999753]
at minimum 0.0121 accepted 1  with params [-3.63190612  1.06039008  0.20366363  0.93067346 -4.        ]
at minimum 0.0254 accepted 1  with params [-3.41671675  1.16315346  0.24854681  0.85432826 -3.85410589]
at minimum 0.0209 accepted 1  with params [-3.20152739  1.26591683  0.29342999  0.59097077 -3.70821177]
at minimum 0.0207 accepted 1  with params [-3.14705461  1.36868021  0.24678386  0.54603225 -3.56231766]
at minimum 0.0232 accepted 1  with params [-3.04573976  1.28755318  0.29166704  0.567024   -3.41642355]
at minimum 0.0141 accepted 1  with params [-3.97750011  1.39031656  0.33655023  1.1        -3.27052943]
at minimum 0.0143 accepted 1  with params [-3.83335067  1.49307994  0.33696384  1.1        -3.12463532]
at minimum 0.0184 accepted 1  with params [-3.6181613   1.59584331  0.38184702  1.0236548  -2.97874121]
at minimum 0.0232 accepted 1  with params [-3.40297193  1.69860669  0.42673021  0.72756273 -2.8328471 ]
at minimum 0.0411 accepted 1  with params [-3.18778257  1.80137007  0.47161339  0.65121753 -2.68695298]
at minimum 0.0263 accepted 1  with params [-5.00293411  1.90413344  0.5         1.1        -2.8515595 ]
at minimum 0.0207 accepted 1  with params [-3.796413    2.          0.5         1.00710018 -2.70566539]
at minimum 0.0187 accepted 1  with params [-3.99978478  2.          0.5         1.1        -2.55977128]
at minimum 0.0208 accepted 1  with params [-3.78459542  2.          0.5         0.99690316 -2.41387716]
at minimum 0.0241 accepted 1  with params [-3.56940605  2.          0.5         0.8042671  -2.26798305]
at minimum 0.0190 accepted 1  with params [-3.93663311  2.          0.5         1.1        -2.12208894]
at minimum 0.0217 accepted 1  with params [-3.72144375  2.          0.5         0.9412148  -1.97619482]
at minimum 0.0250 accepted 1  with params [-3.50625438  2.          0.5         0.74997428 -1.83030071]
at minimum 0.0282 accepted 1  with params [-3.29106501  2.          0.5         0.54024287 -1.6844066 ]
at minimum 0.0701 accepted 1  with params [-3.07587565  2.          0.5         0.5        -1.53851248]
at minimum 0.0538 accepted 1  with params [-5.68050314  2.          0.5         1.1        -1.99390138]
at minimum 0.0301 accepted 1  with params [-5.20286838  2.          0.5         1.1        -4.        ]
at minimum 0.0231 accepted 1  with params [-4.49227984  2.          0.5         1.1        -3.85410589]
at minimum 0.0220 accepted 1  with params [-4.27962392  2.          0.5         1.05961398 -3.70821177]
at minimum 0.0209 accepted 1  with params [-4.07204811  2.          0.5         1.01368593 -3.56231766]
at minimum 0.0199 accepted 1  with params [-3.85685874  2.          0.5         1.0631562  -3.41642355]
at minimum 0.0203 accepted 1  with params [-3.82519074  2.          0.5         1.03961641 -3.27052943]
at minimum 0.0234 accepted 1  with params [-3.61000137  2.          0.5         0.83878754 -3.12463532]
at minimum 0.0268 accepted 1  with params [-3.39481201  2.          0.5         0.64491613 -2.97874121]
at minimum 0.0333 accepted 1  with params [-3.17962264  2.          0.5         0.5        -2.8328471 ]
at minimum 0.0451 accepted 1  with params [-5.70588616  2.          0.5         1.1        -2.75963683]
at minimum 0.0223 accepted 1  with params [-4.40254406  2.          0.5         1.1        -2.66752128]
at minimum 0.0200 accepted 1  with params [-4.20718041  2.          0.5         1.1        -2.52162717]
at minimum 0.0188 accepted 1  with params [-3.96957819  2.          0.5         1.1        -2.37573306]
at minimum 0.0188 accepted 1  with params [-3.96372448  2.          0.5         1.1        -2.22983895]
at minimum 0.0213 accepted 1  with params [-3.74853511  2.          0.5         0.96527134 -2.08394483]
at minimum 0.0246 accepted 1  with params [-3.53334575  2.          0.5         0.7736236  -1.93805072]
at minimum 0.0270 accepted 1  with params [-3.37737952  2.          0.5         0.62921791 -1.79215661]
at minimum 0.0427 accepted 1  with params [-3.16219014  2.          0.5         0.5528727  -1.64626249]
at minimum 0.0615 accepted 1  with params [-5.73754645  2.          0.5         1.1        -1.84915804]
at minimum 0.0555 accepted 1  with params [-5.52235709  2.          0.5         1.0236548  -1.70326392]
at minimum 0.0244 accepted 1  with params [-4.50645971  2.          0.5         1.1        -1.88505842]
at minimum 0.0192 accepted 1  with params [-4.06665187  2.          0.5         1.09548788 -1.73916431]
at minimum 0.0199 accepted 1  with params [-3.85041165  2.          0.5         1.06413152 -1.59327019]
at minimum 0.0216 accepted 1  with params [-3.72351579  2.          0.5         0.94537724 -1.44737608]
at minimum 0.0250 accepted 1  with params [-3.50832642  2.          0.5         0.7575673  -1.30148197]
at minimum 0.0295 accepted 1  with params [-3.22741305  2.          0.5         0.5        -1.15558785]
at minimum 0.1512 accepted 1  with params [-3.01222368  2.          0.5         0.5        -1.00969374]
at minimum 0.0218 accepted 1  with params [-4.36210059  2.          0.5         1.1        -2.72994247]
at minimum 0.0193 accepted 1  with params [-4.12300129  2.          0.5         1.1        -2.5678379 ]
