./../runners.py:231: RuntimeWarning: invalid value encountered in multiply
  model_input = self.k*x_tm1
./../dsp_utils.py:9: RuntimeWarning: invalid value encountered in double_scalars
  self.state = 1./self.tau*x + (1-1./self.tau)*self.state
at minimum 0.0643 accepted 1  with params [-4.50002087e+00  4.00008008e-01  4.99992968e-02  9.99993016e-01
  5.53275554e-05]
at minimum 0.0302 accepted 1  with params [-4.81697637  0.09396466  0.29914563  1.08415682  0.33877246]
at minimum 0.0329 accepted 1  with params [-4.45782848 -0.09999973  0.49999988  0.85242107  0.81161532]
at minimum 0.0213 accepted 1  with params [-4.95020106  0.15451433  0.5         0.67370056  0.36209533]
at minimum 0.0119 accepted 1  with params [-4.82942745  0.30189348  0.3405021   0.81952984  0.36151104]
at minimum 0.0654 accepted 1  with params [-4.39557807  0.78071399  0.21897056  1.1         0.22474096]
at minimum 0.0764 accepted 1  with params [-4.16466474  0.98999061  0.0100013   1.02906161  0.56850949]
at minimum 0.0770 accepted 1  with params [-4.47512244  0.98999511  0.065775    1.09999731  0.57308055]
at minimum 0.0560 accepted 1  with params [-4.81424796  0.76648626  0.01        0.85746687  0.2732147 ]
at minimum 0.0369 accepted 1  with params [-4.92495207  0.7423259   0.30522536  0.5         0.56473673]
at minimum 0.0145 accepted 1  with params [-5.02658414  0.5455266   0.318796    0.87511931  0.52934988]
at minimum 0.0427 accepted 1  with params [-5.19125788  0.99        0.5         0.5         0.84145296]
at minimum 0.0469 accepted 1  with params [-4.91065452  0.99        0.31985154  0.63302133  1.33680908]
at minimum 0.0508 accepted 1  with params [-4.65034484  0.94092867  0.48328719  0.50000744  1.37140274]
at minimum 0.0671 accepted 1  with params [-4.27840428  0.99        0.11546963  0.5         1.01460733]
at minimum 0.0645 accepted 1  with params [-4.38737667  0.98999915  0.01        0.7213059   0.66760293]
at minimum 0.0569 accepted 1  with params [-4.68385456  0.89242997  0.11734657  0.62784654  0.83732161]
at minimum 0.0455 accepted 1  with params [-4.57439992  0.51875119  0.48307255  0.50000028  0.70596383]
at minimum 0.0437 accepted 1  with params [-4.6605337   0.55060607  0.38685103  0.5         0.53574685]
at minimum 0.0526 accepted 1  with params [-4.53134031  0.10720057  0.24397082  0.5         0.71434266]
at minimum 0.0566 accepted 1  with params [-4.33678297 -0.09999997  0.5         0.58848657  1.14745017]
at minimum 0.0158 accepted 1  with params [-4.66944723  0.26220292  0.5         0.99120111  0.86843526]
at minimum 0.0587 accepted 1  with params [-4.29624398  0.4121968   0.22832215  0.61132421  1.34588216]
at minimum 0.0647 accepted 1  with params [-4.02490927  0.66144634  0.01        0.7660353   1.42661247]
at minimum 0.0544 accepted 1  with params [-3.78376651  0.99        0.0546194   1.1         1.74795806]
at minimum 0.0665 accepted 1  with params [-3.71339636  0.73217601  0.11776753  1.1         1.56739219]
at minimum 0.0650 accepted 1  with params [-3.92375856  0.55836557  0.25377571  1.1         1.28282935]
at minimum 0.0327 accepted 1  with params [-4.06649578  0.99        0.5         1.1         1.36575435]
at minimum 0.0649 accepted 1  with params [-3.96721332  0.98999885  0.13422691  1.01585383  1.03983913]
at minimum 0.0509 accepted 1  with params [-4.08731769  0.83969772  0.33010469  0.91400392  1.48254547]
at minimum 0.0440 accepted 1  with params [-4.45407007  0.99        0.39392808  0.84693515  1.5935674 ]
at minimum 0.0453 accepted 1  with params [-4.35218742  0.82302719  0.5         0.63805088  1.66610319]
at minimum 0.0669 accepted 1  with params [-4.20916186  0.37558994  0.5         0.5         1.53752604]
at minimum 0.0531 accepted 1  with params [-4.43800784  0.65965454  0.49999967  0.50000043  1.81523675]
at minimum 0.0537 accepted 1  with params [-4.48849817  0.75950085  0.5         0.5         1.58839828]
at minimum 0.0570 accepted 1  with params [-4.37666072  0.78566345  0.07416805  0.92773712  1.84591758]
at minimum 0.0414 accepted 1  with params [-4.28397197  0.95829621  0.01000038  0.75565434  2.16327242]
at minimum 0.0336 accepted 1  with params [-4.0971401   0.9899999   0.01        0.68653892  1.92505396]
at minimum 0.0387 accepted 1  with params [-3.83754605  0.84733145  0.28379357  0.99871956  1.82911245]
at minimum 0.0622 accepted 1  with params [-3.72609309  0.46486724  0.1414142   1.09325916  1.6047193 ]
at minimum 0.0699 accepted 1  with params [-3.74209434  0.70078209  0.19091108  1.09999967  1.3264835 ]
at minimum 0.0954 accepted 1  with params [-3.32311563  0.99        0.01        1.1         1.49440462]
at minimum 0.0172 accepted 1  with params [-3.01438419  0.99        0.01000012  0.613033    1.29704446]
at minimum 0.0688 accepted 1  with params [-3.00903622  0.99        0.01752811  0.50735145  0.84749362]
at minimum 0.2204 accepted 1  with params [-3.00113232  0.99        0.12844008  0.5         0.55738894]
at minimum 18789054725580454859964996323901440.0000 accepted 0  with params [-3.12854024  0.71350521  0.18483332  0.88686474  0.44025217]
at minimum 0.0517 accepted 1  with params [-3.00000009  0.96675419  0.07286829  0.97992479  0.83673438]
at minimum 25.9472 accepted 0  with params [-3.07460704  0.92527932  0.43547483  1.1         0.5929035 ]
at minimum 29.9741 accepted 0  with params [-3.06520985  0.91132816  0.49999776  1.07144375  0.79000719]
at minimum 0.0512 accepted 1  with params [-3.23173172  0.99        0.01        0.5         0.50188224]
at minimum 1.1471 accepted 0  with params [-3.          0.99        0.01        0.5         0.11159707]
at minimum 6.4357 accepted 0  with params [-3.00000313  0.78241609  0.31500555  0.50000061  0.59666605]
at minimum 0.0195 accepted 1  with params [-3.44877857  0.99        0.38805201  0.5         0.76155951]
at minimum 0.0568 accepted 1  with params [-3.75479035  0.99        0.21049901  0.5         0.88191754]
at minimum 0.0706 accepted 1  with params [-3.4827188   0.99        0.01        0.5         0.51668479]
at minimum 0.0465 accepted 1  with params [-3.54623909  0.98999928  0.09757393  0.57482445  0.01637218]
at minimum 0.0540 accepted 1  with params [-3.90410291  0.66915801  0.28226011  0.5         0.4314273 ]
at minimum 0.0177 accepted 1  with params [-3.72447727  0.80847625  0.4716206   0.89925208  0.76976956]
at minimum 0.1597 accepted 1  with params [-3.4260302   0.99        0.37660445  1.1         1.13553044]
at minimum 0.0620 accepted 1  with params [-3.66007316  0.99        0.39972179  1.1         1.27717857]
at minimum 0.0768 accepted 1  with params [-3.62782534  0.6257549   0.07103094  1.1         1.1386013 ]
at minimum 0.0699 accepted 1  with params [-3.77957816  0.24322164  0.01        0.98249433  1.38450579]
at minimum 0.0707 accepted 1  with params [-4.07272645  0.12114578  0.06167353  0.5         1.41840245]
at minimum 0.0644 accepted 1  with params [-4.3577593  -0.1         0.01        0.69826151  0.9164784 ]
at minimum 0.0705 accepted 1  with params [-3.98164165 -0.1         0.01        0.88740872  0.36876097]
at minimum 0.0738 accepted 1  with params [-4.34779725 -0.1         0.01        1.1         0.30881107]
at minimum 0.0577 accepted 1  with params [-4.87258071 -0.0999958   0.01        1.03057573  0.01324227]
at minimum 0.0242 accepted 1  with params [-4.9744078  -0.1         0.16210095  1.1         0.49522035]
at minimum 0.0242 accepted 1  with params [-4.89741606 -0.1         0.14784487  1.1         0.26714937]
at minimum 0.0441 accepted 1  with params [-4.79402154 -0.1         0.33357125  1.1         0.17896235]
at minimum 0.0117 accepted 1  with params [-4.68911592 -0.1         0.49999988  0.75202974  0.69751896]
at minimum 0.0283 accepted 1  with params [-5.20718211 -0.09999532  0.5         0.50000275  0.26230223]
at minimum 0.0503 accepted 1  with params [-5.68759422 -0.09999997  0.49999997  0.50000002  0.51854158]
at minimum 0.0765 accepted 1  with params [-5.4682911  -0.1         0.10666393  0.5         0.51944489]
at minimum 0.0597 accepted 1  with params [-4.96060169  0.38054592  0.01        0.5         0.43137668]
at minimum 0.0624 accepted 1  with params [-4.54278908  0.19963549  0.01        0.648135    0.45504719]
at minimum 0.0649 accepted 1  with params [-4.35905004  0.54661738  0.01        0.67219829  0.57928143]
at minimum 0.0718 accepted 1  with params [-4.07102902  0.45326849  0.01        0.5         0.27563268]
at minimum 0.0611 accepted 1  with params [-4.44844453  0.36286457  0.05957614  0.86393859  0.11010604]
at minimum 0.0676 accepted 1  with params [-4.25737857  0.76861168  0.01        0.84714449  0.44245399]
at minimum 0.0513 accepted 1  with params [-4.00243008  0.87912131  0.36059308  0.5         0.45637426]
at minimum 0.0173 accepted 1  with params [-3.64213599  0.77684517  0.5         0.5         0.48479803]
at minimum 0.0700 accepted 1  with params [-3.4867106   0.23573803  0.04939539  0.5         0.87830786]
at minimum 3.6213 accepted 0  with params [-3.20046876  0.63406081  0.01000001  0.50000001  0.46978979]
at minimum 0.0724 accepted 1  with params [-3.38601159  0.41256722  0.01        0.50000213  0.91935482]
at minimum 0.0704 accepted 1  with params [-3.6956344   0.54784176  0.01        0.5528045   0.56335997]
at minimum 100000000000000000000.0000 accepted 0  with params [-3.1516635   0.62132319  0.01        0.75318145  0.22613364]
at minimum 0.0710 accepted 1  with params [-3.92971281  0.55778114  0.03586679  0.50000225  1.09519648]
at minimum 0.0154 accepted 1  with params [-3.49772388  0.33511927  0.46663282  0.5         0.7038095 ]
at minimum 100000000000000000000.0000 accepted 0  with params [-3.16200799  0.17884349  0.01165261  0.5         0.23848169]
at minimum 2.3416 accepted 0  with params [-3.07246707  0.33720526  0.14683709  0.5         0.18522251]
at minimum 0.0139 accepted 1  with params [-3.68735511  0.58329141  0.49999998  0.63960564  0.3435685 ]
at minimum 5684310218935724146688.0000 accepted 0  with params [-3.4578126   0.71843085  0.35963226  0.8185822   0.        ]
at minimum 0.0457 accepted 1  with params [-4.10126227  0.05825312  0.33656394  0.86993694  0.73314885]
at minimum 0.0788 accepted 1  with params [-3.58153149  0.51531573  0.01        1.0999983   0.18840708]
at minimum 1898119893290066946226030379008.0000 accepted 0  with params [-3.23114614  0.72228708  0.09492431  0.64033249  0.3706583 ]
at minimum 0.0790 accepted 1  with params [-4.13186305  0.11250765  0.01        1.1         0.25273186]
at minimum 0.0391 accepted 1  with params [-4.36514400e+00 -8.61833715e-02  4.47897414e-01  1.10000000e+00
  4.35551567e-14]
at minimum 0.0469 accepted 1  with params [-4.73091703 -0.09999865  0.4999994   1.1         0.        ]
at minimum 0.0437 accepted 1  with params [-4.28880819 -0.1         0.5         1.1         0.27058727]
at minimum 0.0162 accepted 1  with params [-4.79365523 -0.1         0.45361435  0.72307812  0.04257999]
at minimum 0.0407 accepted 1  with params [-4.21774413e+00  3.92074146e-01  4.79865940e-01  1.09999907e+00
  6.04182629e-06]
at minimum 0.0412 accepted 1  with params [-4.29500452  0.73861029  0.47586634  0.96526023  0.21693205]
at minimum 0.0812 accepted 1  with params [-4.04127907  0.73210918  0.01        1.1         0.        ]
at minimum 0.0693 accepted 1  with params [-4.28396262  0.39877915  0.01        0.94636589  0.4189236 ]
at minimum 0.0640 accepted 1  with params [-4.68617152  0.01957834  0.01        1.1         0.8456419 ]
at minimum 0.0387 accepted 1  with params [-5.22512038 -0.09999987  0.38088534  0.87500467  1.32184755]
at minimum 0.0316 accepted 1  with params [-5.52520209 -0.0832872   0.49999941  0.57649827  1.22921169]
at minimum 0.0378 accepted 1  with params [-5.79839283  0.02774612  0.5         0.80251767  1.57122952]
at minimum 0.0506 accepted 1  with params [-6.         -0.1         0.49999998  1.1         1.02683156]
at minimum 0.0269 accepted 1  with params [-5.54287423 -0.1         0.29275296  1.1         0.57285937]
at minimum 0.0155 accepted 1  with params [-5.54086476  0.38899625  0.44407081  0.97628235  0.18980922]
at minimum 0.0862 accepted 1  with params [-5.92226015  0.14638276  0.01        0.7394557   0.        ]
at minimum 0.0732 accepted 1  with params [-6.         -0.1         0.48029371  0.63470261  0.36692155]
at minimum 0.0736 accepted 1  with params [-6.          0.43127742  0.12319574  0.61689364  0.38966452]
at minimum 0.0452 accepted 1  with params [-5.96877697  0.35307432  0.38668921  0.82329293  0.99286093]
at minimum 0.0184 accepted 1  with params [-5.83758233  0.72878298  0.5         0.88008051  1.22903332]
at minimum 0.0344 accepted 1  with params [-5.99999885  0.88436685  0.49999892  1.09999922  0.84200465]
at minimum 0.0233 accepted 1  with params [-6.          0.5419919   0.47884972  1.1         0.71857392]
at minimum 0.0244 accepted 1  with params [-5.47306804  0.81079434  0.35340705  0.56506837  0.73179075]
at minimum 0.0659 accepted 1  with params [-5.32735041  0.28003236  0.01000057  0.62158184  1.2891797 ]
at minimum 0.0645 accepted 1  with params [-4.84608285  0.67846131  0.01        1.1         1.4095795 ]
at minimum 0.0716 accepted 1  with params [-4.68669258  0.99        0.01        1.1         1.75180976]
at minimum 0.0439 accepted 1  with params [-4.45800869  0.88327687  0.28721737  1.1         2.06383882]
at minimum 0.0410 accepted 1  with params [-4.64827354  0.6393186   0.39664164  0.50790768  2.27829119]
at minimum 0.0657 accepted 1  with params [-4.33640161  0.05521681  0.41023457  0.50000008  2.27522501]
at minimum 0.1157 accepted 1  with params [-4.32560096 -0.1         0.01        0.5         2.70862805]
at minimum 0.1184 accepted 1  with params [-3.94265837 -0.1         0.01        0.5         2.82985197]
at minimum 0.0695 accepted 1  with params [-3.75285713  0.2960988   0.35201763  1.1         3.03678715]
at minimum 0.1044 accepted 1  with params [-3.88840178 -0.06247577  0.26949425  0.50006778  2.9573548 ]
at minimum 0.0767 accepted 1  with params [-3.90803692  0.46197389  0.01        0.83187125  2.79383169]
at minimum 0.0673 accepted 1  with params [-3.4853127   0.37966274  0.5         1.1         3.21187489]
at minimum 0.0666 accepted 1  with params [-3.84624593  0.50767367  0.5         0.80428485  2.63150764]
at minimum 0.0499 accepted 1  with params [-4.40314562  0.12256149  0.5         0.76889742  2.10287407]
at minimum 0.0652 accepted 1  with params [-4.10924262  0.66328606  0.01        1.09999987  2.39027869]
at minimum 0.0159 accepted 1  with params [-3.87582802  0.989383    0.01030537  0.54779293  2.77425935]
at minimum 0.0155 accepted 1  with params [-3.39645967  0.99        0.01        0.51342893  2.69921974]
at minimum 0.3108 accepted 1  with params [-3.          0.99        0.28883603  0.61715021  2.30546448]
at minimum 0.0245 accepted 1  with params [-3.25838833  0.99        0.15666932  0.5         2.60944775]
at minimum 0.0646 accepted 1  with params [-3.5763203   0.72611949  0.01        0.97476819  3.00386901]
at minimum 0.0457 accepted 1  with params [-4.18256962  0.94763976  0.5         0.61542309  3.47017882]
at minimum 0.0156 accepted 1  with params [-4.34099766  0.98982375  0.01105259  0.51922296  3.24502421]
at minimum 0.0158 accepted 1  with params [-4.64571419  0.99        0.03283103  0.50000055  2.63392011]
at minimum 0.0161 accepted 1  with params [-4.4929538   0.99        0.11170329  0.53909476  2.86539749]
at minimum 0.0840 accepted 1  with params [-4.98110997  0.53709645  0.01        0.5         3.27719766]
at minimum 0.0834 accepted 1  with params [-4.83732966  0.410265    0.38525564  0.54761359  3.37437559]
at minimum 0.0656 accepted 1  with params [-5.057105    0.81064572  0.5         0.59697884  3.74570159]
at minimum 0.0300 accepted 1  with params [-5.11374379  0.97688066  0.49687761  0.74727325  3.98301841]
at minimum 0.0155 accepted 1  with params [-4.73239495  0.99        0.02240428  0.50727293  3.54377151]
at minimum 0.0190 accepted 1  with params [-4.92672644  0.99        0.08144848  0.61065616  3.11068776]
at minimum 0.0152 accepted 1  with params [-5.57384415  0.98999996  0.5         0.50000002  3.31464619]
at minimum 0.0163 accepted 1  with params [-5.30952337  0.99        0.5         0.5         3.76130655]
at minimum 0.1547 accepted 1  with params [-5.38517623  0.99        0.5         1.05616903  3.25246511]
at minimum 0.0341 accepted 1  with params [-5.58124096  0.89529438  0.49999912  1.0999985   2.6189795 ]
at minimum 0.0608 accepted 0  with params [-5.46875446  0.99        0.5         0.82592509  3.26452629]
at minimum 0.0154 accepted 1  with params [-5.43951839  0.47845517  0.46018037  1.09999914  2.28145063]
at minimum 0.0107 accepted 1  with params [-5.50553179  0.38976121  0.474555    1.1         2.6211229 ]
at minimum 0.0259 accepted 1  with params [-6.          0.55273633  0.5         1.09999999  2.72157311]
at minimum 0.0264 accepted 1  with params [-5.7107727   0.9153398   0.49999979  0.95957472  2.63972873]
at minimum 0.0212 accepted 1  with params [-5.1063079   0.73675341  0.49999987  1.1         2.90701457]
at minimum 0.0147 accepted 1  with params [-5.3183421   0.44095668  0.5         1.09999863  2.96117163]
at minimum 0.0686 accepted 1  with params [-5.92508025 -0.03027884  0.5         0.55287236  2.40046808]
at minimum 0.0493 accepted 1  with params [-5.93589052 -0.1         0.5         1.06189001  2.20269789]
at minimum 0.0677 accepted 1  with params [-6.          0.16960626  0.5         0.51401407  1.57285955]
at minimum 0.0532 accepted 1  with params [-6.          0.61534824  0.5         0.5         1.83520218]
at minimum 0.0177 accepted 1  with params [-6.          0.99        0.38700227  0.5         1.57733975]
at minimum 0.0665 accepted 1  with params [-5.72050893  0.99        0.4999988   1.02508746  2.22825955]
at minimum 0.0242 accepted 1  with params [-5.85538388  0.89343505  0.49999983  0.87609812  2.51776884]
at minimum 0.0294 accepted 1  with params [-5.79297211  0.83046786  0.5         1.07536002  3.07751547]
at minimum 0.0753 accepted 1  with params [-5.88912614  0.66496276  0.01        0.5         3.05851834]
at minimum 0.0511 accepted 1  with params [-5.9660927   0.52420021  0.5         0.68884005  3.21230222]
at minimum 0.0992 accepted 1  with params [-5.48574262  0.99        0.02163399  1.02850124  3.17755209]
at minimum 0.0164 accepted 1  with params [-5.87514282  0.99        0.5         0.5         2.90573716]
at minimum 0.0825 accepted 1  with params [-5.62485937  0.98999924  0.49999981  1.09999954  2.54036613]
at minimum 0.0508 accepted 1  with params [-5.91934908  0.65132935  0.49999952  0.50000034  2.54931301]
at minimum 0.0891 accepted 1  with params [-5.36461885 -0.01791705  0.01        0.76732224  2.87117591]
at minimum 0.0695 accepted 1  with params [-5.14867843 -0.1         0.01        1.1         2.2921229 ]
at minimum 0.0923 accepted 1  with params [-4.8303535  -0.1         0.01        1.09999453  2.77329137]
at minimum 0.0483 accepted 1  with params [-4.87712069  0.07769184  0.08695115  1.1         2.17210941]
at minimum 0.0738 accepted 0  with params [-5.03921573  0.42491119  0.01        0.72103134  2.85172599]
at minimum 0.0798 accepted 1  with params [-5.17047773 -0.1         0.01        0.64580109  2.34955777]
at minimum 0.0820 accepted 1  with params [-4.53744633  0.40249391  0.42333464  0.5         3.02431367]
at minimum 0.0319 accepted 1  with params [-4.93030574  0.9645307   0.39580144  0.5         3.1194315 ]
at minimum 0.0158 accepted 1  with params [-5.48136834  0.99        0.5         0.5         3.68572514]
at minimum 0.0156 accepted 1  with params [-5.57210157  0.99        0.01        0.5         4.        ]
at minimum 0.0527 accepted 1  with params [-5.97310924  0.99        0.01        0.86174228  3.32518341]
at minimum 0.0156 accepted 1  with params [-5.45888047  0.99        0.01        0.50000031  3.32856143]
at minimum 0.0676 accepted 1  with params [-4.92580164  0.50655943  0.01        1.1         3.06925212]
at minimum 0.0270 accepted 1  with params [-5.0067269   0.99        0.25736733  0.57556448  2.42824152]
at minimum 0.0228 accepted 1  with params [-4.94919503  0.7902174   0.5         0.94210951  2.82074277]
at minimum 0.0435 accepted 1  with params [-5.39813792  0.92740843  0.49999969  1.1         2.44755318]
at minimum 0.0448 accepted 1  with params [-4.90717932  0.43169489  0.09518801  1.1         2.11905711]
at minimum 0.0401 accepted 1  with params [-4.41178202 -0.01892333  0.17430817  1.0999991   1.9004146 ]
at minimum 0.1147 accepted 1  with params [-4.07942806 -0.09999924  0.01000034  0.85500188  2.45697163]
at minimum 0.1111 accepted 1  with params [-3.99016972 -0.1         0.01        1.01655357  2.34314029]
at minimum 0.0789 accepted 1  with params [-3.79184535  0.32198081  0.30156155  0.86386868  2.34260698]
at minimum 0.0696 accepted 1  with params [-4.26393718  0.46662627  0.01        1.1         1.68920434]
at minimum 0.0607 accepted 1  with params [-3.63198466  0.79879508  0.01        0.62387362  1.57520663]
at minimum 0.0874 accepted 1  with params [-3.20103058  0.21251042  0.18668582  0.5         1.21931297]
at minimum 0.0719 accepted 1  with params [-3.41845508  0.77722754  0.01        0.5         0.96783582]
at minimum 0.0701 accepted 1  with params [-3.          0.99        0.01        0.5         0.82787391]
