./../runners.py:177: RuntimeWarning: invalid value encountered in multiply
  model_input = self.k*x_tm1
./../dsp_utils.py:9: RuntimeWarning: invalid value encountered in double_scalars
  self.state = 1./self.tau*x + (1-1./self.tau)*self.state
/scratch/ar2342/miconda3/envs/eb_hyperacuity3/lib/python3.9/site-packages/scipy/optimize/_numdiff.py:576: RuntimeWarning: invalid value encountered in subtract
  df = fun(x) - f0
at minimum 0.1572 accepted 1  with params [-4.5   0.4   0.05  1.  ]
at minimum 0.0336 accepted 1  with params [-4.94559974  0.16916421  0.4611422   1.1       ]
at minimum 0.0634 accepted 1  with params [-5.37956814 -0.1         0.5         1.1       ]
at minimum 0.0608 accepted 1  with params [-5.21677094 -0.1         0.45595229  0.98553606]
at minimum 0.0152 accepted 1  with params [-5.50306898  0.3802916   0.5         1.1       ]
at minimum 0.0324 accepted 1  with params [-5.32390701  0.62405545  0.27968057  1.1       ]
at minimum 0.1280 accepted 1  with params [-5.61501031  0.63003203  0.01000137  0.61145934]
at minimum 0.1093 accepted 1  with params [-6.          0.40934324  0.48559043  0.50069499]
at minimum 0.1334 accepted 1  with params [-6.          0.28132336  0.21491342  0.54849741]
at minimum 0.1175 accepted 1  with params [-5.70630138  0.5461025   0.01        1.04045315]
at minimum 0.1352 accepted 1  with params [-5.74351456  0.84049792  0.01        0.79879068]
at minimum 0.6590 accepted 1  with params [-5.31223867  0.99        0.01        0.85074594]
at minimum 0.1861 accepted 1  with params [-5.5201188   0.92511591  0.07337301  0.88208753]
at minimum 0.7071 accepted 1  with params [-5.681928    0.98765224  0.37756718  1.1       ]
at minimum 0.8263 accepted 1  with params [-5.41137497  0.99        0.25508415  1.1       ]
at minimum 0.0379 accepted 1  with params [-5.46298205  0.78586261  0.5         1.1       ]
at minimum 0.0143 accepted 1  with params [-5.16386762  0.29984328  0.29430323  1.1       ]
at minimum 0.1188 accepted 1  with params [-4.74780657  0.31215746  0.01000062  0.75512696]
at minimum 0.1255 accepted 1  with params [-4.62239684  0.36496088  0.01000368  0.68647055]
at minimum 0.6459 accepted 0  with params [-4.2143997   0.62487114  0.01        1.1       ]
at minimum 0.2334 accepted 1  with params [-4.48691095  0.41121644  0.36222797  0.50047694]
at minimum 0.3355 accepted 1  with params [-4.43890318  0.37296928  0.47727603  0.5       ]
at minimum 0.1282 accepted 1  with params [-4.86192716  0.00668803  0.01        0.5       ]
at minimum 0.1293 accepted 1  with params [-4.56336405  0.00981025  0.01        0.50000051]
at minimum 0.6239 accepted 1  with params [-4.09112843  0.41642275  0.41265305  0.5       ]
at minimum 0.3909 accepted 1  with params [-4.58853748  0.60236743  0.5         0.96726764]
at minimum 1.6273 accepted 0  with params [-4.33199032  0.97185493  0.5         1.1       ]
at minimum 1.2062 accepted 0  with params [-4.34964204  0.99        0.19420562  0.95442105]
at minimum 0.4687 accepted 1  with params [-4.71603283  0.98384907  0.48565777  0.55725221]
at minimum 0.0748 accepted 1  with params [-5.07507459  0.77333398  0.49999933  0.68677207]
at minimum 0.1837 accepted 1  with params [-4.58940998  0.73464666  0.17565619  0.62304684]
at minimum 0.2073 accepted 1  with params [-4.48434731  0.2480806   0.34896191  0.62244188]
at minimum 0.3114 accepted 1  with params [-4.21637956  0.59607685  0.05640015  0.54708847]
at minimum 0.5720 accepted 1  with params [-4.29282624  0.578329    0.25247128  0.88197968]
at minimum 1.3214 accepted 0  with params [-4.27454327  0.94518805  0.01        1.1       ]
at minimum 0.9975 accepted 0  with params [-3.80402839  0.99        0.320405    0.7101631 ]
at minimum 0.0394 accepted 1  with params [-4.69887689  0.09463208  0.30030562  1.1       ]
at minimum 0.0234 accepted 1  with params [-5.0795848   0.35412164  0.5         0.62306401]
at minimum 0.0830 accepted 1  with params [-5.51049498  0.26556283  0.3326757   0.5       ]
at minimum 0.1368 accepted 1  with params [-5.19355526 -0.1         0.01        0.5       ]
at minimum 0.1431 accepted 1  with params [-5.3681183 -0.1        0.01       0.5      ]
at minimum 0.0552 accepted 1  with params [-5.65713113  0.06570712  0.3596994   0.97608237]
at minimum 0.0188 accepted 1  with params [-5.44113718  0.02409087  0.37824886  1.1       ]
at minimum 0.1132 accepted 1  with params [-5.07025074 -0.1         0.01        1.0999999 ]
at minimum 0.0863 accepted 1  with params [-4.57655106 -0.1         0.34861554  0.92827503]
at minimum 0.0525 accepted 1  with params [-4.6535465  -0.1         0.45412655  1.1       ]
at minimum 0.0399 accepted 1  with params [-4.71654495  0.06050866  0.23040367  1.1       ]
at minimum 0.0169 accepted 1  with params [-4.87971005 -0.1         0.25808783  0.88257024]
at minimum 0.0674 accepted 1  with params [-5.30144602  0.26354842  0.11501493  1.1       ]
at minimum 0.0756 accepted 1  with params [-5.20812397 -0.0983617   0.41816458  1.1       ]
at minimum 0.1124 accepted 1  with params [-4.81248803 -0.1         0.01        1.1       ]
at minimum 0.1260 accepted 1  with params [-4.50782808 -0.1         0.16207354  1.1       ]
at minimum 1.2666 accepted 1  with params [-4.32129124  0.30351854  0.5         1.1       ]
at minimum 0.0567 accepted 1  with params [-4.68495313  0.05437702  0.5         1.1       ]
at minimum 0.7111 accepted 0  with params [-4.46838353  0.51622002  0.5         1.1       ]
at minimum 0.6123 accepted 0  with params [-4.28312839 -0.09999449  0.49999752  0.58173909]
at minimum 0.0177 accepted 1  with params [-4.93329311  0.177651    0.43785861  0.96792385]
at minimum 0.0211 accepted 1  with params [-4.76513345 -0.04655558  0.5         0.82209847]
at minimum 0.8845 accepted 0  with params [-4.39711662 -0.1         0.5         1.03841559]
at minimum 0.0519 accepted 1  with params [-4.76454016  0.2641156   0.24956504  0.95875333]
at minimum 0.1119 accepted 1  with params [-5.26669235 -0.1         0.05903622  0.7671338 ]
at minimum 0.1042 accepted 1  with params [-5.72127208 -0.0999999   0.20204348  1.0434815 ]
at minimum 0.1561 accepted 1  with params [-5.88112227 -0.1         0.01        0.85178017]
at minimum 0.1428 accepted 1  with params [-6.          0.41326616  0.01        0.5       ]
at minimum 0.0727 accepted 1  with params [-5.96938181  0.44855296  0.46162668  0.84758858]
at minimum 0.0772 accepted 1  with params [-6.          0.23287081  0.5         0.88411101]
at minimum 0.0686 accepted 1  with params [-5.74552684  0.65094556  0.35046628  0.84694422]
at minimum 0.0709 accepted 1  with params [-5.85349988  0.39802729  0.30443814  1.09999934]
at minimum 0.1055 accepted 1  with params [-6.          0.87343194  0.5         1.05755676]
at minimum 0.5540 accepted 1  with params [-5.46519523  0.98999519  0.49999783  0.80025712]
at minimum 0.7025 accepted 0  with params [-5.93703524  0.99        0.49999765  1.00362921]
at minimum 0.6930 accepted 1  with params [-5.94114822  0.99        0.5         0.9930331 ]
at minimum 0.1462 accepted 1  with params [-6.          0.91493201  0.5         1.1       ]
at minimum 0.8075 accepted 0  with params [-5.50518582  0.98999826  0.49999918  1.09999904]
at minimum 0.3860 accepted 1  with params [-6.          0.97244659  0.478925    1.09999792]
at minimum 0.0509 accepted 1  with params [-5.7072266   0.80511189  0.49999426  1.09999297]
at minimum 0.1239 accepted 1  with params [-6.          0.37703381  0.02177854  1.02636341]
at minimum 0.1304 accepted 1  with params [-5.55682304 -0.05681567  0.01        1.1       ]
at minimum 0.1219 accepted 1  with params [-5.75006397  0.28257674  0.01        1.1       ]
at minimum 0.0593 accepted 1  with params [-5.74875074 -0.09999333  0.5         0.86247499]
at minimum 0.0702 accepted 1  with params [-5.90447922 -0.1         0.5         1.1       ]
at minimum 0.0624 accepted 1  with params [-5.87751649 -0.02777121  0.48950434  1.1       ]
at minimum 0.0571 accepted 1  with params [-6.          0.31350301  0.5         1.1       ]
at minimum 0.1163 accepted 1  with params [-5.65277873  0.45824885  0.01000008  1.1       ]
at minimum 0.1356 accepted 1  with params [-6.          0.07526576  0.09740545  0.9787988 ]
at minimum 0.1349 accepted 1  with params [-6.          0.37605906  0.01        0.71818094]
at minimum 0.1130 accepted 1  with params [-6.          0.44341976  0.15809689  0.8854679 ]
at minimum 0.1353 accepted 1  with params [-5.78918177 -0.02503166  0.10831531  0.79538543]
at minimum 0.1446 accepted 1  with params [-5.53625143 -0.1         0.01        0.63851683]
at minimum 0.1198 accepted 1  with params [-5.53641659  0.24791259  0.01000075  1.00810269]
at minimum 0.1383 accepted 1  with params [-5.86923999  0.04797536  0.01        1.09999911]
at minimum 0.0917 accepted 1  with params [-6.         -0.00725127  0.4770178   0.96717829]
at minimum 0.0958 accepted 1  with params [-5.50357671  0.03343191  0.10197908  1.1       ]
at minimum 0.1079 accepted 1  with params [-5.05960727  0.42579492  0.02295203  1.09999902]
at minimum 0.1128 accepted 1  with params [-5.0074211  0.3121208  0.01       1.1      ]
at minimum 0.1231 accepted 1  with params [-4.87919589  0.56074128  0.01        1.02168262]
at minimum 0.0248 accepted 1  with params [-4.97620566  0.52177259  0.38446172  1.1       ]
at minimum 0.7380 accepted 0  with params [-4.74286812  0.95067991  0.49999932  1.09999903]
at minimum 0.0338 accepted 1  with params [-5.13290549  0.07157685  0.15499677  1.1       ]
at minimum 0.1263 accepted 1  with params [-5.49035296  0.44892585  0.01        0.66803166]
at minimum 0.3826 accepted 1  with params [-5.36060663  0.99        0.01        0.5       ]
at minimum 0.5440 accepted 1  with params [-5.03042397  0.99        0.01        0.6547057 ]
at minimum 0.5194 accepted 1  with params [-4.60016133  0.98999977  0.0100001   0.5       ]
at minimum 0.5467 accepted 0  with params [-4.51475458  0.99        0.01        0.5       ]
at minimum 0.1254 accepted 1  with params [-4.81107799  0.54486744  0.01        0.63812493]
at minimum 0.0937 accepted 1  with params [-4.74212331  0.38072536  0.33065096  0.5       ]
at minimum 0.3038 accepted 1  with params [-4.47959741  0.17082606  0.5         0.5       ]
at minimum 0.3014 accepted 1  with params [-4.40440281  0.75427634  0.18555662  0.69385104]
at minimum 1.7145 accepted 0  with params [-3.96174743  0.35420161  0.10099091  1.09999999]
at minimum 0.1439 accepted 1  with params [-4.47725507  0.45402023  0.01        0.5       ]
at minimum 0.1566 accepted 1  with params [-4.35936394  0.30922939  0.01        0.5       ]
at minimum 0.1333 accepted 1  with params [-4.67805206  0.52627661  0.01        0.5       ]
at minimum 0.1289 accepted 1  with params [-4.62448356  0.19666314  0.01        0.5       ]
at minimum 0.0792 accepted 1  with params [-5.03833083  0.50517604  0.24931788  0.5       ]
at minimum 0.1341 accepted 1  with params [-4.4490333   0.13770272  0.01        0.5817774 ]
at minimum 0.3680 accepted 1  with params [-4.50603268  0.74915262  0.2774046   0.97866789]
at minimum 0.4016 accepted 1  with params [-4.46592206  0.56994028  0.5         0.604296  ]
at minimum 0.4869 accepted 0  with params [-4.63248525  0.99        0.5         0.5       ]
at minimum 1.6643 accepted 0  with params [-3.97314346  0.41984281  0.5         1.02283062]
at minimum 0.6361 accepted 0  with params [-4.09859601  0.98999909  0.3396301   0.5000005 ]
at minimum 0.5006 accepted 1  with params [-4.45863733  0.99        0.26131067  0.5       ]
at minimum 1.3478 accepted 0  with params [-4.17283664  0.98999913  0.01        0.90306385]
at minimum 0.4828 accepted 1  with params [-4.49702428  0.99        0.3165308   0.5       ]
at minimum 0.4586 accepted 1  with params [-4.28877862  0.92785818  0.01        0.5       ]
at minimum 0.9432 accepted 0  with params [-3.96983318  0.99        0.46295527  0.68078338]
at minimum 0.6510 accepted 0  with params [-3.79158836  0.99        0.19013352  0.5       ]
at minimum 0.2515 accepted 1  with params [-4.27423312  0.62679161  0.05967026  0.50000055]
at minimum 1.7173 accepted 1  with params [-3.90525953  0.30489799  0.02880024  1.05895968]
at minimum 0.1262 accepted 1  with params [-6.  -0.1  0.5  0.5]
at minimum 0.0984 accepted 1  with params [-5.74963512 -0.1         0.5         0.5       ]
at minimum 0.1499 accepted 1  with params [-6.          0.22511653  0.01        0.5       ]
at minimum 0.1411 accepted 1  with params [-5.77413084  0.3670327   0.01        0.5       ]
at minimum 0.1505 accepted 1  with params [-5.80305197 -0.04499664  0.01000003  0.73850818]
at minimum 0.1365 accepted 1  with params [-5.62599083 -0.1         0.01        1.1       ]
at minimum 0.0212 accepted 1  with params [-5.53165047  0.16806438  0.47291629  0.91990708]
at minimum 0.1254 accepted 1  with params [-5.05112512  0.6509117   0.01        1.09999999]
at minimum 0.1261 accepted 1  with params [-4.55498208  0.05668436  0.30829349  1.09999936]
at minimum 0.0425 accepted 1  with params [-4.89984565 -0.09999997  0.5         1.1       ]
at minimum 0.3309 accepted 0  with params [-4.47626595  0.07585743  0.5         0.55586032]
at minimum 0.0639 accepted 1  with params [-5.32759675 -0.0999996   0.5         1.05111956]
at minimum 0.0544 accepted 1  with params [-5.57986216 -0.09998601  0.2934065   1.0999923 ]
at minimum 0.0315 accepted 1  with params [-5.49901059 -0.1         0.5         1.09999834]
at minimum 0.0940 accepted 1  with params [-6.         -0.1         0.46032743  1.1       ]
at minimum 0.0916 accepted 1  with params [-6.          0.37357591  0.26875672  1.1       ]
at minimum 0.1428 accepted 1  with params [-6.         -0.1         0.29552353  0.59317284]
at minimum 0.1504 accepted 1  with params [-6.         -0.09999472  0.08573928  1.1       ]
at minimum 0.1401 accepted 1  with params [-5.7301928 -0.1        0.0275469  1.1      ]
at minimum 0.1296 accepted 1  with params [-5.18528253  0.15743822  0.01        0.55213377]
at minimum 0.1330 accepted 1  with params [-5.23874725  0.75123163  0.01        0.5       ]
at minimum 0.0631 accepted 1  with params [-5.43989318  0.79238023  0.37430995  0.73489089]
at minimum 0.3489 accepted 0  with params [-6.    0.99  0.5   0.5 ]
at minimum 0.8347 accepted 0  with params [-5.22629722  0.99        0.36722507  1.09999831]
at minimum 0.2186 accepted 0  with params [-4.77954217  0.80244625  0.49999833  0.68818116]
at minimum 0.9401 accepted 1  with params [-5.22698605  0.99        0.01        1.1       ]
at minimum 0.1121 accepted 1  with params [-5.08130912  0.31220519  0.01        1.1       ]
at minimum 0.0884 accepted 1  with params [-5.51617753  0.47816787  0.10556842  1.1       ]
at minimum 0.0845 accepted 1  with params [-5.43758416  0.48450266  0.14891065  0.79256081]
at minimum 0.4145 accepted 1  with params [-4.84081156  0.99        0.45675683  0.5       ]
at minimum 0.2070 accepted 1  with params [-4.37939799  0.30837338  0.12404599  0.80379825]
at minimum 0.1156 accepted 1  with params [-4.63982872 -0.01380716  0.01        0.98920978]
at minimum 0.0355 accepted 1  with params [-4.89875468 -0.1         0.49999895  0.5       ]
at minimum 0.8802 accepted 0  with params [-4.25258167 -0.1         0.5         0.76001416]
at minimum 0.2591 accepted 1  with params [-4.58186793  0.44725924  0.5         0.67477871]
at minimum 0.6637 accepted 1  with params [-4.82765905  0.98064328  0.16828371  0.98943381]
at minimum 0.1308 accepted 1  with params [-5.30466497  0.62022864  0.01        0.5       ]
at minimum 0.2869 accepted 0  with params [-4.6830199   0.89554498  0.01000092  0.97666993]
at minimum 0.1269 accepted 1  with params [-5.39262261  0.19301027  0.07411582  0.5       ]
at minimum 0.1098 accepted 1  with params [-5.0724563  -0.05881845  0.09051845  0.5       ]
at minimum 0.1376 accepted 1  with params [-5.22616109 -0.0999991   0.01000035  0.50000046]
at minimum 0.1136 accepted 1  with params [-5.26992762  0.17600351  0.01        1.08163287]
at minimum 0.1180 accepted 1  with params [-4.62970025 -0.03277487  0.01        0.75030238]
at minimum 1.2825 accepted 0  with params [-3.94473554 -0.02350506  0.10653654  0.89232117]
at minimum 0.9471 accepted 1  with params [-3.97937189  0.15292189  0.01        0.75816719]
at minimum 0.1274 accepted 1  with params [-4.62826557  0.0801992   0.49999497  1.00825574]
at minimum 0.2104 accepted 1  with params [-4.26040302  0.40102366  0.05236764  0.5       ]
at minimum 0.1182 accepted 1  with params [-4.67704357  0.28444296  0.5         0.60330315]
at minimum 0.6196 accepted 1  with params [-4.13581188  0.11324817  0.47396685  0.5       ]
at minimum 0.4209 accepted 1  with params [-4.51477957 -0.1         0.49999298  1.03458475]
at minimum 0.0462 accepted 1  with params [-5.18760139  0.43475147  0.5         1.1       ]
at minimum 0.1631 accepted 0  with params [-5.13241852  0.9160218   0.49999662  0.50000414]
at minimum 0.1067 accepted 0  with params [-5.15091678  0.19696785  0.0208942   1.1       ]
at minimum 1.4070 accepted 0  with params [-4.56378908  0.98999766  0.02324961  1.09999871]
at minimum 0.1166 accepted 1  with params [-5.62630866 -0.1         0.10923869  0.98241201]
at minimum 0.1388 accepted 1  with params [-5.58223161 -0.1         0.01        0.90641944]
at minimum 0.0988 accepted 1  with params [-6.          0.56758285  0.48913943  0.55699046]
at minimum 0.1390 accepted 1  with params [-6.          0.86600322  0.07410029  0.5       ]
at minimum 0.1351 accepted 1  with params [-6.          0.70202308  0.01        0.5       ]
at minimum 0.1415 accepted 1  with params [-6.          0.09313867  0.0200831   1.00931578]
at minimum 0.1263 accepted 1  with params [-5.4993437   0.17231031  0.01        0.83982907]
at minimum 0.1202 accepted 1  with params [-5.87765858  0.74592832  0.09635105  0.72612063]
at minimum 0.4904 accepted 1  with params [-5.66684183  0.99        0.01        0.68893547]
at minimum 0.7946 accepted 0  with params [-5.67365198  0.99        0.44220159  1.1       ]
at minimum 0.3488 accepted 1  with params [-5.80053782  0.99        0.5         0.5       ]
at minimum 0.1087 accepted 1  with params [-6.          0.85122937  0.5         0.53580478]
at minimum 0.4348 accepted 1  with params [-6.          0.99        0.47099378  0.64764469]
at minimum 0.7403 accepted 1  with params [-6.          0.99        0.28626804  1.0342758 ]
at minimum 0.6129 accepted 1  with params [-6.          0.98512092  0.49780658  1.1       ]
at minimum 0.0558 accepted 1  with params [-6.          0.38921244  0.5         1.08137778]
at minimum 0.0939 accepted 1  with params [-5.48380523  0.87786911  0.43613081  1.1       ]
at minimum 0.4830 accepted 0  with params [-5.02902983  0.99        0.5         0.62384175]
at minimum 0.1022 accepted 1  with params [-5.69364419  0.77472274  0.19593415  0.80889086]
at minimum 0.1339 accepted 1  with params [-5.61086239  0.40875289  0.01        0.56301638]
at minimum 0.1355 accepted 1  with params [-6.          0.67333414  0.01000045  0.50000057]
at minimum 0.1643 accepted 1  with params [-5.49956204  0.89565423  0.01        0.90444359]
at minimum 0.1257 accepted 1  with params [-5.66485589  0.67328257  0.01        0.68206335]
at minimum 0.1331 accepted 1  with params [-5.51895911  0.5615341   0.01        0.5000004 ]
at minimum 0.8860 accepted 0  with params [-4.96858758  0.99        0.01        0.96997098]
at minimum 0.1370 accepted 1  with params [-6.          0.23167772  0.01        0.86358605]
at minimum 0.1530 accepted 1  with params [-6.          0.89072228  0.22067199  1.1       ]
at minimum 0.0249 accepted 1  with params [-5.48477245  0.71331224  0.49999869  1.1       ]
at minimum 0.1018 accepted 1  with params [-5.9999978   0.46051106  0.17029271  1.09999855]
at minimum 0.0437 accepted 1  with params [-5.86192718  0.69327699  0.5         1.1       ]
at minimum 0.6261 accepted 0  with params [-5.68413603  0.99        0.38856881  0.90731638]
at minimum 0.7895 accepted 1  with params [-5.94977752  0.99        0.5         1.1       ]
at minimum 0.7980 accepted 1  with params [-5.90465348  0.99        0.34781771  1.1       ]
at minimum 0.0724 accepted 1  with params [-5.83876068  0.54253975  0.46336186  0.69694581]
at minimum 0.2249 accepted 1  with params [-5.7964168   0.95452385  0.49999939  0.97521925]
at minimum 0.0400 accepted 1  with params [-5.88474321  0.41648049  0.5         1.1       ]
at minimum 0.0397 accepted 1  with params [-5.53291937 -0.1         0.45487054  0.78638043]
at minimum 0.0360 accepted 1  with params [-5.4291265  -0.1         0.5         1.00816712]
at minimum 0.0653 accepted 1  with params [-6.          0.17647128  0.5         1.1       ]
at minimum 0.1048 accepted 1  with params [-6.         -0.1         0.5         0.81288883]
at minimum 0.0578 accepted 1  with params [-5.98324358  0.27069445  0.5         1.1       ]
at minimum 0.0408 accepted 1  with params [-5.44976997 -0.09999796  0.49999878  1.09999911]
at minimum 0.0335 accepted 1  with params [-5.3935582  -0.1         0.4989574   0.63791923]
at minimum 0.0652 accepted 1  with params [-5.58441572  0.54981321  0.5         0.5       ]
at minimum 0.0482 accepted 1  with params [-5.41578257 -0.1         0.5         0.5       ]
at minimum 0.0477 accepted 1  with params [-5.52949747 -0.1         0.5         0.65340587]
at minimum 0.1194 accepted 1  with params [-6.          0.0778572   0.49997991  0.50002377]
at minimum 0.0786 accepted 1  with params [-5.63866741  0.63791388  0.43352258  0.5       ]
at minimum 0.1480 accepted 1  with params [-5.78485006  0.16869965  0.01        0.5       ]
at minimum 0.1433 accepted 1  with params [-5.80388375 -0.05452382  0.01        1.09038242]
at minimum 0.1543 accepted 1  with params [-6.         -0.1         0.04828931  1.1       ]
at minimum 0.1462 accepted 1  with params [-5.79310315 -0.1         0.01        1.1       ]
at minimum 0.0245 accepted 1  with params [-5.45712175 -0.1         0.36852904  1.1       ]
at minimum 0.0260 accepted 1  with params [-5.10290682  0.42024623  0.5         0.60238795]
at minimum 0.0926 accepted 0  with params [-5.35723207 -0.05886526  0.22842914  0.5       ]
at minimum 0.1391 accepted 0  with params [-5.57209471  0.30885939  0.01000063  0.5       ]
at minimum 0.0784 accepted 1  with params [-5.71981875  0.69956669  0.5         0.5       ]
at minimum 0.1036 accepted 1  with params [-5.07375603  0.39034466  0.11008576  0.5       ]
at minimum 0.3829 accepted 1  with params [-4.44274631  0.91204306  0.35783093  0.5       ]
at minimum 0.0538 accepted 1  with params [-4.81632397  0.27064057  0.25685162  0.75671829]
at minimum 0.1126 accepted 1  with params [-5.19026023  0.42826541  0.01108638  1.0999994 ]
at minimum 0.6771 accepted 1  with params [-4.92074742  0.98999942  0.49999974  0.81583243]
at minimum 0.0148 accepted 1  with params [-5.611139    0.42825766  0.5         1.01436611]
at minimum 0.3290 accepted 1  with params [-4.92022528  0.97289093  0.5         0.5       ]
at minimum 1.2607 accepted 0  with params [-4.58762454  0.98999843  0.11915565  1.09999876]
at minimum 0.5560 accepted 1  with params [-4.48634867  0.98999575  0.01000167  0.5       ]
at minimum 0.4236 accepted 1  with params [-4.74889491  0.99        0.20270232  0.5       ]
at minimum 0.1178 accepted 1  with params [-5.25160557  0.59221488  0.0100022   0.84275343]
at minimum 0.1347 accepted 1  with params [-5.68605098  0.12587261  0.01        0.83175959]
at minimum 0.1409 accepted 1  with params [-5.31264359 -0.1         0.01        0.5       ]
at minimum 0.0375 accepted 1  with params [-4.90427342 -0.1         0.39652871  0.5       ]
at minimum 0.0416 accepted 1  with params [-5.28533239 -0.01751748  0.43528347  0.5       ]
at minimum 0.1713 accepted 1  with params [-4.44961554  0.67365085  0.01        0.5       ]
at minimum 0.5740 accepted 1  with params [-5.24915729  0.98999843  0.48612136  0.79784068]
at minimum 0.1138 accepted 1  with params [-4.82711148  0.62263525  0.5         0.5       ]
at minimum 0.3998 accepted 1  with params [-4.99190926  0.98999929  0.4999997   0.50000046]
at minimum 0.1133 accepted 1  with params [-5.3496162   0.29870679  0.11558618  0.5       ]
at minimum 0.5464 accepted 1  with params [-4.54373634  0.98999839  0.5         0.52218537]
at minimum 0.3931 accepted 1  with params [-5.03010228  0.99        0.5         0.5       ]
at minimum 0.1256 accepted 1  with params [-4.58503875  0.24982975  0.22573174  0.5       ]
at minimum 0.1855 accepted 1  with params [-4.33606252  0.32735306  0.09401822  0.55143525]
at minimum 1.5817 accepted 0  with params [-4.20200212 -0.1         0.45351478  1.1       ]
at minimum 0.3344 accepted 0  with params [-4.50576995  0.64531576  0.26357429  1.1       ]
at minimum 1.8599 accepted 0  with params [-3.71957278  0.07709077  0.08306067  1.1       ]
at minimum 0.1324 accepted 1  with params [-5.10936086  0.75962483  0.02891082  0.50000395]
at minimum 1.0380 accepted 0  with params [-5.0053373  0.99       0.01       1.1      ]
at minimum 0.4390 accepted 1  with params [-4.77185057  0.99        0.31818828  0.54452241]
at minimum 0.1570 accepted 1  with params [-4.51968427  0.67694618  0.01        0.5       ]
at minimum 1.8574 accepted 0  with params [-3.79702667  0.18213217  0.01        1.1       ]
at minimum 0.4004 accepted 1  with params [-4.06650224  0.07461144  0.01000003  0.50000005]
at minimum 0.2065 accepted 1  with params [-4.21059445  0.05137743  0.01        0.5       ]
at minimum 0.1540 accepted 1  with params [-4.85197669  0.82049729  0.25535866  0.68684456]
at minimum 0.4920 accepted 0  with params [-5.37476851  0.99        0.01        0.66012005]
at minimum 0.5772 accepted 0  with params [-4.31208534  0.99        0.37712548  0.50000005]
at minimum 0.9593 accepted 1  with params [-5.17095589  0.99        0.01        1.1       ]
at minimum 0.7887 accepted 1  with params [-5.96118369  0.99        0.49999675  1.09999979]
at minimum 0.3649 accepted 1  with params [-5.25116941  0.98797523  0.01        0.5       ]
at minimum 0.9633 accepted 1  with params [-5.15788577  0.99        0.01        1.1       ]
at minimum 0.5369 accepted 1  with params [-5.55265326  0.98999296  0.27710269  0.77893788]
at minimum 0.0360 accepted 1  with params [-5.38453708  0.26800398  0.49999952  1.1       ]
at minimum 0.1396 accepted 1  with params [-5.46236639 -0.1         0.01        0.66700231]
at minimum 0.0550 accepted 1  with params [-5.47480854  0.39074936  0.46503099  0.50000001]
at minimum 0.1378 accepted 1  with params [-5.16341786  0.85407472  0.09920076  0.5       ]
at minimum 0.1465 accepted 1  with params [-5.85509657  0.25125657  0.01        0.5       ]
at minimum 0.1650 accepted 1  with params [-6.   -0.1   0.01  0.5 ]
at minimum 0.1234 accepted 1  with params [-6.          0.71226198  0.01        0.86836141]
at minimum 0.5452 accepted 1  with params [-6.          0.99        0.43260816  0.80687575]
at minimum 0.1127 accepted 1  with params [-6.          0.18537591  0.19481825  1.09999888]
at minimum 0.1284 accepted 1  with params [-6.          0.1922028   0.05436199  1.1       ]
at minimum 0.1063 accepted 1  with params [-5.42738709  0.7666519   0.11670347  0.80565367]
at minimum 0.8507 accepted 0  with params [-5.52510347  0.99        0.10600723  1.1       ]
at minimum 0.1349 accepted 1  with params [-6.          0.73260978  0.01000195  0.50000239]
at minimum 0.1065 accepted 1  with params [-6.          0.43459761  0.4999983   0.50000208]
at minimum 0.0453 accepted 1  with params [-5.80696079  0.5528689   0.43633665  1.06663376]
at minimum 0.8237 accepted 0  with params [-6.          0.99        0.01000003  1.1       ]
at minimum 0.1228 accepted 1  with params [-6.         0.3782534  0.01       1.1      ]
at minimum 0.1583 accepted 1  with params [-6.         -0.1         0.14703985  0.5       ]
at minimum 0.0977 accepted 1  with params [-5.74934368 -0.1         0.5         0.5       ]
at minimum 0.1427 accepted 1  with params [-6.          0.08884443  0.01000021  0.99030818]
