./../runners.py:177: RuntimeWarning: invalid value encountered in multiply
  model_input = self.k*x_tm1
./../dsp_utils.py:9: RuntimeWarning: invalid value encountered in double_scalars
  self.state = 1./self.tau*x + (1-1./self.tau)*self.state
/scratch/ar2342/miconda3/envs/eb_hyperacuity3/lib/python3.9/site-packages/scipy/optimize/_numdiff.py:576: RuntimeWarning: invalid value encountered in subtract
  df = fun(x) - f0
at minimum 0.0530 accepted 1  with params [-4.5   0.4   0.05  1.  ]
at minimum 0.0451 accepted 1  with params [-4.41961644  0.33697258  0.43307143  0.6949969 ]
at minimum 0.0765 accepted 1  with params [-4.13547445  0.58832351  0.01000011  0.5       ]
at minimum 0.0379 accepted 1  with params [-4.39987326  0.16087627  0.4291188   0.93896586]
at minimum 0.0187 accepted 1  with params [-4.73543265  0.55881075  0.5         1.1       ]
at minimum 0.0169 accepted 1  with params [-5.07861195  0.86161745  0.5         0.9967859 ]
at minimum 0.0240 accepted 1  with params [-5.13919319  0.59284169  0.5         0.57410333]
at minimum 0.0129 accepted 1  with params [-5.15911135  0.09829468  0.21047876  0.89340925]
at minimum 0.0296 accepted 1  with params [-5.39728076  0.41118196  0.07665668  1.1       ]
at minimum 0.0143 accepted 1  with params [-5.63865553  0.80036306  0.33130112  1.01609944]
at minimum 0.0971 accepted 1  with params [-5.94170163  0.99        0.18284445  1.1       ]
at minimum 0.0375 accepted 1  with params [-6.          0.6820154   0.25929879  1.09621343]
at minimum 0.1062 accepted 1  with params [-6.          0.98999681  0.5         1.09999824]
at minimum 0.0156 accepted 1  with params [-5.84277734  0.82770973  0.5         1.1       ]
at minimum 0.0485 accepted 1  with params [-5.47299056  0.99        0.25273189  1.08105947]
at minimum 0.0465 accepted 1  with params [-4.99029231  0.99        0.01        1.1       ]
at minimum 0.0328 accepted 1  with params [-5.27038685  0.99        0.01        0.93736225]
at minimum 0.0444 accepted 1  with params [-4.83750527  0.74981054  0.01        1.1       ]
at minimum 0.0239 accepted 1  with params [-5.07534804  0.44898391  0.10822282  0.73585689]
at minimum 0.0615 accepted 1  with params [-5.26450584  0.41270297  0.01000008  0.50671408]
at minimum 0.0546 accepted 1  with params [-5.71799484  0.80941872  0.01        0.58499476]
at minimum 0.0393 accepted 1  with params [-6.          0.8408486   0.36428457  0.64885804]
at minimum 0.0281 accepted 1  with params [-5.68362692  0.99        0.05524953  0.5       ]
at minimum 0.0308 accepted 1  with params [-5.25825836  0.92633932  0.16209533  0.62040767]
at minimum 0.0311 accepted 1  with params [-5.54213079  0.98999819  0.01        0.50000079]
at minimum 0.0634 accepted 1  with params [-5.83329208  0.81733136  0.01        0.5       ]
at minimum 0.0553 accepted 1  with params [-5.9138974   0.71439351  0.01        0.83140062]
at minimum 0.0379 accepted 1  with params [-5.43283531  0.81402747  0.01        0.71206544]
at minimum 0.0499 accepted 1  with params [-5.87987668  0.85731708  0.28749886  0.50000182]
at minimum 0.0223 accepted 1  with params [-5.80288028  0.98999742  0.32579763  0.663967  ]
at minimum 0.0408 accepted 1  with params [-6.          0.87243301  0.01        0.89647831]
at minimum 0.0769 accepted 1  with params [-5.72057493  0.98999989  0.12326718  1.09999994]
at minimum 0.0339 accepted 1  with params [-5.25017253  0.52362868  0.01        0.92762545]
at minimum 0.0184 accepted 1  with params [-5.19609352  0.24349105  0.15446496  0.79897493]
at minimum 0.0497 accepted 1  with params [-5.27017746  0.32553635  0.14219676  0.5       ]
at minimum 0.0320 accepted 1  with params [-5.05082721 -0.07925075  0.26974171  0.50000157]
at minimum 0.0168 accepted 1  with params [-4.58855296 -0.1         0.5         0.86771543]
at minimum 0.0382 accepted 1  with params [-4.78139093  0.19285985  0.38430398  1.1       ]
at minimum 0.0436 accepted 1  with params [-4.42443055 -0.09999973  0.16691453  1.02625269]
at minimum 0.0672 accepted 1  with params [-4.28909181  0.24295754  0.01        1.1       ]
at minimum 0.0437 accepted 1  with params [-4.70477     0.17009547  0.01        1.1       ]
at minimum 0.0631 accepted 1  with params [-4.29432216  0.26080399  0.01        0.78408913]
at minimum 0.0547 accepted 1  with params [-4.11723303 -0.1         0.43168521  0.50899126]
at minimum 0.0569 accepted 1  with params [-4.41120711 -0.09999619  0.01000171  0.8705036 ]
at minimum 0.0386 accepted 1  with params [-4.79997777  0.29334233  0.01000052  0.92022929]
at minimum 0.0279 accepted 1  with params [-5.1622468  -0.09999543  0.05608863  1.09999749]
at minimum 0.0792 accepted 1  with params [-5.55944004  0.05594087  0.01        0.76294869]
at minimum 0.0545 accepted 1  with params [-5.226516   -0.1         0.01        0.79606728]
at minimum 0.0378 accepted 1  with params [-5.69472982  0.19905985  0.28396779  0.95960926]
at minimum 0.0528 accepted 1  with params [-5.97094724  0.15476973  0.34452209  1.1       ]
at minimum 0.0442 accepted 1  with params [-5.44082833e+00  3.34511433e-03  9.55817195e-02  1.06947647e+00]
at minimum 0.0620 accepted 1  with params [-5.12579093 -0.1         0.26775194  1.1       ]
at minimum 0.0573 accepted 1  with params [-5.41337927 -0.1         0.40232179  1.1       ]
at minimum 0.0483 accepted 1  with params [-5.86258848 -0.09999999  0.49999668  1.09612905]
at minimum 0.0493 accepted 1  with params [-6.          0.06850532  0.5         1.08987896]
at minimum 0.0565 accepted 1  with params [-5.47670642 -0.1         0.28665488  0.57453341]
at minimum 0.0454 accepted 1  with params [-5.44216945 -0.1         0.49999825  0.50000214]
at minimum 0.0735 accepted 1  with params [-5.56893787  0.07309524  0.01        0.87703227]
at minimum 0.0676 accepted 1  with params [-6.          0.38828697  0.01        1.09999943]
at minimum 0.0469 accepted 1  with params [-6.          0.18379182  0.44173886  1.05386877]
at minimum 0.0165 accepted 1  with params [-5.85612976  0.53746126  0.5         1.1       ]
at minimum 0.0425 accepted 1  with params [-5.99388095  0.30446538  0.43958292  0.97331921]
at minimum 0.0907 accepted 1  with params [-6.         -0.1         0.5         0.53744789]
at minimum 0.0796 accepted 1  with params [-5.72273322  0.27224522  0.18536599  0.5       ]
at minimum 0.0422 accepted 1  with params [-5.39663186  0.37867803  0.28146982  0.50000001]
at minimum 0.0554 accepted 1  with params [-5.68701128  0.69642377  0.01000125  0.70755453]
at minimum 0.0598 accepted 1  with params [-5.54911511  0.99        0.01        1.1       ]
at minimum 0.0368 accepted 1  with params [-5.03855897  0.99        0.01        0.79542435]
at minimum 0.0535 accepted 1  with params [-5.10746344  0.569328    0.01        0.50000023]
at minimum 0.0462 accepted 1  with params [-4.85496445  0.36261879  0.13149178  0.50000002]
at minimum 0.0550 accepted 1  with params [-4.98598848 -0.1         0.04901441  0.5000002 ]
at minimum 0.0603 accepted 1  with params [-4.81431616  0.08332181  0.01        0.5       ]
at minimum 0.0593 accepted 1  with params [-4.81382373  0.41324079  0.01        0.5       ]
at minimum 0.0676 accepted 1  with params [-4.39737149  0.20610882  0.01        0.56383858]
at minimum 0.0649 accepted 1  with params [-4.25469256  0.75413752  0.01        0.86089638]
at minimum 0.0568 accepted 1  with params [-4.51081948  0.99        0.37311745  0.58813362]
at minimum 0.0649 accepted 1  with params [-4.37211139  0.98999965  0.39271166  0.5       ]
at minimum 0.0625 accepted 1  with params [-4.68853803  0.99        0.01        0.51830472]
at minimum 0.0681 accepted 1  with params [-4.21955272  0.99        0.14845566  0.57288722]
at minimum 0.0601 accepted 1  with params [-4.38919566  0.57484794  0.01        0.83090055]
at minimum 0.0666 accepted 1  with params [-4.04917746  0.49717695  0.12958032  1.1       ]
at minimum 0.0733 accepted 1  with params [-3.72300038  0.6804935   0.01        1.02691866]
at minimum 0.0685 accepted 1  with params [-3.64261393  0.99        0.01000004  0.66280116]
at minimum 0.0701 accepted 1  with params [-3.94744274  0.79808059  0.01000019  0.77799125]
at minimum 1600093592.6609 accepted 0  with params [-3.56600433  0.99        0.45074964  1.02998092]
at minimum 0.0783 accepted 1  with params [-3.78089593  0.68699078  0.01        0.5       ]
at minimum 0.0677 accepted 1  with params [-4.04058091  0.99        0.25034492  0.5       ]
at minimum 0.0762 accepted 1  with params [-4.13868367  0.46788513  0.02267104  0.5       ]
at minimum 0.0379 accepted 1  with params [-4.62030123  0.18700502  0.43092605  0.51710045]
at minimum 0.0396 accepted 1  with params [-4.47141562  0.33373566  0.5         0.69041761]./../fitting_utils.py:28: RuntimeWarning: Mean of empty slice
  pooling_fun = lambda x,y: np.nanmean((x-y)**2)

at minimum 0.0508 accepted 0  with params [-4.30557367  0.59376338  0.32268104  1.1       ]
at minimum 0.0676 accepted 1  with params [-4.55860819 -0.09999999  0.01        0.5       ]
at minimum 0.0691 accepted 1  with params [-4.49613113  0.43697975  0.01        0.5       ]
at minimum 0.0699 accepted 1  with params [-4.07809071  0.59986434  0.01        0.68041324]
at minimum 0.0493 accepted 1  with params [-3.55103423  0.50046836  0.01        0.65118285]
at minimum 0.0568 accepted 1  with params [-3.58984055  0.91059982  0.01000042  0.79895522]
at minimum 0.0724 accepted 1  with params [-3.63791143  0.98999895  0.01        1.1       ]
at minimum 0.0772 accepted 1  with params [-3.75091542  0.80914608  0.01        1.1       ]
at minimum 100000000000000000000.0000 accepted 0  with params [-3.34455053  0.48860645  0.01        1.1       ]
at minimum 0.0507 accepted 1  with params [-4.19233038  0.41633914  0.34482292  0.70000989]
at minimum 0.0514 accepted 1  with params [-4.03527602  0.62789738  0.5         0.5       ]
at minimum 0.0731 accepted 1  with params [-4.29319955  0.75071764  0.06400786  0.50000078]
at minimum 0.0720 accepted 1  with params [-4.25437191  0.52926821  0.11175245  0.5       ]
at minimum 0.0528 accepted 1  with params [-4.05463519  0.60579858  0.49999976  0.5       ]
at minimum 0.0516 accepted 1  with params [-4.13033463  0.09831644  0.4999988   0.52906877]
at minimum 0.0693 accepted 1  with params [-4.03852145  0.00694176  0.05146292  0.66099195]
at minimum 0.0671 accepted 1  with params [-3.97016443  0.52996793  0.1056764   0.63907929]
at minimum 0.0780 accepted 1  with params [-3.98697019  0.54752873  0.01        0.5       ]
at minimum 0.0784 accepted 1  with params [-3.89407315  0.88390281  0.01        0.5       ]
at minimum 0.0245 accepted 1  with params [-3.6937683   0.99        0.36725781  0.7796079 ]
at minimum 4357563958131328648872984576.0000 accepted 0  with params [-3.53935432  0.90456612  0.43010268  1.04597587]
at minimum 0.0587 accepted 1  with params [-3.87643629  0.99        0.29284085  0.52275791]
at minimum 0.0765 accepted 1  with params [-3.70638565  0.98999175  0.01000317  1.09999496]
at minimum 0.0345 accepted 1  with params [-3.9063276   0.98689527  0.5         1.1       ]
at minimum 100000000000000000000.0000 accepted 0  with params [-3.40545429  0.99        0.08596237  1.1       ]
at minimum 0.0500 accepted 1  with params [-4.50652762  0.99        0.5         0.64255246]
at minimum 0.0341 accepted 1  with params [-3.93561205  0.70225285  0.5         1.09999993]
at minimum 679995728218564067328.0000 accepted 0  with params [-3.51941726  0.35069142  0.29761223  1.1       ]
at minimum 0.0314 accepted 1  with params [-3.83794968  0.88552936  0.5         1.00249514]
at minimum 100000000000000000000.0000 accepted 0  with params [-3.39722261  0.61839476  0.38745225  1.1       ]
at minimum 0.0539 accepted 1  with params [-4.13967296  0.99        0.49999948  0.53808602]
at minimum 0.0622 accepted 1  with params [-4.22803509  0.99        0.21588828  1.1       ]
at minimum 0.0761 accepted 1  with params [-4.08669862  0.99        0.01        1.1       ]
at minimum 0.0456 accepted 1  with params [-4.62277286  0.81614041  0.23623513  1.1       ]
at minimum 0.0282 accepted 1  with params [-5.04121145  0.99        0.5         0.86876649]
at minimum 0.0362 accepted 1  with params [-4.4737882   0.38383428  0.5         1.1       ]
at minimum 0.0312 accepted 1  with params [-3.92819733  0.80655801  0.5         1.03578438]
at minimum 0.0373 accepted 1  with params [-4.0771694   0.82095185  0.5         1.1       ]
at minimum 0.0341 accepted 1  with params [-3.91825796  0.6535489   0.5         1.09999922]
at minimum 0.0683 accepted 1  with params [-4.09979259  0.29844878  0.22153068  0.5       ]
at minimum 0.0384 accepted 1  with params [-4.16691368 -0.1         0.5         0.84694863]
at minimum 0.0546 accepted 1  with params [-3.62316296  0.51368604  0.11134614  0.56992332]
at minimum 0.0679 accepted 1  with params [-4.1836787   0.93576579  0.27946004  0.5       ]
at minimum 0.0464 accepted 1  with params [-3.93713316  0.99        0.31855329  0.7572368 ]
at minimum 0.0355 accepted 1  with params [-3.76551522  0.99        0.5         0.5       ]
at minimum 100000000000000000000.0000 accepted 0  with params [-3.27940468  0.83892533  0.5         0.52675607]
at minimum 0.0581 accepted 0  with params [-4.07783414  0.99        0.20661553  0.79429596]
at minimum 0.0361 accepted 1  with params [-3.86284698  0.99        0.3467395   0.98020875]
at minimum 0.0455 accepted 0  with params [-4.21596209  0.98999891  0.4384931   0.86740073]
at minimum 0.0430 accepted 1  with params [-4.47759703  0.86202441  0.49999951  1.0999994 ]
at minimum 0.0360 accepted 1  with params [-4.02964643  0.91720566  0.5         1.1       ]
at minimum 8704591.4644 accepted 0  with params [-3.56744531  0.55777094  0.5         1.1       ]
at minimum 0.0502 accepted 1  with params [-4.02044288  0.4750883   0.27498375  1.1       ]
at minimum 2586822788883520512.0000 accepted 0  with params [-3.49940274  0.99        0.01        1.1       ]
at minimum 0.0740 accepted 1  with params [-3.81634715  0.37961082  0.01        0.59922652]
at minimum 0.0771 accepted 1  with params [-4.0930174   0.07963044  0.01        0.5       ]
at minimum 0.0702 accepted 1  with params [-3.93303373 -0.04041753  0.01        0.74321216]
at minimum 0.0761 accepted 1  with params [-3.96262283  0.17428812  0.01019699  1.09999987]
at minimum 0.0243 accepted 1  with params [-3.61988098  0.75696259  0.29388851  0.79653291]
at minimum 1903227695.1986 accepted 0  with params [-3.53414688  0.95003809  0.30226169  1.1       ]
at minimum 774081396308895596544.0000 accepted 0  with params [-3.50182495  0.99        0.01        1.1       ]
at minimum 0.0739 accepted 1  with params [-3.93403243  0.98999995  0.01        1.0032143 ]
at minimum 0.0778 accepted 1  with params [-3.93653462  0.89573007  0.01        1.1       ]
at minimum 0.0771 accepted 1  with params [-4.0030636   0.99        0.01        1.09999994]
at minimum 100000000000000000000.0000 accepted 0  with params [-3.40444545  0.99        0.17417808  0.68206023]
at minimum 0.0601 accepted 1  with params [-4.29247636  0.62097968  0.13214013  0.9639654 ]
at minimum 0.0390 accepted 1  with params [-4.46023679  0.35697184  0.30550937  1.1       ]
at minimum 0.0382 accepted 1  with params [-4.10621955  0.90538397  0.49999815  1.09999909]
at minimum 0.0466 accepted 1  with params [-4.62388821  0.95727695  0.49999694  0.67591692]
at minimum 0.0489 accepted 1  with params [-5.08327197  0.99        0.04847916  0.5       ]
at minimum 0.0291 accepted 1  with params [-5.58961625  0.99        0.36722148  0.5       ]
at minimum 0.0449 accepted 1  with params [-5.48247013  0.99        0.01        1.03238459]
at minimum 0.0227 accepted 1  with params [-5.91765371  0.99        0.1595376   0.60972363]
at minimum 0.0432 accepted 1  with params [-6.          0.51141152  0.25264453  1.09999991]
at minimum 0.0738 accepted 1  with params [-5.68237031  0.31729077  0.01        0.74690519]
at minimum 0.0871 accepted 1  with params [-5.90107587  0.15022801  0.20217172  0.59724875]
at minimum 0.0656 accepted 1  with params [-5.9695659   0.45947359  0.5         0.5       ]
at minimum 0.0424 accepted 1  with params [-5.58979939  0.64040462  0.37264701  0.5       ]
at minimum 0.0259 accepted 1  with params [-5.70209474  0.98999442  0.49999749  0.50000307]
at minimum 0.0407 accepted 1  with params [-6.          0.98999895  0.49999931  0.81751407]
at minimum 0.0217 accepted 1  with params [-5.37955246  0.99        0.5         0.68377553]
at minimum 0.0381 accepted 1  with params [-5.2313346   0.7148093   0.5         0.92549034]
at minimum 0.0546 accepted 1  with params [-5.50948991  0.98999664  0.2391879   1.1       ]
at minimum 0.0273 accepted 1  with params [-5.29384057  0.62933373  0.5         0.50737128]
at minimum 0.0333 accepted 1  with params [-5.40950187  0.99        0.01        0.53445662]
at minimum 0.0907 accepted 1  with params [-5.80351801  0.33413189  0.01204301  0.5       ]
at minimum 0.0159 accepted 1  with params [-5.87296178  0.5864222   0.5         1.09991813]
at minimum 0.0187 accepted 1  with params [-5.79481805  0.93024756  0.34902999  0.8164934 ]
at minimum 0.0374 accepted 1  with params [-6.          0.94790581  0.01        1.04392838]
at minimum 0.0329 accepted 1  with params [-6.          0.33798735  0.47072252  1.1       ]
at minimum 0.0291 accepted 1  with params [-5.37981614  0.96816807  0.07807729  0.64221066]
at minimum 0.0576 accepted 1  with params [-5.61454535  0.34157136  0.01000586  1.01747802]
at minimum 0.0166 accepted 1  with params [-5.63659187  0.79817115  0.29876235  1.1       ]
at minimum 0.0187 accepted 1  with params [-5.96583698  0.87306018  0.5         1.09999997]
at minimum 0.1034 accepted 1  with params [-6.          0.99        0.01        1.09999608]
at minimum 0.0360 accepted 1  with params [-6.          0.91383481  0.01        0.82278225]
at minimum 0.0521 accepted 1  with params [-5.40268138  0.23976986  0.49999414  0.87565902]
at minimum 0.0775 accepted 1  with params [-4.87543041  0.09921314  0.40121548  1.09999954]
at minimum 0.0201 accepted 1  with params [-4.83212157  0.6295774   0.49999819  1.09999784]
at minimum 0.0485 accepted 1  with params [-4.3574481   0.42887882  0.27345316  1.09999995]
at minimum 0.0271 accepted 1  with params [-4.90928723  0.22555307  0.2664005   1.1       ]
at minimum 0.0207 accepted 1  with params [-4.69309647  0.21725419  0.49999992  1.09999815]
at minimum 0.2250 accepted 1  with params [-5.15678997 -0.08951013  0.5         1.1       ]
at minimum 0.0409 accepted 1  with params [-5.82972138  0.48778335  0.49999759  0.65541171]
at minimum 0.0393 accepted 1  with params [-5.31426719  0.26243551  0.5         0.63457552]
at minimum 0.0478 accepted 1  with params [-5.24892156  0.21745567  0.39783885  0.83459408]
at minimum 0.1069 accepted 1  with params [-5.33967511  0.29980202  0.47014033  1.1       ]
at minimum 0.0146 accepted 1  with params [-4.90892541  0.68516136  0.5         0.76103186]
at minimum 0.0657 accepted 1  with params [-5.18885602  0.61835016  0.4231987   1.1       ]
at minimum 0.0408 accepted 1  with params [-4.98678224  0.20361919  0.31806468  0.94300044]
at minimum 0.0138 accepted 1  with params [-5.49905698  0.56682146  0.35075952  1.09999982]
at minimum 0.2067 accepted 1  with params [-5.12138845  0.01711442  0.5         1.1       ]
at minimum 0.0331 accepted 1  with params [-4.46162065 -0.1         0.5         0.83607523]
at minimum 0.0357 accepted 1  with params [-3.8453839  -0.09999747  0.4479482   1.09999861]
at minimum 0.0566 accepted 1  with params [-4.51584995  0.40830899  0.015788    1.1       ]
at minimum 0.0771 accepted 1  with params [-3.96016727  0.68812516  0.01        1.09999797]
at minimum 0.0563 accepted 1  with params [-3.73768787  0.15108812  0.43961984  1.1       ]
at minimum inf accepted 0  with params [-3.21127803  0.47159902  0.5         0.73948523]
at minimum 5571453176070576327117733873319936.0000 accepted 0  with params [-3.48732324  0.0132544   0.18990486  0.56743835]
at minimum 0.0581 accepted 1  with params [-4.00242561 -0.1         0.34095417  0.5       ]
at minimum 0.0773 accepted 1  with params [-3.70478675  0.25487845  0.01000061  0.50000003]
at minimum 0.0753 accepted 1  with params [-4.21393582  0.61071206  0.01        0.5       ]
at minimum 0.0661 accepted 1  with params [-3.6996393  -0.01169792  0.42430046  1.07175293]
at minimum 100000000000000000000.0000 accepted 0  with params [-3.07461133 -0.1         0.26064578  1.1       ]
at minimum 0.2720 accepted 0  with params [-3.60380199 -0.1         0.40977655  0.80659984]
at minimum 0.0419 accepted 1  with params [-4.44413769  0.68636016  0.5         1.1       ]
at minimum 0.0273 accepted 1  with params [-5.03589287  0.52211733  0.49999352  0.50001947]
at minimum 0.0273 accepted 1  with params [-5.08112259  0.98999357  0.49999985  0.77876948]
at minimum 0.0515 accepted 1  with params [-4.34664451  0.7908476   0.4484417   0.65604995]
at minimum 0.0474 accepted 1  with params [-4.48016285  0.98999981  0.37886023  0.87531925]
at minimum 0.0329 accepted 1  with params [-5.10845471  0.99        0.5         1.1       ]
at minimum 0.0334 accepted 1  with params [-5.32391819  0.99        0.5         0.52964061]
at minimum 0.0285 accepted 1  with params [-5.05670451  0.40733077  0.43912033  0.5000001 ]
at minimum 0.0476 accepted 1  with params [-5.70615292  0.45999023  0.5         0.5       ]
at minimum 0.0437 accepted 1  with params [-5.63721141  0.91609485  0.01        0.53439708]
at minimum 0.0495 accepted 1  with params [-5.0757387  0.99       0.01       0.5      ]
at minimum 0.0600 accepted 1  with params [-4.40385509  0.53895557  0.01        0.78710428]
at minimum 0.0765 accepted 1  with params [-3.71836494  0.64596634  0.01        1.1       ]
at minimum 100000000000000000000.0000 accepted 0  with params [-3.23583212  0.60409693  0.01        1.1       ]
at minimum 100000000000000000000.0000 accepted 0  with params [-3.23158785  0.99        0.02659361  0.8515735 ]
at minimum 100000000000000000000.0000 accepted 0  with params [-3.39326011 -0.01558563  0.01        1.1       ]
at minimum 0.0743 accepted 1  with params [-4.11782616  0.65747838  0.01        1.1       ]
at minimum 0.0446 accepted 1  with params [-4.7096346   0.33725131  0.01        1.1       ]
at minimum 0.0629 accepted 1  with params [-4.42520764  0.56633115  0.01        1.09999993]
at minimum 0.0597 accepted 1  with params [-4.48535649  0.98999851  0.16706459  1.1       ]
at minimum 0.0771 accepted 1  with params [-3.7290705  0.99       0.01       1.1      ]
at minimum 100000000000000000000.0000 accepted 0  with params [-3.04746437  0.56797179  0.01        1.1       ]
at minimum 0.0625 accepted 1  with params [-4.28634895  0.89971648  0.49745581  0.5       ]
at minimum 0.0676 accepted 1  with params [-4.18894131  0.52612916  0.27255739  0.5       ]
at minimum 0.0673 accepted 1  with params [-4.39373857  0.90337009  0.01        1.1       ]
at minimum 0.0365 accepted 1  with params [-5.11710008  0.99        0.01        0.66767763]
at minimum 0.0434 accepted 1  with params [-4.72912424  0.99        0.5         1.09999935]
at minimum 0.0571 accepted 1  with params [-4.53495924  0.98999979  0.01        0.89351103]
at minimum 0.0778 accepted 1  with params [-3.95969258  0.99        0.01        1.1       ]
at minimum 0.0780 accepted 1  with params [-3.91114238  0.98999998  0.01        1.09999999]
at minimum 0.0333 accepted 1  with params [-3.67552319  0.99        0.5         0.5       ]
at minimum 0.0332 accepted 1  with params [-4.01598372  0.55156223  0.5         0.7574653 ]
at minimum 0.0586 accepted 1  with params [-4.3748361   0.98999997  0.28426456  1.05943882]
at minimum 0.0394 accepted 1  with params [-4.18652555  0.51336336  0.45179612  0.89713913]
at minimum 0.0408 accepted 1  with params [-4.35384238  0.12393021  0.49999996  0.79179383]
at minimum 0.0350 accepted 1  with params [-3.75913154  0.83672743  0.5         0.5       ]
at minimum 100000000000000000000.0000 accepted 0  with params [-3.29250181  0.16437473  0.5         0.5       ]
at minimum 0.0373 accepted 1  with params [-3.81362823  0.33476035  0.5         0.5       ]
at minimum 100000000000000000000.0000 accepted 0  with params [-3.09969394  0.20214185  0.5         0.5       ]
at minimum 100000000000000000000.0000 accepted 0  with params [-3.09854951  0.11181781  0.1198129   0.5       ]
at minimum inf accepted 0  with params [-3.26081982 -0.1         0.5         0.5       ]
at minimum 0.0693 accepted 1  with params [-4.18532977  0.36868527  0.01        0.63125739]
at minimum 0.0748 accepted 1  with params [-4.11111181  0.78639702  0.01        1.1       ]
at minimum 2455870129665470986452992.0000 accepted 0  with params [-3.49956719  0.28465966  0.13988561  0.5       ]
at minimum 0.0718 accepted 1  with params [-3.82246517  0.9899889   0.01000499  0.92676428]
at minimum 0.0726 accepted 1  with params [-3.80228177  0.99        0.01        0.6425311 ]
at minimum 0.0683 accepted 1  with params [-4.5237507   0.21019021  0.01        0.5       ]
at minimum 0.0596 accepted 1  with params [-4.96295404 -0.1         0.01        0.5       ]
at minimum 0.0456 accepted 1  with params [-4.51458439 -0.1         0.39648053  0.5       ]
at minimum 0.0595 accepted 1  with params [-4.40179367  0.72161385  0.5         0.5       ]
at minimum 0.0587 accepted 1  with params [-4.27809481 -0.0844731   0.49999785  0.5000052 ]
at minimum 0.0369 accepted 1  with params [-5.07938868  0.10742525  0.49999986  0.51522361]
at minimum 0.0557 accepted 1  with params [-4.64138218  0.85699096  0.5         0.5       ]
at minimum 0.0516 accepted 1  with params [-4.53537477  0.02814849  0.4999982   0.5000022 ]
at minimum 0.0486 accepted 1  with params [-4.79548822  0.84787992  0.46151243  0.5       ]
at minimum 0.0454 accepted 1  with params [-5.47388465  0.95929838  0.01        1.1       ]
at minimum 0.0262 accepted 1  with params [-4.71478292  0.77685292  0.5         1.09999412]
at minimum 0.0345 accepted 1  with params [-3.92610612  0.99        0.5         1.1       ]
at minimum 100000000000000000000.0000 accepted 0  with params [-3.30916269  0.42267398  0.27672627  1.1       ]
at minimum 0.0293 accepted 1  with params [-4.62174296  0.66677889  0.5         1.1       ]
at minimum 0.0442 accepted 1  with params [-4.23950915  0.99        0.5         0.74358017]
at minimum 0.0605 accepted 1  with params [-4.45288355  0.98999919  0.01000036  0.92000447]
at minimum 0.0756 accepted 1  with params [-3.69191018  0.77952312  0.01        1.1       ]
at minimum 0.0724 accepted 1  with params [-4.14802089  0.34359416  0.01        1.1       ]
at minimum 2959883664680012035915776.0000 accepted 0  with params [-3.4887759  0.99       0.01       1.1      ]
at minimum 1179953550952.0649 accepted 0  with params [-3.52635656 -0.1         0.01        1.1       ]
at minimum 0.0497 accepted 1  with params [-4.35462023  0.71370927  0.36504017  1.1       ]
at minimum 0.0400 accepted 1  with params [-4.43219531  0.56423434  0.5         0.85977531]
at minimum 0.0437 accepted 1  with params [-4.98504768  0.94054356  0.5         0.5       ]
at minimum 0.0679 accepted 1  with params [-4.43346085  0.99        0.195766    0.5       ]
at minimum 0.0428 accepted 1  with params [-4.12785068  0.99        0.5         0.6957699 ]
at minimum 0.0372 accepted 1  with params [-4.9712871   0.99        0.5         1.09999461]
at minimum 0.0193 accepted 1  with params [-4.68459714  0.50068528  0.5         1.1       ]
at minimum 0.0559 accepted 1  with params [-5.10910672 -0.1         0.06852671  0.50433194]
at minimum 0.0265 accepted 1  with params [-4.78052869 -0.09999899  0.5         0.57086075]
at minimum 0.0336 accepted 1  with params [-4.96070749 -0.1         0.13311808  0.56528285]
at minimum 0.0612 accepted 1  with params [-5.6294452   0.28673647  0.01000024  1.02886009]
at minimum 0.0556 accepted 1  with params [-6.         -0.01282858  0.5         1.1       ]
at minimum 0.1040 accepted 1  with params [-6.          0.09979737  0.01000783  0.58996978]
at minimum 0.1179 accepted 1  with params [-6.         -0.09999686  0.01000141  0.5       ]
at minimum 0.1112 accepted 1  with params [-5.81399071 -0.09999994  0.01000025  0.50000028]
at minimum 0.0883 accepted 1  with params [-6.          0.41900248  0.10659175  0.5       ]
at minimum 0.0246 accepted 1  with params [-6.    0.99  0.5   0.5 ]
at minimum 0.0332 accepted 1  with params [-5.67647716  0.99        0.01        0.86114699]
at minimum 0.0958 accepted 1  with params [-5.92462641  0.98999196  0.01000362  1.1       ]
at minimum 0.0435 accepted 1  with params [-5.14063556  0.99        0.09701155  1.09999989]
