at minimum 0.0336 accepted 1  with params [-3.683   0.8452  0.1009  0.8858 -4.    ]
at minimum 0.0161 accepted 1  with params [-3.6341865   1.06038937  0.20366338  0.95281199 -4.        ]
at minimum 0.0360 accepted 1  with params [-3.41899713  1.16315274  0.24854677  0.87646667 -3.85410589]
at minimum 0.0305 accepted 1  with params [-3.54887355  1.26591612  0.01        0.70827677 -3.70821177]
at minimum 0.0438 accepted 1  with params [-3.33368418  1.36867949  0.5         0.5        -3.56231766]
at minimum 0.0399 accepted 1  with params [-3.50780649  1.46620572  0.5         0.64078693 -3.41642355]
at minimum 0.0442 accepted 1  with params [-3.30614539  1.5689691   0.5         0.51999329 -3.27052943]
at minimum 0.0784 accepted 1  with params [-3.09095603  1.67173248  0.5         0.5        -3.12463532]
at minimum 0.0628 accepted 1  with params [-5.82211748  1.77449585  0.5         1.1        -2.99095547]
at minimum 0.0314 accepted 1  with params [-4.24461426  1.87725923  0.5         1.1        -2.84506135]
at minimum 0.0304 accepted 1  with params [-4.02942489  1.8488026   0.5         1.1        -2.69916724]
at minimum 0.0312 accepted 1  with params [-4.02324938  1.95156598  0.5         1.1        -2.55327313]
at minimum 0.0338 accepted 1  with params [-3.80805992  2.          0.5         1.0236548  -2.40737902]
at minimum 0.0382 accepted 1  with params [-3.59287055  2.          0.5         0.85637751 -2.2614849 ]
at minimum 0.0429 accepted 1  with params [-3.37768118  2.          0.5         0.6502661  -2.11559079]
at minimum 0.0517 accepted 1  with params [-3.16249182  2.          0.5         0.5        -1.96969668]
at minimum 0.0618 accepted 1  with params [-5.43370129  2.          0.5         0.9738876  -2.04196683]
at minimum 0.0331 accepted 1  with params [-3.8321379   2.          0.5         1.1        -1.80714968]
at minimum 0.0399 accepted 1  with params [-3.61694851  2.          0.5         1.02365479 -1.66125557]
at minimum 0.0424 accepted 1  with params [-3.40175914  2.          0.5         0.67713761 -1.51536146]
at minimum 0.0485 accepted 1  with params [-3.18656978  2.          0.5         0.5        -1.36946734]
at minimum 0.0326 accepted 1  with params [-4.15815478  2.          0.5         1.1        -2.83294977]
at minimum 0.0318 accepted 1  with params [-3.94296541  2.          0.5         1.1        -2.68705566]
at minimum 0.0353 accepted 1  with params [-3.72777605  2.          0.5         0.98216671 -2.54116154]
at minimum 0.0400 accepted 1  with params [-3.51258668  2.          0.5         0.78155509 -2.39526743]
at minimum 0.0444 accepted 1  with params [-3.29739731  2.          0.5         0.56418689 -2.24937332]
at minimum 0.0811 accepted 1  with params [-3.08220795  2.          0.5         0.5        -2.1034792 ]
at minimum 0.0328 accepted 1  with params [-4.17583348  2.          0.5         1.1        -2.44537234]
at minimum 0.0321 accepted 1  with params [-3.8976223   2.          0.5         1.1        -2.29947822]
at minimum 0.0363 accepted 1  with params [-3.68243291  2.          0.5         0.94041503 -2.16565292]
at minimum 0.0410 accepted 1  with params [-3.46724354  2.          0.5         0.73941734 -2.0197588 ]
at minimum 0.0453 accepted 1  with params [-3.25205418  2.          0.5         0.5127569  -1.87386469]
at minimum 0.1224 accepted 1  with params [-3.03686481  2.          0.5         0.5        -1.72797058]
at minimum 0.0317 accepted 1  with params [-4.00323516  2.          0.5         1.1        -2.45218973]
at minimum 0.0341 accepted 1  with params [-3.78804579  2.          0.5         1.04157613 -2.30629562]
at minimum 0.0407 accepted 1  with params [-3.57285642  2.          0.5         0.96523093 -2.16040151]
at minimum 0.0433 accepted 1  with params [-3.35766706  2.          0.5         0.6296027  -2.0145074 ]
at minimum 0.0317 accepted 1  with params [-3.97466051  2.          0.5         1.1        -2.46138909]
at minimum 0.0347 accepted 1  with params [-3.7594711   2.          0.5         1.02365479 -2.31549498]
at minimum 0.0332 accepted 1  with params [-3.83044653  2.          0.5         1.08516331 -2.16960086]
at minimum 0.0397 accepted 1  with params [-3.61525714  2.          0.5         1.00881809 -2.02370675]
at minimum 0.0424 accepted 1  with params [-3.40006777  2.          0.5         0.67367079 -1.87781264]
at minimum 0.0487 accepted 1  with params [-3.1848784   2.          0.5         0.5        -1.73191852]
at minimum 0.0322 accepted 1  with params [-4.10590382  2.          0.5         1.1        -2.4589557 ]
at minimum 0.0331 accepted 1  with params [-3.89071325  2.          0.5         1.02365489 -2.31306159]
at minimum 0.0364 accepted 1  with params [-3.67552389  2.          0.5         0.93387719 -2.16716748]
at minimum 0.0437 accepted 1  with params [-3.46033451  2.          0.5         0.85753199 -2.02127336]
at minimum 0.0334 accepted 1  with params [-3.82066418  2.          0.5         1.07834143 -1.87537925]
at minimum 0.0399 accepted 1  with params [-3.60547479  2.          0.5         1.00199622 -1.72948514]
at minimum 0.0367 accepted 1  with params [-3.87079873  2.          0.5         0.892262   -1.58359103]
at minimum 0.0353 accepted 1  with params [-3.72389495  2.          0.5         0.99711387 -1.40482936]
