at minimum 0.2060 accepted 1  with params [-4.5   0.4   0.05  1.  ]
at minimum 0.2303 accepted 1  with params [-4.28908131 -0.03009218  0.01000306  1.1       ]
at minimum 0.2286 accepted 1  with params [-4.77644786 -0.1         0.01        0.94087391]
at minimum 0.2300 accepted 1  with params [-4.55936543  0.36339892  0.01000062  1.09999924]
at minimum 0.2292 accepted 1  with params [-4.47855323  0.14266952  0.01        1.1       ]
at minimum 0.2242 accepted 1  with params [-4.69571466  0.25859298  0.01        0.85219185]
at minimum 0.2488 accepted 1  with params [-4.43845057  0.30234807  0.01000078  0.56724721]
at minimum 0.1191 accepted 1  with params [-4.62698831  0.74781437  0.5         0.66253405]
at minimum 0.1052 accepted 1  with params [-4.80089202  0.67373203  0.3068646   0.85778101]
at minimum 0.2280 accepted 1  with params [-4.30161217  0.62152345  0.01000069  0.78953508]
at minimum 0.2091 accepted 1  with params [-4.01189883  0.67081784  0.18837398  0.50000006]
at minimum 0.2313 accepted 1  with params [-3.62075352  0.99        0.49998607  0.57710887]
at minimum 0.2384 accepted 1  with params [-3.48211367  0.98999235  0.25935451  0.53725714]
at minimum 0.2449 accepted 1  with params [-3.40812918  0.99        0.34221172  0.5       ]
at minimum 0.1899 accepted 1  with params [-3.35635027  0.73411298  0.27860566  0.50000237]
at minimum 0.2491 accepted 1  with params [-3.36788957  0.98999967  0.01000019  0.50000022]
at minimum 0.2497 accepted 1  with params [-3.59882354  0.98625199  0.01000024  0.50000035]
at minimum 0.2542 accepted 1  with params [-3.31367128  0.53192591  0.01000098  0.50000002]
at minimum 0.2376 accepted 1  with params [-3.67942837  0.65145364  0.01000016  0.62147088]
at minimum 0.2278 accepted 1  with params [-3.25915402  0.51810326  0.01000262  1.01776664]
at minimum 0.1001 accepted 1  with params [-3.75698094  0.02315086  0.28978509  0.71811698]
at minimum 0.2950 accepted 1  with params [-3.9776614  -0.02031659  0.49999965  1.02056824]
at minimum 0.1332 accepted 1  with params [-3.63765388  0.2483101   0.49999977  0.78179894]
at minimum 0.2762 accepted 0  with params [-3.77536645  0.19208838  0.5         1.07104544]
at minimum 0.1078 accepted 1  with params [-3.96760014  0.2215006   0.5         0.62925609]
at minimum 0.2074 accepted 1  with params [-3.75255154  0.68773562  0.06553557  0.9185694 ]
at minimum 0.1194 accepted 1  with params [-3.56015748  0.22348801  0.34480339  0.52264733]
at minimum 0.2379 accepted 1  with params [-3.23689483 -0.1         0.41635944  0.93848558]
at minimum 0.3239 accepted 1  with params [-3.26932771  0.05219767  0.5         1.1       ]
at minimum 0.2320 accepted 1  with params [-3.6334019   0.4648376   0.01000035  1.09999957]
at minimum 0.2298 accepted 1  with params [-3.38927938  0.29649478  0.01        1.1       ]
at minimum 0.1471 accepted 1  with params [-3.88856176  0.64195499  0.49127338  1.09999996]
at minimum 0.0945 accepted 1  with params [-4.24045325  0.17655475  0.27290829  0.80191248]
at minimum 0.1105 accepted 1  with params [-3.8473887   0.47601715  0.38344103  0.58663574]
at minimum 0.1170 accepted 1  with params [-4.0233375   0.35340679  0.49999946  0.50000065]
at minimum 0.1201 accepted 1  with params [-3.91910796  0.23818095  0.37307198  0.50000029]
at minimum 0.1280 accepted 1  with params [-4.36123542 -0.1         0.27259973  0.5       ]
at minimum 0.1169 accepted 1  with params [-4.08367689 -0.02426758  0.5         0.5       ]
at minimum 0.1464 accepted 1  with params [-3.79611562 -0.09999745  0.38413175  0.76174953]
at minimum 0.1945 accepted 1  with params [-3.49446845 -0.09999984  0.5         0.80988136]
at minimum 0.2955 accepted 1  with params [-3.85159559 -0.04374298  0.36699675  1.1       ]
at minimum 0.3323 accepted 1  with params [-3.90793204 -0.01648593  0.49999971  1.1       ]
at minimum 0.2337 accepted 1  with params [-3.6575081   0.21281197  0.49999783  0.9957267 ]
at minimum 0.2324 accepted 1  with params [-3.35911147  0.33447334  0.44636168  1.1       ]
at minimum 0.1435 accepted 1  with params [-3.47246838 -0.09999796  0.09998655  1.09999889]
at minimum 0.1455 accepted 1  with params [-3.8965693  -0.1         0.11814387  0.87817513]
at minimum 0.1001 accepted 1  with params [-4.02078103  0.33047292  0.40011334  0.73766749]
at minimum 0.1165 accepted 1  with params [-4.00574957  0.30281259  0.5         0.5       ]
at minimum 0.1162 accepted 1  with params [-3.95468687  0.27632117  0.4999986   0.50000127]
at minimum 0.1365 accepted 1  with params [-3.47456895 -0.01029033  0.24766512  0.5       ]
at minimum 0.1885 accepted 1  with params [-3.31060681 -0.1         0.5         0.80045375]
at minimum 0.1177 accepted 1  with params [-3.         -0.1         0.48484444  0.5       ]
at minimum 0.2651 accepted 1  with params [-3.37764204 -0.1         0.01000009  0.5       ]
at minimum 0.2276 accepted 1  with params [-3.84196529 -0.03028149  0.01        0.93355384]
at minimum 0.2308 accepted 1  with params [-4.24920672 -0.09999512  0.01000097  1.09999628]
at minimum 0.2293 accepted 1  with params [-4.20022911  0.27731116  0.01        1.09999844]
at minimum 0.3451 accepted 1  with params [-4.10461267 -0.09999686  0.43787392  1.09999826]
at minimum 0.1422 accepted 1  with params [-4.07088856 -0.1         0.10158826  1.1       ]
at minimum 0.1954 accepted 1  with params [-3.98994131 -0.09999948  0.27039953  1.1       ]
at minimum 0.1451 accepted 1  with params [-4.40829559 -0.09999989  0.11339434  1.09683521]
at minimum 0.2446 accepted 1  with params [-4.57581585 -0.0999996   0.01000018  0.6917323 ]
at minimum 0.2637 accepted 1  with params [-4.13680137 -0.09999989  0.49999993  0.94629179]
at minimum 0.1163 accepted 1  with params [-4.46520259 -0.09999945  0.5         0.55771078]
at minimum 0.1176 accepted 1  with params [-4.59497939 -0.09999981  0.49161227  0.5000001 ]
at minimum 0.1177 accepted 1  with params [-4.43131549 -0.09999861  0.49999936  0.5       ]
at minimum 0.1177 accepted 1  with params [-4.3109953   0.36925498  0.5         0.5       ]
at minimum 0.1619 accepted 1  with params [-4.15257686 -0.01445227  0.19689685  0.5       ]
at minimum 0.1167 accepted 1  with params [-4.37614628  0.30588721  0.5         0.5       ]
at minimum 0.1172 accepted 1  with params [-3.96550765 -0.02819605  0.43777955  0.63144617]
at minimum 0.1554 accepted 0  with params [-3.50257137 -0.09999787  0.5         0.71148389]
at minimum 0.2408 accepted 1  with params [-3.89005628  0.45435408  0.05748248  0.52065091]
at minimum 0.2574 accepted 1  with params [-4.29114168  0.30036046  0.01000239  0.5       ]
at minimum 0.1606 accepted 1  with params [-4.33430308  0.5215561   0.5         1.04597237]
at minimum 0.1922 accepted 1  with params [-4.45410287  0.51295553  0.49999801  1.09999756]
at minimum 0.1018 accepted 1  with params [-4.14209372  0.7122951   0.3640682   0.88429609]
at minimum 0.2108 accepted 1  with params [-3.68780398  0.98999727  0.43696712  1.1       ]
at minimum 0.2107 accepted 1  with params [-3.49016139  0.98999499  0.5         0.77163409]
at minimum 0.2008 accepted 1  with params [-3.01268517  0.98999432  0.4999978   1.09999671]
at minimum 0.2228 accepted 1  with params [-3.10695565  0.98524949  0.24080327  1.01765718]
at minimum 0.2227 accepted 1  with params [-3.24769393  0.99        0.13932954  0.89508332]
at minimum 0.1945 accepted 1  with params [-3.75378359  0.99        0.5         0.95100571]
at minimum 0.1514 accepted 1  with params [-3.50477619  0.91796674  0.49999987  1.1       ]
at minimum 0.1097 accepted 1  with params [-3.80582328  0.81716388  0.49999761  1.03262083]
at minimum 0.2037 accepted 1  with params [-3.48471688  0.99        0.5         1.1       ]
at minimum 0.1665 accepted 1  with params [-3.9218284   0.67133988  0.14789027  1.06299575]
at minimum 0.2332 accepted 1  with params [-3.52733477  0.98999784  0.23123006  1.09999882]
at minimum 0.2350 accepted 1  with params [-3.03731343  0.91992076  0.01        0.66471191]
at minimum 0.1650 accepted 1  with params [-3.          0.64963336  0.31571203  0.51309961]
at minimum 0.2263 accepted 1  with params [-3.00000237  0.31147449  0.01000038  1.0420348 ]
at minimum 0.0997 accepted 1  with params [-3.          0.74221832  0.49283601  0.96372169]
at minimum 0.2407 accepted 1  with params [-3.00000143  0.98999953  0.49999978  0.50000024]
at minimum 0.1756 accepted 1  with params [-3.28859941  0.60089877  0.26608612  0.5       ]
at minimum 0.1548 accepted 1  with params [-3.72335358  0.73102708  0.49999973  0.5       ]
at minimum 0.1242 accepted 1  with params [-3.32934524  0.51066626  0.49999983  0.5000002 ]
at minimum 0.1403 accepted 1  with params [-3.29899602  0.44162274  0.5         0.91953073]
at minimum 0.1095 accepted 1  with params [-3.          0.55714876  0.2382147   1.09999754]
at minimum 0.1314 accepted 1  with params [-3.          0.60740124  0.43295773  1.1       ]
at minimum 0.3001 accepted 1  with params [-3.18866158  0.18904737  0.5         1.1       ]
at minimum 0.1359 accepted 1  with params [-3.12615718 -0.05074852  0.5         0.67874086]
at minimum 0.2614 accepted 1  with params [-3.31378316  0.08061422  0.01000138  0.50000072]
at minimum 0.1170 accepted 1  with params [-3.45696361 -0.1         0.49999909  0.52139721]
at minimum 0.1584 accepted 1  with params [-3.51708946 -0.05963444  0.43442986  0.76051983]
at minimum 0.2702 accepted 1  with params [-3.98847688 -0.1         0.40444989  0.99620558]
at minimum 0.1220 accepted 1  with params [-4.47865024  0.48520801  0.5         0.5       ]
at minimum 0.1484 accepted 1  with params [-4.33540765  0.37583447  0.27163082  0.50000219]
at minimum 0.2006 accepted 1  with params [-3.96090877  0.08301333  0.5         0.87238921]
at minimum 0.3512 accepted 1  with params [-4.4751997  -0.09999999  0.5         1.1       ]
at minimum 0.3536 accepted 1  with params [-4.33917861 -0.1         0.49999959  1.1       ]
at minimum 0.2060 accepted 1  with params [-4.21061829  0.45955227  0.5         1.1       ]
at minimum 0.0980 accepted 1  with params [-4.36997028  0.74050771  0.49999847  0.83337665]
at minimum 0.1147 accepted 1  with params [-4.00241976  0.79939102  0.5         1.09999946]
at minimum 0.1484 accepted 1  with params [-3.46369559  0.92037492  0.49999946  1.1       ]
at minimum 0.2003 accepted 1  with params [-3.25549521  0.99        0.49999991  1.1       ]
at minimum 0.1196 accepted 1  with params [-3.79382681  0.68928229  0.25690614  1.1       ]
at minimum 0.2104 accepted 1  with params [-3.69709163  0.98999903  0.41174491  0.8093697 ]
at minimum 0.1378 accepted 1  with params [-3.54557625  0.84352201  0.34458018  1.06275995]
at minimum 0.2014 accepted 1  with params [-4.00188897  0.98999826  0.49999927  1.1       ]
at minimum 0.2070 accepted 1  with params [-3.99989166  0.99        0.5         1.1       ]
at minimum 0.2161 accepted 1  with params [-3.41598367  0.99        0.5         0.64410147]
at minimum 0.1307 accepted 1  with params [-3.96043813  0.75081418  0.44560074  0.63239357]
at minimum 0.1157 accepted 1  with params [-4.56778378  0.1825425   0.49999901  0.50000122]
at minimum 0.2630 accepted 1  with params [-4.06161294 -0.03207851  0.01        0.5       ]
at minimum 0.2297 accepted 1  with params [-3.701013   -0.1         0.01        0.89017784]
at minimum 0.3292 accepted 1  with params [-3.79954876 -0.1         0.41434402  1.1       ]
at minimum 0.2309 accepted 1  with params [-4.26539825 -0.099998    0.01        1.09999848]
at minimum 0.2320 accepted 1  with params [-3.81040553 -0.0993746   0.01000499  1.1       ]
at minimum 0.2376 accepted 1  with params [-4.03716067  0.03377803  0.01        0.73931735]
at minimum 0.2641 accepted 1  with params [-4.50260076 -0.09999966  0.01000021  0.50000023]
at minimum 0.2249 accepted 1  with params [-4.40718822  0.15475606  0.01000076  1.01290834]
at minimum 0.1856 accepted 1  with params [-4.30674948  0.76570162  0.16139813  0.78033366]
at minimum 0.1158 accepted 1  with params [-4.28192485  0.26659357  0.5         0.50000006]
at minimum 0.1648 accepted 1  with params [-4.7296722   0.77158796  0.49999946  0.50000022]
at minimum 0.2455 accepted 1  with params [-4.42813914  0.98999876  0.21897692  0.50000196]
at minimum 0.1263 accepted 1  with params [-3.93737391  0.50277489  0.5         0.5       ]
at minimum 0.1177 accepted 1  with params [-4.27755184 -0.05257019  0.40259851  0.5       ]
at minimum 0.1107 accepted 1  with params [-4.30319355  0.11210946  0.49999944  0.5800497 ]
at minimum 0.2276 accepted 1  with params [-4.42358875  0.37181903  0.10153685  0.5       ]
at minimum 0.2407 accepted 1  with params [-4.26173698  0.87348236  0.10878034  0.5       ]
at minimum 0.2286 accepted 1  with params [-4.3834209   0.98999971  0.06599474  0.76412116]
at minimum 0.2452 accepted 1  with params [-4.69381285  0.98999828  0.01        1.09999905]
at minimum 0.2378 accepted 1  with params [-4.99738615  0.73541096  0.01        1.1       ]
at minimum 0.1074 accepted 1  with params [-5.61002311  0.64942171  0.49999777  0.63716256]
at minimum 0.2978 accepted 1  with params [-5.94607051  0.03859946  0.49266657  1.0540169 ]
at minimum 0.2306 accepted 1  with params [-5.99999464 -0.09999805  0.01000088  1.09999893]
at minimum 0.2984 accepted 1  with params [-5.44272409  0.19847658  0.49999962  1.09999929]
at minimum 0.2295 accepted 1  with params [-5.38992307  0.25221458  0.01        1.1       ]
at minimum 0.2361 accepted 1  with params [-5.86403867  0.07909433  0.01        0.74198954]
at minimum 0.2639 accepted 1  with params [-5.99999475 -0.09999753  0.01000161  0.5000005 ]
at minimum 0.2272 accepted 1  with params [-5.40722038  0.36692659  0.01000236  0.79365411]
at minimum 0.2392 accepted 1  with params [-5.25235607  0.27789227  0.06802567  0.50000486]
at minimum 0.2544 accepted 1  with params [-5.82805861  0.49324434  0.01000176  0.50000216]
