./../runners.py:308: RuntimeWarning: invalid value encountered in multiply
  model_input = self.k*x_tm1
./../dsp_utils.py:9: RuntimeWarning: invalid value encountered in double_scalars
  self.state = 1./self.tau*x + (1-1./self.tau)*self.state
at minimum 0.0771 accepted 1  with params [-3.68299958  0.84520071  0.10090025  0.88580013 -3.99999753]
at minimum 0.0688 accepted 1  with params [-3.634186    1.06039008  0.20366363  0.93068328 -4.        ]
at minimum 0.0296 accepted 1  with params [-3.50790008  1.16315346  0.04848252  0.73453274 -3.85410589]
at minimum 0.0824 accepted 1  with params [-3.12319141  1.26591683  0.29875928  0.5        -3.70821177]
at minimum 0.1049 accepted 1  with params [-3.          1.36868021  0.34364246  0.5        -3.56231766]
at minimum 0.0321 accepted 1  with params [-4.19828195  1.52176671  0.01000018  1.1        -3.41654906]
at minimum 0.0320 accepted 1  with params [-3.98309261  1.62453009  0.05488341  1.02365482 -3.27065495]
at minimum 0.0300 accepted 1  with params [-3.77290784  1.72729347  0.01        1.1        -3.12476084]
at minimum 0.0310 accepted 1  with params [-3.55945007  1.83015821  0.04618237  1.02050387 -2.97886672]
at minimum 0.0860 accepted 1  with params [-3.3442607   1.89748163  0.5         0.5        -2.83297261]
at minimum 0.1597 accepted 1  with params [-3.12907134  2.          0.5         0.5        -2.6870785 ]
at minimum 0.0608 accepted 1  with params [-5.98786442  2.          0.5         0.52607355 -2.54150994]
at minimum 0.0530 accepted 1  with params [-5.49362183  2.          0.5         1.1        -2.39665956]
at minimum 0.0519 accepted 1  with params [-5.2601873   2.          0.5         0.94768233 -2.24024958]
at minimum 0.0511 accepted 1  with params [-5.02394907  2.          0.5         0.87159197 -2.08491362]
at minimum 0.0510 accepted 1  with params [-4.86745869  2.          0.5         0.86652158 -1.94767209]
at minimum 0.0513 accepted 1  with params [-4.65226932  2.          0.5         0.78935762 -1.80177798]
at minimum 0.0523 accepted 1  with params [-4.43707995  2.          0.5         0.71301241 -1.65588387]
at minimum 0.0539 accepted 1  with params [-4.22189053  2.          0.5         0.63666721 -1.50998976]
at minimum 0.0561 accepted 1  with params [-4.00670116  2.          0.5         0.56032201 -1.36409565]
at minimum 0.0592 accepted 1  with params [-3.79151168  2.          0.5         0.5        -1.21820141]
at minimum 0.0563 accepted 1  with params [-3.94478594  2.          0.5         0.5        -1.0723073 ]
at minimum 0.0603 accepted 1  with params [-3.72959657  2.          0.5         0.5        -0.92641318]
at minimum 0.0586 accepted 1  with params [-3.78457962  2.          0.5         0.5        -0.78051907]
at minimum 0.0583 accepted 1  with params [-3.78275478  2.          0.5         0.5        -0.63462496]
at minimum 0.0646 accepted 1  with params [-3.5675654   2.          0.5         0.5        -0.48873085]
at minimum 0.0757 accepted 1  with params [-3.36594374  2.          0.5         0.5        -0.0992987 ]
at minimum 0.1337 accepted 1  with params [-3.15075438  2.          0.5         0.5         0.        ]
at minimum 0.0687 accepted 1  with params [-5.93843763  2.          0.5         1.1        -0.13197418]
at minimum 0.0685 accepted 1  with params [-5.67641303  2.          0.5         1.1        -0.01563589]
at minimum 0.0542 accepted 1  with params [-5.74969631  2.          0.5         1.02908589 -4.        ]
at minimum 0.0536 accepted 1  with params [-5.53450709  2.          0.5         0.95274069 -3.85410589]
at minimum 0.0522 accepted 1  with params [-5.22831741  2.          0.5         0.83452929 -3.70821177]
at minimum 0.0513 accepted 1  with params [-4.9109639   2.          0.5         0.7992536  -3.56231766]
at minimum 0.0516 accepted 1  with params [-4.69577448  2.          0.5         0.7229084  -3.41642355]
at minimum 0.0518 accepted 1  with params [-4.71922496  2.          0.5         0.6647436  -3.27052943]
at minimum 0.0527 accepted 1  with params [-4.50403549  2.          0.5         0.58839842 -3.12463532]
at minimum 0.0540 accepted 1  with params [-4.28884566  2.          0.5         0.5120533  -2.97874121]
at minimum 0.0547 accepted 1  with params [-4.14820357  2.          0.5         0.56227385 -2.8328471 ]
at minimum 0.0555 accepted 1  with params [-4.05985942  2.          0.5         0.50441636 -2.68695298]
at minimum 0.0585 accepted 1  with params [-3.84467006  2.          0.5         0.5        -2.54105887]
at minimum 0.0646 accepted 1  with params [-3.62948067  2.          0.5         0.5        -2.39516476]
at minimum 0.0571 accepted 1  with params [-3.9274214   2.          0.5         0.5        -2.24927064]
at minimum 0.0594 accepted 1  with params [-3.80326172  2.          0.5         0.5        -2.10337653]
at minimum 0.0662 accepted 1  with params [-3.58807235  2.          0.5         0.5        -1.95748242]
at minimum 0.0810 accepted 1  with params [-3.37288298  2.          0.5         0.5        -1.8115883 ]
at minimum 0.1393 accepted 1  with params [-3.15769362  2.          0.5         0.5        -1.66569419]
at minimum 0.0511 accepted 1  with params [-5.42444473  2.          0.5         1.1        -1.72244487]
at minimum 0.0506 accepted 1  with params [-5.20925537  2.          0.5         1.0236548  -1.57655076]
at minimum 0.0499 accepted 1  with params [-5.01869773  2.          0.5         1.03428063 -1.34150933]
at minimum 0.0494 accepted 1  with params [-4.84739637  2.          0.5         1.1        -1.04719084]
