./../runners.py:177: RuntimeWarning: invalid value encountered in multiply
  model_input = self.k*x_tm1
./../dsp_utils.py:9: RuntimeWarning: invalid value encountered in double_scalars
  self.state = 1./self.tau*x + (1-1./self.tau)*self.state
/scratch/ar2342/miconda3/envs/eb_hyperacuity3/lib/python3.9/site-packages/scipy/optimize/_numdiff.py:576: RuntimeWarning: invalid value encountered in subtract
  df = fun(x) - f0
./../fitting_utils.py:28: RuntimeWarning: Mean of empty slice
  pooling_fun = lambda x,y: np.nanmean((x-y)**2)
at minimum 0.0651 accepted 1  with params [-4.50002407  0.40000947  0.04999936  1.0000016 ]
at minimum 0.0472 accepted 1  with params [-4.54119287  0.56701736  0.29397593  1.1       ]
at minimum 0.0422 accepted 1  with params [-4.21031974  0.74951446  0.5         1.1       ]
at minimum 0.0505 accepted 1  with params [-4.3885612  0.99       0.5        1.1      ]
at minimum 0.0741 accepted 1  with params [-4.42346359  0.69453405  0.05720355  1.1       ]
at minimum 0.0723 accepted 1  with params [-4.20044516  0.97997042  0.01        0.94893259]
at minimum 0.0487 accepted 1  with params [-3.81216621  0.99        0.20058844  0.68189463]
at minimum 0.0595 accepted 1  with params [-3.97021096  0.94525578  0.23664229  0.50000042]
at minimum 0.0474 accepted 1  with params [-4.1303226  0.99       0.5        0.5      ]
at minimum 0.0522 accepted 1  with params [-4.26590499  0.99        0.47719455  0.54260833]
at minimum 0.0575 accepted 1  with params [-4.4129758   0.99        0.34137741  0.56535791]
at minimum 0.0707 accepted 1  with params [-4.23633772  0.99        0.01000019  0.5       ]
at minimum 0.0611 accepted 1  with params [-4.60141842  0.90601563  0.21263824  0.5       ]
at minimum 0.0220 accepted 1  with params [-4.8773717   0.67188041  0.5         0.57611758]
at minimum 0.0667 accepted 1  with params [-4.54687981  0.96305675  0.01583539  0.92347857]
at minimum 0.0720 accepted 1  with params [-4.37425603  0.83203884  0.14854212  1.09999845]
at minimum 0.0140 accepted 1  with params [-4.866867    0.50303238  0.5         0.63952803]
at minimum 0.0259 accepted 1  with params [-5.19748224  0.04057495  0.5         0.5       ]
at minimum 0.1157 accepted 1  with params [-5.13909351 -0.1         0.45540744  0.93448923]
at minimum 0.0263 accepted 1  with params [-4.8523295   0.2395926   0.5         0.90952924]
at minimum 0.0619 accepted 1  with params [-4.59083073  0.51204952  0.01486531  0.92123572]
at minimum 0.0659 accepted 1  with params [-4.85916735  0.74296207  0.01        1.1       ]
at minimum 0.0494 accepted 1  with params [-5.12624763  0.67711714  0.01000036  0.63403129]
at minimum 0.0562 accepted 1  with params [-5.50277583  0.64755765  0.01813277  0.7128024 ]
at minimum 0.0514 accepted 1  with params [-5.71255315  0.86430538  0.01        0.68192036]
at minimum 0.0374 accepted 1  with params [-6.          0.82469363  0.4733555   0.62899009]
at minimum 0.0478 accepted 1  with params [-5.87769009  0.32877005  0.5         0.56779429]
at minimum 0.0816 accepted 1  with params [-5.76197436  0.22499654  0.09876942  0.5       ]
at minimum 0.0675 accepted 1  with params [-5.39645947  0.11011655  0.09177809  0.50000078]
at minimum 0.0627 accepted 1  with params [-5.43347371  0.38297381  0.01        0.71375993]
at minimum 0.0605 accepted 1  with params [-5.5916457   0.47617527  0.0100016   1.09999791]
at minimum 0.0730 accepted 1  with params [-5.78407737  0.1642104   0.01000004  1.1       ]
at minimum 0.0794 accepted 1  with params [-6.          0.11642057  0.06724292  1.01956287]
at minimum 0.0861 accepted 1  with params [-5.67196312 -0.1         0.01000009  1.0000064 ]
at minimum 0.0937 accepted 1  with params [-6.         -0.02952851  0.01        1.1       ]
at minimum 0.0652 accepted 1  with params [-5.94176497  0.12038426  0.1750266   1.0999981 ]
at minimum 0.0624 accepted 1  with params [-5.80167735  0.5265806   0.01        1.1       ]
at minimum 0.0750 accepted 1  with params [-5.69836239  0.07367415  0.01        1.1       ]
at minimum 0.0485 accepted 1  with params [-5.93917531  0.33613895  0.32487114  0.85907355]
at minimum 0.0264 accepted 1  with params [-6.          0.29970192  0.5         1.1       ]
at minimum 0.0264 accepted 1  with params [-6.          0.49802067  0.49999829  0.9920091 ]
at minimum 0.0421 accepted 1  with params [-6.          0.2813311   0.34105001  1.09999892]
at minimum 0.0628 accepted 1  with params [-6.          0.6326732   0.07819264  0.76346643]
at minimum 0.0333 accepted 1  with params [-6.          0.96349486  0.01        0.69262591]
at minimum 0.0258 accepted 1  with params [-5.55465492  0.98830204  0.2189729   0.70043449]
at minimum 0.0338 accepted 1  with params [-5.38670074  0.98999586  0.41429729  0.85393458]
at minimum 0.0209 accepted 1  with params [-5.61391033  0.99        0.5         0.61192029]
at minimum 0.0261 accepted 1  with params [-5.72118545  0.83457422  0.49999395  1.08382557]
at minimum 0.0370 accepted 1  with params [-5.58992902  0.85833409  0.5         1.1       ]
at minimum 0.0573 accepted 1  with params [-5.4828145   0.80697094  0.04710831  1.09998766]
at minimum 0.0627 accepted 1  with params [-5.3784497   0.89020433  0.01        1.1       ]
at minimum 0.0676 accepted 1  with params [-4.96232624  0.99        0.16270646  1.1       ]
at minimum 0.0431 accepted 1  with params [-5.2452789   0.98999881  0.01        0.83528645]
at minimum 0.0354 accepted 1  with params [-5.41883422  0.99        0.01        0.5       ]
at minimum 0.0306 accepted 1  with params [-5.46248571  0.98999481  0.23205941  0.74560591]
at minimum 0.0274 accepted 1  with params [-5.90422939  0.76615834  0.5         0.70776059]
at minimum 0.0712 accepted 1  with params [-5.39220244  0.27071139  0.5         1.03606365]
at minimum 0.0624 accepted 1  with params [-5.22519251  0.02062861  0.49999304  0.76725943]
at minimum 0.0787 accepted 1  with params [-4.97562075  0.25294013  0.5         1.02679197]
at minimum 0.0946 accepted 1  with params [-5.41036811 -0.04166643  0.5         1.1       ]
at minimum 0.0718 accepted 1  with params [-5.57653882 -0.1         0.085529    0.85345652]
at minimum 0.0301 accepted 1  with params [-5.40832222 -0.1         0.49852033  0.5       ]
at minimum 0.0285 accepted 1  with params [-5.56854677  0.41925152  0.49999854  0.5       ]
at minimum 0.0403 accepted 1  with params [-5.82514358  0.71503663  0.5         0.5       ]
at minimum 0.0886 accepted 1  with params [-5.98476722  0.29695425  0.01        0.50000013]
at minimum 0.0671 accepted 1  with params [-5.92294824  0.79376886  0.01        0.5       ]
at minimum 0.0628 accepted 1  with params [-5.98080223  0.8569557   0.01        0.5       ]
at minimum 0.0678 accepted 1  with params [-6.          0.99        0.01        0.97152682]
at minimum 0.0294 accepted 1  with params [-5.52624783  0.99        0.35812155  0.5       ]
at minimum 0.0485 accepted 1  with params [-5.16580153  0.98999878  0.01000069  0.5000006 ]
at minimum 0.0305 accepted 1  with params [-5.52119636  0.47737444  0.40899363  0.50000106]
at minimum 0.0521 accepted 1  with params [-5.1431443   0.23506423  0.01        0.88999536]
at minimum 0.0184 accepted 1  with params [-4.74467535 -0.08119576  0.29285717  0.59192948]
at minimum 0.0577 accepted 1  with params [-4.2110838  -0.1         0.23658311  1.04237797]
at minimum 0.0237 accepted 1  with params [-4.65128305  0.39927937  0.5         1.1       ]
at minimum 0.0156 accepted 1  with params [-5.02844571  0.78440935  0.41911977  0.70920264]
at minimum 0.0453 accepted 1  with params [-4.70250436  0.98999991  0.5         0.78932383]
at minimum 0.0592 accepted 1  with params [-4.27526862  0.99        0.33191269  0.5       ]
at minimum 0.0596 accepted 1  with params [-4.1832406   0.98999798  0.31714647  0.5       ]
at minimum 0.0671 accepted 1  with params [-4.01442273  0.99        0.03490652  0.74373929]
at minimum 0.0671 accepted 1  with params [-4.36090574  0.79559344  0.06970831  0.54305251]
at minimum 0.0684 accepted 1  with params [-3.91788862  0.99        0.01        0.68522089]
at minimum 0.0613 accepted 1  with params [-3.56381898  0.99        0.01        0.5       ]
at minimum 0.1057 accepted 0  with params [-3.07046841  0.65242192  0.01        0.5       ]
at minimum 951946312834779264.0000 accepted 0  with params [-3.53195104  0.69705077  0.40438371  0.5       ]
at minimum 100000000000000000000.0000 accepted 0  with params [-3.27985504  0.99        0.01        0.97222054]
at minimum 0.0764 accepted 1  with params [-4.10877881  0.93017906  0.01        1.01711344]
at minimum 0.0195 accepted 1  with params [-3.6243009   0.9152162   0.25037199  0.92946138]
at minimum inf accepted 0  with params [-3.13391469  0.3877923   0.330654    1.1       ]
at minimum 0.0328 accepted 1  with params [-4.06644205  0.51268846  0.5         1.1       ]
at minimum 0.0604 accepted 1  with params [-4.10842584  0.19741672  0.17467407  0.61370806]
at minimum 0.0376 accepted 1  with params [-4.55299244 -0.1         0.3363557   0.5       ]
at minimum 0.0195 accepted 1  with params [-4.80627865 -0.03564829  0.49999983  0.5000002 ]
at minimum 0.0464 accepted 0  with params [-5.11513559  0.1747244   0.5         0.7411411 ]
at minimum 0.0572 accepted 1  with params [-4.46098031  0.26397169  0.2634067   0.5       ]
at minimum 0.0516 accepted 1  with params [-4.23178643  0.0221798   0.5         0.5       ]
at minimum 0.0664 accepted 1  with params [-4.25278859 -0.02496606  0.01        0.69142963]
at minimum 0.0700 accepted 1  with params [-4.40236747 -0.1         0.01        0.5       ]
at minimum 0.0342 accepted 1  with params [-3.89508946  0.01935677  0.45664896  0.5       ]
at minimum 0.0647 accepted 1  with params [-4.37118102 -0.09999969  0.12621013  0.50000017]
at minimum 0.0710 accepted 1  with params [-4.29730822 -0.1         0.01        0.5       ]
at minimum 0.0366 accepted 1  with params [-4.06298499 -0.1         0.39297209  1.08496357]
at minimum 0.0412 accepted 1  with params [-4.26503595 -0.1         0.5         1.1       ]
at minimum 0.0491 accepted 1  with params [-4.88114097 -0.09999966  0.49999985  0.8583572 ]
at minimum 0.0205 accepted 1  with params [-5.27697023  0.35560418  0.49999998  0.50000009]
at minimum 0.0403 accepted 1  with params [-5.40188281  0.18961994  0.27714965  0.5       ]
at minimum 0.0712 accepted 0  with params [-5.27313996 -0.09999942  0.0100002   0.65285695]
at minimum 0.0597 accepted 1  with params [-5.23788607  0.31478086  0.05651979  0.5       ]
at minimum 0.0609 accepted 1  with params [-5.13211449 -0.1         0.01        0.70298253]
at minimum 0.0840 accepted 1  with params [-5.63225606  0.2055208   0.01        0.5       ]
at minimum 0.0865 accepted 1  with params [-6.          0.34995563  0.01        0.50000055]
at minimum 0.0455 accepted 1  with params [-6.          0.09871794  0.5         0.89033606]
at minimum 0.0240 accepted 1  with params [-6.          0.40380771  0.49999981  1.1       ]
at minimum 0.0459 accepted 1  with params [-6.        -0.0391897  0.5        1.1      ]
at minimum 0.0259 accepted 1  with params [-5.97613562  0.49915535  0.42592072  1.09999984]
at minimum 0.0760 accepted 1  with params [-5.83810026  0.23056818  0.18847621  0.53993007]
at minimum 0.0587 accepted 1  with params [-6.          0.10196297  0.40980602  0.79699829]
at minimum 0.0419 accepted 1  with params [-5.82520469 -0.03815918  0.37073251  1.1       ]
at minimum 0.0605 accepted 1  with params [-5.90866516 -0.09999269  0.31841311  1.1       ]
at minimum 0.0647 accepted 1  with params [-6.          0.50352509  0.01        1.1       ]
at minimum 0.0757 accepted 1  with params [-6.         -0.02965058  0.27099756  0.90387868]
at minimum 0.0309 accepted 1  with params [-6.          0.55998315  0.49999965  0.83829907]
at minimum 0.0648 accepted 1  with params [-6.          0.55406995  0.32052515  0.5       ]
at minimum 0.0872 accepted 1  with params [-6.          0.02970697  0.28806464  0.5       ]
at minimum 0.0207 accepted 1  with params [-6.         0.5365662  0.4999975  1.1      ]
at minimum 0.0635 accepted 1  with params [-6.          0.80465039  0.01        1.1       ]
at minimum 0.0583 accepted 1  with params [-5.4462963   0.43003201  0.01        1.08426151]
at minimum 0.0629 accepted 1  with params [-5.95860328  0.61167801  0.01        1.1       ]
at minimum 0.0232 accepted 1  with params [-5.95682996  0.99        0.5         0.7123503 ]
at minimum 0.0291 accepted 1  with params [-5.56880223  0.46334128  0.5         1.1       ]
at minimum 0.0489 accepted 1  with params [-5.46521355  0.00702028  0.49999998  0.98265779]
at minimum 0.0210 accepted 1  with params [-4.95710265 -0.01508855  0.46525961  0.5       ]
at minimum 0.0177 accepted 1  with params [-4.95640616  0.29366841  0.5         0.50155434]
at minimum 0.0190 accepted 1  with params [-5.17200035  0.40516784  0.5         0.50000006]
at minimum 0.0527 accepted 1  with params [-4.68320904  0.82399574  0.24742795  0.56021502]
at minimum 0.0260 accepted 1  with params [-5.27425032  0.38901935  0.4571462   0.75079927]
at minimum 0.0689 accepted 1  with params [-5.75495386  0.1362542   0.0548335   1.06569976]
at minimum 0.0869 accepted 1  with params [-5.72300322 -0.1         0.01000006  1.09999992]
at minimum 0.0958 accepted 1  with params [-5.90970255 -0.1         0.01000176  1.09999678]
at minimum 0.1012 accepted 1  with params [-5.85740884 -0.1         0.01        0.56872178]
at minimum 0.0819 accepted 1  with params [-5.39161203 -0.09999603  0.02757728  0.50000219]
at minimum 0.0971 accepted 1  with params [-5.03540977 -0.1         0.5         0.89273717]
at minimum 0.0275 accepted 1  with params [-4.91577982 -0.1         0.22080732  0.5       ]
at minimum 0.0681 accepted 1  with params [-4.49408817  0.26925411  0.01        0.5       ]
at minimum 0.0511 accepted 1  with params [-3.9481695   0.39847856  0.25514115  0.58411306]
at minimum 0.0706 accepted 1  with params [-3.64780189  0.9899961   0.01        0.5       ]
at minimum 0.0722 accepted 1  with params [-3.82832042  0.99        0.01        0.5       ]
at minimum 0.0276 accepted 1  with params [-3.61638212  0.7824952   0.25760498  0.50000011]
at minimum 100000000000000000000.0000 accepted 0  with params [-3.2914857  0.4933123  0.5        0.5      ]
at minimum inf accepted 0  with params [-3.00260162  0.39085782  0.42529895  0.80583774]
at minimum 100000000000000000000.0000 accepted 0  with params [-3.41128086  0.2189487   0.44491178  0.5       ]
at minimum 0.0718 accepted 1  with params [-4.07960085  0.50017192  0.01        0.5       ]
at minimum 0.0806 accepted 1  with params [-3.84608224  0.35135694  0.01        1.08917986]
at minimum 0.0371 accepted 1  with params [-3.98506671  0.81449503  0.3698389   0.97141859]
at minimum 0.0473 accepted 1  with params [-4.25049069  0.98999699  0.49999865  1.09999834]
at minimum 0.0813 accepted 1  with params [-4.11823383  0.99        0.01        1.1       ]
at minimum 0.0655 accepted 1  with params [-4.44091524  0.99        0.01        0.81536762]
at minimum 0.0639 accepted 1  with params [-4.65047488  0.99        0.01        0.89995339]
at minimum 0.0702 accepted 1  with params [-5.0022676   0.99        0.01000127  1.1       ]
at minimum 0.0519 accepted 1  with params [-5.01900124  0.99        0.5         1.1       ]
at minimum 0.0710 accepted 1  with params [-4.45462904  0.45477569  0.05031932  1.1       ]
at minimum 0.1689 accepted 1  with params [-5.03010286e+00  2.41220989e-04  5.00000000e-01  1.10000000e+00]
at minimum 0.0218 accepted 1  with params [-4.60282232 -0.1         0.5         1.1       ]
at minimum 0.0455 accepted 1  with params [-4.41644341  0.4619914   0.5         1.1       ]
at minimum 0.0502 accepted 1  with params [-4.57954843  0.90539439  0.5         1.1       ]
at minimum 0.0642 accepted 1  with params [-4.40123436  0.41752892  0.01        0.72200101]
at minimum 0.0725 accepted 1  with params [-4.87273059  0.99        0.01        1.1       ]
at minimum 0.0679 accepted 1  with params [-5.09979955  0.98999982  0.09352711  1.0999999 ]
at minimum 0.0695 accepted 1  with params [-5.47983438  0.99        0.03273248  1.1       ]
at minimum 0.0537 accepted 1  with params [-5.65343107  0.7019342   0.06831186  1.1       ]
at minimum 0.0533 accepted 1  with params [-6.          0.45446221  0.17243081  1.1       ]
at minimum 0.0598 accepted 1  with params [-6.          0.50709855  0.23375054  0.71949419]
at minimum 0.0172 accepted 1  with params [-5.7830978   0.71216138  0.49999956  1.09972569]
at minimum 0.0572 accepted 1  with params [-5.38740842  0.99        0.5         1.1       ]
at minimum 0.0735 accepted 1  with params [-5.93481683  0.55560747  0.01        0.60194833]
at minimum 0.0328 accepted 1  with params [-6.          0.99        0.01        0.78885944]
at minimum 0.0165 accepted 1  with params [-5.95302041  0.99        0.46938131  0.56264381]
at minimum 0.0296 accepted 1  with params [-5.81818629  0.99        0.28460537  0.78950666]
at minimum 0.0181 accepted 1  with params [-6.          0.99        0.01000246  0.50000301]
at minimum 0.0271 accepted 1  with params [-6.          0.50186812  0.5         0.94067863]
at minimum 0.1012 accepted 1  with params [-5.93549712  0.99        0.33685824  1.1       ]
at minimum 0.0740 accepted 1  with params [-6.          0.5586986   0.01        0.60219283]
at minimum 0.0333 accepted 1  with params [-5.36421915  0.773368    0.26483385  0.5       ]
at minimum 0.0465 accepted 1  with params [-5.11486657  0.99        0.01        0.61573107]
at minimum 0.0170 accepted 1  with params [-4.75072798  0.30745005  0.32612408  0.71140214]
at minimum 0.0557 accepted 1  with params [-4.82221084 -0.04426393  0.01        0.74788484]
at minimum 0.0620 accepted 1  with params [-5.08731892  0.18398852  0.01000016  0.50000019]
at minimum 0.0535 accepted 1  with params [-4.73354658  0.74706529  0.11972522  0.59316134]
at minimum 0.0556 accepted 1  with params [-4.86762214  0.35990718  0.01        0.98960907]
at minimum 0.0683 accepted 1  with params [-4.47249884  0.53336225  0.01        0.5       ]
at minimum 0.0679 accepted 1  with params [-4.48397634  0.90700833  0.01        0.5       ]
at minimum 0.0600 accepted 1  with params [-4.46601818  0.67124701  0.27631339  0.50000593]
at minimum 0.0210 accepted 1  with params [-3.85362661  0.37019679  0.5         0.98872428]
at minimum 0.3177 accepted 0  with params [-3.66643096  0.62170103  0.5         1.1       ]
at minimum 154.5384 accepted 0  with params [-3.59550436  0.9724958   0.5         1.1       ]
at minimum 0.1575 accepted 1  with params [-3.69073965 -0.1         0.5         1.1       ]
at minimum 0.0410 accepted 1  with params [-4.23396075  0.01009646  0.5         1.1       ]
at minimum 0.0648 accepted 1  with params [-4.37154787  0.55058874  0.01        0.69753406]
at minimum 0.0287 accepted 1  with params [-5.00982337  0.11969288  0.45695472  0.67777963]
at minimum 0.0925 accepted 1  with params [-5.69554508 -0.1         0.01        0.68919165]
at minimum 0.0895 accepted 1  with params [-6.          0.27682138  0.01        0.5       ]
at minimum 0.1013 accepted 1  with params [-6.         -0.1         0.01        0.87620069]
at minimum 0.0595 accepted 1  with params [-5.55989507 -0.1         0.29122453  0.5       ]
at minimum 0.0207 accepted 1  with params [-4.91184542 -0.1         0.46904024  0.5       ]
at minimum 0.0208 accepted 1  with params [-5.16195511  0.52633036  0.32882825  0.5       ]
at minimum 0.0400 accepted 1  with params [-5.78291197  0.99        0.01        0.87009484]
at minimum 0.0518 accepted 1  with params [-5.85360637  0.92226293  0.01        0.5       ]
at minimum 0.0242 accepted 1  with params [-5.63724389  0.99        0.01        0.53449506]
at minimum 0.0741 accepted 1  with params [-6.         0.6687313  0.01       0.5      ]
at minimum 0.0727 accepted 1  with params [-6.          0.3554354   0.01        0.92238565]
at minimum 0.0543 accepted 1  with params [-5.78918129  0.92166558  0.18773685  1.09999886]
at minimum 0.0277 accepted 1  with params [-5.80566458  0.99        0.5         0.77916354]
at minimum 0.0323 accepted 1  with params [-5.47221401  0.91644519  0.28140022  0.95297022]
at minimum 0.0205 accepted 1  with params [-5.77876475  0.98997701  0.39957006  0.50001262]
at minimum 0.0174 accepted 1  with params [-6.          0.99        0.47571833  0.5       ]
at minimum 0.0521 accepted 1  with params [-5.88883006  0.42693807  0.49999966  0.50000041]
at minimum 0.0789 accepted 1  with params [-5.4719772   0.19983102  0.01        0.5       ]
at minimum 0.0815 accepted 1  with params [-5.97050602  0.47260848  0.01        0.5       ]
at minimum 0.0703 accepted 1  with params [-5.59907735  0.08677159  0.19169821  0.5       ]
at minimum 0.0656 accepted 1  with params [-5.08203747 -0.03924828  0.01        0.5       ]
at minimum 0.0718 accepted 1  with params [-5.40222776  0.34093851  0.01000233  0.5       ]
at minimum 0.0465 accepted 1  with params [-5.70671945  0.90557406  0.17449082  0.5       ]
at minimum 0.0227 accepted 1  with params [-5.02236515  0.83906029  0.5         0.99263869]
at minimum 0.0256 accepted 1  with params [-5.73927408  0.44327072  0.5         0.68556791]
at minimum 0.0685 accepted 1  with params [-6.         -0.04767908  0.30331954  1.1       ]
at minimum 0.0980 accepted 1  with params [-6.         -0.1         0.03775201  1.1       ]
at minimum 0.0792 accepted 1  with params [-5.68616233  0.20624875  0.01000075  0.67509897]
at minimum 0.0999 accepted 1  with params [-6.   -0.1   0.01  1.1 ]
at minimum 0.1017 accepted 1  with params [-6.         -0.1         0.01        0.94912066]
at minimum 0.0417 accepted 1  with params [-5.74750176  0.52427982  0.17322961  1.1       ]
at minimum 0.0448 accepted 1  with params [-5.23103027  0.99        0.01        0.5       ]
at minimum 0.0706 accepted 1  with params [-4.80275954  0.88998959  0.01236448  1.1       ]
at minimum 0.0570 accepted 1  with params [-5.47098888  0.61407262  0.01        1.04959036]
at minimum 0.0308 accepted 1  with params [-5.57876319  0.98999675  0.25467905  0.81151835]
at minimum 0.0608 accepted 1  with params [-4.96666957  0.99        0.32758324  1.1       ]
at minimum 0.0347 accepted 1  with params [-4.91667455  0.87998789  0.5         1.1       ]
at minimum 0.0703 accepted 1  with params [-5.49271448  0.99        0.01        1.1       ]
at minimum 0.0597 accepted 1  with params [-4.90301013  0.98999969  0.01        0.93087299]
at minimum 0.0399 accepted 1  with params [-4.88380139  0.99        0.49999772  0.82529556]
at minimum 0.0575 accepted 1  with params [-5.52474596  0.99        0.12515327  1.02562798]
at minimum 0.0287 accepted 1  with params [-5.10998901  0.60268735  0.44105474  0.89984103]
at minimum 0.0741 accepted 1  with params [-4.75523932  0.99        0.01        1.1       ]
at minimum 0.0532 accepted 1  with params [-4.8079445   0.98999986  0.5         1.1       ]
at minimum 0.0632 accepted 1  with params [-4.40641597  0.99        0.23650942  0.99251311]
at minimum 0.0147 accepted 1  with params [-3.84001752  0.33585499  0.5         0.78755068]
at minimum 100000000000000000000.0000 accepted 0  with params [-3.27852207  0.95572358  0.01        1.1       ]
at minimum 0.0322 accepted 1  with params [-3.71242989  0.31318344  0.32132212  0.5       ]
at minimum 0.0301 accepted 1  with params [-3.88675863 -0.0999994   0.5         0.50000033]
at minimum 0.0211 accepted 1  with params [-4.56472945 -0.1         0.40628179  1.1       ]
at minimum 0.0584 accepted 1  with params [-4.33878002 -0.1         0.18049223  1.1       ]
at minimum 0.1249 accepted 1  with params [-5.12053444 -0.1         0.35444335  1.1       ]
at minimum 0.0596 accepted 1  with params [-5.50614376  0.41790389  0.01        1.09999999]
at minimum 0.1025 accepted 1  with params [-6.         -0.1         0.01        0.83002497]
at minimum 0.0631 accepted 1  with params [-6.          0.61911652  0.01        1.1       ]
at minimum 0.0225 accepted 1  with params [-5.30136305 -0.1         0.29934396  0.77593992]
at minimum 0.0131 accepted 1  with params [-5.06016588  0.59196867  0.49999951  0.60972461]
at minimum 0.0506 accepted 1  with params [-5.69424217 -0.09999713  0.49999891  0.50000213]
at minimum 0.0672 accepted 1  with params [-5.35275615  0.44176207  0.01        0.5       ]
at minimum 0.0623 accepted 1  with params [-5.74629596  0.48653395  0.01        1.1       ]
at minimum 0.0459 accepted 1  with params [-5.58801916  0.98999378  0.4999972   0.97162374]
at minimum 0.0779 accepted 1  with params [-5.72376006  0.24140737  0.01000033  0.69714566]
at minimum 0.0289 accepted 1  with params [-5.0320092  -0.1         0.20478751  0.5       ]
at minimum 0.0628 accepted 0  with params [-4.50002454 -0.1         0.01        0.87772718]
at minimum 0.1998 accepted 0  with params [-5.08401861 -0.09999581  0.5         1.09999769]
at minimum 0.0776 accepted 1  with params [-5.55796497  0.29784115  0.01        0.52284009]
at minimum 0.0284 accepted 1  with params [-4.89723312  0.85074621  0.49999852  0.63468186]
at minimum 0.0532 accepted 1  with params [-5.23218431  0.78353674  0.01        0.5       ]
at minimum 0.0361 accepted 1  with params [-6.          0.99        0.5         0.81185974]
at minimum 0.0461 accepted 1  with params [-5.17484174  0.98999922  0.45205451  0.98705583]
at minimum 0.0629 accepted 1  with params [-5.51343439  0.99        0.5         1.1       ]
at minimum 0.0724 accepted 1  with params [-5.53528689  0.99        0.04127961  1.09999675]
at minimum 0.0611 accepted 1  with params [-5.32871481  0.61198558  0.01000001  0.5       ]
at minimum 0.0248 accepted 1  with params [-5.9561985   0.33841802  0.5         1.04948973]
at minimum 0.0327 accepted 1  with params [-5.46930394 -0.08469924  0.3902883   1.1       ]
at minimum 0.0631 accepted 1  with params [-4.80897237  0.45203495  0.01        1.1       ]
at minimum 0.0501 accepted 1  with params [-4.32752515  0.86661352  0.4899858   1.1       ]
at minimum 0.0805 accepted 1  with params [-4.11165963  0.56037442  0.01        1.09999837]
at minimum 0.0650 accepted 1  with params [-4.65463719  0.99        0.01        0.5       ]
at minimum 0.0401 accepted 1  with params [-3.97623725  0.99        0.5         0.5       ]
at minimum 0.0554 accepted 1  with params [-4.4803272  0.99       0.5        0.5      ]
at minimum 0.0135 accepted 1  with params [-5.15389184  0.84487411  0.5         0.74799354]
at minimum 0.0363 accepted 1  with params [-5.21256948  0.99        0.5         0.60237613]
at minimum 0.0649 accepted 1  with params [-4.4954013   0.99        0.18269293  0.5       ]
at minimum 0.0291 accepted 1  with params [-3.67822822  0.99        0.33705203  0.5       ]
at minimum 0.0615 accepted 1  with params [-3.67555119  0.99        0.05214713  0.88924061]
at minimum 0.0304 accepted 1  with params [-3.84425162  0.37743525  0.49999986  1.1       ]
at minimum 1006867529731541885525147735046958329207338293760941072348610107015168.0000 accepted 0  with params [-3.42986539  0.31354988  0.01        0.5       ]
at minimum 0.0280 accepted 1  with params [-3.89905811 -0.1         0.5         1.1       ]
at minimum 0.0213 accepted 1  with params [-4.6132205  -0.1         0.49999996  1.1       ]
at minimum 0.2139 accepted 0  with params [-5.15351726 -0.1         0.5         1.1       ]
at minimum 0.0691 accepted 1  with params [-5.3757097 -0.1        0.01       1.1      ]
at minimum 0.0596 accepted 1  with params [-5.62874405  0.67048671  0.01        1.06984537]
at minimum 0.0623 accepted 1  with params [-5.58382131  0.86140854  0.01000031  1.1       ]
at minimum 0.1058 accepted 1  with params [-6.          0.99        0.11367444  1.09999991]
at minimum 0.1032 accepted 1  with params [-6.          0.98885948  0.5         1.1       ]
at minimum 0.0336 accepted 1  with params [-6.          0.98999993  0.01000003  0.79545397]
at minimum 0.0745 accepted 1  with params [-5.58764795  0.99        0.02411505  1.1       ]
at minimum 0.0599 accepted 1  with params [-5.22519479  0.76152745  0.01000018  1.09999978]
at minimum 0.0261 accepted 1  with params [-5.2375673   0.03394519  0.491641    0.5       ]
at minimum 0.0877 accepted 1  with params [-5.47637837 -0.1         0.01577164  0.5       ]
at minimum 0.0381 accepted 1  with params [-6.          0.69921206  0.49999736  0.64547632]
