./../runners.py:231: RuntimeWarning: invalid value encountered in multiply
  model_input = self.k*x_tm1
./../dsp_utils.py:9: RuntimeWarning: invalid value encountered in double_scalars
  self.state = 1./self.tau*x + (1-1./self.tau)*self.state
at minimum 0.0369 accepted 1  with params [-4.50000000e+00  4.00000000e-01  5.00000000e-02  1.00000000e+00
  5.53423397e-15]
at minimum 0.0843 accepted 1  with params [-4.32804027  0.53140224  0.01        0.96974837  0.29762858]
at minimum 0.4252 accepted 0  with params [-3.88968268e+00  6.80924910e-02  1.00000000e-02  1.10000000e+00
  3.63678964e-08]
at minimum 0.5505 accepted 0  with params [-3.8307281   0.58887926  0.01        1.1         0.06083958]
at minimum 0.0378 accepted 1  with params [-4.71639089  0.50960313  0.31029955  1.09999905  0.        ]
at minimum 0.0312 accepted 1  with params [-4.74742304  0.18003229  0.5         0.64818348  0.48948344]
at minimum 0.1043 accepted 1  with params [-5.22123377  0.01223113  0.5         0.5         0.09161513]
at minimum 0.0575 accepted 1  with params [-5.67217828e+00 -1.00000000e-01  4.99999803e-01  5.00000000e-01
  1.61108724e-06]
at minimum 0.0349 accepted 1  with params [-5.46171451 -0.09999934  0.07958154  0.50000036  0.16954019]
at minimum 0.0180 accepted 1  with params [-5.48309503  0.35625154  0.0100016   0.7267361   0.36382506]
at minimum 0.0901 accepted 1  with params [-5.23098356  0.07801926  0.34262476  0.65250059  0.2784539 ]
at minimum 0.1175 accepted 1  with params [-5.64247061e+00 -1.00000000e-01  5.00000000e-01  1.09265569e+00
  2.03439424e-05]
at minimum 0.1409 accepted 1  with params [-5.20521702e+00  2.56075419e-01  4.99999986e-01  6.69283137e-01
  1.40727181e-05]
at minimum 0.1816 accepted 1  with params [-5.25877338e+00 -9.84213420e-02  5.00000000e-01  7.15505264e-01
  9.31247560e-09]
at minimum 0.0253 accepted 1  with params [-5.38594433  0.04924688  0.13455857  1.1         0.        ]
at minimum 0.1682 accepted 1  with params [-5.04710056  0.21875991  0.31182817  1.03419693  0.12109347]
at minimum 0.1057 accepted 1  with params [-4.85407393e+00  3.76382238e-01  5.00000000e-01  1.10000000e+00
  3.66634835e-06]
at minimum 0.1291 accepted 1  with params [-4.38389906 -0.06947511  0.5         0.66791077  0.24919427]
at minimum 0.0215 accepted 1  with params [-4.63891139  0.4065687   0.07846458  0.5         0.31673218]
at minimum 0.0251 accepted 1  with params [-4.58016861  0.02619372  0.44295652  0.94738345  0.15972845]
at minimum 0.0741 accepted 1  with params [-4.99558092  0.32915329  0.22144447  1.1         0.        ]
at minimum 0.0312 accepted 1  with params [-5.01270596  0.76592815  0.34168914  0.63017403  0.03137805]
at minimum 0.1188 accepted 1  with params [-4.83718277  0.99        0.5         0.5         0.12900611]
at minimum 0.1506 accepted 1  with params [-4.58970845  0.98999983  0.49999999  0.50000003  0.        ]
at minimum 0.0355 accepted 1  with params [-4.51170320e+00  6.88041415e-01  1.21334923e-01  6.05960701e-01
  5.96172252e-24]
at minimum 0.4799 accepted 1  with params [-4.13611259e+00  2.10807737e-01  2.57501398e-01  1.02161713e+00
  4.05413518e-18]
at minimum 0.1790 accepted 1  with params [-4.1307551 -0.1        0.01       1.1        0.       ]
at minimum 0.0418 accepted 1  with params [-4.47253575 -0.1         0.29134376  1.1         0.208287  ]
at minimum 0.0319 accepted 1  with params [-4.62112739e+00 -1.00000000e-01  5.00000000e-01  1.10000000e+00
  2.49334474e-14]
at minimum 0.1099 accepted 1  with params [-4.47129271 -0.09999877  0.499998    0.8502923   0.12076306]
at minimum 0.1605 accepted 1  with params [-4.13053377 -0.09999709  0.23713223  0.61269345  0.        ]
at minimum 0.1160 accepted 1  with params [-3.99716573 -0.1         0.21652782  0.5         0.25213313]
at minimum 0.3161 accepted 1  with params [-4.37425453  0.01535024  0.5         0.97176505  0.        ]
at minimum 0.9128 accepted 0  with params [-3.92654317e+00 -1.00000000e-01  5.00000000e-01  1.10000000e+00
  2.93809378e-20]
at minimum 0.0215 accepted 1  with params [-4.58990822  0.0156144   0.5         0.61507264  0.23621768]
at minimum 0.0204 accepted 1  with params [-4.9841642   0.41108682  0.07760022  1.05487515  0.52216272]
at minimum 0.0210 accepted 1  with params [-4.99417266  0.69051491  0.08099453  0.7925098   0.65602144]
at minimum 0.0577 accepted 1  with params [-4.83748576  0.83879291  0.01        1.02114041  0.80410858]
at minimum 0.3010 accepted 1  with params [-4.62573861  0.98999859  0.01        0.73358733  0.9855922 ]
at minimum 0.0217 accepted 1  with params [-5.02182341  0.68621204  0.01        0.5         1.15157081]
at minimum 0.0234 accepted 1  with params [-5.49932511  0.58701009  0.19892458  0.71144909  1.42706424]
at minimum 0.0338 accepted 1  with params [-5.6916942   0.55741429  0.37802828  0.82318971  1.00349418]
at minimum 0.0153 accepted 1  with params [-5.28234537  0.14288368  0.01        0.8399483   1.14943758]
at minimum 0.0199 accepted 1  with params [-5.02689342  0.41987569  0.01000076  0.51780183  1.49372744]
at minimum 0.0341 accepted 1  with params [-5.30698306  0.55642966  0.26905141  0.5         1.2978987 ]
at minimum 0.0285 accepted 1  with params [-5.58613396  0.38767776  0.24831763  0.65373375  1.10041669]
at minimum 0.0289 accepted 1  with params [-5.71888623  0.83666351  0.31250436  0.5         0.6980886 ]
at minimum 0.1026 accepted 1  with params [-5.40114415  0.99        0.01        0.50000132  0.35984792]
at minimum 0.1830 accepted 1  with params [-5.48344647  0.98999953  0.01        0.72043371  0.10921029]
at minimum 0.0311 accepted 1  with params [-5.79432837  0.90794818  0.01000003  0.61168214  0.43627189]
at minimum 0.0292 accepted 1  with params [-5.35439345  0.53474116  0.20096747  0.5         0.021656  ]
at minimum 0.1822 accepted 0  with params [-5.34951174e+00  9.90000000e-01  1.00000000e-02  7.04601107e-01
  1.31072000e-15]
at minimum 0.0301 accepted 1  with params [-4.9894189   0.84809481  0.36594699  0.5         0.        ]
at minimum 0.3090 accepted 1  with params [-4.83745922  0.99        0.01        0.80501094  0.        ]
at minimum 0.1253 accepted 1  with params [-4.97153147  0.98999999  0.35437001  0.57097413  0.53386203]
at minimum 0.0360 accepted 1  with params [-5.42154834  0.92907293  0.11495681  0.5         0.50053302]
at minimum 0.0917 accepted 1  with params [-5.65433519  0.99        0.47704842  0.5         0.30085521]
at minimum 0.0925 accepted 1  with params [-5.6510972   0.99        0.36340387  0.5         0.69688992]
at minimum 0.0911 accepted 1  with params [-5.94602978  0.99        0.5         0.5         0.29581246]
at minimum 0.0943 accepted 1  with params [-6.         0.99       0.1059763  0.5        0.1064617]
at minimum 0.0789 accepted 1  with params [-5.97634109  0.98606585  0.01        0.5         0.19059552]
at minimum 0.0273 accepted 1  with params [-6.          0.58594589  0.25301842  0.5         0.36970537]
at minimum 0.0257 accepted 1  with params [-6.          0.1733333   0.01645797  1.00613173  0.56359215]
at minimum 0.0432 accepted 1  with params [-6.         -0.1         0.01        1.1         0.93064639]
at minimum 0.0430 accepted 1  with params [-6.         -0.09999971  0.01        1.09999984  0.4154071 ]
at minimum 0.0556 accepted 1  with params [-6.         -0.05312462  0.5         1.1         0.43084515]
at minimum 0.0414 accepted 1  with params [-5.94932658 -0.1         0.07920106  1.07219459  0.05299962]
at minimum 0.0435 accepted 1  with params [-5.90541094 -0.1         0.25060882  1.07619389  0.30826955]
at minimum 0.0175 accepted 1  with params [-5.54788271  0.40438757  0.01        0.7525253   0.31667643]
at minimum 0.0158 accepted 1  with params [-5.05579431  0.53623182  0.01        0.66635363  0.56368145]
at minimum 0.0355 accepted 1  with params [-4.88996084  0.88677118  0.01        0.55203197  0.71032206]
at minimum 0.0357 accepted 1  with params [-5.01779061  0.91129168  0.12175657  0.50000009  0.98440269]
at minimum 0.0344 accepted 1  with params [-5.06964224  0.90297777  0.5         0.53520469  0.43380339]
at minimum 0.0379 accepted 1  with params [-5.07073239  0.86879017  0.17878486  0.78279753  0.65992087]
at minimum 0.0540 accepted 1  with params [-5.45844146  0.97057584  0.36360404  0.5         0.60330341]
at minimum 0.1117 accepted 1  with params [-5.03698642  0.99        0.47458247  0.52298985  0.31415261]
at minimum 0.0924 accepted 1  with params [-5.51033010e+00  9.90000000e-01  5.00000000e-01  5.00000005e-01
  7.58367885e-18]
at minimum 0.0277 accepted 1  with params [-5.98794622e+00  5.80251791e-01  4.99999679e-01  7.23811206e-01
  1.57027129e-12]
at minimum 0.0333 accepted 1  with params [-5.90654299  0.0988597   0.27862651  0.93772725  0.        ]
at minimum 0.0366 accepted 1  with params [-5.54431596 -0.091304    0.01        0.5         0.        ]
at minimum 0.0264 accepted 1  with params [-5.17952897 -0.1         0.0100008   0.50000098  0.18942282]
at minimum 0.0329 accepted 1  with params [-5.60816810e+00 -1.00000000e-01  1.00000000e-02  7.30467966e-01
  1.94818274e-15]
at minimum 0.0512 accepted 1  with params [-5.82105497  0.02935606  0.5         0.74624939  0.28303787]
at minimum 0.0471 accepted 1  with params [-5.89524798 -0.09999995  0.09443497  0.5         0.01140584]
at minimum 0.0270 accepted 1  with params [-5.50305737e+00 -1.00000000e-01  1.00000000e-02  8.08437256e-01
  5.94045463e-29]
at minimum 0.1376 accepted 1  with params [-5.47606897  0.39075499  0.44160321  1.1         0.        ]
at minimum 0.0175 accepted 1  with params [-5.35453934  0.58867878  0.02000896  1.1         0.        ]
at minimum 0.0306 accepted 1  with params [-5.82701222  0.39183582  0.37983178  0.96802536  0.35105273]
at minimum 0.0276 accepted 1  with params [-6.          0.80984006  0.01        1.05115325  0.48129726]
at minimum 0.0180 accepted 1  with params [-6.          0.34878637  0.16322275  1.1         0.27573182]
at minimum 0.0389 accepted 1  with params [-5.99999364  0.88386014  0.13721082  0.95567075  0.74689611]
at minimum 0.0690 accepted 1  with params [-5.61051959  0.83096195  0.38137842  1.1         0.49517594]
at minimum 0.2651 accepted 1  with params [-5.18825026  0.44565184  0.49999927  1.09999911  0.94370821]
at minimum 0.2954 accepted 1  with params [-5.16756428  0.20757898  0.44697404  1.1         0.91911774]
at minimum 0.1214 accepted 1  with params [-5.10028517e+00  2.24848419e-03  5.00000000e-01  5.60126891e-01
  4.19085247e-01]
at minimum 0.0583 accepted 1  with params [-4.67360476 -0.1         0.2942189   1.1         0.92310092]
at minimum 0.0483 accepted 1  with params [-4.12979042 -0.09999789  0.01        0.61580256  0.64418906]
at minimum 0.1848 accepted 1  with params [-3.96272102  0.37417071  0.5         0.5         0.31535172]
at minimum 0.3135 accepted 1  with params [-3.5909916   0.33796136  0.49999992  0.66540398  0.10202158]
at minimum 100000000000000000000.0000 accepted 0  with params [-3.10006634 -0.1         0.5         0.7248129   0.        ]
at minimum 0.2436 accepted 1  with params [-4.20090925  0.68621283  0.45451156  0.58814174  0.        ]
at minimum 0.3099 accepted 1  with params [-4.05047337  0.28433044  0.04928145  0.97487012  0.        ]
at minimum 0.0510 accepted 1  with params [-4.48428569  0.71752918  0.01        0.78053467  0.        ]
at minimum 0.1000 accepted 1  with params [-4.18152126e+00  6.75706271e-01  1.00000000e-02  5.59138458e-01
  2.26676547e-11]
at minimum 0.1646 accepted 1  with params [-3.87932823  0.36901083  0.28449035  0.5         0.        ]
at minimum 0.0739 accepted 1  with params [-4.0939983   0.14567215  0.01        0.55834369  0.36532004]
at minimum 0.0600 accepted 1  with params [-3.8559046   0.06082841  0.01        0.5         0.71337002]
at minimum 0.0228 accepted 1  with params [-4.45945101  0.19584844  0.01        0.50276131  0.45867899]
at minimum 0.1906 accepted 1  with params [-4.87647142e+00  2.66274707e-03  5.00000000e-01  9.89616178e-01
  5.49992396e-01]
at minimum 0.0299 accepted 1  with params [-4.57738942  0.30347436  0.01000059  1.09999923  0.18272418]
at minimum 0.1295 accepted 1  with params [-4.28688870e+00  2.11123071e-01  2.25118653e-01  8.89717358e-01
  9.65563733e-14]
at minimum 0.1933 accepted 1  with params [-4.80886624 -0.1         0.5         1.1         0.        ]
at minimum 0.0254 accepted 1  with params [-4.68627505  0.33817411  0.49999997  0.90438461  0.2043365 ]
at minimum 0.2877 accepted 0  with params [-4.43297044 -0.02940701  0.5         1.1         0.        ]
at minimum 0.0371 accepted 1  with params [-4.79921255  0.86385408  0.46615058  0.5         0.39016522]
at minimum 0.1149 accepted 1  with params [-5.1515494   0.71427028  0.5         1.01485044  0.91041183]
at minimum 0.0245 accepted 1  with params [-5.47135929  0.77711499  0.17185619  0.57223706  1.52581956]
at minimum 0.0184 accepted 1  with params [-5.38582174  0.63008388  0.01        1.1         1.57021217]
at minimum 0.0147 accepted 1  with params [-5.06421473  0.21483532  0.05091845  0.80576508  1.02605194]
at minimum 0.0796 accepted 1  with params [-5.01934969 -0.1         0.5         0.51949903  1.44808362]
at minimum 0.0513 accepted 1  with params [-5.62377405  0.25234959  0.5         0.5         1.20886923]
at minimum 0.0243 accepted 1  with params [-5.53706306 -0.1         0.01000008  1.02811105  1.51852633]
at minimum 0.0420 accepted 1  with params [-5.96481935 -0.1         0.01        1.1         2.09557849]
at minimum 0.0306 accepted 1  with params [-5.99999888  0.30738067  0.35305645  0.68360703  2.045077  ]
at minimum 0.0306 accepted 1  with params [-5.90335264  0.57836305  0.5         0.5         2.61373897]
at minimum 0.0921 accepted 1  with params [-6.          0.99        0.45092736  0.5         2.89181153]
at minimum 0.3166 accepted 1  with params [-6.          0.99        0.5         1.01743413  3.1570595 ]
at minimum 0.3694 accepted 1  with params [-5.91422953  0.99        0.5         1.1         2.97827663]
at minimum 0.3976 accepted 1  with params [-5.46885071  0.99        0.49312973  1.1         2.68586173]
at minimum 0.3728 accepted 1  with params [-5.75203963  0.99        0.5         1.09999991  2.82379702]
at minimum 0.0165 accepted 1  with params [-5.81498166  0.62867651  0.03586792  0.86696822  3.11535531]
at minimum 0.0249 accepted 1  with params [-6.          0.72701674  0.01        0.5         3.31870547]
at minimum 0.2132 accepted 1  with params [-6.          0.99        0.01        0.82119083  3.11820348]
at minimum 0.0178 accepted 1  with params [-6.          0.56377245  0.01000024  0.82389433  2.88033266]
at minimum 0.0915 accepted 1  with params [-6.          0.98999577  0.4940416   0.5         2.27308822]
at minimum 0.0373 accepted 1  with params [-5.87499721  0.93061326  0.49999789  0.50000208  2.16409402]
at minimum 0.0321 accepted 1  with params [-6.          0.39005933  0.5         0.60102874  2.65303666]
at minimum 0.0472 accepted 1  with params [-6.         -0.04340555  0.01        0.74631368  3.1340447 ]
at minimum 0.0441 accepted 1  with params [-5.55038942 -0.1         0.01        0.76192477  3.0800849 ]
at minimum 0.0557 accepted 1  with params [-6.         -0.1         0.5         1.09999999  3.63058475]
at minimum 0.0333 accepted 1  with params [-6.          0.29641742  0.5         0.63224436  3.38713063]
at minimum 0.0450 accepted 1  with params [-5.56502478  0.02234978  0.0643551   0.89557836  3.42097102]
at minimum 0.0158 accepted 1  with params [-6.          0.54777487  0.20285151  1.1         3.97154417]
at minimum 0.0214 accepted 1  with params [-6.          0.55143517  0.5         0.73359984  3.98668778]
at minimum 0.1548 accepted 1  with params [-5.5254585   0.99        0.18466206  0.68716316  3.89318952]
at minimum 0.4147 accepted 1  with params [-5.68036666  0.99        0.5         1.1         4.        ]
at minimum 0.3692 accepted 1  with params [-6.    0.99  0.01  1.1   4.  ]
at minimum 0.3991 accepted 1  with params [-5.74994087  0.99        0.46830595  1.1         3.51488076]
at minimum 0.0819 accepted 1  with params [-5.9966537   0.97306955  0.15575879  0.71745971  3.09902357]
at minimum 0.0298 accepted 1  with params [-6.          0.38675349  0.01        0.55471126  2.50665468]
at minimum 0.0184 accepted 1  with params [-6.          0.31633311  0.01        1.06357368  2.05868097]
at minimum 0.0441 accepted 1  with params [-5.99999783 -0.09999959  0.15790237  1.0569551   1.80870376]
at minimum 0.0396 accepted 1  with params [-5.87438518 -0.09999978  0.01000015  1.0999999   2.48312766]
at minimum 0.0295 accepted 1  with params [-5.50588369e+00  3.30141547e-03  1.00000000e-02  1.10000000e+00
  2.99012297e+00]
at minimum 0.0298 accepted 1  with params [-4.90279994 -0.1         0.5         1.1         3.03900518]
at minimum 0.0227 accepted 1  with params [-4.54662613  0.37023021  0.43003057  0.63084185  2.92784466]
at minimum 0.0329 accepted 1  with params [-4.03411628  0.33627616  0.5         0.68633607  2.54255172]
at minimum 0.0308 accepted 1  with params [-4.29381627 -0.1         0.5         0.70005254  2.81576356]
at minimum 0.0171 accepted 1  with params [-3.65040277  0.56178337  0.41705983  0.97718423  3.19221699]
at minimum 0.0929 accepted 1  with params [-3.73159315  0.99        0.5         0.5         3.66524539]
at minimum 0.0927 accepted 1  with params [-4.09414739  0.99        0.5         0.5         4.        ]
at minimum 0.0179 accepted 1  with params [-3.97725209  0.70958634  0.5         0.91960104  3.95468968]
at minimum 0.0161 accepted 1  with params [-4.22827617  0.57981862  0.27907235  1.1         4.        ]
at minimum 0.0292 accepted 1  with params [-3.90922541  0.25497069  0.14151852  1.1         3.9020555 ]
at minimum 100000000000000000000.0000 accepted 0  with params [-3.2589098   0.07157897  0.5         1.1         4.        ]
at minimum 100000000000000000000.0000 accepted 0  with params [-3.25345965  0.63907335  0.01        1.06232146  3.65163131]
at minimum 100000000000000000000.0000 accepted 0  with params [-3.30093582  0.49042963  0.01        1.1         4.        ]
at minimum 0.0373 accepted 1  with params [-4.58448519  0.16515493  0.01        1.1         4.        ]
at minimum 0.0171 accepted 1  with params [-4.7948278   0.65987314  0.1584812   1.1         3.99999998]
at minimum 0.0582 accepted 1  with params [-5.00521179 -0.1         0.49999964  1.1         4.        ]
at minimum 0.0162 accepted 1  with params [-4.41546491  0.576264    0.5         1.1         4.        ]
at minimum 0.0242 accepted 1  with params [-5.09439749  0.37208938  0.5         0.73283364  3.50638577]
at minimum 0.0254 accepted 1  with params [-5.70448251  0.24410165  0.49999938  1.1         3.55633191]
at minimum 0.0347 accepted 1  with params [-5.84291177  0.89322791  0.5         0.76858048  3.170181  ]
at minimum 0.0940 accepted 1  with params [-5.33518198  0.99        0.01000022  0.50000027  3.00238512]
at minimum 0.0940 accepted 1  with params [-4.99736888  0.99        0.01        0.5         2.80350582]
at minimum 0.0225 accepted 1  with params [-4.7026241   0.81018294  0.5         0.50000076  2.64936355]
at minimum 0.1624 accepted 1  with params [-4.52994673  0.99        0.01472622  0.6278051   1.9972636 ]
at minimum 0.0392 accepted 1  with params [-3.92720668  0.9066663   0.01        0.5         1.64925428]
at minimum 0.0171 accepted 1  with params [-4.64281408  0.44488805  0.46676876  0.80006276  3.06045545]
at minimum 0.0268 accepted 1  with params [-5.19687619  0.19981013  0.31738328  1.1         3.39687223]
at minimum 0.0134 accepted 1  with params [-5.16771714  0.50455304  0.08331665  1.09999985  2.85310666]
at minimum 0.4887 accepted 0  with params [-4.88343337  0.99        0.29887128  1.1         2.76770906]
at minimum 0.0417 accepted 1  with params [-5.80716456 -0.07306893  0.21050248  1.1         3.04709664]
at minimum 0.0508 accepted 1  with params [-6.         -0.1         0.38501005  0.5         2.50127975]
at minimum 0.0462 accepted 1  with params [-6.         -0.1         0.19269585  0.92304758  1.90509764]
at minimum 0.0236 accepted 1  with params [-5.64358126  0.28502718  0.01        0.69010445  2.33132843]
at minimum 0.0374 accepted 1  with params [-5.53246211  0.64395639  0.47982932  0.50000507  2.25781975]
at minimum 0.0385 accepted 1  with params [-5.45457246  0.07802344  0.27199144  0.5         1.84839124]
at minimum 0.0281 accepted 1  with params [-5.0185296   0.64688967  0.17039932  0.99804548  1.94415459]
at minimum 0.0126 accepted 1  with params [-5.03030327  0.34660476  0.01        0.84902178  1.41785751]
at minimum 0.0131 accepted 1  with params [-5.53795093  0.29262167  0.01        1.1         1.24944302]
at minimum 0.0122 accepted 1  with params [-5.24301795  0.23447542  0.01        1.1         1.64594136]
at minimum 0.0918 accepted 1  with params [-5.46795434  0.14256506  0.5         0.66962602  1.21778744]
at minimum 0.0774 accepted 1  with params [-4.84436768  0.22618502  0.5         1.1         1.73008581]
at minimum 0.0415 accepted 1  with params [-5.35830007  0.49074561  0.21765633  1.1         1.29689729]
at minimum 0.0123 accepted 1  with params [-5.37598882  0.35107319  0.01        1.1         1.88459671]
at minimum 0.0228 accepted 1  with params [-4.72702493  0.11017965  0.01        0.66455419  2.49846535]
at minimum 0.0298 accepted 1  with params [-4.76658188 -0.1         0.41785531  0.5         2.05859972]
at minimum 0.0918 accepted 1  with params [-4.16155149 -0.09999924  0.5         1.09999956  1.69892949]
at minimum 0.3768 accepted 1  with params [-3.95684819 -0.1         0.43505835  1.1         1.0561192 ]
