./../runners.py:177: RuntimeWarning: invalid value encountered in multiply
  model_input = self.k*x_tm1
./../dsp_utils.py:9: RuntimeWarning: invalid value encountered in double_scalars
  self.state = 1./self.tau*x + (1-1./self.tau)*self.state
/scratch/ar2342/miconda3/envs/eb_hyperacuity3/lib/python3.9/site-packages/scipy/optimize/_numdiff.py:576: RuntimeWarning: invalid value encountered in subtract
  df = fun(x) - f0
at minimum 0.1474 accepted 1  with params [-4.50000096  0.40000038  0.04999997  0.99999968]
at minimum 0.1406 accepted 1  with params [-4.64205564  0.45842419  0.01        1.08212774]
at minimum 0.1037 accepted 1  with params [-5.05646534  0.03307761  0.01        1.1       ]
at minimum 0.0375 accepted 1  with params [-5.09737728  0.15426721  0.32291967  1.09999958]
at minimum 0.0510 accepted 1  with params [-4.71099858  0.43518511  0.49999826  1.09999964]
at minimum 0.0372 accepted 1  with params [-5.04875712 -0.02763566  0.14439906  1.1       ]
at minimum 0.0387 accepted 1  with params [-5.46386854  0.19881996  0.4999988   0.7275784 ]
at minimum 0.1185 accepted 1  with params [-5.93955067  0.38519016  0.5         0.66592678]
at minimum 0.1061 accepted 1  with params [-5.70157887  0.04675648  0.49999328  0.57286638]
at minimum 0.0999 accepted 1  with params [-5.91240743 -0.1         0.5         1.07230864]
at minimum 0.1595 accepted 1  with params [-5.55325514 -0.09999978  0.03327638  1.09999979]
at minimum 0.1891 accepted 1  with params [-5.83215719 -0.1         0.01        1.1       ]
at minimum 0.1916 accepted 1  with params [-5.86884732 -0.1         0.01000004  1.08045534]
at minimum 0.0817 accepted 1  with params [-5.62693008 -0.1         0.45023486  0.74868566]
at minimum 0.1336 accepted 1  with params [-6.          0.00990384  0.35705097  1.1       ]
at minimum 0.1807 accepted 1  with params [-6.         -0.06757028  0.28076246  0.60849523]
at minimum 0.1709 accepted 1  with params [-6.         -0.1         0.45255398  0.5       ]
at minimum 0.1713 accepted 1  with params [-5.68895118  0.08364325  0.05451099  0.73634826]
at minimum 0.1728 accepted 1  with params [-5.93177731  0.46802532  0.01        0.62381569]
at minimum 0.0773 accepted 1  with params [-5.51156715  0.92535722  0.46437997  0.5       ]
at minimum 0.1042 accepted 1  with params [-5.24220035  0.98999778  0.07848487  0.54013712]
at minimum 0.1236 accepted 1  with params [-4.77263316  0.98999876  0.33666721  0.86286602]
at minimum 0.1267 accepted 1  with params [-4.44221781  0.98999588  0.43881749  0.95543825]
at minimum 0.1181 accepted 1  with params [-4.81104309  0.99        0.5         1.1       ]
at minimum 0.1049 accepted 1  with params [-5.0181792   0.99        0.5         0.69572988]
at minimum 0.1069 accepted 1  with params [-5.03140076  0.9899885   0.5         0.64517058]
at minimum 0.1188 accepted 1  with params [-4.73954405  0.99        0.47619984  0.9828317 ]
at minimum 0.0821 accepted 1  with params [-4.73744137  0.6769245   0.49999997  0.81052601]
at minimum 0.1598 accepted 1  with params [-4.51599751  0.48815909  0.04209872  0.5       ]
at minimum 0.1572 accepted 1  with params [-4.4334517   0.80043695  0.01        0.68610849]
at minimum 0.1382 accepted 1  with params [-4.28604522  0.39566157  0.42115753  0.5       ]
at minimum 0.1672 accepted 1  with params [-4.0558064  -0.01987921  0.05096224  0.61540148]
at minimum 0.1469 accepted 1  with params [-4.5344674  -0.09999855  0.01        0.78802819]
at minimum 0.0336 accepted 1  with params [-4.85077984 -0.1         0.49586548  0.94508998]
at minimum 0.0746 accepted 1  with params [-5.21868448  0.08490939  0.12613983  0.93202439]
at minimum 0.1049 accepted 1  with params [-5.28279694  0.31656642  0.04508129  1.1       ]
at minimum 0.1102 accepted 1  with params [-5.3189625   0.59826516  0.01        0.97031896]
at minimum 0.0193 accepted 1  with params [-5.01053433  0.13739387  0.22685968  1.07986433]
at minimum 0.0798 accepted 1  with params [-4.82117466 -0.1         0.09154005  0.99556998]
at minimum 0.0915 accepted 1  with params [-4.40616828 -0.1         0.36713704  1.1       ]
at minimum 0.0253 accepted 1  with params [-4.87866807 -0.09999996  0.34681154  0.79205584]
at minimum 0.1307 accepted 1  with params [-4.43563844 -0.09999997  0.37476347  0.51317336]
at minimum 0.1372 accepted 1  with params [-4.39677155  0.27722107  0.5         0.5       ]
at minimum 0.1357 accepted 1  with params [-4.17372493  0.57202343  0.5         0.5       ]
at minimum 0.1211 accepted 1  with params [-3.99358434  0.58799118  0.5         0.5       ]
at minimum 3323932310753287639389401744697706559421022208.0000 accepted 0  with params [-3.49813134  0.75388766  0.3966648   0.55564537]
at minimum 0.1338 accepted 1  with params [-4.18547705  0.11652285  0.5         0.5       ]
at minimum 0.1547 accepted 1  with params [-3.97850306  0.53206161  0.13766154  0.75885842]
at minimum 0.1815 accepted 1  with params [-3.79590596  0.62545296  0.01        1.1       ]
at minimum 0.1712 accepted 1  with params [-3.81234513  0.422705    0.01        0.61291963]
at minimum 0.0632 accepted 1  with params [-3.57475692  0.9763651   0.3028734   0.5       ]
at minimum 0.1488 accepted 1  with params [-3.99527785  0.81027586  0.30347052  0.5000023 ]
at minimum 0.1738 accepted 0  with params [-4.0453186  0.5416748  0.01       0.5      ]
at minimum 0.1232 accepted 1  with params [-4.20767913  0.43777942  0.5         0.67937514]
at minimum 0.1024 accepted 1  with params [-3.85586136  0.87201851  0.5         0.5       ]
at minimum 0.1720 accepted 1  with params [-4.13818992  0.69215697  0.01        0.9946616 ]
at minimum 0.1634 accepted 1  with params [-4.4013581   0.99        0.01        1.01933873]
at minimum 0.1151 accepted 1  with params [-4.31439451  0.52726193  0.495963    1.1       ]
at minimum 0.1156 accepted 1  with params [-4.33975924  0.24244814  0.43414107  1.00783832]
at minimum 0.0800 accepted 1  with params [-4.75754729  0.21167653  0.49999941  0.50000046]
at minimum 0.0449 accepted 1  with params [-5.07180228 -0.1         0.46269476  0.5       ]
at minimum 0.1800 accepted 0  with params [-5.56361109 -0.1         0.01        0.75886541]
at minimum 0.1518 accepted 1  with params [-4.71194738  0.03548432  0.01000112  0.50000137]
at minimum 0.1194 accepted 1  with params [-4.50785763 -0.1         0.4699274   0.5       ]
at minimum 0.0338 accepted 1  with params [-4.74368754  0.01744788  0.46993849  0.80849825]
at minimum 0.1077 accepted 1  with params [-4.50859056  0.45651475  0.5         0.86200768]
at minimum 0.1187 accepted 1  with params [-4.48486686  0.41870549  0.46837935  0.71072947]
at minimum 0.1359 accepted 1  with params [-4.13690533  0.95455214  0.5         0.5       ]
at minimum 0.1555 accepted 1  with params [-4.50422452  0.99        0.21352542  0.5       ]
at minimum 0.1305 accepted 1  with params [-5.02309778  0.98923122  0.01        0.5       ]
at minimum 0.1400 accepted 1  with params [-4.71977759  0.99        0.01        0.75649149]
at minimum 0.1018 accepted 1  with params [-5.02549528  0.4692713   0.01        1.1       ]
at minimum 0.1190 accepted 1  with params [-5.40917394  0.71338651  0.01        0.73952769]
at minimum 0.1095 accepted 1  with params [-5.76550757  0.76952424  0.24471228  0.71731335]
at minimum 0.1766 accepted 1  with params [-6.          0.55689859  0.01        0.5       ]
at minimum 0.0917 accepted 1  with params [-5.56681752  0.90592311  0.01        0.83294176]
at minimum 0.0731 accepted 1  with params [-5.62097947  0.99        0.37122954  0.5       ]
at minimum 0.0521 accepted 1  with params [-6.    0.99  0.5   0.5 ]
at minimum 0.0563 accepted 1  with params [-5.66172215  0.50355205  0.38239623  1.00023365]
at minimum 0.0912 accepted 1  with params [-5.3798174   0.2217008   0.28127445  0.54180729]
at minimum 0.0339 accepted 1  with params [-5.33830166  0.04561712  0.37484558  0.7985426 ]
at minimum 0.1507 accepted 1  with params [-5.42197003  0.02828323  0.02261769  0.85143959]
at minimum 0.1477 accepted 1  with params [-5.79380611  0.20224301  0.34803621  0.50459633]
at minimum 0.1010 accepted 1  with params [-5.71145697 -0.1         0.5         0.63719386]
at minimum 0.1214 accepted 1  with params [-5.79951961  0.45171492  0.5         0.5       ]
at minimum 0.1068 accepted 1  with params [-5.72628233  0.43034455  0.5         0.50000346]
at minimum 0.1117 accepted 1  with params [-6.          0.63293801  0.37503176  0.87934694]
at minimum 0.0444 accepted 1  with params [-5.52034588  0.96616659  0.37937294  1.04372192]
at minimum 0.0369 accepted 1  with params [-6.          0.98997938  0.44858428  0.60833307]
at minimum 0.0281 accepted 1  with params [-6.          0.98999306  0.34670095  0.77759761]
at minimum 0.1448 accepted 1  with params [-5.65119551  0.50552694  0.01        0.96660648]
at minimum 0.1155 accepted 1  with params [-5.42391221  0.57623709  0.11707628  0.67037771]
at minimum 0.1699 accepted 1  with params [-5.95270533  0.64674837  0.01        0.5       ]
at minimum 0.1229 accepted 1  with params [-5.54476323  0.13828426  0.12823391  1.03115318]
at minimum 0.1554 accepted 1  with params [-5.7385184  -0.09999944  0.26757175  0.61039471]
at minimum 0.1788 accepted 1  with params [-6.         -0.09999716  0.36691923  0.50000145]
at minimum 0.1803 accepted 1  with params [-5.59673305 -0.1         0.01        0.7953928 ]
at minimum 0.0540 accepted 1  with params [-5.24541977 -0.1         0.42336002  0.5       ]
at minimum 0.1713 accepted 1  with params [-5.52150734 -0.09999991  0.0807015   0.55967499]
at minimum 0.2051 accepted 1  with params [-5.91951586 -0.1         0.01        0.52512053]
at minimum 0.2002 accepted 1  with params [-6.         -0.1         0.01        1.07389828]
at minimum 0.1018 accepted 1  with params [-6.          0.06691786  0.5         1.08054955]
at minimum 0.1688 accepted 1  with params [-6.         -0.1         0.22531695  1.1       ]
at minimum 0.1487 accepted 1  with params [-5.41478192 -0.1         0.07537424  0.74004036]
at minimum 0.1361 accepted 1  with params [-5.72303309 -0.09999744  0.43558104  0.50000136]
at minimum 0.1660 accepted 1  with params [-5.5803525   0.01717213  0.14396824  0.5       ]
at minimum 0.1501 accepted 1  with params [-5.1496465  -0.0999957   0.01        0.50000237]
at minimum 0.1730 accepted 1  with params [-5.37170058 -0.1         0.01        0.52399258]
at minimum 0.0333 accepted 1  with params [-5.32651746  0.34081712  0.49999998  0.65452803]
at minimum 0.1358 accepted 1  with params [-5.43275389  0.76868953  0.01206174  0.50000001]
at minimum 0.1365 accepted 1  with params [-5.87530693  0.79751272  0.01        0.79251992]
at minimum 0.0486 accepted 1  with params [-6.          0.97722786  0.4024431   1.09999977]
at minimum 0.0749 accepted 1  with params [-6.          0.69717739  0.49999827  1.09999788]
at minimum 0.0580 accepted 1  with params [-6.          0.98999429  0.5         1.09999686]
at minimum 0.0543 accepted 1  with params [-5.46159114  0.99        0.5         1.1       ]
at minimum 0.0892 accepted 1  with params [-5.2929206   0.86861576  0.05054359  0.81309955]
at minimum 0.1398 accepted 1  with params [-4.91265147  0.58265323  0.01        0.5       ]
at minimum 0.0938 accepted 1  with params [-4.88610557  0.59650655  0.11754035  0.90936129]
at minimum 0.0341 accepted 1  with params [-5.0088685   0.6301506   0.5         0.74397321]
at minimum 0.1328 accepted 1  with params [-4.78720256  0.89176591  0.33387037  0.5       ]
at minimum 0.1357 accepted 1  with params [-4.46260266  0.78889836  0.29114383  0.751005  ]
at minimum 0.1423 accepted 1  with params [-4.67166355  0.67390013  0.01        1.1       ]
at minimum 0.1679 accepted 1  with params [-4.38818737  0.9899988   0.01        1.1       ]
at minimum 0.1800 accepted 1  with params [-4.0661898   0.98999984  0.01000002  1.09999998]
at minimum 0.1043 accepted 1  with params [-3.78044267  0.98999924  0.27396119  1.08872124]
at minimum 0.0840 accepted 1  with params [-3.9876778  0.99       0.5        1.1      ]
at minimum 4768848725879039555285943910020532928512.0000 accepted 0  with params [-3.52758793  0.99        0.5         1.1       ]
at minimum 0.1703 accepted 1  with params [-3.87733476  0.86942445  0.01        0.74790424]
at minimum 0.1999 accepted 1  with params [-3.41661196  0.47201706  0.02823599  1.1       ]
at minimum 0.1719 accepted 1  with params [-3.98206971  0.74841137  0.01        0.90333504]
at minimum 0.1362 accepted 1  with params [-4.1762403   0.98999963  0.49999963  0.50000027]
at minimum 0.1258 accepted 1  with params [-4.24935096  0.98999987  0.49999996  0.65080091]
at minimum 0.1309 accepted 1  with params [-4.06527982  0.91006041  0.5         0.5       ]
at minimum 0.1393 accepted 1  with params [-4.51166962  0.84483001  0.21343451  0.91005952]
at minimum 0.1521 accepted 1  with params [-4.14929075  0.50093088  0.18737911  0.70533675]
at minimum 0.1805 accepted 1  with params [-4.01828107  0.1431462   0.01        1.1       ]
at minimum 304652358733302261738686564018572552256019977349032005315940788994048.0000 accepted 0  with params [-3.46827913 -0.1         0.49953823  1.1       ]
at minimum 0.1604 accepted 1  with params [-4.424103    0.26190225  0.01        1.1       ]
at minimum 0.1241 accepted 1  with params [-4.84774655  0.74464914  0.01        0.84370473]
at minimum 0.1581 accepted 1  with params [-4.42103444  0.4306457   0.1566619   0.5       ]
at minimum 0.0571 accepted 1  with params [-4.78495838  0.09864914  0.29042178  0.69393574]
at minimum 0.1259 accepted 0  with params [-4.66814225  0.6888837   0.5         0.5       ]
at minimum 0.1156 accepted 1  with params [-4.42767943 -0.1         0.25270173  1.09999782]
at minimum 0.0975 accepted 1  with params [-4.14128664 -0.1         0.5         1.01666648]
at minimum 0.0798 accepted 1  with params [-4.65446821 -0.1         0.5         0.5       ]
at minimum 0.1603 accepted 1  with params [-4.22876758 -0.1         0.18891832  0.5       ]
at minimum 0.1377 accepted 1  with params [-4.06755224  0.10254379  0.24878272  0.81940709]
at minimum 0.1360 accepted 1  with params [-4.48353355  0.3164412   0.4999996   0.50000049]
at minimum 0.0422 accepted 1  with params [-4.73056568 -0.1         0.5         0.68569667]
at minimum 0.1424 accepted 0  with params [-4.87490589  0.31195896  0.01        0.50000003]
at minimum 0.0759 accepted 1  with params [-4.46140042 -0.1         0.5         1.1       ]
at minimum 0.1111 accepted 1  with params [-4.2798895  -0.1         0.49999764  1.1       ]
at minimum 0.1253 accepted 1  with params [-4.41104815  0.30251519  0.4720275   0.71157751]
at minimum 0.1626 accepted 1  with params [-4.23239125  0.75050989  0.04980163  0.84510652]
at minimum 0.1721 accepted 1  with params [-3.6792338   0.96225781  0.01        0.5       ]
at minimum 0.1707 accepted 1  with params [-3.94844062  0.37352881  0.01        0.63782114]
at minimum 0.1701 accepted 1  with params [-4.2460001   0.39576681  0.01000029  0.50000035]
at minimum 0.1421 accepted 1  with params [-4.39438442  0.48510484  0.23363244  1.04421205]
at minimum 0.0954 accepted 1  with params [-4.45636782 -0.1         0.26186565  1.1       ]
at minimum 0.0979 accepted 1  with params [-4.14740648 -0.1         0.5         1.07762118]
at minimum 0.1148 accepted 1  with params [-4.08737582 -0.1         0.49999803  0.61272652]
at minimum 0.0924 accepted 1  with params [-4.66127879  0.40704407  0.5         0.60900006]
at minimum 0.1339 accepted 1  with params [-4.12186167  0.53189343  0.49999972  0.5       ]
at minimum 0.1077 accepted 1  with params [-3.64297436  0.7492648   0.26208766  0.5       ]
at minimum 0.1750 accepted 1  with params [-3.90652474  0.63341239  0.01000013  0.96681453]
at minimum 0.1314 accepted 1  with params [-4.51191991  0.8090109   0.33909591  1.1       ]
at minimum 0.1274 accepted 1  with params [-4.19845669  0.61908532  0.37398489  1.09999963]
at minimum 0.0681 accepted 1  with params [-3.90017795  0.61404279  0.5         1.1       ]
at minimum 16677705765577230802969227491714279470312456192.0000 accepted 0  with params [-3.51919599  0.88033815  0.5         0.77053572]
at minimum 0.1201 accepted 1  with params [-4.44543793  0.96097934  0.5         1.09999971]
at minimum 0.1577 accepted 0  with params [-4.48523797  0.99        0.01        0.62296277]
at minimum 0.1225 accepted 1  with params [-4.40732361  0.99        0.5         0.87099444]
at minimum 0.1129 accepted 1  with params [-4.19358978  0.46189713  0.5         0.73850504]
at minimum 0.1403 accepted 1  with params [-4.44574436  0.58469214  0.5         0.5       ]
at minimum 0.1154 accepted 1  with params [-4.13246497  0.80809459  0.49999986  0.73866344]
at minimum 0.0779 accepted 1  with params [-3.95107545  0.69794189  0.5         1.1       ]
at minimum 0.0929 accepted 1  with params [-3.88768368  0.38873315  0.41787431  0.74468115]./../fitting_utils.py:28: RuntimeWarning: Mean of empty slice
  pooling_fun = lambda x,y: np.nanmean((x-y)**2)

at minimum 0.1304 accepted 1  with params [-4.2361215   0.47802618  0.49999194  0.57578432]
at minimum 0.1712 accepted 1  with params [-4.09644348  0.02225962  0.04006216  0.5       ]
at minimum 0.1678 accepted 1  with params [-4.33469562  0.52344963  0.01        0.5       ]
at minimum 0.1391 accepted 1  with params [-4.92474825  0.54115955  0.01        0.5       ]
at minimum 0.0629 accepted 1  with params [-5.53420533  0.98999997  0.01926704  0.63738017]
at minimum 0.0821 accepted 1  with params [-5.25535805  0.98999687  0.20590127  0.76085906]
at minimum 0.0358 accepted 1  with params [-5.65405029  0.96831831  0.5         0.99932446]
at minimum 0.0501 accepted 1  with params [-5.72063514  0.99        0.42177801  1.1       ]
at minimum 0.0391 accepted 1  with params [-5.85936108  0.99        0.5         0.62435777]
at minimum 0.0589 accepted 1  with params [-6.    0.99  0.01  1.1 ]
at minimum 0.0584 accepted 1  with params [-5.99999998  0.98999913  0.36513247  1.1       ]
at minimum 0.0793 accepted 1  with params [-5.58340662  0.74838261  0.5         0.5       ]
at minimum 0.0774 accepted 1  with params [-5.57506093  0.99        0.08855057  0.5       ]
at minimum 0.1363 accepted 1  with params [-6.          0.7419098   0.08284933  1.0934997 ]
at minimum 0.0748 accepted 1  with params [-5.36710939  0.91694588  0.10148415  1.05647475]
at minimum 0.0633 accepted 1  with params [-5.40022386  0.93996224  0.18327779  0.93218763]
at minimum 0.1246 accepted 1  with params [-5.24999756  0.53617396  0.01        0.65042122]
at minimum 0.0611 accepted 1  with params [-5.19090545  0.4887369   0.36950326  0.5       ]
at minimum 0.1228 accepted 1  with params [-4.67507069  0.46145352  0.25481873  0.50000085]
at minimum 0.1565 accepted 1  with params [-4.13050408  0.89939583  0.16247388  0.6709542 ]
at minimum 0.1386 accepted 1  with params [-4.18946361  0.9899949   0.49999771  0.5       ]
at minimum 0.0856 accepted 1  with params [-3.78008348  0.99        0.49999699  0.50000364]
at minimum 0.1621 accepted 1  with params [-3.26017404  0.73978506  0.5         0.55726901]
at minimum 100000000000000000000.0000 accepted 0  with params [-3.30638829  0.62191308  0.06206676  0.5       ]
at minimum 0.1710 accepted 1  with params [-3.88902135  0.29681597  0.01        0.63275725]
at minimum 0.1073 accepted 1  with params [-3.87541415 -0.02459415  0.28286187  1.08366545]
at minimum 0.1151 accepted 1  with params [-3.78474061 -0.1         0.31227798  0.54180491]
at minimum 0.1462 accepted 1  with params [-4.50072588  0.1362883   0.04427241  0.97811397]
at minimum 0.1584 accepted 1  with params [-4.58329736  0.87224192  0.01        0.50816829]
at minimum 0.1240 accepted 1  with params [-4.95550846  0.99        0.29939662  0.58077341]
at minimum 0.1326 accepted 1  with params [-4.91852751  0.93746121  0.19084588  0.5       ]
at minimum 0.0276 accepted 1  with params [-5.40344124  0.76520739  0.5         0.77416155]
at minimum 0.0512 accepted 1  with params [-5.83516742  0.99        0.5         0.54432523]
at minimum 0.0614 accepted 1  with params [-5.39184743  0.98999907  0.49999998  0.76273494]
at minimum 0.0524 accepted 1  with params [-5.98992422  0.98999934  0.5         0.5       ]
at minimum 0.0326 accepted 1  with params [-6.          0.99        0.45948859  0.91809424]
at minimum 0.0478 accepted 1  with params [-5.65005017  0.99        0.5         1.1       ]
at minimum 0.0576 accepted 1  with params [-5.56296984  0.99        0.18456123  1.1       ]
at minimum 0.1023 accepted 1  with params [-5.21085753  0.81926736  0.01        0.72857264]
at minimum 0.0393 accepted 1  with params [-5.69663202  0.99        0.01        0.79030834]
at minimum 0.0749 accepted 1  with params [-5.66224628  0.30553498  0.5         0.66717465]
at minimum 0.1121 accepted 1  with params [-4.93235148  0.61598518  0.01        1.1       ]
at minimum 0.1402 accepted 1  with params [-5.29403309  0.35201259  0.01        0.60789448]
at minimum 0.0951 accepted 1  with params [-5.45333953 -0.1         0.26551717  0.7369414 ]
at minimum 0.1943 accepted 1  with params [-5.66581567 -0.08967665  0.01        0.5       ]
at minimum 0.1966 accepted 1  with params [-5.99999997  0.13542546  0.01        0.50000129]
at minimum 0.1022 accepted 1  with params [-5.55226304  0.66696238  0.3552226   0.5       ]
at minimum 0.0542 accepted 1  with params [-5.80875383  0.99        0.01000698  0.55141624]
at minimum 0.0762 accepted 0  with params [-5.21194891  0.99        0.5         0.87728642]
at minimum 0.1186 accepted 1  with params [-5.99999999  0.88097475  0.01        0.92089453]
at minimum 0.0587 accepted 1  with params [-6.    0.99  0.01  1.1 ]
at minimum 0.1582 accepted 1  with params [-5.81076954  0.33066245  0.0100007   1.1       ]
at minimum 0.1460 accepted 1  with params [-5.91691031  0.56477143  0.36135152  0.5       ]
at minimum 0.1055 accepted 1  with params [-6.          0.71519482  0.49999987  0.69995444]
at minimum 0.0850 accepted 1  with params [-5.64992222  0.75759529  0.31415869  0.733917  ]
at minimum 0.0326 accepted 1  with params [-5.20561498  0.85052106  0.40502755  1.1       ]
at minimum 0.1063 accepted 1  with params [-5.08023061  0.98998825  0.01        1.09999363]
at minimum 0.1424 accepted 1  with params [-4.74117563  0.99        0.01        1.1       ]
at minimum 0.1809 accepted 1  with params [-3.99903748  0.84540743  0.01000041  1.09999988]
at minimum 0.1387 accepted 1  with params [-4.11809734  0.78849273  0.28178399  0.89498949]
at minimum 0.0566 accepted 1  with params [-3.69829024  0.34295706  0.5         0.5       ]
at minimum 0.1425 accepted 1  with params [-4.38126759  0.9693475   0.5         0.5       ]
at minimum 0.1456 accepted 1  with params [-3.67168223  0.99        0.08293342  0.84315305]
at minimum 100000000000000000000.0000 accepted 0  with params [-3.302505    0.78172238  0.29549178  0.5       ]
at minimum 320.3258 accepted 0  with params [-3.09204122  0.99        0.01        1.1       ]
at minimum 121669378645306536845399365817246515671366889373696.0000 accepted 0  with params [-3.44727369  0.99        0.01        0.6089652 ]
at minimum 0.1706 accepted 1  with params [-4.23660514  0.79288986  0.01        0.5       ]
at minimum 0.1090 accepted 1  with params [-4.89676203  0.85911797  0.5         0.50000019]
at minimum 0.1322 accepted 1  with params [-4.1888154   0.16683133  0.30014467  1.073869  ]
at minimum 0.1452 accepted 1  with params [-4.16583331  0.14309533  0.35468683  0.5       ]
at minimum 0.1326 accepted 1  with params [-3.84850118  0.25020675  0.30292926  0.5       ]
at minimum inf accepted 0  with params [-3.24277347  0.7426869   0.5         0.5       ]
at minimum 0.1733 accepted 1  with params [-4.07628116  0.81920086  0.01000039  0.5       ]
at minimum 0.1409 accepted 1  with params [-4.66035277  0.0322472   0.01        0.70243457]
at minimum 0.1551 accepted 1  with params [-4.45351632 -0.1         0.01        1.1       ]
at minimum 0.1234 accepted 1  with params [-5.02755071 -0.1         0.01        0.69348886]
at minimum 0.1700 accepted 0  with params [-4.22228132 -0.1         0.01        1.06292592]
at minimum 0.0916 accepted 1  with params [-5.56173485 -0.1         0.41526157  0.6189731 ]
at minimum 0.1215 accepted 1  with params [-5.0788626   0.22696573  0.09270105  0.5       ]
at minimum 0.0406 accepted 1  with params [-5.52257221 -0.1         0.5         0.86626532]
at minimum 0.0637 accepted 1  with params [-5.20618194 -0.09999735  0.38142582  1.09999854]
at minimum 0.0359 accepted 1  with params [-5.51882364  0.09493923  0.36730922  1.1       ]
at minimum 0.1727 accepted 1  with params [-5.76067366  0.10910958  0.01        0.96613963]
at minimum 0.0987 accepted 1  with params [-5.33144894  0.75820791  0.10961574  0.66873885]
at minimum 0.1475 accepted 1  with params [-4.56062615  0.98999867  0.4999994   0.5       ]
at minimum 0.1380 accepted 1  with params [-4.13793265  0.99        0.5         0.5       ]
at minimum 0.1397 accepted 1  with params [-4.6990825   0.99        0.01        0.84170079]
at minimum 0.1780 accepted 1  with params [-4.14555294  0.96373747  0.01        1.1       ]
at minimum 100000000000000000000.0000 accepted 0  with params [-3.34442697  0.20454984  0.5         0.99217756]
at minimum 0.1345 accepted 1  with params [-4.67280566  0.21046577  0.01000281  0.848913  ]
at minimum 0.1204 accepted 1  with params [-4.78238639 -0.0999996   0.01        1.01203762]
at minimum 0.1446 accepted 1  with params [-5.2354835   0.02523907  0.05138556  0.54758324]
at minimum 0.1671 accepted 1  with params [-5.94414491  0.2710512   0.01        1.09999511]
at minimum 0.0899 accepted 1  with params [-6.          0.93779681  0.01        0.92070698]
at minimum 0.0473 accepted 1  with params [-5.56379449  0.99        0.01        0.85370437]
at minimum 0.0318 accepted 1  with params [-6.          0.99        0.01000052  0.69601355]
at minimum 0.0338 accepted 1  with params [-5.93659481  0.99        0.01        0.6922813 ]
at minimum 0.1914 accepted 1  with params [-6.          0.23868019  0.01        0.5       ]
at minimum 0.1293 accepted 1  with params [-5.75825078 -0.09999928  0.49999967  0.5000004 ]
at minimum 0.1427 accepted 1  with params [-6.          0.44478756  0.5         0.5       ]
at minimum 0.0498 accepted 1  with params [-5.27911138  0.33879909  0.5         0.5       ]
at minimum 0.1297 accepted 1  with params [-4.58878206  0.54136477  0.5         0.5       ]
at minimum 0.0537 accepted 1  with params [-4.86003897 -0.1         0.5         0.5       ]
at minimum 0.1142 accepted 1  with params [-5.67001976 -0.1         0.49999624  0.5       ]
at minimum 0.1481 accepted 1  with params [-5.87690513 -0.1         0.5         0.5       ]
at minimum 0.0252 accepted 1  with params [-5.10628189  0.74553244  0.5         1.03748019]
at minimum 0.0910 accepted 1  with params [-4.76905002  0.45807768  0.5         0.5       ]
at minimum 0.1055 accepted 1  with params [-4.36396514 -0.1         0.5         1.1       ]
at minimum 0.1243 accepted 1  with params [-4.73983486 -0.1         0.01        1.1       ]
at minimum 0.1572 accepted 1  with params [-4.43370515 -0.04532426  0.01        1.09999328]
at minimum 0.1665 accepted 1  with params [-3.60602875 -0.1         0.01        0.5       ]
at minimum 100000000000000000000.0000 accepted 0  with params [-3.   -0.1   0.01  0.5 ]
at minimum 0.1657 accepted 1  with params [-3.23145126 -0.1         0.5         0.5       ]
at minimum 88516294780218805861937189506813006991876484497408.0000 accepted 0  with params [-3.46095783 -0.1         0.06872808  0.5       ]
at minimum 0.0918 accepted 1  with params [-4.07629471  0.20768605  0.49999782  1.09999733]
at minimum 0.1705 accepted 1  with params [-3.76494011 -0.09999492  0.03846523  0.5       ]
at minimum 0.1688 accepted 1  with params [-3.62675201  0.32389836  0.01        0.5       ]
at minimum 0.0709 accepted 1  with params [-3.          0.8800926   0.01        0.90023153]
at minimum 100000000000000000000.0000 accepted 0  with params [-3.          0.66254478  0.17362006  0.58317341]
at minimum 100000000000000000000.0000 accepted 0  with params [-3.          0.73812728  0.01        1.1       ]
at minimum 0.1179 accepted 1  with params [-3.          0.93964471  0.01        0.5       ]
at minimum 0.1748 accepted 1  with params [-3.83075426  0.72462582  0.01        0.50000008]
at minimum 100000000000000000000.0000 accepted 0  with params [-3.          0.99        0.33808231  0.5       ]
at minimum 0.1688 accepted 1  with params [-3.66314271  0.99        0.01        0.57775089]
