at minimum 0.1087 accepted 1  with params [-4.49999998  0.39999999  0.05        0.99999999]
at minimum 0.2545 accepted 1  with params [-4.43548465  0.7555347   0.44282417  1.09999902]
at minimum 0.1178 accepted 1  with params [-4.1178206   0.46142633  0.09230821  1.04118506]
at minimum 0.1103 accepted 1  with params [-4.37169173  0.72762731  0.01000012  0.88622272]
at minimum 0.0961 accepted 1  with params [-4.04719361  0.98999758  0.10648745  0.50000138]
at minimum 0.1225 accepted 1  with params [-4.08521699  0.9899997   0.01000013  0.91608091]
at minimum 0.1013 accepted 1  with params [-3.97237335  0.98999834  0.01000056  0.68998392]
at minimum 0.0910 accepted 1  with params [-4.04036179  0.98999994  0.5         0.72814578]
at minimum 0.1367 accepted 1  with params [-3.6450663   0.6481536   0.5         0.54945397]
at minimum 0.1519 accepted 1  with params [-3.23143008  0.25697008  0.24767205  0.64149582]
at minimum 0.1346 accepted 1  with params [-3.00000614 -0.09999777  0.11373418  1.03822871]
at minimum 0.1792 accepted 1  with params [-3.00000072  0.09583787  0.14324724  1.09999354]
at minimum 0.4612 accepted 1  with params [-3.17425283 -0.04783291  0.33833206  1.09999921]
at minimum 0.4186 accepted 1  with params [-3.53544663  0.40837778  0.5         1.08123122]
at minimum 0.4484 accepted 1  with params [-3.34496312  0.05715683  0.34206902  1.09999277]
at minimum 0.1129 accepted 1  with params [-3.31275964  0.37880912  0.0100022   1.00020651]
at minimum 0.1017 accepted 1  with params [-3.34099103  0.0691001   0.01        0.96280174]
at minimum 0.0964 accepted 1  with params [-3.35757566 -0.1         0.01        0.6116895 ]
at minimum 0.2871 accepted 1  with params [-3.18240201 -0.09999738  0.33982905  0.73379087]
at minimum 0.1594 accepted 1  with params [-3.64364207  0.20707045  0.32255573  0.5       ]
at minimum 0.1816 accepted 1  with params [-3.67625256 -0.09999958  0.31632639  0.50000023]
at minimum 0.2018 accepted 1  with params [-3.52316705  0.17909385  0.49999997  0.5       ]
at minimum 0.1849 accepted 1  with params [-3.96905029  0.2936159   0.5         0.5       ]
at minimum 0.2179 accepted 1  with params [-3.8635467   0.02709927  0.5         0.5       ]
at minimum 0.0899 accepted 1  with params [-3.72975235  0.35347099  0.16424823  0.5       ]
at minimum 0.2369 accepted 0  with params [-3.40075724  0.32282759  0.49999997  0.63600177]
at minimum 0.1007 accepted 1  with params [-3.25664141  0.2161645   0.0370692   0.96395183]
at minimum 0.0944 accepted 1  with params [-3.0839365  -0.07433631  0.01000202  0.68594769]
at minimum 0.0874 accepted 1  with params [-3.55697443  0.4131971   0.09229706  0.5       ]
at minimum 0.0932 accepted 1  with params [-3.09581498  0.08179732  0.01000029  0.69014037]
at minimum 0.2321 accepted 1  with params [-3.20860037  0.22862725  0.34554092  0.69648798]
at minimum 0.3977 accepted 0  with params [-3.00000976  0.05310015  0.49999792  0.87153375]
at minimum 0.4616 accepted 1  with params [-3.         -0.1         0.34152346  1.1       ]
at minimum 0.3632 accepted 1  with params [-3.00470186 -0.09999852  0.49999933  0.77993469]
at minimum 0.2264 accepted 1  with params [-3.  -0.1  0.5  0.5]
at minimum 0.2284 accepted 1  with params [-3.08306912 -0.09999967  0.49999985  0.50000018]
at minimum 0.2200 accepted 1  with params [-3.        -0.0212128  0.5        0.5      ]
at minimum 0.2277 accepted 1  with params [-3.00000007 -0.09999961  0.49037249  0.50000022]
at minimum 0.2056 accepted 1  with params [-3.21410905 -0.01792845  0.22815041  0.76660617]
at minimum 0.1660 accepted 1  with params [-3.11611842 -0.09999857  0.13521937  1.04371192]
at minimum 0.2398 accepted 1  with params [-3.19400035 -0.09999777  0.1992479   1.00698551]
at minimum 0.1149 accepted 1  with params [-3.52664154  0.0830261   0.01000003  1.09999995]
at minimum 0.1073 accepted 1  with params [-3.50555812 -0.09999874  0.01        1.04366294]
at minimum 0.0995 accepted 1  with params [-3.04121093  0.01883836  0.01        0.93816797]
at minimum 0.1256 accepted 1  with params [-3.0070902   0.41505564  0.01        1.1       ]
at minimum 0.1042 accepted 1  with params [-3.0000025   0.75973264  0.01000013  0.81251632]
at minimum 0.1823 accepted 1  with params [-3.25105879  0.61739455  0.34348802  0.83888818]
at minimum 0.3954 accepted 1  with params [-3.          0.40170684  0.5         1.03455468]
at minimum 0.1714 accepted 1  with params [-3.          0.88328457  0.5         1.05772928]
at minimum 0.1320 accepted 1  with params [-3.20134806  0.7006528   0.08531349  1.1       ]
at minimum 0.1089 accepted 1  with params [-3.          0.2244662   0.02398307  1.02382324]
at minimum 0.3161 accepted 0  with params [-3.00000112  0.66832417  0.49999982  1.09999978]
at minimum 0.4493 accepted 1  with params [-3.30960535  0.33751049  0.5         1.1       ]
at minimum 0.5350 accepted 1  with params [-3.02968892 -0.05560267  0.5         1.09999983]
at minimum 0.1284 accepted 1  with params [-3.52832721 -0.06032244  0.10420191  1.06014847]
at minimum 0.1121 accepted 1  with params [-3.34627392 -0.07903582  0.01        1.09999972]
at minimum 0.1720 accepted 1  with params [-3.49504266 -0.09999659  0.13119513  1.1       ]
at minimum 0.1122 accepted 1  with params [-3.70493381 -0.1         0.01        1.1       ]
at minimum 0.0952 accepted 1  with params [-3.17500006 -0.09999267  0.01000329  0.69347364]
at minimum 0.4836 accepted 0  with params [-3.00000187  0.04510412  0.4999974   1.02359885]
at minimum 0.1160 accepted 1  with params [-3.67489431  0.11724101  0.01        1.1       ]
at minimum 0.1125 accepted 1  with params [-3.64876005 -0.02468322  0.01        1.0999997 ]
at minimum 0.1195 accepted 1  with params [-3.29940047 -0.1         0.10577364  0.97106352]
at minimum 0.1116 accepted 1  with params [-3.29820168 -0.09372715  0.01000121  1.09005215]
at minimum 0.1120 accepted 1  with params [-3.   -0.1   0.01  1.1 ]
at minimum 0.1084 accepted 1  with params [-3.         -0.1         0.01        1.06126272]
at minimum 0.5444 accepted 1  with params [-3.10876325 -0.09999878  0.49999945  1.09999933]
at minimum 0.2747 accepted 1  with params [-3.0000029   0.41300266  0.49999954  0.7839799 ]
at minimum 0.3302 accepted 1  with params [-3.09269233  0.34755743  0.29966432  1.0999994 ]
at minimum 0.1430 accepted 1  with params [-3.          0.70451205  0.49999913  0.62085703]
at minimum 0.0960 accepted 1  with params [-3.          0.87157709  0.01        0.5       ]
at minimum 0.0964 accepted 1  with params [-3.09956632  0.99        0.08592676  0.5       ]
at minimum 0.0909 accepted 1  with params [-3.          0.43975593  0.07709695  0.77903701]
at minimum 0.1695 accepted 1  with params [-3.13432169  0.78057486  0.43075617  0.88163402]
at minimum 0.0936 accepted 1  with params [-3.00000248  0.9899991   0.24166346  0.54370904]
at minimum 0.1150 accepted 1  with params [-3.05348153  0.84813362  0.31477851  0.85034989]
at minimum 0.1196 accepted 1  with params [-3.60720911  0.99        0.22637021  0.93485865]
at minimum 0.1565 accepted 1  with params [-3.88553642  0.70884186  0.19634085  1.09999641]
at minimum 0.3775 accepted 1  with params [-3.50317861  0.30772339  0.34357012  1.09999862]
at minimum 0.5275 accepted 1  with params [-4.00073022e+00  3.14173814e-03  5.00000000e-01  1.10000000e+00]
at minimum 0.5567 accepted 1  with params [-4.1310555  -0.09999083  0.5         1.09999477]
at minimum 0.0861 accepted 1  with params [-4.30923092  0.07775988  0.0551227   0.72021683]
at minimum 0.1095 accepted 1  with params [-4.62921432 -0.1         0.17622948  0.5       ]
at minimum 0.0980 accepted 1  with params [-5.09677877  0.00754692  0.01        0.5       ]
at minimum 0.0969 accepted 1  with params [-4.92496938 -0.09999986  0.01        0.85621111]
at minimum 0.0970 accepted 1  with params [-5.23583354  0.1224106   0.01        0.5047073 ]
at minimum 0.0956 accepted 1  with params [-5.21703262  0.29124617  0.01000005  0.79291531]
at minimum 0.0949 accepted 1  with params [-5.7200021   0.51373902  0.01        0.50000198]
at minimum 0.1091 accepted 1  with params [-5.99999799  0.2826286   0.06561075  1.02883522]
at minimum 0.1645 accepted 1  with params [-6.         -0.1         0.12093094  1.1       ]
at minimum 0.5551 accepted 1  with params [-6.  -0.1  0.5  1.1]
at minimum 0.4805 accepted 1  with params [-5.91382332 -0.1         0.35674283  1.1       ]
at minimum 0.4603 accepted 1  with params [-6.          0.3204761   0.49999788  1.09999741]
at minimum 0.1356 accepted 1  with params [-5.57174462  0.65467589  0.01        1.1       ]
at minimum 0.0984 accepted 1  with params [-5.99999836  0.5638542   0.01000027  0.77609366]
at minimum 0.0862 accepted 1  with params [-5.81208675  0.66451973  0.14914032  0.5       ]
at minimum 0.2342 accepted 1  with params [-5.29294283  0.43070939  0.46283132  0.69091322]
at minimum 0.1107 accepted 1  with params [-5.39274047 -0.06912445  0.01        1.08480652]
at minimum 0.1393 accepted 1  with params [-5.85295371  0.1030129   0.22570767  0.57792608]
at minimum 0.0946 accepted 1  with params [-5.41265373  0.62532146  0.01000024  0.59456403]
at minimum 0.0966 accepted 1  with params [-5.3049816  0.99       0.0524003  0.5000001]
at minimum 0.0886 accepted 1  with params [-4.96067607  0.98999848  0.48919136  0.60106656]
at minimum 0.1249 accepted 0  with params [-4.73117995  0.99        0.01        0.93375849]
at minimum 0.3725 accepted 1  with params [-5.31033409  0.52577627  0.49999999  1.08672026]
at minimum 0.3934 accepted 1  with params [-4.97622303  0.49896084  0.49999857  1.09999737]
at minimum 0.3615 accepted 1  with params [-4.79560358 -0.01654459  0.25078844  1.1       ]
at minimum 0.1073 accepted 1  with params [-4.93165871 -0.09999303  0.010003    1.04251375]
at minimum 0.0954 accepted 1  with params [-4.44655083 -0.04393518  0.01000014  0.82551068]
at minimum 0.0994 accepted 1  with params [-4.87414058 -0.0999983   0.01        0.5       ]
at minimum 0.0948 accepted 1  with params [-5.09126742 -0.1         0.01000059  0.68942871]
at minimum 0.0988 accepted 1  with params [-4.82243189 -0.08376331  0.01000181  0.50000249]
at minimum 0.0996 accepted 1  with params [-5.09679061 -0.09999211  0.01000352  0.5       ]
at minimum 0.0972 accepted 1  with params [-4.54959901 -0.1         0.01        0.54925341]
at minimum 0.2294 accepted 0  with params [-4.76644736 -0.0999997   0.49999986  0.50000024]
at minimum 0.1406 accepted 1  with params [-4.21728042  0.48130583  0.36238194  0.52646692]
at minimum 0.0877 accepted 1  with params [-4.77641793  0.28931119  0.14122731  0.5       ]
at minimum 0.1385 accepted 1  with params [-4.61175997  0.45085447  0.3665043   0.5       ]
at minimum 0.3134 accepted 1  with params [-4.92159946  0.24679538  0.49999983  0.78755409]
at minimum 0.2270 accepted 1  with params [-4.76751016 -0.09999922  0.5         0.50000046]
at minimum 0.1697 accepted 1  with params [-4.27919308  0.39807493  0.49999909  0.50000112]
at minimum 0.2972 accepted 0  with params [-3.83265095  0.2387714   0.5         0.74921476]
at minimum 0.0966 accepted 1  with params [-4.05019364  0.54134211  0.24326671  0.5       ]
at minimum 0.1054 accepted 1  with params [-4.23141636  0.41377995  0.0100006   0.92069034]
at minimum 0.0956 accepted 1  with params [-4.66583713  0.80079993  0.01        0.5       ]
at minimum 0.1979 accepted 1  with params [-4.06112714  0.21065615  0.5         0.5       ]
at minimum 0.1281 accepted 1  with params [-3.7976042   0.20666376  0.25208739  0.5       ]
at minimum 0.1045 accepted 1  with params [-3.44721852 -0.09998008  0.01000944  1.00322203]
at minimum 0.1031 accepted 1  with params [-3.97371362 -0.1         0.01        0.98065796]
at minimum 0.2435 accepted 1  with params [-4.21004197 -0.09999653  0.36653286  0.56789178]
at minimum 0.0952 accepted 1  with params [-3.70477096  0.39571322  0.01        0.5       ]
at minimum 0.2167 accepted 1  with params [-4.16494951  0.07862664  0.5         0.5       ]
at minimum 0.1446 accepted 1  with params [-3.60715366  0.62735134  0.49999966  0.55984101]
at minimum 0.2149 accepted 1  with params [-3.14065521  0.63868251  0.43970066  0.82979261]
at minimum 0.0942 accepted 1  with params [-3.          0.05635712  0.01        0.81402324]
at minimum 0.0947 accepted 1  with params [-3.45843005  0.62857877  0.01        0.5       ]
at minimum 0.1257 accepted 1  with params [-3.00000056  0.63591922  0.01        1.03167945]
at minimum 0.2011 accepted 1  with params [-3.00000288  0.18451569  0.49999457  0.50000172]
at minimum 0.4816 accepted 0  with params [-3.59871836 -0.02980364  0.4999961   0.99824842]
at minimum 0.1493 accepted 1  with params [-3.00000662  0.5260083   0.49999887  0.50000134]
at minimum 0.0961 accepted 1  with params [-3.60014982  0.18984973  0.01000071  0.51655402]
at minimum 0.1013 accepted 1  with params [-3.88592105  0.06444632  0.01        0.9576978 ]
at minimum 0.0962 accepted 1  with params [-3.47158374  0.26946033  0.01000022  0.50000033]
at minimum 0.1305 accepted 1  with params [-3.63884884  0.84550685  0.01        1.00889848]
at minimum 0.0888 accepted 1  with params [-4.19629852  0.62075421  0.16577652  0.60539753]
at minimum 0.0894 accepted 1  with params [-4.5860886  0.99       0.5        0.5      ]
at minimum 0.1637 accepted 1  with params [-4.05747301  0.3729151   0.42907563  0.50000214]
at minimum 0.0873 accepted 1  with params [-3.61549482  0.20944695  0.07827065  0.77840714]
at minimum 0.1152 accepted 1  with params [-4.20612001  0.08634345  0.01        1.09999966]
at minimum 0.0953 accepted 1  with params [-4.55217667 -0.1         0.0100024   0.64291223]
at minimum 0.0954 accepted 1  with params [-4.73666731 -0.1         0.01000008  0.76921805]
at minimum 0.0894 accepted 1  with params [-4.21878333 -0.1         0.09715149  0.5       ]
