./../runners.py:177: RuntimeWarning: invalid value encountered in multiply
  model_input = self.k*x_tm1
./../dsp_utils.py:9: RuntimeWarning: invalid value encountered in double_scalars
  self.state = 1./self.tau*x + (1-1./self.tau)*self.state
/scratch/ar2342/miconda3/envs/eb_hyperacuity3/lib/python3.9/site-packages/scipy/optimize/_numdiff.py:576: RuntimeWarning: invalid value encountered in subtract
  df = fun(x) - f0
./../fitting_utils.py:28: RuntimeWarning: Mean of empty slice
  pooling_fun = lambda x,y: np.nanmean((x-y)**2)
at minimum 0.0237 accepted 1  with params [-4.49999989  0.39999996  0.05000003  0.99999996]
at minimum 0.0145 accepted 1  with params [-4.74242205  0.8490801   0.49916488  0.60608967]
at minimum 0.0160 accepted 1  with params [-5.02064839  0.99        0.5         0.5555497 ]
at minimum 0.0173 accepted 1  with params [-5.21297826  0.99        0.48414129  0.5       ]
at minimum 0.0223 accepted 1  with params [-5.03123194  0.74515103  0.5         0.5       ]
at minimum 0.0158 accepted 1  with params [-4.67965537  0.90280253  0.33471186  0.68739633]
at minimum 0.0165 accepted 1  with params [-4.45562669  0.99        0.49999835  0.61504972]
at minimum 0.0162 accepted 1  with params [-4.46324733  0.49030564  0.5         0.5       ]
at minimum 0.0220 accepted 1  with params [-4.48062061  0.66271639  0.12577851  0.91796133]
at minimum 0.0354 accepted 1  with params [-4.52810358  0.81203942  0.5         1.09999944]
at minimum 0.2051 accepted 1  with params [-4.97745442  0.34948655  0.49999697  1.09999628]
at minimum 0.0173 accepted 1  with params [-4.75645493  0.04419759  0.21240499  0.74297594]
at minimum 0.0149 accepted 1  with params [-4.65826686  0.36016371  0.41882072  0.64391092]
at minimum 0.0138 accepted 1  with params [-4.8225018   0.04551259  0.01        0.72755103]
at minimum 0.0968 accepted 1  with params [-4.95576746 -0.03287158  0.20353139  1.1       ]
at minimum 0.1730 accepted 1  with params [-5.41887962 -0.09999533  0.49999787  1.0275672 ]
at minimum 0.0281 accepted 1  with params [-4.9456566 -0.1        0.01       1.1      ]
at minimum 0.0212 accepted 1  with params [-4.78981591 -0.1         0.01        1.02208671]
at minimum 0.0142 accepted 1  with params [-4.71697019 -0.1         0.01000012  0.82328549]
at minimum 0.0167 accepted 1  with params [-4.63430617  0.26340337  0.01        0.5323817 ]
at minimum 0.0193 accepted 1  with params [-4.36683494 -0.09999896  0.01000048  0.5       ]
at minimum 0.0181 accepted 1  with params [-4.54370591 -0.1         0.01        0.5       ]
at minimum 0.0168 accepted 1  with params [-4.60662938  0.14987052  0.01        0.89096705]
at minimum 0.0289 accepted 1  with params [-4.4188497   0.09189114  0.01        1.1       ]
at minimum 0.0254 accepted 1  with params [-4.61781626 -0.01323573  0.01        1.09999983]
at minimum 0.0224 accepted 1  with params [-4.33787055  0.01294856  0.01        0.96547523]
at minimum 0.0191 accepted 1  with params [-3.96994009  0.23005417  0.01        0.58426142]
at minimum 0.0236 accepted 1  with params [-4.28638888  0.65789719  0.01        0.89954904]
at minimum 0.0390 accepted 1  with params [-4.45947633  0.89695189  0.01        1.09999919]
at minimum 0.1231 accepted 1  with params [-4.92582702  0.53029853  0.46887534  1.1       ]
at minimum 0.1179 accepted 1  with params [-5.35545677  0.62449871  0.5         0.90055825]
at minimum 0.0196 accepted 1  with params [-5.50938414  0.65784466  0.34419885  0.57229431]
at minimum 0.0999 accepted 1  with params [-5.90778596  0.99        0.5         0.82215943]
at minimum 0.0215 accepted 1  with params [-5.65120086  0.73031058  0.5         0.53429926]
at minimum 0.0393 accepted 1  with params [-5.40829409  0.50491691  0.5         0.5       ]
at minimum 0.0173 accepted 1  with params [-5.00024223  0.41013618  0.02634905  0.5       ]
at minimum 0.0221 accepted 1  with params [-4.5007621   0.19800052  0.5         0.98456134]
at minimum 0.0136 accepted 1  with params [-4.6502941   0.58804543  0.5         0.60510526]
at minimum 0.0155 accepted 1  with params [-4.69757486  0.46243753  0.15720974  0.5       ]
at minimum 0.0148 accepted 1  with params [-4.71104776  0.30023651  0.22601396  0.5       ]
at minimum 0.0201 accepted 1  with params [-4.23885566  0.17823653  0.01000176  0.5       ]
at minimum 0.0209 accepted 1  with params [-3.93621629 -0.1         0.01        0.5       ]
at minimum 0.0169 accepted 1  with params [-3.62863479 -0.09999794  0.02820877  0.74788176]
at minimum 100000000000000000000.0000 accepted 0  with params [-3.36357581 -0.1         0.01        0.78131299]
at minimum 0.0191 accepted 1  with params [-3.85184198 -0.09999991  0.10759286  0.5       ]
at minimum 0.0173 accepted 1  with params [-3.71855948  0.00825941  0.05587985  0.58977638]
at minimum 100000000000000000000.0000 accepted 0  with params [-3.32106034 -0.1         0.21015576  0.76490154]
at minimum 100000000000000000000.0000 accepted 0  with params [-3.30337209  0.34476138  0.01        0.69371238]
at minimum 0.0488 accepted 1  with params [-3.65329907 -0.07610454  0.39026488  0.5       ]
at minimum 0.0538 accepted 1  with params [-3.76448095  0.29135587  0.5         0.75516869]
at minimum 0.1698 accepted 1  with params [-3.64778272  0.31668326  0.49838967  0.55398341]
at minimum 0.0498 accepted 1  with params [-3.16172094  0.60837782  0.11281289  0.5       ]
at minimum inf accepted 0  with params [-3.          0.08673927  0.3834114   0.5       ]
at minimum 100000000000000000000.0000 accepted 0  with params [-3.          0.30042066  0.30761621  0.5       ]
at minimum 0.0376 accepted 1  with params [-3.          0.2889998   0.21045545  0.5       ]
at minimum 0.0437 accepted 1  with params [-3.          0.60048623  0.5         0.5       ]
at minimum 100000000000000000000.0000 accepted 0  with params [-3.39698762  0.32545886  0.5         0.82105628]
at minimum inf accepted 0  with params [-3.03044444  0.26516966  0.5         0.78468858]
at minimum inf accepted 0  with params [-3.42883673  0.33761623  0.18387618  0.55707803]
at minimum 37901324876426923112298737045722095056147348309957883485069770752.0000 accepted 0  with params [-3.43730824  0.99        0.08912652  0.55934746]
at minimum 0.1042 accepted 1  with params [-3.          0.99        0.5         0.81284724]
at minimum 43211454735105850634141477896192.0000 accepted 0  with params [-3.48948272  0.99        0.01947265  0.79458227]
at minimum inf accepted 0  with params [-3.          0.51468188  0.5         1.1       ]
at minimum 100000000000000000000.0000 accepted 0  with params [-3.          0.99        0.5         0.77209228]
at minimum inf accepted 0  with params [-3.          0.99        0.16277177  1.1       ]
at minimum 0.1840 accepted 1  with params [-3.          0.57182132  0.5         1.02056037]
at minimum 100000000000000000000.0000 accepted 0  with params [-3.          0.94669302  0.3037027   0.76073036]
at minimum 0.0389 accepted 1  with params [-3.2460129   0.51064653  0.5         0.71822459]
at minimum inf accepted 0  with params [-3.13788459  0.45239097  0.5         1.06326405]
at minimum 0.0170 accepted 1  with params [-3.75748178  0.3904276   0.31674938  0.5       ]
at minimum 0.0181 accepted 1  with params [-3.70703678  0.40306862  0.12079282  0.5       ]
at minimum 0.0204 accepted 1  with params [-4.17301602  0.93903165  0.19658485  0.5       ]
at minimum 0.0272 accepted 1  with params [-4.24002431  0.99        0.01        0.9054515 ]
at minimum 0.0355 accepted 1  with params [-4.52304978  0.78238276  0.12568675  1.1       ]
at minimum 0.0184 accepted 1  with params [-4.96734866  0.63278689  0.01000045  0.77969484]
at minimum 0.1816 accepted 1  with params [-5.20597695  0.67091495  0.49999973  1.1       ]
at minimum 0.1084 accepted 1  with params [-5.65465902  0.94879928  0.47677588  1.1       ]
at minimum 0.0398 accepted 1  with params [-5.94635307  0.86495795  0.34691305  1.1       ]
at minimum 0.2038 accepted 1  with params [-6.        0.99      0.01      1.080461]
at minimum 0.0736 accepted 1  with params [-5.99999999  0.99        0.15826938  0.71028431]
at minimum 0.0240 accepted 1  with params [-5.81654574  0.62846021  0.37000289  1.1       ]
at minimum 0.0980 accepted 1  with params [-5.34438899  0.6310061   0.5         0.83324982]
at minimum 0.0460 accepted 1  with params [-4.91979056  0.99        0.5         1.1       ]
at minimum 0.0616 accepted 1  with params [-5.29130191  0.9899985   0.18376539  0.98101123]
at minimum 0.0159 accepted 1  with params [-5.78665885  0.57224031  0.21691021  1.02233366]
at minimum 0.0192 accepted 1  with params [-5.58736653  0.72211133  0.01        0.53424368]
at minimum 0.0324 accepted 1  with params [-5.67249894  0.21313386  0.01        0.5       ]
at minimum 0.0188 accepted 1  with params [-5.60752476  0.76587104  0.08824024  0.50000203]
at minimum 0.0238 accepted 1  with params [-5.20472663  0.63855313  0.01000034  0.87878475]
at minimum 0.0352 accepted 1  with params [-5.4712795   0.50632128  0.41961984  0.66537169]
at minimum 0.0241 accepted 1  with params [-5.41269696  0.25067378  0.29685777  0.52472031]
at minimum 0.0180 accepted 1  with params [-5.1822804   0.57133036  0.02308105  0.50402513]
at minimum 0.0637 accepted 1  with params [-5.1865246   0.05389102  0.44639008  0.5       ]
at minimum 0.0468 accepted 1  with params [-4.65060705 -0.1         0.5         0.89185117]
at minimum 0.0157 accepted 1  with params [-4.2262441   0.28680509  0.20447442  0.62773509]
at minimum 0.0150 accepted 1  with params [-4.54671788  0.29036635  0.48114971  0.50000181]
at minimum 0.0915 accepted 1  with params [-4.82143718 -0.03962665  0.49999944  0.7915261 ]
at minimum 0.0128 accepted 1  with params [-4.62876725  0.14077746  0.24326095  0.56858945]
at minimum 0.0147 accepted 1  with params [-4.53748664 -0.1         0.20188237  0.5       ]
at minimum 0.0145 accepted 1  with params [-4.07856027 -0.1         0.5         0.57633619]
at minimum 0.0186 accepted 1  with params [-4.31890927 -0.09999981  0.11010888  0.5000001 ]
at minimum 0.0175 accepted 1  with params [-4.0258442  -0.1         0.23484489  0.5       ]
at minimum 0.0181 accepted 1  with params [-4.0339453   0.25991322  0.20187183  0.5       ]
at minimum 0.0149 accepted 1  with params [-4.49256706 -0.1         0.25197386  0.5       ]
at minimum 0.0184 accepted 1  with params [-4.34830817  0.49485235  0.38884136  0.89689018]
at minimum 0.0208 accepted 1  with params [-4.16535483  0.50470606  0.01        0.5       ]
at minimum 0.0185 accepted 1  with params [-4.21540038e+00  1.68958571e-04  1.73215611e-01  5.00000000e-01]
at minimum 0.0187 accepted 1  with params [-4.04488137 -0.1         0.01        0.59516301]
at minimum 0.0303 accepted 1  with params [-4.29218817  0.36572048  0.01        1.07002924]
at minimum 0.0616 accepted 1  with params [-3.90704542  0.69326539  0.5         1.1       ]
at minimum 0.0268 accepted 1  with params [-3.62386874  0.99        0.04102751  0.93461585]
at minimum 0.0183 accepted 1  with params [-4.16919663  0.39451973  0.01        0.64252001]
at minimum 0.0253 accepted 1  with params [-3.92544334  0.74824746  0.5         0.77402762]
at minimum 0.0313 accepted 1  with params [-3.60630646  0.15496759  0.01        1.07909269]
at minimum inf accepted 0  with params [-3.06882163 -0.01042392  0.01        1.08911411]
at minimum 0.0355 accepted 1  with params [-3.78851546  0.63936657  0.01        1.09999707]
at minimum 0.0347 accepted 1  with params [-3.69514074  0.55956051  0.01        1.1       ]
at minimum 0.0182 accepted 1  with params [-3.70851103  0.19599113  0.01        0.69438076]
at minimum 0.0199 accepted 1  with params [-4.14777898  0.48511297  0.17038371  0.88090372]
at minimum 0.2826 accepted 1  with params [-3.64183574  0.35454366  0.44578891  0.95565716]
at minimum 263729819750881230130774016.0000 accepted 0  with params [-3.54086845  0.52584567  0.5         0.69405272]
at minimum 0.0386 accepted 1  with params [-3.02546189 -0.1         0.5         0.92795342]
at minimum 100000000000000000000.0000 accepted 0  with params [-3.          0.06533954  0.25511938  0.5       ]
at minimum 100000000000000000000.0000 accepted 0  with params [-3.          0.10038608  0.5         1.02875076]
at minimum 100000000000000000000.0000 accepted 0  with params [-3.          0.09565813  0.5         0.5       ]
at minimum 100000000000000000000.0000 accepted 0  with params [-3.32659154 -0.1         0.01        0.5       ]
at minimum 100000000000000000000.0000 accepted 0  with params [-3.         0.3536738  0.5        1.0798045]
at minimum 100000000000000000000.0000 accepted 0  with params [-3.40832868 -0.1         0.5         1.1       ]
at minimum 100000000000000000000.0000 accepted 0  with params [-3.05254537 -0.1         0.01        0.67353334]
at minimum inf accepted 0  with params [-3.         -0.1         0.26270649  1.05884359]
at minimum 0.2121 accepted 1  with params [-3.          0.47807215  0.01        1.1       ]
at minimum inf accepted 0  with params [-3.         0.0661791  0.01       1.1      ]
at minimum inf accepted 0  with params [-3.          0.14214482  0.29826766  0.5317531 ]
at minimum 3758494744.1404 accepted 0  with params [-3.51191911  0.19513203  0.01        0.90918549]
at minimum 100000000000000000000.0000 accepted 0  with params [-3.02638772  0.54293718  0.42512252  1.1       ]
at minimum inf accepted 0  with params [-3.          0.31107338  0.01        0.73660468]
at minimum 62211482919508118342311920528696173449245804148094952013575469827631349760.0000 accepted 0  with params [-3.06034738 -0.08930338  0.25939652  1.1       ]
at minimum 116118958237947036434432.0000 accepted 0  with params [-3.4967168   0.06037433  0.01        0.57119493]
at minimum 100000000000000000000.0000 accepted 0  with params [-3.10445723  0.99        0.02187743  1.02019411]
at minimum inf accepted 0  with params [-3.12582962  0.71635632  0.35130317  1.1       ]
at minimum 0.0387 accepted 1  with params [-3.07386343  0.22286249  0.01        0.74398402]
at minimum 100000000000000000000.0000 accepted 0  with params [-3.26977023  0.58071887  0.01        0.54404625]
at minimum 0.0193 accepted 1  with params [-3.          0.53564472  0.01        0.99054382]
at minimum 100000000000000000000.0000 accepted 0  with params [-3.215648    0.31533658  0.01        1.1       ]
at minimum 0.2112 accepted 1  with params [-3.         -0.01326607  0.01        0.99532028]
at minimum 100000000000000000000.0000 accepted 0  with params [-3.         -0.1         0.01        0.93092921]
at minimum 1774272877.8276 accepted 0  with params [-3.  -0.1  0.5  1.1]
at minimum 100000000000000000000.0000 accepted 0  with params [-3.3321503   0.17389899  0.5         1.1       ]
at minimum 100000000000000000000.0000 accepted 0  with params [-3.40568482 -0.1         0.5         1.1       ]
at minimum 0.0150 accepted 1  with params [-3.60614725 -0.1         0.05630078  0.67460973]
at minimum 0.0209 accepted 1  with params [-3.87385365 -0.1         0.01        0.5       ]
at minimum 0.0207 accepted 1  with params [-4.0834193   0.42133032  0.01        0.50935969]
at minimum 0.0159 accepted 1  with params [-3.74648428  0.74158899  0.20335003  0.71668331]
at minimum 0.0207 accepted 1  with params [-4.10186906  0.17510375  0.01000055  0.5       ]
at minimum 0.0184 accepted 1  with params [-4.23690312  0.42105275  0.01        0.74213314]
at minimum 0.0289 accepted 1  with params [-3.66430873  0.93573866  0.01        0.95146455]
at minimum 0.0272 accepted 1  with params [-3.91455229  0.60283002  0.01000032  0.97101966]
at minimum 100000000000000000000.0000 accepted 0  with params [-3.31219915  0.99        0.01        0.99998586]
at minimum 0.0184 accepted 1  with params [-3.84654347  0.99        0.39702931  0.5       ]
at minimum 0.0149 accepted 1  with params [-4.21693595  0.54677234  0.5         0.70750952]
at minimum 0.0503 accepted 1  with params [-3.86937149  0.28121704  0.49999948  0.96952884]
at minimum 0.0182 accepted 1  with params [-4.51249026  0.95681768  0.49336559  0.5       ]
at minimum 0.0179 accepted 1  with params [-4.0855397  0.99       0.5        0.6849543]
at minimum 0.0546 accepted 1  with params [-3.65519895  0.68137503  0.44905102  0.5       ]
at minimum inf accepted 0  with params [-3.11250857  0.89776555  0.5         0.5       ]
at minimum 0.0180 accepted 1  with params [-4.13664309  0.91274955  0.44697645  0.5       ]
at minimum 0.0186 accepted 1  with params [-4.29752928  0.72147144  0.38555768  0.84134411]
at minimum 0.0219 accepted 1  with params [-3.84226425  0.99        0.06322331  0.78799566]
at minimum 0.0183 accepted 1  with params [-3.75836188  0.96058822  0.22564999  0.5       ]
at minimum 0.0181 accepted 1  with params [-3.76538866  0.99        0.28455724  0.50000094]
at minimum 0.0208 accepted 1  with params [-4.29060053  0.71993926  0.01        0.5       ]
at minimum 0.0195 accepted 1  with params [-4.33137598  0.09470536  0.01000068  0.5       ]
at minimum 0.0243 accepted 1  with params [-3.66997217 -0.09999908  0.23995156  0.8499464 ]
at minimum 0.0283 accepted 1  with params [-4.22794619 -0.09999981  0.16015205  1.09999895]
at minimum 0.0262 accepted 1  with params [-4.41251487 -0.1         0.11014218  1.1       ]
at minimum 0.0305 accepted 1  with params [-4.27256841 -0.09999991  0.0100005   1.09728964]
at minimum 0.0183 accepted 1  with params [-4.54415254 -0.1         0.01000012  0.94232725]
at minimum 0.0250 accepted 1  with params [-4.72457332 -0.1         0.01        1.1       ]
at minimum 0.0146 accepted 1  with params [-4.55868975  0.2273262   0.49999917  0.51536566]
at minimum 0.0190 accepted 1  with params [-4.35916346  0.68230334  0.02309774  0.75487229]
at minimum 0.0303 accepted 1  with params [-4.55952183  0.23783059  0.5         1.0785163 ]
at minimum 0.0401 accepted 1  with params [-4.05201912  0.3778148   0.5         1.1       ]
at minimum 0.0548 accepted 1  with params [-3.94583213  0.88410629  0.5         1.09999947]
at minimum 0.0311 accepted 1  with params [-4.10568669  0.48680328  0.349237    1.1       ]
at minimum 134730229986538930176.0000 accepted 0  with params [-3.55206808  0.99        0.5         1.1       ]
at minimum 0.0291 accepted 1  with params [-4.30842944  0.30572126  0.17926104  1.09999796]
at minimum 0.0356 accepted 1  with params [-4.80181558  0.65398515  0.01000001  1.1       ]
at minimum 0.0142 accepted 1  with params [-4.63683899  0.2428242   0.01        0.7321928 ]
at minimum 0.0186 accepted 1  with params [-5.21383077  0.55325114  0.01000092  0.5       ]
at minimum 0.0196 accepted 1  with params [-5.65923161  0.80059034  0.01        0.5       ]
at minimum 0.0309 accepted 1  with params [-5.77117652  0.17076322  0.01        0.66255622]
at minimum 0.0267 accepted 1  with params [-6.          0.11499751  0.49999113  1.1       ]
at minimum 0.0156 accepted 1  with params [-6.          0.40237862  0.28340942  1.1       ]
at minimum 0.0197 accepted 1  with params [-6.          0.71763938  0.5         0.5       ]
at minimum 0.0278 accepted 1  with params [-5.77251232  0.3873764   0.01        0.55556723]
at minimum 0.0180 accepted 1  with params [-5.1689952   0.84361796  0.01        0.5       ]
at minimum 0.0307 accepted 1  with params [-4.52541231  0.65199224  0.5         1.07472779]
at minimum 0.0176 accepted 1  with params [-4.36496201  0.23638212  0.03723444  0.80852942]
at minimum 0.0624 accepted 1  with params [-3.89558504  0.42615996  0.5         1.1       ]
at minimum 0.0226 accepted 1  with params [-4.09997238  0.69787964  0.37911029  0.93655094]
at minimum 0.0384 accepted 1  with params [-4.53095648  0.99        0.42338722  1.1       ]
at minimum 0.0406 accepted 1  with params [-4.32372283  0.99        0.01        1.1       ]
at minimum 0.0190 accepted 1  with params [-3.95740411  0.4438076   0.01        0.71510469]
at minimum 0.0223 accepted 1  with params [-3.97626402  0.99        0.02224601  0.5       ]
at minimum 1539461102350733537274926015788942884864.0000 accepted 0  with params [-3.47269896  0.99        0.01        0.88785673]
at minimum 6322731221006246668685281663419545176313430016.0000 accepted 0  with params [-3.52181277  0.99        0.46637311  0.95780389]
at minimum 0.0203 accepted 1  with params [-4.40645981  0.99        0.21324177  0.5       ]
at minimum 0.0165 accepted 1  with params [-4.01891488  0.28916466  0.49999999  0.50000001]
at minimum 0.0350 accepted 1  with params [-3.74190351 -0.08472898  0.49999999  0.50000001]
at minimum 0.0389 accepted 1  with params [-3.2323938   0.61800704  0.5         0.5       ]
at minimum 499028722132801672481535477866274019491739763449266176.0000 accepted 0  with params [-3.          0.87711383  0.04167923  0.5277091 ]
at minimum 100000000000000000000.0000 accepted 0  with params [-3.29502502  0.12369659  0.01        0.5       ]
at minimum 0.0190 accepted 1  with params [-3.92779842  0.8514381   0.5         0.61363963]
at minimum 0.0243 accepted 1  with params [-4.66502837  0.99        0.5         0.90209729]
at minimum 0.1368 accepted 1  with params [-5.39391727  0.37184198  0.5         0.93207196]
at minimum 0.1827 accepted 1  with params [-5.11350281  0.60148874  0.5         1.1       ]
at minimum 0.0442 accepted 1  with params [-4.77144633  0.99        0.1495722   1.1       ]
at minimum 0.0227 accepted 1  with params [-4.95959773  0.99        0.5         0.81732287]
at minimum 0.0200 accepted 1  with params [-4.32246302  0.72136608  0.1145365   0.5       ]
at minimum 0.0196 accepted 1  with params [-5.05246651  0.01314823  0.01        0.5       ]
at minimum 0.0184 accepted 1  with params [-5.33228354  0.73015389  0.01        0.5       ]
at minimum 0.0271 accepted 1  with params [-5.68870586  0.45148548  0.01        0.50000162]
at minimum 0.0244 accepted 1  with params [-5.93744975  0.20147663  0.19252925  0.89153703]
at minimum 0.0268 accepted 1  with params [-5.59691724 -0.1         0.01        1.1       ]
at minimum 0.0359 accepted 1  with params [-5.67028933 -0.1         0.35040524  1.1       ]
at minimum 0.0593 accepted 1  with params [-5.56637505 -0.1         0.5         0.76012914]
at minimum 0.0705 accepted 1  with params [-5.6801284 -0.1        0.5        1.1      ]
at minimum 0.3485 accepted 1  with params [-5.21308004 -0.1         0.49999963  1.1       ]
at minimum 0.0280 accepted 1  with params [-4.61358271  0.26972572  0.01        1.1       ]
at minimum 0.0425 accepted 1  with params [-4.62724931  0.99        0.01        1.1       ]
at minimum 0.0399 accepted 1  with params [-3.95579838  0.99        0.01        1.1       ]
at minimum 103654633.1557 accepted 0  with params [-3.5196437   0.69739099  0.01        1.1       ]
at minimum 0.0378 accepted 1  with params [-3.9152624   0.84238673  0.01        1.1       ]
at minimum 0.0152 accepted 1  with params [-4.51285391  0.26856022  0.28522829  0.50000127]
at minimum 0.0173 accepted 1  with params [-4.28051507  0.66945786  0.4999952   0.5       ]
at minimum 0.0167 accepted 1  with params [-4.00274088  0.47469259  0.49999984  0.51292186]
at minimum 0.0310 accepted 1  with params [-3.84600371  0.37730216  0.49999979  0.75375262]
at minimum 0.0294 accepted 1  with params [-3.63164175 -0.06946873  0.01        1.05516165]
at minimum 100000000000000000000.0000 accepted 0  with params [-3.         -0.1         0.47351227  1.06841091]
at minimum 193487241199.8133 accepted 0  with params [-3.51541161  0.02520885  0.09389092  1.04102506]
at minimum 0.0332 accepted 1  with params [-3.7124244   0.3407998   0.01        1.09926719]
at minimum inf accepted 0  with params [-3.1913346   0.23465402  0.5         1.01635635]
at minimum 100000000000000000000.0000 accepted 0  with params [-3.34922425  0.23887585  0.01        1.1       ]
at minimum 0.0314 accepted 1  with params [-4.04658487  0.85137806  0.49999936  0.97054684]
at minimum 0.0363 accepted 1  with params [-3.94548989  0.99        0.01        1.0534095 ]
at minimum 0.0245 accepted 1  with params [-4.16064072  0.98705051  0.16608262  0.88982521]
at minimum 0.0380 accepted 1  with params [-4.63775947  0.8174229   0.01        1.1       ]
at minimum 0.0491 accepted 1  with params [-5.2376879   0.98998928  0.01        0.92047343]
at minimum 0.0454 accepted 1  with params [-4.81349173  0.99        0.18135066  1.1       ]
at minimum 0.0222 accepted 1  with params [-4.11155437  0.99        0.01        0.5       ]
at minimum 0.0220 accepted 1  with params [-3.83719717  0.99        0.04530501  0.5       ]
at minimum 0.0206 accepted 1  with params [-4.22629622  0.99        0.20491097  0.5       ]
at minimum 0.0355 accepted 1  with params [-4.74422079  0.99        0.01119293  1.00402588]
at minimum 0.0296 accepted 1  with params [-4.43945279  0.23349042  0.01        1.1       ]
at minimum 0.0332 accepted 1  with params [-4.40598428  0.53142663  0.01        1.1       ]
at minimum 0.0392 accepted 1  with params [-4.5746398  0.99       0.5        1.1      ]
at minimum 0.0168 accepted 1  with params [-5.13281242  0.99        0.48359621  0.5       ]
at minimum 0.0131 accepted 1  with params [-4.55442994  0.20071181  0.5         0.59112529]
at minimum 0.0360 accepted 1  with params [-4.3583051   0.8591708   0.49999981  1.1       ]
at minimum 0.0145 accepted 1  with params [-4.57654329  0.1970341   0.5         0.70345254]
at minimum 0.0332 accepted 1  with params [-4.7521254   0.47510275  0.49999906  0.88179353]
at minimum 0.0664 accepted 1  with params [-5.5539506   0.82548273  0.5         0.91665383]
at minimum 0.0293 accepted 1  with params [-6.        0.750985  0.5       1.1     ]
at minimum 0.0286 accepted 1  with params [-5.86270308  0.26410593  0.5         1.1       ]
at minimum 0.0312 accepted 1  with params [-5.96490655  0.03864572  0.5         1.1       ]
at minimum 0.2420 accepted 1  with params [-5.36394281  0.02074432  0.5         1.1       ]
at minimum 0.0152 accepted 1  with params [-4.92956287  0.50225252  0.15267335  0.5       ]
at minimum 0.0254 accepted 1  with params [-5.50252     0.8315621   0.01        0.85318942]
at minimum 0.0168 accepted 1  with params [-5.59699403  0.28302355  0.04881758  1.1       ]
at minimum 0.0434 accepted 1  with params [-5.99191178 -0.1         0.01        1.1       ]
at minimum 0.0451 accepted 1  with params [-6.         -0.09999521  0.35737141  0.50000263]
at minimum 0.0322 accepted 1  with params [-5.35840714 -0.1         0.23414688  0.90365043]
at minimum 0.2569 accepted 1  with params [-4.92660447 -0.1         0.41415074  1.1       ]
at minimum 0.0288 accepted 1  with params [-4.27496393 -0.1         0.5         1.1       ]
at minimum 0.0721 accepted 1  with params [-4.86627088  0.60485823  0.44216257  1.1       ]
at minimum 0.1976 accepted 1  with params [-5.18779469  0.61531471  0.5         1.1       ]
at minimum 0.0337 accepted 1  with params [-4.75499664  0.60109383  0.01000002  1.09999997]
at minimum 0.0481 accepted 1  with params [-4.91194994  0.98999559  0.22007684  1.1       ]
at minimum 0.0383 accepted 1  with params [-4.36647147  0.98999969  0.5         1.1       ]
at minimum 0.0372 accepted 1  with params [-4.48649371  0.94618016  0.5         1.09999951]
at minimum 0.0397 accepted 1  with params [-3.69364032  0.99        0.01        1.1       ]
at minimum 0.0373 accepted 1  with params [-4.10239243  0.78559876  0.01        1.1       ]
at minimum 0.0150 accepted 1  with params [-3.98498794 -0.0170591   0.43718195  0.56257669]
at minimum 0.0189 accepted 1  with params [-3.78937258  0.04352473  0.01        0.77363445]
at minimum 0.0199 accepted 1  with params [-3.70295484 -0.00623043  0.01000287  0.52924952]
at minimum 0.0164 accepted 1  with params [-3.73842141  0.30064683  0.25673199  0.50000148]
at minimum 0.0197 accepted 1  with params [-4.33995197  0.52917479  0.07623525  0.5       ]
at minimum 0.0188 accepted 1  with params [-3.91318524  0.36490452  0.01        0.63229114]
at minimum 0.0198 accepted 1  with params [-3.92819327  0.9899994   0.19652549  0.50000038]
at minimum 0.0222 accepted 1  with params [-3.74981656  0.23441301  0.01        0.89713298]
at minimum 0.0208 accepted 1  with params [-3.92978741  0.95327095  0.11490603  0.78768453]
at minimum 0.0189 accepted 1  with params [-4.59372995  0.72210096  0.01        0.5       ]
at minimum 0.0174 accepted 1  with params [-3.9367878  -0.01567999  0.5         0.5       ]
at minimum 0.0881 accepted 0  with params [-3.83484804 -0.09999606  0.49999738  1.1       ]
at minimum 0.1086 accepted 1  with params [-3.63466803  0.4406531   0.5         0.5       ]
at minimum 2247360545677152337982632161721456974033391868486615040.0000 accepted 0  with params [-3.49196786  0.16651614  0.5         1.02181022]
at minimum 0.3724 accepted 1  with params [-3.58622365  0.36003262  0.28338352  1.06874193]
at minimum 0.0324 accepted 1  with params [-3.77553956 -0.1         0.01        1.1       ]
at minimum 0.0347 accepted 1  with params [-4.12593434  0.5399844   0.01        1.1       ]
at minimum 0.0369 accepted 1  with params [-3.90347002  0.99        0.26972975  1.1       ]
at minimum 0.0181 accepted 1  with params [-4.66451837  0.99        0.5         0.5       ]
