./../runners.py:306: RuntimeWarning: invalid value encountered in multiply
  model_input = self.k*x_tm1
./../dsp_utils.py:9: RuntimeWarning: invalid value encountered in double_scalars
  self.state = 1./self.tau*x + (1-1./self.tau)*self.state
at minimum 0.0947 accepted 1  with params [-3.68299919  0.84519798  0.10090154  0.88579994 -3.99998884]
at minimum 0.1218 accepted 1  with params [-3.26750515  0.67267552  0.46462449  1.09999976 -3.57197319]
at minimum 13257700057.7487 accepted 0  with params [-3.34114399  0.72232548  0.09225529  0.85524098 -3.37309044]
at minimum 1.3819 accepted 0  with params [-3.00000149  1.04812316  0.49999976  1.0999997  -3.62764838]
at minimum 0.0408 accepted 1  with params [-3.43688405  0.47863467  0.5         1.1        -3.28862779]
at minimum 0.0248 accepted 1  with params [-3.21726977  0.36693496  0.5         0.90959899 -3.00317533]
at minimum 34779.8327 accepted 0  with params [-3.17953962e+00  3.70620198e-06  5.00000000e-01  8.66632285e-01
 -2.78255381e+00]
at minimum 0.0247 accepted 1  with params [-3.13816185  0.15771346  0.5         0.68433432 -3.23694912]
at minimum 30461.3815 accepted 0  with params [-3.00000000e+00  3.70620198e-06  3.39596880e-01  5.00000000e-01
 -2.97983255e+00]
at minimum 0.0436 accepted 1  with params [-3.          0.61914102  0.49999927  0.5        -3.39059144]
at minimum 100000000000000000000.0000 accepted 0  with params [-3.          0.58545314  0.1139282   0.5        -3.47444751]
at minimum 0.0173 accepted 1  with params [-3.34783552  0.45195977  0.48930082  0.50000056 -3.24768651]
at minimum 0.2453 accepted 1  with params [-3.00000142  0.81898194  0.49999975  0.5037424  -3.34647343]
at minimum 0.0680 accepted 1  with params [-3.25510194  0.88970568  0.29219844  0.75114705 -3.67637197]
at minimum 0.0938 accepted 1  with params [-3.46105624  1.12605941  0.5         0.5        -3.18552503]
at minimum 0.0721 accepted 1  with params [-3.342051    0.73143576  0.5         0.5        -2.87231101]
at minimum 3009232.3082 accepted 0  with params [-3.33129444  0.74488498  0.13389635  0.5        -3.20733837]
at minimum 100000000000000000000.0000 accepted 0  with params [-3.          0.72573412  0.06314745  0.5        -2.88362722]
at minimum 100000000000000000000.0000 accepted 0  with params [-3.          0.47878303  0.0123222   0.6151715  -2.92521551]
at minimum 0.1170 accepted 1  with params [-3.08158404  1.05790333  0.5         0.5        -2.53331924]
at minimum 0.1621 accepted 1  with params [-3.22989442  0.99450989  0.5         0.5        -2.55537282]
at minimum 0.3724 accepted 1  with params [-3.          1.25346084  0.5         0.5        -2.33073041]
at minimum 42436778425336786733566835279843064643650243319408697871958016.0000 accepted 0  with params [-3.13706308  0.84701054  0.09843267  0.61902402 -2.7384528 ]
at minimum 0.3444 accepted 1  with params [-3.          1.42037595  0.5         0.5        -2.37103189]
at minimum 0.2342 accepted 1  with params [-3.00000298  1.25184161  0.26225522  0.99096534 -2.55555809]
at minimum 0.3705 accepted 1  with params [-3.00000036  1.47141944  0.49999994  0.50054394 -2.2147954 ]
at minimum 0.1608 accepted 1  with params [-3.          1.53824293  0.36147687  0.71899071 -2.59095852]
at minimum 0.1039 accepted 1  with params [-3.42842079  1.41033296  0.3072572   1.01099136 -2.69451531]
at minimum 0.3946 accepted 1  with params [-3.32265325  1.10917214  0.268108    1.1        -2.68173199]
at minimum 0.4739 accepted 1  with params [-3.58477818  0.82690753  0.35820641  0.8340024  -3.05899329]
at minimum 0.1235 accepted 1  with params [-4.00462469  1.22918398  0.49999999  0.96791253 -2.89306324]
at minimum 0.0264 accepted 1  with params [-4.00213668  0.83126241  0.08265462  1.09999996 -2.720931  ]
at minimum 0.2984 accepted 1  with params [-4.33482459  0.53204792  0.40840799  1.09999999 -2.49572034]
at minimum 0.0226 accepted 1  with params [-3.87764634  0.844489    0.01        1.1        -2.70284582]
at minimum 0.0338 accepted 1  with params [-4.27726174  1.17940041  0.36602431  0.69071173 -2.82832968]
at minimum 0.1323 accepted 1  with params [-4.07914845  0.81269725  0.46433325  0.5        -2.46757658]
at minimum 0.0248 accepted 1  with params [-3.6218692   1.27772384  0.22541027  0.50000012 -2.79380836]
at minimum 0.0445 accepted 1  with params [-3.32147804  1.40422418  0.31540662  0.50000005 -3.26959856]
at minimum 0.0156 accepted 1  with params [-3.67148387  1.20834706  0.01043518  0.5        -3.25960158]
at minimum 0.0334 accepted 1  with params [-3.86760721  1.09965991  0.32669023  0.5        -3.25385734]
at minimum 0.0162 accepted 1  with params [-3.73844256  1.27567561  0.01000013  0.52048561 -3.23868024]
at minimum 0.0134 accepted 1  with params [-3.9136475   1.39085348  0.01000006  0.90634699 -3.26295596]
at minimum 0.0811 accepted 1  with params [-3.43189186  1.18140343  0.13308002  0.5954011  -3.26312517]
at minimum 0.3169 accepted 1  with params [-3.25892424  1.12656518  0.27346462  0.90982806 -3.75803101]
at minimum 0.0546 accepted 1  with params [-3.62870929  0.655466    0.5         0.56598718 -3.50450779]
at minimum 0.3557 accepted 1  with params [-4.12394655  0.87429968  0.49999759  0.9013732  -3.3987486 ]
at minimum 0.3570 accepted 1  with params [-4.44497482  0.681097    0.30631927  1.1        -3.85516708]
at minimum 0.3437 accepted 1  with params [-4.81101141  0.2830665   0.49999899  1.1        -3.99790404]
at minimum 0.1533 accepted 1  with params [-4.58495985  0.36853372  0.24935492  1.0999986  -3.99999474]
at minimum 0.0131 accepted 1  with params [-4.34964056  0.82054348  0.01        0.94167007 -3.58191006]
at minimum 0.0211 accepted 1  with params [-4.62832643  1.35083998  0.01        0.56086489 -3.76737143]
