./../runners.py:231: RuntimeWarning: invalid value encountered in multiply
  model_input = self.k*x_tm1
./../dsp_utils.py:9: RuntimeWarning: invalid value encountered in double_scalars
  self.state = 1./self.tau*x + (1-1./self.tau)*self.state
at minimum 0.0815 accepted 1  with params [-4.50000869  0.40000342  0.04999977  0.9999971   0.        ]
at minimum 0.0948 accepted 1  with params [-4.16928873  0.89756224  0.01        1.02533232  0.1553137 ]
at minimum 0.0466 accepted 1  with params [-4.61898888e+00  5.39011494e-01  3.16582267e-01  1.10000000e+00
  2.83942849e-14]
at minimum 0.0548 accepted 1  with params [-4.82553865  0.38749806  0.0879621   1.1         0.06771878]
at minimum 0.0691 accepted 1  with params [-4.44626488  0.51636823  0.21088836  0.86149368  0.27176472]
at minimum 0.0520 accepted 1  with params [-4.53626805  0.60714398  0.49999937  1.09999933  0.40095026]
at minimum 0.0209 accepted 1  with params [-4.92397451  0.25159161  0.18342593  1.1         0.1714291 ]
at minimum 0.1312 accepted 1  with params [-5.25724769e+00  3.68641250e-02  5.00000000e-01  1.10000000e+00
  7.54844344e-19]
at minimum 0.0251 accepted 1  with params [-4.85489436 -0.1         0.15379558  0.92572599  0.00526272]
at minimum 0.0285 accepted 1  with params [-4.55662298 -0.1         0.25701326  1.1         0.37296601]
at minimum 0.0486 accepted 1  with params [-4.16495479  0.33642174  0.5         1.1         0.3983822 ]
at minimum 0.0563 accepted 1  with params [-4.53916352e+00  6.79168987e-01  3.99742356e-01  1.09999994e+00
  6.52035643e-04]
at minimum 0.0482 accepted 1  with params [-4.20804261  0.26165885  0.49999661  1.09999503  0.        ]
at minimum 0.0912 accepted 1  with params [-4.06311273e+00  4.58479276e-01  9.14908932e-02  1.09999995e+00
  9.82906757e-07]
at minimum 0.0603 accepted 1  with params [-4.55112383  0.42163915  0.18934412  0.81934535  0.10118781]
at minimum 0.0582 accepted 1  with params [-4.19687031  0.34844642  0.39900835  1.1         0.13807309]
at minimum 0.0693 accepted 1  with params [-4.25838237  0.76342096  0.32319698  0.74020854  0.0292805 ]
at minimum 0.0771 accepted 1  with params [-4.37906944  0.88642569  0.44952401  0.5         0.        ]
at minimum 0.0777 accepted 1  with params [-4.40145328  0.89542595  0.5         0.5         0.18827296]
at minimum 0.0766 accepted 1  with params [-3.94048446  0.99        0.2904032   0.5         0.47929521]
at minimum 0.0921 accepted 1  with params [-3.85023476  0.60390866  0.01        0.61129471  0.82211215]
at minimum 0.0893 accepted 1  with params [-3.96759482  0.34883495  0.01        0.75955819  1.01916925]
at minimum 0.0487 accepted 1  with params [-3.90044571  0.2477972   0.34430794  1.09999989  0.55199834]
at minimum 0.0499 accepted 1  with params [-4.16124758e+00  3.34476513e-03  4.47681585e-01  1.09999847e+00
  2.17226320e-01]
at minimum 0.0678 accepted 1  with params [-4.51510163 -0.09999993  0.0967382   1.09999994  0.26174486]
at minimum 0.0761 accepted 1  with params [-4.41640742 -0.09999992  0.11288352  1.1         0.20136176]
at minimum 0.0839 accepted 1  with params [-4.53367498  0.12988679  0.01        1.1         0.        ]
at minimum 0.0964 accepted 1  with params [-4.2224847   0.46390292  0.01000003  1.1         0.2289928 ]
at minimum 0.0968 accepted 1  with params [-4.24739809  0.73788916  0.01        1.1         0.44797069]
at minimum 0.0907 accepted 1  with params [-4.45604712  0.64615411  0.01        1.1         0.69594573]
at minimum 0.0754 accepted 1  with params [-4.27027276  0.73514459  0.29492944  1.1         0.71410296]
at minimum 0.0696 accepted 1  with params [-4.14122514  0.77539249  0.29557027  1.09999286  0.35133887]
at minimum 0.1002 accepted 1  with params [-3.81294197  0.63920902  0.01        1.1         0.80986974]
at minimum 0.0877 accepted 1  with params [-4.26807699  0.73553305  0.01        0.61144036  1.25123464]
at minimum 0.0836 accepted 1  with params [-4.56603115  0.94492098  0.07944177  0.5         1.56379618]
at minimum 0.0236 accepted 1  with params [-4.93833397  0.62023591  0.32756233  0.71034432  1.14614921]
at minimum 0.0266 accepted 1  with params [-5.16696923  0.17213474  0.5         0.72752352  1.22503748]
at minimum 0.0309 accepted 1  with params [-4.83453584 -0.1         0.5         0.5         1.47792897]
at minimum 0.0698 accepted 0  with params [-4.64345721 -0.08393426  0.17916759  0.5         1.54324878]
at minimum 0.0428 accepted 1  with params [-5.03240822 -0.1         0.22265299  0.5         1.24228572]
at minimum 0.0734 accepted 1  with params [-4.71168103  0.15131807  0.14541494  0.5         1.67507152]
at minimum 0.0884 accepted 1  with params [-4.50209287  0.62090246  0.01        0.5         1.60755529]
at minimum 0.0765 accepted 1  with params [-4.60480342  0.72695404  0.01000004  0.68941977  1.93594213]
at minimum 0.0794 accepted 1  with params [-4.52702449  0.25980101  0.01000001  0.90567317  1.75980494]
at minimum 0.0733 accepted 1  with params [-4.79469177  0.12845813  0.01        0.96752464  1.52565813]
at minimum 0.0798 accepted 1  with params [-4.51618554  0.45341389  0.01        0.89480913  1.40465865]
at minimum 0.0912 accepted 1  with params [-4.1961925  -0.01226441  0.10179831  0.50000005  1.74791025]
at minimum 0.0923 accepted 1  with params [-4.45750551  0.03062266  0.01        0.5         1.57441528]
at minimum 0.0982 accepted 1  with params [-4.83285494 -0.1         0.01        0.5         2.05088987]
at minimum 0.0935 accepted 1  with params [-5.19219846 -0.1         0.01000001  0.83404156  2.25605936]
at minimum 0.0905 accepted 1  with params [-5.33117857 -0.09999852  0.01000002  0.95997431  1.95952585]
at minimum 0.1139 accepted 1  with params [-5.80846655  0.03991983  0.06895598  0.58000299  1.89496063]
at minimum 0.0825 accepted 1  with params [-5.91645889 -0.1         0.39290649  0.83755747  1.7165611 ]
at minimum 0.1149 accepted 1  with params [-5.73394007 -0.1         0.13786963  0.5         2.19276748]
at minimum 0.0592 accepted 1  with params [-5.29339917  0.01532993  0.36960614  0.61357989  2.57722792]
at minimum 0.0625 accepted 1  with params [-4.77213333  0.35093621  0.49999999  0.65554045  2.71052868]
at minimum 0.1184 accepted 1  with params [-5.31308604 -0.1         0.2748284   0.72501702  3.21752493]
at minimum 0.0484 accepted 1  with params [-5.49186659 -0.1         0.41417144  1.1         2.88349549]
at minimum 0.0295 accepted 1  with params [-5.16763773  0.14420264  0.36142958  1.06017203  2.68943559]
at minimum 0.0832 accepted 0  with params [-5.37617219  0.17621482  0.01        1.1         2.24948329]
at minimum 0.1197 accepted 1  with params [-5.14574906 -0.09999972  0.01000017  1.09999958  2.9493091 ]
at minimum 0.0972 accepted 1  with params [-5.29819906  0.38260804  0.01        1.1         3.34237322]
at minimum 0.0981 accepted 1  with params [-5.597757    0.37236286  0.0100001   1.09999986  3.55372964]
at minimum 0.1271 accepted 1  with params [-5.53215054  0.09861628  0.01000051  0.70179808  3.45996822]
at minimum 0.1240 accepted 1  with params [-5.94780741 -0.1         0.2778991   0.5         3.07628246]
at minimum 0.1136 accepted 1  with params [-6.         -0.1         0.49999955  0.50000055  3.17099609]
at minimum 0.1274 accepted 1  with params [-6.         -0.09999969  0.39817549  0.58776328  3.53408236]
at minimum 0.1194 accepted 1  with params [-5.46688677 -0.1         0.48671761  0.5         3.42214779]
at minimum 0.1201 accepted 1  with params [-5.82905783  0.2718302   0.12367518  0.5         3.63378039]
at minimum 0.0213 accepted 1  with params [-6.    0.99  0.01  0.5   4.  ]
at minimum 0.1020 accepted 1  with params [-5.95717592  0.51425153  0.1227205   0.70227191  4.        ]
at minimum 0.0841 accepted 1  with params [-6.          0.60117633  0.0942488   1.1         3.55119595]
at minimum 0.1113 accepted 1  with params [-6.          0.10300594  0.31097603  1.03354466  3.74837358]
at minimum 0.1115 accepted 1  with params [-5.54826728  0.22586106  0.20571425  1.09999803  3.98178776]
at minimum 0.0846 accepted 1  with params [-5.26515926  0.73337048  0.49999995  1.09999993  3.92517003]
at minimum 0.0916 accepted 1  with params [-5.57938154  0.41636813  0.49999958  1.09999949  3.99999658]
at minimum 0.0955 accepted 1  with params [-5.10314331  0.44859763  0.01        1.1         3.60854567]
at minimum 0.0911 accepted 1  with params [-5.23519774  0.16930269  0.45660906  0.60700441  3.18783754]
at minimum 0.1344 accepted 1  with params [-5.0691202   0.07122271  0.04502919  0.66710884  3.6451399 ]
at minimum 0.0668 accepted 1  with params [-5.44296331  0.1047388   0.5         0.96705184  3.24841389]
at minimum 0.0836 accepted 1  with params [-5.35709955 -0.1         0.5         0.96693192  3.25098572]
at minimum 0.1493 accepted 1  with params [-4.81761416 -0.09999853  0.10585959  1.09999919  3.19686376]
at minimum 0.1354 accepted 1  with params [-4.54234653 -0.1         0.5         1.1         3.71560234]
at minimum 0.0741 accepted 1  with params [-4.40606139  0.89429759  0.03396134  0.85400244  4.        ]
at minimum 0.0191 accepted 1  with params [-4.76119996  0.99        0.01        0.57613663  4.        ]
at minimum 0.0191 accepted 1  with params [-4.76146188  0.99        0.01        0.57613663  4.        ]
at minimum 0.0193 accepted 1  with params [-4.85903618  0.99        0.1386333   0.57859611  3.90833999]
at minimum 0.1084 accepted 1  with params [-5.39541607  0.57528619  0.01        0.5         3.7319592 ]
at minimum 0.0959 accepted 1  with params [-5.14320494  0.60269776  0.01        0.76915187  3.74474782]
at minimum 0.0700 accepted 1  with params [-5.34231948  0.58822764  0.41339887  1.1         3.48568533]
at minimum 0.0424 accepted 1  with params [-4.86907009  0.96730554  0.01        0.76614172  3.93474129]
at minimum 0.0493 accepted 1  with params [-4.34458413  0.95936592  0.01        0.78599027  3.7703822 ]
at minimum 0.0943 accepted 1  with params [-4.30776919  0.47175576  0.01086185  1.1         3.63092961]
at minimum 0.0913 accepted 1  with params [-4.33148482  0.46045405  0.47384088  1.1         3.70534968]
at minimum 0.0916 accepted 1  with params [-4.77041206  0.25329844  0.5         1.1         3.2465001 ]
at minimum 0.1200 accepted 1  with params [-5.11428667  0.24240931  0.1959551   0.60577594  3.49312152]
at minimum 0.1069 accepted 1  with params [-5.47864609  0.46336631  0.5         0.50000003  3.7576906 ]
at minimum 0.1395 accepted 1  with params [-5.4452608  -0.08003992  0.34274562  0.5         3.73036105]
at minimum 0.1283 accepted 1  with params [-5.83582714  0.1252444   0.3823119   0.5         4.        ]
at minimum 0.1113 accepted 1  with params [-5.49992221  0.38923888  0.26628897  0.52084697  3.58841997]
at minimum 0.1164 accepted 1  with params [-4.97192844  0.40910795  0.18893536  0.50000009  3.75014743]
at minimum 0.0822 accepted 1  with params [-4.32695828  0.79061642  0.5         0.9179795   3.73123334]
at minimum 0.0674 accepted 1  with params [-5.15092129  0.72923591  0.49999901  1.09999883  3.4081784 ]
at minimum 0.0828 accepted 1  with params [-4.68906402  0.79574482  0.31465565  0.95754951  3.94040809]
at minimum 0.0194 accepted 1  with params [-4.60736905  0.99        0.20078547  0.56678715  4.        ]
at minimum 0.0210 accepted 1  with params [-5.08703539  0.99        0.5         0.5         3.75606757]
at minimum 0.1090 accepted 1  with params [-5.51651213  0.49843903  0.29511817  0.5         3.75439125]
at minimum 0.0412 accepted 1  with params [-5.40817953  0.57892394  0.45334454  1.03360522  3.13798972]
at minimum 0.1332 accepted 1  with params [-5.46673433  0.98999567  0.33873592  1.1         3.4943656 ]
at minimum 0.0517 accepted 1  with params [-5.62613759  0.92682595  0.49999993  0.90909002  3.63117553]
at minimum 0.1437 accepted 1  with params [-5.54253646  0.99        0.5         1.1         3.77249669]
at minimum 0.0595 accepted 1  with params [-5.6589527   0.97267659  0.48765658  1.09696536  3.9852778 ]
at minimum 0.0727 accepted 1  with params [-5.83596474  0.80092826  0.5         1.1         3.9084268 ]
at minimum 0.0194 accepted 1  with params [-6.          0.98999969  0.17173064  0.55555246  3.55617765]
at minimum 0.0773 accepted 1  with params [-6.          0.752813    0.49999951  0.5         3.22823948]
at minimum 0.1086 accepted 1  with params [-5.64362476  0.33929217  0.4999999   0.54637089  3.78385401]
at minimum 0.1036 accepted 1  with params [-5.09156162  0.49236568  0.38029822  0.50000286  3.37578366]
at minimum 0.0812 accepted 1  with params [-5.11750622  0.99        0.04053877  1.03292182  2.9338582 ]
at minimum 0.0878 accepted 1  with params [-5.38868811  0.6437978   0.01        0.97785008  3.37370801]
at minimum 0.0937 accepted 1  with params [-4.90610615  0.64241975  0.01        0.76401674  3.21277231]
at minimum 0.0724 accepted 1  with params [-5.26427941  0.99        0.01        1.1         2.73791348]
at minimum 0.0868 accepted 1  with params [-5.85003196  0.56403431  0.01000041  0.86630957  2.36093398]
at minimum 0.0789 accepted 1  with params [-6.          0.89658549  0.05035491  0.5         2.78731993]
at minimum 0.0185 accepted 1  with params [-6.          0.99        0.5         0.6050001   3.08923851]
at minimum 0.0813 accepted 1  with params [-6.          0.71467906  0.5         0.5         3.32045284]
at minimum 0.0203 accepted 1  with params [-6.          0.99        0.5         0.5000002   3.62738714]
at minimum 0.0964 accepted 1  with params [-6.          0.62375239  0.2398855   0.5         3.28659288]
at minimum 0.0576 accepted 1  with params [-5.66570409  0.60077767  0.41351707  0.66937709  2.89883118]
at minimum 0.0356 accepted 1  with params [-5.6868845   0.4200733   0.5         0.96606348  2.94294504]
at minimum 0.0990 accepted 1  with params [-5.99856648 -0.1         0.49999997  1.1         3.41902849]
at minimum 0.0990 accepted 1  with params [-5.47058195  0.32071268  0.5         0.6374503   3.58113429]
at minimum 0.0429 accepted 1  with params [-5.0640585   0.47128566  0.4999999   1.0918262   3.06394505]
at minimum 0.2096 accepted 1  with params [-4.70723886  0.98863703  0.5         1.1         3.58855454]
at minimum 0.0240 accepted 1  with params [-4.4352161   0.98370842  0.12763826  0.6633677   3.95091953]
at minimum 0.0382 accepted 1  with params [-4.30329721  0.97145864  0.01        0.75127799  4.        ]
at minimum 0.0191 accepted 1  with params [-4.72000868  0.99        0.01        0.57613669  4.        ]
at minimum 0.0194 accepted 1  with params [-4.1906049   0.99        0.25497565  0.5688709   4.        ]
at minimum 0.0971 accepted 0  with params [-4.42809017  0.42346208  0.02737073  1.1         3.53559782]
at minimum 0.0820 accepted 1  with params [-4.64253775  0.80949143  0.41191833  0.92564229  4.        ]
at minimum 0.0347 accepted 1  with params [-4.03742196  0.97453295  0.40361935  0.73460241  4.        ]
at minimum 0.0834 accepted 1  with params [-4.64168764  0.78336442  0.36837437  0.95821271  4.        ]
at minimum 0.0191 accepted 1  with params [-4.89595765  0.99        0.01538315  0.5761057   4.        ]
at minimum 0.0192 accepted 1  with params [-4.67956317  0.99        0.04098357  0.57562197  3.87793059]
at minimum 0.0978 accepted 1  with params [-5.1652795   0.73772728  0.4999999   0.5         3.7515504 ]
at minimum 0.1252 accepted 1  with params [-5.49151367  0.18815786  0.5         0.5         4.        ]
at minimum 0.1273 accepted 1  with params [-5.56324602 -0.1         0.5         0.5         3.59898096]
at minimum 0.1178 accepted 1  with params [-6.         -0.09999998  0.43926892  0.5         3.13297015]
at minimum 0.0877 accepted 1  with params [-5.49803596  0.08748534  0.45689148  0.50000141  3.03244461]
at minimum 0.0983 accepted 1  with params [-5.81751117  0.43002483  0.5         0.5         3.58656342]
at minimum 0.0488 accepted 1  with params [-6.          0.8694411   0.5         0.75952666  3.09382344]
at minimum 0.0798 accepted 1  with params [-6.          0.73485917  0.1018301   0.98804776  3.3455132 ]
at minimum 0.0181 accepted 1  with params [-5.60216518  0.99        0.5         0.55000698  3.16299288]
at minimum 0.0430 accepted 1  with params [-6.          0.99        0.5         0.83451256  3.54618163]
at minimum 0.0828 accepted 1  with params [-6.          0.55435741  0.37261848  1.1         4.        ]
at minimum 0.0783 accepted 1  with params [-6.          0.83282899  0.33759851  1.1         4.        ]
at minimum 0.0965 accepted 1  with params [-6.          0.41548722  0.01        1.1         3.90781004]
at minimum 0.0892 accepted 1  with params [-6.          0.54751703  0.01        1.00753157  3.39846984]
at minimum 0.0951 accepted 1  with params [-6.          0.42317223  0.01        1.1         3.74209669]
at minimum 0.0749 accepted 1  with params [-5.99999981  0.91200265  0.10239401  1.1         3.69784121]
at minimum 0.0841 accepted 1  with params [-6.          0.81025424  0.01        1.1         4.        ]
at minimum 0.0819 accepted 1  with params [-5.99999716  0.86625752  0.01        1.09999943  3.9999962 ]
at minimum 0.0872 accepted 1  with params [-6.          0.55210945  0.22857038  1.09139899  4.        ]
at minimum 0.0921 accepted 1  with params [-5.44196794  0.44851872  0.49999991  1.1         4.        ]
at minimum 0.1304 accepted 1  with params [-5.85298911 -0.09999867  0.5         0.89598544  3.85166367]
at minimum 0.1318 accepted 1  with params [-6.         -0.1         0.27987516  1.1         3.66268648]
at minimum 0.0821 accepted 1  with params [-5.94409125  0.5280906   0.43891948  1.1         4.        ]
at minimum 0.0861 accepted 1  with params [-5.75316922  0.55312051  0.5         0.93865416  3.99999684]
at minimum 0.0900 accepted 1  with params [-6.          0.78600705  0.21339872  0.50000666  3.37742473]
at minimum 0.0997 accepted 1  with params [-6.          0.12679735  0.5         0.5         2.99965169]
at minimum 0.0987 accepted 1  with params [-6.         -0.1         0.41078762  0.72139466  2.4311596 ]
at minimum 0.0852 accepted 1  with params [-5.57149429  0.45988897  0.01        0.80777928  1.92427596]
at minimum 0.0810 accepted 1  with params [-5.19920376  0.463307    0.01        0.92310783  2.47991876]
at minimum 0.0866 accepted 1  with params [-4.9278983   0.64279075  0.01        1.009532    2.94879711]
at minimum 0.1093 accepted 1  with params [-5.44664896  0.19181865  0.5         0.5         3.49601535]
at minimum 0.1183 accepted 1  with params [-5.99999997  0.3383533   0.01        0.50522429  3.70733708]
at minimum 0.1187 accepted 1  with params [-6.          0.25304025  0.04466512  0.68734012  3.92954528]
at minimum 0.1366 accepted 1  with params [-5.75027005 -0.1         0.236811    0.5         3.5670524 ]
at minimum 0.0893 accepted 1  with params [-5.24241744  0.12824934  0.48722522  0.99130921  3.40565934]
at minimum 0.0832 accepted 1  with params [-4.64484149  0.67550516  0.22883288  1.0999995   3.15633124]
at minimum 0.0668 accepted 1  with params [-5.25588698  0.52637469  0.44863782  1.1         3.40505084]
at minimum 0.0825 accepted 1  with params [-5.92879364  0.49265219  0.07557824  1.1         2.94376799]
at minimum 0.0635 accepted 1  with params [-6.          0.68374372  0.29933563  0.86515936  2.50579602]
at minimum 0.0257 accepted 1  with params [-5.63810418  0.08100225  0.42618713  1.1         2.29662768]
at minimum 0.0740 accepted 1  with params [-5.99999995  0.26000636  0.25157704  1.09999841  2.45109336]
at minimum 0.1179 accepted 1  with params [-5.83692352 -0.09999995  0.01        1.09999997  2.46419261]
at minimum 0.1032 accepted 1  with params [-5.60336625 -0.099999    0.1081554   0.60396652  1.8660131 ]
at minimum 0.0665 accepted 1  with params [-5.27880693  0.07301814  0.09504674  0.77421957  1.64879678]
at minimum 0.0728 accepted 1  with params [-4.87963618  0.13330988  0.0190732   0.83634221  1.68326771]
at minimum 0.0773 accepted 1  with params [-4.88614998 -0.1         0.01        0.83006925  1.69574023]
at minimum 0.0889 accepted 1  with params [-5.401555   -0.1         0.01        1.09999853  1.60702369]
at minimum 0.0950 accepted 1  with params [-5.51732417 -0.09999936  0.01000029  1.09999965  0.92860409]
at minimum 0.1053 accepted 1  with params [-5.50084697 -0.1         0.01        0.71148981  1.44920784]
at minimum 0.1009 accepted 1  with params [-5.29273317  0.01100578  0.01000002  0.5000003   1.68731332]
at minimum 0.0178 accepted 1  with params [-4.85511758 -0.05703837  0.5         0.86014314  1.21435706]
at minimum 0.0192 accepted 1  with params [-5.16549815  0.62389926  0.5         0.95134121  1.85870023]
at minimum 0.0140 accepted 1  with params [-5.49367341  0.50316986  0.46977226  0.91484903  1.42256366]
at minimum 0.0983 accepted 1  with params [-5.72048928  0.33710957  0.0100001   0.69819223  1.96410644]
at minimum 0.0421 accepted 1  with params [-6.          0.89952874  0.47982817  1.09999558  2.57527298]
at minimum 0.0564 accepted 1  with params [-5.83267466  0.95384336  0.16668732  1.09999989  2.24181007]
at minimum 0.0235 accepted 1  with params [-5.44151481  0.66983864  0.29451098  1.09999963  1.82784046]
at minimum 0.0462 accepted 1  with params [-5.08683892  0.35162613  0.5         0.50207034  2.41873373]
