./../runners.py:177: RuntimeWarning: invalid value encountered in multiply
  model_input = self.k*x_tm1
./../dsp_utils.py:9: RuntimeWarning: invalid value encountered in double_scalars
  self.state = 1./self.tau*x + (1-1./self.tau)*self.state
/scratch/ar2342/miconda3/envs/eb_hyperacuity3/lib/python3.9/site-packages/scipy/optimize/_numdiff.py:576: RuntimeWarning: invalid value encountered in subtract
  df = fun(x) - f0
at minimum 0.0807 accepted 1  with params [-4.5   0.4   0.05  1.  ]
at minimum 0.0345 accepted 1  with params [-4.78474909  0.41129898  0.18626217  1.1       ]
at minimum 0.0849 accepted 1  with params [-4.40543221  0.73299302  0.01        0.73657248]
at minimum 0.0763 accepted 1  with params [-4.74988161  0.98999689  0.44564115  0.50000171]
at minimum 0.0821 accepted 1  with params [-4.48600445  0.57234124  0.25113263  0.5       ]
at minimum 0.0781 accepted 1  with params [-4.64701294  0.21132589  0.01000012  0.6962244 ]
at minimum 0.0857 accepted 1  with params [-4.36412521  0.61701547  0.01        0.85377559]
at minimum 0.0517 accepted 1  with params [-4.20795785  0.2237835   0.41408794  0.99391154]
at minimum 0.0252 accepted 1  with params [-3.90967489  0.26246476  0.5         0.98203903]
at minimum 0.0402 accepted 1  with params [-4.07657542  0.35706829  0.5         1.1       ]
at minimum 0.0616 accepted 1  with params [-4.40956111  0.17412636  0.25818638  1.1       ]
at minimum 0.0905 accepted 1  with params [-4.38549548  0.22392026  0.01        1.1       ]
at minimum 0.0524 accepted 1  with params [-4.14375906 -0.1         0.39158038  1.1       ]
at minimum 0.0288 accepted 1  with params [-3.67421843 -0.1         0.25373204  0.82686742]
at minimum 0.0440 accepted 1  with params [-4.13904902 -0.1         0.48965125  0.83145521]
at minimum 0.0177 accepted 1  with params [-4.59826094 -0.1         0.38097806  1.1       ]
at minimum 0.0312 accepted 1  with params [-4.99487695  0.35306682  0.41746164  0.95173142]
at minimum 0.0250 accepted 1  with params [-5.2802985  -0.06179951  0.38769025  0.70064116]
at minimum 0.0480 accepted 1  with params [-5.40183855 -0.09999999  0.36447795  0.50000001]
at minimum 0.0338 accepted 1  with params [-5.31964537 -0.1         0.4204794   0.5       ]
at minimum 0.0826 accepted 0  with params [-5.56196492 -0.09999968  0.27040091  0.50000019]
at minimum 0.0526 accepted 1  with params [-5.6846929  -0.02749823  0.5         0.61506845]
at minimum 0.0549 accepted 1  with params [-5.65724753  0.23524586  0.5         0.5       ]
at minimum 0.0722 accepted 1  with params [-5.39009316  0.54325938  0.1345671   0.5       ]
at minimum 0.0679 accepted 1  with params [-4.93455478  0.85022164  0.01        0.70422623]
at minimum 0.0880 accepted 1  with params [-4.61164888  0.95823839  0.01        0.5       ]
at minimum 0.0851 accepted 1  with params [-4.39859417  0.99        0.06461926  0.84473332]
at minimum 0.0826 accepted 1  with params [-4.88356368  0.98999945  0.01        1.1       ]
at minimum 0.0488 accepted 1  with params [-5.14929951  0.99        0.39318356  0.75709972]
at minimum 0.0707 accepted 1  with params [-4.9723155   0.81740914  0.10058412  0.5       ]
at minimum 0.0722 accepted 1  with params [-4.84838835  0.92017131  0.01000219  0.89172086]
at minimum 0.0431 accepted 1  with params [-4.91831693  0.73953959  0.2115484   1.1       ]
at minimum 0.0835 accepted 1  with params [-4.5009978   0.38221263  0.01        0.65739896]
at minimum 0.0755 accepted 1  with params [-4.32150525  0.40863885  0.27522956  0.60872602]
at minimum 0.0895 accepted 1  with params [-4.45921324  0.58794538  0.08159762  0.5       ]
at minimum 0.0879 accepted 1  with params [-4.06607029  0.64937508  0.10673095  0.568041  ]
at minimum 0.0741 accepted 1  with params [-4.3525734   0.49490858  0.49175713  0.51746756]
at minimum 0.0584 accepted 1  with params [-4.27860596  0.80767173  0.5         0.65568299]
at minimum 0.0632 accepted 1  with params [-4.43976619  0.96807035  0.49999855  1.08699486]
at minimum 0.0359 accepted 1  with params [-4.01819221  0.99        0.5         0.98896205]
at minimum 0.0714 accepted 1  with params [-4.17082414  0.99        0.32746807  1.1       ]
at minimum 0.0732 accepted 1  with params [-4.33695248  0.89236831  0.3348306   1.09929649]
at minimum 0.0608 accepted 1  with params [-3.93195331  0.99        0.28925383  1.1       ]
at minimum 0.0559 accepted 1  with params [-3.60294832  0.99        0.10476338  1.1       ]
at minimum 0.0930 accepted 1  with params [-3.59288257  0.57904408  0.01000257  1.0999976 ]
at minimum 0.0164 accepted 1  with params [-3.75571973  0.57904402  0.5         0.74486236]
at minimum 41873904131832124174623538072545427861763346374546443538006016.0000 accepted 0  with params [-3.48982321  0.98999999  0.5         0.83674474]
at minimum 0.0643 accepted 1  with params [-4.22537572  0.5512533   0.5         0.60495301]
at minimum 0.0708 accepted 1  with params [-4.49160336  0.65717211  0.21116312  0.85446804]
at minimum 0.0823 accepted 1  with params [-4.51100497  0.497819    0.01        0.73821304]
at minimum 0.0545 accepted 1  with params [-4.50438455  0.16094669  0.21308456  0.8486921 ]
at minimum 0.0885 accepted 1  with params [-4.11643638 -0.1         0.01        0.74112234]
at minimum 0.0855 accepted 1  with params [-4.39331978 -0.09999688  0.01000119  1.00047368]
at minimum 0.0998 accepted 1  with params [-3.97373166  0.26847782  0.01        1.1       ]
at minimum 0.0994 accepted 1  with params [-4.00105342 -0.01917948  0.01        1.1       ]
at minimum 0.0587 accepted 1  with params [-4.49690757  0.28583019  0.24651488  1.1       ]
at minimum 0.0519 accepted 1  with params [-4.43903956  0.36074056  0.5         1.1       ]
at minimum 0.0346 accepted 1  with params [-3.98406941  0.81307289  0.5         1.1       ]
at minimum 1.7112 accepted 0  with params [-3.61212065  0.99        0.5         0.73618186]
at minimum 0.1006 accepted 1  with params [-3.93095307  0.99        0.01        1.1       ]
at minimum 0.0746 accepted 1  with params [-4.28463764  0.58355031  0.2633847   1.1       ]
at minimum 0.0446 accepted 1  with params [-4.08145657  0.88751882  0.5         1.1       ]
at minimum 0.0566 accepted 1  with params [-4.62442075  0.7944001   0.49999821  1.1       ]
at minimum 0.0500 accepted 1  with params [-5.00407601  0.96307896  0.48405581  1.1       ]
at minimum 0.0662 accepted 0  with params [-4.81294787  0.91757438  0.28022062  1.09999992]
at minimum 0.0817 accepted 1  with params [-4.64750704  0.98999991  0.09462635  0.94233419]
at minimum 0.0898 accepted 1  with params [-4.37096651  0.73427663  0.01        0.56841195]
at minimum 0.0770 accepted 1  with params [-4.66098248  0.56773473  0.01        0.76716046]
at minimum 0.0251 accepted 1  with params [-5.15558278  0.05270153  0.42605582  0.53089733]
at minimum 0.0457 accepted 1  with params [-5.45979517  0.16196855  0.5         1.08590704]
at minimum 0.0612 accepted 1  with params [-5.00450687  0.68870585  0.05799145  1.1       ]
at minimum 0.0735 accepted 1  with params [-4.86172361  0.97675025  0.25314125  1.1       ]
at minimum 0.0739 accepted 1  with params [-4.34131887  0.4439599   0.2761136   1.1       ]
at minimum 0.0177 accepted 1  with params [-3.79912637  0.57159344  0.5         0.84169338]
at minimum 0.0362 accepted 1  with params [-4.05137751  0.54503634  0.5         0.85989049]
at minimum 0.0667 accepted 1  with params [-3.79443857  0.82363807  0.28203138  0.5       ]
at minimum 0.0477 accepted 1  with params [-3.64135279  0.33413825  0.25028784  0.5       ]
at minimum 117322368989308014602361412918821610624012960378388480.0000 accepted 0  with params [-3.43771718  0.39154098  0.09205811  0.95175657]
at minimum 0.0658 accepted 1  with params [-4.10607482 -0.07096043  0.25278317  0.83260083]
at minimum 0.0850 accepted 1  with params [-4.35573826  0.2777961   0.21064834  0.5       ]
at minimum 0.0672 accepted 1  with params [-4.15693849 -0.04039407  0.48849339  0.5       ]
at minimum 0.0702 accepted 1  with params [-4.40796422 -0.05079571  0.5         0.50000039]
at minimum 0.0559 accepted 1  with params [-4.64845601  0.33964342  0.40258757  0.50000027]
at minimum 0.0936 accepted 1  with params [-4.20058709  0.53255261  0.01427606  1.03495412]
at minimum 0.0955 accepted 1  with params [-3.97319746  0.90370046  0.01        0.51234912]
at minimum 0.0710 accepted 1  with params [-4.10216159  0.98999169  0.2682704   0.97071817]
at minimum 0.0592 accepted 1  with params [-3.87320373  0.99        0.26101792  1.09999952]
at minimum 0.0921 accepted 1  with params [-4.39855072  0.44922975  0.01        1.1       ]
at minimum 0.0135 accepted 1  with params [-4.88786749  0.3138048   0.29407997  0.81238703]./../fitting_utils.py:28: RuntimeWarning: Mean of empty slice
  pooling_fun = lambda x,y: np.nanmean((x-y)**2)

at minimum 0.0618 accepted 1  with params [-4.34911087  0.03405335  0.5         0.56862613]
at minimum 0.0462 accepted 1  with params [-4.18652394 -0.09999751  0.5         0.81759496]
at minimum 0.0409 accepted 1  with params [-3.70450312  0.40395168  0.5         0.85540963]
at minimum 0.0867 accepted 1  with params [-3.77739688  0.55116816  0.03521687  0.76851581]
at minimum 67246031068633.0938 accepted 0  with params [-3.5088721   0.27037703  0.06555274  0.91730037]
at minimum 0.0621 accepted 1  with params [-4.25210779  0.99        0.48392528  0.65933836]
at minimum 0.0578 accepted 1  with params [-3.71052748  0.98999661  0.21497719  0.63358261]
at minimum 100000000000000000000.0000 accepted 0  with params [-3.2645185   0.88697267  0.01        0.5       ]
at minimum 0.0283 accepted 1  with params [-3.6041375   0.99        0.24149257  1.09999998]
at minimum 101456970.8972 accepted 0  with params [-3.51930364  0.75846094  0.03787849  1.1       ]
at minimum 0.0346 accepted 1  with params [-3.7676522   0.90048606  0.49999971  1.09999964]
at minimum 0.0286 accepted 1  with params [-3.64507015  0.37837526  0.25216543  1.1       ]
at minimum 100000000000000000000.0000 accepted 0  with params [-3.14833917  0.18887544  0.5         0.5       ]
at minimum 0.0957 accepted 1  with params [-3.62060013  0.74741726  0.01        1.1       ]
at minimum 100000000000000000000.0000 accepted 0  with params [-3.29945205  0.87975679  0.01        1.00695319]
at minimum 0.0999 accepted 1  with params [-4.04050585  0.82931663  0.01        1.1       ]
at minimum 0.0961 accepted 1  with params [-4.25867159  0.49538766  0.01000152  1.09999795]
at minimum 0.0817 accepted 1  with params [-4.33630748  0.09206983  0.14735167  1.1       ]
at minimum 0.0853 accepted 1  with params [-4.25635942  0.17356279  0.03822242  0.83020763]
at minimum 0.0770 accepted 1  with params [-3.66795496  0.39585668  0.08289082  1.1       ]
at minimum 0.0970 accepted 1  with params [-4.15086235  0.10650352  0.01        1.1       ]
at minimum 0.0285 accepted 1  with params [-4.53606552 -0.1         0.49999984  0.86639592]
at minimum 0.0405 accepted 1  with params [-4.65162426 -0.1         0.35774111  0.5000001 ]
at minimum 0.0381 accepted 1  with params [-4.5539348  -0.09999993  0.22364389  0.92917295]
at minimum 0.0770 accepted 1  with params [-4.16768421 -0.1         0.23863256  0.5924406 ]
at minimum 0.0952 accepted 1  with params [-3.70470759 -0.1         0.01        0.5       ]
at minimum 25698102.7840 accepted 0  with params [-3.55188551 -0.09999993  0.47952194  0.50000004]
at minimum 0.0931 accepted 1  with params [-4.26562862 -0.1         0.01        1.1       ]
at minimum 0.1002 accepted 1  with params [-3.87470457 -0.1         0.01        1.1       ]
at minimum 0.0588 accepted 1  with params [-3.78776047 -0.03346237  0.18412025  0.87335635]
at minimum 0.0999 accepted 1  with params [-3.20760768 -0.1         0.5         0.80406504]
at minimum 0.0238 accepted 1  with params [-3.24226273 -0.1         0.5         0.87899746]
at minimum inf accepted 0  with params [-3.         -0.0958377   0.01        1.05351971]
at minimum 100000000000000000000.0000 accepted 0  with params [-3.18879113  0.15716165  0.3188339   0.75350341]
at minimum 100000000000000000000.0000 accepted 0  with params [-3.18077112 -0.1         0.08078494  1.1       ]
at minimum inf accepted 0  with params [-3.          0.01080375  0.09821675  0.55289419]
at minimum inf accepted 0  with params [-3.1344775  -0.1         0.21061772  0.5       ]
at minimum 94932685692771363717120.0000 accepted 0  with params [-3.49950614 -0.1         0.22192256  0.99852354]
at minimum 0.0205 accepted 1  with params [-3.71451152 -0.1         0.35039626  0.93220135]
at minimum inf accepted 0  with params [-3.42064922 -0.1         0.33750617  0.78596888]
at minimum 0.0936 accepted 1  with params [-3.82060654  0.26173002  0.01        0.95764532]
at minimum 100000000000000000000.0000 accepted 0  with params [-3.28150454  0.24228509  0.01        0.53159179]
at minimum 100000000000000000000.0000 accepted 0  with params [-3.43149516  0.01113389  0.49438174  0.95264413]
at minimum 0.0497 accepted 1  with params [-3.60426377  0.49534104  0.29338656  1.1       ]
at minimum 0.0738 accepted 1  with params [-4.14690333  0.43420549  0.26104001  0.64573228]
at minimum 0.0706 accepted 1  with params [-4.12127362  0.17648449  0.2665614   1.1       ]
at minimum 0.0526 accepted 1  with params [-4.14777211  0.33761148  0.43248991  1.1       ]
at minimum 0.0489 accepted 1  with params [-4.42975483  0.10759509  0.5         1.1       ]
at minimum 0.0529 accepted 1  with params [-4.42930488 -0.1         0.5         0.61499508]
at minimum 0.0955 accepted 1  with params [-4.08605227  0.44203441  0.01        0.5       ]
at minimum 0.0181 accepted 1  with params [-4.59327912 -0.01601429  0.49999981  0.97392602]
at minimum 0.0563 accepted 1  with params [-4.46746548  0.59284381  0.5         1.1       ]
at minimum 0.0606 accepted 1  with params [-4.06231812  0.39103325  0.3104507   1.1       ]
at minimum 0.0519 accepted 1  with params [-4.29260572  0.08407142  0.5         0.79068818]
at minimum 0.0509 accepted 1  with params [-4.19387075  0.25154568  0.49999998  0.76000345]
at minimum 0.0979 accepted 1  with params [-3.66315755  0.53067793  0.01        1.1       ]
at minimum 1344042179837823590520988522023663697920.0000 accepted 0  with params [-3.523708    0.81265353  0.5         1.1       ]
at minimum 0.0527 accepted 1  with params [-3.62762754 -0.07161983  0.11955287  0.96393688]
at minimum 0.0250 accepted 1  with params [-3.67097997  0.27567207  0.37955014  0.57168659]
at minimum inf accepted 0  with params [-3.24653814  0.2347547   0.30350577  0.82651497]
at minimum 0.1003 accepted 1  with params [-3.13146009  0.67441446  0.5         0.5       ]
at minimum inf accepted 0  with params [-3.20704117  0.1215251   0.5         0.5       ]
at minimum 100000000000000000000.0000 accepted 0  with params [-3.37935432  0.70298033  0.01        1.06847585]
at minimum 100000000000000000000.0000 accepted 0  with params [-3.          0.02920612  0.02400364  1.1       ]
at minimum 0.0223 accepted 1  with params [-3.81710668  0.19325034  0.5         0.68454065]
at minimum 0.1990 accepted 1  with params [-3.65750639  0.33331156  0.5         0.98743872]
at minimum 0.0195 accepted 1  with params [-3.60435256  0.69361831  0.24455792  0.83200971]
at minimum 100000000000000000000.0000 accepted 0  with params [-3.31151945  0.55639065  0.01126224  0.64626144]
at minimum 100000000000000000000.0000 accepted 0  with params [-3.2116529   0.80939033  0.01        1.1       ]
at minimum 100000000000000000000.0000 accepted 0  with params [-3.42654114  0.09906714  0.37677801  1.05289281]
at minimum 8.3840 accepted 0  with params [-3.53999166  0.22555696  0.20416013  1.1       ]
at minimum 2609505159213501.5000 accepted 0  with params [-3.56470518  0.98999838  0.49999927  0.50000089]
at minimum 0.0881 accepted 1  with params [-3.08543906  0.25213093  0.1798398   1.1       ]
at minimum 119.0668 accepted 0  with params [-3.02488689  0.82443635  0.33905534  0.71635409]
at minimum 100000000000000000000.0000 accepted 0  with params [-3.         -0.05832766  0.01        0.5       ]
at minimum 100000000000000000000.0000 accepted 0  with params [-3.          0.45548263  0.32346649  1.1       ]
at minimum 648992.1795 accepted 0  with params [-3.51690167  0.50670507  0.01        1.1       ]
at minimum inf accepted 0  with params [-3.          0.60979376  0.5         0.5445737 ]
at minimum inf accepted 0  with params [-3.  -0.1  0.5  1.1]
at minimum 39631276909633117639147520.0000 accepted 0  with params [-3.50625871  0.78550699  0.25436237  0.53771835]
at minimum 0.0190 accepted 1  with params [-3.76386175 -0.1         0.5         0.82874936]
at minimum 0.0228 accepted 1  with params [-3.6666195 -0.1        0.5        0.5      ]
at minimum inf accepted 0  with params [-3.43443373 -0.1         0.38084357  0.97079762]
at minimum 0.1324 accepted 1  with params [-3.26415138  0.33779475  0.5         1.00519442]
at minimum inf accepted 0  with params [-3.09951983 -0.1         0.5         0.70816054]
at minimum 100000000000000000000.0000 accepted 0  with params [-3.          0.2692788   0.36324178  0.71549726]
at minimum 510949456194976808221743708635136.0000 accepted 0  with params [-3.51885653  0.44213214  0.3944961   1.1       ]
at minimum 0.0890 accepted 1  with params [-3.          0.41641273  0.01        0.79561864]
at minimum inf accepted 0  with params [-3.         -0.01290726  0.01        1.1       ]
at minimum 4542500272264589592601821859404594788488643069524049920.0000 accepted 0  with params [-3.45526286  0.54366392  0.01        0.5       ]
at minimum inf accepted 0  with params [-3.0217786  0.99       0.5        1.1      ]
at minimum inf accepted 0  with params [-3.00859519  0.17130024  0.01        0.5       ]
at minimum 100000000000000000000.0000 accepted 0  with params [-3.          0.01733481  0.10066794  0.5       ]
at minimum 0.1321 accepted 1  with params [-3.40910595  0.876519    0.01        1.09402411]
at minimum 346838410481845.0625 accepted 0  with params [-3.51985416  0.99        0.09164503  0.81854365]
at minimum inf accepted 0  with params [-3.          0.54814036  0.01        0.82628697]
at minimum 100000000000000000000.0000 accepted 0  with params [-3.2352336   0.99        0.03655871  0.54331781]
at minimum 0.1005 accepted 1  with params [-3.91180839  0.72922718  0.01        1.1       ]
at minimum 0.0613 accepted 1  with params [-3.91116119  0.08933887  0.35948559  0.51352879]
at minimum 0.0342 accepted 1  with params [-4.52321613 -0.1         0.5         0.88961186]
at minimum 0.0527 accepted 1  with params [-4.51333217  0.42025595  0.31155035  1.1       ]
at minimum 0.1003 accepted 1  with params [-3.88165474  0.35775138  0.01        1.1       ]
at minimum 0.0458 accepted 1  with params [-3.88903313 -0.1         0.43528     0.55317026]
at minimum 0.0818 accepted 1  with params [-4.16752127 -0.07513439  0.10622154  0.79432034]
at minimum 0.0348 accepted 1  with params [-4.70916583 -0.1         0.33949876  0.5       ]
at minimum 0.1366 accepted 1  with params [-5.27731759 -0.1         0.5         1.1       ]
at minimum 0.0290 accepted 1  with params [-5.62751082 -0.1         0.5         1.1       ]
at minimum 0.0862 accepted 1  with params [-5.38819393  0.53768365  0.01        0.5       ]
at minimum 0.0379 accepted 1  with params [-5.46357499  0.06285973  0.5         0.5       ]
at minimum 0.0225 accepted 1  with params [-5.09247142  0.40962708  0.16978764  0.98627752]
at minimum 0.0766 accepted 1  with params [-4.59625484  0.99        0.5         0.5       ]
at minimum 0.0574 accepted 1  with params [-4.71585523  0.99        0.5         1.01669107]
at minimum 0.0557 accepted 1  with params [-4.96789828  0.98999672  0.49999867  0.92264963]
at minimum 0.0550 accepted 1  with params [-5.57764128  0.99        0.5         1.1       ]
at minimum 0.0695 accepted 1  with params [-5.70102384  0.99        0.06506897  1.1       ]
at minimum 0.0484 accepted 1  with params [-5.32891134  0.99        0.5         1.1       ]
at minimum 0.0814 accepted 1  with params [-4.76730349  0.74828712  0.01        1.1       ]
at minimum 0.0606 accepted 1  with params [-4.72275679  0.9899932   0.49999775  0.87438529]
at minimum 0.0620 accepted 1  with params [-5.38673217  0.53363838  0.19245529  0.5       ]
at minimum 0.0798 accepted 1  with params [-6.         -0.1         0.5         0.84191808]
at minimum 0.1061 accepted 1  with params [-6.          0.49677183  0.01        0.5       ]
at minimum 0.0329 accepted 1  with params [-6.          0.99        0.5         0.83536596]
at minimum 0.0511 accepted 1  with params [-5.54072886  0.99        0.5         1.08725062]
at minimum 0.0537 accepted 1  with params [-4.91933561  0.99        0.5         0.73115434]
at minimum 0.0451 accepted 1  with params [-5.11206789  0.65219532  0.2357226   0.5       ]
at minimum 0.0515 accepted 1  with params [-5.78844999  0.75730443  0.49999777  0.50000374]
at minimum 0.0236 accepted 1  with params [-6.          0.98999638  0.01        0.72267347]
at minimum 0.1048 accepted 1  with params [-6.          0.27120053  0.01000034  0.78307775]
at minimum 0.0163 accepted 1  with params [-5.67803151  0.65934029  0.49999949  1.09999945]
at minimum 0.0299 accepted 1  with params [-5.52545509  0.82146201  0.5         1.1       ]
at minimum 0.0883 accepted 1  with params [-6.          0.99        0.5         1.09999997]
at minimum 0.0216 accepted 1  with params [-5.94044364  0.98999999  0.5         0.55332174]
at minimum 0.0434 accepted 1  with params [-5.43925718  0.99        0.49999393  0.5       ]
at minimum 0.0477 accepted 1  with params [-5.81146827  0.43529434  0.5         0.64986957]
at minimum 0.0686 accepted 1  with params [-6.         0.7277529  0.5        0.5      ]
at minimum 0.0292 accepted 1  with params [-6.          0.99        0.19838685  0.79372051]
at minimum 0.0159 accepted 1  with params [-5.28578535  0.52315972  0.27843323  0.81303614]
at minimum 0.0597 accepted 1  with params [-5.20783144  0.89722866  0.08613779  1.1       ]
at minimum 0.0854 accepted 1  with params [-4.7212654   0.85022508  0.01        1.1       ]
at minimum 0.0919 accepted 1  with params [-4.60720866  0.99        0.01        1.1       ]
at minimum 0.0155 accepted 1  with params [-5.16421151  0.82418253  0.5         0.87760448]
at minimum 0.0641 accepted 1  with params [-5.69973446  0.99        0.5         1.1       ]
at minimum 0.0497 accepted 1  with params [-5.24278746  0.99        0.5         1.1       ]
at minimum 0.0440 accepted 1  with params [-5.97395057  0.50863799  0.5         0.86265058]
at minimum 0.0539 accepted 1  with params [-6.          0.11764518  0.5         1.02129201]
at minimum 0.0837 accepted 1  with params [-5.34222515 -0.1         0.01        1.1       ]
at minimum 0.0812 accepted 1  with params [-5.4334516   0.13660417  0.01        1.1       ]
at minimum 0.0763 accepted 1  with params [-4.8379393  0.6969755  0.01       1.1      ]
at minimum 0.0673 accepted 1  with params [-4.59448043  0.87125931  0.35154938  1.1       ]
at minimum 0.0616 accepted 1  with params [-4.04357504  0.89034084  0.49999944  0.50000016]
at minimum 0.0474 accepted 1  with params [-3.92086088  0.58109367  0.45753689  0.58484483]
at minimum 0.0275 accepted 1  with params [-3.92913727 -0.1         0.5         1.08278572]
at minimum 100000000000000000000.0000 accepted 0  with params [-3.40595109 -0.1         0.5         0.95326948]
at minimum 0.0849 accepted 1  with params [-3.58960136e+00  2.21481768e-03  1.00000000e-02  9.52226400e-01]
at minimum 100000000000000000000.0000 accepted 0  with params [-3.3221122   0.40074255  0.01        1.1       ]
at minimum 100000000000000000000.0000 accepted 0  with params [-3.31009427 -0.1         0.18354749  1.01768052]
at minimum 0.1063 accepted 1  with params [-3.6286758   0.27934819  0.49999999  0.58399732]
at minimum 0.0211 accepted 1  with params [-3.68142225  0.23128614  0.5         0.5       ]
at minimum inf accepted 0  with params [-3.45105241  0.47898045  0.5         0.99269819]
at minimum 100000000000000000000.0000 accepted 0  with params [-3.3568495   0.61628442  0.5         0.5       ]
at minimum 0.0566 accepted 1  with params [-4.33126867 -0.1         0.5         0.87668828]
at minimum 0.0513 accepted 1  with params [-4.41944101 -0.1         0.49999998  0.72351694]
at minimum 0.0667 accepted 1  with params [-4.99301952 -0.1         0.01        1.1       ]
at minimum 0.0927 accepted 1  with params [-5.54278824 -0.04381624  0.01000004  1.1       ]
at minimum 0.0942 accepted 1  with params [-6.          0.62193378  0.16363643  0.5       ]
at minimum 0.0897 accepted 1  with params [-6.          0.38665117  0.01        1.1       ]
at minimum 0.1071 accepted 1  with params [-5.71992774 -0.1         0.01001362  1.1       ]
at minimum 0.0860 accepted 1  with params [-5.71685435  0.09241787  0.31491466  0.5       ]
at minimum 0.0279 accepted 1  with params [-5.18857693 -0.02449722  0.5         0.5       ]
at minimum 0.0602 accepted 1  with params [-5.76774973  0.45439057  0.5         0.5       ]
at minimum 0.0619 accepted 1  with params [-5.97707998  0.58885487  0.22611636  1.09999919]
at minimum 0.0872 accepted 1  with params [-6.    0.99  0.01  1.1 ]
at minimum 0.0890 accepted 1  with params [-6.          0.99        0.47635471  1.1       ]
at minimum 0.0888 accepted 1  with params [-6.    0.99  0.5   1.1 ]
at minimum 0.0818 accepted 1  with params [-5.90748954  0.99        0.5         1.1       ]
at minimum 0.0465 accepted 1  with params [-5.57834893  0.15208524  0.5         0.5       ]
at minimum 0.0878 accepted 1  with params [-5.25975282  0.1634185   0.0358644   0.5       ]
at minimum 0.0442 accepted 1  with params [-5.26642109  0.65970585  0.12876271  0.74898672]
at minimum 0.0531 accepted 1  with params [-5.56996621 -0.1         0.5         0.5       ]
at minimum 0.0310 accepted 1  with params [-5.05428786  0.19485129  0.5         0.74427903]
at minimum 0.0664 accepted 1  with params [-5.38501021  0.79944334  0.01000004  1.1       ]
at minimum 0.0335 accepted 1  with params [-6.          0.62842522  0.5         1.1       ]
at minimum 0.0399 accepted 1  with params [-5.55448202  0.98999988  0.01000236  0.50000001]
at minimum 0.0164 accepted 1  with params [-5.35662577  0.56722726  0.5         0.70411916]
at minimum 0.0961 accepted 1  with params [-5.63249465  0.08956666  0.16925773  0.5       ]
at minimum 0.0489 accepted 1  with params [-5.66413812  0.31985421  0.30696428  0.79604068]
at minimum 0.0520 accepted 1  with params [-5.09021349  0.99        0.32170733  0.76418944]
at minimum 0.0665 accepted 1  with params [-4.96949493  0.99        0.25077641  0.62062181]
at minimum 0.0471 accepted 1  with params [-5.06069155  0.6560955   0.22582979  0.5       ]
at minimum 0.0892 accepted 1  with params [-4.26137561  0.82574863  0.16712403  0.5       ]
at minimum 0.0431 accepted 1  with params [-4.95277797  0.76656017  0.49999932  0.5       ]
at minimum 0.0582 accepted 1  with params [-5.45377854 -0.0597684   0.5         1.1       ]
at minimum 0.0265 accepted 1  with params [-5.17218752  0.78346844  0.33727228  1.1       ]
at minimum 0.0938 accepted 1  with params [-4.52319227  0.99        0.01        1.1       ]
at minimum 0.0521 accepted 1  with params [-4.95319607  0.39910384  0.5         1.1       ]
at minimum 0.0950 accepted 1  with params [-4.21638193 -0.1         0.01        1.1       ]
at minimum 164460156417752652170135887035760640.0000 accepted 0  with params [-3.49463379 -0.1         0.3563066   0.5       ]
at minimum 0.0558 accepted 1  with params [-4.08279048  0.25165233  0.36573975  1.09999985]
at minimum 0.0283 accepted 1  with params [-4.55601598  0.13003356  0.5         1.01221481]
at minimum 0.0248 accepted 1  with params [-5.35886432  0.64038254  0.49999973  0.89356113]
at minimum 0.0812 accepted 1  with params [-4.8629431   0.99        0.11255388  1.1       ]
at minimum 0.0895 accepted 1  with params [-4.56087651  0.99        0.01        0.5       ]
at minimum 0.0786 accepted 1  with params [-4.90112318  0.99        0.01        0.5       ]
at minimum 0.0299 accepted 1  with params [-5.46080228  0.99        0.4499204   0.71014236]
at minimum 0.0277 accepted 1  with params [-5.80566981  0.98999898  0.49999954  0.5       ]
at minimum 0.0546 accepted 1  with params [-4.99637012  0.99        0.5         1.00419574]
at minimum 0.1064 accepted 1  with params [-5.30694096  0.22969329  0.5         1.1       ]
at minimum 0.0580 accepted 1  with params [-5.71485832 -0.1         0.49124041  0.63274823]
at minimum 0.1012 accepted 1  with params [-6.  -0.1  0.5  0.5]
at minimum 0.0139 accepted 1  with params [-5.58227489  0.58591206  0.49999938  0.88114693]
at minimum 0.0249 accepted 1  with params [-5.96636883  0.99        0.5         0.5       ]
at minimum 0.0269 accepted 1  with params [-5.38288494  0.48766939  0.5         0.5       ]
