./../runners.py:177: RuntimeWarning: invalid value encountered in multiply
  model_input = self.k*x_tm1
./../dsp_utils.py:9: RuntimeWarning: invalid value encountered in double_scalars
  self.state = 1./self.tau*x + (1-1./self.tau)*self.state
/scratch/ar2342/miconda3/envs/eb_hyperacuity3/lib/python3.9/site-packages/scipy/optimize/_numdiff.py:576: RuntimeWarning: invalid value encountered in subtract
  df = fun(x) - f0
./../fitting_utils.py:28: RuntimeWarning: Mean of empty slice
  pooling_fun = lambda x,y: np.nanmean((x-y)**2)
at minimum 0.0733 accepted 1  with params [-4.50000004  0.40000001  0.05000001  1.        ]
at minimum 0.0595 accepted 1  with params [-4.82375767  0.39776689  0.01        1.1       ]
at minimum 0.0574 accepted 1  with params [-4.47301319  0.15984084  0.20605155  1.1       ]
at minimum 0.0819 accepted 1  with params [-4.20387084  0.26437415  0.01        0.71889978]
at minimum 0.0851 accepted 1  with params [-3.70475142  0.25590322  0.01        0.61364938]
at minimum 0.0884 accepted 1  with params [-4.10631342  0.54163069  0.01        0.50460438]
at minimum 0.0861 accepted 1  with params [-4.02063402  0.41700091  0.01        0.59191086]
at minimum 0.0832 accepted 1  with params [-4.25443038  0.80406189  0.01        0.60844879]
at minimum 0.0896 accepted 1  with params [-3.88281014  0.98999993  0.01000074  0.50000055]
at minimum 0.0798 accepted 1  with params [-3.57792981  0.99        0.01        0.52698253]
at minimum 0.0844 accepted 1  with params [-3.72993161  0.98999993  0.01        0.68886461]
at minimum 0.0686 accepted 1  with params [-3.84017747  0.49759101  0.2350333   0.51364984]
at minimum 290606931938473672356507586475404789907129541165560778513711104.0000 accepted 0  with params [-3.46770883  0.77598506  0.3965828   0.95679271]
at minimum 0.0575 accepted 1  with params [-4.30847293  0.16536779  0.33523798  0.99099806]
at minimum 0.0534 accepted 1  with params [-3.94492494  0.47671611  0.30359681  1.00682335]
at minimum 0.0845 accepted 1  with params [-3.64438814  0.7033248   0.4999959   0.66415767]
at minimum 0.0234 accepted 1  with params [-3.24403781  0.99        0.5         0.5       ]
at minimum 100000000000000000000.0000 accepted 0  with params [-3.33957908  0.88061242  0.2157602   0.66507744]
at minimum 100000000000000000000.0000 accepted 0  with params [-3.         0.99       0.5        0.6969572]
at minimum 0.0492 accepted 1  with params [-3.67110913  0.71586799  0.27246825  0.5       ]
at minimum 15424917511191302275049693669662654464.0000 accepted 0  with params [-3.52979802  0.99        0.5         0.51065663]
at minimum 0.0762 accepted 1  with params [-3.62693495  0.71668127  0.07849547  0.5       ]
at minimum 0.0769 accepted 1  with params [-3.56520525  0.68690437  0.01000033  0.5       ]
at minimum 0.0855 accepted 1  with params [-3.89110784  0.99        0.06033393  0.53021404]
at minimum 0.0857 accepted 1  with params [-4.32639203  0.98999952  0.01        0.50000023]
at minimum 0.0685 accepted 1  with params [-4.62481809  0.79240771  0.22031935  0.55327934]
at minimum 0.0714 accepted 1  with params [-4.56642449  0.57114822  0.18830268  0.5       ]
at minimum 0.0225 accepted 1  with params [-5.04419541  0.27075319  0.39134929  0.52856207]
at minimum 0.0289 accepted 1  with params [-5.4192129   0.39240077  0.5         0.5       ]
at minimum 0.0223 accepted 1  with params [-5.04560539  0.49894633  0.49999989  0.52117565]
at minimum 0.0190 accepted 1  with params [-4.71496052  0.31151387  0.49999917  0.78133643]
at minimum 0.0148 accepted 1  with params [-5.02168872  0.69255011  0.49999466  0.83145889]
at minimum 0.0173 accepted 1  with params [-4.6699414   0.20148281  0.44723756  0.94337287]
at minimum 0.0344 accepted 1  with params [-4.68990441 -0.1         0.5         1.1       ]
at minimum 0.0359 accepted 1  with params [-4.84313341 -0.09998572  0.09117775  0.81229387]
at minimum 0.0742 accepted 1  with params [-4.52453255 -0.1         0.01        1.1       ]
at minimum 0.0188 accepted 1  with params [-4.6069381  -0.1         0.48972013  0.77522534]
at minimum 0.0571 accepted 1  with params [-4.45113488  0.36872564  0.2991878   1.07781318]
at minimum 0.0490 accepted 1  with params [-4.41619768  0.31470243  0.49999925  0.90652726]
at minimum 0.0787 accepted 1  with params [-3.99474511 -0.0242281   0.11496906  0.62977096]
at minimum 0.0856 accepted 1  with params [-3.88831371  0.33568246  0.07570609  0.5       ]
at minimum 0.0887 accepted 1  with params [-3.87084822  0.31413328  0.0278883   0.5       ]
at minimum 47423828512117729810043010222653440.0000 accepted 0  with params [-3.48870777 -0.02898419  0.33007941  0.5       ]
at minimum 0.0846 accepted 1  with params [-4.21181668 -0.09999999  0.01        0.96765632]
at minimum 0.0886 accepted 1  with params [-4.14068531  0.26762836  0.01        1.00550818]
at minimum 0.0822 accepted 1  with params [-4.43850228  0.31012365  0.01        1.1       ]
at minimum 0.0230 accepted 1  with params [-4.80113069  0.64904614  0.40945961  0.83967172]
at minimum 0.0542 accepted 1  with params [-4.52485601  0.32076917  0.1673574   0.92238836]
at minimum 0.0252 accepted 1  with params [-4.68022884  0.46230001  0.5         0.9655767 ]
at minimum 0.0598 accepted 1  with params [-4.33892243  0.31046952  0.34454806  1.00022837]
at minimum 0.0618 accepted 1  with params [-4.41189813  0.58615498  0.36628144  1.09999761]
at minimum 0.0388 accepted 1  with params [-3.94940042  0.88363172  0.5         1.1       ]
at minimum 0.0364 accepted 1  with params [-3.7669198   0.78666665  0.39740991  1.1       ]
at minimum 0.0398 accepted 1  with params [-3.6535968   0.98999988  0.2339564   1.1       ]
at minimum 100000000000000000000.0000 accepted 0  with params [-3.18912136  0.99        0.01        1.1       ]
at minimum 296.6989 accepted 0  with params [-3.58466402  0.99        0.5         0.64426579]
at minimum 0.0819 accepted 1  with params [-4.01681498  0.65549538  0.15289051  1.1       ]
at minimum 0.0740 accepted 1  with params [-4.56214732  0.98999831  0.01000058  0.76893546]
at minimum 0.0744 accepted 1  with params [-4.58834726  0.502147    0.01        1.07090699]
at minimum 0.0819 accepted 1  with params [-4.16860695  0.41333496  0.11565388  0.56286728]
at minimum 0.0675 accepted 1  with params [-4.37495271  0.37717568  0.5         0.5       ]
at minimum 0.0714 accepted 1  with params [-4.42365131  0.76597802  0.5         0.50000008]
at minimum 0.0510 accepted 1  with params [-4.69257908  0.58627604  0.5         0.5       ]
at minimum 0.0613 accepted 1  with params [-4.57150643  0.54612962  0.5         0.5       ]
at minimum 0.0607 accepted 1  with params [-4.11201816  0.63180377  0.49999945  0.5       ]
at minimum 0.0276 accepted 1  with params [-3.77328184  0.98999878  0.49999957  0.6104523 ]
at minimum 100000000000000000000.0000 accepted 0  with params [-3.34555009  0.87522592  0.5         1.01578096]
at minimum 0.0250 accepted 1  with params [-3.80829434  0.92805022  0.5         0.75912255]
at minimum 0.0275 accepted 1  with params [-3.73428104  0.90811267  0.5         0.83420146]
at minimum 0.0688 accepted 1  with params [-3.71224474  0.99        0.16804888  0.53635359]
at minimum 0.0288 accepted 1  with params [-3.89129721  0.58672841  0.5         0.85814774]
at minimum 0.0822 accepted 1  with params [-3.73857297  0.22970222  0.07112389  0.51717691]
at minimum 50435443960724490566630088485824888832.0000 accepted 0  with params [-3.46867125 -0.1         0.01        0.5       ]
at minimum 100000000000000000000.0000 accepted 0  with params [-3.23404434  0.04801946  0.01        0.57357473]
at minimum 0.0591 accepted 1  with params [-3.94577526 -0.07637246  0.23324517  0.88370313]
at minimum 0.0852 accepted 1  with params [-3.81901441 -0.02357267  0.01        0.77909922]
at minimum 0.0501 accepted 1  with params [-3.76895119 -0.1         0.335087    0.5       ]
at minimum 0.0888 accepted 1  with params [-3.71117469 -0.00913886  0.01        0.5       ]
at minimum 0.0884 accepted 1  with params [-4.11726667  0.13041675  0.01        0.5       ]
at minimum 0.0845 accepted 1  with params [-3.62646134  0.58868384  0.0100005   0.55300942]
at minimum 0.0404 accepted 1  with params [-3.7643343   0.33280893  0.29902871  1.07033102]
at minimum 100000000000000000000.0000 accepted 0  with params [-3.35865028  0.28244178  0.46331762  1.1       ]
at minimum 0.0419 accepted 1  with params [-3.9408838   0.59914186  0.44283837  1.09999998]
at minimum 100.8850 accepted 0  with params [-3.51886246  0.14248954  0.06325553  1.1       ]
at minimum 0.0535 accepted 1  with params [-4.31659827  0.62286605  0.5         1.06806557]
at minimum 0.0638 accepted 1  with params [-4.53272644  0.73647747  0.34233776  0.58648182]
at minimum 0.0210 accepted 1  with params [-4.92440321  0.18477889  0.48212534  0.6912322 ]
at minimum 0.0308 accepted 1  with params [-4.62594922  0.44596102  0.5         1.05137232]
at minimum 0.0383 accepted 1  with params [-4.64510487  0.38635024  0.22821598  1.1       ]
at minimum 0.0428 accepted 1  with params [-4.45091773  0.1211731   0.34320617  0.99155855]
at minimum 0.0244 accepted 1  with params [-4.99736777  0.23281515  0.5         0.5       ]
at minimum 0.0571 accepted 1  with params [-4.6058621   0.46527335  0.5         0.5       ]
at minimum 0.0438 accepted 1  with params [-4.09923939  0.55229896  0.5         0.83376924]
at minimum 2.2587 accepted 1  with params [-3.6191448  0.6027699  0.5        1.0999975]
at minimum 0.0405 accepted 1  with params [-3.95201377  0.96623222  0.49999876  0.68532784]
at minimum 40279978412610141488098050048.0000 accepted 0  with params [-3.5032548   0.99        0.31716148  1.1       ]
at minimum 0.0526 accepted 1  with params [-4.01283851  0.82940784  0.3805508   0.70626576]
at minimum 465262692022117.2500 accepted 0  with params [-3.53938323  0.2796271   0.5         0.60816298]
at minimum 0.0619 accepted 1  with params [-3.70629308  0.98999846  0.23104424  0.5000014 ]
at minimum 0.0492 accepted 1  with params [-4.0811157   0.55450614  0.49999979  0.65202513]
at minimum 0.0592 accepted 1  with params [-4.69328403  0.38602972  0.05441173  1.06578935]
at minimum 0.0639 accepted 1  with params [-4.72353921  0.74842457  0.04541223  0.73641385]
at minimum 0.0586 accepted 1  with params [-4.87496317  0.52344302  0.01        1.1       ]
at minimum 0.0691 accepted 1  with params [-5.24873024  0.11698673  0.01        0.66136381]
at minimum 0.0753 accepted 1  with params [-4.70682342  0.31079083  0.01        0.5       ]
at minimum 0.0704 accepted 1  with params [-4.1441696   0.2086841   0.21341561  0.67586497]
at minimum 0.0792 accepted 1  with params [-4.47520472  0.81292642  0.01        0.58674511]
at minimum 0.0684 accepted 1  with params [-4.21096713  0.20340223  0.40411773  0.50000004]
at minimum 0.0502 accepted 1  with params [-3.87887996  0.4959994   0.45010612  0.5       ]
at minimum 0.0264 accepted 1  with params [-3.70177718  0.38570077  0.49999926  0.50000104]
at minimum 0.0588 accepted 1  with params [-4.1548584  -0.08875108  0.5         0.53816002]
at minimum 0.0578 accepted 1  with params [-4.07499356 -0.1         0.5         0.5       ]
at minimum 0.0530 accepted 1  with params [-4.30330326  0.49297911  0.44642202  0.99833409]
at minimum 0.0816 accepted 1  with params [-4.53495058  0.82028423  0.01        0.5       ]
at minimum 0.0892 accepted 1  with params [-4.01960729  0.83515702  0.01        0.5       ]
at minimum 0.0896 accepted 1  with params [-3.89730082  0.4840295   0.01        0.5       ]
at minimum 0.0585 accepted 1  with params [-3.81660749  0.86036742  0.21425095  0.84433835]
at minimum 0.0559 accepted 1  with params [-3.99315988  0.86962852  0.5         0.5       ]
at minimum 0.0387 accepted 1  with params [-4.01720859  0.60096229  0.5         0.81572694]
at minimum 0.0695 accepted 0  with params [-4.53430508  0.99        0.5         0.50000159]
at minimum 0.0451 accepted 1  with params [-4.14102717  0.48807175  0.5         0.99961286]
at minimum 0.0519 accepted 1  with params [-4.32794088 -0.1         0.5         1.1       ]
at minimum 0.0586 accepted 1  with params [-4.1591582   0.4009777   0.34077147  0.93675539]
at minimum 0.0296 accepted 1  with params [-3.68391704 -0.1         0.5         0.5       ]
at minimum 100000000000000000000.0000 accepted 0  with params [-3.35847659 -0.00908497  0.32436306  0.85196172]
at minimum 0.0626 accepted 0  with params [-4.19252415  0.10994415  0.49999665  0.5       ]
at minimum 0.0248 accepted 1  with params [-3.84900561 -0.01565593  0.5         0.7795614 ]
at minimum 4828492503385396447265666629632.0000 accepted 0  with params [-3.48401616 -0.1         0.2276677   0.77933979]
at minimum 0.0393 accepted 1  with params [-3.82512889  0.414649    0.5         0.5       ]
at minimum 0.0584 accepted 1  with params [-4.07619852  0.55237487  0.49999864  0.50000099]
at minimum 0.0452 accepted 1  with params [-4.54036422  0.20425592  0.5         0.6848278 ]
at minimum 0.0266 accepted 1  with params [-5.02644216  0.04053647  0.5         0.5       ]
at minimum 0.0310 accepted 1  with params [-4.83987529  0.39399707  0.14120289  1.08431942]
at minimum 0.0229 accepted 1  with params [-4.96147899  0.77269311  0.47263326  0.69242078]
at minimum 0.0241 accepted 1  with params [-5.28281747  0.67172572  0.5         0.5       ]
at minimum 0.0306 accepted 1  with params [-4.91443532  0.57372054  0.5         0.5       ]
at minimum 0.0445 accepted 1  with params [-5.01726501  0.40808624  0.03012563  0.92895332]
at minimum 0.0855 accepted 1  with params [-5.23754625  0.28557797  0.40073145  1.1       ]
at minimum 0.0516 accepted 1  with params [-5.09822371 -0.1         0.01        1.1       ]
at minimum 0.0762 accepted 1  with params [-4.55030572  0.38653979  0.01        1.1       ]
at minimum 0.0603 accepted 1  with params [-4.5848002   0.03177101  0.06580374  0.88559603]
at minimum 0.0586 accepted 1  with params [-5.00236466 -0.03072491  0.01        0.65406787]
at minimum 0.0502 accepted 1  with params [-4.97152483  0.20379974  0.01        1.09999967]
at minimum 0.0667 accepted 1  with params [-4.53206797  0.5017597   0.28661052  0.51771578]
at minimum 0.0230 accepted 1  with params [-4.96272314  0.53386559  0.40182769  1.00247485]
at minimum 0.0282 accepted 1  with params [-5.22940033  0.16047574  0.5         0.5       ]
at minimum 0.0160 accepted 1  with params [-5.59625968  0.63865312  0.5         0.93956743]
at minimum 0.0363 accepted 1  with params [-5.20726144  0.20570055  0.5         0.687466  ]
at minimum 0.0355 accepted 1  with params [-5.29456997  0.59671185  0.22063233  0.57130846]
at minimum 0.0627 accepted 1  with params [-5.86775788  0.98742526  0.5         1.02508115]
at minimum 0.0476 accepted 1  with params [-5.39159314  0.99        0.5         1.1       ]
at minimum 0.0529 accepted 1  with params [-5.38812294  0.76358386  0.03046553  1.1       ]
at minimum 0.0622 accepted 1  with params [-5.13773091  0.99        0.01        1.1       ]
at minimum 0.0711 accepted 1  with params [-4.57982136  0.63003375  0.01        0.9074145 ]
at minimum 0.0385 accepted 1  with params [-5.12254078  0.82008627  0.11433644  0.97252352]
at minimum 0.0248 accepted 1  with params [-5.72219568  0.85033953  0.5         1.1       ]
at minimum 0.0383 accepted 1  with params [-5.04809415  0.50952138  0.5         0.90447898]
at minimum 0.0729 accepted 1  with params [-4.85859626  0.96744303  0.01        1.1       ]
at minimum 0.0820 accepted 1  with params [-4.44233027  0.99        0.16123252  0.5       ]
at minimum 0.0497 accepted 1  with params [-5.08250727  0.99        0.07101439  0.82223221]
at minimum 0.0841 accepted 1  with params [-4.43499979  0.99        0.01        0.5       ]
at minimum 0.0709 accepted 1  with params [-4.40048667  0.68513656  0.43753968  0.5       ]
at minimum 0.0245 accepted 1  with params [-4.95964678  0.35530736  0.47349795  0.50000329]
at minimum 0.0669 accepted 1  with params [-4.90829269  0.98456495  0.20084751  0.5       ]
at minimum 0.0753 accepted 1  with params [-4.73418275  0.99        0.01000011  0.5       ]
at minimum 0.0608 accepted 1  with params [-5.24737875  0.77488367  0.01        0.5       ]
at minimum 0.0892 accepted 1  with params [-5.62771195  0.16892432  0.12772351  0.5       ]
at minimum 0.0907 accepted 1  with params [-5.90958903 -0.1         0.44704078  0.5       ]
at minimum 0.0612 accepted 1  with params [-6.          0.27363314  0.33484447  0.96425488]
at minimum 0.1054 accepted 1  with params [-5.55835581 -0.1         0.01        0.50793032]
at minimum 0.0754 accepted 1  with params [-5.59387481 -0.1         0.29691666  0.5       ]
at minimum 0.0169 accepted 1  with params [-5.02816576  0.12526639  0.12450552  1.0058708 ]
at minimum 0.0313 accepted 1  with params [-4.90466951  0.30734227  0.10768244  1.1       ]
at minimum 0.0697 accepted 1  with params [-4.78810021  0.77172216  0.01        1.09999985]
at minimum 0.0478 accepted 1  with params [-5.25953558  0.69080279  0.01        0.87528055]
at minimum 0.0549 accepted 1  with params [-5.17616443  0.99        0.36751348  1.1       ]
at minimum 0.0698 accepted 1  with params [-5.36508469  0.5375903   0.5         1.1       ]
at minimum 0.0606 accepted 1  with params [-5.07183193  0.97220441  0.12153576  1.09999622]
at minimum 0.0735 accepted 1  with params [-4.79136437  0.99        0.01001706  1.05405749]
at minimum 0.0598 accepted 1  with params [-4.52112397  0.99        0.5         1.01966438]
at minimum 0.0330 accepted 1  with params [-4.7693202   0.74949971  0.5         1.1       ]
at minimum 0.0603 accepted 1  with params [-4.6506985   0.09106223  0.04948114  1.1       ]
at minimum 0.0689 accepted 1  with params [-4.59145635  0.44668823  0.01        0.88511349]
at minimum 0.0384 accepted 1  with params [-4.8609213   0.71269041  0.21125223  1.1       ]
at minimum 0.0273 accepted 1  with params [-5.38304121  0.45389568  0.5         0.5       ]
at minimum 0.1038 accepted 1  with params [-6.         -0.1         0.18985915  0.87282828]
at minimum 0.0316 accepted 1  with params [-6.          0.45635182  0.5         1.1       ]
at minimum 0.0884 accepted 1  with params [-6.          0.23486082  0.01        1.1       ]
at minimum 0.0627 accepted 1  with params [-5.83233737  0.85789065  0.01        1.1       ]
at minimum 0.0738 accepted 1  with params [-6.          0.62899324  0.01        1.1       ]
at minimum 0.0906 accepted 1  with params [-6.          0.19446264  0.01        1.1       ]
at minimum 0.0236 accepted 1  with params [-5.48477763 -0.05032126  0.33305667  0.96705012]
at minimum 0.0388 accepted 1  with params [-5.5637326  -0.09999967  0.49999999  1.0999998 ]
at minimum 0.0246 accepted 1  with params [-5.22213882  0.19752564  0.26872512  1.09999882]
at minimum 0.0699 accepted 1  with params [-5.76859379 -0.08243692  0.49999981  0.50000023]
at minimum 0.0913 accepted 1  with params [-5.93032556  0.46016139  0.14015693  0.5       ]
at minimum 0.0648 accepted 1  with params [-5.55321732  0.99        0.01        1.1       ]
at minimum 0.0404 accepted 1  with params [-6.        0.99      0.01      0.849286]
at minimum 0.0545 accepted 1  with params [-5.4105135   0.92495306  0.04202578  1.1       ]
at minimum 0.0367 accepted 1  with params [-5.92480642  0.99        0.5         0.83968243]
at minimum 0.0808 accepted 0  with params [-6.          0.99        0.36567959  1.04084545]
at minimum 0.0988 accepted 1  with params [-6.          0.98998983  0.49999542  1.09999441]
at minimum 0.0430 accepted 1  with params [-5.6147626  0.99       0.5        0.9874159]
at minimum 0.0179 accepted 1  with params [-5.1045022   0.8469208   0.5         0.71751162]
at minimum 0.0729 accepted 1  with params [-5.69448703  0.99        0.01        1.09999752]
at minimum 0.0958 accepted 1  with params [-5.81502373  0.3024397   0.01        0.61157269]
at minimum 0.0737 accepted 1  with params [-6.         -0.09999886  0.39959784  1.09999919]
at minimum 0.0962 accepted 1  with params [-5.49867534  0.08915227  0.01        0.5       ]
at minimum 0.0312 accepted 1  with params [-5.41299901  0.18835641  0.5         0.5       ]
at minimum 0.0564 accepted 1  with params [-5.64289439 -0.09999486  0.5         0.50000283]
at minimum 0.0279 accepted 1  with params [-5.46723834 -0.1         0.3686841   1.1       ]
at minimum 0.1022 accepted 1  with params [-5.89899521  0.31652348  0.01        0.5       ]
at minimum 0.0914 accepted 1  with params [-5.36104481 -0.07886843  0.01        0.53409153]
at minimum 0.0322 accepted 1  with params [-5.23904515  0.0344951   0.30555385  0.50000064]
at minimum 0.0734 accepted 1  with params [-5.55105447  0.7277624   0.01        0.5       ]
at minimum 0.0236 accepted 1  with params [-6.          0.98999678  0.46938445  0.5000001 ]
at minimum 0.0302 accepted 1  with params [-5.62010927  0.99        0.5         0.5       ]
at minimum 0.0616 accepted 1  with params [-6.         0.8983147  0.01       1.1      ]
at minimum 0.0553 accepted 1  with params [-5.36817453  0.6582798   0.01000157  1.1       ]
at minimum 0.0646 accepted 1  with params [-5.06751206  0.99        0.03163333  1.1       ]
at minimum 0.0701 accepted 1  with params [-4.33624664  0.37717     0.37968457  0.5       ]
at minimum 0.0319 accepted 1  with params [-3.75203667  0.53857567  0.5         0.5       ]
at minimum 100000000000000000000.0000 accepted 0  with params [-3.44677026 -0.0040075   0.5         0.92172056]
at minimum 0.0941 accepted 1  with params [-3.23430373  0.13836182  0.5         0.80426043]
at minimum 100000000000000000000.0000 accepted 0  with params [-3.          0.80948308  0.5         0.6954943 ]
at minimum inf accepted 0  with params [-3.10051478  0.07271129  0.5         0.88055237]
at minimum 0.0405 accepted 1  with params [-3.83778481  0.27293796  0.49999941  0.50000072]
at minimum 100000000000000000000.0000 accepted 0  with params [-3.33152273  0.68816429  0.41261712  1.09127979]
at minimum 100000000000000000000.0000 accepted 0  with params [-3.1598887   0.82838199  0.01        0.7045343 ]
at minimum 0.0845 accepted 1  with params [-4.40756216  0.9665053   0.01000052  0.50000065]
at minimum 0.0356 accepted 1  with params [-3.78929241  0.31646473  0.5         0.5       ]
at minimum 0.0487 accepted 1  with params [-3.94279306 -0.02379718  0.5         0.5       ]
at minimum 0.0647 accepted 1  with params [-4.52713697  0.50147076  0.5         0.5       ]
at minimum 0.0642 accepted 1  with params [-4.89176604  0.99        0.49999943  0.5       ]
at minimum 0.0172 accepted 1  with params [-5.34809568  0.66553267  0.37189192  0.65739868]
at minimum 0.0833 accepted 1  with params [-4.63014038  0.99        0.01        1.1       ]
at minimum 0.0617 accepted 1  with params [-4.9595063  0.99       0.01       0.5768686]
at minimum 0.0727 accepted 1  with params [-4.82176962  0.98999908  0.01000042  1.06478339]
at minimum 0.0871 accepted 1  with params [-4.52232789  0.98999973  0.01000022  1.09999975]
at minimum 0.0713 accepted 1  with params [-4.34443837  0.52241051  0.30314475  0.56781118]
at minimum 0.0577 accepted 1  with params [-4.66433699  0.70871603  0.5         0.5       ]
at minimum 0.0212 accepted 1  with params [-5.11960413  0.24912329  0.387292    0.63635157]
at minimum 0.0744 accepted 1  with params [-4.50384725  0.67639235  0.01        0.76773337]
at minimum 0.0199 accepted 1  with params [-4.82831343  0.27514066  0.28342115  1.1       ]
at minimum 0.0844 accepted 1  with params [-4.35230942 -0.1         0.01        1.1       ]
at minimum 0.0718 accepted 1  with params [-5.0594911   0.37076349  0.39939432  1.0999983 ]
at minimum 0.0608 accepted 1  with params [-5.51405838  0.67330888  0.01        1.1       ]
at minimum 0.0560 accepted 1  with params [-5.89601463  0.02000453  0.35557902  1.1       ]
at minimum 0.0358 accepted 1  with params [-5.27614527 -0.1         0.34355239  0.95228281]
at minimum 0.0811 accepted 1  with params [-4.52753392 -0.1         0.01        0.5       ]
at minimum 0.0500 accepted 1  with params [-4.99571677 -0.1         0.01        1.1       ]
at minimum 0.0660 accepted 1  with params [-4.1889845   0.26934585  0.28707313  1.1       ]
at minimum 1842258313513193813064462576906023584399360.0000 accepted 0  with params [-3.50766789  0.09806154  0.5         1.1       ]
at minimum 1803257906506222878893321403169729675264.0000 accepted 0  with params [-3.48695408  0.3346164   0.25526691  0.84578298]
at minimum 0.0953 accepted 1  with params [-3.69967643 -0.05307145  0.01000004  1.09999995]
at minimum 0.0359 accepted 1  with params [-4.45390366 -0.1         0.5         0.99462033]
at minimum 0.0125 accepted 1  with params [-4.90059661  0.1714118   0.19678172  0.96876432]
at minimum 0.0556 accepted 1  with params [-5.1699673 -0.1        0.01       1.1      ]
at minimum 0.0482 accepted 1  with params [-4.59476406  0.08274207  0.15349168  1.1       ]
at minimum 0.0315 accepted 1  with params [-4.55480182  0.12794172  0.5         1.1       ]
at minimum 0.1644 accepted 1  with params [-5.24479193 -0.1         0.5         1.1       ]
at minimum 0.0960 accepted 1  with params [-5.69190403 -0.09999674  0.01        1.1       ]
at minimum 0.0699 accepted 1  with params [-5.0077726  -0.09999947  0.01        0.5       ]
at minimum 0.0857 accepted 1  with params [-5.51682284 -0.09999885  0.01        1.02849762]
at minimum 0.1068 accepted 1  with params [-5.71157522 -0.09999769  0.09038867  0.5       ]
at minimum 0.1161 accepted 1  with params [-6.          0.02279747  0.01        0.54616389]
at minimum 0.0932 accepted 1  with params [-6.         -0.0661723   0.4899007   0.50000019]
at minimum 0.0925 accepted 1  with params [-5.58989806  0.32979716  0.01        0.5       ]
at minimum 0.0185 accepted 1  with params [-4.87631292 -0.1         0.21691652  0.6724423 ]
at minimum 0.0650 accepted 1  with params [-4.45070273  0.55572717  0.5         0.5       ]
at minimum 0.0674 accepted 1  with params [-4.24886902  0.82530241  0.27620098  0.93691495]
at minimum 100000000000000000000.0000 accepted 0  with params [-3.42880928  0.90167418  0.5         1.1       ]
at minimum 0.0734 accepted 1  with params [-4.58087327  0.22161061  0.01000058  1.09999798]
at minimum 0.0705 accepted 1  with params [-4.87259693  0.92772246  0.01000625  1.1       ]
at minimum 0.0961 accepted 1  with params [-4.05513238  0.98999627  0.01000115  1.09265565]
at minimum 0.0863 accepted 1  with params [-4.25856792  0.83401765  0.01        0.97118664]
at minimum 0.0962 accepted 1  with params [-3.97689142  0.059963    0.0100014   1.1       ]
at minimum 0.0711 accepted 1  with params [-4.65467408  0.56962651  0.01        1.06234659]
at minimum 0.0548 accepted 1  with params [-4.38611411  0.29346073  0.4983462   0.77459463]
at minimum 89869576536.8536 accepted 0  with params [-3.57654893  0.40034648  0.5         1.05934476]
at minimum 0.0647 accepted 1  with params [-3.88671227 -0.1         0.28792577  0.5       ]
at minimum 0.0417 accepted 1  with params [-4.03882671  0.56166773  0.5         1.03895467]
at minimum 100000000000000000000.0000 accepted 0  with params [-3.20843425  0.99        0.01        1.1       ]
at minimum 100000000000000000000.0000 accepted 0  with params [-3.33060063  0.38518529  0.5         1.1       ]
at minimum 0.0488 accepted 1  with params [-3.99886446  0.98999511  0.4328518   1.09999901]
at minimum 100000000000000000000.0000 accepted 0  with params [-3.37713487  0.41858215  0.5         0.7430825 ]
at minimum 0.0974 accepted 1  with params [-3.89486311  0.81116845  0.01        1.1       ]
at minimum 0.0689 accepted 1  with params [-4.7296388   0.99        0.01000107  0.88482628]
at minimum 0.0144 accepted 1  with params [-5.1876561   0.42909694  0.17462076  1.01378172]
at minimum 0.0782 accepted 1  with params [-5.43450905 -0.1         0.01        1.09790257]
at minimum 0.0512 accepted 1  with params [-4.96983014  0.65833199  0.01        0.85508142]
at minimum 0.0379 accepted 1  with params [-5.70294524  0.84522007  0.5         0.50000233]
at minimum 0.0640 accepted 1  with params [-4.99984017  0.99        0.06093115  0.5       ]
at minimum 0.0863 accepted 1  with params [-4.50292483  0.90290744  0.01000007  1.09999992]
at minimum 0.0707 accepted 1  with params [-4.92082575  0.99        0.01000078  1.1       ]
at minimum 0.0665 accepted 1  with params [-4.30937939  0.76449566  0.3992774   1.1       ]
at minimum 0.0717 accepted 1  with params [-4.50620786  0.37312721  0.04946703  0.70284958]
at minimum 0.0372 accepted 1  with params [-4.9616336   0.02698685  0.16767191  0.50758474]
at minimum 0.0434 accepted 1  with params [-5.44127414 -0.1         0.5         0.8904744 ]
at minimum 0.0642 accepted 1  with params [-4.75001031  0.53381597  0.01000128  0.68674405]
at minimum 0.0596 accepted 1  with params [-5.40688467  0.99        0.01        1.1       ]
