./../runners.py:177: RuntimeWarning: invalid value encountered in multiply
  model_input = self.k*x_tm1
./../dsp_utils.py:9: RuntimeWarning: invalid value encountered in double_scalars
  self.state = 1./self.tau*x + (1-1./self.tau)*self.state
/scratch/ar2342/miconda3/envs/eb_hyperacuity3/lib/python3.9/site-packages/scipy/optimize/_numdiff.py:576: RuntimeWarning: invalid value encountered in subtract
  df = fun(x) - f0
./../fitting_utils.py:28: RuntimeWarning: Mean of empty slice
  pooling_fun = lambda x,y: np.nanmean((x-y)**2)
at minimum 0.0768 accepted 1  with params [-4.50000042  0.39999986  0.05000013  1.00000003]
at minimum 0.0987 accepted 1  with params [-4.05459907  0.76538955  0.01        1.1       ]
at minimum 0.0871 accepted 1  with params [-4.05386979  0.99        0.01        0.65834855]
at minimum 0.0903 accepted 1  with params [-4.12097231  0.93511414  0.01        0.5       ]
at minimum 0.0792 accepted 1  with params [-3.68254085  0.99        0.09971314  0.5       ]
at minimum 100000000000000000000.0000 accepted 0  with params [-3.2988804  0.99       0.01       0.5      ]
at minimum 0.0894 accepted 1  with params [-4.01497727  0.99        0.01        0.55143297]
at minimum 0.0550 accepted 1  with params [-3.97682351  0.58748875  0.48680372  0.50000137]
at minimum 0.0599 accepted 1  with params [-4.32208689  0.16964083  0.49999941  0.62033987]
at minimum 0.0412 accepted 1  with params [-3.85947896  0.2751361   0.5         0.5       ]
at minimum 0.0434 accepted 1  with params [-3.80726398  0.28786881  0.30047251  0.74630936]
at minimum 12724679388215409413790890586880726256822890801259169995292672.0000 accepted 0  with params [-3.43735839 -0.1         0.01        1.1       ]
at minimum 0.0719 accepted 1  with params [-4.12536117  0.43888559  0.23386285  0.65373318]
at minimum 0.0833 accepted 1  with params [-4.43657398  0.29786423  0.01        1.04307856]
at minimum 0.0859 accepted 1  with params [-4.42093567 -0.08946932  0.01        1.1       ]
at minimum 0.0856 accepted 1  with params [-4.17419777e+00  2.31166008e-03  1.00013916e-02  7.27108127e-01]
at minimum 0.0891 accepted 1  with params [-4.27304635 -0.1         0.01        0.5       ]
at minimum 0.0519 accepted 1  with params [-3.94086716 -0.1         0.45917396  0.5       ]
at minimum 0.0206 accepted 1  with params [-3.82821351  0.08029458  0.5         0.8368352 ]
at minimum 0.0355 accepted 1  with params [-3.56785646 -0.09999999  0.15047079  1.1       ]
at minimum 0.0843 accepted 1  with params [-3.57335724 -0.09999464  0.01000243  1.1       ]
at minimum 0.0355 accepted 1  with params [-3.9058634   0.27163537  0.42331685  1.1       ]
at minimum 0.0684 accepted 1  with params [-4.00662351  0.4482975   0.24314524  1.1       ]
at minimum 0.0549 accepted 1  with params [-4.39054907  0.30781913  0.5         1.09999885]
at minimum 0.0341 accepted 1  with params [-4.5408479  -0.04014082  0.25024988  1.09999999]
at minimum 0.0136 accepted 1  with params [-4.79211431  0.34222185  0.32133725  0.97265242]
at minimum 0.0692 accepted 1  with params [-4.94870987  0.41229999  0.01        0.5       ]
at minimum 0.0717 accepted 1  with params [-4.90473877  0.06908211  0.01000003  0.5       ]
at minimum 0.0620 accepted 1  with params [-4.75771093  0.41754149  0.02456075  0.90149816]
at minimum 0.0163 accepted 1  with params [-5.1535702  0.2251178  0.2148079  1.1      ]
at minimum 0.0143 accepted 1  with params [-4.80006621  0.30599015  0.31412976  1.01084176]
at minimum 0.0165 accepted 1  with params [-5.25255462  0.58724885  0.5         0.69342142]
at minimum 0.0188 accepted 1  with params [-5.66633298  0.88741648  0.5         0.94674945]
at minimum 0.0410 accepted 1  with params [-5.35983091  0.99        0.31200627  0.9305846 ]
at minimum 0.0633 accepted 1  with params [-5.19342436  0.75294512  0.01        0.50000069]
at minimum 0.0742 accepted 1  with params [-4.80864304  0.74408775  0.01        0.50000002]
at minimum 0.0555 accepted 1  with params [-4.87848558  0.99        0.43963285  0.68116828]
at minimum 0.0203 accepted 1  with params [-5.15771067  0.56325256  0.5         0.5       ]
at minimum 0.0265 accepted 1  with params [-5.17409977  0.81006831  0.49999692  0.50000369]
at minimum 0.0522 accepted 1  with params [-4.96636728  0.56014895  0.08620989  0.6143847 ]
at minimum 0.0188 accepted 1  with params [-4.68802126  0.22656596  0.5         1.06510397]
at minimum 0.0269 accepted 1  with params [-5.12567808  0.41808377  0.28984778  1.1       ]
at minimum 0.0234 accepted 1  with params [-5.11908751  0.45182757  0.13846393  0.8944302 ]
at minimum 0.0315 accepted 1  with params [-5.52324504 -0.0297129   0.4607805   1.1       ]
at minimum 0.0137 accepted 1  with params [-5.06054432 -0.04315499  0.16356105  1.1       ]
at minimum 0.0304 accepted 1  with params [-4.65874829 -0.1         0.16164513  1.1       ]
at minimum 0.1574 accepted 1  with params [-5.04261879 -0.1         0.5         1.1       ]
at minimum 0.0445 accepted 1  with params [-4.8208474   0.13692529  0.5         1.1       ]
at minimum 0.0153 accepted 1  with params [-4.62665367 -0.1         0.41604504  0.95402634]
at minimum 0.0153 accepted 1  with params [-4.98065434 -0.1         0.26507799  0.64699672]
at minimum 0.0264 accepted 1  with params [-4.74785754e+00 -7.17094323e-04  5.00000000e-01  5.00000000e-01]
at minimum 0.0618 accepted 1  with params [-4.91359797  0.04302234  0.5         0.99514205]
at minimum 0.0547 accepted 1  with params [-4.3601905   0.45084465  0.5         0.85064971]
at minimum 0.0696 accepted 1  with params [-4.15655059  0.37456569  0.25257175  1.1       ]
at minimum 0.0891 accepted 1  with params [-3.77152532  0.30483708  0.01000232  0.90716406]
at minimum 0.0912 accepted 1  with params [-3.9660556   0.62675341  0.01        0.9554338 ]
at minimum 0.0636 accepted 1  with params [-4.22814153  0.98131244  0.43919407  1.1       ]
at minimum 0.0774 accepted 1  with params [-4.62890116  0.99        0.37674624  1.1       ]
at minimum 0.0668 accepted 1  with params [-4.49323416  0.99        0.35700153  0.80118283]
at minimum 0.0696 accepted 1  with params [-4.82238002  0.62699439  0.07070232  0.5       ]
at minimum 0.0883 accepted 1  with params [-4.28541835  0.53150675  0.01        0.5       ]
at minimum 0.0794 accepted 1  with params [-4.68325508  0.90545537  0.01000016  0.50000016]
at minimum 0.0837 accepted 1  with params [-4.53425086  0.99        0.01        0.5       ]
at minimum 0.0655 accepted 1  with params [-4.2005191   0.93314501  0.38066771  1.04597401]
at minimum 0.0555 accepted 1  with params [-4.52116525  0.44569472  0.26108156  1.0999965 ]
at minimum 0.0274 accepted 1  with params [-4.87379279  0.59449349  0.22967965  1.1       ]
at minimum 0.0516 accepted 1  with params [-4.48409479  0.53257769  0.5         1.1       ]
at minimum 0.0630 accepted 1  with params [-4.95171247  0.73833085  0.01        1.06766225]
at minimum 0.0790 accepted 1  with params [-4.74967504  0.99        0.01        1.02489693]
at minimum 0.0965 accepted 1  with params [-4.34426627  0.99        0.01        1.1       ]
at minimum 0.0364 accepted 1  with params [-3.97581132  0.51032019  0.49005034  1.1       ]
at minimum 0.0850 accepted 1  with params [-4.18360147  0.43851037  0.01        0.66263666]
at minimum 0.0966 accepted 1  with params [-4.00506629  0.20032189  0.01        1.07987069]
at minimum 0.0501 accepted 1  with params [-3.70400065 -0.09999956  0.43276434  1.05108058]
at minimum 100000000000000000000.0000 accepted 0  with params [-3.38115787 -0.1         0.42308444  0.56198055]
at minimum 0.0888 accepted 1  with params [-3.78037374  0.09535519  0.01000001  0.87438086]
at minimum 0.0898 accepted 1  with params [-4.14946905 -0.1         0.01        0.53412409]
at minimum 0.0760 accepted 1  with params [-4.25566867  0.3432729   0.31984326  0.5       ]
at minimum 0.0542 accepted 1  with params [-4.43629205  0.43290608  0.5         0.7290202 ]
at minimum 0.0785 accepted 1  with params [-4.0576383   0.07629523  0.12730666  0.68874182]
at minimum 15149289669.0309 accepted 0  with params [-3.51930943  0.59296955  0.01        0.73399105]
at minimum 0.0983 accepted 1  with params [-3.9216427 -0.1        0.01       1.0795412]
at minimum 285764676342631088174031544825444876744387229131857595265072496640.0000 accepted 0  with params [-3.43066777 -0.1         0.01        1.1       ]
at minimum 0.0630 accepted 1  with params [-4.09822119 -0.1         0.31419942  1.1       ]
at minimum 0.0394 accepted 1  with params [-3.80581596 -0.07712738  0.29298321  0.97249586]
at minimum 0.0454 accepted 1  with params [-4.15333936 -0.1         0.5         0.80144801]
at minimum 0.1628 accepted 1  with params [-3.60402789  0.38795476  0.35016719  1.06046082]
at minimum 0.0445 accepted 1  with params [-4.10455936  0.50189506  0.5         1.07735439]
at minimum 0.0622 accepted 1  with params [-3.76874801 -0.04710191  0.15971907  0.82589604]
at minimum 0.0992 accepted 1  with params [-3.99142852 -0.0999965   0.01000157  1.09999807]
at minimum 0.0294 accepted 1  with params [-3.9532673  -0.1         0.49551336  0.85431446]
at minimum 0.2112 accepted 1  with params [-3.6794746  -0.09999941  0.49999973  1.1       ]
at minimum 0.0888 accepted 1  with params [-3.82061264  0.13099434  0.0661868   1.1       ]
at minimum 0.0717 accepted 1  with params [-3.94614831  0.19887381  0.18743265  1.09999645]
at minimum 0.0704 accepted 1  with params [-3.9435563   0.26266865  0.1940938   1.06084909]
at minimum 0.0497 accepted 1  with params [-4.21834925  0.16804215  0.5         0.97329582]
at minimum 0.0435 accepted 1  with params [-3.70977999  0.34915522  0.22555426  1.1       ]
at minimum 100000000000000000000.0000 accepted 0  with params [-3.35847151  0.02308927  0.01        1.08225103]
at minimum 100000000000000000000.0000 accepted 0  with params [-3.30006376  0.24433793  0.33331343  0.9120785 ]
at minimum 0.0978 accepted 1  with params [-4.13337389 -0.09999844  0.01000074  1.09999922]
at minimum 0.0824 accepted 1  with params [-4.47961294 -0.1         0.01        1.1       ]
at minimum 0.0553 accepted 1  with params [-4.26157081  0.12940291  0.5         1.1       ]
at minimum 0.0766 accepted 1  with params [-3.8363942  -0.1         0.11112403  0.69809092]
at minimum 0.0923 accepted 1  with params [-3.96569066 -0.1         0.01        0.5       ]
at minimum 0.0521 accepted 1  with params [-3.54260609 -0.05394827  0.01        0.81429314]
at minimum 31795261486041297887164454979520482443231050684241526390784.0000 accepted 0  with params [-3.43515953 -0.1         0.01        1.1       ]
at minimum 0.0294 accepted 1  with params [-3.71475244  0.22568652  0.47096026  0.87970969]
at minimum 0.0285 accepted 1  with params [-3.77146389 -0.1         0.49999955  0.518867  ]
at minimum 0.0223 accepted 1  with params [-3.69772336  0.44647348  0.5         0.50000123]
at minimum 0.0830 accepted 0  with params [-3.92875565  0.58897821  0.13582294  0.5       ]
at minimum 0.0916 accepted 1  with params [-3.16694047  0.56427     0.5         0.5       ]
at minimum inf accepted 0  with params [-3.17543064  0.0087296   0.43287397  1.09174383]
at minimum 0.0989 accepted 1  with params [-3.          0.22703945  0.42498273  1.03873936]
at minimum 0.0575 accepted 1  with params [-3.58943261 -0.09999905  0.24316605  1.1       ]
at minimum 0.0902 accepted 1  with params [-3.69785087 -0.1         0.01        0.53098449]
at minimum 100000000000000000000.0000 accepted 0  with params [-3.14331068 -0.1         0.01        1.09748254]
at minimum 0.0873 accepted 1  with params [-3.87818564  0.27738604  0.01        0.77577277]
at minimum 0.0328 accepted 1  with params [-3.73325721  0.59076303  0.40158617  1.09155394]
at minimum 0.0848 accepted 1  with params [-4.19800496  0.53021989  0.01394574  0.80515694]
at minimum 0.0576 accepted 1  with params [-3.76147996  0.80058763  0.20822937  1.1       ]
at minimum 9.2825 accepted 0  with params [-3.6006462  0.99       0.5        1.1      ]
at minimum 0.0955 accepted 1  with params [-3.96848564  0.1990278   0.01        1.05435644]
at minimum 0.0973 accepted 1  with params [-3.70511009  0.67300192  0.01        1.1       ]
at minimum 545801815095197013265197107831612772978256187919162247776100402184847360.0000 accepted 0  with params [-3.22824951  0.76351129  0.2140309   0.5842773 ]
at minimum 0.0798 accepted 1  with params [-3.54749782  0.99        0.01        1.1       ]
at minimum 100000000000000000000.0000 accepted 0  with params [-3.32866736  0.86688757  0.5         0.93685591]
at minimum 100000000000000000000.0000 accepted 0  with params [-3.01139357  0.99        0.05603651  1.01864719]
at minimum 0.0841 accepted 1  with params [-4.13388688  0.98999807  0.18085103  0.50000106]
at minimum 0.0758 accepted 1  with params [-4.31954554  0.98999998  0.38097814  0.5000002 ]
at minimum 0.0559 accepted 1  with params [-3.97683928  0.99        0.49999999  0.5       ]
at minimum 0.0236 accepted 1  with params [-3.65868484  0.77167952  0.5         0.5       ]
at minimum 51.2694 accepted 0  with params [-3.59729266  0.99        0.5         0.5       ]
at minimum 0.0472 accepted 1  with params [-3.71590886  0.1797775   0.30724266  0.50000034]
at minimum 0.0528 accepted 1  with params [-4.3018082  -0.1         0.49999957  0.79499764]
at minimum 0.0205 accepted 1  with params [-3.7382818   0.19581438  0.40554202  0.85983018]
at minimum 0.0926 accepted 1  with params [-4.28377894 -0.1         0.01        1.1       ]
at minimum 0.0854 accepted 1  with params [-4.46587153  0.37832059  0.01        1.1       ]
at minimum 0.0941 accepted 1  with params [-4.22231015  0.97207724  0.01000001  1.02658617]
at minimum 0.0611 accepted 1  with params [-4.1258833   0.73236764  0.38401541  1.1       ]
at minimum 0.0522 accepted 1  with params [-4.54351246  0.62863966  0.5         0.75719867]
at minimum 0.0782 accepted 1  with params [-4.87459155  0.99        0.01        1.1       ]
at minimum 0.0661 accepted 1  with params [-4.63234501  0.98998211  0.34704913  0.91716458]
at minimum 0.0263 accepted 1  with params [-5.02659048  0.84504481  0.5         1.07911983]
at minimum 0.0355 accepted 1  with params [-4.67906769  0.60022936  0.5         1.1       ]
at minimum 0.0377 accepted 1  with params [-4.97618324  0.87461596  0.5         0.59257652]
at minimum 0.0686 accepted 1  with params [-4.653396    0.95979684  0.49999927  0.50000082]
at minimum 0.0431 accepted 1  with params [-5.06677749  0.99        0.39627011  0.82961546]
at minimum 0.0384 accepted 1  with params [-4.76233723  0.4201819   0.5         0.5       ]
at minimum 0.0614 accepted 1  with params [-4.49457067  0.21566944  0.5         0.53466096]
at minimum 0.0508 accepted 1  with params [-3.95959826  0.38534152  0.5         0.5       ]
at minimum 0.0707 accepted 1  with params [-3.76322485  0.98999594  0.2010808   0.50000224]
at minimum 0.0628 accepted 1  with params [-4.1802562  0.99       0.5        0.5668996]
at minimum 0.0456 accepted 1  with params [-4.72604651  0.59286601  0.2177519   0.73307363]
at minimum 0.0180 accepted 1  with params [-4.80766967  0.56917038  0.4627192   0.79024983]
at minimum 0.0828 accepted 1  with params [-4.43201792  0.02470697  0.010004    1.04507172]
at minimum 0.0557 accepted 1  with params [-4.45607649  0.37940736  0.5         0.67029439]
at minimum 0.0239 accepted 1  with params [-5.02925911  0.59016416  0.5         0.5       ]
at minimum 0.0235 accepted 1  with params [-4.78311575 -0.06040362  0.5         0.5       ]
at minimum 0.0594 accepted 1  with params [-4.45983096 -0.1         0.34318294  0.5       ]
at minimum 0.0897 accepted 1  with params [-3.97063744 -0.09999927  0.01        0.58310327]
at minimum 0.0335 accepted 1  with params [-4.64229756 -0.1         0.18463872  1.06034359]
at minimum 0.0625 accepted 1  with params [-5.07104034 -0.1         0.01        0.70802032]
at minimum 0.1086 accepted 1  with params [-5.73736022  0.06745468  0.01        0.5       ]
at minimum 0.0582 accepted 1  with params [-5.08110116 -0.1         0.49999951  0.77665415]
at minimum 0.0214 accepted 1  with params [-5.21069798  0.34287691  0.5         0.5       ]
at minimum 0.0842 accepted 1  with params [-5.84192357  0.71829973  0.01        0.52556194]
at minimum 0.0270 accepted 1  with params [-5.88156525  0.99        0.5         0.76398296]
at minimum 0.0274 accepted 1  with params [-5.64920645  0.99        0.16476943  0.69975447]
at minimum 0.0251 accepted 1  with params [-6.    0.99  0.01  0.5 ]
at minimum 0.0406 accepted 1  with params [-5.99999993  0.73044162  0.40585896  1.09999983]
at minimum 0.0906 accepted 1  with params [-5.99999924  0.34784948  0.01000462  0.87282249]
at minimum 0.0794 accepted 1  with params [-5.5545534   0.31171845  0.01        0.82280645]
at minimum 0.1041 accepted 1  with params [-6.          0.15817481  0.01        0.73736059]
at minimum 0.0513 accepted 1  with params [-5.82423761 -0.1         0.39571209  1.05871341]
at minimum 0.0148 accepted 1  with params [-5.1492232  -0.1         0.23359352  0.77387873]
at minimum 0.1051 accepted 1  with params [-5.27877258  0.14095502  0.5         1.05156998]
at minimum 0.0402 accepted 1  with params [-5.53657168  0.02248785  0.5         0.5       ]
at minimum 0.0212 accepted 1  with params [-5.12342961  0.61962437  0.4999996   0.50000267]
at minimum 0.0260 accepted 1  with params [-5.00470574  0.64256695  0.49999998  0.50000003]
at minimum 0.0518 accepted 1  with params [-5.00584312  0.97752604  0.5         1.1       ]
at minimum 0.0624 accepted 1  with params [-4.53036526  0.99        0.5         1.1       ]
at minimum 0.0670 accepted 1  with params [-4.78572215  0.76745415  0.01        0.91991444]
at minimum 0.0660 accepted 1  with params [-4.74603823  0.99        0.36615613  0.62302363]
at minimum 0.0149 accepted 1  with params [-5.06248696  0.78967782  0.5         0.89793558]
at minimum 0.0792 accepted 1  with params [-4.46776376  0.33231842  0.01        0.65460898]
at minimum 0.0871 accepted 1  with params [-3.85846639  0.3458286   0.01        0.74008027]
at minimum 417407828191967280064053242757120.0000 accepted 0  with params [-3.47961921  0.69119338  0.01        1.1       ]
at minimum 0.0894 accepted 1  with params [-4.04097652  0.46436126  0.09581376  1.1       ]
at minimum 0.0844 accepted 1  with params [-3.7245147 -0.1        0.5        1.1      ]
at minimum 100000000000000000000.0000 accepted 0  with params [-3.34258389 -0.1         0.5         1.1       ]
at minimum 131269609287403657123332096.0000 accepted 0  with params [-3.49456386 -0.1         0.14862763  0.83135138]
at minimum 0.0345 accepted 1  with params [-3.69044837  0.56025689  0.2761923   1.09999964]
at minimum 0.0873 accepted 1  with params [-4.01227418  0.86258457  0.01        0.64591715]
at minimum 0.0940 accepted 1  with params [-3.76706149  0.99        0.01        0.98825948]
at minimum 100000000000000000000.0000 accepted 0  with params [-3.2608938   0.74105637  0.25905138  0.99840425]
at minimum 0.0824 accepted 1  with params [-4.39517445  0.98999995  0.01        0.70378307]
at minimum 0.0386 accepted 1  with params [-4.72816185  0.59151504  0.25539194  1.03766848]
at minimum 0.0918 accepted 1  with params [-4.48725881  0.91816717  0.01        1.1       ]
at minimum 0.0869 accepted 1  with params [-4.23075915  0.99        0.10968585  0.50000001]
at minimum 0.0899 accepted 1  with params [-3.6835094   0.62514558  0.01000101  0.50000156]
at minimum 0.0865 accepted 1  with params [-3.58183581  0.02695208  0.01        1.1       ]
at minimum 0.0952 accepted 1  with params [-4.21740837 -0.1         0.01000141  1.09999827]
at minimum 0.0532 accepted 1  with params [-4.6529587   0.11201008  0.0962314   1.1       ]
at minimum 0.0569 accepted 1  with params [-4.08368351  0.30817807  0.34686469  1.1       ]
at minimum 0.0855 accepted 1  with params [-4.53521286  0.69328093  0.01        1.1       ]
at minimum 0.0594 accepted 1  with params [-5.05527885  0.03732325  0.01        0.697851  ]
at minimum 0.0869 accepted 1  with params [-4.4079359 -0.1        0.01       1.1      ]
at minimum 0.0869 accepted 1  with params [-4.26778022  0.24557039  0.01000002  0.96630465]
at minimum 0.0991 accepted 1  with params [-3.78018333 -0.1         0.01        1.1       ]
at minimum 0.0378 accepted 1  with params [-4.44663365 -0.09999766  0.42160304  1.09999869]
at minimum 0.0828 accepted 1  with params [-4.32417514 -0.09999975  0.01        0.88099837]
at minimum 0.0720 accepted 1  with params [-4.97368353 -0.1         0.01        0.50000001]
at minimum 0.0611 accepted 1  with params [-4.82349004  0.50608239  0.01        0.90440745]
at minimum 0.0906 accepted 1  with params [-5.49613105  0.17188576  0.01        0.60755679]
at minimum 0.0442 accepted 1  with params [-4.80642892 -0.09999945  0.17375466  0.5       ]
at minimum 0.0851 accepted 1  with params [-4.17389013  0.3857055   0.01        0.74670179]
at minimum 0.0622 accepted 1  with params [-4.82965671  0.24050895  0.01        1.1       ]
at minimum 0.0725 accepted 1  with params [-4.73137026  0.51456013  0.01        1.1       ]
at minimum 0.0872 accepted 1  with params [-4.2325895   0.46739128  0.01        0.9447686 ]
at minimum 0.0630 accepted 1  with params [-4.87003799  0.84356201  0.01        0.73078231]
at minimum 0.0551 accepted 1  with params [-4.14942063  0.49636289  0.42753594  0.74611909]
at minimum 0.0674 accepted 1  with params [-4.24408167  0.5913769   0.5         0.5       ]
at minimum 0.0558 accepted 1  with params [-4.0187127   0.35281865  0.5         0.5       ]
at minimum 0.0539 accepted 1  with params [-4.31852989  0.34533918  0.49999998  1.1       ]
at minimum 0.0383 accepted 1  with params [-3.96614957  0.87623227  0.5         1.1       ]
at minimum 0.0341 accepted 1  with params [-3.64629488  0.40306646  0.22557869  1.09999796]
at minimum 620466.3041 accepted 0  with params [-3.52236699  0.99        0.01        1.1       ]
at minimum 0.0951 accepted 1  with params [-3.83854921  0.11518974  0.01        1.04178934]
at minimum 0.0587 accepted 1  with params [-3.58208176  0.80544169  0.12037716  0.5271795 ]
at minimum 100000000000000000000.0000 accepted 0  with params [-3.3148853   0.99        0.37756119  0.76770387]
at minimum 0.0701 accepted 1  with params [-3.98623367  0.52968297  0.30472645  0.5       ]
at minimum 0.3194 accepted 1  with params [-3.6455269   0.99        0.49999479  1.09999363]
at minimum 100000000000000000000.0000 accepted 0  with params [-3.32228539  0.99        0.5         1.1       ]
at minimum 0.0848 accepted 1  with params [-3.75625384  0.35741947  0.03966506  0.60092803]
at minimum 0.0887 accepted 1  with params [-3.86730398  0.09306383  0.01        0.84679174]
at minimum 100000000000000000000.0000 accepted 0  with params [-3.29684288  0.52406727  0.37096001  0.54355578]
at minimum 0.0640 accepted 1  with params [-3.59563287  0.04995931  0.08185221  1.1       ]
at minimum 100000000000000000000.0000 accepted 0  with params [-3.22801258  0.59443491  0.18754153  1.1       ]
at minimum 0.0856 accepted 1  with params [-3.87422027  0.45714059  0.09063292  0.50379815]
at minimum 0.0845 accepted 1  with params [-4.48433646  0.74839007  0.01        0.5       ]
at minimum 0.0279 accepted 1  with params [-3.79179596  0.62149502  0.5         0.57679576]
at minimum 100000000000000000000.0000 accepted 0  with params [-3.34777174  0.99        0.18084212  0.61191688]
at minimum 0.0588 accepted 1  with params [-4.04577714  0.99        0.49999916  0.50000103]
at minimum 100000000000000000000.0000 accepted 0  with params [-3.43268772  0.91518482  0.5         1.06646255]
at minimum 795693246773200648471628253760033161719147998838100604796804393861120.0000 accepted 0  with params [-3.48900099  0.54171191  0.5         0.5       ]
at minimum 0.0471 accepted 1  with params [-4.20208451  0.39752765  0.5         0.90525655]
at minimum 0.0792 accepted 1  with params [-4.12252987  0.92602169  0.22649557  1.06346327]
at minimum 0.0245 accepted 1  with params [-3.68227637  0.99        0.35986812  0.9065166 ]
at minimum 0.5122 accepted 1  with params [-3.64280905  0.81165127  0.5         1.1       ]
at minimum 7940940207830505101506313904220798976.0000 accepted 0  with params [-3.52862451  0.50791897  0.5         0.57713373]
at minimum 0.0972 accepted 1  with params [-3.74526185  0.31550967  0.01        1.09999777]
at minimum 100000000000000000000.0000 accepted 0  with params [-3.          0.29305558  0.5         1.1       ]
at minimum 0.0964 accepted 1  with params [-4.2056303   0.68786959  0.01        1.1       ]
at minimum 249240471027773433564390536249344.0000 accepted 0  with params [-3.48486821  0.1116504   0.18107637  1.08805065]
at minimum 0.0968 accepted 1  with params [-3.66564436  0.75908606  0.01000466  1.1       ]
at minimum 0.0221 accepted 1  with params [-3.7682421  -0.06529536  0.48167581  0.85737097]
at minimum 0.0985 accepted 1  with params [-3.8346536   0.08295505  0.01        1.1       ]
at minimum 0.0396 accepted 1  with params [-4.67529828  0.00512226  0.15018094  1.1       ]
at minimum 0.0363 accepted 1  with params [-4.64350567 -0.1         0.5         0.5       ]
at minimum 0.0524 accepted 1  with params [-4.66268369 -0.1         0.08744495  1.1       ]
at minimum 0.0813 accepted 1  with params [-4.35555402 -0.1         0.01        0.81619271]
at minimum 0.0618 accepted 1  with params [-5.18775235 -0.1         0.01        1.1       ]
at minimum 0.0743 accepted 1  with params [-4.51705875  0.25918676  0.07151151  1.09999977]
at minimum 0.0978 accepted 1  with params [-3.8003885   0.40812804  0.01        1.1       ]
at minimum 0.0930 accepted 1  with params [-4.48797241  0.99        0.01        1.1       ]
at minimum 0.0702 accepted 1  with params [-5.05754938  0.98999643  0.01        1.09999803]
at minimum 0.0748 accepted 1  with params [-5.6496935   0.79635367  0.01000002  0.5       ]
at minimum 0.0942 accepted 1  with params [-5.94642682  0.99        0.01        1.1       ]
at minimum 0.0701 accepted 1  with params [-6.          0.52513166  0.17606963  0.9264601 ]
at minimum 0.0614 accepted 1  with params [-5.49950582  0.7386933   0.14969965  0.5       ]
at minimum 0.0293 accepted 1  with params [-5.84831771  0.98999444  0.01000244  0.76975232]
at minimum 0.0710 accepted 1  with params [-6.          0.79748914  0.01        0.94484274]
at minimum 0.0689 accepted 1  with params [-5.4210983   0.56284441  0.0100024   0.67070745]
at minimum 0.0622 accepted 1  with params [-4.7463887   0.9899974   0.496038    0.63119088]
at minimum 0.0911 accepted 1  with params [-3.99130309  0.93097706  0.01        0.5       ]
at minimum 0.0913 accepted 1  with params [-3.86152658  0.99        0.01        0.5       ]
at minimum inf accepted 0  with params [-3.09094935  0.99        0.29216144  0.83341748]
at minimum 2239007247661328933684536571581557878752046987968245850034328476339289456640.0000 accepted 0  with params [-3.25656578  0.99        0.5         0.89307856]
at minimum 100000000000000000000.0000 accepted 0  with params [-3.08578104  0.99        0.01        0.5       ]
at minimum 100000000000000000000.0000 accepted 0  with params [-3.28179659  0.99        0.01        0.5       ]
at minimum 0.0641 accepted 1  with params [-3.55008206  0.99        0.01        0.5       ]
at minimum 23702063625.0106 accepted 0  with params [-3.13771511  0.99        0.01        1.04267412]
at minimum 0.0887 accepted 1  with params [-4.27096118  0.4004041   0.01        0.5       ]
at minimum 0.0797 accepted 1  with params [-4.55997589  0.99        0.01        0.6040453 ]
at minimum 0.1010 accepted 1  with params [-3.86989023  0.98999554  0.010002    1.1       ]
at minimum 100000000000000000000.0000 accepted 0  with params [-3.37306891  0.43742512  0.01        0.54087412]
at minimum 100000000000000000000.0000 accepted 0  with params [-3.17584269  0.99        0.01        1.1       ]
at minimum 0.0980 accepted 1  with params [-4.26866191  0.99        0.01        1.1       ]
at minimum 33463398669276424530892011782348623314944.0000 accepted 0  with params [-3.47294652  0.99        0.5         0.96805866]
at minimum 240602081303655763681659180246556377287923137931961696256.0000 accepted 0  with params [-3.44677903  0.34223908  0.01000006  0.73488187]
at minimum 0.0750 accepted 1  with params [-4.7723076   0.60066487  0.01000016  0.5       ]
at minimum 0.0381 accepted 1  with params [-5.22049237  0.6927318   0.24032318  0.5       ]
at minimum 0.0866 accepted 1  with params [-4.4063858  0.99       0.01       0.5      ]
at minimum 0.0820 accepted 1  with params [-4.4135701   0.99        0.01        0.69196866]
at minimum 793477868.3036 accepted 0  with params [-3.57276558  0.74286284  0.44105247  1.1       ]
at minimum 0.0977 accepted 1  with params [-3.92378081  0.99        0.04199397  1.1       ]
at minimum 100000000000000000000.0000 accepted 0  with params [-3.3753045   0.5973856   0.24393353  1.1       ]
at minimum 17872142770377715814654702237588236795904.0000 accepted 0  with params [-3.46149937  0.37610341  0.04536937  0.62599568]
at minimum 0.1009 accepted 1  with params [-3.96802963  0.99        0.01        1.1       ]
at minimum 11640203701640154336709364067027263162822563626745856.0000 accepted 0  with params [-3.51766581  0.99        0.5         1.0082975 ]
at minimum 0.0573 accepted 1  with params [-4.87228774  0.99        0.5         1.1       ]
