./../runners.py:231: RuntimeWarning: invalid value encountered in multiply
  model_input = self.k*x_tm1
./../dsp_utils.py:9: RuntimeWarning: invalid value encountered in double_scalars
  self.state = 1./self.tau*x + (1-1./self.tau)*self.state
at minimum 0.0236 accepted 1  with params [-4.5   0.4   0.05  1.    0.  ]
at minimum 0.0186 accepted 1  with params [-4.03210833  0.08940006  0.01        0.602677    0.        ]
at minimum 0.0199 accepted 1  with params [-4.33425635  0.49944051  0.01000002  0.50000002  0.39174982]
at minimum 0.0222 accepted 1  with params [-3.93782427  0.26748194  0.01        0.89243005  0.3686486 ]
at minimum 0.0184 accepted 1  with params [-4.08623788  0.37492504  0.01        0.63729532  0.47774824]
at minimum 0.0203 accepted 1  with params [-3.69037254  0.68647922  0.3017603   0.72836914  0.22858221]
at minimum 0.0189 accepted 1  with params [-3.89830874  0.37982399  0.01        0.72112218  0.        ]
at minimum 0.0225 accepted 1  with params [-3.96135715  0.12986609  0.01000041  0.90885122  0.1929459 ]
at minimum 0.0203 accepted 1  with params [-3.98100787  0.60863358  0.01561074  0.54906141  0.        ]
at minimum 0.0199 accepted 1  with params [-3.73294351  0.4048483   0.06723435  0.50000003  0.19624527]
at minimum 0.0185 accepted 1  with params [-3.62694588  0.27060518  0.03307215  0.54979658  0.        ]
at minimum 0.0260 accepted 1  with params [-3.48679001  0.58476993  0.01        0.5         0.        ]
at minimum 0.0210 accepted 1  with params [-3.82818026  0.99        0.01000001  0.61514961  0.        ]
at minimum 0.0175 accepted 1  with params [-3.60603643  0.98999918  0.19691394  0.61870611  0.        ]
at minimum 1805985132725288395288956264086390518713163788058624.0000 accepted 0  with params [-3.19032147  0.99        0.45298434  1.02304924  0.09543443]
at minimum 100000000000000000000.0000 accepted 0  with params [-3.1534972   0.80878968  0.17926228  0.5         0.        ]
at minimum 0.0217 accepted 1  with params [-3.76228127e+00  7.17446123e-01  1.00000000e-02  5.00003484e-01
  2.32265979e-05]
at minimum 0.0210 accepted 1  with params [-3.87638649  0.23061522  0.01        0.50000002  0.        ]
at minimum 0.0210 accepted 1  with params [-3.82396848  0.10681507  0.01        0.5         0.        ]
at minimum 0.0160 accepted 1  with params [-3.96974983 -0.09930881  0.3804249   0.5         0.        ]
at minimum 0.0152 accepted 1  with params [-4.01410597e+00  1.66093631e-01  4.99998419e-01  5.59363969e-01
  1.79165235e-05]
at minimum 0.0188 accepted 1  with params [-4.45261215e+00  2.97901146e-02  1.00000000e-02  9.17095368e-01
  7.63993616e-23]
at minimum 0.0216 accepted 1  with params [-4.78895221  0.51901004  0.01        0.93284175  0.09102381]
at minimum 0.0315 accepted 1  with params [-4.55881505e+00  5.02186906e-01  1.00000000e-02  1.10000000e+00
  1.16841710e-24]
at minimum 0.0240 accepted 1  with params [-4.57323581  0.00799552  0.17748358  1.1         0.        ]
at minimum 0.0292 accepted 1  with params [-5.06440567  0.16447833  0.01        1.1         0.01708206]
at minimum 0.2635 accepted 1  with params [-5.07208913  0.1504539   0.40118813  1.1         0.        ]
at minimum 0.1274 accepted 1  with params [-5.16109353 -0.0976545   0.5         0.68540877  0.31184747]
at minimum 0.0577 accepted 1  with params [-5.10602036e+00 -5.85684386e-02  3.18191391e-01  5.88497313e-01
  1.83171762e-08]
at minimum 0.0173 accepted 1  with params [-4.82995557  0.11525237  0.01        0.5         0.        ]
at minimum 0.0219 accepted 1  with params [-5.12253572e+00 -1.00000000e-01  1.00000000e-02  5.00000000e-01
  4.44244922e-03]
at minimum 0.0262 accepted 1  with params [-5.57154661  0.39275386  0.01000001  0.5         0.42121162]
at minimum 0.0166 accepted 1  with params [-5.15163491  0.34759626  0.01        0.61199131  0.21395962]
at minimum 0.0268 accepted 1  with params [-5.51504153  0.09001715  0.24727983  0.5         0.63006552]
at minimum 0.0288 accepted 1  with params [-5.33063803  0.55857481  0.22085647  0.92519713  0.7651438 ]
at minimum 0.0173 accepted 1  with params [-5.19981129  0.5282147   0.01        0.77653039  1.17213418]
at minimum 0.0199 accepted 1  with params [-5.5262959   0.60726971  0.370801    0.54353893  1.48464728]
at minimum 0.0276 accepted 1  with params [-5.87795928  0.3481329   0.01        0.64994337  1.16227447]
at minimum 0.0320 accepted 1  with params [-5.76328537  0.17632448  0.20275118  0.5         0.9140796 ]
at minimum 0.0277 accepted 1  with params [-5.62318729  0.24245687  0.43314445  0.5         0.82722271]
at minimum 0.0226 accepted 1  with params [-5.97670225  0.26733218  0.5         0.82472118  0.4837258 ]
at minimum 0.0438 accepted 1  with params [-6.         -0.04751863  0.29078354  0.5         0.05280123]
at minimum 0.0415 accepted 1  with params [-6.         -0.1         0.5         0.58423573  0.24376704]
at minimum 0.0372 accepted 1  with params [-5.64796164 -0.1         0.5         0.5         0.6521437 ]
at minimum 0.0468 accepted 1  with params [-5.27409471  0.35498763  0.33296371  0.74289669  1.10862211]
at minimum 0.0184 accepted 1  with params [-5.67647252  0.81585433  0.01225169  0.74613009  1.41478851]
at minimum 0.0975 accepted 1  with params [-5.36269966  0.99        0.01        1.1         1.29505793]
at minimum 0.0384 accepted 1  with params [-5.68690229  0.83763571  0.13855961  1.1         1.63753051]
at minimum 0.0204 accepted 1  with params [-5.84071579  0.66659195  0.15390785  1.1         1.80036006]
at minimum 0.0185 accepted 1  with params [-5.71670013  0.34912856  0.01        1.1         1.44849455]
at minimum 0.0296 accepted 1  with params [-5.89893051  0.09388917  0.01        0.98999741  1.38739699]
at minimum 0.0499 accepted 1  with params [-5.37192411  0.40233408  0.29945345  1.06375193  1.27661682]
at minimum 0.0190 accepted 1  with params [-5.20126174 -0.00730001  0.04250622  1.1         1.34131647]
at minimum 0.0201 accepted 1  with params [-5.2510183  -0.09999881  0.01000054  1.09999934  1.40871504]
at minimum 0.1732 accepted 1  with params [-4.92524759 -0.1         0.34944153  1.1         0.87131368]
at minimum 0.0451 accepted 1  with params [-4.80722205 -0.09999855  0.49999956  0.60184006  0.71700267]
at minimum 0.0282 accepted 1  with params [-5.31569665 -0.1         0.01        0.50000102  0.91042691]
at minimum 0.0241 accepted 1  with params [-4.85663592  0.34732934  0.49114271  0.5         1.31958525]
at minimum 0.0322 accepted 1  with params [-4.78352936 -0.1         0.5         0.5         0.86268985]
at minimum 0.1464 accepted 1  with params [-5.08890917 -0.1         0.5         0.7448877   0.61140438]
at minimum 0.3660 accepted 1  with params [-5.12037817 -0.1         0.5         1.1         0.21044933]
at minimum 0.0205 accepted 1  with params [-5.01837734e+00 -9.99983473e-02  5.96962253e-02  9.62284553e-01
  6.03672715e-06]
at minimum 0.0303 accepted 1  with params [-4.51776403e+00  3.95253215e-01  1.00000000e-02  1.10000000e+00
  4.36906667e-16]
at minimum 0.0292 accepted 1  with params [-4.06907686e+00  1.12319445e-01  3.40452843e-01  1.10000000e+00
  7.34139833e-08]
at minimum 0.0159 accepted 1  with params [-4.22345385  0.6650564   0.32298252  0.73881274  0.51738793]
at minimum 0.0399 accepted 1  with params [-3.82414102  0.98999999  0.01000001  1.1         0.87490105]
at minimum 0.0348 accepted 1  with params [-4.19213385  0.8284394   0.25516225  1.1         1.36132177]
at minimum 0.0361 accepted 1  with params [-4.63831496  0.79711273  0.40131964  1.09356964  1.45389182]
at minimum 0.1150 accepted 1  with params [-5.00227672  0.50133764  0.35806845  1.1         1.10515345]
at minimum 0.3026 accepted 1  with params [-5.12109854  0.13509535  0.5         1.0999995   0.80512933]
at minimum 0.0287 accepted 1  with params [-5.24185105  0.45883775  0.02311863  1.1         0.32572702]
at minimum 0.0381 accepted 1  with params [-5.74516724  0.88472567  0.30234287  0.97605764  0.15910369]
at minimum 0.0198 accepted 1  with params [-6.          0.48693062  0.49999973  1.1         0.61343345]
at minimum 0.0188 accepted 1  with params [-5.60437108  0.73405344  0.18790805  0.89308465  1.0569616 ]
at minimum 0.0288 accepted 1  with params [-5.72615863  0.99        0.30677554  0.5         1.00189721]
at minimum 0.0207 accepted 1  with params [-6.          0.95711392  0.49999937  0.5         1.40681688]
at minimum 0.0303 accepted 1  with params [-5.67154005  0.99        0.5         0.52229223  1.91364464]
at minimum 0.0734 accepted 1  with params [-5.91835065  0.9556315   0.46321699  0.99009526  1.78954417]
at minimum 0.0171 accepted 1  with params [-6.          0.75460683  0.5         0.5695714   1.64729741]
at minimum 0.0285 accepted 1  with params [-5.68578597  0.98999982  0.5         0.50000009  1.7608467 ]
at minimum 0.0216 accepted 1  with params [-5.28477637  0.98999947  0.49999972  0.62691443  1.32713772]
at minimum 0.0163 accepted 1  with params [-4.73058865  0.86533425  0.23961048  0.5         1.61341324]
at minimum 0.0169 accepted 1  with params [-4.58683317  0.99        0.23354111  0.5         2.08043143]
at minimum 0.0175 accepted 1  with params [-4.55551535  0.76384133  0.07944452  0.50000008  1.92265227]
at minimum 0.0156 accepted 1  with params [-4.05525221  0.8212058   0.49183003  0.5         1.8507313 ]
at minimum 0.0156 accepted 1  with params [-3.83861249  0.75569612  0.5         0.5         1.7353462 ]
at minimum 0.0201 accepted 1  with params [-4.08906879  0.45675638  0.01        0.5         1.4407112 ]
at minimum 0.0167 accepted 1  with params [-4.01789354 -0.05771546  0.01        0.8046073   1.51218812]
at minimum 0.0196 accepted 1  with params [-3.84566927  0.09308752  0.01        0.53598541  1.40726108]
at minimum 0.0186 accepted 1  with params [-3.34820636  0.30327655  0.01        0.92899848  1.51316058]
at minimum 0.0203 accepted 1  with params [-3.85466769  0.50087328  0.01        0.50000001  1.48466519]
at minimum 0.0174 accepted 1  with params [-4.39039296  0.62022399  0.01        0.70041578  0.98795646]
at minimum 0.0247 accepted 1  with params [-4.8343637   0.71549022  0.38327748  0.84655588  0.95247351]
at minimum 0.0204 accepted 1  with params [-4.78846306  0.70171263  0.5         0.77246881  1.49169554]
at minimum 0.0177 accepted 1  with params [-4.94578624  0.98999997  0.13607934  0.50000002  1.60383116]
at minimum 0.0165 accepted 1  with params [-4.9685207   0.99        0.49999992  0.5         1.2200332 ]
at minimum 0.0179 accepted 1  with params [-4.41644979  0.9899999   0.49999995  0.50000005  1.16973327]
at minimum 0.0149 accepted 1  with params [-4.64762816  0.46968938  0.31926428  0.5         0.642549  ]
at minimum 0.0241 accepted 1  with params [-4.7974344   0.8312405   0.01571546  0.88382857  0.17168779]
at minimum 0.0172 accepted 1  with params [-4.59547327  0.96825171  0.34024802  0.60050284  0.32396124]
at minimum 0.0401 accepted 1  with params [-4.09994305  0.98332601  0.01        1.1         0.5082972 ]
at minimum 0.0352 accepted 1  with params [-4.14093736e+00  5.97993931e-01  1.00000000e-02  1.09999981e+00
  1.88634087e-05]
at minimum 0.0687 accepted 1  with params [-4.73070865e+00  1.45771637e-03  2.90531539e-01  1.10000000e+00
  0.00000000e+00]
at minimum 0.0178 accepted 1  with params [-5.10410305e+00 -1.00000000e-01  1.00000000e-02  8.34162529e-01
  2.94819615e-06]
at minimum 0.0326 accepted 1  with params [-4.97077865e+00  3.65473430e-01  1.00000000e-02  1.09656004e+00
  9.18369198e-23]
at minimum 0.0196 accepted 1  with params [-4.5134609   0.64492626  0.01        0.83492547  0.        ]
at minimum 0.0187 accepted 1  with params [-4.3112363   0.48718835  0.01        0.79286985  0.54868407]
at minimum 0.0279 accepted 1  with params [-4.36186498 -0.0983565   0.01        1.0999987   0.95080169]
at minimum 0.0168 accepted 1  with params [-4.25307492 -0.1         0.01        0.70918047  0.67458095]
at minimum 0.0161 accepted 1  with params [-3.80078077  0.50237138  0.13684695  0.70778834  0.38977391]
at minimum 0.0213 accepted 1  with params [-3.73410597  0.73612925  0.39119032  0.59345638  0.09036894]
at minimum 0.0181 accepted 1  with params [-4.29648918  0.66744148  0.33708314  0.50000031  0.        ]
at minimum 0.0187 accepted 1  with params [-4.63206756  0.73921254  0.01        0.5         0.        ]
at minimum 0.0207 accepted 1  with params [-4.09662294  0.23745237  0.01        0.5         0.        ]
at minimum 0.0226 accepted 1  with params [-4.32408473 -0.1         0.01        0.97271602  0.29061667]
at minimum 0.0187 accepted 1  with params [-4.18627338e+00 -2.99590957e-02  1.00000000e-02  8.04583245e-01
  3.39269350e-06]
at minimum 0.0347 accepted 1  with params [-3.8622406   0.54761428  0.01        1.1         0.        ]
at minimum 0.0170 accepted 1  with params [-3.85065324  0.99        0.24243165  0.6074614   0.        ]
at minimum 0.0210 accepted 1  with params [-3.79952693e+00  5.13083107e-01  1.00000000e-02  5.12201966e-01
  5.14406681e-06]
at minimum 0.0225 accepted 1  with params [-3.74791236  0.3892043   0.45188819  0.5         0.        ]
at minimum 0.0151 accepted 1  with params [-4.03519813  0.11208147  0.20167955  0.65732001  0.28962146]
at minimum 0.0333 accepted 1  with params [-3.66003002  0.67680616  0.15773352  1.1         0.04014302]
at minimum 100000000000000000000.0000 accepted 0  with params [-3.18932231  0.28104552  0.26790888  0.88250861  0.        ]
at minimum 0.0211 accepted 1  with params [-4.27230170e+00  8.73347915e-01  1.00000000e-02  5.04452321e-01
  4.36906667e-16]
at minimum 0.0187 accepted 1  with params [-4.47828375  0.280566    0.01        0.5         0.18863778]
at minimum 0.0190 accepted 1  with params [-4.4387424   0.30947907  0.01        0.50000014  0.145815  ]
at minimum 0.0205 accepted 1  with params [-4.30272095  0.63580762  0.01        0.5         0.20350708]
at minimum 0.0180 accepted 1  with params [-4.42996535  0.99        0.5         0.5         0.68587191]
at minimum 0.0314 accepted 1  with params [-4.53838364  0.99        0.5         1.01317914  0.29739017]
at minimum 0.0374 accepted 1  with params [-4.58624189  0.79947303  0.01        1.09999809  0.53352878]
at minimum 0.0261 accepted 1  with params [-4.78800578  0.99        0.21698617  0.88776001  0.88291137]
at minimum 0.0740 accepted 1  with params [-5.35405099  0.9309451   0.11343244  1.09999979  0.51413624]
at minimum 0.0441 accepted 1  with params [-5.44566374  0.90877957  0.01        0.94119573  0.98661636]
at minimum 0.1281 accepted 0  with params [-5.55568013  0.99        0.44567052  1.1         0.55129583]
at minimum 0.0133 accepted 1  with params [-4.86364805  0.46977357  0.13701682  0.72366266  0.77005608]
at minimum 0.0215 accepted 1  with params [-5.42123871  0.9899994   0.01        0.5         0.91142355]
at minimum 0.0192 accepted 1  with params [-5.38116505  0.9398768   0.01        0.5         1.47862511]
at minimum 0.0192 accepted 1  with params [-4.81575698  0.40472263  0.01        0.5         1.98236545]
at minimum 0.0162 accepted 1  with params [-4.56934861  0.78402202  0.5         0.5         2.56550197]
at minimum 0.0131 accepted 1  with params [-4.46986326  0.24803996  0.08723247  1.0976853   2.34854513]
at minimum 0.0165 accepted 1  with params [-4.23150734  0.62374288  0.01        0.72392996  1.95901601]
at minimum 0.0445 accepted 1  with params [-3.67948055  0.22961337  0.01        0.5         2.41204836]
at minimum 0.0404 accepted 1  with params [-3.54827742  0.21751688  0.01        0.63865242  2.04617679]
at minimum 0.0209 accepted 1  with params [-3.33872317  0.46871909  0.32848591  1.09977605  2.48806757]
at minimum 0.0202 accepted 1  with params [-3.0000229   0.33037629  0.13973122  1.1         2.27253436]
at minimum 0.0354 accepted 1  with params [-5.91179791  0.99        0.5         0.5         1.51980751]
at minimum 0.0209 accepted 1  with params [-5.67536171  0.59509157  0.33230262  0.95560977  0.94306148]
at minimum 0.0419 accepted 1  with params [-6.          0.02512741  0.01        0.65387835  0.73856147]
at minimum 0.0449 accepted 1  with params [-6.         -0.1         0.01000043  0.94701185  0.42748539]
at minimum 0.0185 accepted 1  with params [-6.          0.42387283  0.06576744  1.1         0.57963299]
at minimum 0.1151 accepted 1  with params [-5.35118131  0.88940236  0.5         1.0999996   1.02139981]
at minimum 0.0538 accepted 1  with params [-4.82888706  0.47873284  0.29512019  1.1         0.92171752]
at minimum 0.1175 accepted 1  with params [-5.14071831  0.77082472  0.5         1.1         1.46020347]
at minimum 0.0234 accepted 1  with params [-5.65534074  0.60990181  0.49999865  0.50000146  0.78832572]
at minimum 0.1140 accepted 1  with params [-5.88812051  0.99        0.33267493  0.8811838   1.37192209]
at minimum 0.0256 accepted 1  with params [-5.60300437  0.98999981  0.13697512  0.5         1.44714442]
at minimum 0.0367 accepted 1  with params [-5.25002282  0.98999978  0.01        0.8014235   1.3079159 ]
at minimum 0.0189 accepted 1  with params [-5.78911482  0.36155847  0.01        1.1         1.47539404]
at minimum 0.0330 accepted 1  with params [-6.         -0.04000652  0.33200004  1.0999996   1.49226599]
at minimum 0.0407 accepted 1  with params [-6.         -0.06260659  0.01        1.1         1.68436446]
at minimum 0.0217 accepted 1  with params [-5.41901978 -0.1         0.01        1.1         1.57374711]
at minimum 0.0308 accepted 1  with params [-5.70994668 -0.01951284  0.22873961  0.67454023  1.83800225]
at minimum 0.0239 accepted 1  with params [-6.          0.52341116  0.5         0.50000105  1.53540175]
at minimum 0.0193 accepted 1  with params [-5.32658364  0.99        0.5         0.5         1.78402549]
at minimum 0.0445 accepted 1  with params [-4.89510597  0.84861504  0.22367514  1.09999974  1.40559622]
at minimum 0.1250 accepted 0  with params [-4.94032625  0.48624271  0.5         1.1         1.21833504]
at minimum 0.0215 accepted 1  with params [-4.95543835  0.75174951  0.22042788  0.82983225  1.65863988]
at minimum 0.0411 accepted 1  with params [-4.36327641  0.99        0.01        1.1         1.18198144]
at minimum 0.9765 accepted 1  with params [-3.86326713  0.99        0.5         1.1         1.66308828]
at minimum 0.0168 accepted 1  with params [-4.09487721  0.61363174  0.17767087  1.1         2.33880686]
at minimum 0.0243 accepted 1  with params [-3.58046375  0.0309036   0.32260902  1.08617994  2.80817816]
at minimum 4096.7045 accepted 0  with params [-3.08180914  0.51731442  0.5         0.5         3.22906033]
at minimum 0.0371 accepted 1  with params [-3.90079238  0.14807326  0.23701722  0.81306375  3.12565505]
at minimum 0.0221 accepted 1  with params [-3.48160958  0.52979267  0.5         1.01365799  3.64785627]
at minimum 0.0207 accepted 1  with params [-3.54407845  0.83153516  0.5         0.61210521  3.19670769]
at minimum 0.0232 accepted 1  with params [-3.66845924  0.39299679  0.49999974  0.50000032  2.55462783]
at minimum 0.0613 accepted 1  with params [-3.9160704  -0.1         0.01        0.5         2.74084494]
at minimum 0.0187 accepted 1  with params [-5.31905905  0.48793971  0.01        1.09883713  2.93916023]
at minimum 0.0542 accepted 1  with params [-4.86017278  0.92877025  0.5         1.09999952  3.57202592]
at minimum 0.0161 accepted 1  with params [-5.20248284  0.51710816  0.01        0.75368585  1.74236739]
at minimum 0.0157 accepted 1  with params [-4.79272849  0.33575674  0.11295376  0.5         1.4415477 ]
at minimum 0.0179 accepted 1  with params [-4.2253815   0.98869823  0.49999582  0.50000511  1.10699678]
at minimum 0.0164 accepted 1  with params [-3.95010738  0.7247661   0.26286596  0.61788414  1.04529126]
at minimum 0.0172 accepted 1  with params [-4.01153676  0.45703242  0.5         0.5         1.22092214]
at minimum 0.0150 accepted 1  with params [-4.4089721   0.04230737  0.37527592  0.52468603  1.62869392]
at minimum 0.0273 accepted 1  with params [-4.94749613  0.55025297  0.01        1.00226088  1.34000569]
at minimum 0.0347 accepted 1  with params [-4.38293361  0.81922734  0.4670408   1.09999994  0.91906777]
at minimum 0.1294 accepted 1  with params [-3.84193297  0.99        0.48247689  1.1         1.41404798]
at minimum 0.0351 accepted 1  with params [-4.20782536  0.7448329   0.5         1.1         0.912787  ]
at minimum 0.0804 accepted 1  with params [-4.88280754  0.62827264  0.5         1.1         0.68273945]
at minimum 0.0253 accepted 1  with params [-5.46518027  0.73051025  0.43731481  0.55720454  1.12836732]
at minimum 0.0303 accepted 1  with params [-5.09144434  0.56276411  0.5         0.5         1.52650507]
at minimum 0.0168 accepted 1  with params [-4.86982918  0.99        0.5         0.5         1.43012499]
at minimum 0.0870 accepted 1  with params [-5.40238711  0.99        0.5         1.00522597  2.08263426]
at minimum 0.0211 accepted 1  with params [-6.          0.58030123  0.5         1.1         1.46336112]
at minimum 0.0280 accepted 1  with params [-6.          0.08559277  0.49999877  1.1         0.80797077]
at minimum 0.0387 accepted 1  with params [-6.         -0.09999997  0.5         1.09999999  0.30108409]
at minimum 0.0322 accepted 1  with params [-6.          0.03632519  0.5         0.79624163  0.19845228]
at minimum 0.0248 accepted 1  with params [-6.          0.48704611  0.5         0.5         0.3341138 ]
at minimum 0.0192 accepted 1  with params [-6.          0.7390619   0.49999957  0.5         0.54795416]
at minimum 0.0176 accepted 1  with params [-5.24465104  0.99        0.5         0.5         0.1744178 ]
