./../runners.py:308: RuntimeWarning: invalid value encountered in multiply
  model_input = self.k*x_tm1
./../dsp_utils.py:9: RuntimeWarning: invalid value encountered in double_scalars
  self.state = 1./self.tau*x + (1-1./self.tau)*self.state
at minimum 0.0200 accepted 1  with params [-3.68299958  0.84520071  0.10090025  0.88580013 -3.99999753]
at minimum 0.0116 accepted 1  with params [-3.63418608  1.06039008  0.20366363  0.93068332 -4.        ]
at minimum 0.0132 accepted 1  with params [-3.41924645  1.16315346  0.18776668  0.70049007 -3.85410589]
at minimum 0.0139 accepted 1  with params [-3.32793638  1.26591683  0.23264986  0.7155502  -3.70821177]
at minimum 0.0170 accepted 1  with params [-3.11274701  1.36868021  0.27753304  0.74242836 -3.56231766]
at minimum 0.0141 accepted 1  with params [-3.11260009  1.47144358  0.19836917  0.6762862  -3.41642355]
at minimum 0.0252 accepted 1  with params [-3.07554262  1.57420696  0.22337694  0.61325316 -3.27052943]
at minimum 0.0174 accepted 1  with params [-3.00412466  1.67697034  0.26826012  0.88079303 -3.12463532]
at minimum 0.0131 accepted 1  with params [-3.51974616  1.62630567  0.3131433   1.1        -2.97874121]
at minimum 0.0189 accepted 1  with params [-3.30455677  1.72906905  0.35802649  1.0236548  -2.8328471 ]
at minimum 0.0660 accepted 1  with params [-3.08936741  1.83183243  0.40290968  0.9473096  -2.68695298]
at minimum 0.0194 accepted 1  with params [-3.88836342  1.9345958   0.44779286  1.1        -2.72171903]
at minimum 0.0192 accepted 1  with params [-3.67317404  2.          0.49267604  1.0236548  -2.57582492]
at minimum 0.0234 accepted 1  with params [-3.42490719  2.          0.5         0.77819267 -2.42993081]
at minimum 0.0185 accepted 1  with params [-3.88109944  2.          0.5         1.1        -2.28403669]
at minimum 0.0195 accepted 1  with params [-3.66591008  2.          0.5         1.035905   -2.13814258]
at minimum 0.0226 accepted 1  with params [-3.47186502  2.          0.5         0.84025131 -1.99224847]
at minimum 0.0349 accepted 1  with params [-3.12003227  2.          0.5         0.5        -1.84635436]
at minimum 0.0218 accepted 1  with params [-4.04402692  2.          0.5         1.1        -1.70046024]
at minimum 0.0181 accepted 1  with params [-3.78927884  2.          0.5         1.1        -1.55456613]
at minimum 0.0209 accepted 1  with params [-3.57408947  2.          0.5         0.95146611 -1.40867202]
at minimum 0.0185 accepted 1  with params [-3.7281308  2.         0.5        1.1       -1.2627779]
at minimum 0.0218 accepted 1  with params [-3.51295858  2.          0.5         0.89509264 -1.11688379]
at minimum 0.0253 accepted 1  with params [-3.29776921  2.          0.5         0.64748537 -0.97098968]
at minimum 0.0471 accepted 1  with params [-3.08257984  2.          0.5         0.5        -0.82509556]
at minimum 0.0242 accepted 1  with params [-3.98395584  2.          0.5         1.1        -0.77232511]
at minimum 0.0188 accepted 1  with params [-3.67226848  2.          0.5         1.1        -0.626431  ]
at minimum 0.0225 accepted 1  with params [-3.45707912  2.          0.5         0.87369146 -0.48053689]
at minimum 0.0261 accepted 1  with params [-3.23887472  2.          0.5         0.58444373 -0.34999974]
at minimum 0.0946 accepted 1  with params [-3.02368535  2.          0.5         0.5        -0.20410563]
at minimum 0.0351 accepted 1  with params [-4.17728031  2.          0.5         1.1        -0.69271589]
at minimum 0.0196 accepted 1  with params [-3.61746638  2.          0.5         1.07649746 -0.54682178]
at minimum 0.0193 accepted 1  with params [-3.66377689  2.          0.5         1.07930388 -0.40092767]
at minimum 0.0224 accepted 1  with params [-3.44858753  2.          0.5         0.89832252 -0.25503355]
at minimum 0.0261 accepted 1  with params [-3.23339816  2.          0.5         0.59066827 -0.10913944]
at minimum 0.1008 accepted 1  with params [-3.0182088  2.         0.5        0.5        0.       ]
at minimum 0.0227 accepted 1  with params [-4.11187953  2.          0.5         1.1        -4.        ]
at minimum 0.0186 accepted 1  with params [-3.89669017  2.          0.5         1.1        -3.85410589]
at minimum 0.0193 accepted 1  with params [-3.6815008   2.          0.5         1.04913998 -3.70821177]
at minimum 0.0191 accepted 1  with params [-3.69452199  2.          0.5         1.06168074 -3.56231766]
at minimum 0.0225 accepted 1  with params [-3.47933262  2.          0.5         0.84597536 -3.41642355]
at minimum 0.0261 accepted 1  with params [-3.25372044  2.          0.5         0.58475185 -3.27052943]
at minimum 0.0803 accepted 1  with params [-3.03853107  2.          0.5         0.5        -3.12463532]
at minimum 0.0192 accepted 1  with params [-3.93713345  2.          0.5         1.1        -2.97874121]
at minimum 0.0187 accepted 1  with params [-3.72194408  2.          0.5         1.09060781 -2.8328471 ]
at minimum 0.0220 accepted 1  with params [-3.50675472  2.          0.5         0.87450873 -2.68695298]
at minimum 0.0254 accepted 1  with params [-3.29140667  2.          0.5         0.63258703 -2.54105887]
at minimum 0.0190 accepted 1  with params [-3.92542966  2.          0.5         1.1        -2.39516476]
at minimum 0.0191 accepted 1  with params [-3.71023987  2.          0.5         1.02365483 -2.24927064]
at minimum 0.0222 accepted 1  with params [-3.49505051  2.          0.5         0.8635346  -2.10337653]
at minimum 0.0260 accepted 1  with params [-3.25595121  2.          0.5         0.58817079 -1.94127196]
