at minimum 0.1389 accepted 1  with params [-4.49999987  0.40000011  0.05000001  0.99999992]
at minimum 0.1841 accepted 1  with params [-4.71448676  0.38077131  0.01        0.67704737]
at minimum 0.1150 accepted 1  with params [-4.97613966  0.27192959  0.2802988   0.5       ]
at minimum 0.1772 accepted 1  with params [-4.84915575  0.31799003  0.01000013  0.7336572 ]
at minimum 0.2600 accepted 1  with params [-5.2769959  -0.05904212  0.27200979  1.1       ]
at minimum 0.3205 accepted 1  with params [-5.47780416 -0.1         0.39957439  0.99573555]
at minimum 0.2992 accepted 1  with params [-5.1062174   0.18523988  0.37705375  1.09999889]
at minimum 0.1104 accepted 1  with params [-4.84664206 -0.053401    0.16898929  1.1       ]
at minimum 0.1292 accepted 1  with params [-4.62450491  0.18018022  0.24827841  0.97111276]
at minimum 0.1672 accepted 1  with params [-4.83972933  0.04693655  0.5         0.59289699]
at minimum 0.1312 accepted 1  with params [-4.40090371  0.16230574  0.5         0.50000014]
at minimum 0.2143 accepted 1  with params [-4.32733801  0.25192557  0.49999997  0.84512295]
at minimum 0.1187 accepted 1  with params [-4.49868842  0.52666572  0.32050807  0.5       ]
at minimum 0.1129 accepted 1  with params [-4.95729123  0.36037771  0.41048346  0.50000033]
at minimum 0.1188 accepted 1  with params [-4.98907515  0.33532373  0.5         0.50000074]
at minimum 0.1174 accepted 1  with params [-4.7157557   0.33498324  0.47663823  0.5       ]
at minimum 0.1679 accepted 1  with params [-4.82800625  0.45465736  0.1358283   0.5       ]
at minimum 0.0865 accepted 1  with params [-4.7274527   0.16325796  0.22025203  0.73499229]
at minimum 0.4052 accepted 1  with params [-4.81794486 -0.1         0.46600544  1.09999895]
at minimum 0.1117 accepted 1  with params [-4.60965511  0.10014002  0.26757572  0.76606177]
at minimum 0.1623 accepted 1  with params [-4.57044446 -0.06087291  0.01000019  1.01720728]
at minimum 0.1528 accepted 1  with params [-4.95289133  0.1910462   0.04427873  0.83198384]
at minimum 0.1979 accepted 1  with params [-4.52426156 -0.09999682  0.01000143  0.64051691]
at minimum 0.1538 accepted 1  with params [-4.87702787  0.21173553  0.05375503  0.78236428]
at minimum 0.1333 accepted 1  with params [-4.42873765  0.13978923  0.31438641  0.76376631]
at minimum 0.1249 accepted 1  with params [-4.57634213  0.56179367  0.0895808   1.09999995]
at minimum 0.1592 accepted 1  with params [-4.29190578  0.30284582  0.0158211   0.89679292]
at minimum 0.3095 accepted 1  with params [-4.06038709 -0.09999874  0.38857946  0.97275194]
at minimum 0.2902 accepted 1  with params [-4.52199706  0.24606791  0.39002696  1.1       ]
at minimum 0.1938 accepted 1  with params [-4.12045844  0.15921112  0.01        0.63487201]
at minimum 0.1579 accepted 1  with params [-3.81512748  0.41262754  0.01        0.99913202]
at minimum 0.1256 accepted 1  with params [-3.70358335  0.6425828   0.1133236   0.89294666]
at minimum 0.1738 accepted 1  with params [-4.10780957  0.99        0.01        1.1       ]
at minimum 0.1740 accepted 1  with params [-3.66807276  0.98999679  0.0100014   1.09999821]
at minimum 0.1626 accepted 1  with params [-4.05431371  0.58359738  0.01        1.0999999 ]
at minimum 0.1047 accepted 1  with params [-4.25112822  0.48390318  0.25675972  1.0999996 ]
at minimum 0.1035 accepted 1  with params [-4.32415571  0.92882623  0.48093892  1.1       ]
at minimum 0.1343 accepted 1  with params [-4.51694221  0.99        0.5         0.87209988]
at minimum 0.1794 accepted 1  with params [-4.91375677  0.53224053  0.36796196  1.1       ]
at minimum 0.2517 accepted 1  with params [-5.09849386  0.45767205  0.49999888  1.09999863]
at minimum 0.0960 accepted 1  with params [-5.47272354  0.92623261  0.49999922  1.02750168]
at minimum 0.1282 accepted 1  with params [-5.17018165  0.98999649  0.49999868  1.01296529]
at minimum 0.1296 accepted 1  with params [-5.653638    0.80922814  0.14876749  1.1       ]
at minimum 0.0826 accepted 1  with params [-5.22464364  0.43526395  0.19700415  1.1       ]
at minimum 0.1611 accepted 1  with params [-5.30135343  0.4631936   0.01        0.85516592]
at minimum 0.1528 accepted 1  with params [-5.65323647  0.6135447   0.20829686  0.5       ]
at minimum 0.1647 accepted 1  with params [-5.21849101  0.73058801  0.02399884  0.77756936]
at minimum 0.2077 accepted 1  with params [-5.71536267  0.49117975  0.01        0.50000041]
at minimum 0.2102 accepted 1  with params [-5.37962947  0.3184052   0.01000063  0.50000046]
at minimum 0.1841 accepted 1  with params [-5.40349091  0.66166577  0.11361564  0.5       ]
at minimum 0.1818 accepted 1  with params [-5.00595064  0.66372764  0.01000039  0.6606568 ]
at minimum 0.1959 accepted 1  with params [-4.66789326  0.9899997   0.01000013  0.54601758]
at minimum 0.2065 accepted 1  with params [-4.43376511  0.53902593  0.0100018   0.50000227]
at minimum 0.1442 accepted 1  with params [-4.06106208  0.98999712  0.32981688  0.97992175]
at minimum 0.1440 accepted 1  with params [-3.50796067  0.98999931  0.49999969  1.09999962]
at minimum 0.1399 accepted 1  with params [-3.60848372  0.98999885  0.49999944  1.09999922]
at minimum 0.1376 accepted 1  with params [-3.70796743  0.98675526  0.5         0.92643518]
at minimum 0.1546 accepted 1  with params [-3.93982376  0.99        0.46580389  1.1       ]
at minimum 0.1614 accepted 1  with params [-3.59179127  0.85837628  0.01        0.90539695]
at minimum 0.1735 accepted 1  with params [-3.06610551  0.98999977  0.01000009  1.1       ]
at minimum 0.1540 accepted 1  with params [-3.          0.99        0.20369451  0.97276497]
at minimum 0.1519 accepted 1  with params [-3.          0.84548079  0.10679618  0.77229727]
at minimum 0.1984 accepted 1  with params [-3.          0.78935152  0.01        0.53528591]
at minimum 0.1992 accepted 1  with params [-3.00000207  0.98999897  0.01000034  0.52299469]
at minimum 0.1943 accepted 1  with params [-3.39168038  0.99        0.28004726  0.5       ]
at minimum 0.2019 accepted 1  with params [-3.46445198  0.95258544  0.01000003  0.50000884]
at minimum 0.2048 accepted 1  with params [-3.70035295  0.70922171  0.01000386  0.50000514]
at minimum 0.1239 accepted 1  with params [-3.93545389  0.27474149  0.14042335  0.6834755 ]
at minimum 0.1675 accepted 1  with params [-4.06520455 -0.1         0.01000007  0.92208283]
at minimum 0.1849 accepted 1  with params [-4.52430969  0.0614853   0.01        0.71351895]
at minimum 0.1690 accepted 1  with params [-4.37044428 -0.1         0.01000397  0.88995508]
at minimum 0.1599 accepted 1  with params [-4.44467592  0.01660535  0.01000015  1.05059255]
at minimum 0.0864 accepted 1  with params [-3.98526421  0.03572656  0.19012467  0.75587023]
at minimum 0.2107 accepted 1  with params [-3.88808954  0.28647279  0.01000016  0.50000019]
at minimum 0.1248 accepted 1  with params [-3.33256925 -0.09999661  0.10407219  0.7452296 ]
at minimum 0.1205 accepted 1  with params [-3.          0.13588951  0.27950704  0.74519147]
at minimum 0.1126 accepted 1  with params [-3.          0.32808147  0.33915968  0.5       ]
at minimum 0.1347 accepted 1  with params [-3.         -0.1         0.36745031  0.50001118]
at minimum 0.1519 accepted 1  with params [-3.00000176 -0.09999991  0.49999961  0.50000032]
at minimum 0.1009 accepted 1  with params [-3.3769489  -0.1         0.2187215   0.65155473]
at minimum 0.1135 accepted 1  with params [-3.05763312  0.42009197  0.49999701  0.50000366]
at minimum 0.1689 accepted 1  with params [-3.23966596  0.94269325  0.5         0.5       ]
at minimum 0.1807 accepted 1  with params [-3.24658891  0.98999821  0.49999498  0.56842463]
at minimum 0.1935 accepted 1  with params [-3.06681487  0.99        0.30943295  0.5       ]
at minimum 0.1494 accepted 1  with params [-3.48211986  0.81025765  0.35350692  0.50000072]
at minimum 0.1414 accepted 1  with params [-3.69308258  0.93413143  0.22381429  0.82474486]
at minimum 0.0976 accepted 1  with params [-3.35965617  0.72837394  0.3213413   0.70378957]
at minimum 0.1739 accepted 1  with params [-3.          0.99        0.01000128  1.0999984 ]
at minimum 0.1728 accepted 1  with params [-3.16175368  0.98999498  0.01000226  1.09999724]
at minimum 0.0967 accepted 1  with params [-3.35895911  0.90167943  0.49999968  0.82987306]
at minimum 0.0978 accepted 1  with params [-3.12781708  0.66970599  0.5         0.82037863]
at minimum 0.1335 accepted 1  with params [-3.37320608  0.99        0.5         1.02064728]
at minimum 0.1275 accepted 1  with params [-3.21392342  0.55939451  0.5         0.8371969 ]
at minimum 0.1987 accepted 1  with params [-3.          0.64818716  0.05503113  0.50000001]
at minimum 0.2030 accepted 1  with params [-3.23754471  0.98999664  0.0100015   0.50000179]
at minimum 0.2014 accepted 1  with params [-3.7746982   0.62883799  0.01        0.52871569]
at minimum 0.1141 accepted 1  with params [-3.32937391  0.16831818  0.32560777  0.5000016 ]
at minimum 0.0828 accepted 1  with params [-3.38990017 -0.04694642  0.15629051  1.03028946]
at minimum 0.1283 accepted 1  with params [-3.86121306 -0.07821529  0.18085941  1.09999884]
at minimum 0.3529 accepted 0  with params [-3.83008653 -0.1         0.36205409  1.1       ]
at minimum 0.1588 accepted 0  with params [-3.27762268  0.28255761  0.01000089  1.0999989 ]
at minimum 0.3310 accepted 1  with params [-3.7477199   0.28288068  0.49999591  1.09999576]
at minimum 0.2327 accepted 1  with params [-3.37493505  0.14581991  0.49999765  0.84382053]
at minimum 0.1174 accepted 1  with params [-3.68655939  0.34478357  0.49999989  0.5       ]
at minimum 0.1055 accepted 1  with params [-4.07217256  0.47393677  0.16046257  0.76192393]
at minimum 0.1598 accepted 1  with params [-4.46502878  0.45378414  0.01000001  0.91234127]
at minimum 0.1677 accepted 1  with params [-4.91136779  0.05588774  0.01        0.85138566]
at minimum 0.1928 accepted 1  with params [-4.85151937 -0.09650817  0.01000003  0.6795559 ]
at minimum 0.1466 accepted 1  with params [-4.36155428 -0.09999912  0.14742538  0.5       ]
at minimum 0.4129 accepted 1  with params [-3.91969832 -0.1         0.5         1.1       ]
at minimum 0.3840 accepted 1  with params [-4.01939086 -0.1         0.5         1.07056766]
at minimum 0.3067 accepted 1  with params [-3.42634118 -0.1         0.5         0.90292754]
at minimum 0.1425 accepted 1  with params [-3.80610018 -0.01358085  0.5         0.50000005]
at minimum 0.1172 accepted 1  with params [-3.41012304 -0.1         0.23626553  0.77093213]
at minimum 0.2090 accepted 1  with params [-3.01671339  0.38074387  0.01        0.50000091]
at minimum 0.1717 accepted 1  with params [-3.         -0.09999804  0.0100008   0.8603471 ]
at minimum 0.2634 accepted 1  with params [-3.00000029 -0.1         0.45488274  0.82805606]
at minimum 0.1432 accepted 1  with params [-3.52107785  0.11359205  0.4999997   0.51856029]
at minimum 0.2218 accepted 1  with params [-3.04443024 -0.1         0.5         0.70893516]
at minimum 0.1523 accepted 1  with params [-3.05553775 -0.1         0.5         0.5       ]
at minimum 0.1987 accepted 1  with params [-3.38775649 -0.09999968  0.01000016  0.63310842]
at minimum 0.1890 accepted 1  with params [-3.22424057  0.42460639  0.01000005  0.63456926]
at minimum 0.1124 accepted 1  with params [-3.00000411  0.38848079  0.34526202  0.50000082]
at minimum 0.0903 accepted 1  with params [-3.57908602  0.67706627  0.49999851  0.6942415 ]
at minimum 0.2121 accepted 1  with params [-3.61797915  0.16738082  0.01        0.5       ]
at minimum 0.1436 accepted 1  with params [-4.13480852 -0.1         0.20160238  1.02167288]
at minimum 0.1600 accepted 1  with params [-3.67807138  0.05342618  0.5         0.56677234]
at minimum 0.1577 accepted 1  with params [-4.01021303  0.64211961  0.20356302  0.50000111]
at minimum 0.1496 accepted 1  with params [-3.51407432  0.8668009   0.49999927  0.50000064]
at minimum 0.1397 accepted 1  with params [-3.94830042  0.98999431  0.49999947  0.95339866]
at minimum 0.1368 accepted 1  with params [-4.14023216  0.99        0.49999996  1.09999995]
at minimum 0.1259 accepted 1  with params [-4.42806269  0.99        0.5         1.1       ]
at minimum 0.1042 accepted 1  with params [-4.92542301  0.44720219  0.11709971  1.1       ]
at minimum 0.1997 accepted 1  with params [-5.17792353  0.02297347  0.49999989  0.69190694]
at minimum 0.2278 accepted 1  with params [-5.7277987   0.56211445  0.5         1.1       ]
at minimum 0.1457 accepted 1  with params [-5.62318338  0.70666018  0.5         1.09999861]
at minimum 0.1116 accepted 1  with params [-5.84778873  0.46106277  0.5         0.5       ]
at minimum 0.1989 accepted 1  with params [-5.89071278  0.3237102   0.41735034  0.90071325]
at minimum 0.1542 accepted 1  with params [-6.          0.88081836  0.39864605  0.5192467 ]
at minimum 0.2023 accepted 1  with params [-5.95869666  0.98999899  0.01000043  0.50000057]
at minimum 0.2088 accepted 1  with params [-5.99999891  0.40823349  0.01        0.50000007]
at minimum 0.1609 accepted 1  with params [-5.99999988  0.17627541  0.01000837  0.95080905]
at minimum 0.2077 accepted 1  with params [-5.99999765  0.4692121   0.01000044  0.50000019]
at minimum 0.2017 accepted 1  with params [-6.          0.98999965  0.01        0.5       ]
at minimum 0.1623 accepted 1  with params [-6.          0.74538203  0.22747986  0.5       ]
at minimum 0.1713 accepted 1  with params [-5.99999265  0.9899974   0.01000108  1.06723563]
at minimum 0.1411 accepted 1  with params [-5.99999681  0.98999875  0.39444033  0.96892627]
at minimum 0.1649 accepted 1  with params [-5.7789253   0.98999455  0.16606544  1.099997  ]
at minimum 0.1681 accepted 1  with params [-5.75361016  0.98999927  0.01000042  1.03215487]
at minimum 0.1685 accepted 1  with params [-5.45396344  0.83465005  0.01000194  1.09999801]
at minimum 0.1592 accepted 1  with params [-5.1401839   0.33639633  0.01        0.9494213 ]
