at minimum 0.1830 accepted 1  with params [-4.50000003  0.39999999  0.04999999  1.        ]
at minimum 0.2073 accepted 1  with params [-4.61368619  0.50185725  0.01000116  1.03794244]
at minimum 0.1943 accepted 1  with params [-4.37105467  0.10348816  0.03695155  0.72510159]
at minimum 0.2265 accepted 1  with params [-4.15329172 -0.1         0.01        0.5       ]
at minimum 0.1959 accepted 1  with params [-4.35971933  0.29573153  0.01000065  0.87458804]
at minimum 0.1957 accepted 1  with params [-4.02188259  0.60092782  0.01000013  0.88322042]
at minimum 0.1462 accepted 1  with params [-4.18616954  0.91424859  0.36973155  1.03091869]
at minimum 0.2026 accepted 1  with params [-3.86078221  0.44008652  0.01        0.67219809]
at minimum 0.2409 accepted 1  with params [-4.24657685  0.38760795  0.40162146  1.09192578]
at minimum 0.2051 accepted 1  with params [-4.18684635 -0.01534679  0.2603639   1.1       ]
at minimum 0.1615 accepted 1  with params [-3.82536317 -0.1         0.49999122  0.66239651]
at minimum 0.0927 accepted 1  with params [-4.31348664  0.34638151  0.49999993  0.5       ]
at minimum 0.1548 accepted 1  with params [-4.23040615  0.81051643  0.18031545  0.86318154]
at minimum 0.1491 accepted 1  with params [-4.4449857   0.82391939  0.42036495  0.5       ]
at minimum 0.1892 accepted 1  with params [-4.06501996  0.98999979  0.17135132  0.77000302]
at minimum 0.1121 accepted 1  with params [-3.81857281  0.65269403  0.29495806  1.1       ]
at minimum 0.1320 accepted 1  with params [-3.59678879  0.521561    0.5         0.89321188]
at minimum 0.1963 accepted 1  with params [-3.52023776  0.47566891  0.39661582  1.1       ]
at minimum 0.2336 accepted 1  with params [-3.95814851  0.49819148  0.5         1.1       ]
at minimum 0.1269 accepted 1  with params [-4.03050343  0.61827582  0.49999495  0.96271282]
at minimum 0.1973 accepted 1  with params [-4.15411759  0.53528066  0.04266556  1.06200069]
at minimum 0.1719 accepted 1  with params [-3.72279561  0.94426983  0.32930653  1.1       ]
at minimum 0.2216 accepted 1  with params [-3.53373546  0.99        0.11215127  1.09999713]
at minimum 0.2254 accepted 1  with params [-3.79635036  0.98999887  0.01000009  1.09999945]
at minimum 0.1996 accepted 1  with params [-3.90901531  0.82375943  0.01        0.66423716]
at minimum 0.2135 accepted 1  with params [-4.36651487  0.47143299  0.01        1.1       ]
at minimum 0.1825 accepted 1  with params [-4.60887578  0.91397056  0.15259061  0.92564126]
at minimum 0.1911 accepted 1  with params [-4.47436985  0.98999996  0.22303288  0.68495471]
at minimum 0.1830 accepted 1  with params [-4.40505834  0.98999992  0.49999996  0.63967118]
at minimum 0.1687 accepted 1  with params [-4.89259124  0.99        0.49217693  0.75522534]
at minimum 0.0824 accepted 1  with params [-4.44899829  0.50064181  0.37763881  0.66945714]
at minimum 0.1205 accepted 1  with params [-4.25226993  0.28615646  0.15326179  0.82626837]
at minimum 0.2838 accepted 1  with params [-3.76110769e+00 -7.42790052e-04  3.51031372e-01  1.10000000e+00]
at minimum 0.3286 accepted 1  with params [-3.61924342  0.20085414  0.49999857  1.09951675]
at minimum 0.2742 accepted 1  with params [-4.02949819 -0.09999995  0.5         0.87421133]
at minimum 0.1562 accepted 1  with params [-3.67730821 -0.09999914  0.07692257  0.99370173]
at minimum 0.2047 accepted 1  with params [-3.22914432 -0.1         0.0100016   0.81546092]
at minimum 0.2028 accepted 1  with params [-3.67961469 -0.09999958  0.01        0.84887566]
at minimum 0.2018 accepted 1  with params [-3.85374056 -0.1         0.01        0.86967961]
at minimum 0.1379 accepted 1  with params [-4.19957792  0.38071212  0.19900528  0.54128936]
at minimum 0.1990 accepted 1  with params [-4.68138903  0.35392189  0.01000043  0.94471   ]
at minimum 0.1495 accepted 1  with params [-4.24429618  0.40757171  0.19561793  0.5       ]
at minimum 0.1284 accepted 1  with params [-4.67100673  0.50474713  0.15593151  0.78319972]
at minimum 0.1538 accepted 1  with params [-4.69555115  0.30598146  0.39332077  0.8853265 ]
at minimum 0.1142 accepted 1  with params [-4.30811375  0.67833309  0.5         0.5       ]
at minimum 0.1943 accepted 1  with params [-3.87419682  0.99        0.5         0.5       ]
at minimum 0.2005 accepted 1  with params [-4.02705225  0.99        0.4312006   0.5       ]
at minimum 0.1931 accepted 1  with params [-3.88753728  0.51059317  0.09870804  0.5       ]
at minimum 0.1547 accepted 1  with params [-3.71086555  0.50389375  0.10245543  0.96921034]
at minimum 0.1961 accepted 1  with params [-3.80477801  0.78183249  0.01        0.83850394]
at minimum 0.1992 accepted 1  with params [-3.31357725  0.89877991  0.15686327  0.50000141]
at minimum 0.1731 accepted 1  with params [-3.30109557  0.98999979  0.43336258  0.77737277]
at minimum 0.2177 accepted 1  with params [-3.79887881  0.5136179   0.43680689  1.1       ]
at minimum 0.1615 accepted 1  with params [-3.9452773   0.16834     0.07799337  1.09420653]
at minimum 0.1439 accepted 1  with params [-4.46636395  0.62168386  0.15210318  1.09999941]
at minimum 0.1465 accepted 1  with params [-4.61109149  0.90495804  0.49999951  0.61783757]
at minimum 0.2093 accepted 1  with params [-4.35451904  0.99        0.24270012  1.09999941]
at minimum 0.1998 accepted 1  with params [-3.99688302  0.98998921  0.01000485  0.84881701]
at minimum 0.2051 accepted 1  with params [-3.95948681  0.99        0.01000218  0.56251877]
at minimum 0.1488 accepted 1  with params [-3.87189594  0.89332285  0.30506082  0.76613408]
at minimum 0.1940 accepted 1  with params [-3.56387008  0.72402033  0.01        0.77937212]
at minimum 0.1956 accepted 1  with params [-3.41195252  0.36328919  0.01        0.86528033]
at minimum 0.0904 accepted 1  with params [-3.20876151  0.62762833  0.5         0.85109606]
at minimum 0.2009 accepted 1  with params [-3.50171562  0.99        0.43594845  0.50000075]
at minimum 0.2027 accepted 1  with params [-4.01026765  0.90671897  0.02691087  0.9287979 ]
at minimum 0.2203 accepted 1  with params [-4.50495187  0.81152168  0.01000208  1.1       ]
at minimum 0.1959 accepted 1  with params [-4.17777442  0.98999847  0.11033382  0.69735699]
at minimum 0.2115 accepted 1  with params [-4.54204874  0.99        0.01        0.5       ]
at minimum 0.1977 accepted 1  with params [-4.63842447  0.99        0.01        0.79711777]
at minimum 0.2097 accepted 1  with params [-5.12695577  0.99        0.25599697  1.1       ]
at minimum 0.2178 accepted 1  with params [-4.61757516  0.51570228  0.45815515  1.09999895]
at minimum 0.2164 accepted 1  with params [-4.85352224  0.23488163  0.31887047  1.1       ]
at minimum 0.1352 accepted 1  with params [-4.41703263  0.33411593  0.12227115  1.09999999]
at minimum 0.1277 accepted 1  with params [-4.06706581  0.32949893  0.13479993  1.1       ]
at minimum 0.0820 accepted 1  with params [-3.7415603   0.71492635  0.49999912  0.82564334]
at minimum 0.1226 accepted 1  with params [-3.41897967  0.73046951  0.49999958  0.50000052]
at minimum 0.1512 accepted 1  with params [-3.78553606  0.84590947  0.49999979  0.50000089]
at minimum 0.1663 accepted 1  with params [-3.3882588   0.63410856  0.20429019  0.5       ]
at minimum 0.2080 accepted 1  with params [-3.41506353  0.72363588  0.06357914  0.5       ]
at minimum 0.0929 accepted 1  with params [-3.08738366  0.29539207  0.49999983  0.5       ]
at minimum 0.0935 accepted 1  with params [-3.          0.29055285  0.41837993  0.5       ]
at minimum 0.1759 accepted 1  with params [-3.19553452  0.48062938  0.14715458  0.50000025]
at minimum 0.2246 accepted 1  with params [-3.21720239  0.00927615  0.01000046  0.50000057]
at minimum 0.1743 accepted 1  with params [-3.51233982  0.18853378  0.06670488  1.03012533]
at minimum 0.1949 accepted 1  with params [-3.29108743 -0.0038731   0.24165707  1.1       ]
at minimum 0.2041 accepted 1  with params [-3.81395868  0.15218404  0.01        0.7100301 ]
at minimum 0.2205 accepted 0  with params [-3.99176391  0.34346114  0.01000143  0.50000146]
at minimum 0.1749 accepted 1  with params [-3.4646357   0.50205087  0.461649    0.99586079]
at minimum 0.2137 accepted 1  with params [-3.21307201 -0.0270152   0.49999887  0.78956656]
at minimum 0.1041 accepted 1  with params [-3.12822046  0.17154791  0.17626217  1.09999958]
at minimum 0.1954 accepted 1  with params [-3.33882861  0.67295844  0.0663898   1.09999657]
at minimum 0.2039 accepted 1  with params [-3.          0.99        0.32626734  1.1       ]
at minimum 0.1504 accepted 1  with params [-3.0000043   0.65213706  0.13764368  0.96916822]
at minimum 0.2844 accepted 1  with params [-3.54710597  0.19131955  0.38711698  1.09999925]
at minimum 0.2315 accepted 1  with params [-3.03292852  0.26441241  0.49999919  0.9335727 ]
at minimum 0.0947 accepted 1  with params [-3.35525791  0.61403929  0.5         0.82136652]
at minimum 0.0933 accepted 1  with params [-3.32952664  0.42743495  0.49999999  0.50224744]
at minimum 0.2218 accepted 1  with params [-3.7442226   0.23146002  0.01000105  0.50000153]
at minimum 0.2135 accepted 1  with params [-4.21807008  0.19694056  0.49999983  0.87968223]
at minimum 0.1570 accepted 1  with params [-4.07879758  0.44145936  0.10093497  1.09999984]
at minimum 0.2021 accepted 1  with params [-4.31649789 -0.05565551  0.01000147  0.83759705]
at minimum 0.1205 accepted 1  with params [-4.52336295  0.32422785  0.1680703   0.77273591]
at minimum 0.2048 accepted 1  with params [-3.97883414  0.86034109  0.10807424  0.5       ]
at minimum 0.1029 accepted 1  with params [-3.44250781  0.54165113  0.44854897  0.5000001 ]
at minimum 0.1261 accepted 1  with params [-3.10610235  0.74646961  0.5         0.5       ]
at minimum 0.1756 accepted 1  with params [-3.32588202  0.99        0.45341632  1.07494418]
at minimum 0.1572 accepted 1  with params [-3.          0.53665624  0.5         0.97116497]
at minimum 0.1361 accepted 1  with params [-3.48042775  0.92265374  0.5         1.1       ]
at minimum 0.1777 accepted 1  with params [-3.42125817  0.98999841  0.49999928  0.70427984]
at minimum 0.1745 accepted 1  with params [-3.00000695  0.93741139  0.28234903  1.06226314]
at minimum 0.1983 accepted 1  with params [-3.          0.4421292   0.01        0.74942848]
at minimum 0.2240 accepted 1  with params [-3.26143773  0.06122963  0.01000103  0.50000148]
at minimum 0.2091 accepted 1  with params [-3.          0.61339635  0.01        1.03492566]
at minimum 0.2147 accepted 1  with params [-3.          0.57173416  0.01        1.1       ]
at minimum 0.2267 accepted 1  with params [-3.          0.47329948  0.43327533  1.1       ]
at minimum 0.2259 accepted 1  with params [-3.00000804  0.98300855  0.01000131  1.09999839]
at minimum 0.1987 accepted 1  with params [-3.19227948  0.99        0.01        0.66803042]
at minimum 0.2120 accepted 1  with params [-3.          0.98999915  0.01000038  0.5       ]
at minimum 0.2125 accepted 1  with params [-3.00001329  0.98999546  0.01000149  0.50000216]
at minimum 0.2163 accepted 1  with params [-3.4740436   0.64019353  0.01        0.5       ]
at minimum 0.0925 accepted 1  with params [-3.61572814  0.3617469   0.5         0.5       ]
at minimum 0.1053 accepted 1  with params [-4.06516453  0.22757289  0.2954587   0.50000204]
at minimum 0.1442 accepted 1  with params [-3.73429592  0.80346856  0.42946425  0.50000312]
at minimum 0.2035 accepted 1  with params [-3.58363653  0.99        0.01        0.58272792]
at minimum 0.1977 accepted 1  with params [-3.8231676   0.57191838  0.01000073  0.73131102]
at minimum 0.1941 accepted 1  with params [-3.28716325  0.98999903  0.24145158  0.65403275]
at minimum 0.1749 accepted 1  with params [-3.28453811  0.98999636  0.49040222  0.92378012]
at minimum 0.1717 accepted 1  with params [-3.00001304  0.99        0.49999809  0.99518009]
at minimum 0.2135 accepted 1  with params [-3.17374375  0.89590661  0.01000032  0.50000039]
at minimum 0.1512 accepted 1  with params [-3.3080259   0.71610169  0.28962059  0.50000186]
at minimum 0.1853 accepted 1  with params [-3.00000285  0.99        0.361924    0.97656602]
at minimum 0.1886 accepted 1  with params [-3.59779944  0.98999915  0.49999962  0.56421229]
at minimum 0.1951 accepted 1  with params [-3.06439003  0.98999888  0.49999964  0.50000002]
at minimum 0.1918 accepted 1  with params [-3.53887407  0.77573001  0.15303745  0.5       ]
at minimum 0.1121 accepted 1  with params [-3.2839392   0.6755626   0.49999918  0.50000171]
at minimum 0.0988 accepted 1  with params [-3.61248222  0.40436509  0.5         0.67494757]
at minimum 0.2962 accepted 1  with params [-3.36550133  0.30632268  0.5         1.07733033]
at minimum 0.1364 accepted 1  with params [-3.00001782  0.85678225  0.32082253  1.1       ]
at minimum 0.2158 accepted 1  with params [-3.00000235  0.60190107  0.01        1.09999897]
at minimum 0.1978 accepted 1  with params [-3.          0.91767091  0.01        0.83989918]
at minimum 0.2133 accepted 1  with params [-3.00000698  0.8859656   0.06213337  1.1       ]
at minimum 0.2253 accepted 1  with params [-3.07913605  0.99        0.01000034  1.09999958]
at minimum 0.2117 accepted 1  with params [-3.          0.98999961  0.01        0.50000018]
at minimum 0.0862 accepted 1  with params [-3.04225115  0.51807201  0.5         0.66361792]
at minimum 0.1505 accepted 1  with params [-3.57024368  0.96260077  0.49999777  0.98462838]
at minimum 0.1238 accepted 1  with params [-3.89728541  0.46681224  0.15709419  1.09999965]
at minimum 0.2154 accepted 1  with params [-3.72476904  0.72384293  0.01        0.50154753]
at minimum 0.2003 accepted 1  with params [-3.45814256  0.99        0.01        0.86554166]
at minimum 0.2252 accepted 1  with params [-3.59074695  0.99        0.01        1.1       ]
at minimum 0.2213 accepted 1  with params [-3.53312032  0.86704149  0.01000002  1.1       ]
at minimum 0.2091 accepted 1  with params [-3.37636385  0.99        0.24527886  1.1       ]
