./../runners.py:177: RuntimeWarning: invalid value encountered in multiply
  model_input = self.k*x_tm1
./../dsp_utils.py:9: RuntimeWarning: invalid value encountered in double_scalars
  self.state = 1./self.tau*x + (1-1./self.tau)*self.state
/scratch/ar2342/miconda3/envs/eb_hyperacuity3/lib/python3.9/site-packages/scipy/optimize/_numdiff.py:576: RuntimeWarning: invalid value encountered in subtract
  df = fun(x) - f0
at minimum 0.0564 accepted 1  with params [-4.50000014  0.40000006  0.05        0.99999995]
at minimum 0.0641 accepted 1  with params [-4.99550661  0.4178023   0.46318426  0.62065542]
at minimum 0.0222 accepted 1  with params [-4.65679486  0.20509435  0.45248612  0.5       ]
at minimum 0.1727 accepted 1  with params [-4.18493465 -0.02181907  0.33025718  0.50000006]
at minimum 0.1458 accepted 1  with params [-4.08880566 -0.09999887  0.04057412  0.63069328]
at minimum 0.4323 accepted 1  with params [-3.9236822   0.36062028  0.49999999  0.66641029]
at minimum 0.1408 accepted 1  with params [-4.3715397   0.45537602  0.5         0.5       ]
at minimum 0.2514 accepted 1  with params [-4.03041236  0.14161631  0.5         0.5       ]
at minimum 0.1805 accepted 1  with params [-4.27551745  0.05880985  0.5         0.5       ]
at minimum 0.8912 accepted 0  with params [-3.9507707   0.12841966  0.28487434  0.97484297]
at minimum 0.0340 accepted 1  with params [-4.74644643 -0.1         0.5         0.50000136]
at minimum 0.0205 accepted 1  with params [-4.69158161  0.3472994   0.16123791  0.50000045]
at minimum 0.0289 accepted 1  with params [-4.75526807  0.22937568  0.47217684  0.5000007 ]
at minimum 0.0229 accepted 1  with params [-5.18173978  0.64207893  0.01        0.80573549]
at minimum 0.2326 accepted 1  with params [-5.61014126  0.99        0.22940048  0.78095578]
at minimum 0.2144 accepted 1  with params [-5.98967616  0.99        0.5         0.76203592]
at minimum 0.0351 accepted 1  with params [-6.          0.60172629  0.5         1.09845755]
at minimum 0.0159 accepted 1  with params [-6.          0.38449198  0.15003825  1.1       ]
at minimum 0.0225 accepted 1  with params [-6.          0.48523106  0.36892579  1.1       ]
at minimum 0.0544 accepted 1  with params [-5.86913371  0.83727568  0.10143023  1.1       ]
at minimum 0.2553 accepted 1  with params [-5.91439819  0.98088629  0.5         1.06986845]
at minimum 0.0233 accepted 1  with params [-6.          0.6442264   0.5         0.65470405]
at minimum 0.0257 accepted 1  with params [-6.          0.30468066  0.5         0.50000053]
at minimum 0.0239 accepted 1  with params [-6.          0.43349933  0.49999868  0.50000018]
at minimum 0.0230 accepted 1  with params [-6.          0.59438013  0.5         0.5       ]
at minimum 0.0286 accepted 1  with params [-6.         0.1518976  0.5        0.9598051]
at minimum 0.0233 accepted 1  with params [-6.          0.50702473  0.5         0.5       ]
at minimum 0.0225 accepted 1  with params [-6.          0.44120325  0.01414415  0.5       ]
at minimum 0.0269 accepted 1  with params [-5.9326581   0.25462361  0.5         0.5       ]
at minimum 0.0259 accepted 1  with params [-6.          0.26303109  0.45061689  0.5       ]
at minimum 0.0168 accepted 1  with params [-6.          0.45167301  0.01        0.88958922]
at minimum 0.0599 accepted 1  with params [-6.          0.8437318   0.38702153  1.1       ]
at minimum 0.0828 accepted 0  with params [-5.80492844  0.85097072  0.5         1.1       ]
at minimum 0.0440 accepted 1  with params [-5.98632011  0.79856783  0.01        1.1       ]
at minimum 0.0151 accepted 1  with params [-5.75361227  0.33008672  0.03291323  0.9469086 ]
at minimum 0.0189 accepted 1  with params [-5.97860654  0.60417416  0.01        0.86051885]
at minimum 0.0186 accepted 1  with params [-6.          0.54919544  0.01        1.00131993]
at minimum 0.2320 accepted 1  with params [-5.88060413  0.99        0.35531464  0.79302447]
at minimum 0.2267 accepted 1  with params [-5.91363086  0.99        0.23818724  0.77590908]
at minimum 0.0870 accepted 1  with params [-5.99999998  0.97559708  0.01        0.5984406 ]
at minimum 0.2485 accepted 1  with params [-6.          0.99        0.01000001  0.80830353]
at minimum 0.3655 accepted 1  with params [-6.          0.98694392  0.01137383  1.09831776]
at minimum 0.1086 accepted 1  with params [-5.87010501  0.92915907  0.35769081  1.09999101]
at minimum 0.1013 accepted 1  with params [-5.39886486  0.49607659  0.380324    0.97579053]
at minimum 0.0170 accepted 1  with params [-5.55193227  0.14098492  0.01        0.72614919]
at minimum 0.0229 accepted 1  with params [-5.64629228 -0.1         0.01        0.76004672]
at minimum 0.0686 accepted 1  with params [-5.38353949 -0.1         0.30026624  0.87188157]
at minimum 0.0160 accepted 1  with params [-5.83896567  0.38732064  0.02439275  0.89589475]
at minimum 0.0224 accepted 1  with params [-6.          0.19984795  0.01        0.7249503 ]
at minimum 0.0310 accepted 1  with params [-6.         -0.09999917  0.30601748  1.07176475]
at minimum 0.0294 accepted 1  with params [-6.         -0.09999996  0.1467782   1.09999911]
at minimum 0.0248 accepted 1  with params [-5.84017708 -0.1         0.01        1.1       ]
at minimum 0.0247 accepted 1  with params [-6.          0.22412455  0.44715853  1.03553531]
at minimum 0.0350 accepted 1  with params [-6.         -0.08989692  0.48568417  0.75682123]
at minimum 0.0285 accepted 1  with params [-6.          0.11760069  0.18187019  0.5       ]
at minimum 0.0205 accepted 1  with params [-6.          0.40228857  0.39390267  0.919763  ]
at minimum 0.1231 accepted 1  with params [-5.51079284  0.30179902  0.5         0.98961166]
at minimum 0.0267 accepted 1  with params [-6.          0.25652672  0.5         0.98480686]
at minimum 0.0300 accepted 0  with params [-6.         -0.09999993  0.01        1.09999996]
at minimum 0.0610 accepted 1  with params [-5.46211092 -0.1         0.28620651  1.1       ]
at minimum 0.0245 accepted 1  with params [-5.83612678 -0.1         0.01        1.1       ]
at minimum 0.0293 accepted 1  with params [-6.         -0.1         0.01        1.09998326]
at minimum 0.0199 accepted 1  with params [-5.82041443  0.33543189  0.01        0.6213991 ]
at minimum 0.0258 accepted 1  with params [-5.71124345  0.84205626  0.01        0.5       ]
at minimum 0.1132 accepted 1  with params [-6.    0.99  0.01  0.5 ]
at minimum 0.1132 accepted 1  with params [-6.          0.99        0.01000003  0.5       ]
at minimum 0.0209 accepted 1  with params [-5.75844265  0.45344813  0.01        0.5       ]
at minimum 0.0457 accepted 1  with params [-5.57570276  0.94441485  0.12789904  0.50000064]
at minimum 0.0490 accepted 1  with params [-5.16788404  0.63376355  0.19719973  0.9760716 ]
at minimum 0.0695 accepted 1  with params [-5.09824376  0.41644416  0.19972585  1.09999953]
at minimum 0.0602 accepted 1  with params [-4.64178732  0.65106377  0.49999841  0.68219583]
at minimum 0.4776 accepted 0  with params [-4.54099965  0.90167806  0.5         1.1       ]
at minimum 0.4678 accepted 1  with params [-4.38928388  0.20178457  0.5         1.09999925]
at minimum 0.7634 accepted 1  with params [-4.12377425 -0.1         0.24765042  1.1       ]
at minimum 0.3242 accepted 1  with params [-4.42339278 -0.1         0.48921687  1.1       ]
at minimum 0.1664 accepted 1  with params [-4.11521443  0.09852892  0.01        0.67853894]
at minimum 0.6921 accepted 0  with params [-3.9129704   0.16715305  0.4170436   0.85102673]
at minimum 0.0415 accepted 1  with params [-4.24897471 -0.0999986   0.01        0.50000077]
at minimum 0.2595 accepted 0  with params [-4.1962885   0.39857887  0.17793162  0.88288255]
at minimum 0.4337 accepted 1  with params [-4.18039466  0.12576962  0.43737929  0.73650135]
at minimum 1.0799 accepted 0  with params [-3.83840972  0.61982051  0.4871077   1.06521207]
at minimum 0.4013 accepted 1  with params [-4.04974953  0.05107824  0.40059097  0.65494815]
at minimum 0.5143 accepted 1  with params [-3.53940015  0.32098174  0.5         0.72914305]
at minimum 0.0943 accepted 1  with params [-5.00802109  0.91091907  0.21317067  0.95208283]
at minimum 0.2363 accepted 1  with params [-5.56174507  0.99        0.08029261  0.77110951]
at minimum 0.0646 accepted 1  with params [-5.65415835  0.64990278  0.44178278  1.03661221]
at minimum 0.0169 accepted 1  with params [-5.73387113  0.4406442   0.01        1.1       ]
at minimum 0.0188 accepted 1  with params [-5.98537777  0.54584658  0.01        1.02827271]
at minimum 0.0824 accepted 1  with params [-5.96521687  0.90523987  0.01        1.1       ]
at minimum 0.0389 accepted 1  with params [-5.64089961  0.7467834   0.01        1.1       ]
at minimum 0.0295 accepted 1  with params [-5.90353863  0.6865012   0.01        1.1       ]
at minimum 0.0259 accepted 1  with params [-5.59008194  0.7180636   0.02520324  0.88375721]
at minimum 0.0264 accepted 1  with params [-6.          0.21756721  0.01        0.50000045]
at minimum 0.0226 accepted 1  with params [-5.84792747  0.35858641  0.01000161  0.5       ]
at minimum 0.0260 accepted 1  with params [-6.          0.23960613  0.04419649  0.5       ]
at minimum 0.0233 accepted 1  with params [-5.45991621  0.15735571  0.2159956   0.74603733]
at minimum 0.0303 accepted 1  with params [-5.79835771 -0.1         0.01        0.54828258]
at minimum 0.0241 accepted 1  with params [-5.31073664 -0.1         0.18399505  0.5084065 ]
at minimum 0.0294 accepted 1  with params [-5.77269561 -0.07960606  0.1672022   0.50000007]
at minimum 0.0226 accepted 1  with params [-6.          0.28799642  0.01        0.6127767 ]
at minimum 0.0361 accepted 1  with params [-6.          0.61655395  0.49999997  1.1       ]
at minimum 0.0199 accepted 1  with params [-5.81707867  0.12253545  0.25324112  1.1       ]
at minimum 0.0665 accepted 1  with params [-5.4240098  -0.1         0.30024028  1.01819834]
at minimum 0.2661 accepted 1  with params [-5.31790646  0.18433774  0.5         1.05362256]
at minimum 0.0279 accepted 1  with params [-4.73424006 -0.05618226  0.01        1.1       ]
at minimum 0.0146 accepted 1  with params [-5.00216078  0.08900583  0.01        0.84009039]
at minimum 0.0198 accepted 1  with params [-5.43115456  0.65337684  0.01        0.5       ]
at minimum 0.0208 accepted 1  with params [-5.67695928  0.69674648  0.01000001  0.50000014]
at minimum 0.0279 accepted 1  with params [-6.          0.16741568  0.45725705  0.5       ]
at minimum 0.0346 accepted 1  with params [-5.94941969 -0.1         0.48071692  0.50000026]
at minimum 0.0229 accepted 1  with params [-6.         0.4915601  0.4567074  0.5      ]
at minimum 0.1147 accepted 1  with params [-5.58495672  0.65263427  0.49999616  1.1       ]
at minimum 0.0590 accepted 1  with params [-5.31321167  0.7981727   0.13922504  1.095268  ]
at minimum 0.0558 accepted 1  with params [-4.78157963  0.66181292  0.49999759  0.99179308]
at minimum 0.6726 accepted 0  with params [-4.7818506  0.99       0.01       1.1      ]
at minimum 0.0225 accepted 1  with params [-4.80755247  0.54272411  0.11781606  0.63614177]
at minimum 0.1092 accepted 1  with params [-5.31140347  0.66188617  0.49053256  0.84059495]
at minimum 0.3064 accepted 1  with params [-5.09461598  0.24026335  0.5         1.1       ]
at minimum 0.0207 accepted 1  with params [-5.61033247  0.03007764  0.03187172  0.67544298]
at minimum 0.0219 accepted 1  with params [-5.68213557  0.28655235  0.01        0.50000014]
at minimum 0.0194 accepted 1  with params [-5.88957701  0.63700699  0.01000019  0.61301052]
at minimum 0.0245 accepted 1  with params [-6.          0.82415499  0.01000008  0.50000006]
at minimum 0.0372 accepted 1  with params [-5.6300729   0.20917026  0.5         0.50000098]
at minimum 0.0290 accepted 1  with params [-5.99581372  0.29289528  0.5         1.09491886]
at minimum 0.0363 accepted 1  with params [-6.         -0.01976197  0.5         1.1       ]
at minimum 0.0945 accepted 1  with params [-5.45028692  0.39635113  0.49999742  0.75530489]
at minimum 0.0704 accepted 1  with params [-5.09157609  0.80485295  0.5         0.93717741]
at minimum 0.0454 accepted 1  with params [-4.70481448  0.25541284  0.5         1.01046138]
at minimum 0.0885 accepted 1  with params [-4.4175675   0.60454452  0.10039405  0.89878648]
at minimum 0.7010 accepted 1  with params [-4.34679228  0.72113794  0.5         1.1       ]
at minimum 0.2411 accepted 1  with params [-4.48969364  0.28715706  0.49999993  1.1       ]
at minimum 0.0177 accepted 1  with params [-4.98002058 -0.00941     0.01011666  1.02505665]
at minimum 0.0555 accepted 1  with params [-4.42918627 -0.1         0.01        1.1       ]
at minimum 0.0143 accepted 1  with params [-4.9268377  -0.1         0.02984393  0.81246889]
at minimum 0.1887 accepted 1  with params [-4.49557109  0.2155317   0.46400673  1.09562654]
at minimum 0.1896 accepted 1  with params [-4.52203868  0.22983575  0.5         1.1       ]
at minimum 0.3182 accepted 1  with params [-5.014316   -0.1         0.5         1.04016329]
at minimum 0.0143 accepted 1  with params [-4.81515829 -0.1         0.01        0.65611109]
at minimum 0.0358 accepted 1  with params [-4.31742525  0.15983848  0.01000016  0.5000002 ]
at minimum 0.2917 accepted 1  with params [-4.41335288  0.50578338  0.45285772  0.94747008]
at minimum 1.1504 accepted 1  with params [-3.93055707  0.7340936   0.5         1.1       ]
at minimum 1.0994 accepted 1  with params [-4.14424772  0.99        0.08709285  1.1       ]
at minimum 0.0399 accepted 1  with params [-6.         -0.09999585  0.5         1.1       ]
at minimum 0.0398 accepted 1  with params [-6.         -0.1         0.49999553  1.1       ]
at minimum 0.1051 accepted 1  with params [-5.60308318  0.23193461  0.49999999  1.1       ]
at minimum 0.0425 accepted 1  with params [-6.          0.7769213   0.28415972  1.1       ]
at minimum 0.1364 accepted 1  with params [-5.84274714  0.99        0.39391603  0.57867805]
at minimum 0.1109 accepted 1  with params [-5.54145011  0.99        0.33565704  0.50000018]
at minimum 0.0553 accepted 1  with params [-5.19821043  0.94118835  0.5         0.58196078]
at minimum 0.1096 accepted 1  with params [-5.60885411  0.99        0.5         0.50000023]
at minimum 0.0421 accepted 1  with params [-5.1407208   0.75165547  0.2148535   0.84485673]
at minimum 0.4806 accepted 0  with params [-5.23708933  0.99        0.1195241   1.1       ]
at minimum 0.4389 accepted 1  with params [-5.34712147  0.99        0.5         1.1       ]
at minimum 0.0418 accepted 1  with params [-5.48249037  0.90064495  0.02923899  0.67111925]
at minimum 0.0659 accepted 1  with params [-5.9002792   0.87356911  0.39178128  1.035546  ]
at minimum 0.0220 accepted 1  with params [-5.47449861  0.54807494  0.11695743  0.95710774]
at minimum 0.0158 accepted 1  with params [-5.37945513  0.2623109   0.01        1.1       ]
at minimum 0.0419 accepted 1  with params [-4.71133971  0.38785916  0.01866945  1.1       ]
at minimum 0.0418 accepted 1  with params [-4.56910426  0.09738598  0.01        1.1       ]
at minimum 0.1337 accepted 1  with params [-4.88758754  0.37718529  0.5         1.1       ]
at minimum 0.0177 accepted 1  with params [-4.90190953  0.43475151  0.01303741  0.60331377]
at minimum 0.0502 accepted 1  with params [-5.2453256   0.74847202  0.09701286  1.1       ]
at minimum 0.0390 accepted 1  with params [-4.57139194  0.63875148  0.1326579   0.6772815 ]
at minimum 0.0176 accepted 1  with params [-5.25618778  0.35210803  0.01        0.509574  ]
at minimum 0.0272 accepted 1  with params [-5.53262938  0.63659081  0.34070154  0.5       ]
at minimum 0.0220 accepted 1  with params [-6.          0.48319562  0.25398026  0.5       ]
at minimum 0.2860 accepted 0  with params [-6.          0.98251503  0.5         1.09990678]
at minimum 0.0251 accepted 1  with params [-5.88516405  0.82869202  0.16261669  0.5       ]
at minimum 0.0274 accepted 1  with params [-6.          0.20505552  0.48119049  0.5       ]
at minimum 0.0243 accepted 1  with params [-5.96701865  0.33851274  0.40416199  0.5       ]
at minimum 0.1028 accepted 1  with params [-5.31627887  0.79521907  0.37122157  1.1       ]
at minimum 0.0183 accepted 1  with params [-5.39943289  0.38283493  0.01        1.0999984 ]
at minimum 0.0455 accepted 1  with params [-5.48615244  0.08467727  0.44593112  0.5       ]
at minimum 0.0865 accepted 1  with params [-5.05077756 -0.1         0.5         0.5       ]
at minimum 0.0200 accepted 1  with params [-4.97922431e+00 -4.68735066e-03  1.22658063e-01  5.00000000e-01]
at minimum 0.0456 accepted 1  with params [-4.63904649  0.28976302  0.5         0.94053652]
at minimum 0.0357 accepted 1  with params [-5.17929452  0.88351024  0.49998227  0.5       ]
at minimum 0.0405 accepted 1  with params [-4.8497938   0.65324203  0.32550978  0.84792182]
at minimum 0.1356 accepted 1  with params [-4.49664414  0.8479701   0.5         0.56074126]
at minimum 1.0800 accepted 0  with params [-4.24049566  0.99        0.01000105  1.09999872]
at minimum 0.0490 accepted 1  with params [-4.9152913  0.2246101  0.5        0.5      ]
at minimum 0.0288 accepted 1  with params [-4.63422974  0.4878798   0.14672509  0.70607724]
at minimum 0.0300 accepted 1  with params [-4.33802552 -0.0249146   0.01        0.5       ]
at minimum 0.0163 accepted 1  with params [-5.00127297 -0.1         0.01        1.00984523]
at minimum 0.0717 accepted 1  with params [-5.09009258  0.36722351  0.20850499  1.09999776]
at minimum 0.0333 accepted 1  with params [-4.65142237  0.45964982  0.5         0.61526187]
at minimum 0.8530 accepted 1  with params [-4.35482564  0.99        0.5         1.02304018]
at minimum 0.5678 accepted 1  with params [-4.31581691  0.98999967  0.01000013  0.81237183]
at minimum 0.2304 accepted 1  with params [-4.18621129  0.99        0.24986034  0.5       ]
at minimum 0.2500 accepted 1  with params [-4.05174335  0.98999977  0.0874377   0.5       ]
at minimum 0.2314 accepted 1  with params [-4.22309265  0.99        0.37357048  0.5       ]
at minimum 0.6025 accepted 1  with params [-3.5544056   0.99        0.5         0.79118559]
at minimum 1.0325 accepted 1  with params [-4.21060812  0.98999922  0.12889275  1.09999957]
at minimum 0.1588 accepted 1  with params [-4.89420694  0.92862664  0.18196558  1.1       ]
at minimum 0.0241 accepted 1  with params [-5.46025564  0.545168    0.0100006   1.1       ]
at minimum 0.1035 accepted 1  with params [-5.11818845  0.89686698  0.5         1.1       ]
at minimum 0.3733 accepted 1  with params [-4.5531681   0.99        0.36547888  0.8036926 ]
at minimum 0.0497 accepted 1  with params [-4.73913272  0.31975167  0.23839232  1.0486794 ]
at minimum 0.0184 accepted 1  with params [-4.91088253  0.1317927   0.11872016  0.50504892]
at minimum 0.2133 accepted 1  with params [-5.25984216  0.41665139  0.5         0.98431427]
at minimum 0.0652 accepted 1  with params [-5.96719743  0.96497992  0.5         0.57234994]
at minimum 0.0651 accepted 1  with params [-5.56926846  0.85860087  0.49999949  0.81916691]
at minimum 0.0163 accepted 1  with params [-6.          0.37451835  0.20392795  1.1       ]
at minimum 0.0150 accepted 1  with params [-5.3640376   0.37679081  0.01000012  0.83845245]
at minimum 0.0980 accepted 1  with params [-5.64549843  0.74895659  0.5         1.1       ]
at minimum 0.0487 accepted 1  with params [-6.          0.81239868  0.5         0.99625717]
at minimum 0.1113 accepted 1  with params [-5.43482326  0.99        0.5         0.50117794]
at minimum 0.0320 accepted 1  with params [-4.67405512  0.71840991  0.2751439   0.51638144]
at minimum 0.4994 accepted 1  with params [-4.66163192  0.99        0.49999977  0.93384745]
at minimum 0.1385 accepted 1  with params [-4.36013872  0.24194607  0.5         0.5       ]
at minimum 0.1349 accepted 1  with params [-4.52290264  0.88728095  0.43631685  0.61487136]
at minimum 0.2008 accepted 1  with params [-4.13813155  0.87838318  0.01        0.5       ]
at minimum 0.1635 accepted 1  with params [-4.32419847  0.42150645  0.5         0.5       ]
at minimum 0.1834 accepted 1  with params [-4.56229607  0.82503373  0.5         0.81887358]
at minimum 0.0748 accepted 1  with params [-5.31531049  0.12003329  0.5         0.5       ]
at minimum 0.1521 accepted 1  with params [-5.21561951  0.12837482  0.28921391  1.1       ]
at minimum 0.2345 accepted 0  with params [-5.23276958  0.50722681  0.47544     1.1       ]
at minimum 0.0405 accepted 1  with params [-5.67624937 -0.1         0.5         0.52054994]
at minimum 0.0300 accepted 1  with params [-5.18610766 -0.1         0.19034148  0.5       ]
at minimum 0.0352 accepted 1  with params [-5.85765457 -0.1         0.49999586  0.52589854]
at minimum 0.0349 accepted 1  with params [-6.         -0.09999999  0.49999949  0.50000073]
at minimum 0.0467 accepted 1  with params [-5.62013075  0.40657625  0.5         0.68572575]
at minimum 0.0287 accepted 1  with params [-5.86154152  0.58501017  0.5         0.73479247]
at minimum 0.0348 accepted 1  with params [-5.61584495  0.41529505  0.5         0.5       ]
at minimum 0.2797 accepted 1  with params [-5.66681601  0.98661951  0.01000001  0.94059045]
at minimum 0.1145 accepted 1  with params [-5.79436955  0.98994255  0.01000031  0.50000043]
at minimum 0.2439 accepted 1  with params [-5.85828044  0.98998962  0.36065204  0.81493701]
at minimum 0.1115 accepted 1  with params [-5.40043212  0.98999892  0.49999952  0.5       ]
at minimum 0.0225 accepted 1  with params [-5.67098396  0.23272565  0.01        0.5       ]
at minimum 0.0322 accepted 1  with params [-6.         -0.1         0.36222735  0.97269097]
at minimum 0.0410 accepted 1  with params [-6.  -0.1  0.5  1.1]
at minimum 0.0218 accepted 1  with params [-5.75952551 -0.1         0.01        1.09999882]
at minimum 0.0388 accepted 1  with params [-5.89989188  0.46308876  0.5         1.1       ]
at minimum 0.3455 accepted 0  with params [-5.22967482  0.1351675   0.5         1.1       ]
at minimum 0.0195 accepted 1  with params [-6.          0.31879598  0.3436384   1.09999985]
at minimum 0.0371 accepted 1  with params [-6.          0.91649859  0.5         0.51962137]
at minimum 0.4402 accepted 1  with params [-5.99999999  0.99        0.01000028  1.09999964]
at minimum 0.0730 accepted 1  with params [-5.71501364  0.3634165   0.5         1.1       ]
at minimum 0.0812 accepted 1  with params [-5.00657073  0.89156384  0.36970441  0.94291883]
at minimum 0.1945 accepted 1  with params [-4.31503449  0.83751901  0.5         0.5       ]
at minimum 0.9971 accepted 0  with params [-4.36052321  0.99        0.01        1.1       ]
at minimum 0.1208 accepted 1  with params [-5.08420008  0.98999999  0.49999998  0.50000007]
at minimum 0.1175 accepted 1  with params [-5.59694178  0.99        0.01        0.5       ]
at minimum 0.4633 accepted 0  with params [-5.3522807   0.99        0.01001276  1.06919109]
at minimum 0.0231 accepted 1  with params [-6.          0.51390808  0.49999829  0.50000148]
at minimum 0.0270 accepted 1  with params [-6.          0.86178438  0.04310331  0.5       ]
at minimum 0.1216 accepted 1  with params [-5.40008695  0.99        0.01        0.5       ]
at minimum 0.1132 accepted 1  with params [-6.    0.99  0.01  0.5 ]
at minimum 0.0158 accepted 1  with params [-6.          0.28474627  0.01        1.1       ]
at minimum 0.0180 accepted 1  with params [-6.          0.5200469   0.01        0.74059201]
at minimum 0.0667 accepted 1  with params [-6.          0.87170128  0.37174021  1.08179612]
at minimum 0.4194 accepted 1  with params [-6.          0.98999249  0.5         1.1       ]
at minimum 0.0445 accepted 1  with params [-5.79035046  0.86245262  0.01        0.89639644]
at minimum 0.0695 accepted 1  with params [-5.73557545  0.89650684  0.01        1.019528  ]
at minimum 0.0358 accepted 1  with params [-5.58081168  0.70896911  0.07668973  1.09999912]
at minimum 0.0174 accepted 1  with params [-4.84588907  0.29978598  0.01        0.5       ]
at minimum 0.0236 accepted 1  with params [-4.70580706  0.20783448  0.5         0.5       ]
at minimum 0.5975 accepted 1  with params [-4.04468545  0.29693148  0.40124114  0.80248588]
at minimum 0.1096 accepted 1  with params [-4.39029799  0.08178595  0.49999845  0.5000019 ]
at minimum 0.1279 accepted 1  with params [-4.33883825  0.87761924  0.30988186  0.5       ]
at minimum 0.2542 accepted 1  with params [-3.51924862  0.99        0.01        0.5       ]
at minimum 0.1194 accepted 1  with params [-4.26225482  0.84146766  0.01        0.5       ]
at minimum 0.0568 accepted 1  with params [-5.09227145  0.95131274  0.01        0.5       ]
at minimum 0.0343 accepted 1  with params [-4.90797234  0.84458252  0.49999994  0.5       ]
at minimum 0.2127 accepted 1  with params [-4.19208136  0.95489544  0.04329571  0.5000013 ]
at minimum 0.2639 accepted 1  with params [-3.54766156  0.99        0.04239116  0.51041871]
at minimum 2.5307 accepted 0  with params [-3.    0.99  0.01  0.5 ]
at minimum 0.2444 accepted 1  with params [-3.39728686  0.47649439  0.5         0.5       ]
at minimum 0.2142 accepted 1  with params [-4.2355335   0.71427154  0.5         0.5       ]./../fitting_utils.py:28: RuntimeWarning: Mean of empty slice
  pooling_fun = lambda x,y: np.nanmean((x-y)**2)

at minimum 0.7320 accepted 0  with params [-4.04749658  0.38355327  0.01        1.1       ]
at minimum 1.1502 accepted 1  with params [-3.78831015  0.71164011  0.05769893  1.09999984]
at minimum 0.7448 accepted 1  with params [-4.57317419  0.99        0.09482393  1.1       ]
at minimum 0.5154 accepted 1  with params [-4.31393522  0.9008135   0.49717578  0.83309967]
at minimum 0.0384 accepted 1  with params [-4.35496393  0.37335259  0.01000168  0.5       ]
at minimum 0.4438 accepted 1  with params [-4.18007703  0.00746617  0.5         0.72259688]
at minimum 0.0371 accepted 1  with params [-4.60130345  0.76249865  0.03657233  0.5       ]
at minimum 0.0433 accepted 1  with params [-5.32654809  0.93094387  0.5         0.5       ]
at minimum 0.1799 accepted 1  with params [-4.55389463  0.99        0.5         0.5       ]
at minimum 0.0302 accepted 1  with params [-4.71224925  0.71191744  0.18511553  0.53674896]
at minimum 0.2778 accepted 1  with params [-3.98045424  0.38041243  0.47275503  0.52657223]
at minimum 0.2538 accepted 1  with params [-3.76140578 -0.1         0.13185     0.50000452]
at minimum 0.2479 accepted 1  with params [-3.34459668  0.53342327  0.12917443  0.5       ]
at minimum 0.3597 accepted 0  with params [-3.71882123  0.99        0.5         0.60396267]
at minimum 0.7676 accepted 0  with params [-3.45222146  0.99        0.01        0.89575148]
at minimum 0.8034 accepted 1  with params [-3.60825393  0.93727051  0.05323718  0.91682483]
at minimum 100000000000000000000.0000 accepted 0  with params [-3.12154142  0.56521793  0.5         1.1       ]
at minimum 0.0703 accepted 1  with params [-4.362788    0.18540692  0.32866524  0.5       ]
at minimum 0.0361 accepted 1  with params [-4.39389071 -0.1         0.08865634  0.79138322]
at minimum 0.0565 accepted 1  with params [-4.18308647 -0.1         0.01        0.5       ]
at minimum 0.0621 accepted 1  with params [-4.23171378  0.35176982  0.01        0.5       ]
at minimum 0.0166 accepted 1  with params [-4.73207011 -0.06572356  0.01        0.5       ]
at minimum 0.0190 accepted 1  with params [-4.69825667  0.3082403   0.01        0.52250978]
at minimum 0.0335 accepted 1  with params [-4.83576484  0.83305777  0.01        0.5       ]
at minimum 0.0209 accepted 1  with params [-5.06992298  0.67222329  0.01        0.5       ]
at minimum 0.0200 accepted 1  with params [-5.56888132  0.64541545  0.01000227  0.79934934]
at minimum 0.0880 accepted 1  with params [-4.891221    0.84024192  0.01        1.1       ]
at minimum 0.1703 accepted 1  with params [-4.10206272  0.30851578  0.01        0.62942728]
at minimum 0.1374 accepted 1  with params [-4.74654166  0.99        0.39595905  0.5       ]
at minimum 0.3654 accepted 1  with params [-4.54992226  0.99        0.5         0.74511278]
at minimum 0.9095 accepted 0  with params [-3.87906354  0.99        0.5         0.97630011]
at minimum 0.9446 accepted 0  with params [-4.32705203  0.98999194  0.49999638  1.06181727]
