at minimum 0.2771 accepted 1  with params [-4.50000044  0.39999985  0.04999999  1.00000003]
at minimum 0.3043 accepted 1  with params [-4.94535188  0.88667574  0.01000029  1.09999984]
at minimum 0.3016 accepted 1  with params [-5.41177311  0.98724022  0.01000144  0.82710895]
at minimum 0.3425 accepted 1  with params [-5.02321977  0.60295225  0.01000019  0.53652505]
at minimum 0.3375 accepted 1  with params [-5.24267215  0.11495875  0.01        0.61435585]
at minimum 0.3201 accepted 1  with params [-5.53441093  0.36780564  0.01000054  0.72543706]
at minimum 0.3482 accepted 1  with params [-5.56700018  0.54067118  0.01        0.50000116]
at minimum 0.2984 accepted 1  with params [-5.45733599  0.58643611  0.01        0.92308412]
at minimum 0.3017 accepted 1  with params [-5.79431173  0.78865096  0.01000004  0.84116951]
at minimum 0.1036 accepted 1  with params [-5.99999189  0.5167926   0.44670018  0.89636355]
at minimum 0.3467 accepted 1  with params [-5.99999389  0.75918381  0.01000105  0.50000096]
at minimum 0.3014 accepted 1  with params [-5.88614115  0.35447936  0.01        0.90782148]
at minimum 0.3228 accepted 1  with params [-5.44782367  0.82841649  0.17234933  0.5       ]
at minimum 0.1698 accepted 1  with params [-5.09569166  0.78488272  0.4423718   0.83985291]
at minimum 0.2847 accepted 1  with params [-4.65600942  0.65904706  0.18024915  0.60573272]
at minimum 0.3393 accepted 1  with params [-5.03144395  0.34372342  0.01000008  0.5803376 ]
at minimum 0.1912 accepted 1  with params [-4.79650294  0.45212858  0.46298745  0.50000195]
at minimum 0.2279 accepted 1  with params [-4.58896999  0.65734222  0.472636    0.50000145]
at minimum 0.2367 accepted 1  with params [-4.8859167   0.89856603  0.5         0.74165221]
at minimum 0.2683 accepted 1  with params [-5.00036976  0.89565702  0.17822131  1.1       ]
at minimum 0.2623 accepted 1  with params [-5.10835027  0.76970438  0.15829401  0.80534104]
at minimum 0.2748 accepted 1  with params [-5.09739419  0.99        0.37319071  1.1       ]
at minimum 0.1934 accepted 1  with params [-5.10915436  0.90075913  0.5         1.1       ]
at minimum 0.2933 accepted 1  with params [-5.60898161  0.98999994  0.25115447  1.0510709 ]
at minimum 0.3032 accepted 1  with params [-5.70797544  0.98999909  0.01000034  1.1       ]
at minimum 0.3182 accepted 1  with params [-5.47098492  0.88660677  0.01        0.69347247]
at minimum 0.1850 accepted 1  with params [-5.80006996  0.46001133  0.19676882  0.88648767]
at minimum 0.2524 accepted 1  with params [-6.          0.14824016  0.49999789  1.09999742]
at minimum 0.1301 accepted 1  with params [-5.82879828  0.55642147  0.5         1.1       ]
at minimum 0.2400 accepted 0  with params [-6.          0.96051609  0.49999714  1.09999749]
at minimum 0.2392 accepted 0  with params [-6.          0.9586666   0.5         1.09995094]
at minimum 0.1152 accepted 1  with params [-5.80526153  0.36355102  0.49999969  0.76401089]
at minimum 0.1878 accepted 1  with params [-5.45782171  0.11725957  0.5         0.95689469]
at minimum 0.2152 accepted 1  with params [-5.50293315  0.08611916  0.49999933  0.99352796]
at minimum 0.1514 accepted 1  with params [-5.52995027  0.45384791  0.5         1.1       ]
at minimum 0.2013 accepted 1  with params [-5.74196579  0.54585183  0.29212119  0.63940743]
at minimum 0.1159 accepted 1  with params [-5.99395677  0.35735954  0.27085852  0.87725761]
at minimum 0.2878 accepted 1  with params [-5.50536471 -0.1         0.5         1.1       ]
at minimum 0.3036 accepted 1  with params [-5.77029287 -0.09999985  0.01        1.1       ]
at minimum 0.1853 accepted 1  with params [-5.6148945  -0.1         0.12322374  1.1       ]
at minimum 0.3361 accepted 1  with params [-6.         -0.09999948  0.01        0.65458832]
at minimum 0.1257 accepted 1  with params [-5.92862405  0.04085087  0.25481966  1.08979238]
at minimum 0.3033 accepted 1  with params [-5.48608623 -0.07680479  0.01000029  1.09999963]
at minimum 0.2983 accepted 1  with params [-5.52992065  0.27733053  0.01000004  1.08178057]
at minimum 0.1206 accepted 1  with params [-5.12891687  0.572119    0.44746826  1.1       ]
at minimum 0.1121 accepted 1  with params [-4.74408712  0.61048089  0.49999981  1.05840545]
at minimum 0.1278 accepted 1  with params [-4.68908052  0.57540028  0.5         1.1       ]
at minimum 0.1417 accepted 1  with params [-4.560641    0.37609603  0.39497807  1.09999839]
at minimum 0.1047 accepted 1  with params [-4.95306881  0.21144881  0.2209102   1.09999947]
at minimum 0.1074 accepted 1  with params [-5.29115256  0.60299429  0.5         0.86915453]
at minimum 0.1809 accepted 1  with params [-4.81456228  0.79500217  0.49999765  0.7789324 ]
at minimum 0.2831 accepted 1  with params [-4.30203121  0.85631915  0.49999935  0.5       ]
at minimum 0.3005 accepted 1  with params [-4.71664948  0.58696775  0.17721806  0.5       ]
at minimum 0.3109 accepted 1  with params [-4.75957289  0.42662287  0.01        0.79383388]
at minimum 0.3147 accepted 1  with params [-5.23104919 -0.07810462  0.01000019  0.81794294]
at minimum 0.1284 accepted 1  with params [-5.50537083 -0.1         0.17278527  0.91672425]
at minimum 0.1378 accepted 1  with params [-5.34734945  0.28020954  0.38957747  0.98861924]
at minimum 0.1750 accepted 1  with params [-5.25979499  0.26569216  0.15792534  1.09999964]
at minimum 0.2653 accepted 1  with params [-4.88294867  0.53147163  0.17012313  0.64981415]
at minimum 0.3477 accepted 1  with params [-4.8557682   0.66224398  0.01        0.50000053]
at minimum 0.2363 accepted 1  with params [-4.38446602  0.70180687  0.5         0.5       ]
at minimum 0.3329 accepted 1  with params [-4.51796564  0.98999689  0.49999859  0.50000176]
at minimum 0.3174 accepted 1  with params [-3.98674412  0.67074834  0.13995641  0.50000201]
at minimum 0.1465 accepted 1  with params [-3.99550362  0.62463386  0.45962395  0.70664213]
at minimum 0.3289 accepted 1  with params [-4.35052357  0.53785568  0.0100006   0.64526322]
at minimum 0.3470 accepted 1  with params [-4.44319679  0.69815937  0.01        0.5       ]
at minimum 0.2135 accepted 1  with params [-4.07549741  0.57770221  0.45902641  0.5       ]
at minimum 0.3432 accepted 1  with params [-4.35283242  0.98999947  0.14922076  0.50000029]
at minimum 0.2461 accepted 1  with params [-4.30966253  0.5896333   0.32703022  0.5       ]
at minimum 0.1358 accepted 1  with params [-3.91683255  0.13951245  0.5         0.56797427]
at minimum 0.2027 accepted 1  with params [-3.58566541  0.02254697  0.49280321  0.96226792]
at minimum 0.3039 accepted 1  with params [-4.07236395 -0.1         0.01000149  1.09999818]
at minimum 0.1046 accepted 1  with params [-4.11614612  0.03798438  0.25953745  0.90801118]
at minimum 0.1032 accepted 1  with params [-4.51860964 -0.09999978  0.20250177  1.04087245]
at minimum 0.1784 accepted 1  with params [-4.56046229 -0.1         0.5         0.83596871]
at minimum 0.2782 accepted 1  with params [-4.61595386 -0.1         0.49999877  1.0999985 ]
at minimum 0.1128 accepted 1  with params [-4.73989553  0.09394849  0.25986248  0.80495266]
at minimum 0.3039 accepted 1  with params [-4.90662882 -0.09999893  0.01000048  1.00575253]
at minimum 0.3006 accepted 1  with params [-4.73868311  0.05897283  0.01        1.1       ]
at minimum 0.3455 accepted 1  with params [-5.26027987 -0.1         0.01000083  0.57570482]
at minimum 0.2491 accepted 1  with params [-4.88554577  0.12648431  0.20023384  0.5       ]
at minimum 0.2156 accepted 1  with params [-4.62633526  0.61223941  0.49999999  0.5       ]
at minimum 0.1499 accepted 1  with params [-4.80356779  0.58843208  0.26801689  0.9205146 ]
at minimum 0.2823 accepted 1  with params [-4.93623585  0.73966318  0.0632617   1.05141959]
at minimum 0.2999 accepted 1  with params [-4.50828197  0.2559521   0.01        1.1       ]
at minimum 0.1303 accepted 1  with params [-4.88488946  0.03867038  0.49999993  0.70066884]
at minimum 0.2519 accepted 1  with params [-5.03675849 -0.1         0.46650794  1.05261231]
at minimum 0.3081 accepted 1  with params [-5.24574112  0.44825852  0.01        0.81534806]
at minimum 0.1407 accepted 1  with params [-5.10031046  0.59598268  0.5         0.69379371]
at minimum 0.2783 accepted 0  with params [-5.1960415   0.21515071  0.04161368  1.1       ]
at minimum 0.1024 accepted 1  with params [-5.08827487  0.139672    0.22697075  1.09999841]
at minimum 0.3040 accepted 1  with params [-5.45430996 -0.1         0.01        1.1       ]
at minimum 0.3024 accepted 1  with params [-5.94647179 -0.03701045  0.01        1.1       ]
at minimum 0.3475 accepted 1  with params [-5.68526912 -0.1         0.01        0.55948729]
at minimum 0.3551 accepted 1  with params [-5.48810509 -0.1         0.01        0.5       ]
at minimum 0.2970 accepted 1  with params [-5.4020149  -0.08717596  0.12909914  0.5       ]
at minimum 0.1513 accepted 1  with params [-5.0510842   0.08875437  0.5         0.5       ]
at minimum 0.1452 accepted 1  with params [-4.77384125 -0.1         0.5         0.5       ]
at minimum 0.1461 accepted 1  with params [-5.09039044 -0.03439741  0.49999905  0.50000083]
at minimum 0.1294 accepted 1  with params [-4.80398501  0.47212404  0.5         0.66086184]
at minimum 0.1962 accepted 1  with params [-5.10797592  0.69466392  0.24976877  0.88129028]
at minimum 0.2987 accepted 1  with params [-5.46548355  0.89163198  0.01000021  0.98319232]
at minimum 0.1893 accepted 1  with params [-5.32377678  0.60692065  0.1948407   1.09999899]
at minimum 0.1234 accepted 1  with params [-5.07612852  0.20911621  0.45193455  0.66642895]
at minimum 0.3473 accepted 1  with params [-4.70811833  0.73223752  0.01219843  0.5       ]
at minimum 0.3494 accepted 1  with params [-4.80511541  0.44703254  0.01000093  0.50000107]
at minimum 0.3416 accepted 1  with params [-4.50369113  0.88435332  0.01000047  0.53172977]
at minimum 0.3372 accepted 1  with params [-4.33539052  0.50614709  0.03134383  0.5572715 ]
at minimum 0.1295 accepted 1  with params [-4.1410672   0.45975223  0.41489646  1.08682598]
at minimum 0.1736 accepted 1  with params [-4.52992072  0.03549038  0.31691933  1.1       ]
at minimum 0.1983 accepted 1  with params [-4.02024199  0.32133315  0.49999878  1.09999851]
at minimum 0.1368 accepted 1  with params [-3.87456515  0.32582661  0.25021565  0.79809552]
at minimum 0.2845 accepted 1  with params [-4.0116063   0.78504847  0.05848441  0.96200445]
at minimum 0.3209 accepted 1  with params [-3.58443419  0.9899959   0.49999847  0.56414994]
at minimum 0.3446 accepted 1  with params [-3.7651646   0.98999883  0.14205523  0.50000047]
at minimum 0.3121 accepted 1  with params [-4.32168894  0.93567846  0.43087052  0.5       ]
at minimum 0.3341 accepted 1  with params [-3.8038852   0.99        0.40239456  0.50000192]
at minimum 0.2949 accepted 1  with params [-4.01726784  0.99        0.18565383  0.87020924]
at minimum 0.3091 accepted 1  with params [-3.68910827  0.52322242  0.01        0.8044696 ]
at minimum 0.3342 accepted 1  with params [-3.43469327  0.86157996  0.01        0.57975006]
at minimum 0.2398 accepted 1  with params [-3.07595154  0.70209637  0.48677445  0.5       ]
at minimum 0.2572 accepted 1  with params [-3.33426464  0.63505874  0.30942357  0.50000033]
at minimum 0.3298 accepted 0  with params [-3.17188816  0.98999815  0.49999917  0.5       ]
at minimum 0.2895 accepted 1  with params [-3.86530443  0.53037819  0.10561635  0.68330197]
at minimum 0.3253 accepted 1  with params [-3.82652332  0.06633023  0.01        0.71617185]
at minimum 0.3481 accepted 1  with params [-3.99518353  0.56476862  0.01        0.5       ]
at minimum 0.1385 accepted 1  with params [-4.55113071  0.05651987  0.45942752  0.77866095]
at minimum 0.2619 accepted 1  with params [-4.31668309 -0.07930434  0.43426065  1.1       ]
at minimum 0.2663 accepted 1  with params [-4.02409725  0.00533808  0.5         1.08504579]
at minimum 0.1232 accepted 1  with params [-4.35810264  0.24240645  0.5         0.67765747]
at minimum 0.1078 accepted 1  with params [-3.94707116 -0.09999639  0.23883337  1.00115433]
at minimum 0.1446 accepted 1  with params [-4.36658109 -0.09999896  0.49999942  0.50000062]
at minimum 0.1511 accepted 1  with params [-4.59528047  0.12356199  0.5         0.5       ]
at minimum 0.2993 accepted 1  with params [-4.92322465  0.38802648  0.01        0.93770034]
at minimum 0.3332 accepted 1  with params [-5.19175183  0.97586647  0.01000108  0.58317739]
at minimum 0.2977 accepted 1  with params [-5.52663476  0.4485316   0.01000088  1.0055277 ]
at minimum 0.3008 accepted 1  with params [-5.99999344  0.24337092  0.01000107  0.93784267]
at minimum 0.3036 accepted 1  with params [-6.       -0.1       0.01      1.014062]
at minimum 0.3209 accepted 1  with params [-6.         -0.01026464  0.01        0.75390036]
at minimum 0.3531 accepted 1  with params [-6.          0.02883218  0.01        0.5       ]
at minimum 0.2090 accepted 1  with params [-5.60370073 -0.09999978  0.49999983  0.92978805]
at minimum 0.1268 accepted 1  with params [-5.24264614  0.18968972  0.5         0.63580034]
at minimum 0.1783 accepted 1  with params [-5.37658771  0.28564452  0.49999855  1.01805333]
at minimum 0.1099 accepted 1  with params [-5.9527145   0.68896951  0.49999101  1.09999157]
at minimum 0.1278 accepted 0  with params [-5.45710596  0.56816362  0.5         1.09999965]
at minimum 0.1329 accepted 1  with params [-5.77684448  0.08547954  0.49999696  0.72662875]
at minimum 0.2792 accepted 1  with params [-5.19504171  0.47664955  0.05127555  1.1       ]
at minimum 0.2554 accepted 1  with params [-4.92538     0.7203364   0.12799577  0.91556008]
at minimum 0.1099 accepted 1  with params [-5.29339421  0.69646905  0.5         1.1       ]
at minimum 0.3215 accepted 1  with params [-5.17563649  0.98999909  0.49999982  0.54379171]
at minimum 0.2356 accepted 1  with params [-4.51833626  0.69221459  0.5         0.50000891]
