./../runners.py:392: RuntimeWarning: invalid value encountered in double_scalars
  err_t]+([u_fb + err_t] if self.enable_combo else []))
./../runners.py:306: RuntimeWarning: invalid value encountered in multiply
  model_input = self.k*x_tm1
./../dsp_utils.py:9: RuntimeWarning: invalid value encountered in double_scalars
  self.state = 1./self.tau*x + (1-1./self.tau)*self.state
at minimum 0.0401 accepted 1  with params [-3.683   0.8452  0.1009  0.8858 -4.    ]
at minimum 0.0487 accepted 1  with params [-3.42733203  0.74188694  0.05324333  1.04576757 -3.99998359]
at minimum 0.0582 accepted 1  with params [-3.69583141  1.10851844  0.01        1.09999423 -3.51577153]
at minimum 0.0709 accepted 1  with params [-3.83358267  1.57684192  0.01        0.70571652 -3.5741235 ]
at minimum 234890853962.4404 accepted 0  with params [-3.44458568  1.17062125  0.01000047  0.53984331 -3.84242132]
at minimum 0.0219 accepted 1  with params [-3.42612425  1.20339597  0.16009838  0.5        -3.49793167]
at minimum 0.0571 accepted 1  with params [-3.72237166  0.74547928  0.01        0.67188498 -3.24295331]
at minimum 0.0633 accepted 1  with params [-3.87453163  0.53849618  0.04476342  0.50590539 -3.04532642]
at minimum 0.0213 accepted 1  with params [-3.89344323  0.93226895  0.31975848  0.5        -3.0813625 ]
at minimum 0.0154 accepted 1  with params [-4.15586249  1.02947482  0.27177826  0.94596355 -3.43732159]
at minimum 0.0688 accepted 1  with params [-4.03905132  1.46606811  0.01000205  0.91430503 -3.27501333]
at minimum 0.0198 accepted 1  with params [-3.61027417  1.71982646  0.30760902  0.87936157 -3.59500533]
at minimum 0.0685 accepted 0  with params [-3.43125652  1.30433805  0.5         0.90276643 -3.53188149]
at minimum 0.0335 accepted 1  with params [-3.69640137  1.61965023  0.5         0.5        -3.17675911]
at minimum 0.0330 accepted 1  with params [-4.07423594  1.31133574  0.4999967   0.5        -3.43581898]
at minimum 0.0807 accepted 1  with params [-3.86353524  1.65760264  0.01182825  0.5        -3.8086177 ]
at minimum 0.0728 accepted 1  with params [-4.01741453  1.99999878  0.23436752  0.50000057 -3.7742838 ]
at minimum 0.0170 accepted 1  with params [-3.55788773  1.61020236  0.35155178  0.82015398 -3.65983546]
at minimum 0.0192 accepted 1  with params [-3.43373572  1.89641695  0.14626106  1.09999964 -3.91772359]
at minimum 82785.2114 accepted 0  with params [-3.48246532  1.68497789  0.01        0.80366764 -3.44173664]
at minimum 0.0231 accepted 1  with params [-3.37951189  1.7975022   0.44932177  0.71096202 -3.99999997]
at minimum 0.0380 accepted 1  with params [-3.56016005  2.          0.17001555  0.78028333 -3.5998838 ]
at minimum 0.0244 accepted 1  with params [-3.54373993  2.          0.17223513  1.1        -3.34825589]
at minimum 1433888933168883195772577577335569740398678335553536.0000 accepted 0  with params [-3.08758793  1.99999993  0.07161637  0.63488447 -3.20718408]
at minimum 0.0225 accepted 1  with params [-3.76124808  2.          0.5         0.82688855 -3.18834391]
at minimum 0.0216 accepted 1  with params [-3.65426769  1.99788043  0.5         1.0012431  -3.16777004]
at minimum 0.0522 accepted 1  with params [-3.98983869  1.99999691  0.14049461  1.09999915 -2.97213763]
at minimum 0.0773 accepted 1  with params [-4.3853978   1.57730874  0.01        0.81818143 -3.14295617]
at minimum 0.0761 accepted 1  with params [-4.56412933  1.88546238  0.22467449  0.57759585 -3.21210157]
at minimum 0.0863 accepted 1  with params [-4.73937898  1.61494644  0.09476054  0.5        -2.86243735]
at minimum 0.0585 accepted 1  with params [-5.11661821  1.52264561  0.49389846  0.5        -2.36654339]
at minimum 0.0766 accepted 1  with params [-5.43793419  1.53772541  0.4159608   0.50000004 -2.09632362]
at minimum 0.0722 accepted 1  with params [-5.59175994  1.51224848  0.5         0.5        -2.49798209]
at minimum 0.0655 accepted 1  with params [-5.34673616  1.66297765  0.5         0.5        -2.55848866]
at minimum 0.0601 accepted 1  with params [-5.35556172  1.34284846  0.5         0.5        -2.41437737]
at minimum 0.0623 accepted 1  with params [-5.08907678  1.71799868  0.5         0.5        -2.32550834]
at minimum 0.0863 accepted 1  with params [-5.15767048  1.90743228  0.15226349  0.63396318 -1.90661221]
at minimum 0.0185 accepted 1  with params [-4.7347285   1.58280817  0.5         1.09943009 -2.30372103]
at minimum 0.0296 accepted 1  with params [-5.18060319  1.29454752  0.49999917  0.83471748 -2.33208087]
at minimum 0.0737 accepted 1  with params [-5.56010364  1.45284649  0.5         0.5        -2.1583171 ]
at minimum 0.0401 accepted 1  with params [-5.07731944  1.13987768  0.48376518  0.54753707 -2.5860115 ]
at minimum 0.0648 accepted 1  with params [-5.43822727  1.22678882  0.5         0.51327033 -2.1350279 ]
at minimum 0.0411 accepted 1  with params [-5.06387395  1.03367187  0.5         0.5        -2.41813994]
at minimum 0.0415 accepted 1  with params [-5.26837885  0.86297513  0.5         0.5        -2.81713499]
at minimum 0.0257 accepted 1  with params [-5.18622726  0.59997297  0.49014864  0.6086399  -2.55235667]
at minimum 0.0299 accepted 1  with params [-5.47776096  0.9926341   0.5         1.05904107 -2.23706484]
at minimum 0.0711 accepted 1  with params [-5.79606044  1.06332488  0.49999989  1.1        -1.83513509]
at minimum 0.0326 accepted 1  with params [-5.33283967  0.99232176  0.5         1.06858418 -1.82726237]
at minimum 0.0646 accepted 1  with params [-5.46272696  0.49441541  0.49999998  0.67051686 -1.89011471]
at minimum 0.0762 accepted 1  with params [-5.81252429  0.73256488  0.25418486  1.1        -2.17883177]
at minimum 0.0792 accepted 1  with params [-5.72963535  0.61165108  0.30542233  0.88200764 -2.04018099]
