./../runners.py:306: RuntimeWarning: invalid value encountered in multiply
  model_input = self.k*x_tm1
./../dsp_utils.py:9: RuntimeWarning: invalid value encountered in double_scalars
  self.state = 1./self.tau*x + (1-1./self.tau)*self.state
at minimum 0.1062 accepted 1  with params [-3.683   0.8452  0.1009  0.8858 -4.    ]
at minimum 0.1054 accepted 1  with params [-3.85449405  0.72017485  0.13268511  0.87163118 -3.69873776]
at minimum 0.1976 accepted 1  with params [-3.64386618  1.1666406   0.49999982  0.82162695 -3.68386306]
at minimum 0.4137 accepted 0  with params [-3.64676823  1.06324786  0.5         1.1        -3.54030217]
at minimum 0.0187 accepted 1  with params [-4.0776227   1.05846794  0.12321122  1.04356732 -4.        ]
at minimum 0.0607 accepted 1  with params [-4.40358078  0.98492984  0.26861163  1.09999961 -3.99999594]
at minimum 0.0153 accepted 1  with params [-4.27681232  0.58942702  0.03942355  1.03210159 -3.54648172]
at minimum 0.0179 accepted 1  with params [-4.55826638  0.28322306  0.09647775  0.6256034  -3.87201811]
at minimum 0.0211 accepted 1  with params [-4.72732425  0.43374709  0.01        0.5        -4.        ]
at minimum 0.0577 accepted 1  with params [-5.02977018  0.84341569  0.36714649  0.64054803 -4.        ]
at minimum 0.0566 accepted 1  with params [-5.38580024  0.7041181   0.5         0.50000121 -4.        ]
at minimum 0.0562 accepted 1  with params [-5.77068175  0.56637398  0.49999996  0.97240654 -3.98599846]
at minimum 0.0473 accepted 1  with params [-5.9777013   0.34652131  0.5         0.87706214 -3.99999661]
at minimum 0.0475 accepted 1  with params [-5.7900717   0.77775598  0.5         0.50000008 -3.99999947]
at minimum 0.0554 accepted 1  with params [-5.36688241  0.91041169  0.5         0.55084089 -3.87538353]
at minimum 0.0596 accepted 1  with params [-4.93544767  1.04873561  0.5         0.5        -4.        ]
at minimum 0.0491 accepted 1  with params [-5.37780055  1.43709447  0.5         0.72742688 -3.72413413]
at minimum 0.0436 accepted 1  with params [-5.07254099  1.85228528  0.5         0.5        -3.93429377]
at minimum 0.0443 accepted 1  with params [-5.24698254  1.86445882  0.5         0.50000009 -4.        ]
at minimum 0.0346 accepted 1  with params [-5.21905148  1.42914423  0.2697447   0.72401432 -3.66586123]
at minimum 0.0248 accepted 1  with params [-4.73819531  1.83393154  0.01000074  0.94976584 -3.22035124]
at minimum 0.0257 accepted 1  with params [-4.92376179  1.40192722  0.221565    1.05407011 -2.92187393]
at minimum 0.0136 accepted 1  with params [-4.49065664  0.92239688  0.01        0.86671172 -3.16684091]
at minimum 0.0307 accepted 1  with params [-4.459905    1.10229874  0.2374076   0.96400374 -2.6919634 ]
at minimum 0.0166 accepted 1  with params [-4.04449122  1.07032542  0.10244074  1.09999909 -2.65473618]
at minimum 0.0132 accepted 1  with params [-4.37710406  0.62127127  0.01        1.1        -2.81760511]
at minimum 0.0117 accepted 1  with params [-4.45172916  0.25288921  0.01        0.81182117 -2.83022056]
at minimum 0.0129 accepted 1  with params [-4.62683327  0.27772287  0.01000022  1.09999973 -2.41538654]
at minimum 0.0111 accepted 1  with params [-4.42130597  0.31419712  0.01        0.90395855 -2.32012327]
at minimum 0.0119 accepted 1  with params [-4.73464576  0.31509575  0.01        1.03455267 -2.79718442]
at minimum 0.0116 accepted 1  with params [-4.56808885  0.67953902  0.01000016  1.1        -2.89523442]
at minimum 0.0136 accepted 1  with params [-4.91348787  0.46751188  0.01        0.86270463 -2.73173508]
at minimum 0.0279 accepted 1  with params [-4.88699786  0.68062432  0.15829975  1.1        -2.46360126]
at minimum 0.2536 accepted 0  with params [-4.64287936  0.62223797  0.4543409   1.09999792 -2.0099932 ]
at minimum 0.1210 accepted 1  with params [-4.55883093  0.67730679  0.29070118  0.92939204 -2.26097591]
at minimum 0.0216 accepted 1  with params [-4.9421493   0.71591339  0.16914446  1.1        -1.98107959]
at minimum 0.0289 accepted 1  with params [-4.95240341  0.93067928  0.13191925  0.63752025 -1.82075521]
at minimum 0.0358 accepted 1  with params [-5.1809241   1.02321659  0.01000106  0.50000048 -1.9938838 ]
at minimum 0.0549 accepted 1  with params [-4.91316893  0.63480528  0.40494078  0.69573565 -2.01537582]
at minimum 0.0475 accepted 1  with params [-4.94284819  0.80771515  0.49999991  0.51837699 -1.7149578 ]
at minimum 0.0413 accepted 1  with params [-5.29950273  0.71636318  0.5         0.5        -1.38411493]
at minimum 0.0518 accepted 1  with params [-5.74181599  0.40010216  0.34212111  0.5        -1.0159701 ]
at minimum 0.0485 accepted 1  with params [-5.6687759   0.          0.01        0.5        -1.34329908]
at minimum 0.0428 accepted 1  with params [-5.19716953e+00  6.84192000e-07  2.60995733e-01  7.15703864e-01
 -9.84108440e-01]
at minimum 0.0401 accepted 1  with params [-5.41930099  0.24563571  0.4322563   0.94024036 -1.12482002]
at minimum 0.0392 accepted 1  with params [-5.09616912  0.55634097  0.5         0.76739651 -0.92239219]
at minimum 0.0445 accepted 1  with params [-5.10436316  0.09445343  0.5         0.80227749 -0.64588736]
at minimum 0.0477 accepted 1  with params [-4.99463935  0.25437866  0.02590667  1.1        -0.30389358]
at minimum 0.0447 accepted 1  with params [-5.17212035  0.37648968  0.01000103  0.98090689 -0.69747537]
at minimum 0.0337 accepted 1  with params [-4.96358649  0.          0.44291088  1.1        -0.78644814]
at minimum 0.0343 accepted 1  with params [-4.94314131  0.          0.04505521  1.1        -0.8274055 ]
