./../runners.py:308: RuntimeWarning: invalid value encountered in multiply
  model_input = self.k*x_tm1
./../dsp_utils.py:9: RuntimeWarning: invalid value encountered in double_scalars
  self.state = 1./self.tau*x + (1-1./self.tau)*self.state
at minimum 0.0182 accepted 1  with params [-3.68299958  0.84520071  0.10090025  0.88580013 -3.99999753]
at minimum 0.0082 accepted 1  with params [-3.73471001  1.06039008  0.20366363  1.01263866 -4.        ]
at minimum 0.0206 accepted 1  with params [-3.51952065  1.16315345  0.24854681  0.93629346 -3.85410589]
at minimum 0.0229 accepted 1  with params [-3.30433128  1.26591683  0.29342999  0.59009866 -3.70821177]
at minimum 0.0292 accepted 1  with params [-3.08914191  1.36868021  0.33831318  0.51375346 -3.56231766]
at minimum 0.0429 accepted 1  with params [-3.          1.47144358  0.38319636  0.5        -3.41642355]
at minimum 0.0171 accepted 1  with params [-3.98297893  1.57420696  0.42807954  1.06733972 -3.27052943]
at minimum 0.0231 accepted 1  with params [-3.77924054  1.67697034  0.47296273  0.85209457 -3.12463532]
at minimum 0.0172 accepted 1  with params [-4.41823707  1.60301172  0.5         1.1        -2.97874121]
at minimum 0.0187 accepted 1  with params [-4.18215129  1.70577509  0.5         1.09510091 -2.8328471 ]
at minimum 0.0214 accepted 1  with params [-3.96696191  1.80853847  0.5         1.01875571 -2.68695298]
at minimum 0.0250 accepted 1  with params [-3.75177255  1.91130185  0.5         0.86537128 -2.54105887]
at minimum 0.0291 accepted 1  with params [-3.53658318  2.          0.5         0.71103514 -2.39516476]
at minimum 0.0202 accepted 1  with params [-4.27709395  2.          0.5         1.1        -2.24927064]
at minimum 0.0201 accepted 1  with params [-4.25680793  2.          0.5         1.1        -2.10337653]
at minimum 0.0205 accepted 1  with params [-4.01885854  2.          0.5         1.1        -1.95748242]
at minimum 0.0240 accepted 1  with params [-3.80357004  2.          0.5         0.94728126 -1.8115883 ]
at minimum 0.0281 accepted 1  with params [-3.58838067  2.          0.5         0.75821894 -1.66569419]
at minimum 0.0321 accepted 1  with params [-3.37319131  2.          0.5         0.57056419 -1.51980008]
at minimum 0.0472 accepted 1  with params [-3.15800194  2.          0.5         0.5        -1.37390596]
at minimum 0.0596 accepted 1  with params [-5.76406297  2.          0.5         1.1        -1.73263113]
at minimum 0.0336 accepted 1  with params [-5.18995181  2.          0.5         1.1        -1.75045201]
at minimum 0.0335 accepted 1  with params [-4.97476247  2.          0.5         1.0236548  -1.6045579 ]
at minimum 0.0220 accepted 1  with params [-4.39636218  2.          0.5         1.1        -1.51062092]
at minimum 0.0202 accepted 1  with params [-4.11580879  2.          0.5         1.1        -1.3647268 ]
at minimum 0.0221 accepted 1  with params [-3.89752625  2.          0.5         1.06409557 -1.22803775]
at minimum 0.0261 accepted 1  with params [-3.68275793  2.          0.5         0.85837499 -1.08214364]
at minimum 0.0306 accepted 1  with params [-3.45362565  2.          0.5         0.65854595 -0.93624953]
at minimum 0.0277 accepted 1  with params [-3.5922701   2.          0.5         0.79252614 -0.79035541]
at minimum 0.0319 accepted 1  with params [-3.37708074  2.          0.5         0.5900725  -0.6444613 ]
at minimum 0.0451 accepted 1  with params [-3.16189137  2.          0.5         0.5        -0.49856719]
at minimum 0.0259 accepted 1  with params [-5.00049691  2.          0.5         1.1        -2.4813199 ]
at minimum 0.0240 accepted 1  with params [-4.78530754  2.          0.5         1.1        -2.33542579]
at minimum 0.0249 accepted 1  with params [-4.57011933  2.          0.5         1.02365507 -2.18953167]
at minimum 0.0207 accepted 1  with params [-4.34775896  2.          0.5         1.1        -2.04389471]
at minimum 0.0200 accepted 1  with params [-4.17642972  2.          0.5         1.1        -1.8980006 ]
at minimum 0.0212 accepted 1  with params [-3.96124035  2.          0.5         1.09999173 -1.75210648]
at minimum 0.0252 accepted 1  with params [-3.74025919  2.          0.5         0.90867937 -1.60621237]
at minimum 0.0293 accepted 1  with params [-3.52416398  2.          0.5         0.70557277 -1.46031826]
at minimum 0.0332 accepted 1  with params [-3.31049317  2.          0.5         0.51139625 -1.31442414]
at minimum 0.0223 accepted 1  with params [-3.883509    2.          0.5         1.02724079 -1.16853003]
at minimum 0.0263 accepted 1  with params [-3.66831963  2.          0.5         0.84858136 -1.02263592]
at minimum 0.0306 accepted 1  with params [-3.45313027  2.          0.5         0.65526467 -0.87674181]
at minimum 0.0355 accepted 1  with params [-3.2379409   2.          0.5         0.5        -0.73084769]
at minimum 0.1537 accepted 1  with params [-3.02275153  2.          0.5         0.5        -0.58495358]
at minimum 0.0470 accepted 1  with params [-5.11651284  2.          0.5         1.1        -1.13072031]
at minimum 0.0459 accepted 1  with params [-4.90132347  2.          0.5         1.0236548  -0.9848262 ]
at minimum 0.0217 accepted 1  with params [-4.01702254  2.          0.5         1.05298451 -0.86793407]
at minimum 0.0215 accepted 1  with params [-3.88891546  2.          0.5         1.1        -0.70450926]
at minimum 0.0234 accepted 1  with params [-3.67372609  2.          0.5         1.1        -0.04967718]
at minimum 0.0300 accepted 1  with params [-3.43462679  2.          0.5         0.74426611  0.        ]
