./../runners.py:231: RuntimeWarning: invalid value encountered in multiply
  model_input = self.k*x_tm1
./../dsp_utils.py:9: RuntimeWarning: invalid value encountered in double_scalars
  self.state = 1./self.tau*x + (1-1./self.tau)*self.state
at minimum 0.1475 accepted 1  with params [-4.5   0.4   0.05  1.    0.  ]
at minimum 0.0524 accepted 1  with params [-4.78070663e+00  6.17170129e-01  4.65434949e-01  1.10000000e+00
  1.23203273e-15]
at minimum 0.0498 accepted 1  with params [-5.21451830e+00  3.32140475e-01  4.16991764e-01  1.10000000e+00
  6.32828046e-23]
at minimum 0.0221 accepted 1  with params [-5.07712201  0.31553305  0.2966792   1.1         0.1624518 ]
at minimum 0.1186 accepted 1  with params [-4.64239339  0.64029194  0.17643164  1.1         0.34937417]
at minimum 0.1004 accepted 1  with params [-4.1477615  0.99       0.5        1.1        0.5970528]
at minimum 0.1434 accepted 1  with params [-4.13413867  0.98999827  0.28669916  1.1         0.47785172]
at minimum 0.0524 accepted 1  with params [-3.76688007  0.99        0.5         1.1         0.2808338 ]
at minimum 0.0998 accepted 1  with params [-4.05031464  0.98999957  0.49999977  0.83404702  0.1126553 ]
at minimum 0.1350 accepted 1  with params [-4.33705383  0.88287821  0.5         0.60501855  0.18935821]
at minimum 0.1333 accepted 1  with params [-4.08085053  0.58165642  0.48239639  0.5         0.37943402]
at minimum 0.0928 accepted 1  with params [-4.03793393e+00  5.15820260e-01  4.99999922e-01  9.52815818e-01
  4.64565337e-21]
at minimum 0.1693 accepted 1  with params [-4.00302004  0.60520143  0.01015227  0.79838837  0.        ]
at minimum 0.1636 accepted 1  with params [-4.27403953  0.99        0.01000076  0.68083226  0.14006259]
at minimum 0.1345 accepted 1  with params [-4.42835024e+00  5.67613777e-01  4.23741951e-01  6.06487818e-01
  9.44481332e-08]
at minimum 0.1430 accepted 1  with params [-4.25220398e+00  7.09235615e-01  5.00000000e-01  5.00000000e-01
  1.74754756e-13]
at minimum 0.1641 accepted 1  with params [-4.41535587e+00  7.74544710e-01  4.99127365e-02  5.00000000e-01
  2.18453333e-15]
at minimum 0.1616 accepted 1  with params [-4.50039145  0.56733674  0.01        0.5         0.28259772]
at minimum 0.1615 accepted 1  with params [-4.50667851  0.23552662  0.01000012  0.50000015  0.73206436]
at minimum 0.1687 accepted 1  with params [-4.23702997  0.66235296  0.01        0.5         0.95107562]
at minimum 0.1540 accepted 1  with params [-3.92061459  0.47515472  0.23991098  0.5         0.67225478]
at minimum 0.1235 accepted 1  with params [-3.98605459  0.54523463  0.5         0.5         0.47709709]
at minimum 0.1458 accepted 1  with params [-4.30389372  0.62500233  0.5         0.50000003  0.77064424]
at minimum 0.1573 accepted 1  with params [-4.02092644  0.43362196  0.21819338  0.5         0.34373514]
at minimum 0.1454 accepted 1  with params [-3.75396104  0.72233796  0.21497919  0.5000469   0.33009737]
at minimum 0.1707 accepted 1  with params [-3.61224431  0.99        0.01        0.5         0.        ]
at minimum 59442392404648085532595008349291495505832853167407104.0000 accepted 0  with params [-3.38251961  0.99        0.05580076  0.5         0.        ]
at minimum 100000000000000000000.0000 accepted 0  with params [-3.33349695  0.93218483  0.3544287   0.5         0.        ]
at minimum 0.1607 accepted 1  with params [-4.0424069   0.99        0.09703961  0.83881206  0.30211626]
at minimum 0.1701 accepted 1  with params [-3.82154614  0.72310775  0.01        0.67256494  0.78599445]
at minimum 0.1238 accepted 1  with params [-4.29025149  0.31268076  0.40874742  0.95246727  0.63433013]
at minimum 0.1716 accepted 1  with params [-3.80391841  0.48857196  0.04853674  0.5         0.46439485]
at minimum 48394357917.2357 accepted 0  with params [-3.43757837  0.30842141  0.33140242  0.5         0.15415172]
at minimum 0.0395 accepted 1  with params [-3.38070437  0.55294409  0.48890617  0.5         0.76510835]
at minimum 0.0964 accepted 1  with params [-3.33706037  0.50828357  0.37226161  0.5         1.01920842]
at minimum 0.1372 accepted 1  with params [-3.81968737  0.96898469  0.25818009  0.5589638   1.23853605]
at minimum 0.1258 accepted 1  with params [-3.53625259  0.99        0.19463088  0.50000074  1.34281295]
at minimum 0.1287 accepted 1  with params [-3.65200495  0.50595393  0.5         0.5         1.45385699]
at minimum 0.1342 accepted 1  with params [-3.95528386  0.30717057  0.49999997  0.5         0.9839237 ]
at minimum 0.1262 accepted 1  with params [-4.33058519  0.6532358   0.44751282  0.78342141  0.75902514]
at minimum 0.1498 accepted 1  with params [-4.08304665  0.29631782  0.41096207  0.5         0.95570925]
at minimum 0.1696 accepted 0  with params [-4.24001723e+00 -1.41529416e-03  1.00000000e-02  5.00000000e-01
  8.31070982e-01]
at minimum 0.1665 accepted 1  with params [-4.14941396  0.09977422  0.30993544  0.5         1.25271191]
at minimum 0.1742 accepted 0  with params [-3.88144758 -0.1         0.01        0.50000007  1.7449723 ]
at minimum 0.1314 accepted 1  with params [-3.99704302 -0.1         0.5         0.50808825  0.78456873]
at minimum 0.1424 accepted 1  with params [-4.20974563 -0.1         0.48884792  0.51519957  0.48570932]
at minimum 0.1392 accepted 1  with params [-4.1313895   0.31230427  0.29621517  0.76189434  0.3863998 ]
at minimum 0.1329 accepted 1  with params [-4.26861148  0.28484611  0.5         0.57846994  0.5644001 ]
at minimum 0.1529 accepted 1  with params [-4.42020724 -0.1         0.14827326  0.5         0.12599317]
at minimum 0.1729 accepted 1  with params [-3.98641374  0.02091653  0.03159303  0.50000006  0.06827797]
at minimum 0.1657 accepted 1  with params [-3.9610653  -0.1         0.11654529  0.5         0.        ]
at minimum 0.1749 accepted 1  with params [-3.86677327 -0.1         0.01        0.5         0.36218363]
at minimum 0.0998 accepted 1  with params [-3.67543512 -0.1         0.39512919  0.5         0.54331489]
at minimum 0.1728 accepted 1  with params [-3.79349565 -0.1         0.03874445  0.5         0.67720628]
at minimum 0.1730 accepted 1  with params [-4.02422393 -0.1         0.01000018  0.50000036  0.84483977]
at minimum 0.1612 accepted 1  with params [-4.33943587  0.39961962  0.01        0.98687384  0.63488312]
at minimum 0.1400 accepted 1  with params [-4.06627612  0.83635664  0.28976495  1.1         0.21086904]
at minimum 0.1789 accepted 1  with params [-4.07336188e+00  4.78216190e-01  1.00000000e-02  1.10000000e+00
  1.72666302e-05]
at minimum 0.1503 accepted 1  with params [-4.51426277  0.59233138  0.01        0.95368182  0.54606967]
at minimum 0.1325 accepted 1  with params [-4.77090754  0.77101272  0.01        1.1         0.31846592]
at minimum 0.1207 accepted 1  with params [-4.91575273  0.99        0.01        0.91265246  0.31473614]
at minimum 0.1618 accepted 1  with params [-4.48667728  0.99        0.01        0.5         0.77317104]
at minimum 0.1665 accepted 1  with params [-4.35834563  0.98999923  0.01000034  0.50000042  0.61547602]
at minimum 0.1625 accepted 1  with params [-4.44533732  0.72684472  0.01000004  0.51929481  0.6083633 ]
at minimum 0.1340 accepted 1  with params [-4.29257932  0.90318067  0.43222467  0.5951998   0.81813485]
at minimum 0.0609 accepted 1  with params [-3.76554657  0.85812303  0.49275988  1.08841489  1.05340492]
at minimum 0.0727 accepted 1  with params [-3.85110228  0.70605658  0.5         1.08029293  1.096322  ]
at minimum 0.1784 accepted 1  with params [-4.10025699  0.22245851  0.49999994  0.9370846   1.57231287]
at minimum 0.1579 accepted 1  with params [-3.55420784  0.19976293  0.5         0.81558754  1.57625406]
at minimum 0.0643 accepted 1  with params [-3.76847463  0.71540774  0.5         1.1         1.2571253 ]
at minimum 0.1521 accepted 1  with params [-4.14326998  0.4521356   0.0154195   0.93178877  1.65254622]
at minimum 0.1179 accepted 1  with params [-4.62318641  0.81069741  0.26986722  1.05045614  1.13027761]
at minimum 0.1061 accepted 1  with params [-4.55827756  0.98999937  0.49999986  1.09999984  1.58755979]
at minimum 0.1299 accepted 1  with params [-4.28443698  0.66218714  0.5         1.1         1.86413681]
at minimum 0.1340 accepted 1  with params [-4.70350526  0.58924234  0.01        1.1         1.52210809]
at minimum 0.1359 accepted 1  with params [-4.53694285  0.7983763   0.01000031  0.86668439  1.74161616]
at minimum 0.1384 accepted 1  with params [-4.22432894  0.86814509  0.08234772  1.1         1.76707783]
at minimum 0.1697 accepted 1  with params [-4.18275255  0.51767362  0.46909163  0.77261933  2.17684477]
at minimum 0.1698 accepted 1  with params [-4.18900873  0.47813895  0.49999947  0.50000063  1.79143509]
at minimum 0.1347 accepted 1  with params [-3.84334022  0.99        0.27653223  0.5         1.45884578]
at minimum 0.1214 accepted 1  with params [-4.25445962  0.99        0.44955876  0.77963855  1.07813768]
at minimum 0.0568 accepted 1  with params [-3.77849127  0.98999556  0.49999728  0.89187437  0.66654858]
at minimum 0.0657 accepted 1  with params [-3.65875801  0.68405276  0.33754688  1.1         0.42580357]
at minimum 0.0513 accepted 1  with params [-3.72785619  0.32900336  0.5         1.1         0.        ]
at minimum 0.0376 accepted 1  with params [-3.55619026e+00  6.92602545e-02  2.47961466e-01  8.91357077e-01
  1.60441688e-14]
at minimum 0.0575 accepted 1  with params [-3.78152659  0.19508412  0.43941952  1.1         0.        ]
at minimum 0.1640 accepted 1  with params [-4.29238841  0.39775253  0.01736295  0.61713718  0.04184089]
at minimum 0.0623 accepted 1  with params [-3.83220795  0.09971488  0.49568995  0.89009999  0.42791189]
at minimum 3.4537 accepted 0  with params [-3.31700252 -0.1         0.25212522  1.1         0.43335945]
at minimum 0.0426 accepted 1  with params [-3.6130194  -0.1         0.5         0.97900921  0.82586302]
at minimum 0.1267 accepted 1  with params [-3.44247393  0.09066697  0.5         0.5         1.32998333]
at minimum 0.0374 accepted 1  with params [-3.53686616  0.476344    0.5         0.79131891  0.86069722]
at minimum 0.1559 accepted 1  with params [-3.83563098 -0.01644382  0.37345414  0.60168703  1.20011924]
at minimum 0.1253 accepted 1  with params [-3.58413235 -0.1         0.39880026  0.59695949  1.06499888]
at minimum 0.1630 accepted 0  with params [-4.12675055 -0.1         0.01000028  0.99624317  1.3383484 ]
at minimum 0.1887 accepted 1  with params [-3.1325458   0.12473262  0.12038001  0.5         1.09405414]
at minimum 0.0365 accepted 1  with params [-3.15199908  0.66555468  0.5         0.50000169  1.35877306]
at minimum 0.1931 accepted 1  with params [-3.11390586  0.91130813  0.5         0.5         1.61422375]
at minimum 0.0326 accepted 1  with params [-3.27803933  0.99        0.07807655  0.5         1.81225038]
at minimum 0.1203 accepted 1  with params [-3.406245    0.76137038  0.25835388  0.78441602  1.53489125]
at minimum 0.0297 accepted 1  with params [-3.75087855  0.99        0.15274127  0.58776943  1.81899908]
at minimum 0.1630 accepted 1  with params [-3.64276409  0.99        0.01        0.62033339  1.25259133]
at minimum 0.1614 accepted 1  with params [-3.72126546  0.66695436  0.01        0.52845343  1.6914775 ]
at minimum 0.0553 accepted 1  with params [-3.454786    0.99        0.36789743  0.68748182  1.10849571]
at minimum 0.1545 accepted 1  with params [-3.69243465  0.99        0.01000031  0.50000037  1.45186457]
at minimum 0.1700 accepted 1  with params [-3.79931076  0.99        0.01        0.62419874  0.86427927]
at minimum 0.1061 accepted 1  with params [-4.17279086  0.99        0.49999998  0.97432557  0.74652128]
at minimum 0.1179 accepted 1  with params [-4.21933204  0.99        0.48244744  1.1         0.25176901]
at minimum 0.1359 accepted 1  with params [-4.82882924  0.99        0.01        0.6292138   0.14813757]
at minimum 0.1298 accepted 1  with params [-4.92171846  0.99        0.4999995   0.5         0.42565135]
at minimum 0.0704 accepted 1  with params [-5.35432003  0.99        0.5         0.70085921  0.40140921]
at minimum 0.1261 accepted 1  with params [-4.80008378e+00  8.19579411e-01  9.04024834e-02  7.48311928e-01
  2.61883092e-34]
at minimum 0.1539 accepted 1  with params [-4.39032526  0.99        0.36981182  0.50000493  0.        ]
at minimum 0.1448 accepted 1  with params [-4.51089586  0.99        0.5         0.50000002  0.20996705]
at minimum 0.1214 accepted 1  with params [-4.38075837  0.99        0.5         0.91134538  0.50922707]
at minimum 0.1307 accepted 1  with params [-4.02776379  0.40663497  0.5         0.5         0.83007786]
at minimum 0.1421 accepted 1  with params [-3.86120656 -0.1         0.5         0.5         1.11210926]
at minimum 0.1223 accepted 1  with params [-4.42080751 -0.08431732  0.5         0.86625425  0.61129919]
at minimum 0.0899 accepted 1  with params [-4.60749183 -0.1         0.26129619  0.6781491   0.75136888]
at minimum 0.0794 accepted 1  with params [-4.50715402 -0.09999998  0.37929948  1.09999981  1.06346758]
at minimum 0.0610 accepted 1  with params [-5.08849491 -0.1         0.49999992  1.1         1.44992214]
at minimum 0.1319 accepted 1  with params [-4.6409003   0.27988726  0.07086874  0.76257843  1.11861896]
at minimum 0.1397 accepted 1  with params [-4.86759288 -0.08759911  0.03866644  0.5         0.53041518]
at minimum 0.1698 accepted 1  with params [-5.31872945 -0.09999834  0.01        0.50000092  0.44101402]
at minimum 0.0813 accepted 1  with params [-4.77196631 -0.05245738  0.29998442  0.5         0.93351259]
at minimum 0.1539 accepted 1  with params [-4.67963179  0.14236417  0.01        0.50000055  1.08827322]
at minimum 0.0835 accepted 1  with params [-4.94126428  0.11398539  0.07720787  1.1         0.8186115 ]
at minimum 0.0232 accepted 1  with params [-4.91401872  0.27743039  0.28466344  1.09999991  0.53070667]
at minimum 0.0768 accepted 1  with params [-4.51820888 -0.09999983  0.49999952  1.09999962  0.07349108]
at minimum 0.1502 accepted 1  with params [-4.44609215  0.00609946  0.07428607  0.64862912  0.32130655]
at minimum 0.1450 accepted 1  with params [-4.17162578  0.49187288  0.38505624  0.5         0.20347647]
at minimum 0.1382 accepted 1  with params [-4.18938775  0.33161545  0.5         0.5         0.33191499]
at minimum 0.1648 accepted 1  with params [-4.22368203  0.10340759  0.01        0.89326593  0.11766072]
at minimum 0.1470 accepted 1  with params [-4.58906034  0.47758425  0.01        1.09999941  0.31277621]
at minimum 0.1687 accepted 1  with params [-4.12159221  0.75800503  0.01        0.60312071  0.40437773]
at minimum 0.1429 accepted 1  with params [-4.06957892  0.73207267  0.26903153  0.72175355  0.84291294]
at minimum 0.1673 accepted 1  with params [-4.22361002  0.99        0.01        0.50000102  1.12446072]
at minimum 0.1435 accepted 1  with params [-3.93076667  0.8963526   0.31836853  0.5         1.16655665]
at minimum 0.1199 accepted 1  with params [-4.43294717  0.31088202  0.49999971  0.72549694  0.55486327]
at minimum 0.1143 accepted 1  with params [-4.97612715  0.78222847  0.2107284   0.5         0.65408848]
at minimum 0.0563 accepted 1  with params [-5.28670141  0.56886858  0.5         0.5         1.03137245]
at minimum 0.0562 accepted 1  with params [-4.81514122  0.67721794  0.49999998  0.95334327  1.16989483]
at minimum 0.1224 accepted 1  with params [-4.72577604  0.99        0.5         0.59825761  1.54699872]
at minimum 0.1287 accepted 1  with params [-4.84317086  0.98341554  0.5         0.5         1.51343329]
at minimum 0.0615 accepted 1  with params [-5.16169778  0.40434466  0.19321889  0.75039264  1.12086661]
at minimum 0.0722 accepted 1  with params [-5.38468957  0.65580898  0.24025386  0.75062624  1.07916762]
at minimum 0.0563 accepted 1  with params [-5.88917441  0.97842625  0.07374958  1.09999969  1.53618809]
at minimum 0.0527 accepted 1  with params [-5.4881751   0.99        0.21809957  0.98085408  1.0385372 ]
at minimum 0.0519 accepted 1  with params [-5.8522361   0.99        0.4999996   1.1         1.57100076]
at minimum 0.0313 accepted 1  with params [-6.          0.98999952  0.128276    0.87164601  1.58339093]
at minimum 0.0764 accepted 1  with params [-5.51907543  0.99        0.01        0.5         2.1466648 ]
at minimum 0.1347 accepted 1  with params [-6.          0.81974723  0.01        0.94826613  2.47161146]
at minimum 0.1785 accepted 1  with params [-6.          0.22574933  0.01        0.89842791  2.13954198]
at minimum 0.1975 accepted 1  with params [-5.90003344 -0.1         0.01        0.87910939  1.5112392 ]
at minimum 0.1761 accepted 1  with params [-6.          0.16501018  0.01        1.1         1.72737883]
at minimum 0.1308 accepted 1  with params [-5.58743433  0.74169219  0.01        0.82144308  2.00959911]
at minimum 0.0429 accepted 1  with params [-6.          0.99        0.01        0.57301103  1.54603602]
at minimum 0.0387 accepted 1  with params [-5.65035439  0.99        0.33104235  0.91784449  1.8585267 ]
at minimum 0.0532 accepted 1  with params [-6.          0.99        0.01000021  0.5         2.26168113]
at minimum 0.1537 accepted 1  with params [-6.          0.57193385  0.36997473  0.5         2.56550215]
at minimum 0.0509 accepted 1  with params [-6.          0.99        0.02846016  0.5         2.82976214]
at minimum 0.0448 accepted 1  with params [-5.42129069  0.99        0.26906486  0.51141554  3.09140893]
at minimum 0.0862 accepted 1  with params [-5.72195201  0.99        0.49999986  1.09999983  3.51249965]
at minimum 0.0594 accepted 1  with params [-5.06719191  0.97649743  0.07266674  1.09999971  3.39046476]
at minimum 0.0262 accepted 1  with params [-5.41169594  0.99        0.03614479  0.78582024  3.87062444]
at minimum 0.1450 accepted 1  with params [-6.          0.79044101  0.01        1.1         3.34254308]
at minimum 0.1729 accepted 1  with params [-5.58475245  0.25173278  0.01        1.09999989  3.16454294]
at minimum 0.0958 accepted 1  with params [-4.97911701  0.92721468  0.01        1.00843658  2.48892145]
at minimum 0.1619 accepted 0  with params [-4.3944601   0.57811801  0.01000022  1.09716522  2.69504337]
at minimum 0.0592 accepted 1  with params [-4.97878847  0.9899998   0.01        1.09999989  2.42632585]
at minimum 0.0609 accepted 1  with params [-5.29223269  0.78542511  0.36414043  1.1         2.7060812 ]
at minimum 0.1561 accepted 1  with params [-5.48592575  0.45304031  0.12636524  1.07322786  3.28722643]
at minimum 0.1658 accepted 1  with params [-5.27757914  0.64968555  0.01        0.79195951  3.60044058]
at minimum 0.2052 accepted 1  with params [-5.14906591  0.03560353  0.46227356  1.1         3.97025475]
at minimum 0.2081 accepted 1  with params [-5.28665918 -0.08131288  0.5         0.98351094  3.76667284]
at minimum 0.1696 accepted 1  with params [-5.73975127 -0.1         0.25457228  1.09999995  3.1601753 ]
at minimum 0.2150 accepted 1  with params [-6.         -0.1         0.01000049  0.50000195  3.37518895]
at minimum 0.1942 accepted 1  with params [-5.55833244 -0.1         0.01        0.70107719  2.74463654]
at minimum 0.1580 accepted 1  with params [-5.62067613 -0.0999981   0.17186857  1.02077003  2.76922113]
at minimum 0.1985 accepted 1  with params [-5.12458974 -0.1         0.49999989  0.50000013  3.41588506]
at minimum 0.2199 accepted 1  with params [-5.39687405 -0.1         0.05239336  0.5         3.50756179]
at minimum 0.2005 accepted 1  with params [-5.929577   -0.09999971  0.5         0.5         3.70917932]
at minimum 0.1911 accepted 1  with params [-6.          0.20674618  0.05458136  0.66077161  3.33474584]
at minimum 0.1436 accepted 1  with params [-5.82056654  0.5431255   0.49999944  0.50000005  3.14257049]
at minimum 0.0880 accepted 1  with params [-5.91003119  0.95199898  0.4236202   0.62466129  3.4444869 ]
at minimum 0.1184 accepted 1  with params [-6.          0.87112308  0.5         0.69095512  3.58837796]
at minimum 0.0484 accepted 1  with params [-6.          0.99        0.01001813  0.5         3.1323856 ]
at minimum 0.0724 accepted 1  with params [-6.          0.99        0.01        1.09999933  3.59754633]
at minimum 0.1513 accepted 1  with params [-5.9939208   0.76240131  0.07617626  1.1         3.93011972]
at minimum 0.1614 accepted 1  with params [-5.33343541  0.70021629  0.01        0.81849024  3.81009209]
at minimum 0.1537 accepted 1  with params [-5.88129268  0.83205426  0.01        0.64028663  3.99999984]
at minimum 0.1785 accepted 1  with params [-6.          0.22724819  0.08071398  1.1         3.55396881]
at minimum 0.1632 accepted 1  with params [-5.51344915  0.57447902  0.01        1.1         3.87366545]
at minimum 0.0333 accepted 1  with params [-4.57981288  0.99        0.5         0.54427042  3.28114426]
at minimum 0.0359 accepted 1  with params [-4.78545432  0.99        0.31777854  0.5         3.18777929]
at minimum 0.0661 accepted 1  with params [-4.70429404  0.99        0.37898846  0.87787465  2.76093906]
at minimum 0.1622 accepted 1  with params [-4.97637361  0.55232716  0.01        1.1         3.06990317]
at minimum 0.0249 accepted 1  with params [-5.18155051  0.99        0.01        0.70609544  3.62721012]
at minimum 0.0627 accepted 1  with params [-5.81405872  0.98786178  0.01066547  1.1         3.98923893]
at minimum 0.0304 accepted 1  with params [-6.          0.99        0.26250785  0.84541187  4.        ]
at minimum 0.0716 accepted 1  with params [-6.          0.99        0.5         1.1         3.36551677]
