./../runners.py:306: RuntimeWarning: invalid value encountered in multiply
  model_input = self.k*x_tm1
./../dsp_utils.py:9: RuntimeWarning: invalid value encountered in double_scalars
  self.state = 1./self.tau*x + (1-1./self.tau)*self.state
at minimum 0.0111 accepted 1  with params [-3.68298961  0.84518715  0.10090607  0.88580326 -4.        ]
at minimum 37217278592370929118404891939756329572566441777726159946979999744.0000 accepted 0  with params [-3.2008688   0.62671947  0.01        0.50000001 -3.59756784]
at minimum 0.0434 accepted 1  with params [-3.62093503  1.12207095  0.34697877  1.04868141 -3.99999967]
at minimum 0.2641 accepted 1  with params [-3.34095223  1.08199171  0.49999992  1.09911806 -3.99999955]
at minimum 332707051959022854819327845455306867264535983487451136.0000 accepted 0  with params [-3.          1.14976618  0.11947864  0.69570283 -4.        ]
at minimum 0.1076 accepted 1  with params [-3.6910163   1.09929453  0.46158948  1.09999866 -3.50625581]
at minimum 0.0232 accepted 1  with params [-3.20338766  0.74008552  0.5         0.70052784 -3.73140943]
at minimum 0.0342 accepted 1  with params [-3.64038102  1.11847067  0.07716832  1.01608271 -3.7773533 ]
at minimum 3396436593767.5405 accepted 0  with params [-3.46533381  1.61628862  0.01        1.08347276 -3.86427042]
at minimum 0.0600 accepted 1  with params [-3.53122287  1.45955842  0.01000076  0.8165092  -3.52161275]
at minimum 0.0276 accepted 1  with params [-3.09745635  1.11679825  0.33745598  0.5        -3.26704786]
at minimum 0.0477 accepted 1  with params [-3.5420665   0.77614913  0.4999995   0.6351193  -3.02737769]
at minimum 0.0514 accepted 1  with params [-3.84984167  0.97711023  0.06127493  0.6935811  -2.85994846]
at minimum 0.0666 accepted 1  with params [-3.84687222  0.49789804  0.01000004  0.50000004 -2.96308892]
at minimum 0.0179 accepted 1  with params [-3.79316395  0.82486879  0.22255496  0.5        -2.5456653 ]
at minimum 0.0785 accepted 0  with params [-4.28195444  1.28136688  0.01000002  0.5        -2.32026034]
at minimum 173646.0750 accepted 0  with params [-3.34795135  0.53303783  0.01        0.50000001 -2.15910039]
at minimum 0.0665 accepted 1  with params [-3.83943961  0.54251097  0.01        0.50000034 -2.73142916]
at minimum 0.0519 accepted 1  with params [-3.98017525  0.38055478  0.11815923  0.65788784 -2.78400816]
at minimum 0.0268 accepted 1  with params [-4.08344319  0.5238588   0.21842961  0.5        -2.45793584]
at minimum 0.0662 accepted 1  with params [-4.00639531  0.66670233  0.01        0.5        -2.36050776]
at minimum 0.0703 accepted 1  with params [-4.18389666  0.95555762  0.01000066  0.54453993 -2.70012417]
at minimum 0.0710 accepted 1  with params [-3.77762961  1.16076808  0.01        0.50000005 -2.44069379]
at minimum 0.0267 accepted 1  with params [-3.51184749  1.37741401  0.44708096  0.5        -2.60467092]
at minimum 0.0507 accepted 1  with params [-3.87569539  1.0331507   0.04643496  0.90608711 -2.71244281]
at minimum 0.0237 accepted 1  with params [-3.92052318  0.99930226  0.37250151  0.89970257 -3.14205146]
at minimum 0.0369 accepted 1  with params [-3.84963591  1.09375955  0.1126945   0.87981126 -3.11860285]
at minimum 0.0323 accepted 1  with params [-4.18043972  1.4119762   0.5         0.56262899 -3.01399017]
at minimum 0.0202 accepted 1  with params [-4.07038098  1.4495896   0.46449012  0.81724102 -3.35002754]
at minimum 0.0218 accepted 1  with params [-4.2442162   1.77136712  0.5         0.93121112 -3.48568127]
at minimum 0.0767 accepted 1  with params [-3.91093072  1.60128582  0.02011994  0.50000081 -3.32258273]
at minimum 0.0288 accepted 1  with params [-4.08643116  1.21747668  0.49786826  0.5        -3.47097137]
at minimum 0.0422 accepted 1  with params [-3.87643437  1.65182705  0.4240734   0.5        -3.54055845]
at minimum 0.0225 accepted 1  with params [-4.01835287  1.53712258  0.5         0.72630985 -3.97491016]
at minimum 0.0228 accepted 1  with params [-3.84875941  2.          0.5         0.85185803 -3.67993908]
at minimum 0.0380 accepted 1  with params [-3.76967733  1.80225088  0.4059529   0.56414019 -4.        ]
at minimum 0.0424 accepted 1  with params [-3.82738257  1.78955913  0.41586242  0.52185429 -3.99999761]
at minimum 0.0655 accepted 1  with params [-4.26240642  1.74166013  0.23064277  0.55363406 -4.        ]
at minimum 0.0224 accepted 1  with params [-3.85332263  1.42877641  0.25464854  0.97180797 -3.51700306]
at minimum 0.0245 accepted 1  with params [-3.62626192  1.13986318  0.28096355  1.09999944 -3.46000675]
at minimum 0.1893 accepted 0  with params [-3.79846819  0.92252588  0.43589596  1.0999998  -2.96416201]
at minimum 0.0470 accepted 1  with params [-3.73159307  1.46024037  0.5         1.1        -3.04317144]
at minimum 0.0198 accepted 1  with params [-4.17122682  1.16573596  0.5         0.65623917 -3.51681121]
at minimum 0.0557 accepted 1  with params [-3.67944001  1.21710623  0.09135693  0.51605472 -3.56905318]
at minimum 12945442804433082.0000 accepted 0  with params [-3.4333646   1.48526485  0.01000037  0.50000045 -3.23600394]
at minimum 0.0301 accepted 1  with params [-3.3363344   1.04002258  0.20634274  0.5        -3.80107519]
at minimum 0.4133 accepted 1  with params [-3.          0.84958476  0.5         0.87919294 -4.        ]
at minimum 0.1023 accepted 1  with params [-3.07671575  1.0658145   0.5         0.78018757 -4.        ]
at minimum 0.0176 accepted 1  with params [-3.47448861  0.64301674  0.5         0.59712229 -3.52165272]
at minimum 0.0462 accepted 1  with params [-3.48190637  0.75155612  0.13271424  0.75192808 -3.9454064 ]
at minimum 0.0442 accepted 1  with params [-3.43041147  0.99409677  0.5         0.52549167 -3.999999  ]
