at minimum 0.1913 accepted 1  with params [-4.49999802  0.40000078  0.05000058  1.00000013]
at minimum 0.1051 accepted 1  with params [-4.59203207  0.40185115  0.5         0.68744194]
at minimum 0.0953 accepted 1  with params [-4.18025935  0.36021852  0.17572903  0.96455185]
at minimum 0.1726 accepted 1  with params [-4.22371724  0.31232642  0.32729432  1.09999787]
at minimum 0.2106 accepted 1  with params [-4.2427897   0.26601178  0.37716611  1.1       ]
at minimum 0.1559 accepted 1  with params [-3.74320977  0.57878733  0.49999908  1.09999868]
at minimum 0.1865 accepted 1  with params [-3.6223659   0.98309828  0.5         0.77588916]
at minimum 0.0921 accepted 1  with params [-3.53450851  0.55842142  0.5         0.7751094 ]
at minimum 0.2424 accepted 0  with params [-3.23419276  0.99        0.19529632  0.5744636 ]
at minimum 0.1172 accepted 1  with params [-3.16024053  0.12976545  0.49999742  0.50000301]
at minimum 0.0880 accepted 1  with params [-3.56807943  0.59016925  0.4999999   0.77420151]
at minimum 0.2558 accepted 1  with params [-3.40706558  0.14318193  0.37391487  1.1       ]
at minimum 0.2179 accepted 1  with params [-3.02062637 -0.05872858  0.01        1.07265054]
at minimum 0.1836 accepted 1  with params [-3.31593271  0.32341952  0.35379973  1.09999994]
at minimum 0.3538 accepted 1  with params [-3.31822049 -0.09091877  0.49999976  1.1       ]
at minimum 0.1679 accepted 1  with params [-3.00001177 -0.1         0.47471422  0.71501716]
at minimum 0.1700 accepted 1  with params [-3.00000472 -0.09999829  0.5         0.7144789 ]
at minimum 0.1871 accepted 1  with params [-3.47787577 -0.1         0.08063524  0.80649938]
at minimum 0.2191 accepted 1  with params [-3.48692416 -0.1         0.0100001   1.1       ]
at minimum 0.2144 accepted 1  with params [-3.27210411  0.33700144  0.0100121   1.08548149]
at minimum 0.2142 accepted 1  with params [-3.28395061  0.51006383  0.01        1.05563551]
at minimum 0.2547 accepted 1  with params [-3.60613996  0.20518381  0.4930917   1.034174  ]
at minimum 0.2573 accepted 1  with params [-3.54512873 -0.09999626  0.01000159  0.59994896]
at minimum 0.2129 accepted 1  with params [-3.58579921  0.34041431  0.01000529  1.00235614]
at minimum 0.2224 accepted 1  with params [-3.11269991  0.23874421  0.01000202  0.86420334]
at minimum 0.2483 accepted 1  with params [-3.18644053 -0.05008404  0.01000282  0.66661107]
at minimum 0.2563 accepted 1  with params [-3.37028787 -0.09999424  0.01000259  0.60574088]
at minimum 0.2702 accepted 1  with params [-3.64080665 -0.09999999  0.01000013  0.50000015]
at minimum 0.1159 accepted 1  with params [-3.87380197 -0.05484189  0.29935003  0.75509056]
at minimum 0.2096 accepted 1  with params [-3.74308386  0.20123307  0.5         0.94323192]
at minimum 0.3360 accepted 1  with params [-4.18728409e+00 -1.84064618e-03  5.00000000e-01  1.10000000e+00]
at minimum 0.1026 accepted 1  with params [-3.96054015 -0.1         0.20460204  1.07265816]
at minimum 0.2820 accepted 1  with params [-3.90023814  0.23223928  0.49999903  1.09999882]
at minimum 0.2021 accepted 1  with params [-4.22423083  0.01026586  0.42832658  0.86680482]
at minimum 0.1057 accepted 1  with params [-4.10853421 -0.09999946  0.17420129  0.75651631]
at minimum 0.2968 accepted 0  with params [-4.50858455 -0.09999646  0.37165552  1.09159957]
at minimum 0.1097 accepted 1  with params [-4.52084092  0.12689794  0.12338011  1.08968317]
at minimum 0.1285 accepted 1  with params [-4.29602329  0.59680084  0.42014475  1.1       ]
at minimum 0.1026 accepted 1  with params [-4.00804378  0.54359522  0.5         0.82877503]
at minimum 0.1005 accepted 1  with params [-3.78975153  0.49264878  0.5         0.79198516]
at minimum 0.2840 accepted 1  with params [-3.96800688  0.25061976  0.5         1.1       ]
at minimum 0.1134 accepted 1  with params [-4.38278505 -0.06024034  0.11798359  1.0999993 ]
at minimum 0.2191 accepted 1  with params [-4.61106553 -0.1         0.01        1.09999908]
at minimum 0.1894 accepted 1  with params [-4.45038525 -0.09999883  0.25348825  1.09999928]
at minimum 0.1928 accepted 1  with params [-4.89230279  0.29060311  0.04359251  1.1       ]
at minimum 0.1886 accepted 1  with params [-4.87892825  0.67182444  0.08779737  1.1       ]
at minimum 0.2216 accepted 1  with params [-4.41060566  0.98999901  0.01000044  1.05633728]
at minimum 0.2137 accepted 1  with params [-4.77432926  0.99        0.23116098  1.1       ]
at minimum 0.0961 accepted 1  with params [-4.45888389  0.63818776  0.46483494  0.97353446]
at minimum 0.1013 accepted 1  with params [-4.48013438  0.5666823   0.3204038   1.1       ]
at minimum 0.1721 accepted 1  with params [-4.81585793  0.54845944  0.49999972  1.1       ]
at minimum 0.1842 accepted 1  with params [-4.47713669  0.49768411  0.47148906  1.09999709]
at minimum 0.1594 accepted 1  with params [-4.75228032  0.24204313  0.1792418   0.62233813]
at minimum 0.1478 accepted 1  with params [-4.368448   -0.09999732  0.28232884  0.90447705]
at minimum 0.2340 accepted 1  with params [-4.18422349 -0.09999694  0.5         0.86312748]
at minimum 0.2891 accepted 1  with params [-3.7265736   0.13210149  0.43515924  1.09999954]
at minimum 0.3440 accepted 1  with params [-3.5733534  -0.09999925  0.49999966  1.06031372]
at minimum 0.3283 accepted 1  with params [-3.56978074  0.11316331  0.5         1.1       ]
at minimum 0.2179 accepted 1  with params [-3.30499513 -0.00928079  0.01000024  1.09999991]
at minimum 0.2127 accepted 1  with params [-3.32290913  0.52050668  0.01000097  0.99119324]
at minimum 0.2170 accepted 1  with params [-3.          0.02471478  0.01        1.0500337 ]
at minimum 0.2170 accepted 1  with params [-3.          0.01428491  0.01        1.1       ]
at minimum 0.1713 accepted 1  with params [-3.00000334 -0.06890782  0.49999943  0.72507733]
at minimum 0.2365 accepted 1  with params [-3.01579636  0.47475169  0.09013885  0.54260078]
at minimum 0.2259 accepted 1  with params [-3.          0.25322357  0.01        0.8325403 ]
at minimum 0.2164 accepted 1  with params [-3.00000539  0.17646617  0.01        1.1       ]
at minimum 0.2163 accepted 1  with params [-3.20080136  0.47705203  0.01000051  1.09999937]
at minimum 0.2193 accepted 1  with params [-3.72718082  0.69677576  0.01000185  1.09999792]
at minimum 0.1046 accepted 1  with params [-3.53420391  0.51982107  0.32622347  1.1       ]
at minimum 0.1029 accepted 1  with params [-3.33661857  0.68149416  0.4731911   1.04678555]
at minimum 0.2030 accepted 0  with params [-3.30295397  0.99        0.32601105  1.1       ]
at minimum 0.2376 accepted 1  with params [-3.35828966  0.27992144  0.01000017  0.71414405]
at minimum 0.0989 accepted 1  with params [-3.00000048  0.64514637  0.23079279  1.1       ]
at minimum 0.2411 accepted 1  with params [-3.          0.37888628  0.5         1.1       ]
at minimum 0.2831 accepted 1  with params [-3.0543023   0.2225983   0.5         1.08568153]
at minimum 0.1363 accepted 1  with params [-3.00000906 -0.09999672  0.10301442  1.09999835]
at minimum 0.1463 accepted 1  with params [-3.51744777 -0.09999155  0.29320264  0.87080024]
at minimum 0.3448 accepted 1  with params [-3.32275298 -0.0852403   0.43866237  1.1       ]
at minimum 0.1255 accepted 1  with params [-3.33178781 -0.09999999  0.21451417  1.1       ]
at minimum 0.2245 accepted 1  with params [-3.00000991 -0.09999674  0.01000147  0.92473395]
at minimum 0.2031 accepted 1  with params [-3.496343    0.06366872  0.03231356  1.0999974 ]
at minimum 0.3492 accepted 1  with params [-3.79502807 -0.09999657  0.4793664   1.1       ]
at minimum 0.2187 accepted 1  with params [-3.66937968 -0.1         0.01        1.1       ]
at minimum 0.2158 accepted 1  with params [-3.44098135  0.19248273  0.01        1.1       ]
at minimum 0.2068 accepted 1  with params [-3.77841188  0.55209409  0.10135642  0.68426492]
at minimum 0.2655 accepted 1  with params [-4.10648306  0.25383872  0.01000125  0.5       ]
at minimum 0.2087 accepted 1  with params [-3.67110902 -0.02041542  0.13314365  0.50000097]
at minimum 0.2265 accepted 1  with params [-3.15068001  0.26414671  0.01        0.82005849]
at minimum 0.2696 accepted 0  with params [-3.61855492 -0.1         0.01        0.5       ]
at minimum 0.2196 accepted 1  with params [-3.08173409  0.68330056  0.01        1.1       ]
at minimum 0.2266 accepted 1  with params [-3.62912798  0.99        0.01        1.1       ]
at minimum 0.2205 accepted 1  with params [-3.07737186  0.77547224  0.0100008   1.09999899]
at minimum 0.1277 accepted 1  with params [-3.          0.23541409  0.2089779   0.65337566]
at minimum 0.1020 accepted 1  with params [-3.00000867  0.34336886  0.33278637  0.87355086]
at minimum 0.2051 accepted 1  with params [-3.43414806  0.67500882  0.08402742  0.76014348]
at minimum 0.2322 accepted 1  with params [-3.83522529  0.98999946  0.01        0.69034551]
at minimum 0.2618 accepted 1  with params [-3.91661262  0.61845293  0.01000017  0.50000021]
at minimum 0.2619 accepted 1  with params [-3.51375231  0.64759878  0.01000274  0.50000331]
at minimum 0.2534 accepted 1  with params [-3.20763419  0.54888949  0.05719344  0.50000167]
at minimum 0.1675 accepted 1  with params [-3.18486665  0.32434319  0.23320708  0.5       ]
at minimum 0.1211 accepted 1  with params [-3.          0.18942624  0.5         0.63181504]
at minimum 0.1898 accepted 1  with params [-3.19936271 -0.09999932  0.31932525  0.93880812]
at minimum 0.1748 accepted 1  with params [-3.80756108 -0.1         0.11166374  0.72981257]
at minimum 0.3177 accepted 1  with params [-4.32797845  0.0664272   0.5         1.09999561]
at minimum 0.2022 accepted 1  with params [-3.88281979  0.48377903  0.5         1.1       ]
at minimum 0.1171 accepted 1  with params [-3.46866396  0.71214893  0.22770684  1.09999997]
at minimum 0.0933 accepted 1  with params [-3.00000308  0.8444789   0.49999929  1.1       ]
at minimum 0.0787 accepted 1  with params [-3.03792294  0.61776077  0.37739021  0.89621427]
at minimum 0.2175 accepted 0  with params [-3.25674443  0.69311746  0.0100035   0.85146853]
at minimum 0.1941 accepted 1  with params [-3.13743058  0.38809779  0.49999802  1.0151808 ]
at minimum 0.0838 accepted 1  with params [-3.00000086  0.07254134  0.18774292  1.09999971]
at minimum 0.1182 accepted 1  with params [-3.          0.4686387   0.4612928   0.86605698]
at minimum 0.1030 accepted 1  with params [-3.00000322  0.50899386  0.49999946  0.61513707]
at minimum 0.2164 accepted 1  with params [-3.42346332  0.04506886  0.01000007  1.03886677]
at minimum 0.2308 accepted 1  with params [-3.00000013 -0.0857939   0.01        0.83137163]
at minimum 0.2149 accepted 1  with params [-3.14620945 -0.1         0.01597163  1.1       ]
at minimum 0.1567 accepted 1  with params [-3.65132838  0.34500198  0.09702432  1.1       ]
at minimum 0.2158 accepted 1  with params [-3.21924887  0.44971437  0.01        1.1       ]
at minimum 0.2220 accepted 1  with params [-3.22238483  0.7610401   0.01000011  1.1       ]
at minimum 0.1609 accepted 1  with params [-3.00000188  0.71448078  0.14741604  1.06711904]
at minimum 0.2470 accepted 1  with params [-3.          0.98998777  0.5         0.5       ]
at minimum 0.1896 accepted 1  with params [-3.          0.71015171  0.24329731  0.56666378]
at minimum 0.1180 accepted 1  with params [-3.51053862  0.20169004  0.38861328  0.5       ]
at minimum 0.1674 accepted 1  with params [-3.6273146  -0.09999921  0.10431768  0.81823335]
at minimum 0.2192 accepted 1  with params [-3.46742839 -0.1         0.01        1.02405676]
at minimum 0.2701 accepted 1  with params [-4.07598363 -0.09999997  0.01000001  0.50000001]
at minimum 0.1169 accepted 1  with params [-4.62917039  0.16566921  0.49999913  0.50000117]
at minimum 0.1181 accepted 1  with params [-4.62511385  0.10508657  0.49999984  0.5       ]
at minimum 0.2134 accepted 1  with params [-4.08261441  0.32588605  0.01        1.00340963]
at minimum 0.2224 accepted 1  with params [-3.95287387  0.82237713  0.01000005  1.09999998]
at minimum 0.2297 accepted 1  with params [-3.58612049  0.99        0.01000057  0.70457421]
at minimum 0.2525 accepted 1  with params [-3.31280268  0.77017137  0.01        0.55167071]
at minimum 0.1461 accepted 1  with params [-3.          0.73028046  0.31042088  0.67862117]
at minimum 0.1984 accepted 1  with params [-3.61440165  0.98999643  0.5         0.71018294]
at minimum 0.2566 accepted 1  with params [-3.94027219  0.98999969  0.16621459  0.50000017]
at minimum 0.2172 accepted 1  with params [-3.77892739  0.98999368  0.01000284  0.86996621]
at minimum 0.2158 accepted 1  with params [-3.16184645  0.54387798  0.01        1.04763974]
at minimum 0.1623 accepted 1  with params [-3.46811986  0.16258874  0.29912057  1.07975872]
at minimum 0.3536 accepted 1  with params [-3.00000256 -0.09999982  0.4999995   1.0999999 ]
at minimum 0.1752 accepted 1  with params [-3.29969502  0.27765711  0.07445074  1.1       ]
at minimum 0.1526 accepted 1  with params [-3.7789866   0.79389005  0.5         0.58218263]
at minimum 0.2122 accepted 1  with params [-3.61726691  0.98999574  0.28564463  1.1       ]
at minimum 0.1065 accepted 1  with params [-4.1600256   0.87890164  0.49999992  1.0999999 ]
at minimum 0.1386 accepted 1  with params [-4.57103657  0.74957551  0.29230807  0.74678721]
at minimum 0.2263 accepted 1  with params [-5.00046141  0.92881509  0.44658222  0.50000725]
at minimum 0.2445 accepted 1  with params [-5.33076158  0.98999862  0.49999938  0.5       ]
at minimum 0.2080 accepted 1  with params [-4.76181772  0.99        0.5         0.69327825]
at minimum 0.2272 accepted 1  with params [-5.27185356  0.9899998   0.02983229  1.09999929]
at minimum 0.0854 accepted 1  with params [-4.81255352  0.62837062  0.26991055  1.1       ]
at minimum 0.1342 accepted 1  with params [-4.37077441  0.54047283  0.5         0.98124303]
at minimum 0.0909 accepted 1  with params [-4.45605082  0.79102852  0.49999977  1.09999972]
