at minimum 0.0777 accepted 1  with params [-3.68299958  0.84520071  0.10090025  0.88580013 -3.99999753]
at minimum 0.0595 accepted 1  with params [-3.63418606  1.06039008  0.20366363  0.93068331 -4.        ]
at minimum 0.0152 accepted 1  with params [-4.66903102  1.16315346  0.04075245  1.1        -3.85410589]
at minimum 0.0148 accepted 1  with params [-4.32146884  1.26591683  0.04792714  1.1        -3.70821177]
at minimum 0.0145 accepted 1  with params [-4.10254519  1.36868021  0.01723404  1.1        -3.56231766]
at minimum 0.0133 accepted 1  with params [-3.94169511  1.16124573  0.01023968  1.09637572 -3.41642355]
at minimum 0.0143 accepted 1  with params [-3.72650581  1.26400911  0.05512289  1.02003049 -3.27052943]
at minimum 0.0137 accepted 1  with params [-3.51257576  1.36677249  0.02660576  0.76966777 -3.12463532]
at minimum 0.0947 accepted 1  with params [-3.29738639  1.46953586  0.5         0.5        -2.97874121]
at minimum 0.2102 accepted 1  with params [-3.08219702  1.57229924  0.5         0.5        -2.8328471 ]
at minimum 0.0413 accepted 1  with params [-5.99999999  1.67506261  0.5         1.1        -2.52303855]
at minimum 0.0404 accepted 1  with params [-5.78481063  1.77782599  0.5         1.0236548  -2.37714444]
at minimum 0.0402 accepted 1  with params [-5.56962061  1.88058937  0.5         0.94730962 -2.23125027]
at minimum 0.0396 accepted 1  with params [-5.33543623  1.98335274  0.5         0.87265106 -2.08356209]
at minimum 0.0389 accepted 1  with params [-5.12024687  2.          0.5         0.79630586 -1.93766798]
at minimum 0.0386 accepted 1  with params [-4.79109536  2.          0.5         0.75262913 -1.79114021]
at minimum 0.0387 accepted 1  with params [-4.68905616  2.          0.5         0.75247715 -1.66300083]
at minimum 0.0388 accepted 1  with params [-4.61007162  2.          0.5         0.75382307 -1.51773283]
at minimum 0.0398 accepted 1  with params [-4.39488226  2.          0.5         0.67747786 -1.37183872]
at minimum 0.0384 accepted 1  with params [-4.76306348  2.          0.5         1.09999998 -1.28094958]
at minimum 0.0394 accepted 1  with params [-4.54787411  2.          0.5         1.02365477 -1.13505547]
at minimum 0.0397 accepted 1  with params [-4.33268475  2.          0.5         0.71756048 -0.98916136]
at minimum 0.0414 accepted 1  with params [-4.11749538  2.          0.5         0.58883921 -0.84326724]
at minimum 0.0432 accepted 1  with params [-3.90342698  2.          0.5         0.5        -0.57304559]
at minimum 0.0472 accepted 1  with params [-3.69087653  2.          0.5         0.5        -0.42715148]
at minimum 0.0559 accepted 1  with params [-3.47568716  2.          0.5         0.5        -0.28125737]
at minimum 0.0818 accepted 1  with params [-3.26049779  2.          0.5         0.5        -0.12094039]
at minimum 0.0407 accepted 1  with params [-4.32940793  2.          0.5         0.59754087 -3.15747504]
at minimum 0.0423 accepted 1  with params [-4.11421847  2.          0.5         0.52119565 -3.01158093]
at minimum 0.0450 accepted 1  with params [-3.89902906  2.          0.5         0.5        -2.86568682]
at minimum 0.0503 accepted 1  with params [-3.68506973  2.          0.5         0.5        -2.7197927 ]
at minimum 0.0600 accepted 1  with params [-3.47994671  2.          0.5         0.5        -2.57387718]
at minimum 0.0873 accepted 1  with params [-3.26475734  2.          0.5         0.5        -2.42798307]
at minimum 0.2504 accepted 1  with params [-3.04956797  2.          0.5         0.5        -2.28208896]
at minimum 0.0398 accepted 1  with params [-5.83687075  2.          0.5         1.1        -1.97345267]
at minimum 0.0385 accepted 1  with params [-5.49752677  2.          0.5         1.1        -1.76865367]
at minimum 0.0383 accepted 1  with params [-5.28233741  2.          0.5         1.0236548  -1.62275955]
at minimum 0.0378 accepted 1  with params [-5.06714804  2.          0.5         0.9473096  -1.47686544]
at minimum 0.0377 accepted 1  with params [-4.85339506  2.          0.5         0.87474927 -1.22863394]
at minimum 0.0381 accepted 1  with params [-4.68478682  2.          0.5         0.80334639 -1.07778671]
at minimum 0.0387 accepted 1  with params [-4.6025618   2.          0.5         0.7328041  -0.93008156]
at minimum 0.0384 accepted 1  with params [-4.42328806  2.          0.5         0.88321896 -0.80773145]
at minimum 0.0401 accepted 1  with params [-4.20809867  2.          0.5         0.80687375 -0.66183733]
at minimum 0.0395 accepted 1  with params [-4.40078039  2.          0.5         0.71389539 -0.51594322]
at minimum 0.0380 accepted 1  with params [-4.20200686  2.          0.5         1.09999991 -0.27673901]
at minimum 0.0388 accepted 1  with params [-4.06360533  2.          0.5         0.8967651  -0.13403433]
at minimum 0.0389 accepted 1  with params [-3.99888961  2.          0.5         0.83617574  0.        ]
at minimum 0.0424 accepted 1  with params [-3.78370025  2.          0.5         0.60021292  0.        ]
at minimum 0.0479 accepted 1  with params [-3.56851088  2.          0.5         0.5         0.        ]
at minimum 0.0637 accepted 1  with params [-3.35332151  2.          0.5         0.5         0.        ]
at minimum 0.1507 accepted 1  with params [-3.11422222  2.          0.5         0.5         0.        ]
