./../runners.py:231: RuntimeWarning: invalid value encountered in multiply
  model_input = self.k*x_tm1
./../dsp_utils.py:9: RuntimeWarning: invalid value encountered in double_scalars
  self.state = 1./self.tau*x + (1-1./self.tau)*self.state
at minimum 0.1013 accepted 1  with params [-4.50000637  0.4000025   0.04999983  0.99999788  0.        ]
at minimum 0.0802 accepted 1  with params [-4.58347197  0.30380232  0.01        1.09999992  0.        ]
at minimum 0.3064 accepted 1  with params [-4.20705734e+00 -8.80771416e-02  1.65122858e-01  8.37237541e-01
  5.98562133e-14]
at minimum 0.2632 accepted 1  with params [-4.51034064e+00  2.89553785e-01  4.26089698e-01  1.09999934e+00
  4.41149159e-06]
at minimum 0.4553 accepted 1  with params [-4.06820912  0.19923396  0.02519914  0.93351925  0.        ]
at minimum 0.7469 accepted 1  with params [-4.11460384  0.66744697  0.01        1.1         0.10943189]
at minimum 0.0854 accepted 1  with params [-4.44228873  0.19650135  0.01        0.89446835  0.60258396]
at minimum 0.1212 accepted 1  with params [-4.23239831  0.11827182  0.0100005   0.92011215  0.95923161]
at minimum 0.2745 accepted 1  with params [-4.18483423  0.6139653   0.05947773  1.00413901  0.94350924]
at minimum 0.3622 accepted 1  with params [-4.16049393  0.31392019  0.24440691  0.80026288  0.62537405]
at minimum 0.2854 accepted 1  with params [-4.22513661  0.79938756  0.06076797  0.79096352  0.87592416]
at minimum 0.3171 accepted 1  with params [-4.28010722  0.75452871  0.01        1.08967131  0.87667406]
at minimum 0.0875 accepted 1  with params [-4.57951957  0.65152289  0.01        0.63491229  1.11234512]
at minimum 1.0563 accepted 1  with params [-4.30037328  0.99        0.13908606  0.98936975  0.73498854]
at minimum 0.5596 accepted 1  with params [-4.34600344  0.52851213  0.36280893  1.1         0.32577752]
at minimum 0.0781 accepted 1  with params [-4.7565231   0.52508668  0.01        1.1         0.58768269]
at minimum 0.2430 accepted 1  with params [-4.55904444  0.88379328  0.01        0.99343457  0.98187422]
at minimum 0.3461 accepted 1  with params [-4.34549384  0.85676386  0.19620337  0.83044708  0.67089778]
at minimum 1.4689 accepted 0  with params [-4.17853961  0.9560259   0.49999956  1.09999977  0.23019889]
at minimum 0.7724 accepted 0  with params [-4.34686762  0.99        0.49999981  0.76787943  0.50299335]
at minimum 1.3393 accepted 0  with params [-3.97710546  0.99        0.37954254  1.01713725  1.04467136]
at minimum 0.1323 accepted 1  with params [-4.48371183  0.55327862  0.37136874  0.5         0.88519484]
at minimum 0.0353 accepted 1  with params [-4.87062476  0.38619154  0.5         0.56714114  1.17005553]
at minimum 0.0296 accepted 1  with params [-4.8607646   0.47403994  0.43790856  0.80413593  1.41926517]
at minimum 0.0293 accepted 1  with params [-5.27876486  0.48853735  0.4050958   0.63753634  1.75600073]
at minimum 0.0270 accepted 1  with params [-5.22678287  0.27914794  0.32127206  0.76439138  1.30254068]
at minimum 0.0728 accepted 1  with params [-5.39282448  0.43426089  0.05468314  0.5         1.73063737]
at minimum 0.0674 accepted 1  with params [-5.58152607  0.4552743   0.01000002  0.76642319  1.6892431 ]
at minimum 0.0831 accepted 1  with params [-5.99558332  0.32369327  0.01000015  0.62757639  1.78281397]
at minimum 0.0815 accepted 1  with params [-5.6198995   0.03625778  0.01        0.83238999  2.24611624]
at minimum 0.0578 accepted 1  with params [-5.79315518 -0.05219124  0.4591216   0.85517701  2.68366188]
at minimum 0.0803 accepted 0  with params [-5.85280618 -0.1         0.32846927  0.92468702  3.00862223]
at minimum 0.0884 accepted 1  with params [-6.         -0.09999236  0.49999656  0.59301686  3.06322909]
at minimum 0.0756 accepted 1  with params [-5.56316266 -0.05454872  0.5         0.5         3.1014366 ]
at minimum 0.0983 accepted 1  with params [-5.83139422 -0.09999999  0.35373386  0.9033894   3.50848439]
at minimum 0.0321 accepted 1  with params [-5.8133565   0.33031008  0.5         1.1         3.16981717]
at minimum 0.0673 accepted 1  with params [-5.76125949 -0.1         0.5         1.1         3.31158538]
at minimum 0.0509 accepted 1  with params [-5.81396292  0.30397632  0.21491689  1.1         2.84498993]
at minimum 0.0863 accepted 1  with params [-6.          0.14773251  0.11854628  0.83814059  3.25304254]
at minimum 0.0806 accepted 1  with params [-6.          0.20743387  0.01        1.01492669  3.2607875 ]
at minimum 0.1095 accepted 1  with params [-6.         -0.08701944  0.01        1.1         3.34124353]
at minimum 0.1151 accepted 1  with params [-6.         -0.1         0.14594764  0.62619974  3.70414231]
at minimum 0.0552 accepted 1  with params [-6.          0.24984164  0.45095181  0.9467096   3.20809069]
at minimum 0.0537 accepted 1  with params [-5.74032949  0.71411185  0.2934049   1.1         3.32513589]
at minimum 0.4860 accepted 1  with params [-5.608745    0.99        0.37686376  0.85386125  3.46006101]
at minimum 0.6613 accepted 1  with params [-5.60674672  0.99        0.04477758  1.1         3.1832734 ]
at minimum 0.6668 accepted 1  with params [-5.80664213  0.98999919  0.49999964  1.09999956  3.13663141]
at minimum 0.1397 accepted 1  with params [-5.35983269  0.94683244  0.47288176  0.74576924  3.55594554]
at minimum 0.7062 accepted 0  with params [-5.42841895  0.99        0.5         1.01894724  3.62595041]
at minimum 0.0666 accepted 1  with params [-5.61318601  0.79869687  0.2412355   1.08559901  3.19284338]
at minimum 0.0504 accepted 1  with params [-6.          0.51640157  0.28949075  0.9942203   2.95220008]
at minimum 0.0915 accepted 1  with params [-5.69600146  0.29129391  0.01        0.53269906  3.42185619]
at minimum 0.0993 accepted 1  with params [-5.91088205  0.12867015  0.10746851  0.80231101  3.96246432]
at minimum 0.1115 accepted 1  with params [-6.         -0.1         0.5         0.57033957  3.96615341]
at minimum 0.1203 accepted 1  with params [-6.         -0.1         0.01        0.65904502  3.91702364]
at minimum 0.1130 accepted 1  with params [-6.         -0.1         0.01        0.5         3.37882805]
at minimum 0.1006 accepted 1  with params [-6.          0.19397625  0.01000022  0.5         3.88619806]
at minimum 0.0630 accepted 1  with params [-5.49630328  0.56764796  0.38541698  1.03057054  3.87793238]
at minimum 0.0790 accepted 1  with params [-5.97088837  0.4986524   0.49999955  0.54490352  3.99999613]
at minimum 0.4452 accepted 1  with params [-5.8726596   0.99        0.5         0.79322865  3.84602857]
at minimum 0.0765 accepted 1  with params [-6.          0.66385492  0.5         0.5000006   3.99999513]
at minimum 0.0832 accepted 1  with params [-6.          0.86957907  0.5         0.50000055  3.99999633]
at minimum 0.2752 accepted 1  with params [-5.54240591  0.99        0.43064956  0.5         3.68900448]
at minimum 0.0571 accepted 1  with params [-5.28363376  0.55899866  0.49999919  0.6437061   3.31731423]
at minimum 0.0843 accepted 1  with params [-5.37740448  0.85195658  0.01        0.50000014  2.83285684]
at minimum 0.0704 accepted 1  with params [-5.52618693  0.59931732  0.01        0.6619865   2.65783464]
at minimum 0.0291 accepted 1  with params [-5.3453079   0.18546154  0.5         0.64090526  2.29599533]
at minimum 0.0347 accepted 1  with params [-5.16840341 -0.06173797  0.5         0.5         2.00001474]
at minimum 0.0479 accepted 1  with params [-5.07003115 -0.1         0.49999996  0.89146385  1.69949132]
at minimum 0.0391 accepted 1  with params [-5.28553545  0.0309142   0.43558645  0.5         2.01248797]
at minimum 0.0791 accepted 1  with params [-5.11389526  0.1800353   0.01        0.5         2.3779953 ]
at minimum 0.0531 accepted 1  with params [-5.55812572 -0.04381321  0.5         0.58312224  2.64150798]
at minimum 0.0471 accepted 1  with params [-5.80127989  0.04513641  0.5         0.91371941  2.78706749]
at minimum 0.0930 accepted 1  with params [-5.99999999  0.03665456  0.01000026  0.8734553   2.46258946]
at minimum 0.0834 accepted 1  with params [-5.71240453 -0.1         0.19807044  0.70235298  2.60547631]
at minimum 0.0260 accepted 1  with params [-5.5938381   0.28886312  0.4999996   0.844945    2.22715221]
at minimum 0.0563 accepted 1  with params [-5.27021277  0.09549951  0.49999889  1.03010882  1.91863427]
at minimum 0.0318 accepted 1  with params [-5.15818808 -0.1         0.5         0.58644127  1.84943812]
at minimum 0.0797 accepted 1  with params [-5.55625099 -0.1         0.18193266  0.5         1.61885876]
at minimum 0.0450 accepted 1  with params [-5.41530884 -0.08928341  0.5         0.5         1.84002781]
at minimum 0.0568 accepted 1  with params [-5.4472058  -0.1         0.33123326  0.5         1.93428868]
at minimum 0.0812 accepted 1  with params [-5.67949373 -0.1         0.2754795   0.5         2.30585877]
at minimum 0.0884 accepted 1  with params [-5.48103452  0.02875687  0.01896011  0.5         2.20993026]
at minimum 0.0545 accepted 1  with params [-5.02316827  0.38379209  0.26829818  0.5         2.50528432]
at minimum 0.0368 accepted 1  with params [-5.16526857 -0.1         0.5         0.5         2.19278003]
at minimum 0.0247 accepted 1  with params [-4.84839953 -0.1         0.37931793  0.64599359  1.83927284]
at minimum 0.0754 accepted 1  with params [-5.24338794  0.35923651  0.01        0.50000033  1.59560959]
at minimum 0.0660 accepted 1  with params [-5.65012288  0.58433751  0.01        0.79228636  1.04225591]
at minimum 0.0782 accepted 1  with params [-5.35993341  0.26092824  0.01        0.5         0.86719254]
at minimum 0.1010 accepted 1  with params [-5.77924503 -0.1         0.01        0.5         0.74476783]
at minimum 0.0990 accepted 1  with params [-5.7326512  -0.08633031  0.01        0.5         1.03167804]
at minimum 0.1072 accepted 1  with params [-6.         -0.1         0.01        0.5         1.29300156]
at minimum 0.1075 accepted 1  with params [-6.         -0.1         0.01065878  0.5         1.38397792]
at minimum 0.0961 accepted 1  with params [-6.          0.13526818  0.01000109  0.50000133  1.18993681]
at minimum 0.0616 accepted 1  with params [-5.8307394   0.44247636  0.2054374   0.68114032  1.32939945]
at minimum 0.0794 accepted 1  with params [-5.52216041  0.37641539  0.01000003  0.5         1.13306878]
at minimum 0.0750 accepted 1  with params [-5.31474215  0.45977824  0.01        0.5         0.83492148]
at minimum 0.0792 accepted 1  with params [-5.60868184  0.45016346  0.01        0.5         1.36197091]
at minimum 0.0413 accepted 1  with params [-5.36513846  0.6886646   0.43820412  0.96958823  1.27663557]
at minimum 0.0369 accepted 1  with params [-5.57451545  0.71675991  0.5         0.97845187  0.85476097]
at minimum 0.0374 accepted 1  with params [-5.21545658  0.27570038  0.49999968  0.50000121  1.00461116]
at minimum 0.0422 accepted 1  with params [-5.51632681  0.59796877  0.49999958  1.05260614  1.15025331]
at minimum 0.0345 accepted 1  with params [-4.93556575  0.43325695  0.5         0.55635738  1.07844217]
at minimum 0.0465 accepted 1  with params [-5.48025859 -0.09999869  0.5         0.50000001  1.07294543]
at minimum 0.0344 accepted 1  with params [-5.20399643  0.50784482  0.13849131  1.0017299   0.90707774]
at minimum 0.0717 accepted 1  with params [-5.75166817  0.36415961  0.01        0.78434996  1.11137629]
at minimum 0.0978 accepted 1  with params [-5.9999966   0.91054968  0.01000055  0.56638482  0.56814978]
at minimum 0.3260 accepted 1  with params [-5.39177581  0.99        0.5         0.63119791  0.95362297]
at minimum 0.0354 accepted 1  with params [-5.13297045  0.53089414  0.40262011  0.76444352  0.49998102]
at minimum 0.0501 accepted 1  with params [-5.67043744  0.42468955  0.43049642  0.50000006  0.        ]
at minimum 0.0613 accepted 1  with params [-5.83015077  0.1710369   0.5         0.5         0.18148458]
at minimum 0.0395 accepted 1  with params [-5.42611573  0.23200516  0.49958665  0.5         0.15387917]
at minimum 0.0504 accepted 1  with params [-5.74271462  0.37111814  0.5         0.5         0.72927114]
at minimum 0.0523 accepted 1  with params [-6.          0.15702091  0.5         0.84804558  1.08672526]
at minimum 0.0801 accepted 1  with params [-5.40147458  0.22658948  0.01        0.5         0.78000521]
at minimum 0.0925 accepted 1  with params [-5.52841207 -0.1         0.01        0.5         0.61733903]
at minimum 0.1238 accepted 1  with params [-5.2410594  -0.1         0.5         0.95715887  0.48406839]
at minimum 0.0658 accepted 1  with params [-4.9749516   0.06756632  0.01        0.64891345  0.        ]
at minimum 0.1019 accepted 1  with params [-4.48361163e+00  3.41518342e-01  1.00000000e-02  1.09999975e+00
  1.84654394e-06]
at minimum 0.2680 accepted 1  with params [-4.4017409   0.0500401   0.39780474  0.77236849  0.24902843]
at minimum 0.3904 accepted 1  with params [-3.79466444e+00  8.37616787e-02  1.00000000e-02  7.32205013e-01
  3.93216000e-15]
at minimum 0.4064 accepted 1  with params [-4.12419071  0.70005349  0.05122222  0.87931798  0.59649068]
at minimum 1.3833 accepted 1  with params [-3.89901767  0.70703754  0.5         1.1         0.22693202]
at minimum 0.7009 accepted 1  with params [-3.8761689   0.86318812  0.5         0.68842283  0.20820704]
at minimum 0.5313 accepted 1  with params [-3.46113208  0.70712287  0.5         0.57574048  0.12374103]
at minimum 0.4801 accepted 1  with params [-3.60385582  0.9497086   0.5         0.5         0.        ]
at minimum 269.4563 accepted 0  with params [-3.00644968  0.86039305  0.09169455  0.51026644  0.        ]
at minimum 0.3274 accepted 1  with params [-3.81171513  0.58113354  0.29939569  0.51364283  0.49517241]
at minimum 1.1214 accepted 1  with params [-4.10203364  0.49734658  0.5         0.96109245  0.01233689]
at minimum 0.6427 accepted 1  with params [-3.96926882  0.08073153  0.49999986  0.77537855  0.57909444]
at minimum 0.4374 accepted 1  with params [-3.46781947 -0.1         0.48747099  0.65867637  0.69793575]
at minimum 0.4422 accepted 1  with params [-3.22850412 -0.09051786  0.49999998  0.85031715  1.18629805]
at minimum 0.1838 accepted 1  with params [-3.          0.18578474  0.18767669  0.71979128  1.24766275]
at minimum 0.1762 accepted 1  with params [-3.39401841  0.1773579   0.23799513  1.1         1.69913113]
at minimum 0.1137 accepted 1  with params [-3.63948627 -0.1         0.01        0.91612609  1.15348853]
at minimum 0.0788 accepted 1  with params [-4.13437573 -0.09999976  0.01        0.50000013  1.3536588 ]
at minimum 0.1327 accepted 1  with params [-3.61432909  0.50605937  0.32379789  0.5         1.86391098]
at minimum 0.0759 accepted 1  with params [-3.44377481  0.65180567  0.13597875  0.92046536  2.27887329]
at minimum 0.8259 accepted 1  with params [-3.29854345  0.99        0.5         1.09999965  1.94486446]
at minimum 0.0975 accepted 1  with params [-3.62356666  0.74467013  0.19825142  1.1         2.37716233]
at minimum 0.1430 accepted 1  with params [-4.42586822  0.9324281   0.40289872  0.65703734  2.98414338]
at minimum 0.0893 accepted 1  with params [-4.95544178  0.89089248  0.30515164  0.96770208  2.66415539]
at minimum 0.0694 accepted 1  with params [-5.51890131  0.86514068  0.4999998   1.09999988  2.67620939]
at minimum 0.4939 accepted 1  with params [-5.81981125  0.99        0.5         0.90193904  2.72788068]
at minimum 0.6687 accepted 1  with params [-6.          0.99        0.01949861  1.1         2.63635743]
at minimum 0.0652 accepted 1  with params [-5.77050249  0.84429486  0.40348079  0.87488279  3.13220967]
at minimum 0.4692 accepted 1  with params [-6.          0.99        0.01        0.86135556  3.32196657]
at minimum 0.0747 accepted 1  with params [-5.77071083  0.7925621   0.01        0.84114064  3.81565668]
at minimum 0.0750 accepted 1  with params [-5.99999829  0.55702724  0.49999969  0.57917572  3.99999699]
at minimum 0.0924 accepted 0  with params [-5.74849768  0.17792224  0.14510323  0.64119166  3.5046994 ]
at minimum 0.1199 accepted 1  with params [-5.57466517  0.9498062   0.39491237  0.50000133  3.99999116]
at minimum 0.0880 accepted 1  with params [-6.          0.89448177  0.5         0.5         4.        ]
at minimum 0.2540 accepted 1  with params [-5.57786542  0.99        0.01        0.5         4.        ]
at minimum 0.0564 accepted 1  with params [-6.          0.54219012  0.5         0.69708944  3.36810323]
at minimum 0.0494 accepted 1  with params [-6.          0.63639575  0.5         0.69332454  2.82421917]
at minimum 0.0670 accepted 1  with params [-6.          0.42447257  0.49999946  0.54375872  3.15834147]
at minimum 0.0962 accepted 1  with params [-6.          0.16338118  0.38654545  0.50000009  3.81351831]
at minimum 0.1104 accepted 1  with params [-6.         -0.1         0.5         1.06056475  4.        ]
at minimum 0.0916 accepted 1  with params [-5.84761254 -0.1         0.34332979  0.9322947   3.35754607]
at minimum 0.0915 accepted 1  with params [-6.          0.31976419  0.06217066  0.5         3.52941762]
at minimum 0.0978 accepted 1  with params [-5.9574019   0.91519042  0.01        0.5         3.15174148]
at minimum 0.1597 accepted 1  with params [-5.99999769  0.94969086  0.01000034  0.86362013  3.63129743]
at minimum 0.6397 accepted 1  with params [-6.          0.99        0.01        1.07859174  3.48281254]
at minimum 0.4312 accepted 1  with params [-6.          0.99        0.01        0.81041962  3.56828839]
at minimum 0.5333 accepted 1  with params [-5.82543379  0.98505264  0.49986025  1.09992589  3.97359156]
at minimum 0.0813 accepted 1  with params [-6.          0.39350424  0.5         0.50975105  3.78825442]
at minimum 0.0859 accepted 1  with params [-5.78630281  0.86436272  0.01        0.5         3.18018717]
at minimum 0.1842 accepted 1  with params [-5.99998888  0.97975973  0.01000724  0.5         3.15740435]
at minimum 0.2905 accepted 0  with params [-5.65320324  0.99        0.5         0.56314862  2.92688976]
at minimum 0.0763 accepted 1  with params [-6.          0.7855845   0.01000226  1.03128822  2.84772397]
at minimum 0.1057 accepted 1  with params [-6.          0.92027369  0.48182943  0.87652692  2.71034577]
at minimum 0.5323 accepted 1  with params [-6.          0.99        0.5         0.96103123  2.36150063]
at minimum 0.6459 accepted 1  with params [-6.         0.99       0.5        1.1        2.2567468]
at minimum 0.2705 accepted 1  with params [-6.          0.99        0.5         0.54128799  1.58055509]
at minimum 0.0382 accepted 1  with params [-6.          0.36533967  0.5         0.92985863  1.56591988]
at minimum 0.0495 accepted 1  with params [-6.          0.54792008  0.5         0.65573253  0.9872319 ]
at minimum 0.0669 accepted 1  with params [-6.          0.68727953  0.01000015  1.1         1.12355102]
at minimum 0.0772 accepted 1  with params [-6.          0.25319752  0.01        0.89683701  0.78201892]
at minimum 0.0687 accepted 1  with params [-6.          0.30307904  0.01        1.1         0.75413026]
at minimum 0.0452 accepted 1  with params [-5.63671563 -0.1         0.410791    0.81600004  1.09339744]
at minimum 0.0826 accepted 1  with params [-5.98015563 -0.1         0.5         0.5         1.58894728]
at minimum 0.0796 accepted 1  with params [-5.72426649  0.50421913  0.01        0.5         1.33249385]
at minimum 0.3279 accepted 1  with params [-5.70087695  0.98999926  0.4724163   0.6509038   1.57354988]
at minimum 0.2666 accepted 1  with params [-5.57679883  0.99        0.01        0.5         1.84375995]
at minimum 0.2602 accepted 1  with params [-5.89141329  0.99        0.01        0.5         1.85318863]
at minimum 0.0478 accepted 1  with params [-5.4355158   0.41486598  0.41433733  0.5         2.50793715]
at minimum 0.0556 accepted 1  with params [-5.59442161 -0.1         0.5         0.50000095  2.02996833]
at minimum 0.0767 accepted 1  with params [-5.91038287  0.25199958  0.03118558  0.83574739  2.36930672]
at minimum 0.0779 accepted 1  with params [-6.          0.32409079  0.01000044  0.77235336  2.15231959]
at minimum 0.0573 accepted 1  with params [-5.42954466 -0.02349485  0.1266042   1.1         2.59881111]
at minimum 0.0866 accepted 1  with params [-4.99294925 -0.09999995  0.01        0.72825593  2.7057585 ]
at minimum 0.0398 accepted 1  with params [-4.92070171 -0.09999792  0.39631892  0.5         2.16296606]
at minimum 0.0258 accepted 1  with params [-4.77499854  0.06191777  0.49999981  0.68043615  2.0589369 ]
at minimum 0.0329 accepted 1  with params [-4.61122065 -0.09999988  0.49999989  0.85910518  1.70742311]
at minimum 0.0627 accepted 1  with params [-4.90316828  0.58559299  0.01        0.85659081  2.2301359 ]
at minimum 0.0571 accepted 1  with params [-4.81565313 -0.06990102  0.01000013  1.09999984  1.98000601]
at minimum 0.0742 accepted 1  with params [-4.87777962 -0.09999377  0.01000007  0.50000341  1.55098775]
at minimum 0.0506 accepted 1  with params [-4.76937245 -0.1         0.20255069  0.5         1.71954611]
at minimum 0.0318 accepted 1  with params [-4.85529076 -0.1         0.49999986  0.50000012  1.27542903]
at minimum 0.0282 accepted 1  with params [-4.89694043 -0.1         0.49999963  0.53907815  1.521964  ]
at minimum 0.0378 accepted 1  with params [-4.70151442  0.29971323  0.5         1.09157283  1.6105355 ]
