at minimum 0.0337 accepted 1  with params [-3.68299958  0.84520071  0.10090025  0.88580013 -3.99999753]
at minimum 0.0121 accepted 1  with params [-3.63116247  1.06039008  0.21097885  0.89406601 -4.        ]
at minimum 0.0127 accepted 1  with params [-3.5251393   1.16315345  0.23932688  0.81156377 -3.85410589]
at minimum 0.0168 accepted 1  with params [-3.30868398  1.26591683  0.28141628  0.66346682 -3.70821177]
at minimum 0.0222 accepted 1  with params [-3.09349462  1.36868021  0.32629946  0.58712162 -3.56231766]
at minimum 0.0196 accepted 1  with params [-3.34187585  1.47144358  0.37118265  0.71955214 -3.41642355]
at minimum 0.0262 accepted 1  with params [-3.12668648  1.57420696  0.41606583  0.51190642 -3.27052943]
at minimum 0.0227 accepted 1  with params [-3.97868286  1.67697034  0.3081356   1.1        -3.12463532]
at minimum 0.0134 accepted 1  with params [-3.83664507  1.44616643  0.35301878  1.1        -2.97874121]
at minimum 0.0142 accepted 1  with params [-3.66056465  1.54892981  0.34734286  1.06009251 -2.8328471 ]
at minimum 0.0188 accepted 1  with params [-3.44537528  1.65169319  0.39222604  0.84202903 -2.68695298]
at minimum 0.0160 accepted 1  with params [-3.97629844  1.75445656  0.43710923  1.1        -2.54105887]
at minimum 0.0166 accepted 1  with params [-3.99870812  1.85721994  0.48199241  1.1        -2.39516476]
at minimum 0.0188 accepted 1  with params [-3.78351874  1.95998331  0.5         1.0236548  -2.24927064]
at minimum 0.0235 accepted 1  with params [-3.56832928  2.          0.5         0.94730956 -2.10337653]
at minimum 0.0209 accepted 1  with params [-3.65294066  2.          0.5         0.89981141 -1.95748242]
at minimum 0.0206 accepted 1  with params [-3.66641526  2.          0.5         0.93521632 -1.8115883 ]
at minimum 0.0265 accepted 1  with params [-3.45122588  2.          0.5         0.85887112 -1.66569419]
at minimum 0.0274 accepted 1  with params [-3.23603651  2.          0.5         0.50605766 -1.51980008]
at minimum 0.1222 accepted 1  with params [-3.02084715  2.          0.5         0.5        -1.37390596]
at minimum 0.0179 accepted 1  with params [-4.03558957  2.          0.5         1.1        -3.606694  ]
at minimum 0.0175 accepted 1  with params [-3.92629421  2.          0.5         1.1        -3.46079989]
at minimum 0.0199 accepted 1  with params [-3.71110484  2.          0.5         0.97237996 -3.31490577]
at minimum 0.0234 accepted 1  with params [-3.49591548  2.          0.5         0.77688943 -3.16901166]
at minimum 0.0268 accepted 1  with params [-3.28072611  2.          0.5         0.55709146 -3.02311755]
at minimum 0.0181 accepted 1  with params [-3.84012761  2.          0.5         1.09395898 -2.87722344]
at minimum 0.0213 accepted 1  with params [-3.62493824  2.          0.5         0.89438316 -2.73132932]
at minimum 0.0244 accepted 1  with params [-3.43465911  2.          0.5         0.71769451 -2.58543521]
at minimum 0.0278 accepted 1  with params [-3.21946974  2.          0.5         0.5        -2.4395411 ]
at minimum 0.1575 accepted 1  with params [-3.00428038  2.          0.5         0.5        -2.29364698]
at minimum 0.0201 accepted 1  with params [-4.20340545  2.          0.5         1.1        -2.33593872]
at minimum 0.0179 accepted 1  with params [-3.86083892  2.          0.5         1.1        -2.19004461]
at minimum 0.0209 accepted 1  with params [-3.64619284  2.          0.5         0.91568506 -2.04415049]
at minimum 0.0245 accepted 1  with params [-3.43100347  2.          0.5         0.71664475 -1.89825638]
at minimum 0.0279 accepted 1  with params [-3.21581411  2.          0.5         0.5        -1.75236227]
at minimum 0.1666 accepted 1  with params [-3.00062474  2.          0.5         0.5        -1.60646815]
at minimum 0.0182 accepted 1  with params [-3.83870391  2.          0.5         1.1        -2.90851174]
at minimum 0.0213 accepted 1  with params [-3.62351455  2.          0.5         0.89306272 -2.76261763]
at minimum 0.0248 accepted 1  with params [-3.40832518  2.          0.5         0.69308349 -2.61672351]
at minimum 0.0212 accepted 1  with params [-3.62730995  2.          0.5         0.88817834 -2.4708294 ]
at minimum 0.0213 accepted 1  with params [-3.62231936  2.          0.5         0.90152427 -2.32493529]
at minimum 0.0248 accepted 1  with params [-3.40712999  2.          0.5         0.69233458 -2.17904118]
at minimum 0.0291 accepted 1  with params [-3.19194063  2.          0.5         0.5        -2.03314706]
at minimum 0.0316 accepted 1  with params [-5.08414321  2.          0.5         1.1        -4.        ]
at minimum 0.0180 accepted 1  with params [-3.85132887  2.          0.5         1.1        -3.85410589]
at minimum 0.0211 accepted 1  with params [-3.6361395   2.          0.5         0.9040501  -3.70821177]
at minimum 0.0236 accepted 1  with params [-3.48475715  2.          0.5         0.76644661 -3.56231766]
at minimum 0.0268 accepted 1  with params [-3.27661179  2.          0.5         0.55256378 -3.41642355]
at minimum 0.0729 accepted 1  with params [-3.06142242  2.          0.5         0.5        -3.27052943]
at minimum 0.0414 accepted 1  with params [-5.54607401  2.          0.5         1.1        -3.11867422]
at minimum 0.0180 accepted 1  with params [-4.0411958   2.          0.5         1.1        -3.17986436]
