at minimum 0.1947 accepted 1  with params [-4.49999161  0.40000326  0.0500024   1.00000032]
at minimum 0.2190 accepted 1  with params [-4.00865995  0.62160589  0.01        1.1       ]
at minimum 0.2141 accepted 1  with params [-4.33042384  0.41057896  0.01000264  1.1       ]
at minimum 0.2212 accepted 1  with params [-4.14396268  0.68397921  0.01000076  1.09999695]
at minimum 0.2343 accepted 1  with params [-4.07950969  0.21639613  0.01000146  0.6296646 ]
at minimum 0.2517 accepted 1  with params [-3.90967791 -0.09999873  0.01        0.5       ]
at minimum 0.1701 accepted 1  with params [-4.38442038 -0.1         0.35438481  0.80859407]
at minimum 0.2287 accepted 1  with params [-4.38287432 -0.1         0.06912834  0.5       ]
at minimum 0.2202 accepted 1  with params [-4.5609533   0.25185591  0.01        0.79718402]
at minimum 0.2170 accepted 1  with params [-4.900225    0.12705499  0.01000015  0.88198315]
at minimum 0.1100 accepted 1  with params [-5.34525885  0.49125359  0.15871215  1.1       ]
at minimum 0.2184 accepted 1  with params [-5.13210306  0.96756249  0.14348079  1.09999866]
at minimum 0.1295 accepted 1  with params [-5.61379875  0.63833616  0.42936853  1.1       ]
at minimum 0.1165 accepted 1  with params [-5.39060449  0.53945157  0.39027608  1.01475524]
at minimum 0.0858 accepted 1  with params [-5.19611835  0.75121178  0.5         0.7367912 ]
at minimum 0.1672 accepted 0  with params [-5.35830223  0.79301304  0.20177443  0.76707604]
at minimum 0.1999 accepted 1  with params [-5.61400236  0.30217416  0.05889893  0.78134939]
at minimum 0.2424 accepted 1  with params [-5.40832778  0.45394965  0.02637053  0.50000016]
at minimum 0.1331 accepted 1  with params [-5.66694175  0.25945602  0.46032761  0.76626003]
at minimum 0.2147 accepted 1  with params [-5.93171356  0.69142268  0.01000016  0.96141217]
at minimum 0.0935 accepted 1  with params [-5.94146265  0.26864124  0.3937679   0.5       ]
at minimum 0.1947 accepted 0  with params [-6.          0.4842034   0.05813558  0.85846951]
at minimum 0.1199 accepted 1  with params [-6.          0.58066965  0.5         0.95872919]
at minimum 0.1470 accepted 1  with params [-5.52356886  0.09892383  0.47375931  0.69564777]
at minimum 0.1186 accepted 1  with params [-5.8579186   0.19110136  0.13985859  0.97738373]
at minimum 0.2294 accepted 1  with params [-5.82397359  0.14064458  0.01        0.68878236]
at minimum 0.2199 accepted 1  with params [-5.39479353  0.25834442  0.01        0.7964586 ]
at minimum 0.1453 accepted 1  with params [-5.80761262  0.30055265  0.3419932   0.96153191]
at minimum 0.2802 accepted 1  with params [-6.          0.26402749  0.5         1.1       ]
at minimum 0.1080 accepted 1  with params [-5.99999924  0.32605838  0.49999998  0.67842215]
at minimum 0.1501 accepted 1  with params [-6.          0.66502216  0.35022119  0.5       ]
at minimum 0.1259 accepted 1  with params [-5.99999663  0.8574825   0.36562191  0.92733838]
at minimum 0.2240 accepted 1  with params [-5.99999703  0.98999892  0.12955656  1.05079198]
at minimum 0.1140 accepted 1  with params [-6.          0.74548327  0.31827767  0.769685  ]
at minimum 0.2277 accepted 1  with params [-5.54874403  0.71951147  0.07531078  0.53554499]
at minimum 0.2189 accepted 1  with params [-5.99999739  0.6331885   0.12733469  0.5       ]
at minimum 0.2417 accepted 1  with params [-5.99999824  0.96722611  0.0190596   0.50000035]
at minimum 0.2439 accepted 1  with params [-5.99999812  0.61640514  0.0100003   0.5       ]
at minimum 0.2483 accepted 1  with params [-6.          0.23375618  0.01        0.5       ]
at minimum 0.2346 accepted 1  with params [-5.59493912  0.11377394  0.01        0.63920422]
at minimum 0.1242 accepted 1  with params [-5.94889784  0.18923077  0.28662644  0.98803145]
at minimum 0.1819 accepted 1  with params [-5.61827057  0.15209087  0.28332227  1.1       ]
at minimum 0.2811 accepted 1  with params [-5.35963487  0.32084481  0.5         1.1       ]
at minimum 0.3214 accepted 1  with params [-4.94413626  0.09585947  0.47156512  1.09999992]
at minimum 0.1791 accepted 1  with params [-4.74213738  0.10084329  0.06245167  1.09529596]
at minimum 0.2154 accepted 1  with params [-5.05190652  0.16356488  0.0100046   1.08916415]
at minimum 0.2210 accepted 1  with params [-4.90474847 -0.1         0.01        0.87676056]
at minimum 0.2166 accepted 1  with params [-5.36264004 -0.1         0.01        1.1       ]
at minimum 0.2373 accepted 1  with params [-5.01568409 -0.1         0.01        0.64148734]
at minimum 0.2224 accepted 1  with params [-5.31075219 -0.1         0.01        0.83055645]
at minimum 0.2386 accepted 1  with params [-4.79148886  0.10391217  0.01        0.6028766 ]
at minimum 0.2164 accepted 1  with params [-4.69729941 -0.09999976  0.01000069  1.05967054]
at minimum 0.0825 accepted 1  with params [-4.45526929  0.01269955  0.13978543  1.1       ]
at minimum 0.2411 accepted 0  with params [-3.9953994  -0.09999918  0.49999918  0.86470904]
at minimum 0.2149 accepted 1  with params [-4.05169539  0.43542816  0.01        1.09999882]
at minimum 0.2286 accepted 1  with params [-3.98146822  0.96270135  0.01        0.61662823]
at minimum 0.1624 accepted 1  with params [-3.81099081  0.74021282  0.37587103  0.5       ]
at minimum 0.2317 accepted 1  with params [-4.05132613  0.99        0.5         0.5       ]
at minimum 0.2284 accepted 1  with params [-4.05549512  0.98999082  0.47662859  0.50000505]
at minimum 0.2281 accepted 1  with params [-3.66197987  0.98999826  0.49999908  0.50294408]
at minimum 0.2218 accepted 1  with params [-4.04846372  0.96548618  0.41847311  0.50000081]
at minimum 0.2236 accepted 1  with params [-4.17481617  0.98999997  0.49999931  0.50000083]
at minimum 0.1720 accepted 1  with params [-3.77205013  0.8571438   0.49999984  0.50000022]
at minimum 0.2291 accepted 1  with params [-3.27712411  0.99        0.47895856  0.5       ]
at minimum 0.2179 accepted 1  with params [-3.08145201  0.98999652  0.49999865  0.63004307]
at minimum 0.1823 accepted 1  with params [-3.31253014  0.86249935  0.5         0.5000054 ]
at minimum 0.2373 accepted 1  with params [-3.          0.99        0.21729744  0.5       ]
at minimum 0.2259 accepted 1  with params [-3.07493017  0.57304655  0.08876388  0.50000079]
at minimum 0.2122 accepted 1  with params [-3.00000384  0.89963057  0.05537539  0.87934222]
at minimum 0.0884 accepted 1  with params [-3.          0.80990851  0.40067027  1.1       ]
at minimum 0.2213 accepted 1  with params [-3.38635236  0.98999772  0.20427954  1.09999875]
at minimum 0.2264 accepted 1  with params [-3.07341982  0.70468187  0.01        0.6577656 ]
at minimum 0.2417 accepted 1  with params [-3.42866793  0.98999992  0.01000383  0.50000078]
at minimum 0.1344 accepted 1  with params [-3.61406197  0.67615159  0.45947916  0.5       ]
at minimum 0.0957 accepted 1  with params [-3.12303399  0.51433238  0.49999926  0.5243874 ]
at minimum 0.1354 accepted 1  with params [-3.47827934  0.62854583  0.5         1.0646168 ]
at minimum 0.1133 accepted 1  with params [-3.26187267  0.73007966  0.5         1.1       ]
at minimum 0.2093 accepted 1  with params [-3.22142828  0.99        0.5         0.6225112 ]
at minimum 0.1990 accepted 1  with params [-3.75964061  0.98999952  0.49999978  0.77752403]
at minimum 0.1989 accepted 1  with params [-3.5375165   0.98999263  0.40535248  0.89226175]
at minimum 0.0735 accepted 1  with params [-3.9600616   0.53501549  0.25445877  1.05651925]
at minimum 0.2176 accepted 1  with params [-3.71590687  0.52895881  0.0100008   1.09999811]
at minimum 0.1627 accepted 1  with params [-4.22842086  0.22270717  0.46480541  0.81557127]
at minimum 0.2418 accepted 1  with params [-4.69918217  0.19996059  0.4999985   0.98244107]
at minimum 0.1043 accepted 1  with params [-5.0652521   0.59043479  0.49999999  0.89962667]
at minimum 0.1214 accepted 1  with params [-5.07380381  0.69103118  0.49999984  1.09999981]
at minimum 0.0863 accepted 1  with params [-4.73439924  0.82608938  0.49999975  1.09999992]
at minimum 0.1614 accepted 1  with params [-4.50953043  0.85090657  0.5         0.56755028]
at minimum 0.2478 accepted 1  with params [-4.81437702  0.33345799  0.49999999  1.04271983]
at minimum 0.1309 accepted 1  with params [-5.1972884   0.03871677  0.49999999  0.64025821]
at minimum 0.1636 accepted 1  with params [-4.82710096  0.32468213  0.5         0.86983161]
at minimum 0.2156 accepted 1  with params [-4.7292179   0.8151867   0.04344257  0.71934614]
at minimum 0.2429 accepted 1  with params [-5.00806735  0.98999287  0.01        0.50000392]
at minimum 0.2202 accepted 1  with params [-4.92047688  0.99        0.01000081  0.99655841]
at minimum 0.2316 accepted 1  with params [-5.21998777  0.99        0.09758696  0.59046692]
at minimum 0.2272 accepted 1  with params [-4.87963231  0.9899996   0.01000007  1.07875858]
at minimum 0.2269 accepted 1  with params [-4.87485544  0.98999798  0.01        0.64534426]
at minimum 0.2209 accepted 1  with params [-4.47163853  0.93815496  0.01000062  0.98888377]
at minimum 0.2229 accepted 1  with params [-4.19311024  0.9899981   0.10219229  1.02833289]
at minimum 0.2181 accepted 1  with params [-3.72158391  0.98999874  0.11676723  0.94042703]
at minimum 0.2207 accepted 1  with params [-4.01388133  0.98999565  0.01000195  0.9743211 ]
at minimum 0.2281 accepted 1  with params [-4.46395666  0.98999849  0.01000068  1.1       ]
at minimum 0.2178 accepted 1  with params [-3.87924013  0.96613793  0.35191351  0.5464146 ]
at minimum 0.2118 accepted 1  with params [-4.10664984  0.5262526   0.01000069  0.94757202]
at minimum 0.2158 accepted 1  with params [-3.74950727  0.16196626  0.01000011  1.09999983]
at minimum 0.1965 accepted 1  with params [-4.21826561  0.3845133   0.42764848  1.03655713]
at minimum 0.0691 accepted 1  with params [-4.78685515  0.62029368  0.34464783  0.86714359]
at minimum 0.0983 accepted 1  with params [-4.45713345  0.32378229  0.36698046  0.75286366]
at minimum 0.0988 accepted 1  with params [-4.57620576  0.50265209  0.49999673  0.500004  ]
at minimum 0.1366 accepted 1  with params [-4.68491291  0.91573795  0.5         0.8740906 ]
at minimum 0.2162 accepted 1  with params [-5.1939906   0.98999657  0.13825972  0.80461096]
at minimum 0.2425 accepted 1  with params [-5.11709218  0.96975972  0.02215709  0.5000008 ]
at minimum 0.2104 accepted 1  with params [-4.64094305  0.99        0.5         0.65901538]
at minimum 0.2159 accepted 1  with params [-4.64272283  0.98999852  0.40083582  0.64326875]
at minimum 0.1856 accepted 1  with params [-4.72411935  0.66514995  0.0900686   0.88755768]
at minimum 0.2240 accepted 1  with params [-4.69431923  0.99        0.19009763  0.6635601 ]
at minimum 0.2168 accepted 1  with params [-4.26606077  0.47769933  0.01        1.1       ]
at minimum 0.2141 accepted 1  with params [-3.74726807  0.24038065  0.01000343  1.1       ]
at minimum 0.2165 accepted 1  with params [-3.99900158 -0.09999782  0.01000098  1.0999988 ]
at minimum 0.2248 accepted 1  with params [-3.44563533 -0.09999028  0.01000469  0.79802671]
at minimum 0.2472 accepted 1  with params [-3.67290011  0.32989683  0.01        0.50000017]
at minimum 0.2512 accepted 1  with params [-4.27951359 -0.05454697  0.01        0.50000075]
at minimum 0.1754 accepted 1  with params [-3.76675885  0.43730604  0.19363878  0.50000056]
at minimum 0.2468 accepted 1  with params [-4.33510979  0.39874581  0.01        0.5       ]
at minimum 0.2465 accepted 1  with params [-3.76859845  0.38628246  0.01        0.50000008]
at minimum 0.0940 accepted 1  with params [-4.29824041  0.3963969   0.5         0.5       ]
at minimum 0.1167 accepted 1  with params [-4.33788048  0.58994766  0.29976267  0.62622743]
at minimum 0.2174 accepted 1  with params [-4.81865488  0.78050451  0.01000025  1.00988581]
at minimum 0.1136 accepted 1  with params [-4.57129808  0.18633381  0.22032116  1.1       ]
at minimum 0.2177 accepted 1  with params [-4.1495991  -0.1         0.01000083  1.09999898]
at minimum 0.2217 accepted 1  with params [-4.27850313 -0.1         0.01        0.86126996]
at minimum 0.2130 accepted 1  with params [-4.32587789  0.42703876  0.01        0.90196668]
at minimum 0.2434 accepted 1  with params [-3.73012511  0.71778766  0.01000084  0.50000079]
at minimum 0.2442 accepted 1  with params [-3.29665348  0.70650999  0.01        0.5       ]
at minimum 0.2200 accepted 1  with params [-3.78608     0.99        0.01        0.75874714]
at minimum 0.2296 accepted 1  with params [-4.01171653  0.64063952  0.01        0.62346877]
at minimum 0.1749 accepted 1  with params [-4.25456919  0.24812941  0.17798316  0.50000003]
at minimum 0.0882 accepted 1  with params [-4.85614039  0.71879581  0.49999903  1.00539278]
at minimum 0.1504 accepted 1  with params [-4.2503435   0.64417797  0.5         1.1       ]
at minimum 0.0801 accepted 1  with params [-3.64943272  0.68033214  0.48021194  0.68728483]
at minimum 0.1411 accepted 1  with params [-3.68358739  0.53609798  0.30583288  0.50000025]
at minimum 0.1553 accepted 1  with params [-3.47468586  0.44465141  0.49999996  0.93304303]
at minimum 0.1910 accepted 1  with params [-3.99346217  0.13551166  0.49999995  0.83322498]
at minimum 0.0990 accepted 1  with params [-4.27353927  0.08281879  0.5         0.5       ]
at minimum 0.0948 accepted 1  with params [-4.172568    0.39765093  0.49999864  0.50000059]
at minimum 0.1306 accepted 1  with params [-3.56535135  0.15797657  0.31637883  0.88426066]
at minimum 0.3623 accepted 1  with params [-3.73453406 -0.09999897  0.5         1.08050554]
at minimum 0.2077 accepted 1  with params [-3.14691578  0.49020072  0.49999944  1.09999931]
at minimum 0.1694 accepted 1  with params [-3.          0.43631108  0.3811084   1.1       ]
at minimum 0.1502 accepted 1  with params [-3.32787378 -0.1         0.32630524  0.80861318]
at minimum 0.1920 accepted 1  with params [-3.         -0.06946884  0.49999692  0.77755263]
