./../runners.py:231: RuntimeWarning: invalid value encountered in multiply
  model_input = self.k*x_tm1
./../dsp_utils.py:9: RuntimeWarning: invalid value encountered in double_scalars
  self.state = 1./self.tau*x + (1-1./self.tau)*self.state
at minimum 0.0883 accepted 1  with params [-4.50000498e+00  4.00001959e-01  4.99998672e-02  1.00000033e+00
  1.32805625e-05]
at minimum 0.0799 accepted 1  with params [-4.18487567  0.44351785  0.5         0.51859551  0.17167622]
at minimum 0.0693 accepted 1  with params [-4.25666782e+00  2.61845572e-01  4.66319949e-01  7.72124568e-01
  1.18324259e-06]
at minimum 0.0704 accepted 1  with params [-4.34844130e+00  3.17359484e-03  4.29752820e-01  7.05061262e-01
  1.23745423e-06]
at minimum 0.0957 accepted 1  with params [-4.33795807 -0.1         0.20779859  0.5         0.        ]
at minimum 0.0997 accepted 1  with params [-3.87196458 -0.1         0.12942422  0.50000008  0.        ]
at minimum 0.1060 accepted 1  with params [-3.72308339 -0.1         0.04361983  0.5         0.36375529]
at minimum 0.0350 accepted 1  with params [-3.4882563  -0.1         0.28621744  0.5         0.35224709]
at minimum 0.0369 accepted 1  with params [-3.33726174  0.10169332  0.34450075  0.5         0.54471945]
at minimum 100000000000000000000.0000 accepted 0  with params [-3.08010434 -0.1         0.29623906  0.91509856  0.06514088]
at minimum 0.1098 accepted 1  with params [-3.36516422 -0.1         0.01        0.5         0.96041692]
at minimum 0.1097 accepted 1  with params [-3.35070977 -0.09999898  0.01000001  0.50000045  0.98286835]
at minimum 0.1041 accepted 1  with params [-3.         -0.0801151   0.01        0.72555375  1.1992014 ]
at minimum 0.0835 accepted 1  with params [-3.36314204  0.33530899  0.27692176  0.90049781  1.1153158 ]
at minimum 0.0328 accepted 1  with params [-3.58588868  0.61923019  0.5         0.89014886  1.24403441]
at minimum 0.0451 accepted 1  with params [-3.46842824  0.43409819  0.34403094  0.75863553  0.92508217]
at minimum 0.0388 accepted 1  with params [-3.16442015  0.26017729  0.5         0.85401595  1.37419618]
at minimum 0.1077 accepted 1  with params [-3.22726015  0.24319182  0.03270269  0.50000063  1.42517852]
at minimum 0.1355 accepted 1  with params [-3.33279106  0.03672572  0.0100005   0.7214845   1.7967606 ]
at minimum 0.1296 accepted 1  with params [-3.00000125 -0.09999954  0.17470913  0.71301113  1.80791869]
at minimum 0.1912 accepted 1  with params [-3.45667466 -0.1         0.32891188  1.1         1.43672276]
at minimum 0.0910 accepted 1  with params [-3.92523686 -0.1         0.01672526  1.1         1.75842303]
at minimum 0.0817 accepted 1  with params [-4.24399052 -0.1         0.13853873  0.89287562  1.63026155]
at minimum 0.1108 accepted 1  with params [-3.77961498  0.37363864  0.47717373  1.1         1.54324374]
at minimum 0.1228 accepted 1  with params [-3.38894454  0.82082252  0.49818517  0.68946528  1.32878972]
at minimum 0.0765 accepted 1  with params [-3.24938271  0.45444605  0.49999992  0.96634871  1.16641874]
at minimum 0.0676 accepted 1  with params [-3.03182418e+00  1.19158814e-03  4.64595334e-01  5.13560393e-01
  1.56769540e+00]
at minimum 0.0929 accepted 1  with params [-3.24091    -0.1         0.45982489  0.5         1.7824937 ]
at minimum 0.0622 accepted 1  with params [-3.28800885  0.38230683  0.5         0.70500209  1.8955394 ]
at minimum 0.0555 accepted 1  with params [-3.00492139  0.95718432  0.49952103  0.58949666  2.17303224]
at minimum 0.1142 accepted 1  with params [-3.          0.57927553  0.08438016  0.5         2.2418331 ]
at minimum 0.0879 accepted 1  with params [-3.44569258  0.62062031  0.43653007  0.62727337  2.54584524]
at minimum 0.0789 accepted 1  with params [-3.61197302  0.87501166  0.49999944  0.8628396   2.59647056]
at minimum 0.1008 accepted 1  with params [-4.0398763   0.15408931  0.09055796  0.5         1.63652541]
at minimum 0.0835 accepted 1  with params [-4.21960904 -0.09999759  0.37385186  0.66781113  1.99056153]
at minimum 0.1536 accepted 1  with params [-3.73064882  0.13618906  0.38561814  1.07730959  2.15160564]
at minimum 0.1375 accepted 1  with params [-3.56241889  0.08286938  0.01        1.1         2.45867588]
at minimum 0.0925 accepted 1  with params [-3.35249976  0.57194245  0.5         1.1         2.91734324]
at minimum 0.0917 accepted 1  with params [-3.23303156  0.62505157  0.24902936  1.05530917  2.72697884]
at minimum 0.0883 accepted 1  with params [-3.3802623   0.60888372  0.42171502  1.1         2.71590716]
at minimum 0.1331 accepted 1  with params [-3.84475547  0.41387783  0.5         1.1         2.27665887]
at minimum 0.1025 accepted 1  with params [-3.86222015  0.56640876  0.28394422  1.05123797  2.4366192 ]
at minimum 0.0702 accepted 1  with params [-3.82663305  0.84838501  0.34900457  1.1         2.4167633 ]
at minimum 0.0680 accepted 1  with params [-3.76482048  0.81384271  0.42582345  0.91441776  2.57751148]
at minimum 0.0892 accepted 1  with params [-3.2954496   0.54605535  0.5         0.93345002  2.75079056]
at minimum 0.1199 accepted 1  with params [-3.56918754  0.40180579  0.02740582  0.63627971  2.25989497]
at minimum 0.1164 accepted 1  with params [-3.81816997  0.06171932  0.46269271  1.02801432  2.75493173]
at minimum 0.1211 accepted 1  with params [-4.11941092  0.20989289  0.5         0.73507725  2.90141935]
at minimum 0.1078 accepted 1  with params [-3.78399307  0.29440018  0.27778917  1.1         3.15060672]
at minimum 0.0972 accepted 1  with params [-3.84393985  0.53769802  0.26302689  1.1         3.32041331]
at minimum 0.1325 accepted 1  with params [-3.95435451  0.11555802  0.06248487  1.1         2.89947673]
at minimum 0.0691 accepted 1  with params [-5.69648872  0.91324622  0.43130129  1.08927257  3.82215385]
at minimum 0.0960 accepted 1  with params [-5.72306071  0.58136831  0.16910893  1.1         3.98681639]
at minimum 0.1311 accepted 1  with params [-5.27265185  0.2608365   0.01        0.57052464  3.80292602]
at minimum 0.1029 accepted 1  with params [-4.89432928  0.58480675  0.48368496  0.80709071  3.88285207]
at minimum 0.1076 accepted 1  with params [-4.53623408  0.37427542  0.29370539  1.1         3.94521442]
at minimum 0.0642 accepted 1  with params [-4.11826325  0.93748513  0.5         0.83360903  4.        ]
at minimum 0.0909 accepted 1  with params [-4.1049016   0.70426841  0.5         1.03096764  3.67266396]
at minimum 0.0891 accepted 1  with params [-3.89199417  0.79288847  0.5         0.9704892   4.        ]
at minimum 0.0608 accepted 1  with params [-4.18443526  0.94586943  0.38187725  0.82056987  4.        ]
at minimum 0.0899 accepted 1  with params [-4.44314089  0.74091917  0.5         1.01418745  3.89574215]
at minimum 0.0329 accepted 1  with params [-4.50091562  0.99        0.5         0.51851641  4.        ]
at minimum 0.0319 accepted 1  with params [-4.83736001  0.99        0.01        0.60642174  3.53379634]
at minimum 0.1106 accepted 0  with params [-4.75937652  0.44339338  0.01        0.84117841  3.18201776]
at minimum 0.0322 accepted 1  with params [-4.6198228   0.99        0.32977438  0.53929342  3.95507963]
at minimum 0.0322 accepted 1  with params [-6.    0.99  0.5   0.5   4.  ]
at minimum 0.0327 accepted 1  with params [-5.55227325  0.99        0.49999419  0.5         4.        ]
at minimum 0.0956 accepted 1  with params [-5.2490198   0.70106897  0.36980739  0.83414266  3.97759443]
at minimum 0.0784 accepted 1  with params [-5.70279549  0.90384357  0.48056086  0.60516602  4.        ]
at minimum 0.0344 accepted 1  with params [-5.41641025  0.98772511  0.49899428  0.64162938  3.87288285]
at minimum 0.0329 accepted 1  with params [-5.30801831  0.99        0.49999785  0.5         3.81379516]
at minimum 0.0397 accepted 1  with params [-4.81327386  0.99        0.5         0.50000007  3.28044534]
at minimum 0.0283 accepted 1  with params [-5.25795074  0.99        0.5         0.67803726  2.86412234]
at minimum 0.0465 accepted 1  with params [-5.7738159   0.43506745  0.47606289  0.93234434  2.85803912]
at minimum 0.1167 accepted 1  with params [-5.31719098 -0.0053537   0.5         0.61503579  3.39142287]
at minimum 0.0840 accepted 1  with params [-5.10270683  0.28227198  0.5         0.56198511  3.01135643]
at minimum 0.1301 accepted 1  with params [-4.6063978   0.15536515  0.49999819  0.62100978  3.52659895]
at minimum 0.1222 accepted 1  with params [-4.9057537   0.30846394  0.5         0.68052511  3.84028547]
at minimum 0.1283 accepted 1  with params [-5.09146413 -0.04363158  0.49999978  1.0572184   3.5453375 ]
at minimum 0.1583 accepted 1  with params [-5.27043017 -0.06428855  0.01329534  1.1         3.83659467]
at minimum 0.1613 accepted 1  with params [-5.04295804 -0.1         0.01        0.98060564  3.4471884 ]
at minimum 0.1342 accepted 1  with params [-4.96593955  0.03712865  0.31176599  0.58755431  3.33038251]
at minimum 0.1424 accepted 1  with params [-5.20946599  0.08923323  0.01        0.5         3.49686929]
at minimum 0.1263 accepted 1  with params [-5.52003177  0.23019461  0.01        0.5         3.15244413]
at minimum 0.0872 accepted 1  with params [-5.47350156  0.71799588  0.20415185  1.0331657   3.57351441]
at minimum 0.1256 accepted 1  with params [-5.8612934   0.18305221  0.01        0.68034837  3.3203251 ]
at minimum 0.1310 accepted 1  with params [-5.49200885  0.28610873  0.01        0.51600738  3.77623391]
at minimum 0.1216 accepted 1  with params [-5.06381408  0.44838559  0.32459492  0.50000031  3.71612598]
at minimum 0.1499 accepted 1  with params [-5.13445165 -0.04802774  0.37735085  0.62874893  4.        ]
at minimum 0.1496 accepted 1  with params [-4.78524922 -0.07950181  0.49999997  0.5         4.        ]
at minimum 0.0939 accepted 1  with params [-4.37207177  0.64356504  0.5         1.1         4.        ]
at minimum 0.0313 accepted 1  with params [-4.90777132  0.98990629  0.05753058  0.56506637  3.94914608]
at minimum 0.0902 accepted 1  with params [-4.40193664  0.76153321  0.03153183  1.02166569  4.        ]
at minimum 0.0314 accepted 1  with params [-4.50450497  0.99        0.1122602   0.56198188  3.79337376]
at minimum 0.0315 accepted 1  with params [-4.65658741  0.99        0.13216372  0.56377295  3.81706022]
at minimum 0.0679 accepted 1  with params [-4.98360229  0.98979817  0.01        0.8889494   3.26397779]
at minimum 0.0840 accepted 1  with params [-4.61553564  0.88214609  0.01        0.64595772  2.89105151]
at minimum 0.0496 accepted 1  with params [-4.81137384  0.9899926   0.01000333  0.5         2.4138243 ]
at minimum 0.0865 accepted 1  with params [-4.67588622  0.72826288  0.4716899   0.5         2.81794024]
at minimum 0.0437 accepted 1  with params [-4.52180092  0.99        0.3301555   0.94999001  2.35366166]
at minimum 0.0803 accepted 1  with params [-4.45726667  0.69754548  0.01        0.93797423  1.90895337]
at minimum 0.0812 accepted 1  with params [-4.53916794  0.99        0.01        0.61323527  1.76861226]
at minimum 0.0750 accepted 1  with params [-4.29433747  0.45941229  0.15141212  0.76015906  1.86476455]
at minimum 0.0892 accepted 1  with params [-3.71103633  0.22626497  0.5         0.5         1.32860538]
at minimum 0.1818 accepted 1  with params [-3.90472078 -0.01154696  0.47931952  0.95586057  1.81125907]
at minimum 0.0797 accepted 1  with params [-4.27133662 -0.09999927  0.40362593  0.87909845  1.81189027]
at minimum 0.1015 accepted 1  with params [-4.32610896 -0.1         0.5         0.92819542  2.31849502]
at minimum 0.1478 accepted 1  with params [-4.12792184 -0.0245745   0.01        1.00618489  2.57405542]
at minimum 0.1348 accepted 1  with params [-3.68259372 -0.09999998  0.43119715  0.57873425  2.27840658]
at minimum 0.1397 accepted 1  with params [-3.87518761  0.27393117  0.49999777  0.54507679  1.84120572]
at minimum 0.1068 accepted 1  with params [-4.1580777  -0.02444119  0.39987068  0.5         1.98208818]
at minimum 0.0903 accepted 1  with params [-4.4044388  -0.1         0.45510677  0.5         1.56021453]
at minimum 0.0471 accepted 1  with params [-4.62969946  0.11880023  0.5         0.72237165  1.88990126]
at minimum 0.0984 accepted 1  with params [-4.78759627  0.11322809  0.01000264  0.5         1.97290625]
at minimum 0.0841 accepted 1  with params [-4.63981933 -0.1         0.01        0.91536502  1.90773668]
at minimum 0.0849 accepted 1  with params [-4.5253967  -0.1         0.01        1.1         1.71347562]
at minimum 0.0732 accepted 1  with params [-4.51459393 -0.1         0.5         0.69353648  2.27781656]
at minimum 0.0982 accepted 1  with params [-4.48930973  0.09575713  0.11267805  0.5         2.20046003]
at minimum 0.1085 accepted 1  with params [-4.78453671 -0.09414918  0.27078748  0.5         2.71333637]
at minimum 0.1379 accepted 1  with params [-4.57488248 -0.09999992  0.5         0.5         3.17286592]
at minimum 0.1004 accepted 1  with params [-5.05953558 -0.1         0.5         0.5         2.97579128]
at minimum 0.0548 accepted 1  with params [-5.1220307  -0.04115541  0.5         0.55417881  2.50685929]
at minimum 0.1175 accepted 1  with params [-4.64757569 -0.09999986  0.49999999  0.5         2.87917491]
at minimum 0.1353 accepted 1  with params [-4.59078511 -0.1         0.5         0.5         3.11765089]
at minimum 0.0594 accepted 1  with params [-5.11497257  0.06968403  0.5         0.64023674  2.73381212]
at minimum 0.1341 accepted 1  with params [-5.07625152  0.14149354  0.01        0.68473058  3.25170723]
at minimum 0.0583 accepted 1  with params [-5.58783422  0.29160286  0.23861061  1.1         2.66059937]
at minimum 0.0548 accepted 1  with params [-5.64948437 -0.1         0.5         0.77090061  2.40374481]
at minimum 0.1067 accepted 1  with params [-5.19883015 -0.0999993   0.38903982  0.50000038  2.98044409]
at minimum 0.0986 accepted 1  with params [-4.91024115 -0.1         0.49999998  0.50000003  2.87564399]
at minimum 0.1353 accepted 1  with params [-4.30781393 -0.02097729  0.5         0.5         3.04003698]
at minimum 0.1155 accepted 1  with params [-3.97799535  0.42446724  0.5         0.5         2.99703008]
at minimum 0.1340 accepted 1  with params [-4.06128079 -0.05647377  0.49999988  0.65531969  2.70398456]
at minimum 0.1211 accepted 1  with params [-4.0087863   0.19625145  0.33275926  0.5         2.37702294]
at minimum 0.0939 accepted 1  with params [-3.9986451   0.70500463  0.5         0.5         1.92825972]
at minimum 0.0796 accepted 1  with params [-4.55600786  0.99        0.0893891   0.5         1.94165117]
at minimum 0.0960 accepted 0  with params [-4.1139346   0.70241543  0.01        0.5         1.73858781]
at minimum 0.0899 accepted 1  with params [-4.57827817  0.92136935  0.0274516   0.55085777  1.43821069]
at minimum 0.0433 accepted 1  with params [-4.70960853  0.85033339  0.41454757  1.04172648  1.92047786]
at minimum 0.0834 accepted 1  with params [-4.39218457  0.88233933  0.327619    0.52022472  1.70557488]
at minimum 0.0838 accepted 1  with params [-4.5743507   0.99        0.5         0.5         1.15581293]
at minimum 0.0888 accepted 1  with params [-4.46388067  0.53450267  0.02833659  0.72229274  1.17682526]
at minimum 0.0820 accepted 1  with params [-4.99634089  0.04647847  0.48005144  1.05271356  1.05035455]
at minimum 0.0314 accepted 1  with params [-5.49746583  0.06899934  0.25411779  1.1         0.72567431]
at minimum 0.0834 accepted 1  with params [-6.          0.33853365  0.17251427  1.1         1.17319497]
at minimum 0.1318 accepted 1  with params [-6.         -0.09999972  0.01        1.1         1.2328955 ]
at minimum 0.1333 accepted 1  with params [-6.         -0.1         0.01        1.00507532  1.40489554]
at minimum 0.1248 accepted 1  with params [-5.7241111  -0.09999983  0.01        0.70592426  1.57028759]
at minimum 0.0411 accepted 1  with params [-5.34848898 -0.09999936  0.45121733  0.92429733  1.18123145]
at minimum 0.0663 accepted 1  with params [-5.10694096  0.07735021  0.01        1.01626876  1.43181452]
at minimum 0.0632 accepted 1  with params [-4.79866285  0.41458044  0.26205307  0.52605429  1.97009466]
at minimum 0.0865 accepted 1  with params [-4.63111398  0.49776117  0.0575146   0.62862788  2.18682265]
at minimum 0.0920 accepted 1  with params [-4.19806684 -0.09999953  0.01        0.8749468   1.57872244]
at minimum 0.1011 accepted 1  with params [-4.20104088 -0.1         0.45667268  0.5         1.13723725]
at minimum 0.0631 accepted 1  with params [-4.5138092  -0.1         0.5         0.75220079  1.5782351 ]
at minimum 0.0871 accepted 1  with params [-4.41730347 -0.09999966  0.49999985  0.57712368  1.82436749]
at minimum 0.0333 accepted 1  with params [-4.78145705  0.31381984  0.5         0.92040305  2.47718264]
at minimum 0.0793 accepted 1  with params [-4.94960492  0.25858958  0.5         0.5         2.76382978]
at minimum 0.0586 accepted 1  with params [-5.46458764  0.92909262  0.25119636  0.5         2.49044012]
at minimum 0.0272 accepted 1  with params [-5.25612989  0.99        0.5         0.60631643  2.88818001]
at minimum 0.0350 accepted 1  with params [-5.60046206  0.99        0.5         0.55798302  2.38961925]
at minimum 0.0575 accepted 1  with params [-5.05885233  0.85191082  0.29163932  0.50000009  1.73125301]
at minimum 0.0765 accepted 1  with params [-5.23514172  0.1691021   0.01        0.82033748  1.46042673]
at minimum 0.0306 accepted 1  with params [-5.10486064  0.44941574  0.21632022  0.82649316  1.8031762 ]
at minimum 0.1095 accepted 1  with params [-5.52959582 -0.09999994  0.01        0.82593177  1.70463395]
at minimum 0.0309 accepted 1  with params [-5.00537395  0.13343402  0.49999982  0.5         1.15567146]
at minimum 0.0494 accepted 1  with params [-5.39409978  0.18547159  0.35419693  0.5         0.52239649]
at minimum 0.0711 accepted 1  with params [-4.74998735  0.05017868  0.14003685  0.5         0.24369987]
at minimum 0.0790 accepted 1  with params [-4.69132127 -0.07908591  0.01        0.74833636  0.60773512]
at minimum 0.0824 accepted 1  with params [-4.57941296 -0.07320875  0.01000039  0.94670985  0.40559758]
at minimum 0.0884 accepted 1  with params [-4.52892192 -0.03202577  0.01        1.1         0.32916866]
at minimum 0.0867 accepted 1  with params [-4.37282869  0.30315068  0.4343695   0.5         0.70472807]
at minimum 0.0865 accepted 1  with params [-4.31565173 -0.1         0.5         0.5         0.64280058]
at minimum 0.1064 accepted 1  with params [-3.83439589  0.18918244  0.01        0.84470456  0.35791213]
at minimum 0.1065 accepted 1  with params [-3.5870427   0.46667489  0.01000004  0.57423728  0.77632206]
at minimum 0.1448 accepted 1  with params [-3.57058138 -0.1         0.49999946  1.09999922  0.49553199]
at minimum 0.0716 accepted 1  with params [-3.661373   -0.1         0.35254988  1.09999999  1.01765132]
at minimum 0.1134 accepted 1  with params [-3.67625806 -0.03233851  0.06044519  1.1         0.97911112]
at minimum 0.5307 accepted 0  with params [-3.31771918  0.58126253  0.28742349  0.98336287  0.50709575]
at minimum 0.1047 accepted 1  with params [-3.81936647 -0.1         0.31183021  0.5         1.17507938]
at minimum 0.1256 accepted 1  with params [-3.57095591 -0.1         0.5         0.5         1.57909345]
at minimum 0.0642 accepted 1  with params [-3.         -0.1         0.5         0.92829432  1.0646539 ]
at minimum 0.1305 accepted 1  with params [-3.06039581  0.08275468  0.01        0.89316561  0.55572784]
at minimum 0.0508 accepted 1  with params [-3.70957475  0.47465566  0.30910262  1.1         0.24241128]
at minimum 166578555104.8811 accepted 0  with params [-3.42128326  0.4903786   0.5         0.871938    0.33627281]
at minimum 0.1406 accepted 1  with params [-3.33452586  0.68268369  0.01000002  0.56556862  0.        ]
at minimum 0.1048 accepted 1  with params [-3.90561794  0.99        0.01        0.74221318  0.        ]
at minimum 0.0752 accepted 1  with params [-4.49134151  0.76104412  0.35482783  1.09999799  0.        ]
at minimum 0.0897 accepted 1  with params [-4.51711331  0.54775001  0.01        0.70698007  0.        ]
at minimum 0.0594 accepted 1  with params [-4.95488132  0.69641343  0.12366036  0.63404496  0.35042098]
at minimum 0.0280 accepted 1  with params [-4.98962434  0.22277759  0.13652068  0.90630167  0.69264128]
at minimum 0.0267 accepted 1  with params [-5.0550749   0.51260451  0.26121928  0.66234587  0.62427469]
at minimum 0.0738 accepted 1  with params [-4.82518817  0.57572935  0.01        1.1         1.25002136]
at minimum 0.0572 accepted 1  with params [-5.17567948  0.30549487  0.5         1.1         1.76258609]
at minimum 0.0805 accepted 1  with params [-5.50230447  0.41690581  0.01        1.1         2.06154505]
at minimum 0.0345 accepted 1  with params [-5.94154258  0.86105246  0.5         0.94760996  1.81659029]
at minimum 0.0584 accepted 1  with params [-5.47545743  0.98999997  0.49999899  1.0999988   1.33685314]
at minimum 0.0549 accepted 1  with params [-5.45681628  0.99        0.05118579  0.96496656  1.59240834]
at minimum 0.0698 accepted 1  with params [-5.35884487  0.69797153  0.01        1.1         2.02730437]
at minimum 0.0855 accepted 1  with params [-4.7458333   0.20855432  0.01000073  1.09999882  2.29699082]
at minimum 0.1629 accepted 1  with params [-4.20735862 -0.09999936  0.01        1.1         2.78055246]
