./../runners.py:231: RuntimeWarning: invalid value encountered in multiply
  model_input = self.k*x_tm1
./../dsp_utils.py:9: RuntimeWarning: invalid value encountered in double_scalars
  self.state = 1./self.tau*x + (1-1./self.tau)*self.state
at minimum 0.0735 accepted 1  with params [-4.49999987  0.39999996  0.05        1.00000001  0.        ]
at minimum 0.0755 accepted 1  with params [-4.55664772  0.02256434  0.01000006  0.58432177  0.16378564]
at minimum 0.0540 accepted 1  with params [-4.95303305  0.20713459  0.11256592  0.5         0.56697041]
at minimum 0.0729 accepted 1  with params [-5.22360342 -0.1         0.01000019  0.680357    0.20049226]
at minimum 0.0452 accepted 1  with params [-4.94128465  0.33597456  0.41820357  1.06435095  0.63041584]
at minimum 0.0633 accepted 1  with params [-4.80410008 -0.1         0.5         1.1         0.40298186]
at minimum 0.0197 accepted 1  with params [-4.59473901 -0.1         0.5         1.02565107  0.75096499]
at minimum 0.0550 accepted 1  with params [-4.78313364 -0.1         0.02839144  1.1         0.71614971]
at minimum 0.0701 accepted 1  with params [-4.56037444 -0.1         0.01        0.72622557  0.98882659]
at minimum 0.0835 accepted 1  with params [-4.40774509  0.08397374  0.01588237  0.50000167  0.68598617]
at minimum 0.0616 accepted 1  with params [-4.09361541  0.06833606  0.5         0.5         0.59374573]
at minimum 0.0701 accepted 1  with params [-4.30855976  0.09241261  0.5         0.50000002  0.61561266]
at minimum 0.0551 accepted 1  with params [-4.19327506 -0.1         0.5         0.96946546  0.60692508]
at minimum 0.0743 accepted 1  with params [-4.08378183  0.39842456  0.19680459  0.88229599  0.91912348]
at minimum 0.0450 accepted 1  with params [-3.73484447  0.77579778  0.28488903  1.03950051  0.4598917 ]
at minimum 0.0912 accepted 1  with params [-3.66840997  0.58359411  0.05422755  1.09999785  0.90785167]
at minimum 0.0878 accepted 1  with params [-3.46413196  0.31096826  0.01        1.1         1.2690535 ]
at minimum 0.0933 accepted 1  with params [-3.03561304 -0.03166164  0.01        1.1         0.92396025]
at minimum 0.1272 accepted 1  with params [-3.00000103 -0.1         0.15882006  0.80019493  1.29496056]
at minimum 0.0848 accepted 1  with params [-3.20272667 -0.1         0.01        1.07210303  1.41393046]
at minimum 0.0743 accepted 1  with params [-3.60759823 -0.1         0.16536322  1.1         1.55705218]
at minimum 0.1138 accepted 1  with params [-3.49484009 -0.1         0.48104585  1.1         1.64870472]
at minimum 0.0452 accepted 1  with params [-3.46393871 -0.1         0.5         1.1         1.26719923]
at minimum 0.0717 accepted 1  with params [-3.32048217  0.06201738  0.18127077  1.1         0.93291935]
at minimum 0.0278 accepted 1  with params [-3.55386628  0.38234231  0.5         0.65572877  0.64924431]
at minimum 0.0579 accepted 1  with params [-4.03134337  0.59163899  0.5         0.50000031  0.41831793]
at minimum 0.0320 accepted 1  with params [-3.69228797  0.99        0.5         0.50000003  0.52303319]
at minimum 0.0300 accepted 1  with params [-3.87391972  0.88744167  0.49199731  0.92205007  0.09333086]
at minimum 0.0479 accepted 1  with params [-4.14789004  0.51593677  0.5         1.03785528  0.45774086]
at minimum 0.0566 accepted 1  with params [-4.64264046  0.05586315  0.10972165  0.64087961  0.30237725]
at minimum 0.0745 accepted 1  with params [-4.41608428 -0.09761485  0.01        0.864821    0.3511322 ]
at minimum 0.0594 accepted 1  with params [-4.12131608  0.31822023  0.35765876  1.1         0.11956484]
at minimum 0.0742 accepted 1  with params [-4.17541469e+00 -1.00000000e-01  1.94973568e-01  1.09999929e+00
  4.70263570e-06]
at minimum 0.0715 accepted 1  with params [-4.18413102 -0.1         0.21817467  1.1         0.29396144]
at minimum 0.0784 accepted 1  with params [-4.30651255 -0.1         0.07786449  0.6090416   0.        ]
at minimum 0.0726 accepted 1  with params [-4.78057049  0.34572029  0.01        0.50000001  0.42995918]
at minimum 0.0659 accepted 1  with params [-5.08859962e+00  4.18252053e-01  1.00000000e-02  5.00000000e-01
  1.00211887e-23]
at minimum 0.0271 accepted 1  with params [-5.21091993  0.62374835  0.13084456  0.94234454  0.        ]
at minimum 0.0500 accepted 1  with params [-5.07966634  0.99        0.01000004  0.7849678   0.24632791]
at minimum 0.0597 accepted 1  with params [-4.90570055  0.55530425  0.01        0.63783327  0.42534772]
at minimum 0.0422 accepted 1  with params [-5.22173138e+00  3.85237734e-01  2.01003176e-01  5.00000000e-01
  9.70487006e-21]
at minimum 0.0183 accepted 1  with params [-5.56371546  0.3725894   0.41508738  0.83582603  0.49477067]
at minimum 0.0566 accepted 1  with params [-5.46242502  0.54949343  0.10984209  0.67364724  0.50485908]
at minimum 0.0445 accepted 1  with params [-5.51725792  0.94090726  0.01        0.57266308  0.36963923]
at minimum 0.0548 accepted 1  with params [-5.42202895e+00  7.00799452e-01  1.00000000e-02  1.04324127e+00
  1.74367642e-15]
at minimum 0.0538 accepted 1  with params [-5.12956562  0.73036807  0.01        1.1         0.25152959]
at minimum 0.0534 accepted 1  with params [-4.87003151  0.36480512  0.01000005  0.877689    0.01870752]
at minimum 0.0175 accepted 1  with params [-5.14185791  0.57381417  0.25198363  0.70673938  0.43236049]
at minimum 0.0112 accepted 1  with params [-5.12149035  0.37466818  0.23395706  0.89251316  0.65485154]
at minimum 0.0399 accepted 1  with params [-4.67719002  0.23112026  0.15306628  0.94534612  0.67605555]
at minimum 0.0470 accepted 1  with params [-4.56840635  0.63630161  0.42825769  0.91734436  0.38653053]
at minimum 0.0833 accepted 1  with params [-4.42805157  0.44118216  0.01        0.5         0.5831926 ]
at minimum 0.0887 accepted 1  with params [-4.00198804  0.91006738  0.01        0.5         0.67933089]
at minimum 0.0750 accepted 1  with params [-4.45752238  0.71934507  0.23276393  0.52427399  0.82684521]
at minimum 0.0681 accepted 1  with params [-4.31919556  0.64058593  0.5         0.56576678  0.90964912]
at minimum 0.0594 accepted 1  with params [-4.10048508  0.44677304  0.33868536  0.84033288  0.64561246]
at minimum 0.0574 accepted 1  with params [-4.34133724  0.2247615   0.5         0.8109515   1.17158546]
at minimum 0.0701 accepted 1  with params [-4.35992604  0.06999146  0.41945264  0.5         0.94003369]
at minimum 0.0620 accepted 1  with params [-4.24786868  0.12996171  0.5         0.84441022  1.02707764]
at minimum 0.0939 accepted 1  with params [-3.85963193  0.19778759  0.5         0.54795905  1.52864594]
at minimum 0.1365 accepted 1  with params [-3.98736655 -0.03973587  0.5         0.77173777  1.88581373]
at minimum 0.0389 accepted 1  with params [-4.48306657 -0.1         0.5         1.1         2.13364416]
at minimum 0.1267 accepted 1  with params [-3.95959465 -0.1         0.49999754  0.62224537  2.24217651]
at minimum 0.1704 accepted 1  with params [-3.90968291 -0.1         0.5         0.98204713  1.93917167]
at minimum 0.0594 accepted 1  with params [-4.42195687  0.26677211  0.4999989   1.09999948  1.63063379]
at minimum 0.0119 accepted 1  with params [-4.87152077 -0.09999999  0.49999992  1.09999989  2.0831602 ]
at minimum 0.0103 accepted 1  with params [-5.04422621  0.29589017  0.49999615  1.09999528  2.58297327]
at minimum 0.0241 accepted 1  with params [-5.17783042  0.79383999  0.49999983  1.1         2.4319293 ]
at minimum 0.0369 accepted 1  with params [-4.67480979  0.87089078  0.37311072  0.74503426  2.04532014]
at minimum 0.2655 accepted 1  with params [-4.69472265  0.98999994  0.49999997  1.09999979  2.59525518]
at minimum 0.0652 accepted 1  with params [-4.67475585  0.45603595  0.08419336  0.65170469  2.12713517]
at minimum 0.0362 accepted 1  with params [-4.93720514  0.61857523  0.18111834  0.75392801  1.79758752]
at minimum 0.0931 accepted 1  with params [-5.45513637  0.17479661  0.01        0.5         1.61834605]
at minimum 0.0857 accepted 1  with params [-5.03442572  0.03041621  0.01        0.5         2.04040295]
at minimum 0.1070 accepted 1  with params [-5.55353635 -0.1         0.01        0.5         1.90599442]
at minimum 0.0702 accepted 1  with params [-5.19790415 -0.1         0.01000034  0.87777998  1.72157533]
at minimum 0.0163 accepted 1  with params [-5.19741778  0.45097464  0.22091451  0.83456682  1.28610651]
at minimum 0.0184 accepted 1  with params [-5.55108082  0.41638224  0.49999964  0.91515393  1.15547487]
at minimum 0.0427 accepted 1  with params [-6.          0.19537047  0.49999992  1.0520254   0.74527556]
at minimum 0.0518 accepted 1  with params [-5.92435215 -0.1         0.5         1.1         1.04223175]
at minimum 0.0685 accepted 1  with params [-5.5467167   0.29833538  0.17968975  0.57066666  1.51690994]
at minimum 0.0502 accepted 1  with params [-5.52688879 -0.1         0.5         0.5         1.96944826]
at minimum 0.0425 accepted 1  with params [-5.48220397 -0.1         0.5         0.5         1.58871427]
at minimum 0.0927 accepted 0  with params [-5.99999554 -0.1         0.452684    0.57835592  1.91632383]
at minimum 0.1080 accepted 1  with params [-5.76150834 -0.1         0.13481344  0.5         2.10562352]
at minimum 0.0489 accepted 1  with params [-5.5528007   0.21927682  0.49999792  0.5         2.28646732]
at minimum 0.0794 accepted 1  with params [-5.77979953  0.64012778  0.14421599  0.5         1.86795676]
at minimum 0.0770 accepted 1  with params [-5.24065737  0.65867992  0.04026185  0.50000006  2.42087364]
at minimum 0.0411 accepted 1  with params [-4.9306231   0.68245975  0.47781457  0.50000004  2.35332171]
at minimum 0.0219 accepted 1  with params [-4.82845089  0.38046958  0.5         0.8748485   2.48462643]
at minimum 0.0933 accepted 1  with params [-4.49125916 -0.07764812  0.5         0.5         2.6351829 ]
at minimum 0.0120 accepted 1  with params [-4.97300468  0.33231995  0.49999917  1.055005    2.58381962]
at minimum 0.0696 accepted 1  with params [-5.23829413  0.87042696  0.01000003  0.60572446  3.01700663]
at minimum 0.0707 accepted 1  with params [-5.07364672  0.88631539  0.01000146  0.51785475  2.85106731]
at minimum 0.0215 accepted 1  with params [-4.77341869  0.99        0.01000038  0.58495393  2.86483274]
at minimum 0.0227 accepted 1  with params [-4.58853923  0.98999814  0.19172693  0.73304175  2.341554  ]
at minimum 0.0284 accepted 1  with params [-4.6852923   0.99        0.4996538   0.5         2.58123924]
at minimum 0.0227 accepted 1  with params [-4.4633119   0.99        0.5         0.5         2.20181536]
at minimum 0.0317 accepted 1  with params [-3.97598819  0.99        0.01        0.5         1.93491775]
at minimum 0.6129 accepted 0  with params [-3.5334714   0.99        0.24379606  0.5         1.80988485]
at minimum 0.0222 accepted 1  with params [-3.44183243  0.99        0.01        0.5         1.65967529]
at minimum 0.0827 accepted 1  with params [-3.99621763  0.55642419  0.01        0.5         1.72438777]
at minimum 0.2518 accepted 1  with params [-3.85550686  0.99        0.3074027   0.5         2.25707329]
at minimum 0.0221 accepted 1  with params [-3.80673212  0.99        0.01        0.5         2.28592807]
at minimum 0.0914 accepted 1  with params [-3.53638798  0.40721481  0.27655863  0.69107365  2.67991835]
at minimum 0.0213 accepted 1  with params [-4.12110134  0.99        0.01        0.54731343  3.25092656]
at minimum 0.0665 accepted 1  with params [-3.68101213  0.99        0.32528685  0.5         2.8329324 ]
at minimum 0.0827 accepted 1  with params [-3.18924579  0.99        0.5         0.69558712  3.33428883]
at minimum 0.0202 accepted 1  with params [-3.18412845  0.99        0.5         0.80270067  3.05458816]
at minimum 839920861352406155005828389218177674903552.0000 accepted 0  with params [-3.0641488   0.63730641  0.5         0.5         3.22214948]
at minimum 100000000000000000000.0000 accepted 0  with params [-3.          0.88073819  0.5         1.1         3.26011167]
at minimum 100000000000000000000.0000 accepted 0  with params [-3.          0.99        0.5         0.89321202  3.39545305]
at minimum 0.0315 accepted 1  with params [-3.09771216  0.99        0.5         1.08503901  2.84459921]
at minimum 100000000000000000000.0000 accepted 0  with params [-3.00246241  0.99        0.10183758  0.75052792  3.44122622]
at minimum 0.0753 accepted 1  with params [-6.          0.54761667  0.49999853  0.50477641  3.05484929]
at minimum 0.0832 accepted 1  with params [-5.62924543  0.05118583  0.09760585  1.04615087  2.70830856]
at minimum 0.1026 accepted 1  with params [-5.9593344   0.14543435  0.01        0.80845449  2.75990087]
at minimum 0.0781 accepted 1  with params [-5.74955548  0.55281442  0.06793028  0.71983312  2.5710341 ]
at minimum 0.1061 accepted 1  with params [-5.56059821 -0.03145304  0.01        0.5         2.15916166]
at minimum 0.0867 accepted 1  with params [-5.88458427 -0.1         0.5         0.53967646  2.73613559]
at minimum 0.0618 accepted 1  with params [-5.84906754 -0.1         0.5         0.85527411  2.54441052]
at minimum 0.1038 accepted 1  with params [-5.36032905 -0.0312884   0.01        1.1         3.01570076]
at minimum 0.0480 accepted 1  with params [-5.68219449 -0.1         0.37805815  1.02338676  2.43017968]
at minimum 0.0690 accepted 1  with params [-5.10609714  0.10288378  0.10087983  0.51679868  1.88094226]
at minimum 0.0135 accepted 1  with params [-5.06089631 -0.09999997  0.5         0.86160081  2.20341869]
at minimum 0.0758 accepted 0  with params [-5.57644156e+00 -5.53779199e-04  2.18508074e-01  8.76590655e-01
  2.79367305e+00]
at minimum 0.0578 accepted 1  with params [-5.3249937   0.10277993  0.5         0.5         2.71359208]
at minimum 0.0579 accepted 1  with params [-5.82120464  0.58489134  0.5         0.5         2.31483357]
at minimum 0.0436 accepted 1  with params [-5.26966015  0.95571869  0.22184189  0.5         2.29376188]
at minimum 0.0560 accepted 1  with params [-4.84844455  0.98999998  0.10898331  0.54925542  1.95806242]
at minimum 0.0350 accepted 1  with params [-5.43704809  0.98999901  0.01        0.87130278  1.99737537]
at minimum 0.0266 accepted 1  with params [-4.93058988  0.99        0.41768338  0.75179713  2.32494042]
at minimum 0.0554 accepted 1  with params [-4.59260548  0.49836146  0.40362678  0.5         2.19733965]
at minimum 0.0763 accepted 1  with params [-4.55167109  0.11883043  0.07871474  0.5         1.6837565 ]
at minimum 0.0666 accepted 1  with params [-4.5404273   0.67609223  0.26121576  0.5         1.56631873]
at minimum 0.5766 accepted 1  with params [-4.0922893   0.99        0.5         0.50735279  2.08908438]
at minimum 0.4825 accepted 1  with params [-3.61111152  0.99        0.35026107  0.5         1.61574058]
at minimum 0.0791 accepted 1  with params [-3.68246391  0.77696684  0.01        0.53054695  1.49754937]
at minimum 0.0856 accepted 1  with params [-3.88349696  0.9899993   0.01        0.60474568  0.90326898]
at minimum 0.0914 accepted 1  with params [-4.09305378  0.98975769  0.01        1.03756071  0.77198867]
at minimum 0.0859 accepted 1  with params [-3.49812167  0.54218361  0.01        0.54795726  0.50494169]
at minimum 0.0920 accepted 1  with params [-4.04317946  0.10838298  0.01000006  1.04227237  0.01874574]
at minimum 0.0418 accepted 1  with params [-3.68738061  0.26186428  0.24736216  0.83559205  0.24319235]
at minimum 0.7309 accepted 1  with params [-3.32940595  0.70570963  0.4999992   1.09999902  0.71013452]
at minimum 0.0424 accepted 1  with params [-3.49353981  0.99        0.5         0.6382767   0.98045256]
at minimum 0.0492 accepted 1  with params [-3.76120747  0.99        0.5         1.04480602  1.21743949]
at minimum 0.0261 accepted 1  with params [-3.4220022   0.40972706  0.5         0.91176851  1.15093314]
at minimum 0.0939 accepted 1  with params [-3.23993723  0.98628381  0.01000006  1.1         0.69177082]
at minimum 0.0740 accepted 1  with params [-3.00000129  0.89759116  0.01000021  0.6117169   1.01851262]
at minimum 0.0949 accepted 1  with params [-3.21209414  0.99        0.01        1.1         0.76455366]
at minimum 0.0878 accepted 1  with params [-3.74571652  0.75064304  0.01        0.5408257   0.9524625 ]
at minimum 0.0394 accepted 1  with params [-3.54361171  0.98999991  0.36546524  0.5         0.7990193 ]
at minimum 0.0885 accepted 1  with params [-3.34709172  0.4454683   0.01        0.5         0.68067397]
at minimum 1.5949 accepted 0  with params [-3.00000348  0.98999938  0.499999    0.50000392  1.10842079]
at minimum 0.1019 accepted 1  with params [-3.00000185  0.48214316  0.01000033  0.50000036  0.6271362 ]
at minimum 14.7919 accepted 0  with params [-3.0000004   0.50133397  0.13994072  0.50000008  0.46780039]
at minimum 9.0239 accepted 0  with params [-3.34312465  0.99        0.01        0.5         0.4094282 ]
at minimum 0.1116 accepted 1  with params [-3.0000041   0.06008601  0.22881016  0.56718507  1.24331268]
at minimum 0.0401 accepted 1  with params [-3.66681074 -0.1         0.5         1.00729821  1.13652185]
at minimum 0.0834 accepted 1  with params [-4.23269314  0.34719997  0.12419034  1.1         0.4945336 ]
at minimum 0.0718 accepted 1  with params [-3.95303803  0.78847764  0.17493176  0.87259633  0.29030648]
at minimum 0.0439 accepted 1  with params [-4.04239255  0.4515122   0.5         1.1         0.60049314]
at minimum 0.0629 accepted 1  with params [-3.88306616  0.72994164  0.24744489  0.70073082  0.62376534]
at minimum 0.0882 accepted 1  with params [-3.20845668  0.2414309   0.01        0.5         1.13397909]
at minimum 0.0537 accepted 1  with params [-3.11676763  0.59710061  0.46950123  0.53734509  1.90250043]
at minimum 0.0635 accepted 1  with params [-3.00000022  0.43365904  0.40263277  0.50000005  1.81539874]
at minimum 0.0991 accepted 1  with params [-3.00000762  0.44110435  0.01000124  0.5         1.41377466]
at minimum 0.0581 accepted 1  with params [-3.63239607  0.11954221  0.42704373  1.1         1.20301829]
at minimum 0.0821 accepted 1  with params [-4.08954571  0.24305553  0.5         1.07244323  1.41658818]
at minimum 0.0790 accepted 1  with params [-3.5753596   0.35280807  0.5         1.1         0.73669978]
at minimum 0.0879 accepted 1  with params [-3.98466487  0.05308512  0.01        0.93254913  0.10301837]
at minimum 0.0680 accepted 1  with params [-4.46099047  0.69277619  0.5         0.5         0.        ]
at minimum 0.0243 accepted 1  with params [-4.9658418   0.13500653  0.49999988  0.50000005  0.48266651]
at minimum 0.0560 accepted 1  with params [-5.63073887 -0.09999999  0.5         0.5         1.02459714]
at minimum 0.0474 accepted 1  with params [-5.55263542 -0.1         0.5         0.50000037  0.52777755]
at minimum 0.0518 accepted 1  with params [-4.96412136  0.09754886  0.46139523  0.96818913  1.17365842]
at minimum 0.0658 accepted 1  with params [-4.83138203 -0.1         0.01        0.78381339  1.70794077]
at minimum 0.0600 accepted 1  with params [-4.90763654 -0.1         0.01        0.88062651  1.56283051]
at minimum 0.0442 accepted 1  with params [-4.90078943  0.17825848  0.39757018  1.1         1.09560134]
at minimum 0.0341 accepted 1  with params [-4.69566776  0.66819249  0.5         1.1         1.35102878]
at minimum 0.0278 accepted 1  with params [-5.21322798  0.4730585   0.5         0.93236693  1.80363051]
at minimum 0.0237 accepted 1  with params [-5.15651886  0.58495403  0.49999993  0.50000047  1.14719435]
at minimum 0.0161 accepted 1  with params [-5.48411267  0.90005611  0.5         0.83735804  1.13837162]
at minimum 0.0556 accepted 1  with params [-5.31496589  0.99        0.21316998  1.1         0.89743984]
at minimum 0.0279 accepted 1  with params [-5.69163504  0.99        0.5         0.5         1.20005768]
at minimum 0.0234 accepted 1  with params [-6.          0.99        0.5         0.5         0.98947363]
at minimum 0.1000 accepted 1  with params [-6.          0.41767951  0.01        0.5         1.63205509]
at minimum 0.1006 accepted 1  with params [-6.          0.40563655  0.01        0.5         1.55296291]
at minimum 0.0799 accepted 1  with params [-5.79771167  0.1184863   0.19816675  0.76394228  1.77578827]
at minimum 0.0363 accepted 1  with params [-5.23057547 -0.1         0.33822547  0.5         1.33465152]
at minimum 0.1369 accepted 1  with params [-5.12120114 -0.1         0.49999731  1.07022201  1.15275388]
at minimum 0.0665 accepted 1  with params [-4.91270411  0.25764169  0.5         1.1         0.63285951]
at minimum 0.0419 accepted 1  with params [-5.03986334  0.56035504  0.065707    1.1         0.67751032]
at minimum 0.0178 accepted 1  with params [-5.62913093  0.57222863  0.499998    1.05668167  1.2703686 ]
at minimum 0.0317 accepted 1  with params [-6.          0.47992607  0.5         1.1         1.3934782 ]
at minimum 0.0386 accepted 1  with params [-6.          0.92822752  0.40471796  1.08584293  1.41888828]
at minimum 0.0366 accepted 1  with params [-5.46532481  0.89840705  0.5         1.1         1.1020794 ]
at minimum 0.0262 accepted 1  with params [-5.93697127  0.75375716  0.5         1.09999991  0.5214848 ]
at minimum 0.0307 accepted 1  with params [-6.          0.49061898  0.5         1.1         0.52895846]
at minimum 0.0276 accepted 1  with params [-5.33555654  0.1128356   0.5         0.5731509   0.75682237]
at minimum 0.0214 accepted 1  with params [-4.72221299 -0.08196963  0.5         1.01654896  1.00087393]
