./../runners.py:306: RuntimeWarning: invalid value encountered in multiply
  model_input = self.k*x_tm1
./../dsp_utils.py:9: RuntimeWarning: invalid value encountered in double_scalars
  self.state = 1./self.tau*x + (1-1./self.tau)*self.state
./../runners.py:392: RuntimeWarning: invalid value encountered in double_scalars
  err_t]+([u_fb + err_t] if self.enable_combo else []))
at minimum 0.0343 accepted 1  with params [-3.683   0.8452  0.1009  0.8858 -4.    ]
at minimum 0.4736 accepted 1  with params [-3.22880656  0.99193851  0.5         1.1        -4.        ]
at minimum 1219996882000318466328935907029574981028537671560743354368.0000 accepted 0  with params [-3.          0.77295892  0.15326011  1.1        -3.99999999]
at minimum 0.0169 accepted 1  with params [-3.61736343  0.71452233  0.23498002  0.69585491 -3.99999861]
at minimum 0.0445 accepted 1  with params [-4.01160353  0.76960488  0.46967744  0.50000131 -3.99999128]
at minimum 0.0569 accepted 1  with params [-3.84560532  0.5846881   0.14821423  0.5        -3.78663273]
at minimum 0.0640 accepted 1  with params [-3.90338283  0.90943259  0.5         0.76846738 -3.76517545]
at minimum 0.0185 accepted 1  with params [-4.28299802  0.53600933  0.27182581  0.54923331 -3.99999574]
at minimum 0.0761 accepted 1  with params [-4.06513191  0.86052526  0.01        0.5        -4.        ]
at minimum 0.0459 accepted 1  with params [-4.38811924  0.52324302  0.01000012  0.78141647 -3.82435033]
at minimum 0.0584 accepted 1  with params [-4.40671285  0.56907213  0.01        0.5000019  -3.95612312]
at minimum 0.0784 accepted 1  with params [-4.72103389  0.76605342  0.0363618   0.54778479 -3.71880849]
at minimum 0.0899 accepted 1  with params [-5.11278589  0.54308739  0.01        0.5        -3.34584205]
at minimum 0.0495 accepted 1  with params [-4.94725446  0.84225404  0.31460511  0.50000075 -3.14429782]
at minimum 0.0693 accepted 1  with params [-4.87080858  0.37321244  0.04078972  0.5        -3.04522942]
at minimum 0.0802 accepted 1  with params [-4.67042955  0.          0.01        0.5        -2.98319123]
at minimum 0.0843 accepted 1  with params [-4.71642265  0.          0.01        0.5        -2.49243346]
at minimum 0.0673 accepted 1  with params [-4.31339713  0.27585599  0.01000007  0.90101312 -2.67072427]
at minimum 0.0646 accepted 1  with params [-4.33606303  0.76698287  0.01000103  0.70966311 -2.34779121]
at minimum 0.0289 accepted 1  with params [-3.9724231   1.17079381  0.3925591   0.65036119 -2.72649232]
at minimum 0.0185 accepted 1  with params [-4.14889869  1.30134622  0.5         1.01261763 -2.33663103]
at minimum 0.0531 accepted 1  with params [-4.6044492   0.97954749  0.5         1.1        -2.70128382]
at minimum 0.1250 accepted 1  with params [-4.59077375  0.52170941  0.5         1.02944873 -2.68985435]
at minimum 0.0205 accepted 1  with params [-4.34761765  0.7726372   0.36710963  0.64348547 -2.19419513]
at minimum 0.0350 accepted 1  with params [-3.96267111  0.66416772  0.15442926  1.09346346 -2.51067796]
at minimum 0.0863 accepted 1  with params [-3.52443136  0.29076697  0.01000023  1.1        -2.04635255]
at minimum 0.0849 accepted 1  with params [-3.19200189  0.1311544   0.0100006   0.80666718 -2.1712931 ]
at minimum 0.0907 accepted 1  with params [-3.49007731  0.10840666  0.01000129  0.68048184 -2.37769496]
at minimum 0.0623 accepted 1  with params [-3.76722693  0.60709803  0.01000055  1.09755513 -2.25337455]
at minimum 0.2307 accepted 1  with params [-3.73813797  0.21308782  0.37155056  1.09999879 -2.53421838]
at minimum 0.0279 accepted 1  with params [-4.15907412  0.51356113  0.09468796  1.09999913 -2.37690002]
at minimum 0.0846 accepted 1  with params [-3.8935852   0.30587679  0.30954834  1.1        -2.77979257]
at minimum 0.1012 accepted 1  with params [-3.92200224  0.11485759  0.47180869  1.09999975 -2.82420822]
at minimum 0.0577 accepted 1  with params [-4.15208317e+00  7.94080224e-07  4.42479909e-01  6.13457911e-01
 -3.24232111e+00]
at minimum 0.0356 accepted 1  with params [-4.50461387  0.37620591  0.5         0.91535609 -3.55095855]
at minimum 0.0474 accepted 1  with params [-4.96780937  0.01055265  0.10307355  0.59614617 -3.67077714]
at minimum 0.0278 accepted 1  with params [-5.10106505  0.26029203  0.3353843   0.88106424 -3.74511057]
at minimum 0.0383 accepted 1  with params [-4.99484632  0.06059555  0.29346892  1.01807652 -3.84105971]
at minimum 0.0146 accepted 1  with params [-4.69451682  0.          0.42757188  0.85836207 -4.        ]
at minimum 0.0245 accepted 1  with params [-4.96969295  0.          0.5         0.51010467 -4.        ]
at minimum 0.0264 accepted 1  with params [-5.12092605e+00  2.25919066e-16  5.00000000e-01  5.00000000e-01
 -3.56317507e+00]
at minimum 0.0462 accepted 1  with params [-4.77287659  0.21450374  0.13863324  0.5        -3.88058439]
at minimum 0.0328 accepted 1  with params [-4.82461525e+00  1.25002865e-21  2.91920657e-01  5.00000000e-01
 -4.00000000e+00]
at minimum 0.0715 accepted 1  with params [-4.94642829  0.33349668  0.0158913   0.5        -3.80123351]
at minimum 0.0679 accepted 1  with params [-5.2835341   0.15030636  0.09879989  0.61929715 -4.        ]
at minimum 0.0298 accepted 1  with params [-4.91116988  0.62088758  0.34419681  0.50000029 -4.        ]
at minimum 0.0285 accepted 1  with params [-5.37127732  0.79226522  0.5         0.78374307 -4.        ]
at minimum 0.0247 accepted 1  with params [-4.91360213  1.18108759  0.5         0.79593144 -4.        ]
at minimum 0.0508 accepted 1  with params [-5.25422041  1.00098761  0.5         0.5        -4.        ]
at minimum 0.0404 accepted 1  with params [-4.86163772  1.07988588  0.5         0.5        -4.        ]
at minimum 0.1036 accepted 1  with params [-4.50388225  0.83057684  0.5         0.89045223 -3.4830832 ]
