./../runners.py:177: RuntimeWarning: invalid value encountered in multiply
  model_input = self.k*x_tm1
./../dsp_utils.py:9: RuntimeWarning: invalid value encountered in double_scalars
  self.state = 1./self.tau*x + (1-1./self.tau)*self.state
/scratch/ar2342/miconda3/envs/eb_hyperacuity3/lib/python3.9/site-packages/scipy/optimize/_numdiff.py:576: RuntimeWarning: invalid value encountered in subtract
  df = fun(x) - f0
at minimum 0.0318 accepted 1  with params [-4.50000002  0.39999999  0.05        0.99999999]
at minimum 0.2880 accepted 1  with params [-4.58664561  0.89652887  0.46952219  1.04401174]
at minimum 0.0373 accepted 1  with params [-4.55595309  0.53969564  0.26902496  0.89763822]
at minimum 0.0131 accepted 1  with params [-4.96120216  0.0571081   0.01443851  0.83098037]
at minimum 0.0214 accepted 1  with params [-4.58178582  0.04580926  0.01        1.1       ]
at minimum 0.0247 accepted 1  with params [-4.51984747  0.06394089  0.01        1.1       ]
at minimum 0.0224 accepted 1  with params [-4.59403377 -0.1         0.14765044  1.1       ]
at minimum 0.4501 accepted 1  with params [-4.13889217 -0.1         0.5         0.717365  ]
at minimum 0.0175 accepted 1  with params [-4.53317469 -0.1         0.31296561  0.82701816]
at minimum 0.2573 accepted 0  with params [-4.09472377 -0.1         0.5         0.51713536]
at minimum 0.0160 accepted 1  with params [-4.7263872  -0.1         0.01000033  0.6124165 ]
at minimum 0.0193 accepted 1  with params [-4.52086625 -0.1         0.01        0.5       ]
at minimum 0.0359 accepted 1  with params [-4.28945257  0.35191449  0.01000022  0.5       ]
at minimum 0.4790 accepted 0  with params [-3.94129195 -0.09574668  0.01        0.77256443]
at minimum 0.7087 accepted 0  with params [-3.85895268  0.53422265  0.01        0.87433312]
at minimum 0.2465 accepted 1  with params [-4.14896337  0.76852298  0.01000001  0.67718415]
at minimum 0.3523 accepted 0  with params [-3.74071138  0.99        0.01        0.60450918]
at minimum 0.0860 accepted 1  with params [-4.3188968   0.78812728  0.19853036  0.5       ]
at minimum 0.6039 accepted 1  with params [-3.97207144  0.76129036  0.09915431  0.81974775]
at minimum 0.0618 accepted 1  with params [-4.33415105  0.63614817  0.01000113  0.72111689]
at minimum 0.0285 accepted 1  with params [-4.31856345  0.22040099  0.01        0.5       ]
at minimum 0.0415 accepted 1  with params [-4.27229558  0.34108149  0.01        0.59944445]
at minimum 0.5391 accepted 1  with params [-3.86745763  0.37226485  0.01        0.76291325]
at minimum 0.6920 accepted 1  with params [-4.03950488 -0.01307181  0.16590163  0.98208344]
at minimum 0.0543 accepted 1  with params [-6.         -0.1         0.49999965  1.1       ]
at minimum 0.0438 accepted 1  with params [-6.         -0.1         0.17347961  1.09999976]
at minimum 0.0310 accepted 1  with params [-6.          0.13791835  0.39150368  1.07713995]
at minimum 0.0266 accepted 1  with params [-6.          0.2812375   0.43008911  1.1       ]
at minimum 0.0178 accepted 1  with params [-6.          0.29620965  0.09279499  1.1       ]
at minimum 0.0248 accepted 1  with params [-5.67814122 -0.00864842  0.01        1.1       ]
at minimum 0.0441 accepted 1  with params [-5.8881663  -0.1         0.32755512  1.1       ]
at minimum 0.1421 accepted 0  with params [-5.5419292  -0.1         0.5         0.99177545]
at minimum 0.0516 accepted 1  with params [-5.56630764 -0.1         0.30790705  0.99421252]
at minimum 0.0427 accepted 1  with params [-5.48281489  0.38032632  0.33813863  0.75472619]
at minimum 0.0414 accepted 1  with params [-5.81231952  0.05002084  0.3976328   0.95612735]
at minimum 0.0515 accepted 1  with params [-6.         -0.1         0.5         0.86478853]
at minimum 0.0501 accepted 1  with params [-5.9882628  -0.1         0.5         0.69003418]
at minimum 0.0395 accepted 1  with params [-5.70116945  0.32511858  0.5         0.50943519]
at minimum 0.0225 accepted 1  with params [-5.95516034  0.48450763  0.03145467  0.64384172]
at minimum 0.0266 accepted 1  with params [-6.          0.53958595  0.06441139  0.5       ]
at minimum 0.0185 accepted 1  with params [-6.          0.82959523  0.01        0.65911767]
at minimum 0.0978 accepted 1  with params [-5.67430698  0.99        0.26137837  0.50712889]
at minimum 0.1615 accepted 1  with params [-6.          0.99        0.01684323  0.69086025]
at minimum 0.1024 accepted 1  with params [-5.59197591  0.98999512  0.01        0.5       ]
at minimum 0.0979 accepted 1  with params [-5.9565459  0.99       0.01       0.5      ]
at minimum 0.0967 accepted 1  with params [-5.95888059  0.99        0.133937    0.5       ]
at minimum 0.0259 accepted 1  with params [-5.5930205   0.52558997  0.31041546  0.77267311]
at minimum 0.0217 accepted 1  with params [-5.56247273  0.18975824  0.01        0.76187839]
at minimum 0.0130 accepted 1  with params [-5.12819828  0.1699149   0.01        1.1       ]
at minimum 0.0302 accepted 1  with params [-4.63183258  0.61386915  0.01        0.99345855]
at minimum 0.1608 accepted 1  with params [-4.20590744  0.38970397  0.01        0.96261492]
at minimum 1.1242 accepted 0  with params [-3.81161909  0.35048692  0.27325564  1.1       ]
at minimum 0.1544 accepted 1  with params [-4.26724885  0.92127096  0.18489406  0.51095391]
at minimum 0.0236 accepted 1  with params [-4.81326101  0.74781774  0.5         0.5       ]
at minimum 0.0330 accepted 1  with params [-5.3064219   0.81671516  0.5         0.5       ]
at minimum 0.1210 accepted 1  with params [-4.94791461  0.99        0.5         0.51508599]
at minimum 0.2290 accepted 1  with params [-4.61312062  0.99        0.5         0.61540608]
at minimum 0.0390 accepted 1  with params [-4.64337175  0.71266429  0.30382113  0.84858094]
at minimum 0.2977 accepted 0  with params [-5.03265859  0.99        0.13488296  0.87736043]
at minimum 0.0932 accepted 1  with params [-4.96696313  0.5776988   0.5         1.1       ]
at minimum 0.0192 accepted 1  with params [-4.86738145  0.54672279  0.01000021  1.03967668]
at minimum 0.0154 accepted 1  with params [-5.05520443  0.45438606  0.01        1.1       ]
at minimum 0.0122 accepted 1  with params [-4.99335444  0.19282511  0.01        0.88796931]
at minimum 0.0200 accepted 1  with params [-5.25271755  0.70074986  0.01        0.5       ]
at minimum 0.0335 accepted 1  with params [-5.28919389  0.93896279  0.01        0.51198109]
at minimum 0.0171 accepted 1  with params [-5.60334566  0.70988685  0.19110965  0.68336228]
at minimum 0.1622 accepted 1  with params [-5.96161035  0.99        0.01        0.69062949]
at minimum 0.3750 accepted 0  with params [-5.47855674  0.99        0.42100301  1.1       ]
at minimum 0.1477 accepted 1  with params [-6.         0.99       0.01       0.6547161]
at minimum 0.2499 accepted 0  with params [-5.69987607  0.99        0.01        0.86075507]
at minimum 0.2509 accepted 1  with params [-5.69904636  0.99        0.01        0.86225859]
at minimum 0.0161 accepted 1  with params [-5.19899051  0.54336337  0.01        0.6167968 ]
at minimum 0.1627 accepted 1  with params [-4.65002147  0.98999707  0.5         0.52203578]
at minimum 0.2186 accepted 1  with params [-4.33906096  0.99        0.5         0.5       ]
at minimum 0.2502 accepted 1  with params [-3.88288246  0.94955499  0.5         0.5       ]
at minimum 0.2500 accepted 1  with params [-3.96406776  0.90787071  0.5         0.5       ]
at minimum 0.2503 accepted 1  with params [-3.54084534  0.85165023  0.41849944  0.5       ]
at minimum 869.9183 accepted 0  with params [-3.04626529  0.63810494  0.5         0.5       ]
at minimum 0.6040 accepted 1  with params [-3.93136298  0.85594551  0.32141587  0.80416085]
at minimum 0.7393 accepted 1  with params [-4.21177485  0.9669817   0.4999999   0.92152446]
at minimum 0.2425 accepted 1  with params [-4.05932692  0.99        0.25546994  0.5       ]
at minimum 0.1527 accepted 1  with params [-4.13572424  0.76912997  0.01        0.5       ]
at minimum 0.9048 accepted 1  with params [-4.18605485  0.99        0.46592182  1.00904848]
at minimum 0.9683 accepted 1  with params [-4.27386244  0.99        0.49999991  1.06718695]
at minimum 0.2003 accepted 1  with params [-4.48921699  0.95223264  0.01        0.7644329 ]
at minimum 1.0450 accepted 1  with params [-4.14181025  0.99        0.35598717  1.1       ]
at minimum 0.4363 accepted 1  with params [-4.13315599  0.98999958  0.49999981  0.68450127]
at minimum 0.4206 accepted 1  with params [-4.40294221  0.98999973  0.49999988  0.74509279]
at minimum 0.1386 accepted 1  with params [-4.68020322  0.78761141  0.5         1.1       ]
at minimum 0.1489 accepted 1  with params [-4.41903414  0.4062841   0.5         0.64940207]
at minimum 0.0235 accepted 1  with params [-4.95344544  0.83186305  0.5         0.5       ]
at minimum 0.0849 accepted 1  with params [-5.26453784  0.78751288  0.5         1.00845086]
at minimum 0.0551 accepted 1  with params [-4.89656862  0.43700842  0.5         0.83027309]
at minimum 0.0204 accepted 1  with params [-4.80456601  0.63905191  0.46708501  0.5       ]
at minimum 0.0317 accepted 1  with params [-5.08940883  0.92385675  0.43884519  0.5000016 ]
at minimum 0.0433 accepted 1  with params [-4.72104865  0.67082323  0.5         0.89664491]
at minimum 0.0191 accepted 1  with params [-4.62024722  0.28379918  0.16473298  0.50000036]
at minimum 0.0205 accepted 1  with params [-4.61068186  0.53257216  0.01000069  0.50000083]
at minimum 0.0186 accepted 1  with params [-4.71148757  0.54966296  0.01        0.87584483]
at minimum 0.5287 accepted 1  with params [-4.9957435   0.9899917   0.01000373  1.1       ]
at minimum 0.5190 accepted 1  with params [-5.00533416  0.99        0.01        1.1       ]
at minimum 0.0411 accepted 1  with params [-5.41876477  0.87170827  0.01        1.1       ]
at minimum 0.0139 accepted 1  with params [-5.90275666  0.40300928  0.01        1.1       ]
at minimum 0.0380 accepted 1  with params [-5.83996053  0.23409901  0.5         0.70937937]
at minimum 0.0162 accepted 1  with params [-5.77955128  0.77328088  0.0722296   0.89023611]
at minimum 0.2555 accepted 1  with params [-5.66308366  0.99        0.01        0.86799704]
at minimum 0.0392 accepted 1  with params [-5.17139048  0.84302681  0.01        1.1       ]
at minimum 0.4965 accepted 0  with params [-5.0885451   0.99        0.01000007  1.09999992]
at minimum 0.0122 accepted 1  with params [-5.50656852  0.32707224  0.01        1.1       ]
at minimum 0.0145 accepted 1  with params [-5.05625667  0.18413056  0.01        0.72901785]
at minimum 0.0989 accepted 1  with params [-5.12388384 -0.1         0.5         0.5       ]
at minimum 0.0264 accepted 1  with params [-5.50138367  0.21730806  0.12515938  0.57034225]
at minimum 0.0366 accepted 1  with params [-4.97575913  0.78959014  0.01        1.1       ]
at minimum 0.1339 accepted 1  with params [-5.56043098  0.98999999  0.01000026  0.59546746]
at minimum 0.3285 accepted 1  with params [-6.          0.99        0.01        1.01064313]
at minimum 0.0671 accepted 1  with params [-5.99022482  0.93272951  0.08251452  1.1       ]
at minimum 0.0156 accepted 1  with params [-6.          0.68183712  0.21657     1.09999896]
at minimum 0.2668 accepted 0  with params [-6.          0.99        0.17794149  0.9175216 ]
at minimum 0.0798 accepted 1  with params [-5.67552822  0.41622632  0.5         1.1       ]
at minimum 0.0394 accepted 1  with params [-5.92631649  0.12132969  0.5         0.73489309]
at minimum 0.0546 accepted 1  with params [-5.65775785 -0.1         0.5         0.5       ]
at minimum 0.0948 accepted 1  with params [-5.29463052 -0.1         0.5         0.5       ]
at minimum 0.1928 accepted 1  with params [-5.12558582  0.33161432  0.5         0.9314251 ]
at minimum 0.2021 accepted 1  with params [-5.43826711 -0.0066966   0.5         1.02070843]
at minimum 0.0859 accepted 1  with params [-5.34344693 -0.1         0.5         0.5       ]
at minimum 0.0658 accepted 1  with params [-5.39655238  0.21029034  0.5         0.5       ]
at minimum 0.0349 accepted 1  with params [-5.86736287  0.22264673  0.01        0.5       ]
at minimum 0.0318 accepted 1  with params [-5.70471244  0.23972265  0.01        0.5       ]
at minimum 0.0257 accepted 1  with params [-5.52102497  0.38638814  0.01        0.5       ]
at minimum 0.0709 accepted 1  with params [-5.18926383  0.82018036  0.5         1.08584878]
at minimum 0.3492 accepted 1  with params [-5.21617812  0.98999999  0.5         1.01463327]
at minimum 0.1400 accepted 1  with params [-4.93858801  0.99        0.5         0.56117122]
at minimum 0.0431 accepted 1  with params [-5.43471866  0.66209183  0.5         0.5000019 ]
at minimum 0.0993 accepted 1  with params [-5.54758158  0.38611742  0.49999803  0.95387214]
at minimum 0.0489 accepted 1  with params [-6.         -0.08016124  0.5         0.5       ]
at minimum 0.0593 accepted 1  with params [-5.49300253  0.13274952  0.5         0.5       ]
at minimum 0.0493 accepted 1  with params [-5.92190634 -0.09999813  0.49999955  0.5       ]
at minimum 0.0478 accepted 1  with params [-5.74656671 -0.1         0.45173965  0.5       ]
at minimum 0.0466 accepted 1  with params [-5.87367811 -0.1         0.02149941  0.5       ]
at minimum 0.0264 accepted 1  with params [-6.          0.26933311  0.01000153  0.78211096]
at minimum 0.0225 accepted 1  with params [-5.4944094 -0.1        0.01       1.1      ]
at minimum 0.0480 accepted 1  with params [-6.         -0.1         0.38225158  0.67875338]
at minimum 0.1712 accepted 1  with params [-5.4500178   0.05271402  0.4999982   0.99776624]
at minimum 0.0222 accepted 1  with params [-5.98242174  0.46248895  0.427968    1.09999517]
at minimum 0.0271 accepted 1  with params [-5.99999998  0.70483695  0.49999999  1.09946221]
at minimum 0.0891 accepted 1  with params [-5.61846149  0.50032145  0.5         1.1       ]
at minimum 0.1736 accepted 1  with params [-5.51363577 -0.04584555  0.5         1.1       ]
at minimum 0.1414 accepted 1  with params [-5.47564117  0.34203696  0.46329009  1.1       ]
at minimum 0.0954 accepted 1  with params [-5.04933059 -0.1         0.39714579  0.55508405]
at minimum 0.0600 accepted 1  with params [-5.05637911  0.34149277  0.43930545  0.50000135]
at minimum 0.1652 accepted 1  with params [-5.43346702  0.51523781  0.5         1.1       ]
at minimum 0.4974 accepted 1  with params [-4.89814658  0.99        0.13703645  1.1       ]
at minimum 0.4296 accepted 1  with params [-5.41822101  0.99        0.01        1.1       ]
at minimum 0.1901 accepted 1  with params [-6.          0.99        0.01000166  0.75707623]
at minimum 0.3272 accepted 1  with params [-5.52417956  0.99        0.41280075  1.02808831]
at minimum 0.3690 accepted 1  with params [-6.          0.99        0.44224835  1.1       ]
at minimum 0.3393 accepted 1  with params [-5.54860175  0.99        0.5         1.04471536]
at minimum 0.0134 accepted 1  with params [-5.68749571  0.39912786  0.01000008  1.01845365]
at minimum 0.0203 accepted 1  with params [-5.07708585  0.40172463  0.01000005  0.50000006]
at minimum 0.0406 accepted 0  with params [-4.64366165  0.71951402  0.49999836  0.500002  ]
at minimum 0.0216 accepted 1  with params [-5.23626791  0.70656869  0.20568543  0.6199884 ]
at minimum 0.0286 accepted 1  with params [-4.97309339  0.64334591  0.5         0.50000015]
at minimum 0.0388 accepted 1  with params [-4.65087076  0.70306945  0.5         0.5       ]
at minimum 0.5300 accepted 1  with params [-4.99438685  0.99        0.01        1.1       ]
at minimum 0.0969 accepted 1  with params [-5.40546094  0.99        0.49999988  0.50000015]
at minimum 0.2196 accepted 1  with params [-5.66787489  0.98999999  0.5         0.84023297]
at minimum 0.4767 accepted 1  with params [-5.04731386  0.99        0.01        1.06232159]
at minimum 0.1567 accepted 1  with params [-5.63216052  0.99        0.37681968  0.69287614]
at minimum 0.2260 accepted 1  with params [-5.31032229  0.99        0.01        0.77394303]
at minimum 0.0581 accepted 1  with params [-5.08929475  0.34392619  0.39666712  0.5       ]
at minimum 0.0470 accepted 1  with params [-4.71822559  0.90905208  0.06033272  0.61384617]
at minimum 0.0204 accepted 1  with params [-4.4235126   0.23251299  0.01        0.66977536]
at minimum 0.3937 accepted 1  with params [-4.08351482 -0.1         0.01000012  1.09070566]
at minimum 0.4985 accepted 1  with params [-3.88012902  0.16762197  0.5         0.7267396 ]
at minimum 0.0352 accepted 1  with params [-4.56218026  0.25109206  0.5         0.62985676]
at minimum 0.2484 accepted 1  with params [-5.16896391 -0.08845933  0.5         0.86075574]
at minimum 0.0495 accepted 1  with params [-5.79535343 -0.1         0.49999997  0.5215079 ]
at minimum 0.0510 accepted 1  with params [-5.8783006  -0.1         0.5         0.71226205]
at minimum 0.0125 accepted 1  with params [-5.25400819  0.36721467  0.01        1.09999799]
at minimum 0.0717 accepted 1  with params [-4.84013964  0.14556729  0.5         0.80451342]./../fitting_utils.py:28: RuntimeWarning: Mean of empty slice
  pooling_fun = lambda x,y: np.nanmean((x-y)**2)

at minimum 0.4998 accepted 1  with params [-4.18474887 -0.09999998  0.27768455  0.96471184]
at minimum 0.1010 accepted 1  with params [-4.50550908 -0.0850415   0.48330411  1.1       ]
at minimum 0.3926 accepted 1  with params [-4.1253359  -0.0999984   0.34548786  0.70285252]
at minimum 0.2168 accepted 1  with params [-3.97745972  0.34288203  0.11842411  0.5       ]
at minimum 0.2503 accepted 1  with params [-3.72084909  0.87015457  0.01        0.5       ]
at minimum 1.0471 accepted 1  with params [-3.66174021  0.98983033  0.49444603  1.06121912]
at minimum 0.6570 accepted 1  with params [-3.73751426  0.83505121  0.01        0.83805561]
at minimum 100000000000000000000.0000 accepted 0  with params [-3.28554499  0.99        0.5         0.5       ]
at minimum 1.0388 accepted 0  with params [-3.34245038  0.99        0.26093615  1.1       ]
at minimum 1.0650 accepted 1  with params [-3.93659632  0.47266828  0.10046172  1.09999658]
at minimum 0.7321 accepted 1  with params [-4.55887584  0.99        0.48184015  1.1       ]
at minimum 0.1131 accepted 1  with params [-5.08369917  0.55109523  0.49999987  0.92585905]
at minimum 0.3738 accepted 1  with params [-5.73917893  0.99        0.34871966  1.1       ]
at minimum 0.0343 accepted 1  with params [-5.90454436  0.57000256  0.5         1.1       ]
at minimum 0.0210 accepted 1  with params [-6.          0.47625524  0.28669668  0.71978375]
at minimum 0.1702 accepted 1  with params [-5.75980885  0.97509327  0.5         1.1       ]
at minimum 0.4119 accepted 1  with params [-5.36655342  0.98998925  0.13857959  1.09999408]
at minimum 0.3315 accepted 1  with params [-4.68426824  0.99        0.49999999  0.78596645]
at minimum 0.2466 accepted 1  with params [-4.1195606   0.98999997  0.49999998  0.50000001]
at minimum 0.0933 accepted 1  with params [-5.99999969  0.9899986   0.49999892  0.50000027]
at minimum 0.0961 accepted 1  with params [-5.45559656  0.99        0.5         0.5       ]
at minimum 0.0940 accepted 1  with params [-5.6303016  0.99       0.5        0.5      ]
at minimum 0.1034 accepted 1  with params [-5.06961541  0.98999981  0.4029147   0.50000065]
at minimum 0.0236 accepted 1  with params [-5.71787166  0.58585513  0.0991888   0.5       ]
at minimum 0.0222 accepted 1  with params [-5.39006101  0.41964484  0.01000073  0.52919142]
at minimum 0.0212 accepted 1  with params [-4.91071067  0.02074648  0.01        0.5       ]
at minimum 0.0321 accepted 1  with params [-5.2854716  -0.1         0.13844856  0.5       ]
at minimum 0.0445 accepted 1  with params [-5.71577401 -0.1         0.34976736  0.5       ]
at minimum 0.0461 accepted 1  with params [-5.49626429  0.50166868  0.5         0.5       ]
at minimum 0.0509 accepted 1  with params [-5.9333543  -0.1         0.5         0.74005656]
at minimum 0.0494 accepted 1  with params [-6.         -0.09999869  0.45566837  0.5       ]
at minimum 0.0492 accepted 1  with params [-6.        -0.1        0.2701843  0.5      ]
at minimum 0.0219 accepted 1  with params [-6.          0.58418811  0.5         0.74192374]
at minimum 0.0407 accepted 1  with params [-5.97429848 -0.0748815   0.01        1.1       ]
at minimum 0.0664 accepted 1  with params [-5.25541373 -0.09999938  0.20086768  1.1       ]
at minimum 0.0747 accepted 1  with params [-4.66229621 -0.1         0.37659497  1.1       ]
at minimum 0.0999 accepted 1  with params [-4.51645196  0.04471136  0.5         0.92497825]
at minimum 1.1014 accepted 1  with params [-3.87931762  0.42689354  0.01        1.1       ]
at minimum 0.5829 accepted 1  with params [-4.1528743   0.35182189  0.20639405  1.1       ]
at minimum 0.9214 accepted 1  with params [-4.01032103  0.58301111  0.01        1.09999863]
at minimum 0.1847 accepted 1  with params [-4.27360469 -0.1         0.3091842   0.72714554]
at minimum 0.2495 accepted 1  with params [-3.41976486  0.6767572   0.4051513   0.5       ]
at minimum inf accepted 0  with params [-3.02748471  0.07952068  0.5         0.5       ]
at minimum 1.1054 accepted 1  with params [-3.55705393  0.99        0.5         1.09046426]
at minimum 0.3601 accepted 1  with params [-5.58426933  0.99        0.49999976  1.08107572]
at minimum 0.4053 accepted 1  with params [-5.52850555  0.99        0.0932671   1.1       ]
at minimum 0.0319 accepted 1  with params [-6.          0.34996968  0.19878871  0.50228806]
at minimum 0.0294 accepted 1  with params [-5.42209811  0.31126254  0.2309801   0.5       ]
at minimum 0.0899 accepted 1  with params [-5.66800521  0.13389318  0.49999969  1.1       ]
at minimum 0.0122 accepted 1  with params [-5.29368176  0.36861988  0.01        1.1       ]
at minimum 0.0156 accepted 1  with params [-5.46779882  0.64322009  0.01        1.1       ]
at minimum 0.0212 accepted 1  with params [-6.          0.78345929  0.01        1.1       ]
at minimum 0.3881 accepted 1  with params [-6.    0.99  0.01  1.1 ]
at minimum 0.3689 accepted 1  with params [-6.          0.99        0.43325961  1.1       ]
at minimum 0.0197 accepted 1  with params [-5.98195333  0.49232465  0.11078728  0.73005219]
at minimum 0.0131 accepted 1  with params [-6.          0.50138376  0.16276501  1.1       ]
at minimum 0.0181 accepted 1  with params [-6.          0.82540028  0.29326371  0.74351174]
at minimum 0.0189 accepted 1  with params [-5.43647697  0.79660873  0.01        0.90206301]
at minimum 0.3586 accepted 0  with params [-5.02493681  0.98999864  0.02784579  0.91840504]
at minimum 0.3672 accepted 1  with params [-6.    0.99  0.5   1.1 ]
at minimum 0.2235 accepted 1  with params [-6.          0.99        0.32680318  0.84364844]
at minimum 0.3727 accepted 1  with params [-5.99999857  0.98998282  0.33396805  1.09999813]
at minimum 0.0589 accepted 1  with params [-5.42671722  0.91145016  0.0667201   1.1       ]
at minimum 0.0344 accepted 1  with params [-5.95847917  0.95097901  0.5         0.53311469]
at minimum 0.0977 accepted 0  with params [-6.          0.99        0.01000104  0.5       ]
at minimum 0.0934 accepted 1  with params [-6.    0.99  0.5   0.5 ]
at minimum 0.1901 accepted 1  with params [-6.         0.99       0.01       0.7564833]
at minimum 0.0879 accepted 1  with params [-5.50758552  0.8204226   0.5         1.09999979]
at minimum 0.4210 accepted 1  with params [-5.49034085  0.99        0.01        1.1       ]
at minimum 0.0681 accepted 1  with params [-5.5032175   0.86304752  0.49999943  1.03169319]
at minimum 0.0133 accepted 1  with params [-5.99999991  0.61729273  0.01        1.09999899]
at minimum 0.0499 accepted 1  with params [-6.         -0.09999997  0.5         0.68716917]
at minimum 0.1593 accepted 1  with params [-5.29939371  0.66487064  0.5         1.09699288]
at minimum 0.0138 accepted 1  with params [-6.          0.50137932  0.01        1.01932238]
at minimum 0.0939 accepted 1  with params [-5.80467003  0.98999951  0.3943545   0.5       ]
at minimum 0.0206 accepted 1  with params [-5.70759498  0.79367848  0.01        0.5229546 ]
at minimum 0.0484 accepted 1  with params [-5.49738799  0.42417781  0.49999601  0.5       ]
at minimum 0.0225 accepted 1  with params [-5.59750269  0.27568284  0.01        0.68799734]
at minimum 0.1073 accepted 1  with params [-5.20784386  0.95937628  0.01000279  0.95646214]
at minimum 0.0122 accepted 1  with params [-5.17172292  0.4679481   0.01000098  0.96178396]
at minimum 0.0225 accepted 1  with params [-5.20514786  0.33679545  0.09440559  0.50658517]
at minimum 0.0233 accepted 1  with params [-5.2414794   0.27509462  0.04483338  0.5       ]
at minimum 0.0290 accepted 1  with params [-5.81563854  0.5865832   0.5         0.5       ]
at minimum 0.0621 accepted 1  with params [-5.87782153 -0.1         0.5         1.09777714]
at minimum 0.0494 accepted 1  with params [-6.         -0.1         0.47072367  0.54684633]
at minimum 0.0516 accepted 1  with params [-6.         -0.1         0.5         0.86234047]
at minimum 0.0178 accepted 1  with params [-5.69028812  0.16526583  0.01000131  1.1       ]
at minimum 0.0311 accepted 1  with params [-5.70820183 -0.1         0.08266754  1.1       ]
at minimum 0.0224 accepted 1  with params [-5.47941482  0.36691141  0.18883669  1.09999995]
at minimum 0.0134 accepted 1  with params [-4.96692126  0.03064779  0.01        0.82288436]
at minimum 0.0388 accepted 1  with params [-5.15337496  0.70399408  0.4242107   0.60686662]
at minimum 0.6608 accepted 1  with params [-4.31630517  0.02058945  0.4999998   1.09999856]
at minimum 0.0379 accepted 1  with params [-4.78984632  0.05330264  0.5         0.5       ]
at minimum 0.2131 accepted 1  with params [-5.45469532 -0.1         0.5         1.030188  ]
at minimum 0.0993 accepted 1  with params [-5.24563941 -0.1         0.5         0.5       ]
at minimum 0.0485 accepted 1  with params [-5.77330281 -0.07922213  0.5         0.5       ]
at minimum 0.0609 accepted 1  with params [-5.77750226 -0.1         0.4890199   0.8849597 ]
at minimum 0.0450 accepted 1  with params [-6.         -0.0508434   0.01        0.66853703]
at minimum 0.0291 accepted 1  with params [-5.25992037 -0.09999827  0.01000068  0.50000079]
at minimum 0.0311 accepted 1  with params [-5.01668178  0.66033389  0.5         0.5       ]
at minimum 0.0204 accepted 1  with params [-5.38271667  0.73121633  0.01        0.50000057]
at minimum 0.0298 accepted 1  with params [-5.31247495  0.92720176  0.22319445  0.50000033]
at minimum 0.0278 accepted 1  with params [-6.          0.37317051  0.1404281   0.59577629]
at minimum 0.0544 accepted 1  with params [-5.92807772 -0.06555478  0.5         1.1       ]
at minimum 0.0489 accepted 1  with params [-6.         -0.1         0.32910733  0.5       ]
at minimum 0.1084 accepted 1  with params [-5.56328774  0.56029211  0.5         1.1       ]
at minimum 0.0148 accepted 1  with params [-6.          0.39546137  0.01        1.0999997 ]
at minimum 0.3882 accepted 0  with params [-6.    0.99  0.01  1.1 ]
at minimum 0.0438 accepted 1  with params [-6.         -0.1         0.16772636  1.1       ]
at minimum 0.2725 accepted 1  with params [-5.3970626  -0.06699524  0.5         1.1       ]
at minimum 0.0147 accepted 1  with params [-5.84861316  0.59414229  0.21229446  1.1       ]
at minimum 0.0258 accepted 1  with params [-6.          0.46685286  0.5         1.04030516]
at minimum 0.0161 accepted 1  with params [-5.64430628  0.40367036  0.01000283  0.83682581]
at minimum 0.0218 accepted 1  with params [-5.62571102  0.67260308  0.01000066  0.5       ]
at minimum 0.0939 accepted 0  with params [-5.71582203  0.98999909  0.5         0.5       ]
at minimum 0.0573 accepted 1  with params [-4.98703818  0.31767932  0.5         0.5       ]
at minimum 0.0395 accepted 1  with params [-4.31961848  0.55032587  0.04381621  0.5       ]
at minimum 0.6910 accepted 0  with params [-3.64196895  0.39857416  0.10933567  0.85991183]
at minimum 0.0457 accepted 1  with params [-4.51088056  0.39719556  0.31789964  0.88777062]
at minimum 0.0430 accepted 1  with params [-4.68047156 -0.09999898  0.49999954  1.09999944]
at minimum 1.1238 accepted 0  with params [-3.93562828  0.56616829  0.5         1.1       ]
