at minimum 0.0209 accepted 1  with params [-3.68299958  0.84520071  0.10090025  0.88580013 -3.99999753]
at minimum 0.0113 accepted 1  with params [-3.63418608  1.06039008  0.20366363  0.93068332 -4.        ]
at minimum 0.0198 accepted 1  with params [-3.41899671  1.16315345  0.24854681  0.85433811 -3.85410589]
at minimum 0.0203 accepted 1  with params [-3.20380735  1.26591683  0.29342999  0.66934237 -3.70821177]
at minimum 0.0242 accepted 1  with params [-3.30049009  1.36868021  0.40297488  0.67041292 -3.56231766]
at minimum 0.0343 accepted 1  with params [-3.08530072  1.47144358  0.44785806  0.5        -3.41642355]
at minimum 0.0178 accepted 1  with params [-4.0539896   1.57420696  0.5         1.1        -3.27052943]
at minimum 0.0199 accepted 1  with params [-3.83880023  1.67697034  0.5         1.0282708  -3.12463532]
at minimum 0.0231 accepted 1  with params [-3.62361062  1.73703702  0.5         0.88026279 -2.97874121]
at minimum 0.0270 accepted 1  with params [-3.40604841  1.83980039  0.5         0.72480506 -2.8328471 ]
at minimum 0.0310 accepted 1  with params [-3.19085905  1.94256377  0.5         0.5        -2.68695298]
at minimum 0.0207 accepted 1  with params [-3.77759096  2.          0.5         1.1        -4.        ]
at minimum 0.0219 accepted 1  with params [-3.6970451   2.          0.5         1.04303896 -3.85410589]
at minimum 0.0257 accepted 1  with params [-3.48180547  2.          0.5         0.83254596 -3.70821177]
at minimum 0.0294 accepted 1  with params [-3.2666161   2.          0.5         0.59037039 -3.56231766]
at minimum 0.0740 accepted 1  with params [-3.05142674  2.          0.5         0.5        -3.41642355]
at minimum 0.0267 accepted 1  with params [-4.25459908  2.          0.5         1.1        -4.        ]
at minimum 0.0204 accepted 1  with params [-3.83865878  2.          0.5         1.1        -3.85410589]
at minimum 0.0232 accepted 1  with params [-3.62346942  2.          0.5         0.97202913 -3.70821177]
at minimum 0.0270 accepted 1  with params [-3.40828005  2.          0.5         0.75575397 -3.56231766]
at minimum 0.0309 accepted 1  with params [-3.19309069  2.          0.5         0.5        -3.41642355]
at minimum 0.0267 accepted 1  with params [-4.25459908  2.          0.5         1.1        -4.        ]
at minimum 0.0204 accepted 1  with params [-3.83865878  2.          0.5         1.1        -3.85410589]
at minimum 0.0232 accepted 1  with params [-3.62346942  2.          0.5         0.97202913 -3.70821177]
at minimum 0.0270 accepted 1  with params [-3.40828005  2.          0.5         0.75575397 -3.56231766]
at minimum 0.0309 accepted 1  with params [-3.19309069  2.          0.5         0.5        -3.41642355]
at minimum 0.0267 accepted 1  with params [-4.25459908  2.          0.5         1.1        -4.        ]
at minimum 0.0204 accepted 1  with params [-3.83865878  2.          0.5         1.1        -3.85410589]
at minimum 0.0232 accepted 1  with params [-3.62346942  2.          0.5         0.97202913 -3.70821177]
at minimum 0.0270 accepted 1  with params [-3.40828005  2.          0.5         0.75575397 -3.56231766]
at minimum 0.0309 accepted 1  with params [-3.19309069  2.          0.5         0.5        -3.41642355]
at minimum 0.0267 accepted 1  with params [-4.25459908  2.          0.5         1.1        -4.        ]
at minimum 0.0204 accepted 1  with params [-3.83865878  2.          0.5         1.1        -3.85410589]
at minimum 0.0232 accepted 1  with params [-3.62346942  2.          0.5         0.97202913 -3.70821177]
at minimum 0.0270 accepted 1  with params [-3.40828005  2.          0.5         0.75575397 -3.56231766]
at minimum 0.0309 accepted 1  with params [-3.19309069  2.          0.5         0.5        -3.41642355]
at minimum 0.0267 accepted 1  with params [-4.25459908  2.          0.5         1.1        -4.        ]
at minimum 0.0204 accepted 1  with params [-3.83865878  2.          0.5         1.1        -3.85410589]
at minimum 0.0232 accepted 1  with params [-3.62346942  2.          0.5         0.97202913 -3.70821177]
at minimum 0.0270 accepted 1  with params [-3.40828005  2.          0.5         0.75575397 -3.56231766]
at minimum 0.0309 accepted 1  with params [-3.19309069  2.          0.5         0.5        -3.41642355]
at minimum 0.0267 accepted 1  with params [-4.25459908  2.          0.5         1.1        -4.        ]
at minimum 0.0204 accepted 1  with params [-3.83865878  2.          0.5         1.1        -3.85410589]
at minimum 0.0232 accepted 1  with params [-3.62346942  2.          0.5         0.97202913 -3.70821177]
at minimum 0.0270 accepted 1  with params [-3.40828005  2.          0.5         0.75575397 -3.56231766]
at minimum 0.0309 accepted 1  with params [-3.19309069  2.          0.5         0.5        -3.41642355]
at minimum 0.0267 accepted 1  with params [-4.25459908  2.          0.5         1.1        -4.        ]
at minimum 0.0204 accepted 1  with params [-3.83865878  2.          0.5         1.1        -3.85410589]
at minimum 0.0232 accepted 1  with params [-3.62346942  2.          0.5         0.97202913 -3.70821177]
at minimum 0.0270 accepted 1  with params [-3.40828005  2.          0.5         0.75575397 -3.56231766]
at minimum 0.0322 accepted 1  with params [-3.16918076  2.          0.5         0.5        -3.40021309]
