./../runners.py:231: RuntimeWarning: invalid value encountered in multiply
  model_input = self.k*x_tm1
./../dsp_utils.py:9: RuntimeWarning: invalid value encountered in double_scalars
  self.state = 1./self.tau*x + (1-1./self.tau)*self.state
at minimum 0.0765 accepted 1  with params [-4.50000036  0.39999985  0.04999999  0.99999998  0.        ]
at minimum 0.0823 accepted 1  with params [-4.47709405 -0.0087484   0.01        1.1         0.41008356]
at minimum 0.0628 accepted 1  with params [-4.45254391  0.32186455  0.23747455  1.1         0.4440834 ]
at minimum 0.0122 accepted 1  with params [-4.8657591   0.40057218  0.5         0.73993697  0.16661157]
at minimum 0.0348 accepted 1  with params [-5.0516983   0.69115971  0.15889623  0.70510974  0.57425676]
at minimum 0.0540 accepted 1  with params [-5.22395624  0.99        0.20086574  1.01992862  0.08608625]
at minimum 0.0563 accepted 1  with params [-5.12231853e+00  6.09852341e-01  1.00000000e-02  1.10000000e+00
  9.54411029e-16]
at minimum 0.0571 accepted 1  with params [-5.02928075  0.99        0.36857799  1.1         0.15915608]
at minimum 0.0877 accepted 1  with params [-4.54973566  0.99        0.01        1.05763107  0.48147463]
at minimum 0.0605 accepted 1  with params [-4.97913185  0.67451689  0.01720922  1.1         0.60562366]
at minimum 0.0636 accepted 1  with params [-5.43719706  0.59485039  0.01        1.1         0.41096938]
at minimum 0.0549 accepted 1  with params [-5.02938508e+00  9.90000000e-01  3.53951313e-01  9.88150514e-01
  6.13691321e-15]
at minimum 0.0147 accepted 1  with params [-4.90511267  0.64991089  0.49999995  0.78472614  0.03198103]
at minimum 0.0311 accepted 1  with params [-5.11784979  0.82991697  0.21443566  0.73850081  0.43542451]
at minimum 0.0496 accepted 1  with params [-5.57218269  0.99        0.5         1.03826119  0.02136569]
at minimum 0.0819 accepted 1  with params [-5.81077228  0.99        0.5         1.1         0.42148831]
at minimum 0.0285 accepted 1  with params [-5.74285972  0.64131115  0.33111241  1.09999997  0.34807765]
at minimum 0.0249 accepted 1  with params [-5.91807877  0.38419378  0.5         1.1         0.57574119]
at minimum 0.0167 accepted 1  with params [-5.45588223  0.25227781  0.45777218  0.79875374  0.56712952]
at minimum 0.0267 accepted 1  with params [-5.1390865   0.03973123  0.32347323  0.916907    1.05226503]
at minimum 0.0186 accepted 1  with params [-4.90033298 -0.09999956  0.49999999  0.72271266  0.99713905]
at minimum 0.0243 accepted 1  with params [-4.88972451e+00 -4.77818848e-03  2.71467061e-01  5.63962461e-01
  1.00378412e+00]
at minimum 0.0219 accepted 1  with params [-4.99646474 -0.04994718  0.47528478  0.50000004  0.61206665]
at minimum 0.0330 accepted 1  with params [-5.42612707 -0.1         0.5         0.50000017  0.38894422]
at minimum 0.0279 accepted 1  with params [-5.27466433 -0.1         0.43011101  0.68586927  0.00783864]
at minimum 0.0536 accepted 1  with params [-5.72915676  0.02939852  0.5         0.57361467  0.01162496]
at minimum 0.0482 accepted 1  with params [-5.84361548e+00 -1.00000000e-01  5.00000000e-01  8.92545835e-01
  1.04857584e-14]
at minimum 0.0507 accepted 1  with params [-5.87686787 -0.1         0.5         0.91555447  0.        ]
at minimum 0.0911 accepted 1  with params [-6.  -0.1  0.5  0.5  0. ]
at minimum 0.0787 accepted 1  with params [-6.          0.29778004  0.34075124  0.64321117  0.        ]
at minimum 0.0175 accepted 1  with params [-5.68658183e+00  7.07014200e-01  5.00000000e-01  1.10000000e+00
  3.05924543e-10]
at minimum 0.0700 accepted 1  with params [-5.40323434  0.29155846  0.5         1.1         0.39801625]
at minimum 0.0347 accepted 1  with params [-5.14921794 -0.04177605  0.27746183  1.01483267  0.23865638]
at minimum 0.0157 accepted 1  with params [-5.29875011e+00  3.04467564e-01  1.89742473e-01  1.10000000e+00
  1.36484201e-07]
at minimum 0.0840 accepted 1  with params [-4.95252302  0.15928193  0.49999963  1.09999802  0.14176797]
at minimum 0.0295 accepted 1  with params [-5.19110896  0.21079638  0.35784945  0.88748585  0.        ]
at minimum 0.0333 accepted 1  with params [-5.14074153  0.56738157  0.5         0.91622184  0.        ]
at minimum 0.0223 accepted 1  with params [-4.88130773e+00  7.03525353e-02  4.11298718e-01  5.00000000e-01
  8.79865374e-15]
at minimum 0.0645 accepted 1  with params [-4.73433132  0.29635037  0.01        0.92444279  0.        ]
at minimum 0.0906 accepted 1  with params [-4.40462017  0.68777985  0.01        1.1         0.07773682]
at minimum 0.0689 accepted 1  with params [-4.38321787  0.61489767  0.233198    0.94315712  0.        ]
at minimum 0.0789 accepted 1  with params [-4.53914035  0.88739487  0.01000012  0.62189871  0.13938573]
at minimum 0.0535 accepted 1  with params [-4.67047321  0.4888317   0.36818179  0.50000033  0.58719102]
at minimum 0.0700 accepted 1  with params [-4.29127366  0.74129747  0.5         0.5         0.69174853]
at minimum 0.0506 accepted 1  with params [-4.51306741  0.58249361  0.49999942  0.8480396   1.17243848]
at minimum 0.0520 accepted 1  with params [-4.96976583  0.61943586  0.16162388  0.5         1.05446351]
at minimum 0.0109 accepted 1  with params [-5.24900113  0.26754012  0.27123285  0.93477316  0.91568812]
at minimum 0.0274 accepted 1  with params [-5.29623505 -0.09999977  0.4999999   0.5983332   0.5464323 ]
at minimum 0.0470 accepted 1  with params [-5.57496916 -0.07718774  0.49999924  0.5         0.12895355]
at minimum 0.0473 accepted 1  with params [-5.32229497 -0.09999813  0.49999916  0.81757149  0.36353388]
at minimum 0.0226 accepted 1  with params [-5.33701731 -0.1         0.30259913  1.09999991  0.        ]
at minimum 0.0656 accepted 1  with params [-4.92543436 -0.09999983  0.01000006  0.60242996  0.        ]
at minimum 0.0856 accepted 1  with params [-4.44665621 -0.1         0.01        0.5         0.        ]
at minimum 0.0216 accepted 1  with params [-4.89211438  0.16415313  0.49999833  0.80231019  0.        ]
at minimum 0.0484 accepted 1  with params [-5.40660129  0.65074325  0.5         1.1         0.22817532]
at minimum 0.0414 accepted 1  with params [-4.95409503  0.51102305  0.5         1.1         0.44093763]
at minimum 0.0577 accepted 1  with params [-5.06556521  0.98981604  0.37381703  1.09999973  0.92446746]
at minimum 0.0575 accepted 1  with params [-4.69447834  0.93140007  0.48134008  1.1         0.94784132]
at minimum 0.0581 accepted 1  with params [-4.30495138  0.99        0.5         1.1         0.67679865]
at minimum 0.1001 accepted 1  with params [-3.93528142  0.99        0.01        1.1         0.84456524]
at minimum 0.0936 accepted 1  with params [-3.94347307  0.57421042  0.01        1.04241972  0.9863541 ]
at minimum 0.0739 accepted 1  with params [-4.31050925  0.77368791  0.21711506  0.70852622  0.470222  ]
at minimum 0.0616 accepted 1  with params [-4.28748159  0.31044142  0.39312582  0.73554612  0.88669803]
at minimum 0.0187 accepted 1  with params [-4.7457063   0.33601598  0.5         1.06689987  0.4647138 ]
at minimum 0.0515 accepted 1  with params [-4.35668063 -0.1         0.40694758  1.09999775  0.26756806]
at minimum 0.0515 accepted 1  with params [-4.3375556   0.37730236  0.49999744  0.89379204  0.00455287]
at minimum 0.0453 accepted 1  with params [-4.65646293e+00  3.11514054e-01  4.15551750e-01  5.00000715e-01
  4.76411202e-06]
at minimum 0.0620 accepted 1  with params [-4.35591036e+00  4.01120541e-01  5.00000000e-01  6.14844414e-01
  1.26702933e-14]
at minimum 0.0555 accepted 1  with params [-3.86567915e+00 -2.82512694e-03  2.54166670e-01  1.01839158e+00
  2.64839042e-01]
at minimum 0.0829 accepted 1  with params [-3.53938257 -0.1         0.5         1.1         0.69340084]
at minimum 0.0481 accepted 1  with params [-3.7102397  -0.00694946  0.5         1.1         0.34213424]
at minimum 0.0597 accepted 1  with params [-3.64553841e+00 -8.73287458e-03  5.00000000e-01  7.95333928e-01
  8.96164004e-09]
at minimum 0.0214 accepted 1  with params [-3.73460238  0.45478599  0.5         0.83087569  0.        ]
at minimum 0.0980 accepted 1  with params [-3.81986543  0.40135871  0.01        1.1         0.09267586]
at minimum 0.0683 accepted 1  with params [-3.50078985e+00  7.98426569e-01  1.00006501e-02  9.34391828e-01
  3.17923140e-06]
at minimum 0.0593 accepted 1  with params [-4.04919947  0.99        0.35275207  0.73050721  0.        ]
at minimum 0.0329 accepted 1  with params [-3.73212128  0.6839263   0.42048958  1.09999934  0.28219576]
at minimum 0.0362 accepted 1  with params [-3.86581601  0.98230639  0.5         1.1         0.70980799]
at minimum 0.0761 accepted 1  with params [-3.61847039  0.99        0.5         1.08839789  0.95869075]
at minimum 21.8770 accepted 0  with params [-3.07935254  0.61075583  0.5         1.1         0.6806058 ]
at minimum 0.0351 accepted 1  with params [-3.54508833  0.72165212  0.42308293  1.09999924  1.10867631]
at minimum 0.0233 accepted 1  with params [-3.57689175  0.2812496   0.40409184  0.76709395  0.83040385]
at minimum 0.0991 accepted 1  with params [-3.25331527 -0.1         0.01        1.1         0.92094403]
at minimum 0.0917 accepted 1  with params [-3.27882783  0.33281346  0.01000002  1.1         0.58445698]
at minimum 100000000000000000000.0000 accepted 0  with params [-3.          0.19456811  0.01        0.57592258  0.04515215]
at minimum 0.0916 accepted 1  with params [-3.58044593  0.30405992  0.01        1.0095394   0.4751672 ]
at minimum 0.0375 accepted 1  with params [-3.39215856  0.76651644  0.08826552  0.82703234  0.39885435]
at minimum 0.0315 accepted 1  with params [-3.44230507  0.99        0.25723009  0.53919585  0.52919982]
at minimum 0.0393 accepted 1  with params [-3.48963173  0.99        0.17135326  0.88193167  0.46990077]
at minimum 0.0479 accepted 1  with params [-3.58780352e+00  9.85410840e-01  4.76384550e-01  5.00000024e-01
  5.89638149e-07]
at minimum 0.0758 accepted 1  with params [-3.91251315  0.9899999   0.2014185   0.53739631  0.4076924 ]
at minimum 0.0853 accepted 1  with params [-3.59946947  0.98999886  0.03413536  1.00742637  0.02997669]
at minimum 251.1087 accepted 0  with params [-3.04810103  0.99        0.1860881   0.53808479  0.05967593]
at minimum 0.0942 accepted 1  with params [-4.06882448  0.98999996  0.01000055  1.00857765  0.54240494]
at minimum 0.0749 accepted 1  with params [-3.68631999  0.57930858  0.1180223   1.1         0.42964838]
at minimum 0.1009 accepted 1  with params [-3.90149594  0.99        0.01        1.1         0.44923746]
at minimum 0.0993 accepted 1  with params [-4.04102243  0.99        0.01        1.1         0.88421398]
at minimum 0.0981 accepted 1  with params [-3.93054762  0.57815029  0.01        1.1         0.52622004]
at minimum 0.0908 accepted 1  with params [-3.81944487  0.75283926  0.01        0.93268162  0.39172509]
at minimum 100000000000000000000.0000 accepted 0  with params [-3.28507578  0.99        0.39612659  0.66372274  0.16082173]
at minimum 0.0979 accepted 1  with params [-3.87798759  0.5633978   0.01        1.1         0.76993137]
at minimum 0.0273 accepted 1  with params [-3.7651736   0.69190849  0.5         0.60972016  0.49372316]
at minimum 0.0735 accepted 1  with params [-3.91911574  0.99        0.26896128  0.5         0.20390593]
at minimum 0.0847 accepted 1  with params [-4.34578633  0.99        0.11417401  0.5         0.75740104]
at minimum 0.0503 accepted 1  with params [-4.66291204  0.47991842  0.5         0.5         0.23060778]
at minimum 0.0868 accepted 1  with params [-4.33978971  0.43277618  0.02661983  0.50000012  0.54081567]
at minimum 0.0628 accepted 1  with params [-3.91953939  0.5731471   0.41884736  0.5         0.92551657]
at minimum 0.0555 accepted 1  with params [-4.15464853  0.14624605  0.49999948  1.05174946  0.66582884]
at minimum 0.0435 accepted 1  with params [-3.91786553  0.56103453  0.41992659  1.1         0.7188881 ]
at minimum 0.0443 accepted 1  with params [-4.52340172  0.21019506  0.5         0.71685266  0.73080268]
at minimum 0.0189 accepted 1  with params [-4.79495055 -0.0999998   0.49999986  0.55577256  0.70493953]
at minimum 0.0699 accepted 1  with params [-4.76814816  0.51152832  0.08627646  0.5         1.17734913]
at minimum 0.0629 accepted 1  with params [-4.86532337  0.45466963  0.01000004  1.08937184  1.29965685]
at minimum 0.0777 accepted 1  with params [-4.90740163 -0.04161437  0.47692205  1.1         0.87077114]
at minimum 0.0512 accepted 1  with params [-5.3681809  -0.1         0.11074531  1.1         1.46858157]
at minimum 0.0321 accepted 1  with params [-4.76138001 -0.09999988  0.5         1.1         1.04153155]
at minimum 0.0606 accepted 1  with params [-4.17718183 -0.1         0.5         0.8866195   0.85746867]
at minimum 0.0514 accepted 1  with params [-3.86134807 -0.09999973  0.31197078  1.1         0.54861154]
at minimum 0.0391 accepted 1  with params [-3.58616458 -0.1         0.5         0.96392189  0.67411422]
at minimum 0.0325 accepted 1  with params [-3.8532147  -0.0999991   0.4999996   1.09999951  0.67913804]
at minimum 0.0398 accepted 1  with params [-3.91686476 -0.1         0.5         0.87458011  0.85289679]
at minimum 0.0585 accepted 1  with params [-3.30323912 -0.1         0.25167926  1.1         0.94046388]
at minimum 0.0821 accepted 1  with params [-3.30077831 -0.00862487  0.01        1.1         1.38276006]
at minimum 0.0907 accepted 1  with params [-3.00000757  0.17461246  0.01000116  0.56854575  1.16248032]
at minimum 6.4781 accepted 0  with params [-3.         -0.1         0.419307    0.5         0.69446379]
at minimum 0.0966 accepted 1  with params [-3.0827377  -0.1         0.01        0.5         1.21699996]
at minimum 0.0824 accepted 1  with params [-3.0000032   0.42208592  0.05059848  1.09639786  1.53688138]
at minimum 0.0870 accepted 1  with params [-3.         -0.1         0.01        0.96436031  1.2032847 ]
at minimum 0.1180 accepted 1  with params [-3.38263907 -0.09999828  0.21280877  0.76235092  1.64895613]
at minimum 0.0828 accepted 1  with params [-3.93067532 -0.09999786  0.01000093  0.99763381  1.57536754]
at minimum 0.0950 accepted 1  with params [-3.91370542  0.23725122  0.03984847  1.1         1.06806279]
at minimum 0.0726 accepted 1  with params [-4.38880126 -0.03416513  0.49999931  1.07577995  1.43306729]
at minimum 0.0226 accepted 1  with params [-4.85768685  0.55005176  0.5         1.1         0.91746017]
at minimum 0.0930 accepted 1  with params [-5.20795319  0.44705411  0.5         1.1         0.49591525]
at minimum 0.0140 accepted 1  with params [-5.33293087  0.66281929  0.49999921  0.72086782  0.01334394]
at minimum 0.0916 accepted 1  with params [-5.94800663  0.61319443  0.04311247  0.5         0.16925349]
at minimum 0.0284 accepted 1  with params [-5.34273774  0.08503119  0.17838366  0.93320822  0.21777363]
at minimum 0.0971 accepted 1  with params [-5.80844546e+00  4.30835302e-01  1.00000000e-02  5.00000000e-01
  4.66481639e-16]
at minimum 0.0673 accepted 1  with params [-6.          0.60603099  0.5         0.5         0.        ]
at minimum 0.0737 accepted 1  with params [-6.00000000e+00  4.89914685e-01  4.55087537e-01  5.00000000e-01
  2.62143992e-15]
at minimum 0.0541 accepted 1  with params [-6.          0.85946786  0.5         0.5         0.        ]
at minimum 0.0513 accepted 1  with params [-5.85048983  0.74790038  0.49999897  0.50000126  0.        ]
at minimum 0.0609 accepted 1  with params [-5.87593463  0.53330113  0.5         0.5         0.        ]
at minimum 0.0298 accepted 1  with params [-5.84809907  0.89083415  0.44135322  1.04786629  0.39918222]
at minimum 0.0593 accepted 1  with params [-5.26328956  0.6532958   0.48185315  1.1         0.25976943]
at minimum 0.0564 accepted 1  with params [-5.24766341  0.58996669  0.01        1.1         0.08922146]
at minimum 0.0689 accepted 1  with params [-5.51553210e+00  4.29279986e-01  1.00000637e-02  1.09999992e+00
  5.15903521e-07]
at minimum 0.0267 accepted 1  with params [-5.59970285 -0.0494583   0.5         1.1         0.61132441]
at minimum 0.0946 accepted 1  with params [-5.75018695 -0.1         0.05516379  1.1         0.47568485]
at minimum 0.1167 accepted 1  with params [-5.79421577 -0.1         0.01        0.5         0.03283672]
at minimum 0.1117 accepted 1  with params [-5.94355114 -0.1         0.01        1.1         0.        ]
at minimum 0.1017 accepted 1  with params [-5.99999911  0.24042064  0.01        0.68881726  0.21243138]
at minimum 0.0972 accepted 1  with params [-6.          0.52476458  0.01        0.5         0.72178838]
at minimum 0.1214 accepted 1  with params [-6.         -0.1         0.01        0.60065304  0.10507259]
at minimum 0.0635 accepted 1  with params [-5.68939048  0.27251383  0.18772737  0.83097449  0.        ]
at minimum 0.0915 accepted 1  with params [-6.          0.34373699  0.07433664  0.73877928  0.        ]
at minimum 0.1059 accepted 1  with params [-5.74009609 -0.1         0.12592027  0.5         0.61393941]
at minimum 0.0669 accepted 1  with params [-5.42052732 -0.09999951  0.5         1.1         0.34579929]
at minimum 0.0493 accepted 1  with params [-4.82613558  0.08211918  0.5         1.1         0.68262042]
at minimum 0.1217 accepted 1  with params [-5.03673199  0.08353405  0.5         1.1         0.82394587]
at minimum 0.0708 accepted 1  with params [-4.43564159 -0.1         0.10019944  0.90267991  0.60009059]
at minimum 0.0549 accepted 1  with params [-4.97560493 -0.02823502  0.01        1.09999986  0.20803291]
at minimum 0.0604 accepted 1  with params [-5.26813413  0.19468868  0.01        1.1         0.70348211]
at minimum 0.0855 accepted 1  with params [-5.52873003  0.19652962  0.01000036  0.73825832  0.94269064]
at minimum 0.0429 accepted 1  with params [-5.71226443  0.31885553  0.23885374  1.09999989  1.18703361]
at minimum 0.0852 accepted 1  with params [-6.          0.35506307  0.01        1.09257635  1.40619983]
at minimum 0.0901 accepted 1  with params [-6.          0.2465384   0.01        1.1         0.83847185]
at minimum 0.0912 accepted 1  with params [-6.          0.21843701  0.01        1.1         0.38164916]
at minimum 0.0722 accepted 1  with params [-5.37425191  0.18609308  0.01        0.82996343  0.31785823]
at minimum 0.0242 accepted 1  with params [-4.94966622  0.72644897  0.5         1.1         0.        ]
at minimum 0.0244 accepted 1  with params [-5.49447203  0.07199635  0.5         0.64920653  0.01427719]
at minimum 0.0637 accepted 1  with params [-5.70117858 -0.1         0.45705895  0.51523981  0.13550311]
at minimum 0.0898 accepted 1  with params [-6.         -0.09999948  0.49999977  0.53560916  0.        ]
at minimum 0.0294 accepted 1  with params [-5.34606376 -0.1         0.5         0.5         0.20598188]
at minimum 0.1026 accepted 1  with params [-5.46996583 -0.1         0.01        0.5         0.        ]
at minimum 0.1089 accepted 1  with params [-5.69208350e+00 -1.00000000e-01  1.00000000e-02  6.50546547e-01
  4.83675141e-16]
at minimum 0.0941 accepted 1  with params [-6.00000000e+00  3.71437425e-01  1.00000000e-02  7.25159482e-01
  1.31072000e-15]
at minimum 0.0277 accepted 1  with params [-5.85995895  0.45699202  0.42242585  1.1         0.06954628]
at minimum 0.0866 accepted 1  with params [-6.         -0.09999978  0.27321371  1.09999988  0.28730033]
at minimum 0.0953 accepted 1  with params [-5.65527006 -0.1         0.01        1.1         0.27457692]
at minimum 0.1054 accepted 1  with params [-5.68919054e+00 -1.00000000e-01  1.00000000e-02  7.61327620e-01
  2.35494796e-22]
at minimum 0.0891 accepted 1  with params [-5.80695673e+00  4.86101282e-01  1.18905699e-01  5.00002340e-01
  3.37539624e-07]
at minimum 0.0361 accepted 1  with params [-5.33563208e+00  9.90000000e-01  4.72082440e-01  9.11856421e-01
  6.66158009e-07]
at minimum 0.0639 accepted 1  with params [-5.3212542   0.99        0.01000017  1.09999945  0.0935231 ]
at minimum 0.0756 accepted 1  with params [-4.79760501  0.98999994  0.16475804  1.09999996  0.76819755]
at minimum 0.0573 accepted 1  with params [-4.31348386  0.73992484  0.5         1.1         0.49158198]
at minimum 0.0305 accepted 1  with params [-3.81253667e+00  3.97185835e-01  5.00000000e-01  1.07263230e+00
  4.36906667e-16]
at minimum 0.0687 accepted 1  with params [-4.06356151  0.28358423  0.37330473  0.50000009  0.04539478]
at minimum 0.0781 accepted 1  with params [-4.55025447 -0.0582735   0.01        1.1         0.09492099]
at minimum 0.0771 accepted 1  with params [-4.53743919 -0.01603166  0.01        1.05440001  0.        ]
at minimum 0.0517 accepted 1  with params [-5.04555958  0.38560602  0.01        0.9518195   0.01197462]
at minimum 0.0304 accepted 1  with params [-5.41022575 -0.01310522  0.21092287  0.95485007  0.        ]
at minimum 0.1024 accepted 1  with params [-5.75997369  0.25610378  0.01        0.5         0.05161112]
at minimum 0.1229 accepted 1  with params [-6.         -0.1         0.01        0.51775999  0.42874215]
at minimum 0.1234 accepted 1  with params [-6.         -0.1         0.01        0.5         0.20644922]
at minimum 0.1026 accepted 1  with params [-5.86594554e+00  3.23941996e-01  1.00000000e-02  5.00000356e-01
  2.72673885e-07]
at minimum 0.0368 accepted 1  with params [-5.99408413e+00  9.60419193e-01  5.00000000e-01  5.00000000e-01
  9.15272250e-24]
at minimum 0.0525 accepted 1  with params [-6.          0.78724785  0.5         0.56703087  0.        ]
at minimum 0.0331 accepted 1  with params [-5.77090355  0.74043572  0.5         0.63370485  0.        ]
at minimum 0.0143 accepted 1  with params [-5.28752582  0.78925981  0.5         0.82519742  0.        ]
at minimum 0.0679 accepted 1  with params [-5.99470833  0.20425526  0.5         0.64426538  0.        ]
