at minimum 0.0083 accepted 1  with params [-3.68299958  0.84520072  0.10090025  0.88580013 -3.99999752]
at minimum 0.0366 accepted 1  with params [-3.63418607  1.06039008  0.20366362  0.93068332 -4.        ]
at minimum 0.0207 accepted 1  with params [-3.41899675  1.16315346  0.24854685  0.85433815 -3.85410589]
at minimum 0.0232 accepted 1  with params [-3.20380739  1.26591683  0.29343003  0.88500311 -3.70821177]
at minimum 0.0296 accepted 1  with params [-3.          1.36868021  0.33831322  0.75277238 -3.56231766]
at minimum 0.0329 accepted 1  with params [-3.08177327  1.49011362  0.3831964   0.67491582 -3.41642355]
at minimum 0.0319 accepted 1  with params [-3.09119066  1.592877    0.4146004   0.7040923  -3.27052943]
at minimum 0.0292 accepted 1  with params [-3.32516931  1.51664875  0.45948358  0.87040571 -3.12463532]
at minimum 0.0412 accepted 1  with params [-3.07114704  1.61941213  0.5         0.5        -2.97874121]
at minimum 0.0619 accepted 1  with params [-3.33055621  1.7221755   0.5         0.5        -2.8328471 ]
at minimum 0.0359 accepted 1  with params [-3.11536684  1.82493888  0.5         0.52333226 -2.68695298]
at minimum 0.0335 accepted 1  with params [-3.19804642  1.92770226  0.5         0.67306332 -2.54105887]
at minimum 0.0508 accepted 1  with params [-3.99452636  2.          0.5         1.1        -2.66904725]
at minimum 0.0298 accepted 1  with params [-3.41017672  2.          0.5         1.01622184 -2.52315314]
at minimum 0.0288 accepted 1  with params [-3.47296775  2.          0.5         1.1        -2.37725902]
at minimum 0.0324 accepted 1  with params [-3.25221317  2.          0.5         0.76771269 -2.23136491]
at minimum 0.0357 accepted 1  with params [-3.11906201  2.          0.5         0.53529885 -2.0854708 ]
at minimum 0.0319 accepted 1  with params [-3.28464169  2.          0.5         0.82651334 -1.93957669]
at minimum 0.0404 accepted 1  with params [-3.06945233  2.          0.5         0.5        -1.79368257]
at minimum 0.0297 accepted 1  with params [-3.42017216  2.          0.5         1.03387065 -1.64778846]
at minimum 0.0286 accepted 1  with params [-3.50442367  2.          0.5         1.1        -1.55028389]
at minimum 0.0286 accepted 1  with params [-3.50247829  2.          0.5         1.1        -1.40438977]
at minimum 0.0288 accepted 1  with params [-3.5194125   2.          0.5         1.1        -1.25849566]
at minimum 0.0315 accepted 1  with params [-3.30422313  2.          0.5         0.86382956 -1.11260155]
at minimum 0.0370 accepted 1  with params [-3.08903377  2.          0.5         0.5        -0.96670743]
at minimum 0.0308 accepted 1  with params [-3.34730172  2.          0.5         0.94089808 -0.82081332]
at minimum 0.0351 accepted 1  with params [-3.13211235  2.          0.5         0.56491263 -0.67491921]
at minimum 0.0311 accepted 1  with params [-3.32363271  2.          0.5         0.9165549  -0.5290251 ]
at minimum 0.0358 accepted 1  with params [-3.10844334  2.          0.5         0.52666455 -0.38313099]
at minimum 0.0310 accepted 1  with params [-3.32053962  2.          0.5         0.93846485 -0.23723688]
at minimum 0.0300 accepted 1  with params [-3.36751395  2.          0.5         1.05974898 -0.09537538]
at minimum 0.0342 accepted 1  with params [-3.15232459  2.          0.5         0.62727938  0.        ]
at minimum 0.0331 accepted 1  with params [-3.26511741  2.          0.5         0.78791005  0.        ]
at minimum 0.0383 accepted 1  with params [-3.04992805  2.          0.5         0.5         0.        ]
at minimum 0.0319 accepted 1  with params [-3.25559225  2.          0.5         0.84208999  0.        ]
at minimum 0.0302 accepted 1  with params [-3.35108456  2.          0.5         1.04981249  0.        ]
at minimum 0.0299 accepted 1  with params [-3.37090918  2.          0.5         1.09575839  0.        ]
at minimum 0.0341 accepted 1  with params [-3.15571981  2.          0.5         0.63410049  0.        ]
at minimum 0.0353 accepted 1  with params [-3.23728217  2.          0.5         0.90655884  0.        ]
at minimum 0.2159 accepted 1  with params [-6.   2.   0.5  1.1  0. ]
at minimum 0.2156 accepted 1  with params [-5.78227684  2.          0.5         1.1        -0.02124185]
at minimum 0.0313 accepted 1  with params [-3.31701764  2.          0.5         0.87755841 -2.94780998]
at minimum 0.0363 accepted 1  with params [-3.10182828  2.          0.5         0.50378187 -2.80191587]
at minimum 0.0315 accepted 1  with params [-3.30873212  2.          0.5         0.86459987 -2.65602175]
at minimum 0.0367 accepted 1  with params [-3.09354275  2.          0.5         0.5        -2.51012764]
at minimum 0.0306 accepted 1  with params [-3.36326028  2.          0.5         0.94853581 -2.36423353]
at minimum 0.0347 accepted 1  with params [-3.14807092  2.          0.5         0.5882334  -2.21833941]
at minimum 0.0348 accepted 1  with params [-3.14392794  2.          0.5         0.58081914 -2.0724453 ]
at minimum 0.0328 accepted 1  with params [-3.23115703  2.          0.5         0.73622062 -1.92666861]
at minimum 0.0764 accepted 1  with params [-3.01224158  2.          0.5         0.5        -1.7807745 ]
at minimum 0.0318 accepted 1  with params [-3.28811095  2.          0.5         0.83316338 -1.61866993]
