at minimum 184.7415 accepted 1  with params [-4.5         0.4         0.50000003 39.99999996]
at minimum nan accepted 1  with params [-4.8726221   0.45620418  0.05       39.61793795]
at minimum 219.6103 accepted 1  with params [-5.2927138   0.79762743  0.42269733 36.5569738 ]
at minimum 199.4005 accepted 1  with params [-5.2334192   0.53131582  0.34900719 44.14256029]
at minimum 188.2219 accepted 1  with params [-4.89216285  0.53370005  0.41237671 38.62497339]
at minimum 187.5782 accepted 1  with params [-4.70355628  0.61257786  0.05       36.35104391]
at minimum 191.2925 accepted 0  with params [-5.01985189  0.57556091  0.05008065 40.21292301]
at minimum nan accepted 1  with params [-5.20271008  0.9725414   0.35535226 36.02958666]
at minimum nan accepted 1  with params [-5.25627467  0.99        0.29799573 35.58270845]
at minimum 211.8981 accepted 1  with params [-4.9359007   0.80245063  0.05000034 34.4949992 ]
at minimum 175.6527 accepted 1  with params [-4.98636339  0.41218819  0.05000002 43.32738424]
at minimum 166.9109 accepted 1  with params [-4.71905773  0.35488146  0.08122369 42.9961337 ]
at minimum 154.9396 accepted 1  with params [-4.85140663 -0.08356047  0.05       43.06544052]
at minimum 202.3143 accepted 0  with params [-5.16448197  0.18617338  0.05       43.30172883]
at minimum 122.7916 accepted 1  with params [-4.56086984 -0.3668142   0.05       41.71081549]
at minimum 150.7755 accepted 0  with params [-4.22362838 -0.9         0.43805399 36.0576732 ]
at minimum nan accepted 1  with params [-4.84346705e+00 -1.91034140e-02  5.00000000e-02  4.13313475e+01]
at minimum 228.6052 accepted 1  with params [-5.07895789 -0.22418385  0.13803506 50.17394179]
at minimum 166.0179 accepted 1  with params [-4.59671005e+00 -2.30228363e-02  5.00000994e-02  5.02111460e+01]
at minimum 170.4685 accepted 0  with params [-4.66294065 -0.42709538  0.48157066 40.8116296 ]
at minimum 196.0219 accepted 0  with params [-5.01191951e+00 -2.65219538e-01  5.00000000e-02  5.84030106e+01]
at minimum 160.0323 accepted 1  with params [-4.93562197  0.08656445  0.19713745 50.20584538]
at minimum 188.2561 accepted 0  with params [-5.07498348  0.32926095  0.38611065 49.55694679]
at minimum 161.2905 accepted 0  with params [-4.84428081e+00 -4.19842845e-02  3.25244413e-01  4.56297309e+01]
at minimum 178.0433 accepted 0  with params [-4.71469786  0.51890458  0.09272278 37.61918062]
at minimum 157.0839 accepted 1  with params [-4.70326791 -0.31079112  0.37948152 42.68556545]
at minimum 270.0929 accepted 0  with params [-5.15211041 -0.11474242  0.06536926 42.33384073]
at minimum 138.3975 accepted 1  with params [-4.70325992e+00 -2.37280670e-02  1.01774944e-01  4.14436896e+01]
at minimum 176.0177 accepted 0  with params [-4.21209168e+00  3.96592239e-02  5.00000435e-02  4.16243054e+01]
at minimum 134.0672 accepted 1  with params [-4.67385837 -0.31273285  0.05       41.46354189]
at minimum nan accepted 1  with params [-4.95457753 -0.7846191   0.05       41.2134787 ]
at minimum 279.7794 accepted 1  with params [-4.90200886 -0.12495018  1.15297771 42.47090403]
at minimum nan accepted 1  with params [-4.55143453 -0.38454664  1.6284005  42.87632557]
at minimum 185.4488 accepted 1  with params [-4.10073169 -0.82204772  3.         33.81537406]
at minimum 185.0180 accepted 1  with params [-4.05051903 -0.77883559  3.         33.84527293]
at minimum 174.6747 accepted 1  with params [-4.1356323  -0.40364154  3.         33.81731042]
at minimum 170.4778 accepted 1  with params [-4.23889131 -0.27352661  2.82049413 35.40582447]
at minimum 180.2891 accepted 0  with params [-4.05095939 -0.50188342  2.96953191 34.34213769]
at minimum 186.5362 accepted 0  with params [-4.54614062  0.40396853  3.         36.14751171]
at minimum 171.8448 accepted 1  with params [-4.34568772e+00  3.21794393e-02  3.00000000e+00  3.58533758e+01]
at minimum 175.8374 accepted 0  with params [-4.1454421  -0.54127845  3.         34.9954054 ]
at minimum 171.0270 accepted 1  with params [-4.2152049  -0.30548246  2.92976197 35.29048258]
at minimum nan accepted 1  with params [-4.21688531 -0.63920252  3.         35.33943257]
at minimum 188.4611 accepted 1  with params [-4.31095883 -0.62181609  2.72226547 34.60962756]
at minimum nan accepted 1  with params [-4.0560861  -0.36888858  2.99106519 34.33334792]
at minimum 171.0211 accepted 1  with params [-4.34578644 -0.05976215  2.98291047 36.05031086]
at minimum 260.2801 accepted 0  with params [-4.56230683 -0.51759757  2.761017   33.88228418]
at minimum 189.6501 accepted 0  with params [-4.03662249 -0.9         3.         33.47716877]
at minimum nan accepted 1  with params [-4.12421465  0.06287559  2.90411979 36.19276023]
at minimum 181.9905 accepted 1  with params [-4.20131502  0.07749376  2.60869858 36.50456202]
at minimum nan accepted 1  with params [-3.65892427 -0.27875531  2.50558873 36.46218165]
at minimum 236.3749 accepted 1  with params [-3.41808398 -0.60313663  2.15659668 31.74632212]
at minimum nan accepted 1  with params [-3.03472244 -0.16187931  2.01079001 32.0017606 ]
at minimum nan accepted 1  with params [-3.          0.03561666  1.57574526 31.52347659]
at minimum 11441548180417794650669056.0000 accepted 1  with params [-3.23921556 -0.48696196  1.81343907 31.98548257]
at minimum 100512469575979073345577987440902144.0000 accepted 0  with params [-3.16584386  0.03777322  1.81685678 10.        ]
at minimum 222.4706 accepted 1  with params [-3.66857343 -0.9         2.28346028 32.27958929]
at minimum 995905179990217195520.0000 accepted 0  with params [-3.24852848 -0.45398637  2.11866402 10.        ]
at minimum 188.8318 accepted 1  with params [-4.06975603 -0.9         2.0939904  33.53638752]
at minimum 194.8753 accepted 0  with params [-3.94489291 -0.36711303  2.48970783 32.952484  ]
at minimum 184.0644 accepted 1  with params [-4.18805704 -0.9         1.57092387 33.87590241]
at minimum 181.1078 accepted 1  with params [-4.17372623 -0.80334597  1.72255727 34.10575548]
at minimum 224.0555 accepted 0  with params [-3.63886489 -0.616692    1.77138068 32.31606669]
at minimum 397.5986 accepted 0  with params [-4.66581763 -0.9         2.26419903 27.35625923]
at minimum 297.6962 accepted 0  with params [-4.65985655 -0.55297852  2.0760173  34.27401967]
at minimum 165.6380 accepted 1  with params [-4.31090869 -0.40697102  1.22930249 35.25666323]
at minimum 390.4350 accepted 0  with params [-4.80427738 -0.9         0.70022257 31.98472929]
at minimum 194.1342 accepted 0  with params [-4.00369523 -0.9         1.5952494  33.33574982]
at minimum 172.7132 accepted 0  with params [-4.17996011 -0.32612538  1.10732784 34.93927915]
at minimum 272.1991 accepted 0  with params [-4.65836025 -0.67194342  1.10977061 34.17638728]
at minimum 151.2707 accepted 1  with params [-4.3326722  -0.4726084   0.62813472 36.64278159]
at minimum 400.0249 accepted 0  with params [-4.85246872 -0.9         0.54087449 34.30169091]
at minimum 156.1644 accepted 0  with params [-4.38095336 -0.22241936  0.76734288 36.57327816]
at minimum 298.9002 accepted 0  with params [-4.71274911 -0.65706193  1.05512474 33.94891475]
at minimum 191.2892 accepted 0  with params [-4.68310422 -0.84254754  0.13855428 36.94423738]
at minimum 160.6180 accepted 0  with params [-4.50180711  0.04814765  0.73228906 36.19398436]
at minimum 164.2196 accepted 0  with params [-4.58118845  0.0922043   0.77887387 37.76330586]
at minimum 131.6055 accepted 1  with params [-4.54765152 -0.39830383  0.18899081 36.91112992]
at minimum nan accepted 1  with params [-4.80521618 -0.13375486  0.23519906 37.34296593]
at minimum nan accepted 1  with params [-5.02821367 -0.66773698  0.25409807 37.41244812]
at minimum nan accepted 1  with params [-4.7446543  -0.30738498  0.76283483 37.40172396]
at minimum nan accepted 1  with params [-4.86986018 -0.11807422  0.57290524 37.17638967]
at minimum 135.5408 accepted 1  with params [-4.55160039 -0.12637181  0.20611547 37.03225959]
at minimum 150.3067 accepted 0  with params [-4.61286959 -0.67845888  0.10162563 36.95761098]
at minimum nan accepted 1  with params [-5.089197   -0.16977848  0.36887554 37.55886816]
at minimum nan accepted 1  with params [-4.73438507 -0.22663763  0.45214336 37.19778204]
at minimum 150.7281 accepted 1  with params [-4.42438405  0.16456368  0.05       37.30792514]
at minimum 152.6157 accepted 0  with params [-4.16435236 -0.9         0.34741788 35.85062468]
at minimum 184.9109 accepted 0  with params [-4.94127208  0.31806522  0.32649797 37.18188767]
at minimum 155.2093 accepted 0  with params [-4.22760562 -0.07506737  0.13042335 37.44584394]
at minimum 161.4667 accepted 0  with params [-4.55788687  0.33886205  0.05000093 36.10206897]
at minimum 167.6606 accepted 0  with params [-4.49566162  0.2572434   0.55501746 37.6138256 ]
at minimum 169.3032 accepted 0  with params [-4.79408191 -0.17993089  0.05       37.1706574 ]
at minimum 195.1512 accepted 0  with params [-4.90961655  0.64790963  0.05       37.10039814]
at minimum nan accepted 1  with params [-4.23517466 -0.23633461  0.05968565 36.98284385]
at minimum 182.6332 accepted 1  with params [-4.36428929  0.31086003  0.83990524 35.6460927 ]
at minimum 167.6197 accepted 1  with params [-4.72829836  0.16201908  0.58403539 39.80532995]
at minimum 193.1657 accepted 0  with params [-5.07017713  0.5249343   0.36000727 40.44881862]
at minimum nan accepted 1  with params [-5.20429556  0.05729978  0.14818896 40.21462509]
at minimum 224.4752 accepted 1  with params [-4.97091209 -0.1134906   0.42047731 40.49362512]
at minimum 172.3551 accepted 1  with params [-4.46382567  0.25478798  0.78639991 36.04688039]
