at minimum 5.2382 accepted 1  with params [-3.95895847  0.4         0.05       41.44463125]
at minimum 5.4168 accepted 1  with params [-3.98430292  0.70782084  0.33540136 41.02893278]
at minimum 5.6591 accepted 0  with params [-3.93824082  0.99        0.2770648  40.9362869 ]
at minimum 3.9852 accepted 1  with params [-4.25039708  0.48943842  2.67528231 47.91626685]
at minimum 4.9802 accepted 1  with params [-3.8815851   0.65138683  2.8896352  47.83892639]
at minimum 4.7366 accepted 1  with params [-4.06764736  0.69754318  3.         47.27000691]
at minimum 5.1885 accepted 0  with params [-4.49319556  0.98847402  3.         47.19092227]
at minimum 4.9824 accepted 1  with params [-3.58069639  0.26973506  3.         47.27      ]
at minimum 4.3840 accepted 1  with params [-3.74007852 -0.9         3.         47.91      ]
at minimum 4.4191 accepted 1  with params [-3.75398408 -0.9         2.88657102 47.91000003]
at minimum 4.5806 accepted 0  with params [-3.40978944 -0.77680459  3.         48.18215328]
at minimum 4.5366 accepted 1  with params [-3.47779537 -0.60067269  2.38882264 47.27000002]
at minimum 4.2613 accepted 1  with params [-3.92992982 -0.38859853  1.67502481 47.5803275 ]
at minimum 4.5395 accepted 0  with params [-3.54166208 -0.37360567  1.73791814 47.90999997]
at minimum 4.8136 accepted 0  with params [-3.48608931 -0.67740969  1.30748295 47.45245892]
at minimum 4.1753 accepted 1  with params [-3.82954948 -0.39757731  1.17723425 47.90999994]
at minimum 4.7516 accepted 1  with params [-3.53151314e+00 -5.52334633e-03  1.40559956e+00  4.72400000e+01]
at minimum 4.5633 accepted 1  with params [-3.47964272 -0.37788221  1.20005812 47.57563323]
at minimum 4.1775 accepted 1  with params [-3.9083097  -0.22365174  1.62879476 47.91000001]
at minimum 4.2853 accepted 1  with params [-3.77946477 -0.44696627  1.18698472 47.90999428]
at minimum 411572.6156 accepted 0  with params [-3.28733467 -0.77232881  1.38913367 10.        ]
at minimum 4.5508 accepted 1  with params [-4.07321073 -0.40949415  0.77790563 47.56687995]
at minimum 5.5121 accepted 0  with params [-4.10552173 -0.82683973  1.02872179 47.27000281]
at minimum 4.4177 accepted 1  with params [-3.71569461 -0.71976787  0.91868495 47.27000034]
at minimum 1351370183.1916 accepted 0  with params [-3.27405532 -0.227958    0.72560091 10.        ]
at minimum 4.9882 accepted 0  with params [-4.10367019  0.99        0.73303939 47.24      ]
at minimum 4.3749 accepted 1  with params [-3.72267176 -0.77482869  1.29036629 47.60250235]
at minimum 6.0579 accepted 0  with params [-4.21852936 -0.76735573  0.82564912 47.27007043]
at minimum 107161943585.8183 accepted 0  with params [-3.25428519 -0.9         1.60224638 10.        ]
at minimum 4.8842 accepted 0  with params [-4.04904777 -0.5774335   1.77835647 47.44227835]
at minimum 4.9965 accepted 1  with params [-3.93733354 -0.9         1.67572807 47.27000007]
at minimum 4.3311 accepted 1  with params [-3.70909758 -0.9         2.07323798 47.44731068]
at minimum 6.5373 accepted 0  with params [-4.16858105 -0.9         1.83432446 47.2401465 ]
at minimum 4.8454 accepted 0  with params [-3.90629847 -0.9         1.74305239 47.89213543]
at minimum 4.2361 accepted 1  with params [-3.87082826 -0.4674967   1.93653034 47.91000286]
at minimum 5.3645 accepted 0  with params [-4.24914855  0.99        1.74421394 47.23972969]
at minimum 24.3363 accepted 0  with params [-3.37629446 -0.52126235  1.98997754 10.        ]
at minimum 4.5972 accepted 1  with params [-3.53074681 -0.28208883  1.53234999 47.90999996]
at minimum 4.3062 accepted 1  with params [-3.85546578  0.09162332  1.37083372 47.95554608]
at minimum 4.0976 accepted 1  with params [-4.17142077  0.47633294  1.19455684 48.32195449]
at minimum 4.0020 accepted 1  with params [-4.32662819  0.57696131  1.55511191 47.91693739]
at minimum 5.3956 accepted 0  with params [-4.25126904  0.99        1.9111318  47.59027192]
at minimum 7.2289 accepted 0  with params [-4.74718012  0.30455368  1.63260267 48.17120476]
at minimum 4.1178 accepted 1  with params [-4.2370068   0.56534548  1.95190512 47.9112451 ]
at minimum 4.3938 accepted 1  with params [-4.13419795  0.58825099  1.75902453 47.91002284]
at minimum 4.3266 accepted 1  with params [-4.50355252  0.55899927  2.14672233 48.05463304]
at minimum 5.0306 accepted 1  with params [-4.66542015  0.99        1.74058668 47.13571109]
at minimum 4.4368 accepted 1  with params [-5.04252047  0.91037184  1.8547333  46.77088488]
at minimum 4.9344 accepted 1  with params [-4.79517378  0.99        1.67744568 47.11593513]
at minimum 4.3340 accepted 1  with params [-5.04438975  0.99        0.05       47.15624003]
at minimum 4.2931 accepted 1  with params [-4.9648228   0.99        0.05       47.99978413]
at minimum 4.3596 accepted 1  with params [-5.04367075  0.82770474  0.53839337 48.24019996]
at minimum 4.7779 accepted 1  with params [-5.00201236  0.60641777  0.37455163 51.63634929]
at minimum 10.6597 accepted 0  with params [-5.12983718  0.18640791  0.57531378 61.87221305]
at minimum 4.2687 accepted 1  with params [-4.8610971   0.98736525  0.05157649 47.98176149]
at minimum 4.2807 accepted 1  with params [-4.66028631  0.52355031  0.11589406 48.74881177]
at minimum 4.6039 accepted 1  with params [-5.14469556e+00  5.78408693e-01  5.00000000e-02  5.56425966e+01]
at minimum 4.3782 accepted 1  with params [-5.36226851  0.84529567  0.48488485 51.69865799]
at minimum 4.7004 accepted 1  with params [-4.90837982  0.65158747  0.39929595 52.15475731]
at minimum 4.5622 accepted 1  with params [-6.          0.97058231  0.12958978 49.14612165]
at minimum 5.0864 accepted 1  with params [-5.7840009   0.826824    0.39529888 49.27971744]
at minimum 8.1820 accepted 0  with params [-5.97144877  0.62191511  0.0555812  49.42503268]
at minimum 4.5574 accepted 1  with params [-5.63207723  0.99        0.55636708 48.01682224]
at minimum 4.1551 accepted 1  with params [-4.34434606  0.99        0.05000023 47.92112216]
at minimum 4.5217 accepted 1  with params [-5.00832238  0.99        0.55573653 47.78384735]
at minimum 4.4869 accepted 1  with params [-5.5339073   0.99        0.05       48.21982207]
at minimum 4.3219 accepted 1  with params [-5.04100013  0.99        0.05       48.12113509]
at minimum 4.4612 accepted 1  with params [-5.59158927  0.61532428  0.15896727 63.85306558]
at minimum 6.2060 accepted 1  with params [-5.08125045  0.49691435  0.510229   54.5010245 ]
at minimum 6.7150 accepted 0  with params [-4.78626261  0.35395186  0.58831733 54.85742293]
at minimum 5.5703 accepted 1  with params [-4.94252925  0.69486202  0.93651483 54.55846628]
at minimum 7.7463 accepted 0  with params [-5.10282719  0.39005092  0.54936345 54.09619756]
at minimum 4.5498 accepted 1  with params [-5.47819087  0.99        0.58964684 47.9010292 ]
at minimum 4.5944 accepted 1  with params [-5.69704437  0.99        1.00711196 47.96549535]
at minimum 7.6229 accepted 0  with params [-5.44092995  0.65306208  1.4447062  48.42672074]
at minimum 4.5318 accepted 1  with params [-5.86288666e+00  7.22775877e-01  5.00000000e-02  6.15151015e+01]
at minimum 6.2374 accepted 0  with params [-6.00000000e+00  5.76951410e-01  5.00000000e-02  6.18087081e+01]
at minimum 4.4139 accepted 1  with params [-6.          0.73273902  0.48407669 61.87563231]
at minimum 4.4657 accepted 1  with params [-6.          0.55668353  0.2827808  75.95909461]
at minimum 4.5596 accepted 1  with params [-6.00000000e+00  5.76308674e-01  5.00000000e-02  7.42286750e+01]
at minimum 5.0755 accepted 1  with params [-5.46925175e+00  3.96494119e-01  5.15256349e-02  7.43846237e+01]
at minimum 4.4005 accepted 1  with params [-5.71255006  0.87958235  3.         52.45840393]
at minimum 4.6269 accepted 1  with params [-5.55342456  0.99        2.65140434 47.20464687]
at minimum 7.2812 accepted 0  with params [-5.11528072  0.58532353  2.70723655 54.22352876]
at minimum 4.6098 accepted 1  with params [-5.8231857   0.99        2.81348679 48.05416924]
at minimum 4.6102 accepted 1  with params [-5.78635433  0.99        2.56269438 47.98156157]
at minimum 4.6080 accepted 1  with params [-5.84875514  0.99        2.09470567 48.05266956]
at minimum 4.4214 accepted 1  with params [-5.90111178  0.87449369  1.62608929 53.29956152]
at minimum 4.6075 accepted 1  with params [-5.73045731  0.99        1.59085884 47.73133628]
at minimum 4.4484 accepted 1  with params [-5.98417472  0.88344429  1.13631405 53.046944  ]
at minimum 5.9446 accepted 0  with params [-6.          0.49676985  1.06816876 82.06034391]
at minimum 4.8858 accepted 1  with params [-6.          0.64525753  0.95349907 68.20529381]
at minimum 5.0020 accepted 1  with params [-6.          0.64538327  1.44513978 67.11404104]
at minimum 4.9807 accepted 1  with params [-6.          0.65252063  1.87211555 67.24906268]
at minimum 5.3332 accepted 0  with params [-5.33377349e+00  3.55929986e-01  5.00000000e-02  7.04481903e+01]
at minimum 4.6066 accepted 1  with params [-6.          0.99        1.69917681 48.13736484]
at minimum 4.6071 accepted 1  with params [-6.          0.99        1.79281343 48.13779438]
at minimum 5.7497 accepted 0  with params [-3.5467709   0.65613488  1.47703513 48.12116347]
at minimum 5.0323 accepted 1  with params [-5.98096364  0.65047217  2.01173686 66.76693371]
at minimum 4.6083 accepted 1  with params [-6.          0.99        2.14770137 48.14184806]
at minimum 4.6080 accepted 1  with params [-6.          0.99        2.05354855 48.14045926]
