at minimum 195.1951 accepted 1  with params [-4.5  0.4  0.5 40.   1.   1. ]
at minimum 221.4251 accepted 0  with params [-4.2162344   0.28037712  0.74721932 39.9888133   1.45580309  0.52249146]
at minimum 187.9748 accepted 1  with params [-4.25618044e+00 -2.01319220e-02  5.34203423e-01  4.00406621e+01
  5.20581074e-01  7.14160801e-01]
at minimum 186.5615 accepted 1  with params [-4.63646184  0.41116712  0.40860471 39.5808277   0.34722493  0.72680069]
at minimum 178.4483 accepted 1  with params [-4.48181155  0.24098069  0.50012562 39.55173695  0.43780104  0.79452362]
at minimum 198.3582 accepted 0  with params [-4.67807006e+00  3.13703508e-02  6.50832675e-01  4.00117837e+01
  8.52132822e-01  6.16435058e-01]
at minimum 238.9108 accepted 0  with params [-4.86784964  0.27461019  0.88675026 39.97175995  0.19782882  0.39961318]
at minimum 230.4835 accepted 0  with params [-4.86619196e+00  3.46822357e-01  7.46618429e-01  3.97168285e+01
  5.58479973e-08  1.28464159e+00]
at minimum 242.7039 accepted 0  with params [-4.93786445  0.47672244  0.58347871 39.34574597  0.05812588  0.75252396]
at minimum 204.0679 accepted 0  with params [-4.14063104e+00  3.28027105e-02  5.17478314e-01  3.97242528e+01
  1.23733613e-01  6.41356473e-01]
at minimum 191.6442 accepted 0  with params [-4.12637814  0.3807453   0.08606845 39.68637543  0.74077625  0.47628744]
at minimum 231.8184 accepted 0  with params [-4.82543555e+00  2.67855366e-02  9.66284408e-01  3.96909087e+01
  8.12496397e-01  1.01486455e+00]
at minimum 324.4794 accepted 0  with params [-4.87726158 -0.25669283  0.82247959 39.75348195  0.90542822  1.245478  ]
at minimum 239.8636 accepted 0  with params [-3.99306506  0.30113396  0.92610691 39.73747676  0.75474412  0.98510789]
at minimum 204.2056 accepted 0  with params [-4.38099378  0.41312541  0.05       39.15880013  0.08350824  1.03149293]
at minimum 193.8585 accepted 0  with params [-4.74061326  0.37986344  0.29329675 39.26435619  0.59186766  0.98171376]
at minimum 180.3075 accepted 0  with params [-4.18057782e+00  4.33424175e-01  5.00000000e-02  3.92949419e+01
  6.29873740e-08  7.01087892e-01]
at minimum nan accepted 1  with params [-4.01340301  0.34625806  0.11085842 39.15628785  0.18099208  1.04896251]
at minimum 273.5232 accepted 1  with params [-3.66691109e+00  4.57793776e-01  4.88886605e-01  3.87598721e+01
  2.23095586e-02  5.79502969e-01]
at minimum 253.8212 accepted 1  with params [-3.9350083   0.89509596  0.41514979 39.24008596  0.28450055  0.61357543]
at minimum 384.2278 accepted 0  with params [-3.72797341  0.99        0.76089555 39.28160583  0.19533521  1.07657276]
at minimum 338.8080 accepted 0  with params [-3.61613312  0.68189674  0.72274664 39.69944322  0.          0.89268046]
at minimum 358.1494 accepted 0  with params [-3.45445211  0.98999608  0.49928464 39.07664378  0.29882278  0.27981663]
at minimum 202.2054 accepted 1  with params [-4.3136343   0.64757353  0.89693642 38.81824154  0.47402633  0.58360745]
at minimum 259.6279 accepted 0  with params [-3.89819956  0.3974747   0.97897203 39.23513661  0.83460656  0.3129009 ]
at minimum 277.2076 accepted 0  with params [-4.38772462  0.97272508  0.94806543 39.03244711  0.          0.88991034]
at minimum 309.7742 accepted 0  with params [-4.01954018  0.94250533  1.12725238 38.73595823  0.95578855  0.55874336]
at minimum 193.1622 accepted 1  with params [-4.69961335  0.58144534  0.55724675 38.76800625  0.47536099  0.72725848]
at minimum 191.4487 accepted 1  with params [-4.45249872  0.54819913  0.36296004 38.91591186  0.58877894  0.75651011]
at minimum nan accepted 1  with params [-3.95276271  0.83481059  0.48054077 38.99101985  0.71436216  0.31609623]
at minimum nan accepted 1  with params [-3.85399196  0.99        0.8009272  38.51000614  0.93009353  0.67973416]
at minimum nan accepted 1  with params [-4.08599852  0.84255211  0.86559249 38.20888355  0.94876987  0.2656787 ]
at minimum 292.7451 accepted 1  with params [-3.89667173  0.7678552   0.38320302 38.30293448  1.12203364  0.13082243]
at minimum nan accepted 1  with params [-4.29000272  0.99        0.05400394 38.3095916   0.68689621  0.4098017 ]
at minimum 239.9864 accepted 1  with params [-4.09775178  0.99        0.12014954 38.2697501   0.57292549  0.89114473]
at minimum 205.7221 accepted 1  with params [-4.19949204  0.57074181  0.05       38.20948276  0.6682164   1.26967059]
at minimum 287.3426 accepted 0  with params [-3.85141336  0.83126996  0.05000081 38.45781703  0.8148743   1.73415657]
at minimum 171.4298 accepted 1  with params [-4.07947417  0.10460302  0.05000004 38.63049957  0.28628077  1.18061678]
at minimum 258.4612 accepted 0  with params [-3.65815042  0.10356365  0.35263059 38.87027685  0.76404836  0.95191054]
at minimum 204.0043 accepted 0  with params [-4.45309963  0.48813024  0.05       39.05673055  0.19983088  1.15266495]
at minimum 176.2343 accepted 0  with params [-4.06522177e+00  3.59660121e-01  5.00000000e-02  3.83267757e+01
  1.94753621e-07  7.07479986e-01]
at minimum 247.9556 accepted 0  with params [-3.99892469e+00  5.38511205e-01  5.00002067e-02  3.91205421e+01
  1.72585318e-07  1.46817234e+00]
at minimum 167.1696 accepted 1  with params [-4.43653181e+00 -2.84290755e-02  4.75298139e-01  3.90080064e+01
  2.62350660e-01  9.56111649e-01]
at minimum 160.5160 accepted 1  with params [-4.220311   -0.24946527  0.13941304 39.32894678  0.30074913  1.04805902]
at minimum 184.7820 accepted 0  with params [-4.25319616 -0.74833752  0.10788094 39.80040783  0.54631758  0.73902557]
at minimum 173.3060 accepted 0  with params [-4.00821235 -0.44085826  0.05       38.97649846  0.61272851  1.42801231]
at minimum 185.1175 accepted 0  with params [-4.42358553  0.16582375  0.25428598 39.59535317  0.19616845  1.46197738]
at minimum 1065.4842 accepted 0  with params [-4.0696981  -0.70303864  0.05       39.52048173  0.25659626  1.52597583]
at minimum 168.0028 accepted 0  with params [-4.50139582 -0.73547366  0.11991621 39.57274581  0.19217015  0.69108495]
at minimum 169.4033 accepted 0  with params [-4.1723817  -0.16700533  0.14919272 39.78155739  0.69924821  1.33032004]
at minimum 212.6770 accepted 0  with params [-4.55868728 -0.49385274  0.36578211 38.94828057  0.34782487  1.46376161]
at minimum 193.3348 accepted 0  with params [-3.97553854 -0.3998072   0.20081573 39.35498249  0.57167459  1.21211007]
at minimum 156.8969 accepted 1  with params [-4.49069687e+00 -1.90115474e-01  1.60434005e-01  3.91977555e+01
  7.23466914e-08  1.03377783e+00]
at minimum 168.7166 accepted 0  with params [-4.24064361 -0.17138249  0.32639941 39.35361897  0.21635791  1.37674809]
at minimum 164.2797 accepted 0  with params [-4.24991274e+00 -1.64901822e-01  5.00000506e-02  3.92144885e+01
  5.15771263e-08  1.29612835e+00]
at minimum 216.4248 accepted 0  with params [-4.76339429 -0.25748506  0.29399104 39.01268051  0.          1.23632901]
at minimum 188.6672 accepted 0  with params [-4.18843778 -0.04210849  0.37885952 38.94373185  0.15030876  0.90886561]
at minimum 231.6587 accepted 0  with params [-4.66908278e+00 -2.68633460e-01  7.21768565e-02  3.89558165e+01
  1.82604171e-06  8.79740903e-01]
at minimum 229.4590 accepted 0  with params [-4.51862046 -0.07187373  0.05000003 39.52047537  0.2105644   1.44669733]
at minimum 155.0552 accepted 1  with params [-4.17555565 -0.3371781   0.05       39.53290577  0.          1.31026128]
at minimum 253.5409 accepted 0  with params [-3.79692367  0.11053524  0.29890023 39.88863746  0.          1.07928054]
at minimum nan accepted 1  with params [-3.81551184 -0.47936358  0.41694903 39.52022277  0.12900048  0.93026033]
at minimum 294.8513 accepted 1  with params [-3.47633295 -0.68943519  0.44676922 39.95404398  0.4355041   1.07097575]
at minimum 287.0489 accepted 1  with params [-3.64792295 -0.41103077  0.24526209 40.16610974  0.16149125  1.09328339]
at minimum 13329.7851 accepted 0  with params [-3.32644476e+00 -2.64920334e-02  3.29058442e-01  4.00428792e+01
  2.31037258e-01  8.21459196e-01]
at minimum 262.8272 accepted 1  with params [-3.67668554 -0.59590767  0.4257361  40.20824781  0.43843518  0.78790835]
at minimum 205.2205 accepted 1  with params [-3.89647678 -0.40684814  0.13472307 40.04018877  0.82754788  1.07328098]
at minimum 282.8800 accepted 0  with params [-3.50042445 -0.50152388  0.21509316 39.66328587  0.75023587  1.32190287]
at minimum 188.0617 accepted 1  with params [-3.83824328 -0.51028459  0.05       39.76508938  0.48153818  0.8094652 ]
at minimum 190.1811 accepted 0  with params [-3.80798151 -0.10489797  0.05       39.68821909  0.53948549  0.86380468]
at minimum 174.7678 accepted 1  with params [-3.91331207 -0.4178913   0.05000039 40.12280404  0.72214512  1.25844629]
at minimum nan accepted 1  with params [-3.552632   -0.78679522  0.05       39.79256432  0.75214255  1.20855761]
at minimum 257.1977 accepted 1  with params [-3.69211383 -0.65615362  0.06927723 39.73391705  0.30773489  0.93185897]
at minimum 333.3206 accepted 0  with params [-3.52148197 -0.89999991  0.05000015 40.03791157  0.68598729  0.96423143]
at minimum 150961.6140 accepted 0  with params [-3.29853489 -0.48373203  0.29561072 39.4439115   0.36930994  0.99806599]
at minimum 159.0839 accepted 1  with params [-4.12955966 -0.26336574  0.05       39.76867368  0.39058143  1.02223843]
at minimum 179.1162 accepted 0  with params [-4.33122882 -0.14595543  0.05000002 39.56697241  0.63683385  0.73315683]
at minimum 183.6348 accepted 0  with params [-4.3138139  -0.17067216  0.05       39.65919111  0.15989351  1.15281558]
at minimum 258.3622 accepted 0  with params [-3.6827291  -0.45535657  0.05       39.83603198  0.24321616  1.09165493]
at minimum 169.6313 accepted 0  with params [-4.4985745  -0.51667303  0.41767451 39.975274    0.04573984  0.57402492]
at minimum 171.6318 accepted 0  with params [-4.37646636  0.05840982  0.15612402 39.45667204  0.39204321  0.59277248]
at minimum 168.6051 accepted 0  with params [-4.11680619 -0.21352196  0.05       39.66375664  0.63856568  0.87378927]
at minimum nan accepted 1  with params [-3.98866131 -0.18795761  0.13007006 39.90611274  0.05722355  1.12439698]
at minimum 229.4339 accepted 1  with params [-3.92377054  0.12993823  0.3055602  39.7327029   0.47748277  1.36143723]
at minimum nan accepted 1  with params [-3.86389205  0.1764314   0.05       39.91373589  0.17916635  1.00724943]
at minimum 201.5141 accepted 1  with params [-4.0347387   0.44680674  0.05       39.6393184   0.13766135  1.06721188]
at minimum 280.4207 accepted 0  with params [-4.21859314e+00  8.40730392e-01  5.00018177e-02  3.92095569e+01
  1.23232972e-06  1.06819029e+00]
at minimum 254.9372 accepted 0  with params [-3.60314382  0.34912266  0.12759235 39.23678905  0.38297373  1.20942615]
at minimum 248.4348 accepted 0  with params [-3.84665002  0.12791427  0.42040916 39.91895737  0.          0.77541048]
at minimum nan accepted 1  with params [-3.99729029  0.08449831  0.05       40.02264329  0.22293954  0.81508021]
at minimum 185.4275 accepted 1  with params [-4.22257688  0.47348626  0.05000009 39.71204576  0.10929667  0.4284967 ]
at minimum 199.9087 accepted 0  with params [-4.44313078  0.69335224  0.05       39.78446412  0.          0.50292645]
at minimum 241.1926 accepted 0  with params [-3.82935015e+00  7.17029285e-01  5.00000421e-02  3.97837013e+01
  2.85256404e-08  4.42298601e-01]
at minimum 239.4027 accepted 0  with params [-3.91048840e+00  3.35601343e-01  5.00001617e-02  4.00660287e+01
  1.05216721e-07  1.22308470e-01]
at minimum 211.8276 accepted 0  with params [-4.01893892  0.24627894  0.05       39.42488293  0.07768272  0.17112681]
at minimum 209.0306 accepted 0  with params [-3.85993744e+00  3.59768966e-01  5.00015833e-02  3.93157345e+01
  1.07616429e-06  5.61738906e-01]
at minimum nan accepted 1  with params [-4.4560274   0.66156467  0.26020955 39.47934805  0.          0.76552003]
at minimum 209.1987 accepted 1  with params [-4.86050893  0.6154183   0.34956021 39.39499848  0.44606135  0.32974731]
at minimum 178.2937 accepted 1  with params [-4.47145770e+00  9.89999730e-01  7.47723631e-01  3.97000319e+01
  1.11585182e-01  2.93234249e-07]
at minimum 217.1588 accepted 0  with params [-4.10935157  0.99        0.5852917  39.71134131  0.1065229   0.16502336]
at minimum 185.0250 accepted 0  with params [-4.61369812e+00  9.90000000e-01  1.02023377e+00  3.98675092e+01
  8.07341052e-02  1.47422031e-02]
