at minimum 9.6955 accepted 1  with params [-4.53221155  0.4         0.05       40.20532324]
at minimum 9.7064 accepted 1  with params [-4.37367571  0.14316489  0.28860968 40.29521673]
at minimum 9.9703 accepted 1  with params [-4.40840098  0.55296546  0.05000021 40.5074134 ]
at minimum 10.1304 accepted 1  with params [-4.03964817  0.25744397  0.05       40.95168213]
at minimum 9.1156 accepted 1  with params [-4.49068547  0.10765234  0.05000017 40.93579313]
at minimum 7.7873 accepted 1  with params [-4.58259634e+00 -3.41496227e-02  5.47498213e-02  4.90379917e+01]
at minimum 11.9033 accepted 0  with params [-5.06151398 -0.22450764  0.05       48.64907434]
at minimum 9.4878 accepted 0  with params [-4.14345367 -0.07054648  0.48128445 46.81377077]
at minimum 8.9738 accepted 0  with params [-4.95535223  0.2099796   0.05       49.41848386]
at minimum 7.8971 accepted 1  with params [-4.52802383 -0.08997389  0.09241171 48.62352074]
at minimum 8.0011 accepted 1  with params [-4.75443889  0.0850744   0.05000003 48.62654356]
at minimum 14.3923 accepted 0  with params [-5.25297064 -0.10812355  0.13058892 48.81386678]
at minimum 8.4431 accepted 0  with params [-5.13612514  0.3408041   0.07232203 60.78855002]
at minimum 8.2784 accepted 1  with params [-4.75118639  0.2872787   0.05000003 48.1860216 ]
at minimum 9.7791 accepted 0  with params [-4.97375442  0.07179431  0.05000003 47.88337925]
at minimum 9.4024 accepted 0  with params [-4.70904132  0.54185708  0.36179138 48.51038468]
at minimum 9.4932 accepted 0  with params [-4.40580766  0.64598275  0.05005766 46.65327456]
at minimum 8.9749 accepted 0  with params [-4.50859244e+00 -1.07033825e-02  4.13061236e-01  4.82485255e+01]
at minimum 8.8476 accepted 1  with params [-4.90327492  0.44425001  0.05       48.32515704]
at minimum 9.8250 accepted 0  with params [-5.40267759  0.84856196  0.0500035  48.84588853]
at minimum 10.5932 accepted 0  with params [-5.39659468  0.62650837  0.05000028 48.50397089]
at minimum 9.0234 accepted 1  with params [-5.01039350e+00  6.41097075e-01  5.01261134e-02  5.18496306e+01]
at minimum 11.2189 accepted 0  with params [-5.32021041  0.36749764  0.15702392 51.55224049]
at minimum 8.6566 accepted 1  with params [-4.76788144  0.50250116  0.05       49.63575603]
at minimum 8.9439 accepted 1  with params [-4.38442316  0.25998784  0.05       49.48220437]
at minimum 9.9773 accepted 0  with params [-4.27671345  0.62980806  0.05       49.18437659]
at minimum 9.4634 accepted 1  with params [-4.51953909 -0.21985034  0.50704731 48.0963105 ]
at minimum 9.9883 accepted 0  with params [-4.53188278e+00  3.82571501e-02  1.00189177e+00  4.83217673e+01]
at minimum 15.8229 accepted 0  with params [-4.87385489 -0.66660733  0.44447023 48.39469353]
at minimum 7.9126 accepted 1  with params [-4.42850397 -0.33960882  0.05000062 48.28011293]
at minimum 10.0464 accepted 0  with params [-5.73719721  0.99        0.05000166 46.34189144]
at minimum 8.1463 accepted 0  with params [-4.4848973  -0.9         0.05000001 47.81109447]
at minimum 8.2144 accepted 0  with params [-4.30799027 -0.59371729  0.05000005 48.75936864]
at minimum 8.2252 accepted 1  with params [-4.45454518 -0.2758335   0.18632146 48.77422777]
at minimum 15.7098 accepted 0  with params [-4.95391629 -0.34612795  0.48062282 48.71861346]
at minimum 7.8356 accepted 1  with params [-4.55505557 -0.41052207  0.050001   48.8299534 ]
at minimum 8.7501 accepted 1  with params [-4.36912496 -0.40091766  0.32093294 47.16645344]
at minimum 9.6149 accepted 1  with params [-4.30530537 -0.51792898  0.62294812 46.65103994]
at minimum 9.7313 accepted 1  with params [-4.24494394 -0.41555309  0.72552142 46.16717634]
at minimum 10.1175 accepted 0  with params [-4.08783001 -0.9         0.64652694 45.6614588 ]
at minimum 9.5960 accepted 1  with params [-4.30643897 -0.22177945  0.74650808 46.62438368]
at minimum 9.8893 accepted 1  with params [-4.06247666  0.22185049  0.74255059 46.96526152]
at minimum 9.9820 accepted 1  with params [-3.75952512 -0.11884036  3.         45.95      ]
at minimum 10.4920 accepted 1  with params [-3.380434   -0.9         3.         45.63295839]
at minimum 10.5550 accepted 1  with params [-3.59869378 -0.67411224  3.         41.32565819]
at minimum 10.7840 accepted 1  with params [-3.91037407 -0.76308232  2.68425694 40.69853637]
at minimum 10.0406 accepted 1  with params [-3.78393443 -0.66254389  2.45943828 45.95000543]
at minimum 14.7580 accepted 0  with params [-3.3752976  -0.9         2.23074926 43.85108209]
at minimum 10.2574 accepted 1  with params [-3.49943136 -0.72297161  2.66529615 45.66000003]
at minimum 10.1181 accepted 1  with params [-4.08276213 -0.53497892  2.37990262 45.66686212]
at minimum 11.2937 accepted 1  with params [-4.31576424 -0.83255858  2.32350839 46.6592306 ]
at minimum 10.4480 accepted 1  with params [-4.05830221 -0.8929934   2.00026232 45.66243592]
at minimum 9.9857 accepted 1  with params [-3.99371113 -0.49260259  1.66075085 45.95066821]
at minimum 9.9304 accepted 1  with params [-3.85914502 -0.39547235  1.59063582 45.95000018]
at minimum 9.9641 accepted 1  with params [-3.90172824 -0.48508883  1.35523976 45.94999996]
at minimum 10.2485 accepted 0  with params [-3.58418559 -0.51096924  1.43276541 46.35345738]
at minimum 10.2195 accepted 1  with params [-3.62732548 -0.289195    1.03854706 45.66      ]
at minimum 9.7789 accepted 1  with params [-4.01454061 -0.25373457  0.78227953 45.95042148]
at minimum 8.3078 accepted 1  with params [-4.31083787 -0.57800884  0.10427888 45.47318884]
at minimum 9.7353 accepted 0  with params [-4.01211956 -0.27982179  0.31469597 45.06549518]
at minimum 9.2186 accepted 0  with params [-4.12521599 -0.05615915  0.05000002 44.95430642]
at minimum 8.7284 accepted 1  with params [-4.33468511 -0.11444572  0.21472819 45.52330114]
at minimum 10.2266 accepted 0  with params [-4.53490524 -0.38013497  0.63457997 48.16065309]
at minimum 8.9212 accepted 1  with params [-4.49762869  0.26895193  0.25065636 45.21796269]
at minimum 8.8080 accepted 1  with params [-4.69813108 -0.18573171  0.14388929 45.72637321]
at minimum 8.1361 accepted 1  with params [-4.42236858 -0.61773518  0.05000003 45.98659818]
at minimum 9.0310 accepted 0  with params [-4.11642793 -0.9         0.05       45.96440821]
at minimum 8.0695 accepted 1  with params [-4.3708896  -0.59861461  0.05434508 46.42413632]
at minimum 8.1170 accepted 1  with params [-4.5018781  -0.9         0.05       48.87664353]
at minimum 8.9534 accepted 0  with params [-4.17593316 -0.9         0.05       49.37045904]
at minimum 8.0510 accepted 1  with params [-4.72524869e+00 -4.57104023e-01  5.00000000e-02  5.29352192e+01]
at minimum 8.8273 accepted 1  with params [-4.40478132e+00 -9.00000000e-01  5.00000000e-02  5.29563068e+01]
at minimum 9.8073 accepted 0  with params [-4.65215534 -0.9         0.23180865 53.33637696]
at minimum 8.1287 accepted 1  with params [-4.69129043e+00 -6.10238331e-01  5.00000000e-02  5.20283872e+01]
at minimum 16.5156 accepted 0  with params [-5.03805927 -0.63124973  0.26871697 52.52236182]
at minimum 18.2694 accepted 0  with params [-4.95898283 -0.9         0.35824316 59.18807208]
at minimum 14.4849 accepted 0  with params [-5.00983838e+00 -9.00000000e-01  5.00000000e-02  5.18381542e+01]
at minimum 8.1407 accepted 1  with params [-4.55806398e+00 -2.14856987e-01  5.00000647e-02  5.24770027e+01]
at minimum 8.3194 accepted 1  with params [-4.50675631e+00 -7.58141497e-02  5.00001997e-02  5.19813928e+01]
at minimum 8.1518 accepted 1  with params [-4.37341189 -0.9         0.05       47.28114284]
at minimum 8.1278 accepted 1  with params [-4.45439245 -0.9         0.05       48.46928693]
at minimum 8.1497 accepted 1  with params [-4.38112121 -0.9         0.05000006 47.40352031]
at minimum 8.1690 accepted 1  with params [-4.50050919 -0.9         0.05       47.67666397]
at minimum 8.0312 accepted 1  with params [-4.36791507 -0.42833434  0.05000007 48.11999687]
at minimum 10.2282 accepted 0  with params [-4.62296997  0.99        0.60455424 45.43501346]
at minimum 10.0823 accepted 0  with params [-3.81398799 -0.64524367  3.         45.95000458]
at minimum 9.6591 accepted 0  with params [-4.02873657  0.08293201  0.05       48.4706694 ]
at minimum 7.9787 accepted 1  with params [-4.41396396 -0.57919671  0.05       47.64822121]
at minimum 8.7076 accepted 0  with params [-4.70663604 -0.61119165  0.05       48.11670631]
at minimum 9.7063 accepted 0  with params [-4.00946369 -0.9         0.05       47.69601573]
at minimum 11.3436 accepted 0  with params [-4.94592997 -0.43574307  0.05000007 47.57324296]
at minimum 8.8161 accepted 0  with params [-4.78837148 -0.22684132  0.05       47.7983926 ]
at minimum 10.0214 accepted 0  with params [-4.36894271 -0.78305142  0.60546802 47.36359358]
at minimum 8.9019 accepted 0  with params [-4.72325705 -0.62220209  0.05       48.01818078]
at minimum 8.6934 accepted 0  with params [-4.65542611 -0.9         0.05       48.03592978]
at minimum 9.3024 accepted 0  with params [-4.07864573 -0.31804312  0.05       45.95394976]
at minimum 9.7238 accepted 0  with params [-4.63686919 -0.72179588  0.28053858 50.71992597]
at minimum 9.9737 accepted 0  with params [-3.93339123 -0.88182777  0.07653689 45.95000817]
at minimum 12.1678 accepted 0  with params [-4.82656713 -0.9         0.17293972 48.01850346]
at minimum 8.5244 accepted 0  with params [-4.67010108 -0.63698084  0.05       47.75011902]
at minimum 8.2912 accepted 1  with params [-4.32950235 -0.25952236  0.05000003 47.45248725]
