at minimum 467.7924 accepted 1  with params [-4.49999973  0.40000011  0.50000045 40.00000898  1.00000018  1.00000018]
at minimum 455.2216 accepted 1  with params [-4.6533726   0.4210385   0.84792094 40.35265726  0.57704514  0.82328716]
at minimum nan accepted 1  with params [-4.98774844  0.63363025  0.73657806 40.4134448   0.81369091  0.87440152]
at minimum nan accepted 1  with params [-5.39244271  0.876816    1.0669858  40.59044371  0.68301116  0.61392624]
at minimum 635.3195 accepted 1  with params [-5.82369731  0.47054464  1.06194556 40.25193949  0.84548805  0.539638  ]
at minimum 669.2779 accepted 0  with params [-5.44345975  0.21812718  1.55686231 40.04954164  0.37305568  0.72088472]
at minimum 540.9859 accepted 1  with params [-5.68399541  0.89588982  1.40902987 40.70050109  0.85258585  0.08974831]
at minimum 862.8906 accepted 0  with params [-5.99999971e+00  4.38162332e-01  1.44769105e+00  4.11988071e+01
  9.47202165e-01  1.95146435e-07]
at minimum 861.6453 accepted 0  with params [-5.99999989e+00  8.78924539e-01  1.18364051e+00  4.11265619e+01
  4.68776238e-01  7.36398288e-08]
at minimum 506.9106 accepted 1  with params [-5.52495499  0.6194593   1.89434327 40.21703817  1.23506581  0.11012897]
at minimum 1171512.8058 accepted 0  with params [-5.27592658e+00  9.78559274e-01  1.64013551e+00  3.99591263e+01
  1.15177945e+00  1.63801642e-02]
at minimum nan accepted 1  with params [-5.1817007   0.76247672  1.88299088 40.68464001  1.30295991  0.3447548 ]
at minimum 1001060125482836.3750 accepted 1  with params [-5.47809571  0.99        1.5208306  41.06277766  1.48358463  0.26192934]
at minimum 978.1676 accepted 1  with params [-5.25766371  0.923989    1.78958202 40.81556297  1.43922496  0.74892687]
at minimum 607.9268 accepted 1  with params [-5.36222955  0.98999992  1.59901889 40.69409437  1.09010914  0.97096649]
at minimum 554.2438 accepted 1  with params [-5.61310802  0.63690705  1.61298501 41.03223563  0.74833964  1.24472092]
at minimum nan accepted 1  with params [-5.27252314  0.26651898  1.13888847 41.35276685  1.2253856   1.37099714]
at minimum 478.9764 accepted 1  with params [-4.90232806  0.38387235  1.03865403 41.00125369  1.07741953  1.26676409]
at minimum 735.3497 accepted 0  with params [-4.91650631  0.84465604  0.94239761 41.3176081   1.49678594  1.66996688]
at minimum 498.3011 accepted 0  with params [-4.83152259  0.42776688  1.48539539 41.38284133  1.5488439   1.44873935]
at minimum 461.6427 accepted 1  with params [-4.70160288  0.42503732  0.59971997 40.55761866  0.74584372  0.99742749]
at minimum 445.8231 accepted 1  with params [-4.67901926  0.36857912  0.74353456 40.9626224   0.31956492  0.54846918]
at minimum 450.7916 accepted 0  with params [-4.60995492  0.42271794  0.51052512 40.93955589  0.10134906  0.69748576]
at minimum 469.8382 accepted 0  with params [-4.83581403  0.08266023  1.01822801 40.56819366  0.73616225  0.82219332]
at minimum 480.7569 accepted 0  with params [-4.8722269   0.11077607  0.34970124 40.80278984  0.          0.36518154]
at minimum 452.1914 accepted 0  with params [-4.50736584e+00  7.88516926e-01  1.00482000e+00  4.09331958e+01
  5.04038260e-03  3.47351186e-01]
at minimum 490.0711 accepted 0  with params [-4.8143142   0.84270938  0.28732253 40.93315064  0.76891163  0.71945733]
at minimum nan accepted 1  with params [-4.51971918 -0.07346828  1.20667062 41.11016059  0.33593274  0.88213379]
at minimum 455.5229 accepted 1  with params [-4.13785271 -0.2720744   1.27373036 41.12827526  0.71800513  0.99010861]
at minimum 526.8718 accepted 0  with params [-3.71979856 -0.4378203   1.06827257 41.30475279  0.7106514   1.03341397]
at minimum nan accepted 1  with params [-4.43063099 -0.35693649  1.09084684 41.01614604  0.78545791  0.77107117]
at minimum 502.8791 accepted 1  with params [-4.84453061 -0.11466898  1.5179913  40.83383314  1.01881504  1.15127469]
at minimum 467.4505 accepted 1  with params [-4.82300468  0.2080288   1.53309447 40.65240696  0.81784014  1.20546034]
at minimum 488.7007 accepted 0  with params [-5.04637654  0.64955812  1.99857226 40.50439898  0.96355967  0.85716961]
at minimum 524.0976 accepted 0  with params [-4.33083039  0.43292287  1.85392314 41.05775533  1.19664049  1.2931178 ]
at minimum 496.6123 accepted 0  with params [-4.57112426  0.52464274  1.45839691 40.49957991  1.24256507  0.8828124 ]
at minimum nan accepted 1  with params [-4.55560868 -0.23317306  1.5061704  40.24144272  0.36976057  1.58252249]
at minimum 467.4914 accepted 1  with params [-4.68233917 -0.52273922  1.10176853 40.64765268  0.15573159  1.2259828 ]
at minimum 953.9296 accepted 0  with params [-5.10214744 -0.501472    0.80363229 40.60021727  0.          1.25540261]
at minimum 1036.5327 accepted 0  with params [-4.56264478 -0.76981233  1.23879267 40.2021914   0.61501262  1.64880636]
at minimum 483.5841 accepted 0  with params [-4.73730318 -0.71324741  0.86618655 40.58025696  0.1678244   0.82331313]
at minimum 481.6491 accepted 0  with params [-4.35821455 -0.89999998  1.00176071 41.05266438  0.56260117  1.16153188]
at minimum 20007537472534.1914 accepted 0  with params [-4.44864212 -0.76141161  0.66483656 41.13001043  0.13986316  1.68146099]
at minimum 454.5391 accepted 1  with params [-4.67547607 -0.70368927  0.8044918  40.33462505  0.          0.84868132]
at minimum 508.5174 accepted 0  with params [-4.48387295e+00 -8.99999927e-01  9.01010633e-01  4.05846790e+01
  8.16898437e-08  8.92250028e-01]
at minimum 538.2239 accepted 0  with params [-4.90128814e+00 -6.15695109e-01  7.34898557e-01  4.05933965e+01
  4.90734009e-08  7.31413694e-01]
at minimum 641.5813 accepted 0  with params [-4.99643882 -0.49118037  1.19449504 40.81222424  0.16678448  0.78912883]
at minimum 474.1990 accepted 0  with params [-4.17813670e+00 -7.13820941e-01  8.18021763e-01  4.01561502e+01
  6.56508175e-07  5.58646196e-01]
at minimum 1424080434501037.2500 accepted 0  with params [-5.05654146e+00 -8.99999490e-01  8.38359423e-01  4.07331405e+01
  4.22243649e-07  1.32171378e+00]
at minimum 435.5335 accepted 1  with params [-4.74932103 -0.34315822  0.76495378 39.98069348  0.05110144  1.0396049 ]
at minimum 430.5444 accepted 1  with params [-4.73281064e+00 -4.50097299e-02  6.25704953e-01  4.02660161e+01
  1.30716023e-07  1.18268763e+00]
at minimum 417.8119 accepted 1  with params [-4.60258467  0.04478498  0.43360692 40.27501755  0.          1.16090699]
at minimum 491.3049 accepted 0  with params [-4.92754444 -0.08948598  0.78460349 40.69373879  0.          1.52420705]
at minimum 476.1813 accepted 0  with params [-4.47081576  0.45194891  0.86658707 40.34889523  0.09136504  1.11523929]
at minimum 504.5195 accepted 0  with params [-4.90168812 -0.33521474  0.25133326 40.34771982  0.35062537  0.82922807]
at minimum 1090.7647 accepted 0  with params [-4.94398498 -0.3902627   0.05143525 39.91348736  0.          1.40978941]
at minimum 501.2304 accepted 0  with params [-4.50364913  0.45903345  0.4505618  40.42291433  0.40211267  1.51085317]
at minimum 519.2505 accepted 0  with params [-5.02190236e+00  2.75100207e-01  4.96013441e-01  4.05591815e+01
  2.55992628e-07  1.27686111e+00]
at minimum 422.9813 accepted 0  with params [-4.57233191  0.05386603  0.13649934 40.28355633  0.29532254  1.10196111]
at minimum nan accepted 1  with params [-4.79344182 -0.10001528  0.77219035 40.19586929  0.          1.23260881]
at minimum 429.9484 accepted 1  with params [-4.51688056e+00  6.12721509e-02  1.11270345e+00  4.05874869e+01
  2.61387531e-07  8.23127252e-01]
at minimum 441.7982 accepted 0  with params [-4.48523454  0.30417957  1.06395508 40.44757158  0.          0.56873173]
at minimum 451.6699 accepted 0  with params [-4.64085717  0.19129761  1.42130216 40.64923291  0.          1.27258181]
at minimum 445.2379 accepted 0  with params [-4.22874227 -0.16641203  0.8874638  40.17208555  0.4434134   0.88150006]
at minimum 476.5084 accepted 0  with params [-4.20750496  0.26162103  1.5545938  40.33034796  0.          0.85806374]
at minimum nan accepted 1  with params [-4.41011475e+00 -6.51940266e-03  1.54777849e+00  4.08448827e+01
  0.00000000e+00  4.97625559e-01]
at minimum nan accepted 1  with params [-4.57202697  0.1804843   1.37018868 40.99665637  0.          0.34269711]
at minimum 532.9757 accepted 1  with params [-5.01681627  0.55096994  1.71532236 41.33471036  0.14895264  0.28322408]
at minimum 521.2351 accepted 1  with params [-5.10768679  0.55616279  1.84754649 40.9487374   0.53066285  0.31482503]
at minimum 612.8534 accepted 0  with params [-5.47219421  0.78127409  1.51740302 40.73710055  0.22804982  0.40530681]
at minimum 502.2090 accepted 1  with params [-5.01608113  0.32353083  2.21630955 41.1203      0.86879197  0.49971435]
at minimum 489.7811 accepted 1  with params [-5.35373037  0.63905821  2.64026319 41.09357341  1.03480171  0.44864864]
at minimum 527.5844 accepted 0  with params [-5.07136777  0.37929834  2.61167788 40.89468761  0.69771144  0.47710236]
at minimum 528.5494 accepted 0  with params [-5.4615854   0.73666606  2.47087947 41.28572801  0.72160899  0.51800719]
at minimum 482.2641 accepted 1  with params [-5.27858615  0.8580081   3.         41.26346561  0.77508191  0.19675727]
at minimum 528.6906 accepted 0  with params [-5.01588206  0.4249805   2.99999993 41.10821319  0.61978669  0.09980254]
at minimum nan accepted 1  with params [-5.54577253  0.43538965  3.         41.01526408  1.18331249  0.37470835]
at minimum 451.8058 accepted 1  with params [-5.36895807e+00  7.57789622e-01  2.77403542e+00  4.13346355e+01
  1.10435351e+00  2.47892181e-02]
at minimum 732.3163 accepted 0  with params [-5.63431578  0.78579742  2.72226713 41.5354854   0.68131507  0.        ]
at minimum 615.5619 accepted 0  with params [-5.33684272  0.43962479  2.74666793 41.64605049  0.83052817  0.16849803]
at minimum 201026103499962941440.0000 accepted 0  with params [-5.70368211  0.99        2.76726318 41.06492141  1.55245617  0.22171834]
at minimum 668.4056 accepted 0  with params [-5.61599064  0.99        3.         41.56943027  0.70540337  0.        ]
at minimum 101653902864751072.0000 accepted 0  with params [-5.79808823e+00  8.73675036e-01  2.53803149e+00  4.14489243e+01
  1.47520285e+00  2.26415155e-15]
at minimum 477.4148 accepted 0  with params [-5.30954077  0.96062982  2.43422389 41.34646416  0.7836414   0.42324574]
at minimum 685.2885 accepted 0  with params [-5.36136495  0.35249307  2.35588657 41.19509861  0.72289444  0.        ]
at minimum 715.0029 accepted 0  with params [-5.58751153  0.40041747  2.90092214 41.21665903  1.08359628  0.07808484]
at minimum 503.1574 accepted 0  with params [-5.07866316e+00  3.09123950e-01  2.35023832e+00  4.12226499e+01
  1.42945777e+00  5.76441449e-08]
at minimum 493.0013 accepted 0  with params [-5.14156953  0.40150065  2.9143355  41.15877119  1.4519955   0.        ]
at minimum 635.8829 accepted 0  with params [-5.31640702e+00  4.90102353e-01  2.99999963e+00  4.11328314e+01
  8.53314927e-01  4.72866681e-07]
at minimum 1204882162962801360896.0000 accepted 0  with params [-5.34362353e+00  9.30188548e-01  2.68345736e+00  4.15100313e+01
  1.46269684e+00  1.57295081e-08]
at minimum 429.4210 accepted 1  with params [-5.24592424  0.58698829  2.82947499 41.67799319  1.47369405  0.12710389]
at minimum nan accepted 1  with params [-5.46610925  0.73556517  2.60517071 41.5110838   1.24753118  0.39685303]
at minimum 512.8470 accepted 1  with params [-5.34020742  0.59271942  2.93704217 41.75197921  0.92963495  0.79015229]
at minimum 556.7808 accepted 0  with params [-5.75566561  0.54875493  2.92230886 41.48181457  1.19152677  0.38106753]
at minimum nan accepted 1  with params [-5.76074454  0.73436724  2.67422578 41.55390276  0.67847708  1.05270104]
at minimum 638.3243 accepted 1  with params [-5.86469303  0.98999993  3.         41.86882402  1.05592831  1.285923  ]
at minimum 695.8920 accepted 0  with params [-5.59525827  0.99        2.70775735 41.45177234  1.16385005  1.5100032 ]
at minimum nan accepted 1  with params [-6.          0.98999998  2.78354203 41.82954908  1.47804056  1.20394025]
at minimum 894.8044 accepted 1  with params [-5.7433069   0.99        3.         41.8576965   1.45150999  1.52956837]
at minimum nan accepted 1  with params [-6.          0.67502311  3.         41.63586849  1.42306561  1.72790308]
at minimum 642.6094 accepted 1  with params [-5.60227639  0.82097222  2.99515387 41.29801413  1.31589167  1.54449254]
