at minimum 195.6385 accepted 1  with params [-4.5  0.4  0.5 40.   1.   1. ]
at minimum 184.0943 accepted 1  with params [-4.92103534  0.26478247  0.9559824  40.24345707  1.23898479  0.65514839]
at minimum 175.0335 accepted 1  with params [-5.3264745  -0.12542613  0.82412836 39.90398416  0.94504954  1.09475013]
at minimum 231.6793 accepted 0  with params [-5.07095319 -0.61787955  1.30542495 40.17199325  0.52377808  1.08666185]
at minimum 173.4028 accepted 1  with params [-5.25271293e+00  1.58140961e-02  1.12624727e+00  4.01138027e+01
  6.78069774e-01  7.40558149e-01]
at minimum 203.7312 accepted 0  with params [-5.73426997  0.45961582  0.62639225 40.05437063  0.22199753  0.8748284 ]
at minimum 190.9686 accepted 0  with params [-5.38468128 -0.31418879  0.94686429 40.52283708  0.78655765  0.99809937]
at minimum 189.3452 accepted 0  with params [-5.58403557 -0.33346879  1.15854516 39.90414926  0.34803075  0.50657734]
at minimum 175.5452 accepted 0  with params [-5.27400618 -0.16927388  1.62254957 39.62891102  0.82097931  1.03383331]
at minimum 190.1664 accepted 0  with params [-4.93074488 -0.30864615  0.98510251 40.48829865  0.76197922  0.42301533]
at minimum 184.4703 accepted 0  with params [-5.13416041  0.24691878  1.51932437 40.49586491  0.9550474   0.94638878]
at minimum 183.3300 accepted 0  with params [-5.54260098  0.24851213  1.12961451 40.31002063  0.18734482  0.89918106]
at minimum 210.3308 accepted 0  with params [-5.22609346  0.50427703  0.64074208 40.11783146  0.65492607  1.00438387]
at minimum 172.5239 accepted 1  with params [-5.09271735 -0.07592571  0.96209729 39.70961706  0.32631983  0.45624027]
at minimum 184.4077 accepted 0  with params [-4.90374418 -0.30319384  1.20744654 39.50743526  0.41209848  0.23187676]
at minimum 174.9178 accepted 0  with params [-4.61771855  0.19995647  1.26740802 39.29272393  0.58091673  0.93997321]
at minimum 204.9081 accepted 0  with params [-5.06547743 -0.47787055  0.52095822 39.4897147   0.45872394  0.57396628]
at minimum 179.9118 accepted 0  with params [-5.3504871   0.26245628  0.52097697 39.49399876  0.          0.81489907]
at minimum 172.7764 accepted 1  with params [-4.85959265  0.10709562  0.87176284 39.66839559  0.62385436  0.48649345]
at minimum 174.5306 accepted 0  with params [-5.25723284  0.19155453  0.50914716 39.35075689  0.30976951  0.13582821]
at minimum 171.3175 accepted 1  with params [-5.32985148  0.05151019  0.96132512 39.62727275  0.97963513  0.50732081]
at minimum 181.4590 accepted 0  with params [-5.80594596 -0.24416394  0.53796144 39.88047654  1.37732582  0.60013721]
at minimum 170.2088 accepted 1  with params [-5.08209743e+00 -3.15290600e-02  4.71801306e-01  3.93663006e+01
  1.21752954e+00  6.46078527e-01]
at minimum 168.8943 accepted 1  with params [-4.85848455e+00 -2.40995815e-03  1.41917116e-01  3.91538565e+01
  1.32077289e+00  8.27059260e-01]
at minimum 188.9171 accepted 0  with params [-4.59907722  0.40631041  0.35384348 38.69391695  1.30111743  1.15101824]
at minimum 178.4850 accepted 0  with params [-5.28739759 -0.22153261  0.05000041 39.56186727  1.29388435  1.1962124 ]
at minimum 174.4650 accepted 0  with params [-5.33842916  0.24337723  0.05000011 38.65444685  1.64396569  0.93101153]
at minimum 168.5379 accepted 1  with params [-5.16674764e+00 -2.51363859e-02  5.00000000e-02  3.89841689e+01
  1.22732578e+00  4.38117796e-01]
at minimum 197.8389 accepted 0  with params [-5.01264264 -0.44025203  0.15123549 39.24554813  1.36385631  0.62525913]
at minimum 199.7051 accepted 0  with params [-5.54483416e+00 -4.48015006e-01  5.00000000e-02  3.93209914e+01
  1.42499515e+00  2.56434874e-02]
at minimum 180.6555 accepted 0  with params [-4.88018126 -0.27089839  0.28398983 39.28174161  1.59632338  0.76808158]
at minimum 198.6311 accepted 0  with params [-5.00748831  0.45436569  0.43414986 39.3841611   0.87347656  0.57056383]
at minimum 177.7405 accepted 0  with params [-5.48435512 -0.22406018  0.050001   39.36676318  1.059306    0.89408805]
at minimum 175.9662 accepted 0  with params [-5.37808536  0.2641287   0.05       38.63415047  1.24166118  0.08507397]
at minimum 172.4292 accepted 0  with params [-4.72079534  0.18754664  0.05       38.93835593  0.95763622  0.26818824]
at minimum 195.9199 accepted 0  with params [-5.14625374e+00 -4.17439516e-01  5.00003363e-02  3.93998075e+01
  9.04141392e-01  3.67370039e-02]
at minimum 173.0774 accepted 0  with params [-5.45114563  0.1905243   0.05       38.99358686  0.7576117   0.76686092]
at minimum 191.8728 accepted 0  with params [-5.09874521e+00 -3.81169067e-01  5.00001310e-02  3.94068831e+01
  1.33664089e+00  1.73422684e-02]
at minimum 190.7882 accepted 0  with params [-5.2061719  -0.38763196  0.05       39.07671929  1.32319745  0.66009084]
at minimum 182.3635 accepted 0  with params [-4.94312464 -0.32862021  0.05       38.52875813  1.14354498  0.11056464]
at minimum 171.8185 accepted 0  with params [-5.56665039  0.18445604  0.05000069 38.8261292   1.09661266  0.23039323]
at minimum 169.7601 accepted 0  with params [-5.54811623  0.12715676  0.05       38.9018979   1.20358305  0.23279281]
at minimum 169.7348 accepted 1  with params [-5.3365445  -0.05225958  0.11998527 39.20717131  1.72149051  0.66033114]
at minimum 171.4404 accepted 0  with params [-5.29465453  0.08423064  0.05000012 39.51102832  2.          1.15815409]
at minimum 194.7114 accepted 0  with params [-5.47264989  0.43137395  0.09700918 39.22382937  1.87159797  0.70060345]
at minimum 176.5701 accepted 0  with params [-5.75385282  0.2503103   0.11897717 38.99972455  2.          0.64424892]
at minimum 170.2533 accepted 1  with params [-5.81695753  0.07749748  0.05       39.29541287  1.45861464  0.93559243]
at minimum 178.0426 accepted 0  with params [-5.83331038  0.21762025  0.25576019 39.71866236  1.09060412  1.38946385]
at minimum 174.5643 accepted 0  with params [-5.99999962 -0.13984169  0.1619723  39.6873453   1.07012057  0.66215062]
at minimum 173.6703 accepted 0  with params [-6.          0.11638569  0.05       39.77830257  1.02675561  0.73620134]
at minimum 176.8130 accepted 0  with params [-5.85228077  0.22236896  0.05000532 39.43839425  1.68605264  0.95016579]
at minimum 184.3667 accepted 0  with params [-5.49436887  0.30365972  0.05000078 39.7028009   1.57535074  0.71002139]
at minimum 208.5079 accepted 0  with params [-5.99999944  0.51387941  0.43830232 39.65071056  1.31771887  0.86894937]
at minimum 183.4265 accepted 0  with params [-5.45004841  0.30075846  0.46526402 39.59826663  1.16010516  1.1574869 ]
at minimum 174.5210 accepted 0  with params [-6.         -0.18310092  0.27855681 39.24651905  1.820675    1.21914226]
at minimum 171.7187 accepted 0  with params [-6.          0.15042756  0.05       39.1208841   1.72191752  1.33406232]
at minimum 185.3774 accepted 0  with params [-5.91519429 -0.33215797  0.15662797 39.20090037  1.54601653  0.76593028]
at minimum 179.4161 accepted 0  with params [-5.99999965  0.28930572  0.05000034 38.98163208  1.79736797  0.7107194 ]
at minimum 190.1599 accepted 0  with params [-6.         -0.35151551  0.050001   39.68919326  1.46351845  1.32947956]
at minimum 173.8799 accepted 0  with params [-5.70047033  0.16945536  0.05       39.42932935  1.69390194  1.29249909]
at minimum 174.2065 accepted 0  with params [-5.90223098  0.16414611  0.05       39.53039986  1.87937149  1.35001663]
at minimum 180.7568 accepted 0  with params [-5.37228257  0.30229835  0.05000153 39.07771207  1.33607617  0.98714069]
at minimum 206.9040 accepted 0  with params [-5.57038298  0.51615652  0.49045965 39.34520886  1.69132024  1.03400968]
at minimum 175.6065 accepted 0  with params [-5.82522728 -0.17791523  0.26264018 39.54784071  1.80777054  1.03090468]
at minimum 175.9508 accepted 0  with params [-5.91940069 -0.18147748  0.05       39.56781436  1.26066087  1.16721296]
at minimum 170.2828 accepted 1  with params [-6.          0.05764814  0.05       39.38355325  1.82555198  0.61940523]
at minimum 172.9184 accepted 0  with params [-5.99999982  0.1327159   0.1828486  39.53521448  1.67066746  0.96232438]
at minimum 182.8405 accepted 0  with params [-5.95171368  0.32033241  0.05       39.14847963  1.92113049  0.29336068]
at minimum 177.2696 accepted 0  with params [-6.         -0.2062537   0.05       39.53143891  1.67876005  0.78799563]
at minimum 174.4913 accepted 0  with params [-5.6508502   0.18658117  0.21466545 39.38917683  1.67864918  0.70909285]
at minimum 171.9150 accepted 1  with params [-6.          0.08880306  0.14460241 39.62021059  2.          0.23084667]
at minimum 181.7028 accepted 0  with params [-5.99999938  0.25494117  0.15182276 39.95149635  2.          0.06146875]
at minimum 191.2262 accepted 0  with params [-5.72080217  0.35676362  0.2203184  40.04511868  1.99999995  0.61348356]
at minimum 180.8515 accepted 0  with params [-5.62660423  0.26040403  0.05000002 39.72666428  2.          0.5290846 ]
at minimum 202.3289 accepted 0  with params [-5.9999995   0.45332881  0.48919791 39.99428266  1.82025859  0.33564019]
at minimum 184.8505 accepted 0  with params [-6.         -0.30731528  0.05       39.50462437  1.90169831  0.        ]
at minimum 170.5023 accepted 1  with params [-5.92669548 -0.07438726  0.05       39.27849305  2.          0.46137146]
at minimum 181.4350 accepted 0  with params [-6.          0.28314114  0.05       39.4721822   1.69391475  0.7585573 ]
at minimum 172.2366 accepted 0  with params [-5.57695144 -0.13231442  0.43095433 39.27962489  1.83371737  0.69013551]
at minimum 184.7347 accepted 0  with params [-5.8749706   0.3100145   0.0500007  39.6799967   1.61761912  0.37747276]
at minimum 184.1462 accepted 0  with params [-6.          0.30522667  0.38701382 39.68440373  1.86398648  0.50777477]
at minimum 174.1085 accepted 0  with params [-5.86727315 -0.1600482   0.05000154 39.42794991  1.99999953  0.12715084]
at minimum 181.8920 accepted 0  with params [-5.59223162 -0.29569284  0.15442638 39.15219615  1.87226512  0.29713831]
at minimum 175.6402 accepted 0  with params [-5.58882338  0.24658555  0.25439709 38.88597829  1.917147    0.19866124]
at minimum 174.4950 accepted 0  with params [-5.47676234 -0.19079606  0.05       39.16424533  1.80054178  0.67085406]
at minimum 184.9367 accepted 0  with params [-5.89288036 -0.31371083  0.05       39.49857361  1.63728459  0.04798665]
at minimum 173.4810 accepted 0  with params [-5.72352196 -0.18129424  0.49014379 38.98417786  1.9101667   0.69730287]
at minimum 186.9323 accepted 0  with params [-6.          0.34734639  0.0500001  39.45285984  1.60454277  0.74487499]
at minimum 170.0708 accepted 1  with params [-5.84499048  0.05146464  0.15977677 39.34485159  1.61004717  0.56153502]
at minimum 194.7909 accepted 0  with params [-5.65549833  0.41411582  0.17123549 39.52336581  1.37585754  0.73484973]
at minimum 194.0708 accepted 0  with params [-5.99999945  0.41027547  0.05000038 39.5232559   1.49855236  0.58370077]
at minimum 189.7566 accepted 0  with params [-5.82331651  0.37266314  0.43697709 39.53024033  1.39360226  0.18919245]
at minimum 194.3595 accepted 0  with params [-5.61376656  0.40803994  0.05000044 39.61916401  1.81890634  0.22230867]
at minimum 188.1012 accepted 0  with params [-5.97261677  0.36581287  0.05       39.33707276  1.98819581  0.90322093]
at minimum 188.4285 accepted 0  with params [-5.86734679  0.34511519  0.05000052 39.76138216  1.39509237  0.85697342]
at minimum 180.6089 accepted 0  with params [-5.72818366 -0.27557676  0.43467022 39.17082027  1.47518006  0.22728163]
at minimum 170.3126 accepted 1  with params [-5.64289294  0.04144084  0.57269046 39.41253914  1.21853926  0.43973695]
at minimum 175.9009 accepted 0  with params [-5.63442792 -0.15476969  0.50795389 39.85303565  1.13523412  0.39806743]
at minimum 195.5688 accepted 0  with params [-5.94230835  0.44903777  0.96869034 39.00394846  0.80327297  0.54183023]
at minimum 173.0691 accepted 0  with params [-5.41231048  0.1644285   0.74104254 39.22053086  1.21225253  0.53725014]
at minimum 190.2039 accepted 0  with params [-5.7003238   0.3812291   0.71350157 39.385194    1.11171422  0.79738641]
