at minimum 6.2053 accepted 1  with params [-4.50000001  0.4         0.50000007 39.99999999]
at minimum 5.8388 accepted 1  with params [-4.47394747 -0.04467003  0.3088884  39.96171001]
at minimum 8.3600 accepted 0  with params [-4.66870896 -0.41702575  0.74347459 39.79089054]
at minimum 5.0726 accepted 1  with params [-4.62286136 -0.11788741  0.05000034 40.4188443 ]
at minimum 5.5916 accepted 1  with params [-4.81010986  0.23548111  0.05       40.30304145]
at minimum 6.6142 accepted 0  with params [-4.97131111  0.99        0.37123974 37.88317332]
at minimum 6.1122 accepted 0  with params [-5.30470498e+00  2.97494833e-01  5.00000000e-02  5.80987751e+01]
at minimum 5.4306 accepted 1  with params [-4.74838779  0.24190479  0.07048835 40.6248116 ]
at minimum 5.9465 accepted 1  with params [-5.16046038  0.51376836  0.05       46.38803756]
at minimum 6.4468 accepted 0  with params [-4.68622278  0.97475322  0.05       37.94357872]
at minimum 6.6918 accepted 1  with params [-5.05162753  0.06224933  0.13481712 46.42790424]
at minimum 12.8543 accepted 0  with params [-5.11843005 -0.05444985  0.63195855 46.42886944]
at minimum 6.7123 accepted 1  with params [-5.04903174  0.99        0.59437721 37.81337214]
at minimum 6.7477 accepted 1  with params [-4.97261304  0.99        0.66274418 37.08174006]
at minimum 6.3165 accepted 1  with params [-4.8125196   0.53606049  0.26216216 36.70092664]
at minimum 6.2366 accepted 1  with params [-4.46809518  0.79714521  0.05       36.85121115]
at minimum 6.4949 accepted 1  with params [-4.77092457  0.99        0.05       37.94119655]
at minimum 6.4140 accepted 1  with params [-4.29112637  0.99        0.05       38.1821628 ]
at minimum 6.5819 accepted 1  with params [-3.79603912  0.99        0.3717844  38.09499242]
at minimum 6.6869 accepted 1  with params [-4.15871591  0.99        0.52605567 37.78845754]
at minimum 6.5516 accepted 1  with params [-4.47819966  0.99        0.34064525 37.92848166]
at minimum 6.6335 accepted 0  with params [-4.35680499  0.99        0.43501496 37.65368262]
at minimum 6.4044 accepted 1  with params [-4.44806723  0.99        0.05       37.9301492 ]
at minimum 5.9411 accepted 1  with params [-4.44053485  0.56551129  0.05000069 37.85443667]
at minimum 6.6045 accepted 0  with params [-4.01904287  0.20661635  0.05       37.3       ]
at minimum 5.4924 accepted 1  with params [-4.69127511  0.29870071  0.05       39.57401849]
at minimum 7.3279 accepted 0  with params [-4.9308516  -0.14804539  0.05       39.81276115]
at minimum 6.3240 accepted 1  with params [-4.96097255  0.68621734  0.42006375 39.59395714]
at minimum 6.2410 accepted 1  with params [-4.69571559  0.84280433  0.05       38.02681673]
at minimum 5.5291 accepted 1  with params [-4.28992256 -0.9         0.0500024  37.75056691]
at minimum 7.5410 accepted 0  with params [-4.78895243 -0.8345859   0.05       45.58931733]
at minimum 5.1316 accepted 1  with params [-4.46775527 -0.67769968  0.0500001  37.25766002]
at minimum 7.1801 accepted 0  with params [-4.49923907 -0.9         0.52189284 37.18723744]
at minimum 6.1038 accepted 0  with params [-4.12680483 -0.86641838  0.05012492 37.92999999]
at minimum 8.4432 accepted 0  with params [-4.81410279 -0.65476277  0.05000003 36.77571815]
at minimum 6.4219 accepted 0  with params [-4.7153312  -0.52395267  0.05000003 37.25731922]
at minimum 5.0753 accepted 1  with params [-4.50863745 -0.26334283  0.05       39.14401851]
at minimum 5.4132 accepted 0  with params [-4.33063446 -0.36648435  0.05       38.34600427]
at minimum 5.3993 accepted 1  with params [-4.33423827 -0.37111199  0.05000198 38.34668465]
at minimum 6.6661 accepted 0  with params [-4.00875085 -0.40575052  0.05       37.29999997]
at minimum 6.4264 accepted 0  with params [-4.72881836 -0.77384755  0.05000063 44.43828215]
at minimum 6.1591 accepted 0  with params [-4.71237521 -0.75869632  0.05       43.8698425 ]
at minimum 6.7238 accepted 0  with params [-4.0615692  -0.26564772  0.4990807  38.38784883]
at minimum 5.9947 accepted 1  with params [-4.15194211 -0.9         0.05       37.93000381]
at minimum 6.6890 accepted 0  with params [-4.04607473 -0.9         0.25163341 37.30000444]
at minimum 7.1808 accepted 0  with params [-3.88729653 -0.77118874  3.         37.86482596]
at minimum 5.8387 accepted 1  with params [-4.42688788 -0.9         0.27581343 37.95231821]
at minimum 6.6562 accepted 1  with params [-4.76478764 -0.71552766  0.05       45.62269741]
at minimum 6.1890 accepted 1  with params [-4.90810775 -0.25688237  0.05       49.07228911]
at minimum 17.8166 accepted 0  with params [-5.18026802 -0.54277838  0.34802758 48.7410774 ]
at minimum 8.2186 accepted 0  with params [-4.43035296  0.25346812  0.05000027 49.09328924]
at minimum 15.2598 accepted 0  with params [-5.23042942 -0.54241109  0.12046871 49.58622569]
at minimum 8.4994 accepted 0  with params [-5.27669891  0.08934553  0.05       49.24496711]
at minimum 18.8140 accepted 0  with params [-5.43732987 -0.44946262  0.40240205 10.        ]
at minimum 10.4147 accepted 0  with params [-4.82243982 -0.41881874  0.52635178 48.88682301]
at minimum 6.6472 accepted 1  with params [-4.56379362 -0.60055415  0.05586735 49.26933557]
at minimum 5.2301 accepted 1  with params [-4.57359617 -0.9         0.05       40.36095888]
at minimum 6.4835 accepted 0  with params [-4.28894195 -0.64771968  0.54239313 37.93054936]
at minimum 4.8880 accepted 1  with params [-4.58603815 -0.50798616  0.08101703 40.56451067]
at minimum 7.2595 accepted 0  with params [-4.66292645 -0.68721735  0.34891845 40.7350204 ]
at minimum 6.5989 accepted 0  with params [-5.2288832   0.99        0.05007416 38.04577662]
at minimum 5.2077 accepted 1  with params [-4.68250543 -0.48547864  0.05       42.47490502]
at minimum 5.7203 accepted 1  with params [-4.86656875e+00  4.19901824e-02  5.00000000e-02  4.22468440e+01]
at minimum 12.5388 accepted 0  with params [-4.99516197 -0.22800419  0.60035904 42.14843545]
at minimum 5.9267 accepted 1  with params [-4.6555601   0.41814749  0.07855678 42.06600585]
at minimum 6.7383 accepted 1  with params [-4.19539463 -0.07973575  0.05000016 42.52038586]
at minimum 7.0902 accepted 1  with params [-3.90258643 -0.4739447   0.54869266 37.29999996]
at minimum 8.1848 accepted 0  with params [-4.23588279 -0.14195918  0.14066433 27.99284976]
at minimum 5.9147 accepted 1  with params [-4.34787922 -0.53754114  0.33250949 37.9342853 ]
at minimum 5.3532 accepted 1  with params [-4.32565377 -0.58700445  0.05       38.2223403 ]
at minimum 9.3884 accepted 0  with params [-4.7418913  -0.87877662  0.333563   42.39386974]
at minimum 5.5439 accepted 1  with params [-4.63424213 -0.35002303  0.15472911 37.31295175]
at minimum 8.0929 accepted 0  with params [-4.79739563  0.12030694  0.69654421 37.53186849]
at minimum 8.1866 accepted 0  with params [-4.77446173 -0.81417827  0.05       37.71427429]
at minimum 6.5141 accepted 0  with params [-4.81234316  0.0502637   0.1677639  37.23144097]
at minimum 5.5850 accepted 1  with params [-4.59796959  0.12806796  0.1056765  36.87954716]
at minimum 6.0236 accepted 1  with params [-4.41930996  0.53886044  0.05       36.52985732]
at minimum 5.5682 accepted 1  with params [-4.88437325  0.25789245  0.05470313 43.13726102]
at minimum 6.1875 accepted 0  with params [-4.90002425 -0.12673567  0.05       42.97428851]
at minimum 6.4067 accepted 1  with params [-5.37956451  0.77449635  0.22347773 43.42787125]
at minimum 6.6877 accepted 0  with params [-5.29521061  0.99        0.53644961 37.80302285]
at minimum 6.6839 accepted 1  with params [-3.81868591  0.99        0.62851955 39.90772074]
at minimum 6.5509 accepted 1  with params [-5.03229564  0.93778765  0.71980942 38.10896915]
at minimum 6.1904 accepted 1  with params [-4.37717192  0.53421125  0.86576973 37.30444104]
at minimum 6.8663 accepted 0  with params [-4.13799445  0.99        0.75258692 37.7669635 ]
at minimum 7.0707 accepted 1  with params [-4.73716482  0.99        3.         37.0164715 ]
at minimum 6.9165 accepted 1  with params [-4.95381702  0.99        2.6962381  36.9273129 ]
at minimum 6.7652 accepted 1  with params [-5.28431906  0.99        2.94780211 37.04673759]
at minimum 8.3880 accepted 0  with params [-4.83570022  0.47535436  3.         37.35016604]
at minimum 6.9930 accepted 1  with params [-4.83786398  0.99        3.         36.9560554 ]
at minimum 6.7735 accepted 1  with params [-5.26133698  0.99        2.6284933  37.02101214]
at minimum 6.7721 accepted 1  with params [-5.2771712   0.99        2.1619995  37.02399988]
at minimum 6.6117 accepted 1  with params [-5.10812363  0.90727904  2.1002426  36.99049806]
at minimum 6.5778 accepted 1  with params [-4.98597334  0.85138181  1.70187585 36.99608584]
at minimum 6.7627 accepted 1  with params [-4.55599339  0.30818147  1.98516717 37.45715139]
at minimum 10.2200 accepted 0  with params [-4.91471951  0.25036656  1.81979515 37.26100537]
at minimum 8.8957 accepted 0  with params [-4.74382633  0.17800788  2.30127945 37.2686555 ]
at minimum 6.9212 accepted 1  with params [-4.73499277  0.51965163  2.18207978 38.94097287]
at minimum 6.2619 accepted 1  with params [-4.39115995  0.66737009  2.52996389 37.93436163]
at minimum 6.2130 accepted 1  with params [-4.38396624  0.49962615  1.80480493 37.34202009]
at minimum 7.0969 accepted 1  with params [-4.54839872  0.99        1.23138754 37.21590649]
