at minimum nan accepted 1  with params [-4.5  0.4  0.5 40.   1.   1. ]
at minimum 104.4839 accepted 1  with params [-4.83009022  0.34738822  0.73969751 39.68670201  0.52979181  0.82929968]
at minimum 83.0466 accepted 1  with params [-4.80213522  0.63207449  0.75337191 40.12268754  0.75972258  0.48512418]
at minimum nan accepted 1  with params [-5.22453282  0.24362727  1.22125016 39.80666124  1.18140193  0.62738871]
at minimum 510.2947 accepted 1  with params [-5.70431206 -0.11057664  0.90284415 40.25539736  1.64034665  0.86109637]
at minimum 719.5346 accepted 0  with params [-6.         -0.5532181   0.7369126  40.30644255  1.56086554  0.47695095]
at minimum 600.8194 accepted 0  with params [-6.         -0.1683439   1.25215725 39.82529142  1.86301332  0.6637839 ]
at minimum 414.3026 accepted 1  with params [-5.68778952e+00  8.08331570e-04  1.33531417e+00  4.02585604e+01
  1.92011977e+00  1.21738717e+00]
at minimum 334.9139 accepted 1  with params [-5.99999976  0.11984976  0.85550875 40.05186096  1.77959974  1.09714262]
at minimum 535.2638 accepted 0  with params [-5.9999999  -0.05372732  0.75815582 40.3722049   1.58739757  0.98781435]
at minimum 273.7872 accepted 1  with params [-5.97703919  0.27069682  0.81467177 40.47160656  1.33270435  0.62317655]
at minimum 186.0928 accepted 1  with params [-5.99999949  0.40648463  0.80726477 40.7866703   1.70715254  0.3642092 ]
at minimum nan accepted 1  with params [-6.          0.16312828  0.99532073 40.8403653   1.56356837  0.27679724]
at minimum 1526.1117 accepted 1  with params [-5.63660128  0.58861202  1.4198297  40.78745451  1.94317513  0.29869541]
at minimum 375.3313 accepted 1  with params [-5.63546232  0.21693905  1.76916207 40.81409964  1.84610935  0.        ]
at minimum 130.6522 accepted 1  with params [-5.630169    0.46069423  1.60166461 41.21983945  1.64187164  0.36916289]
at minimum 613.5789 accepted 0  with params [-5.99999984  0.94872086  2.07233374 41.39462628  1.21290201  0.35807344]
at minimum 81.6226 accepted 1  with params [-5.96444297  0.66222061  1.96657004 40.89634866  1.32343098  0.33967269]
at minimum 152.5200 accepted 0  with params [-5.66774489  0.60252198  1.67417125 40.96672733  1.50079932  0.1330417 ]
at minimum 424074954146551037952.0000 accepted 0  with params [-5.57737619  0.99        1.52108436 40.54507359  1.37088977  0.        ]
at minimum 130.4763 accepted 0  with params [-5.52746952  0.53468887  2.35883036 41.2846044   1.33034255  0.35901571]
at minimum 336.5190 accepted 0  with params [-5.5352223   0.21234992  2.39286662 41.34473372  1.76469681  0.11125054]
at minimum nan accepted 1  with params [-6.          0.99        1.76085351 40.81131984  1.72077119  0.51450326]
at minimum 84.6669 accepted 1  with params [-5.67648906  0.74224312  1.57273762 41.27064012  1.27416129  0.63396499]
at minimum nan accepted 1  with params [-5.77394468  0.87046236  1.92821324 41.18534406  0.78402736  0.99844998]
at minimum 112.9059 accepted 1  with params [-5.44534385  0.58428043  1.58113792 41.38030292  0.40199223  1.09300816]
at minimum 91.3852 accepted 1  with params [-5.48754599  0.79167734  1.46199016 41.32047077  0.41724383  1.28570844]
at minimum 193.7630 accepted 0  with params [-5.39669154  0.39415053  1.2859198  41.00311947  0.          0.90753087]
at minimum 245.3400 accepted 0  with params [-5.96405996  0.98999966  1.11566189 41.49114803  0.49785402  1.44779033]
at minimum nan accepted 1  with params [-5.96582987  0.41494224  1.30656548 41.44424953  0.          1.3422626 ]
at minimum nan accepted 1  with params [-6.          0.43865161  1.03749514 40.98422496  0.3200411   1.13270362]
at minimum 345.0452 accepted 1  with params [-6.          0.18432467  0.92818755 41.4039209   0.15106926  0.84422344]
at minimum 246.3734 accepted 1  with params [-5.64907798  0.33876392  0.54025453 41.72123684  0.44874481  0.60914832]
at minimum 188.5559 accepted 1  with params [-5.79692731  0.49469136  0.20566923 41.83194575  0.2861633   0.780529  ]
at minimum nan accepted 1  with params [-5.99720214  0.9137653   0.67424855 41.79680628  0.30729169  1.03779364]
at minimum 87.5292 accepted 1  with params [-5.52386979  0.98999959  0.66764297 41.7878622   0.34388185  0.99308484]
at minimum 144.6818 accepted 0  with params [-5.56419602  0.74210235  0.67250632 41.66385096  0.05209663  1.17990557]
at minimum 109.4378 accepted 0  with params [-5.04528518  0.86709398  0.4150999  41.99885401  0.11105753  0.88112338]
at minimum 87.8412 accepted 1  with params [-5.92706356  0.84292506  0.4959562  41.82884994  0.45136125  1.0466185 ]
at minimum 104.3298 accepted 0  with params [-5.74359051  0.98999948  0.40728501 41.9701454   0.88899633  1.41527399]
at minimum 76.5743 accepted 1  with params [-5.53988766  0.99        0.55608306 41.46331446  0.47127873  1.03185593]
at minimum 80.8272 accepted 0  with params [-5.18865074  0.99        0.99895455 41.40353961  0.41570551  1.01035374]
at minimum 80.5224 accepted 0  with params [-5.32845916  0.99        0.13237419 41.0067036   0.34651639  0.8670963 ]
at minimum 222.3233 accepted 0  with params [-5.58348988  0.97372283  0.96696047 41.29622776  0.10291037  1.07488754]
at minimum 67.2700 accepted 1  with params [-5.67181548  0.75120005  0.56535368 41.53831881  0.80666577  1.04089992]
at minimum 92.7081 accepted 0  with params [-5.92584007  0.57170842  0.60124103 41.40834169  0.91253402  1.01267844]
at minimum 92.0657 accepted 0  with params [-5.62725831  0.98913216  0.64778541 41.85863076  0.31333834  0.97818533]
at minimum 75.4298 accepted 0  with params [-6.          0.99        0.47883996 41.74880145  0.50717129  0.90929892]
at minimum 96.1782 accepted 0  with params [-5.25070327  0.95438451  0.27563424 41.95169269  0.92011808  1.26052367]
at minimum 97.4172 accepted 0  with params [-5.18494404  0.34715752  0.99750485 41.06694151  1.29577433  1.2720984 ]
at minimum 241.4927 accepted 0  with params [-5.61786692  0.22277225  0.88555129 41.40694692  0.37620468  1.05248003]
at minimum 69.7984 accepted 0  with params [-5.88160468  0.5373924   0.34878101 42.0409551   1.05440309  1.45640441]
at minimum 104.9421 accepted 0  with params [-5.99495134  0.99        0.71581743 41.85961195  0.59681382  1.36871256]
at minimum 95.5807 accepted 0  with params [-5.92712508  0.99        0.71014517 41.35258639  0.55806609  0.52880132]
at minimum 89.1704 accepted 0  with params [-5.35868417  0.36681131  0.49725512 42.08469664  1.20653894  1.41579141]
at minimum 120.1625 accepted 0  with params [-5.32682896  0.52716767  0.83496149 41.25423562  0.28829137  1.13447362]
at minimum 101.4236 accepted 0  with params [-5.20187001  0.35766385  1.11154612 40.98329683  1.07475     1.34684276]
at minimum 95.9537 accepted 0  with params [-5.22759065  0.99        0.41093274 41.59610997  0.62065082  1.32138078]
at minimum 105.4560 accepted 0  with params [-5.29711999  0.49016387  0.23324802 41.32361833  0.435105    1.10770289]
at minimum 401.2350 accepted 0  with params [-5.66144871  0.98999956  0.29670203 41.50611721  1.35660895  0.99288494]
at minimum 87.3600 accepted 0  with params [-5.31387763  0.80051613  0.23454843 41.5384826   0.56280327  0.65713595]
at minimum 83.3782 accepted 0  with params [-5.42917628  0.99        0.17375481 41.41996356  0.34336957  0.8334666 ]
at minimum 311.1034 accepted 0  with params [-5.41587244  0.98999988  0.39764115 41.61136454  1.29159365  0.85356961]
at minimum 90.5385 accepted 0  with params [-5.99999865  0.4280111   0.80132177 41.43047127  1.19226291  1.47198512]
at minimum 75.6481 accepted 0  with params [-5.36884736  0.8516729   1.01825591 41.46180851  0.98693074  0.65888644]
at minimum 104.8389 accepted 0  with params [-5.89736321  0.67440074  0.05       41.8261716   0.45949059  1.1164545 ]
at minimum 143.6678 accepted 0  with params [-6.          0.36497565  0.47023236 41.65943826  0.78203359  1.44484764]
at minimum 105.1459 accepted 0  with params [-5.91076185  0.68266958  0.47736519 41.14167448  0.42019892  1.47206705]
at minimum 241.0615 accepted 0  with params [-5.29091901  0.82526916  0.35315855 41.32717856  0.28721198  1.43360273]
at minimum 155.7018 accepted 0  with params [-5.16023932  0.99        0.7080617  41.83268767  1.09214984  0.69232471]
at minimum 90.7219 accepted 0  with params [-5.89439185  0.98999967  0.78209077 41.91900197  0.48240871  0.64169684]
at minimum 130.2983 accepted 0  with params [-5.40359828  0.48249015  0.79024525 41.70199475  0.8891656   0.70778336]
at minimum nan accepted 1  with params [-5.16344967  0.33068605  0.44873677 41.57269691  0.85808382  1.49113871]
at minimum 86.2109 accepted 1  with params [-5.22010749  0.58582509  0.95871846 41.10343611  0.61707325  1.20889719]
at minimum 198.3097 accepted 0  with params [-5.75697564  0.24004738  1.30509494 40.81041585  0.30463082  1.75231994]
at minimum 128.7249 accepted 0  with params [-4.71259444  0.05748536  1.31290628 40.89757476  0.52170182  0.97759617]
at minimum 203.8770 accepted 0  with params [-5.35590502  0.30744513  1.36734862 40.84893393  0.63875473  0.7279453 ]
at minimum 122.7618 accepted 0  with params [-5.5519476   0.90701729  1.34792455 41.33662393  1.14574495  1.16876927]
at minimum nan accepted 1  with params [-4.98693771  0.54179013  1.41082385 41.07678076  0.17260974  1.58723082]
at minimum 123.7597 accepted 1  with params [-5.05422921e+00  4.83146268e-01  1.91389770e+00  4.08408660e+01
  1.44411992e-08  1.32530767e+00]
at minimum nan accepted 1  with params [-4.9235092   0.58850935  1.99984343 40.74355779  0.44726774  1.02042792]
at minimum nan accepted 1  with params [-4.91908712e+00  9.90000000e-01  1.96235490e+00  4.05437049e+01
  1.60850913e-02  9.66643665e-01]
at minimum 79.4733 accepted 1  with params [-4.52883795  0.83045119  1.66202294 40.94642514  0.51333511  1.05019091]
at minimum 91.6619 accepted 0  with params [-4.06835576  0.5117027   1.81827566 40.70495498  0.72266147  0.73071347]
at minimum 73.8911 accepted 1  with params [-4.83672971  0.99        1.48148169 41.08782664  0.56966836  0.69232977]
at minimum 123.1470 accepted 0  with params [-4.47246415  0.98999992  1.60480991 41.5895655   0.959915    0.89832565]
at minimum 72.4090 accepted 1  with params [-5.17039927  0.98999917  1.67968545 40.72656045  0.79118656  0.8465609 ]
at minimum 127.1248 accepted 0  with params [-5.29876196  0.45520185  1.51239702 40.33401134  1.20017724  0.5678237 ]
at minimum nan accepted 1  with params [-5.05041137  0.63677493  1.8420456  40.9762201   0.43136439  1.27167994]
at minimum 178.9304 accepted 1  with params [-4.93274063  0.99        1.52033706 41.31348207  0.73054949  1.58837507]
at minimum 1670.7311 accepted 0  with params [-5.02273465  0.99        1.20625816 41.52779971  0.31850662  1.42575672]
at minimum 702.1099 accepted 0  with params [-5.44154204  0.99        1.58203519 41.06496935  0.98775984  2.        ]
at minimum 104.4559 accepted 1  with params [-5.23784012  0.98999999  1.28695699 41.23359051  0.92697721  1.35845506]
at minimum 89.7698 accepted 1  with params [-4.90450145  0.72768191  1.40915479 41.02335812  1.12113553  1.57748182]
at minimum 87.9862 accepted 1  with params [-5.29990803  0.68841201  1.47902692 41.25189768  1.25340169  1.70877093]
at minimum 198.0291 accepted 0  with params [-5.12473501  0.98999958  1.11879857 41.47522539  1.23945563  1.77141884]
at minimum 72.4599 accepted 1  with params [-5.43421589  0.49130507  1.38906456 41.23757825  1.70911646  1.16311817]
at minimum 2093.3726 accepted 0  with params [-5.92195445  0.92094098  1.00724587 41.61878367  2.          1.52701673]
at minimum 164.3463 accepted 0  with params [-5.27881792  0.67900862  1.67711253 40.72592075  1.66694973  1.28420919]
at minimum 487.4445 accepted 0  with params [-5.72234429  0.67143459  1.14025691 41.49092352  2.          1.35236105]
at minimum 82.3930 accepted 0  with params [-5.28900142  0.41545722  1.43445588 41.09446614  1.4780457   1.14754566]
