at minimum 36.7144 accepted 1  with params [-4.5         0.4         3.         34.10459461]
at minimum 59.0079 accepted 0  with params [-4.17769256  0.50585977  2.78508365 31.5698953 ]
at minimum 33.0101 accepted 1  with params [-4.46547665  0.1380258   3.         33.83103444]
at minimum 38.0877 accepted 0  with params [-4.32363366  0.28313124  3.         33.31282975]
at minimum 34.1901 accepted 0  with params [-4.50351584  0.31966693  2.69535896 34.21773746]
at minimum 73.6723 accepted 0  with params [-4.73002247e+00  1.12848129e-02  3.00000000e+00  3.38945609e+01]
at minimum 40.2944 accepted 0  with params [-4.46453054 -0.08230404  3.         33.65583713]
at minimum 43.0018 accepted 0  with params [-4.30185043  0.36846345  3.         32.86597168]
at minimum 45.6238 accepted 0  with params [-4.91933304  0.59269017  3.         36.4457977 ]
at minimum 32.5539 accepted 1  with params [-4.49436263  0.2006459   2.53652156 33.97564908]
at minimum 46.6437 accepted 0  with params [-4.99280348  0.51512074  2.58375161 38.19325587]
at minimum 39.7313 accepted 0  with params [-4.82177941  0.45662354  2.50329396 36.62650006]
at minimum 35.0567 accepted 0  with params [-4.64888935  0.33930516  2.38111208 34.07151024]
at minimum 47.0550 accepted 0  with params [-4.93738452  0.42586039  2.65461255 38.52899756]
at minimum 38.8868 accepted 0  with params [-4.77242724  0.47069829  2.73544191 36.07241801]
at minimum 37.4966 accepted 0  with params [-4.66184388  0.46268639  2.05336343 33.84741916]
at minimum 220.6609 accepted 0  with params [-4.97708544 -0.17101236  3.         34.71364021]
at minimum 36.3900 accepted 0  with params [-4.17692152 -0.28952429  2.82125977 33.70740789]
at minimum 52.9731 accepted 0  with params [-4.5792263   0.67906868  2.8526672  32.61712977]
at minimum 34.4399 accepted 0  with params [-4.64886239  0.36787276  2.22734334 35.24304782]
at minimum 88.2754 accepted 0  with params [-4.80906591 -0.0434456   2.0864851  33.70836589]
at minimum 56.0206 accepted 0  with params [-4.62849259 -0.08316679  2.37623405 33.79919582]
at minimum 32.5080 accepted 1  with params [-4.47585734  0.19414328  2.73504313 34.19288575]
at minimum 43.7975 accepted 0  with params [-4.767455    0.60270286  2.31461551 34.52260387]
at minimum 138.9613 accepted 0  with params [-4.86007332 -0.11195699  2.81703976 34.13604471]
at minimum 57.3219 accepted 0  with params [-4.72755155  0.11601227  2.98009221 34.53193801]
at minimum 41.1992 accepted 0  with params [-4.3847193  -0.23090943  2.8527288  34.02490033]
at minimum 36.7050 accepted 0  with params [-4.26466151  0.13753167  2.95324361 34.50976108]
at minimum 49.5322 accepted 0  with params [-4.94146849  0.46536168  2.90521951 35.39938104]
at minimum 53.9966 accepted 0  with params [-4.62919479e+00 -3.04451417e-02  2.73835609e+00  3.44965871e+01]
at minimum 47.8701 accepted 0  with params [-4.88658541  0.66052522  2.7503077  35.00987174]
at minimum 33.0412 accepted 0  with params [-4.43939761  0.22570281  3.         34.58089345]
at minimum 46.9252 accepted 0  with params [-4.91703508  0.63698702  2.72997126 35.62197232]
at minimum 44.3199 accepted 0  with params [-4.87261189  0.47701162  2.76200989 34.89839282]
at minimum 40.3321 accepted 0  with params [-4.75454106  0.52589413  2.97364981 35.10090898]
at minimum 32.4859 accepted 1  with params [-4.42267188  0.09488015  2.87267941 34.37769265]
at minimum 56.6169 accepted 0  with params [-3.94394032  0.05095624  2.45233902 34.76768776]
at minimum 33.4844 accepted 1  with params [-4.50368091  0.28728426  2.49062285 34.41251045]
at minimum 55.8923 accepted 0  with params [-4.94498238  0.32143619  2.55818463 39.39101676]
at minimum 38.4327 accepted 0  with params [-4.60555952  0.47169308  2.15757305 34.18645183]
at minimum 131.4857 accepted 0  with params [-4.86366794 -0.1617969   2.03494214 35.83856589]
at minimum 126.2118 accepted 0  with params [-4.78268778 -0.19728549  2.67291579 34.92096848]
at minimum 36.5674 accepted 0  with params [-4.62073319  0.43611486  2.02022957 34.50814462]
at minimum 50.3854 accepted 0  with params [-4.94601883  0.69037876  2.85133942 35.08788293]
at minimum 45.5038 accepted 0  with params [-4.77756878  0.18466076  2.0132828  37.21059691]
at minimum 33.9816 accepted 0  with params [-4.2919931  -0.04254549  2.74120359 34.67974536]
at minimum 51.9924 accepted 0  with params [-4.96734688  0.71248259  2.78537042 34.85248933]
at minimum 42.1494 accepted 0  with params [-4.13457237  0.1051951   2.59022369 32.56019913]
at minimum 76.5039 accepted 0  with params [-4.6923134  -0.10120877  2.71293666 34.65032221]
at minimum 33.6235 accepted 1  with params [-4.59691968  0.33348717  2.04945355 34.48057274]
at minimum 32.4444 accepted 1  with params [-4.53971798  0.20696812  2.3553455  34.81969649]
at minimum 46.6085 accepted 0  with params [-4.98476264  0.62066966  1.92739599 35.26177909]
at minimum 155.6015 accepted 0  with params [-4.9285759  -0.09453286  2.61537392 35.08144306]
at minimum 37.6023 accepted 0  with params [-4.79321058  0.42697554  2.09162514 36.33125169]
at minimum 52.2775 accepted 0  with params [-4.51348051  0.62942875  2.16346031 32.44714975]
at minimum 81.0293 accepted 0  with params [-4.87819134  0.99        2.00079174 29.7867236 ]
at minimum 37.2083 accepted 0  with params [-4.57821658  0.0545302   2.22475629 34.65809367]
at minimum 36.3079 accepted 0  with params [-4.21668228 -0.2827632   2.32666236 34.13122932]
at minimum 50.5304 accepted 0  with params [-4.96686151  0.46182426  2.40620312 34.77847644]
at minimum 32.4313 accepted 1  with params [-4.39074581e+00  2.62744261e-02  2.25856907e+00  3.40343829e+01]
at minimum 62.9250 accepted 0  with params [-4.57485898 -0.28103119  2.01129651 34.30202728]
at minimum 32.2644 accepted 1  with params [-4.47568608  0.18251504  2.29397312 34.17690058]
at minimum 36.3427 accepted 0  with params [-4.18211137 -0.11600267  2.06875218 33.40699431]
at minimum 200.9333 accepted 0  with params [-4.91622371 -0.23996881  2.56465432 33.7222479 ]
at minimum 86.1212 accepted 0  with params [-4.78011533 -0.05046227  2.35798469 33.95472562]
at minimum 36.3769 accepted 0  with params [-4.55839723  0.41927634  3.         34.48303767]
at minimum 32.3072 accepted 1  with params [-4.47598425  0.14627681  2.57142771 34.49540019]
at minimum 40.6924 accepted 0  with params [-4.81384472  0.51632386  2.72271794 36.08495053]
at minimum 36.3976 accepted 0  with params [-4.12726893 -0.27943124  2.97231841 32.88772129]
at minimum 38.9868 accepted 0  with params [-4.82871799  0.56915931  0.05000001 34.60715042]
at minimum 32.1973 accepted 1  with params [-4.44920996  0.10209803  2.40791048 34.40042156]
at minimum 42.4514 accepted 0  with params [-4.62254765  0.08362524  2.60401619 34.15484789]
at minimum 44.4908 accepted 0  with params [-4.09154322  0.07154363  2.17149616 32.32111141]
at minimum 41.9232 accepted 0  with params [-4.6285829   0.53995667  2.26317892 33.2277417 ]
at minimum 82.2464 accepted 0  with params [-4.79686323  0.99        2.77423798 29.7011996 ]
at minimum 39.0511 accepted 0  with params [-4.04077422 -0.24929095  2.65062929 32.52005284]
at minimum 32.9440 accepted 1  with params [-4.58770694  0.25356358  2.31442785 35.18131867]
at minimum 44.1419 accepted 0  with params [-4.96710054  0.5451355   2.09730992 37.16523174]
at minimum 27.2032 accepted 1  with params [-4.70504492  0.13307539  0.08011533 34.24669198]
at minimum 25.9602 accepted 1  with params [-4.48962495  0.07557254  0.05       34.11279774]
at minimum 36.8124 accepted 0  with params [-4.91021983  0.28652842  0.30512711 34.13392216]
at minimum 39.2651 accepted 0  with params [-4.89327937  0.19448632  0.1186601  34.26228579]
at minimum 40.1068 accepted 0  with params [-4.37807062  0.42658271  0.21377309 34.16241766]
at minimum 47.0744 accepted 0  with params [-4.19722032  0.46697437  0.06557812 34.38970663]
at minimum 26.0817 accepted 0  with params [-4.38806064 -0.25507143  0.05       35.46968483]
at minimum 30.5343 accepted 0  with params [-4.19482805 -0.3078918   0.37147    33.56337766]
at minimum 23.0698 accepted 1  with params [-4.58324568  0.08240384  0.31528648 34.19813516]
at minimum 32.3283 accepted 0  with params [-4.69435971 -0.36341462  0.05957431 40.95189669]
at minimum 43.8733 accepted 0  with params [-4.16178245  0.39992019  0.05       32.54094605]
at minimum 19.1941 accepted 1  with params [-5.05405018  0.22173257  0.19415953 46.99146376]
at minimum 32.0889 accepted 0  with params [-5.31133014  0.40164856  0.26832909 48.37788598]
at minimum 126.4591 accepted 0  with params [-5.46556718  0.08982114  0.05       47.28775219]
at minimum 134.7568 accepted 0  with params [-5.09017269 -0.16120999  0.62476148 47.34970542]
at minimum 46.7137 accepted 0  with params [-4.96275236  0.58953168  3.         36.97066557]
at minimum 23.7447 accepted 0  with params [-4.92665779  0.35425928  0.27337291 40.66584845]
at minimum 53.0562 accepted 0  with params [-5.16357957  0.63536712  3.         38.36648553]
at minimum 25.5776 accepted 0  with params [-5.05570083  0.10155498  0.31230976 47.17156737]
at minimum 34.6706 accepted 0  with params [-5.36618183e+00  4.16782916e-01  5.00000150e-02  5.09082425e+01]
at minimum 41.6940 accepted 0  with params [-5.33724763  0.40031352  0.52858096 48.82178015]
at minimum 20.9538 accepted 0  with params [-4.83001156 -0.07962261  0.16941102 45.67767137]
at minimum 28.8384 accepted 0  with params [-5.22765601  0.32983921  0.09934577 46.65019093]
