at minimum 134.5658 accepted 1  with params [-4.50000001  0.39999999  0.5        39.9999998   0.99999999  0.99999999]
at minimum 131.9513 accepted 1  with params [-4.68420962  0.15095467  0.84028479 39.97167986  0.90654369  0.83312009]
at minimum 140.5839 accepted 0  with params [-4.1928581   0.040882    0.68596474 39.94847962  0.818035    0.69139507]
at minimum 130.4150 accepted 1  with params [-4.43382076 -0.11270978  0.61413194 39.68330003  1.35528372  0.65015808]
at minimum 216.2427 accepted 0  with params [-4.69077598 -0.51302721  0.24290076 39.52184287  0.892987    0.44375428]
at minimum 143.0157 accepted 0  with params [-4.40897979 -0.42560192  0.27639585 40.14997105  0.89561037  0.83771261]
at minimum 132.1933 accepted 0  with params [-4.35239291 -0.20593793  0.76070984 40.02113586  1.4784063   1.01703667]
at minimum 133.5093 accepted 0  with params [-4.31531215  0.13486977  0.63169975 39.60380319  0.86335797  0.31652868]
at minimum 440.7791 accepted 0  with params [-4.85722863 -0.49814326  0.32040767 39.40723396  1.72434917  0.88873526]
at minimum nan accepted 1  with params [-4.30782403 -0.1308059   0.15809789 40.0939739   1.22688861  0.49024539]
at minimum 130.6672 accepted 1  with params [-4.44079850e+00  1.49830327e-01  2.82618011e-01  4.00994070e+01
  1.23536318e+00  2.74356603e-02]
at minimum 167.6618 accepted 0  with params [-4.74835355  0.08836585  0.20420277 40.31556395  1.18001277  0.25500642]
at minimum 131.6446 accepted 0  with params [-4.66469145  0.2715461   0.34339945 40.1238158   1.15155856  0.25338479]
at minimum 155.2410 accepted 0  with params [-4.78668615  0.15761945  0.50295692 39.81952731  1.13373545  0.        ]
at minimum 173.4234 accepted 0  with params [-4.68346289 -0.15930309  0.60870724 40.25286533  1.60708849  0.        ]
at minimum 127.5113 accepted 1  with params [-4.45528076e+00 -3.72988182e-02  3.50838557e-01  3.96021068e+01
  7.55317795e-01  4.76977221e-01]
at minimum 127.7309 accepted 1  with params [-4.45118015 -0.09786266  0.31860357 39.76907798  0.47458374  0.47558767]
at minimum 432.1755 accepted 0  with params [-4.82319913 -0.46648225  0.05000007 39.46064979  0.45059661  0.96116114]
at minimum nan accepted 1  with params [-4.8534318  -0.34938836  0.08372845 40.06846517  0.3003035   0.33812357]
at minimum 145.7601 accepted 1  with params [-4.54067605e+00 -6.10205514e-01  4.05180317e-01  3.99456750e+01
  6.45741644e-01  9.44776586e-07]
at minimum 147.4245 accepted 0  with params [-4.06595892 -0.89999897  0.36711808 39.96686936  0.25893782  0.35887701]
at minimum 140.1423 accepted 1  with params [-4.09893132 -0.1229784   0.74659224 39.57126588  1.07044793  0.        ]
at minimum 182.2243 accepted 0  with params [-3.80520432 -0.28203322  0.53170048 39.35586378  1.07785483  0.        ]
at minimum 144.1647 accepted 0  with params [-4.20782002  0.1826286   1.11427464 39.5583238   0.8237869   0.12117457]
at minimum 144.4686 accepted 0  with params [-3.98520361 -0.34295142  1.0593837  39.43994004  1.26988325  0.        ]
at minimum 163.6574 accepted 0  with params [-4.02064843e+00  1.93472356e-01  9.37976153e-01  3.97518451e+01
  1.23279194e+00  1.02921925e-07]
at minimum 127.9933 accepted 1  with params [-4.48140266e+00 -3.71368715e-02  1.09044115e+00  3.91233599e+01
  8.64700937e-01  5.10592157e-08]
at minimum 133.0202 accepted 0  with params [-4.32474881  0.25128639  0.88923378 39.17220527  0.43885243  0.25335134]
at minimum 151.6277 accepted 0  with params [-4.72088268 -0.0947424   0.97224545 39.33770332  0.37817385  0.        ]
at minimum nan accepted 1  with params [-4.39309588  0.33947065  1.17162126 39.33778005  1.21654804  0.21126309]
at minimum 198.5342 accepted 1  with params [-3.90611246  0.65712314  1.17320712 39.26835833  0.73709778  0.        ]
at minimum 157.4576 accepted 1  with params [-4.39426729e+00  9.90000000e-01  1.03104469e+00  3.90295339e+01
  5.84299334e-01  3.53031488e-07]
at minimum 125.4931 accepted 1  with params [-4.68190276  0.9899998   1.50138232 39.39785563  0.4355883   0.23991568]
at minimum nan accepted 1  with params [-4.49402297  0.76105363  1.5356156  39.43882665  0.82351142  0.        ]
at minimum 257.0844 accepted 1  with params [-4.34275371  0.98999997  1.11314415 39.01284655  1.18904461  0.4654095 ]
at minimum 200.1507 accepted 1  with params [-4.33700499  0.60795938  1.49025908 38.72976794  1.54845721  0.37178199]
at minimum 68664046292817863889649664.0000 accepted 0  with params [-4.35909604e+00  9.90000000e-01  1.79352667e+00  3.89895001e+01
  1.48694922e+00  2.22954485e-02]
at minimum 173.2942 accepted 1  with params [-4.33104261  0.41121076  1.3406483  38.76405233  2.          0.76380266]
at minimum 419.8005 accepted 0  with params [-3.86018532  0.88695063  0.84151019 38.94474856  1.98300827  1.20002249]
at minimum 1159.3034 accepted 0  with params [-4.59275387  0.87045653  1.03306639 38.62243755  1.83367703  0.69233527]
at minimum nan accepted 1  with params [-4.05867176  0.43963796  0.99846523 38.88941122  1.99164844  0.64107805]
at minimum nan accepted 1  with params [-4.36219539  0.62506156  0.74172272 39.02996434  2.          0.92139642]
at minimum 174.0647 accepted 1  with params [-4.02617705  0.37292378  0.48340686 39.43304268  2.          0.9389932 ]
at minimum 175.6736 accepted 0  with params [-4.03488182  0.31560335  0.7896592  39.33295858  2.          1.02606515]
at minimum 308.3445 accepted 0  with params [-3.79942213  0.6829775   0.7739414  39.90609582  2.          1.41783167]
at minimum 152.3187 accepted 1  with params [-4.16261446  0.48783593  0.14209413 39.0540022   1.83370307  0.83746634]
at minimum nan accepted 1  with params [-4.61542882  0.54963304  0.05       39.49112055  1.51986942  1.00690802]
at minimum 133.8635 accepted 1  with params [-4.9105269   0.4287261   0.05       39.75659571  1.7266689   1.03789862]
at minimum 263.6205 accepted 0  with params [-4.60905729  0.83991425  0.05       39.6770645   1.61524437  1.24969762]
at minimum 146.9384 accepted 0  with params [-4.9967662   0.46524532  0.05000084 39.803843    1.91770469  1.19328238]
at minimum 137.6100 accepted 0  with params [-4.5625301   0.42644405  0.08851784 40.0111546   1.68421672  1.02773777]
at minimum 163.9898 accepted 0  with params [-4.84014024  0.6223299   0.40611648 39.73328001  1.49338646  0.87165123]
at minimum nan accepted 1  with params [-5.33923541  0.87050212  0.20050959 39.59665018  1.56671015  1.09859175]
at minimum 606.6469 accepted 1  with params [-5.21916532  0.88823326  0.07832377 40.02703993  1.72864842  1.27484926]
at minimum 587.4856 accepted 1  with params [-5.15918019  0.98999999  0.05000003 39.81626877  1.55415758  1.1565225 ]
at minimum 214.9051 accepted 1  with params [-4.90552364  0.86141685  0.37832962 39.91528683  1.20500738  1.44087078]
at minimum 160.8313 accepted 1  with params [-4.48891181  0.50351184  0.41804926 39.61535468  1.30935297  1.68183318]
at minimum 128.2816 accepted 1  with params [-4.67803508  0.3029556   0.4237257  40.02647224  1.48778262  1.41171521]
at minimum 138.1552 accepted 0  with params [-5.08666507  0.55750297  0.83757108 39.9172211   1.22588244  1.20960579]
at minimum 140.4982 accepted 0  with params [-4.59037507 -0.05558725  0.84412469 40.06410641  1.39336634  1.1171295 ]
at minimum 157.1486 accepted 0  with params [-4.23683453  0.3863944   0.70177984 39.83999462  1.14384879  1.14544486]
at minimum 133.0646 accepted 0  with params [-4.97090989  0.45244924  0.60710055 39.98250832  1.0501618   1.24127547]
at minimum 230.3715 accepted 0  with params [-4.77526475  0.66158648  0.57800534 39.81768047  1.72889352  1.39970032]
at minimum 132.8559 accepted 0  with params [-4.33508688  0.2272151   0.12106192 39.75087286  1.47026375  1.34748759]
at minimum 157.3319 accepted 0  with params [-4.57569011  0.55794006  0.73649147 40.37689549  1.19102022  1.19157441]
at minimum 141.0047 accepted 0  with params [-4.25551839  0.20088066  0.1022707  40.15974054  1.05211284  1.57395679]
at minimum 131.0403 accepted 1  with params [-4.34074859  0.20432682  0.33059837 39.75106477  1.30890128  1.18196829]
at minimum 137.8195 accepted 0  with params [-4.37132352  0.24227162  0.53158128 40.12850616  1.54734946  0.97797083]
at minimum 136.5560 accepted 0  with params [-4.30388589  0.21301511  0.40557659 40.15676922  1.60461913  0.98682128]
at minimum 152.9055 accepted 0  with params [-4.33289817  0.50440249  0.36281301 39.7011747   1.24394061  0.78141836]
at minimum nan accepted 1  with params [-4.01764835  0.10108824  0.58101379 39.8703741   1.66430906  1.04029465]
at minimum 126.8296 accepted 1  with params [-4.34151744 -0.0658666   0.87837732 39.43143478  1.76698749  1.13172897]
at minimum 135.3489 accepted 0  with params [-4.05715209 -0.36243057  1.21006216 39.06939773  1.72218463  1.39576835]
at minimum 151.6649 accepted 0  with params [-4.37065979 -0.42407815  1.18513501 39.76430958  1.99999997  0.75841963]
at minimum 166.7117 accepted 0  with params [-4.10355032  0.29636543  0.80499591 39.13168783  1.99999974  1.25839338]
at minimum 135.8598 accepted 0  with params [-4.36203541  0.20363587  1.25601605 39.51930961  1.49409078  1.00886426]
at minimum 238.5421 accepted 0  with params [-4.5470071  -0.40416757  0.92328448 39.80818731  2.          1.56597963]
at minimum 143.8780 accepted 0  with params [-3.92616405 -0.48087748  1.22751342 39.37156084  1.56129439  1.28652739]
at minimum 165.1170 accepted 0  with params [-4.56152546 -0.21380244  1.06283017 39.77427534  1.59975957  1.45746922]
at minimum 124.5857 accepted 1  with params [-4.76160624  0.3362476   0.54341599 39.5875749   1.35212673  0.99406842]
at minimum 274.6653 accepted 0  with params [-4.9998754  -0.09494329  0.66259051 39.53130081  1.75336458  1.09340985]
at minimum 231.5804 accepted 0  with params [-4.88670591 -0.10874816  0.66869047 39.80907683  1.58524913  0.65136007]
at minimum 131.3122 accepted 0  with params [-4.73850995  0.26281635  0.11969959 39.9141131   1.29565438  1.26088428]
at minimum 132.9255 accepted 0  with params [-4.81221415  0.25564431  0.39721352 39.16011974  1.08777996  0.91258254]
at minimum 184.4761 accepted 0  with params [-4.41031488  0.69499841  0.23144295 39.97791336  1.4971978   0.91428197]
at minimum nan accepted 1  with params [-5.12682623  0.53817367  0.50469411 39.31559607  1.76040433  1.26233024]
at minimum 567.4841 accepted 1  with params [-4.89077388  0.79884471  0.07649624 38.92517514  2.          1.37713034]
at minimum 877.4072 accepted 0  with params [-5.17049852  0.91770848  0.36722838 39.26369965  1.99999987  1.63006281]
at minimum 221.0941 accepted 1  with params [-4.9378977   0.72716329  0.05       39.06648726  1.64712472  1.20598368]
at minimum 1156697785.8638 accepted 0  with params [-5.02420909  0.96255338  0.22132353 38.92187011  1.90654848  0.78573176]
at minimum 229.6273 accepted 0  with params [-4.5769319   0.99        0.33859491 38.62711387  1.22727444  1.16770915]
at minimum 146.6183 accepted 1  with params [-4.73646389  0.28235264  0.05000009 38.72175065  1.41154317  1.45927327]
at minimum 152.7768 accepted 0  with params [-4.53926626  0.66707723  0.05000357 39.03916767  1.11523678  1.18263456]
at minimum 143.0301 accepted 1  with params [-4.84137276  0.58165182  0.05       38.73945026  1.11775246  1.26109488]
at minimum 139.4628 accepted 1  with params [-5.1615468   0.51655303  0.05000176 38.4226641   1.35870174  0.90888781]
at minimum 129.1367 accepted 1  with params [-5.27822852  0.66026047  0.05000047 38.20431401  1.39117557  0.55208788]
at minimum nan accepted 1  with params [-5.32365504  0.58354599  0.2982682  38.20678069  1.42109458  0.64180667]
at minimum 131.8781 accepted 1  with params [-5.14431379  0.66096374  0.25275966 37.92924181  1.02941102  0.79289112]
at minimum 143.7006 accepted 0  with params [-5.13852865  0.79514196  0.50807326 37.75398092  0.60265528  0.76862664]
at minimum 131.4611 accepted 1  with params [-5.12262634  0.92129875  0.5860344  38.03856703  0.82311159  0.58670313]
at minimum 145.8710 accepted 0  with params [-4.82806179  0.99        0.57940167 37.66721778  0.68843361  0.90948035]
