at minimum 158.6864 accepted 1  with params [-4.5         0.4         3.         33.22036123]
at minimum 169.3279 accepted 0  with params [-4.64822607 -0.07010251  2.7189783  33.3287808 ]
at minimum 186.8050 accepted 0  with params [-4.06153158  0.11331596  2.72232048 30.74396962]
at minimum 191.3373 accepted 0  with params [-5.34763575  0.84725007  2.56901518 31.91341751]
at minimum 185.5347 accepted 0  with params [-4.10064332 -0.04128655  2.81821774 33.58034743]
at minimum 157.8917 accepted 1  with params [-4.80457809  0.44889437  3.         35.99849386]
at minimum 152.5899 accepted 1  with params [-4.50703405  0.19316219  3.         35.71372291]
at minimum 162.8884 accepted 0  with params [-4.89827851  0.51314048  3.         36.40472582]
at minimum 166.8715 accepted 0  with params [-4.3561199   0.3580389   3.         32.21232951]
at minimum 199.5052 accepted 0  with params [-4.05381184  0.46105496  2.94515677 33.30533457]
at minimum 164.1340 accepted 0  with params [-4.93028466  0.4689385   3.         37.36545801]
at minimum 190.8829 accepted 0  with params [-4.12977115 -0.42008473  2.97656958 34.08032188]
at minimum 162.3195 accepted 0  with params [-4.72211395  0.56323587  3.         33.9792903 ]
at minimum 158.5581 accepted 0  with params [-4.38563993  0.09286268  3.         35.06011454]
at minimum 175.9381 accepted 0  with params [-4.64833558 -0.10883893  3.         35.28851892]
at minimum 168.8899 accepted 0  with params [-4.3132818   0.29599839  2.7989096  32.02105749]
at minimum 157.8808 accepted 0  with params [-4.73675076  0.48457535  3.         34.03075078]
at minimum 188.0910 accepted 0  with params [-4.17481398  0.46993842  2.70588331 30.52709776]
at minimum 155.9063 accepted 0  with params [-4.74541465  0.43811941  3.         35.41479236]
at minimum 161.5355 accepted 0  with params [-4.64897167e+00 -7.27381885e-03  2.66236988e+00  3.52910778e+01]
at minimum 155.0408 accepted 0  with params [-4.50985717e+00 -2.08528304e-02  2.64677817e+00  3.57489621e+01]
at minimum 180.5835 accepted 0  with params [-4.55618032 -0.28569607  3.         33.67772458]
at minimum 153.6042 accepted 0  with params [-4.75350017  0.35480383  2.58146055 35.88964825]
at minimum 157.2004 accepted 0  with params [-4.64349604  0.46898608  3.         34.10032533]
at minimum 163.4973 accepted 0  with params [-4.94321512  0.45690278  2.65730347 37.45556629]
at minimum 175.9783 accepted 0  with params [-4.25048673 -0.16237766  2.73352116 35.46943262]
at minimum 189.7124 accepted 0  with params [-4.03437543  0.24355877  2.94239727 30.48235829]
at minimum 151.4622 accepted 1  with params [-4.6556919   0.33183243  2.54442535 34.90093155]
at minimum 166.4585 accepted 0  with params [-4.31357143  0.07593185  2.16741082 32.26845865]
at minimum 166.3137 accepted 0  with params [-4.94792035  0.57971923  2.81638265 35.92372903]
at minimum 151.4780 accepted 1  with params [-4.59314592  0.2965448   2.19645445 34.21343731]
at minimum 164.6163 accepted 0  with params [-4.80567754  0.60054705  2.37380092 34.00717333]
at minimum 160.6483 accepted 0  with params [-4.90574118  0.50271345  2.26970288 36.20448051]
at minimum 160.0411 accepted 0  with params [-4.77492093  0.53699969  2.25150744 34.399354  ]
at minimum 166.5148 accepted 0  with params [-4.2956033   0.05902377  2.50476998 32.26970733]
at minimum 155.3952 accepted 0  with params [-4.48945552  0.29036418  2.64406329 33.47232381]
at minimum 163.1879 accepted 0  with params [-4.73067380e+00 -1.37825358e-02  1.72786302e+00  3.41052190e+01]
at minimum 150.5407 accepted 1  with params [-4.54658176  0.09766202  2.09445845 34.32281829]
at minimum 163.7396 accepted 0  with params [-4.40967344  0.32626996  2.34245035 32.49632923]
at minimum 152.5000 accepted 0  with params [-4.53579245e+00 -1.94937284e-02  1.95156189e+00  3.46846967e+01]
at minimum 159.1976 accepted 0  with params [-4.40349187e+00  4.56285243e-03  1.68226322e+00  3.29585713e+01]
at minimum 155.2143 accepted 0  with params [-4.79956086  0.36660785  2.16571779 34.24809575]
at minimum 178.3485 accepted 0  with params [-4.23659639  0.0355111   1.64937207 34.06365339]
at minimum 205.7901 accepted 0  with params [-4.99049262  0.99        1.82421231 28.9160872 ]
at minimum 152.6378 accepted 0  with params [-4.53308908  0.23230168  1.73755084 33.71601272]
at minimum 165.1630 accepted 0  with params [-4.9064586   0.27853779  1.79812557 34.46959112]
at minimum 185.7312 accepted 0  with params [-4.12356505 -0.20762448  1.93567558 30.98074261]
at minimum 190.3348 accepted 0  with params [-4.91322251  0.09109632  1.92162503 34.47801479]
at minimum 157.7033 accepted 0  with params [-4.83927881  0.44537333  2.4712586  35.40608799]
at minimum 176.8055 accepted 0  with params [-4.22036712e+00  5.32325120e-03  1.68250137e+00  3.15089554e+01]
at minimum 213.5544 accepted 0  with params [-4.8804474  -0.04205412  2.20916562 33.91534474]
at minimum 153.9206 accepted 0  with params [-4.47573306  0.06671161  1.6842176  34.20328075]
at minimum 157.8554 accepted 0  with params [-4.9224305   0.49394388  1.39016197 35.00927019]
at minimum 175.7292 accepted 0  with params [-4.24601567  0.22770209  2.18076124 31.49580557]
at minimum 150.4680 accepted 1  with params [-4.57110508  0.05212795  1.88647746 33.85286547]
at minimum 283.0410 accepted 0  with params [-4.994456   -0.12059553  2.28403706 33.75244686]
at minimum 152.0022 accepted 0  with params [-4.50707089  0.09138882  1.75061609 34.27018166]
at minimum 155.0303 accepted 0  with params [-4.81028642  0.46107566  1.43881165 33.72475915]
at minimum 289.1023 accepted 0  with params [-5.01139263 -0.18103236  1.7045475  36.11323738]
at minimum 152.2038 accepted 0  with params [-4.54378696  0.25832395  2.31985467 33.97092927]
at minimum 299.9258 accepted 0  with params [-4.96847324 -0.31145513  1.43797996 33.58719812]
at minimum 177.1947 accepted 0  with params [-4.30132641 -0.38198978  1.73556875 33.77155151]
at minimum 323.3122 accepted 0  with params [-5.01617589 -0.19519903  2.33390972 33.81278364]
at minimum 153.8202 accepted 0  with params [-4.70956563  0.15727882  1.86164126 33.0712992 ]
at minimum 178.3065 accepted 0  with params [-4.21502078 -0.16597577  2.13303231 33.61428692]
at minimum 148.2793 accepted 1  with params [-4.84943209  0.45384071  0.7157471  37.49624986]
at minimum 137.1420 accepted 1  with params [-4.67330740e+00  6.80809237e-03  7.75818281e-01  3.72594387e+01]
at minimum 154.2065 accepted 0  with params [-4.63586315  0.40654388  3.         34.48097641]
at minimum 203.9444 accepted 0  with params [-5.07095627  0.99        0.95602826 29.1062221 ]
at minimum 263.1068 accepted 0  with params [-5.08351059 -0.36731792  0.51620713 47.11069975]
at minimum 145.7773 accepted 0  with params [-4.94163089  0.09105973  0.59647741 37.09658319]
at minimum 145.7269 accepted 0  with params [-4.85679802  0.28591465  0.95029819 36.35550518]
at minimum 201.5700 accepted 0  with params [-4.95432329 -0.18253594  0.75895813 37.01253899]
at minimum 147.8859 accepted 0  with params [-4.50340556  0.14177336  0.50952335 37.26472298]
at minimum 141.3415 accepted 0  with params [-4.72643937  0.26182333  0.86623611 36.04732112]
at minimum 160.3695 accepted 0  with params [-4.78940037 -0.16151118  0.8635562  36.82639098]
at minimum 143.5869 accepted 0  with params [-5.04525457  0.41210334  0.54470626 40.55554988]
at minimum 171.3056 accepted 0  with params [-4.41054922 -0.34620709  3.         32.78795731]
at minimum 175.6497 accepted 0  with params [-4.24572565 -0.15585412  1.14083624 31.69591648]
at minimum 175.1159 accepted 0  with params [-4.34472817  0.42010027  0.67714001 31.53684362]
at minimum 158.8846 accepted 0  with params [-5.12034686  0.45962894  0.89225655 40.00784828]
at minimum 150.6548 accepted 0  with params [-4.49850316  0.03396906  1.13978309 33.87950091]
at minimum 142.6110 accepted 0  with params [-4.57564995 -0.07807034  0.81055347 36.94921515]
at minimum 135.1381 accepted 1  with params [-4.65797465  0.16017134  0.63236702 35.38235765]
at minimum 97.4291 accepted 1  with params [-4.99645552e+00 -2.19962618e-01  5.25064922e-02  5.57813769e+01]
at minimum 168.2675 accepted 0  with params [-4.79722782 -0.54276885  0.48827747 40.35550486]
at minimum 130.4490 accepted 0  with params [-4.85486156 -0.62031193  0.05       48.80469721]
at minimum 119.8522 accepted 0  with params [-4.87885044 -0.34311339  0.26455099 54.04694545]
at minimum 100.4390 accepted 0  with params [-4.70773668 -0.41998774  0.05       42.67208907]
at minimum 93.9276 accepted 1  with params [-5.05757715e+00  7.14622821e-05  5.00000000e-02  5.54315823e+01]
at minimum 136.3023 accepted 0  with params [-5.27281228  0.28273219  0.37253317 55.42718134]
at minimum 108.5666 accepted 0  with params [-5.00611101  0.21510224  0.05       46.40460615]
at minimum 128.8733 accepted 0  with params [-5.48057276e+00  2.83840793e-01  5.00000000e-02  6.43360712e+01]
at minimum 152.3397 accepted 0  with params [-4.6203114   0.3495326   3.         34.67044438]
at minimum 98.4156 accepted 0  with params [-4.98814767 -0.22926578  0.11803784 55.78070199]
at minimum 122.8295 accepted 0  with params [-4.65491367  0.05097445  0.41497262 37.46388119]
at minimum 139.5561 accepted 0  with params [-4.97080523  0.05813915  0.40575825 54.97907429]
at minimum 117.5980 accepted 0  with params [-5.22902838  0.14127362  0.28188858 55.2407834 ]
at minimum 403.3672 accepted 0  with params [-5.27592434 -0.41876501  0.40879219 53.19377773]
at minimum 93.4350 accepted 1  with params [-5.05486125e+00 -5.11446177e-02  8.89076481e-02  5.54358514e+01]
at minimum 121.4413 accepted 0  with params [-4.82048776 -0.51701726  0.07045759 54.39774339]
