at minimum 49.5254 accepted 1  with params [-4.48976323  0.4         0.3399735  42.41703395]
at minimum 111.6982 accepted 0  with params [-4.67669470e+00 -1.10274803e-03  5.00000598e-02  4.19726926e+01]
at minimum nan accepted 1  with params [-4.72933929  0.23901327  0.07988832 42.3132496 ]
at minimum 174.5087 accepted 1  with params [-4.79005573 -0.21532417  0.05000002 49.96277089]
at minimum 476.9848 accepted 0  with params [-5.05847348 -0.47455461  0.25420105 53.62081951]
at minimum 49.6555 accepted 1  with params [-4.71060438  0.99        3.         39.26607522]
at minimum nan accepted 1  with params [-4.71591308  0.64956479  2.93663678 39.19589875]
at minimum 54.3303 accepted 1  with params [-4.27595857  0.93932299  3.         39.23692268]
at minimum 41.6561 accepted 1  with params [-4.25637507  0.58553345  3.         41.04191605]
at minimum nan accepted 1  with params [-4.5029673   0.38036171  2.78235569 41.44782653]
at minimum nan accepted 1  with params [-4.49660806  0.72934923  2.51120915 41.71859172]
at minimum nan accepted 1  with params [-4.61148286  0.46284505  2.44621033 41.56099064]
at minimum 133.3898 accepted 1  with params [-4.75010688  0.20171767  2.03900667 41.27906792]
at minimum nan accepted 1  with params [-4.74775242  0.32952721  2.19582294 40.81942395]
at minimum 47.0188 accepted 1  with params [-5.07956831  0.99        2.03407836 39.61926099]
at minimum 46.0715 accepted 1  with params [-5.55117985  0.99        1.59965195 40.11726515]
at minimum 45.4499 accepted 1  with params [-5.79185678  0.91428832  1.77846539 43.11897834]
at minimum 45.4566 accepted 1  with params [-6.          0.83018113  1.74189672 47.31666547]
at minimum 45.6750 accepted 0  with params [-6.          0.7685222   1.32571031 50.58284885]
at minimum 45.6076 accepted 1  with params [-5.87820931  0.81198747  2.05934472 47.9152753 ]
at minimum 46.0133 accepted 1  with params [-5.91765346  0.99        1.85859176 40.36924727]
at minimum nan accepted 1  with params [-6.          0.52539505  2.1188475  40.03958637]
at minimum 46.0286 accepted 1  with params [-5.73744209  0.99        3.         40.2894646 ]
at minimum 46.0220 accepted 1  with params [-6.         0.99       3.        40.4251745]
at minimum 46.0292 accepted 1  with params [-5.73284372  0.99        3.         40.28647839]
at minimum 46.0212 accepted 1  with params [-5.84567102  0.99        3.         40.35326901]
at minimum 46.0358 accepted 1  with params [-5.68859488  0.99        3.         40.25663171]
at minimum nan accepted 1  with params [-5.53896575  0.80056017  3.         40.08961003]
at minimum 47.3908 accepted 1  with params [-5.92321286  0.68486577  2.51599447 55.61183627]
at minimum 48.4474 accepted 1  with params [-6.          0.62551926  2.11090334 60.40524229]
at minimum 47.8317 accepted 1  with params [-6.          0.64317081  2.24907431 59.07075569]
at minimum 46.0050 accepted 1  with params [-5.84438744  0.99        1.42975064 40.33117147]
at minimum 46.0146 accepted 1  with params [-6.          0.99        1.82663928 40.4075821 ]
at minimum 46.0183 accepted 1  with params [-5.8460835   0.99        2.24106625 40.33588432]
at minimum 47.4924 accepted 1  with params [-6.          0.65178684  2.51613298 58.50976481]
at minimum 45.4443 accepted 1  with params [-5.933487    0.86465282  2.35082347 45.56284333]
at minimum 46.0513 accepted 0  with params [-5.62750782  0.99        2.73307903 40.20224961]
at minimum 46.1035 accepted 0  with params [-5.51365328  0.82484258  2.84032837 45.94906734]
at minimum nan accepted 1  with params [-5.81323378  0.93382861  2.19401264 45.69971246]
at minimum 45.4683 accepted 1  with params [-5.86599463  0.84147317  2.33989453 46.48765612]
at minimum 47.3802 accepted 0  with params [-5.97717093  0.67072029  1.8726324  56.75155923]
at minimum 46.0266 accepted 1  with params [-5.75448875  0.99        2.56200543 40.2876007 ]
at minimum 46.0210 accepted 1  with params [-5.96054135  0.99        3.         40.40873229]
at minimum 46.0220 accepted 1  with params [-6.          0.99        3.         40.42517283]
at minimum 46.0220 accepted 1  with params [-6.          0.99        3.         40.42517522]
at minimum 46.0984 accepted 1  with params [-5.50835994  0.99        3.         40.11237848]
at minimum 46.2829 accepted 1  with params [-5.31969573  0.99        3.         39.92358837]
at minimum 46.7335 accepted 1  with params [-5.1277353  0.99       3.        39.7041658]
at minimum 47.8820 accepted 0  with params [-4.90329268  0.99        3.         39.44975067]
at minimum 46.0214 accepted 1  with params [-6.          0.99        2.83777292 40.4220015 ]
at minimum nan accepted 1  with params [-5.62533908  0.58205921  2.31737738 40.86847973]
at minimum 46.0578 accepted 1  with params [-5.45132053  0.83052475  2.25276042 45.25121704]
at minimum 45.0672 accepted 1  with params [-5.22240972  0.9226154   2.64981358 41.54826825]
at minimum nan accepted 1  with params [-5.29529972  0.57767165  2.33066739 41.32811061]
at minimum nan accepted 1  with params [-4.856826    0.11303938  2.74926018 41.57199787]
at minimum nan accepted 1  with params [-5.08872739  0.3846521   2.973975   42.03676604]
at minimum 47.3882 accepted 1  with params [-4.98082892  0.99        3.         39.53433493]
at minimum 49.8414 accepted 0  with params [-4.69462419  0.99        3.         39.2525834 ]
at minimum 46.1345 accepted 1  with params [-5.45425645  0.99        3.         40.06194678]
at minimum 94.2983 accepted 0  with params [-5.22889169  0.51534819  2.74114448 52.63402932]
at minimum 58.7755 accepted 0  with params [-5.16019538  0.66949068  2.4923754  47.54701714]
at minimum 46.5634 accepted 1  with params [-5.98615689  0.69204301  3.         55.66182937]
at minimum 123.9212 accepted 0  with params [-5.47952108  0.41152188  3.         64.49673036]
at minimum 46.3311 accepted 1  with params [-6.          0.70256572  2.93475967 54.99182691]
at minimum 46.5496 accepted 1  with params [-5.71329396  0.77398048  3.         49.31339466]
at minimum 76.1531 accepted 0  with params [-5.16004037  0.57944636  2.76571688 49.07705066]
at minimum 46.2200 accepted 1  with params [-5.36633451  0.99        3.         39.97346308]
at minimum nan accepted 1  with params [-5.14124476  0.52735948  3.         39.6721553 ]
at minimum 356.5359 accepted 1  with params [-5.2708449   0.12994863  3.         55.00555445]
at minimum 49.5547 accepted 1  with params [-4.72093172  0.99        2.96339812 39.2741091 ]
at minimum 46.0220 accepted 1  with params [-6.          0.99        3.         40.42518057]
at minimum 46.2666 accepted 1  with params [-5.98138617  0.72002001  2.47891901 53.62619046]
at minimum 46.0220 accepted 1  with params [-6.          0.99        3.         40.42517748]
at minimum nan accepted 1  with params [-5.54702443  0.80894128  3.         40.51955919]
at minimum 46.5455 accepted 1  with params [-5.11463122  0.98299572  2.82371306 39.84196483]
at minimum 50.3193 accepted 0  with params [-4.67177539  0.99        2.49187493 39.22993339]
at minimum 46.0494 accepted 1  with params [-5.63562527  0.99        2.66549216 40.20626922]
at minimum 46.8945 accepted 1  with params [-5.31003956  0.80903995  2.78008617 45.27834274]
at minimum 46.0190 accepted 1  with params [-5.94905308  0.99        2.56467702 40.39471304]
at minimum 45.7611 accepted 1  with params [-5.74647137  0.81682562  2.5862338  47.29193093]
at minimum 46.4521 accepted 1  with params [-5.25330085  0.99        2.04699373 39.81485161]
at minimum nan accepted 1  with params [-5.0040439   0.53953089  1.98951713 40.17233159]
at minimum 45.5702 accepted 1  with params [-5.4337742   0.99        0.07279461 40.48628963]
at minimum 44.9418 accepted 1  with params [-4.90377443  0.99        0.05       40.35014024]
at minimum 54.0872 accepted 0  with params [-5.03285043  0.5303298   0.05       49.77385228]
at minimum 44.7069 accepted 1  with params [-4.68129624  0.99        0.05000023 40.01029122]
at minimum 46.4269 accepted 0  with params [-4.34273393  0.99        0.33177107 40.1188768 ]
at minimum 44.5645 accepted 1  with params [-4.61519154  0.62660548  0.18398344 42.93519711]
at minimum 49.9078 accepted 0  with params [-4.84005078  0.57282779  0.05       45.78848585]
at minimum 72.3086 accepted 0  with params [-5.01476974  0.37563958  0.29427001 51.96946762]
at minimum nan accepted 1  with params [-4.95526596  0.68447042  0.51428835 42.65581375]
at minimum 42.3009 accepted 1  with params [-4.44617338  0.66073536  0.05000018 42.30236013]
at minimum nan accepted 1  with params [-4.0669443   0.99        0.49699634 41.93643853]
at minimum 58.2368 accepted 1  with params [-3.85777181  0.99        0.41428513 41.83841442]
at minimum 130.5426 accepted 0  with params [-3.50024128  0.63557962  0.05       35.76159189]
at minimum 82.9185 accepted 0  with params [-3.5647263   0.71133386  0.05       38.15942646]
at minimum 53.4481 accepted 1  with params [-3.93178737  0.85588102  0.63521824 39.60551636]
at minimum 42.1503 accepted 1  with params [-4.46335869  0.66957198  1.02109226 41.26785833]
at minimum 43.2417 accepted 0  with params [-4.08461552  0.62702124  0.79517841 40.39457607]
at minimum 61.2949 accepted 0  with params [-4.45319936  0.24806872  1.50050705 42.36075498]
at minimum 57.2595 accepted 0  with params [-3.91003935  0.89243798  0.65030709 40.85176048]
