at minimum 156.1966 accepted 1  with params [-4.5  0.4  0.5 40.   1.   1. ]
at minimum 199.2532 accepted 0  with params [-4.29526048  0.63755843  0.85217413 40.09414462  0.96997227  0.74130009]
at minimum 140.8581 accepted 1  with params [-4.52991491  0.25106984  0.25592465 40.38252852  0.93085049  0.84411912]
at minimum 123.5920 accepted 1  with params [-4.21391046 -0.07437392  0.06124174 40.3132442   0.90435241  1.06189484]
at minimum 130.4568 accepted 0  with params [-4.07647619  0.06462372  0.05       40.78794205  0.81728168  0.72532788]
at minimum 143.7963 accepted 0  with params [-4.08652516 -0.46497998  0.05       40.12753452  0.84184415  1.41489189]
at minimum 136.6099 accepted 0  with params [-3.77538828 -0.33918893  0.1692082  40.71094239  1.05891767  1.38966912]
at minimum 149.9473 accepted 0  with params [-3.71600814  0.29857061  0.35379898 40.81249763  1.11196346  0.82906378]
at minimum 146.0419 accepted 0  with params [-4.005532   -0.47148726  0.05000077 40.26992584  0.53240133  1.05755212]
at minimum 143.5262 accepted 0  with params [-4.45682154 -0.46603639  0.18707182 40.05987238  1.3806856   1.46785963]
at minimum 128.4063 accepted 0  with params [-4.65155607 -0.19590612  0.05000028 40.70011775  1.01227664  1.25249694]
at minimum 130.3342 accepted 0  with params [-4.50931232  0.14871361  0.23047937 40.11942932  0.96273336  0.69501188]
at minimum 125.8064 accepted 0  with params [-4.44003283e+00 -1.87282020e-02  2.22719236e-01  4.05162944e+01
  7.32097220e-01  5.75341919e-01]
at minimum 126.0283 accepted 0  with params [-4.69495546  0.10553791  0.05       39.9124953   0.50258424  1.02168424]
at minimum 132.5887 accepted 0  with params [-4.34694596 -0.35034085  0.2105855  40.09909726  1.17341772  1.36156574]
at minimum 134.1484 accepted 0  with params [-4.14447632 -0.35071357  0.32430997 40.29680487  0.75388312  0.99141527]
at minimum 147.9871 accepted 0  with params [-3.8794434  -0.46967378  0.39608203 40.55304003  1.10133323  0.99805284]
at minimum 123.4316 accepted 1  with params [-4.38869991 -0.10600546  0.15508885 40.28094758  1.14250755  0.83001219]
at minimum 138.6615 accepted 0  with params [-4.60024405 -0.39215787  0.05       40.40888549  0.75369375  0.75498318]
at minimum 128.9284 accepted 0  with params [-4.51932200e+00  3.24344508e-02  3.56411482e-01  4.07440789e+01
  1.13483686e+00  1.02765578e+00]
at minimum 121.8220 accepted 1  with params [-4.54578058e+00  1.83004512e-02  5.00000000e-02  3.98415463e+01
  1.33976543e+00  1.22753542e+00]
at minimum 117.7910 accepted 1  with params [-4.32609266 -0.13659681  0.49951731 39.39788769  1.12459325  1.7126499 ]
at minimum 117.2412 accepted 1  with params [-4.22604492e+00 -1.31890735e-03  8.29525490e-01  3.92777512e+01
  8.86570690e-01  1.56642752e+00]
at minimum 117.7301 accepted 0  with params [-4.35157613  0.08391932  0.48209387 38.88382704  0.83390392  1.5365543 ]
at minimum 119.9912 accepted 0  with params [-4.17748613 -0.13562102  0.93438893 39.7771962   1.22109462  1.56549981]
at minimum 127.1769 accepted 0  with params [-3.78041957  0.1831069   0.44405962 39.37516853  1.18783606  1.15696122]
at minimum 117.9839 accepted 1  with params [-3.88223166  0.04649388  0.98347799 39.14821538  0.84441802  1.96259185]
at minimum 121.5083 accepted 0  with params [-3.6758567  -0.2849931   1.18636387 39.14765665  1.31537779  1.94358027]
at minimum 113.5797 accepted 1  with params [-4.35110106 -0.07787618  1.16357225 38.81594759  0.58039023  1.99998801]
at minimum 136.8161 accepted 0  with params [-4.40484828 -0.46319909  1.44341631 39.24262548  0.3654196   1.53575529]
at minimum 139.9145 accepted 0  with params [-4.00088781 -0.50087871  1.53953961 39.08114513  0.55961015  1.57043618]
at minimum 127.0643 accepted 0  with params [-4.73546453  0.23396837  0.83561896 38.7914907   0.27597707  1.69251982]
at minimum 124.6235 accepted 0  with params [-4.09539295  0.22647235  1.26676993 38.48574513  0.31454045  1.99999985]
at minimum 137.1280 accepted 0  with params [-4.75515304  0.34177475  0.68263882 38.57448466  0.42293199  1.65388819]
at minimum 115.0577 accepted 0  with params [-4.02320872 -0.08997812  0.98253996 39.07357225  0.99795366  1.75677865]
at minimum 116.2906 accepted 0  with params [-4.67850361 -0.06624809  1.39059055 39.24971824  0.39264497  2.        ]
at minimum 119.4528 accepted 0  with params [-4.61231737 -0.31662575  1.1091854  38.5403001   0.20948847  2.        ]
at minimum 112.4822 accepted 1  with params [-4.28956601e+00 -2.13841216e-02  1.13002977e+00  3.85623795e+01
  1.04553245e+00  2.00000000e+00]
at minimum 116.6001 accepted 0  with params [-4.04044826  0.09791059  1.18824469 38.59267119  1.47015034  1.92476816]
at minimum 110.2750 accepted 1  with params [-4.52893622e+00 -3.88952176e-03  1.54371644e+00  3.81156719e+01
  7.31394008e-01  1.99999994e+00]
at minimum 111.6789 accepted 0  with params [-4.84956192  0.04924424  1.09345816 38.10439001  0.5812741   1.7075488 ]
at minimum 117.0869 accepted 0  with params [-4.5915516  -0.33282135  1.28100235 37.95434315  1.06979482  1.99999999]
at minimum 111.5060 accepted 0  with params [-4.14863145 -0.21324848  1.44401477 38.06396008  1.17025952  1.99999985]
at minimum 126.9282 accepted 0  with params [-4.96459194  0.29234673  1.08256379 37.86963895  1.20299483  2.        ]
at minimum 136.8800 accepted 0  with params [-4.09402501  0.38191809  1.4155935  37.91828093  0.65192918  1.99999997]
at minimum 112.2122 accepted 0  with params [-4.68627642e+00  3.75798603e-02  1.85224504e+00  3.82210778e+01
  4.86149348e-01  1.99999845e+00]
at minimum 113.5633 accepted 0  with params [-4.87164125  0.12235476  1.33782441 37.81227557  1.18709943  1.99999912]
at minimum 112.4471 accepted 0  with params [-4.54523503 -0.19851509  1.88016565 38.33225581  0.93990549  1.99999973]
at minimum 125.6831 accepted 0  with params [-5.02481225 -0.44788372  1.3427019  37.8288365   1.00503476  1.55612638]
at minimum 149.8292 accepted 0  with params [-4.37555561  0.48270779  1.4362482  37.77851657  0.86297381  1.85289364]
at minimum 115.6425 accepted 0  with params [-4.40557764  0.12342953  1.70345939 38.2152246   0.48199893  1.94034098]
at minimum 142.3100 accepted 0  with params [-4.52853088  0.42746155  1.96551086 37.82622647  0.66915871  1.99999989]
at minimum 111.9676 accepted 0  with params [-4.40566741 -0.1767597   1.66070449 38.33542227  0.28308715  1.58474982]
at minimum 123.7544 accepted 0  with params [-4.67806661  0.26791106  1.67191959 37.76397652  0.89912554  1.58384801]
at minimum 120.9904 accepted 0  with params [-4.19797031  0.23193268  1.11002872 37.7891221   1.16077473  1.99999996]
at minimum 124.9263 accepted 0  with params [-4.73918268 -0.43486054  1.86926918 37.91664987  0.46076506  1.87682641]
at minimum 135.2475 accepted 0  with params [-4.60459083  0.3426524   1.84075241 38.34267132  0.75213945  1.57501398]
at minimum 110.7997 accepted 1  with params [-4.73809003  0.04571892  1.61903753 37.95608071  0.99051093  1.63273407]
at minimum 121.8960 accepted 0  with params [-4.54415952 -0.36456916  1.88892795 38.40426374  0.77963933  1.27408906]
at minimum 118.5202 accepted 0  with params [-4.60406714 -0.36781176  2.01775442 37.79379432  0.86660072  2.        ]
at minimum 128.4616 accepted 0  with params [-4.46140638  0.30806801  1.94846298 37.8776072   0.96435921  1.22579009]
at minimum 111.1001 accepted 1  with params [-5.01507566e+00 -1.35824038e-02  1.68933131e+00  3.83113659e+01
  1.03940766e+00  1.51649010e+00]
at minimum 115.1359 accepted 0  with params [-4.8760012   0.11577706  1.2796467  38.20459782  0.59992931  1.85458814]
at minimum 114.5595 accepted 0  with params [-5.17825591 -0.2284162   1.93508719 38.48513768  0.77189857  1.58347877]
at minimum 111.7967 accepted 0  with params [-4.59533934e+00 -1.38540965e-02  1.90694564e+00  3.83980150e+01
  1.18285442e+00  1.13356433e+00]
at minimum 132.6229 accepted 0  with params [-5.45500238  0.31588911  1.36890234 38.39421855  1.31140163  1.58104867]
at minimum 132.0830 accepted 0  with params [-4.7933508   0.29028683  1.3640158  38.74753399  1.02210267  1.28488282]
at minimum 114.0334 accepted 0  with params [-4.65151785  0.11434255  1.46154729 37.98603671  0.78447086  1.29465371]
at minimum 116.1318 accepted 0  with params [-4.58297875 -0.24372585  1.71275864 38.6617428   1.28226972  1.83134741]
at minimum 109.4350 accepted 1  with params [-5.39505586 -0.0413304   1.27701341 38.09297899  1.35938098  1.72970179]
at minimum 127.2905 accepted 0  with params [-5.75470054 -0.4448315   1.05183408 38.12677346  1.79116475  1.42541811]
at minimum 118.5489 accepted 0  with params [-5.27549302  0.20997017  0.90603461 37.71697299  1.14500176  1.69607535]
at minimum 110.5876 accepted 0  with params [-4.98463384 -0.21273268  1.47692774 37.89699505  1.79191514  1.96745257]
at minimum 117.6433 accepted 0  with params [-5.0692151  -0.34516158  1.48244502 37.9185912   1.62300976  1.99999961]
at minimum 125.6317 accepted 0  with params [-5.32402213 -0.41429009  1.60009882 38.31477819  0.90945416  2.        ]
at minimum 111.0052 accepted 0  with params [-5.03992596 -0.05945487  1.24755994 38.38144622  1.38964551  1.95871642]
at minimum 139.1634 accepted 0  with params [-5.27127594  0.37371893  1.17867523 38.36873342  1.34168884  1.99999996]
at minimum 109.1420 accepted 1  with params [-5.38347948 -0.13814763  1.22846334 37.97634973  0.91469813  1.56077673]
at minimum 115.0246 accepted 0  with params [-5.13120059  0.16741661  1.46987906 37.67621281  1.14017749  1.47030229]
at minimum 135.0874 accepted 0  with params [-5.31276309 -0.54227025  1.04621564 37.71902337  0.54736986  1.31722754]
at minimum 128.3016 accepted 0  with params [-5.32883473 -0.46264648  1.47441941 37.99769782  0.90768384  1.9586221 ]
at minimum 138.3181 accepted 0  with params [-4.98330467 -0.54549173  1.21888198 38.13749161  0.4842948   1.74051733]
at minimum 127.0125 accepted 0  with params [-5.65328373  0.30950638  1.21774218 37.64453448  0.87215217  1.94972266]
at minimum 138.7120 accepted 0  with params [-5.49672503 -0.56859687  0.95943086 37.76484269  1.26210565  1.57776709]
at minimum 121.2192 accepted 0  with params [-5.46940133 -0.38295723  1.16048466 38.05357282  0.96358705  1.29045003]
at minimum 109.2987 accepted 1  with params [-5.13913776 -0.11581686  0.81302662 38.03712751  0.72787629  1.70782387]
at minimum 109.5848 accepted 1  with params [-5.43183163 -0.19199455  0.64295088 37.84440698  0.78201259  1.7228482 ]
at minimum 108.2903 accepted 1  with params [-5.77120884  0.04731403  0.91963907 37.50329125  0.67302102  1.42845093]
at minimum 107.4413 accepted 1  with params [-5.41401455e+00 -8.56687403e-03  1.00410125e+00  3.76223462e+01
  1.10052751e+00  1.74858639e+00]
at minimum 114.6114 accepted 0  with params [-5.1418719  -0.35846154  0.94520018 37.1992255   1.41602106  2.        ]
at minimum 137.8696 accepted 0  with params [-5.85183233  0.41231734  0.57858836 37.47255945  1.21720048  1.9846276 ]
at minimum 108.5900 accepted 0  with params [-5.52772151  0.09103185  0.6232252  37.18034026  1.18299577  1.77644301]
at minimum 122.0488 accepted 0  with params [-5.80048253 -0.41860761  1.15816212 37.67831441  0.6840886   1.92255871]
at minimum 107.8705 accepted 1  with params [-5.350161   -0.17810716  1.34628428 37.58149509  0.96321672  1.83813791]
at minimum 108.1846 accepted 1  with params [-5.78244607 -0.12660684  1.34176907 37.83290103  1.37837902  1.48900153]
at minimum 112.3539 accepted 0  with params [-5.99999968  0.07267982  1.62098079 38.04322214  1.21307602  1.43545001]
at minimum 134.2560 accepted 0  with params [-5.59281417 -0.5058292   1.63637133 38.15069924  1.57089847  1.74918756]
at minimum 108.7343 accepted 1  with params [-6.         -0.21097406  1.53005035 37.57764626  1.03889014  1.78445677]
at minimum 139.6733 accepted 0  with params [-6.         -0.58234459  1.34635378 37.61594289  1.24589626  1.87010942]
at minimum 107.3914 accepted 1  with params [-6.          0.06079546  1.56540506 37.20439937  0.87109309  2.        ]
at minimum 127.8110 accepted 0  with params [-5.66077134  0.34248812  1.28639523 37.23060491  0.75646882  1.66615282]
