at minimum 40.7529 accepted 1  with params [-4.5         0.4         0.5        42.00736351]
at minimum 40.2821 accepted 1  with params [-4.13920179 -0.0707203   0.4776661  42.24702036]
at minimum 39.1938 accepted 1  with params [-3.79160901 -0.20719135  0.27944129 39.25567757]
at minimum 57.6074 accepted 0  with params [-3.71083314e+00  2.80197871e-03  4.16375458e-01  3.90329432e+01]
at minimum 39.0103 accepted 1  with params [-3.59170076  0.18673036  0.17013792 38.77467159]
at minimum 59.6948 accepted 0  with params [-3.83527787 -0.14461003  0.60812085 37.71723991]
at minimum 80.5927 accepted 0  with params [-3.39758285 -0.16185104  0.49513849 35.11141513]
at minimum 46.2793 accepted 0  with params [-4.03818021 -0.22963236  0.57507431 37.99594101]
at minimum 53.1788 accepted 0  with params [-4.29498536 -0.1574502   1.34528367 36.7556843 ]
at minimum 40.8023 accepted 1  with params [-3.98245834 -0.2360933   0.4059538  39.25675015]
at minimum 57.1897 accepted 0  with params [-4.08706185 -0.52350105  0.58794999 38.03473353]
at minimum 74.8172 accepted 0  with params [-4.15619611 -0.54445404  3.         35.49724156]
at minimum 34.7659 accepted 1  with params [-4.23152846  0.21957401  0.40409987 41.08356252]
at minimum 44.9315 accepted 0  with params [-4.60301278  0.42538535  0.38699149 46.05769267]
at minimum 46.3541 accepted 0  with params [-3.82935874  0.22273812  0.31729998 41.21814113]
at minimum 115.8166 accepted 0  with params [-4.31267265  0.99        3.         32.94166413]
at minimum 55.6352 accepted 0  with params [-4.66795909  0.69203173  0.47554135 40.19529805]
at minimum 58.2975 accepted 0  with params [-4.52075037  0.70359385  0.74834088 37.23067046]
at minimum 38.4590 accepted 0  with params [-4.08044199  0.3337576   0.37002265 39.22795082]
at minimum nan accepted 1  with params [-4.56478838  0.53160581  0.19976407 41.161487  ]
at minimum 38.6175 accepted 1  with params [-4.43206793  0.21255144  0.63042885 40.80589961]
at minimum 90.3782 accepted 0  with params [-4.58104625 -0.18145136  0.67838584 40.86887407]
at minimum 46.1922 accepted 0  with params [-4.20468326 -0.22248775  0.68946732 38.55628983]
at minimum 39.1870 accepted 1  with params [-4.44540446  0.19251173  0.6542016  40.69220922]
at minimum 62.9726 accepted 0  with params [-3.98459673 -0.42927727  0.62110886 41.35661154]
at minimum nan accepted 1  with params [-4.86122821  0.46987414  0.88463747 41.11725849]
at minimum 83.0680 accepted 1  with params [-5.17913498  0.99        1.33215784 34.52846788]
at minimum nan accepted 1  with params [-5.49391031  0.99        1.23295616 34.19456484]
at minimum 70.6424 accepted 1  with params [-5.2558433   0.85811602  0.93185479 38.14217596]
at minimum 80.8082 accepted 0  with params [-4.96231793  0.99        0.68410069 34.79681203]
at minimum 88.2522 accepted 0  with params [-4.8102103   0.99        0.69049137 38.17248904]
at minimum 79.8216 accepted 1  with params [-5.5854585   0.99        0.80791532 35.15995445]
at minimum 77.1374 accepted 1  with params [-5.53799265  0.91608115  0.59855177 37.65453438]
at minimum nan accepted 1  with params [-5.68164979  0.64733592  0.75168809 38.09596615]
at minimum nan accepted 1  with params [-5.754546    0.78146083  1.00171172 38.15412439]
at minimum 77.7872 accepted 1  with params [-6.          0.8427698   0.58477304 41.18549597]
at minimum 109.8269 accepted 0  with params [-5.69311353  0.36350831  3.         50.7519102 ]
at minimum 79.9018 accepted 0  with params [-6.          0.99        1.05747031 35.27536386]
at minimum 79.9572 accepted 0  with params [-6.          0.99        0.35913461 35.41901852]
at minimum 79.8973 accepted 1  with params [-6.          0.99        0.82833309 35.32218193]
at minimum 68.6030 accepted 1  with params [-5.68169792  0.54594177  0.99945209 54.69704621]
at minimum nan accepted 1  with params [-5.75754734  0.06160917  0.91239814 54.58984553]
at minimum 69.7939 accepted 1  with params [-5.4053695   0.33559424  0.53250004 73.16046848]
at minimum 67.4806 accepted 1  with params [-5.80713453  0.44278928  0.49856924 72.38677133]
at minimum 67.5719 accepted 0  with params [-5.58003153  0.67482485  0.87840877 47.05510385]
at minimum nan accepted 1  with params [-5.58360439e+00  4.19213358e-02  5.14020403e-01  7.27285566e+01]
at minimum 79.9000 accepted 1  with params [-6.          0.99        0.7422056  35.34055606]
at minimum 79.9103 accepted 1  with params [-6.          0.99        1.18366972 35.25118231]
at minimum 79.8971 accepted 1  with params [-6.          0.99        0.83802008 35.3201372 ]
at minimum 79.7918 accepted 1  with params [-5.72113091  0.99        0.52075001 35.33625726]
at minimum 79.9657 accepted 1  with params [-6.          0.99        0.32995    35.42382741]
