at minimum 43.8713 accepted 1  with params [-4.5         0.4         3.         33.44196774]
at minimum 70.2881 accepted 0  with params [-4.26026525  0.70158169  2.88785281 30.50053721]
at minimum 68.2450 accepted 0  with params [-4.05090299  0.45780659  2.69557141 30.6408103 ]
at minimum 62.0246 accepted 0  with params [-4.03202644  0.14875322  2.65891564 31.18341908]
at minimum 48.4064 accepted 0  with params [-4.98929241  0.72363462  3.         33.69855329]
at minimum 56.7174 accepted 0  with params [-4.28097624  0.43998071  2.85132595 31.72025005]
at minimum 40.8162 accepted 1  with params [-4.59002943  0.39143797  2.59838803 34.11324734]
at minimum 59.3851 accepted 0  with params [-4.09585782 -0.0534287   2.52085359 31.55164443]
at minimum 50.2595 accepted 0  with params [-5.02185746  0.74572588  2.37101853 34.21394184]
at minimum 37.7229 accepted 1  with params [-4.69691529  0.45372317  3.         34.98770084]
at minimum 53.1055 accepted 0  with params [-4.35447167  0.45582974  3.         32.12906905]
at minimum 72.1652 accepted 0  with params [-6.          0.91407371  3.         32.6961458 ]
at minimum nan accepted 1  with params [-5.10005075e+00 -1.77094558e-02  3.00000000e+00  3.54030017e+01]
at minimum 50.7640 accepted 1  with params [-5.35609621  0.39570814  3.         49.11142254]
at minimum 51.1269 accepted 1  with params [-5.60033943  0.37847016  3.         58.19235343]
at minimum 71.0045 accepted 0  with params [-5.16664028  0.26147369  3.         45.60231619]
at minimum nan accepted 1  with params [-5.56432129  0.17223865  3.         57.99626942]
at minimum 60.8888 accepted 1  with params [-6.          0.65208667  2.72776646 44.61431208]
at minimum 48.3305 accepted 1  with params [-5.82434441  0.37954825  2.47859166 64.7856037 ]
at minimum 60.9734 accepted 0  with params [-5.67044722  0.30067232  2.90208719 66.7687966 ]
at minimum 54.2604 accepted 0  with params [-5.53204347  0.36290239  2.75717541 56.12212212]
at minimum 60.3032 accepted 0  with params [-5.82319181  0.72106613  2.34082481 40.1067262 ]
at minimum 49.4006 accepted 0  with params [-5.98576851  0.40578643  2.73907031 66.17973188]
at minimum 58.9930 accepted 0  with params [-5.33699432  0.33462116  2.36380951 49.2239434 ]
at minimum 49.8920 accepted 0  with params [-6.          0.43186779  2.0374226  62.36479937]
at minimum 60.2855 accepted 0  with params [-5.41146131  0.33668104  2.85183095 52.74557113]
at minimum 50.5781 accepted 0  with params [-6.          0.43912758  2.56109932 62.30906683]
at minimum 48.5994 accepted 0  with params [-5.5220027   0.4148362   2.93169904 53.30833621]
at minimum nan accepted 1  with params [-6.00000000e+00  2.41295443e-02  2.75864002e+00  6.42862193e+01]
at minimum nan accepted 1  with params [-5.70139604 -0.17353311  3.         64.05675793]
at minimum 60.0888 accepted 1  with params [-5.28329619  0.33252295  3.         48.46069091]
at minimum nan accepted 1  with params [-5.02897245  0.29800839  2.85821289 48.90461439]
at minimum 63.7136 accepted 1  with params [-6.          0.71058599  2.78210875 41.2952065 ]
at minimum 74.7472 accepted 0  with params [-6.          0.99        2.863605   30.30855726]
at minimum 74.7501 accepted 0  with params [-6.          0.99        3.         30.31048192]
at minimum 83.1015 accepted 0  with params [-4.74084304  0.99        2.90399118 29.24790066]
at minimum 64.7400 accepted 0  with params [-6.          0.73264035  2.80712458 40.16253815]
at minimum 74.7501 accepted 0  with params [-6.          0.99        3.         30.31048037]
at minimum 74.7442 accepted 0  with params [-5.94356589  0.99        3.         30.292725  ]
at minimum 60.4013 accepted 1  with params [-6.          0.63535878  3.         45.38582936]
at minimum nan accepted 1  with params [-5.6931266   0.59841083  2.6431003  44.89748096]
at minimum 52.3832 accepted 1  with params [-5.55890896  0.37189274  2.30730869 55.85103302]
at minimum 61.3731 accepted 0  with params [-5.8063786   0.74090785  2.66536584 39.18681067]
at minimum 50.5787 accepted 1  with params [-5.56531638  0.65311592  2.60396054 41.77131907]
at minimum nan accepted 1  with params [-5.70818531  0.81903448  3.         41.42815541]
at minimum 74.7436 accepted 1  with params [-5.9331738   0.99        3.         30.28922407]
at minimum 74.9617 accepted 1  with params [-5.58177531  0.99        2.93908885 30.11532932]
at minimum 63.6390 accepted 1  with params [-5.4568799   0.85566987  2.74917577 33.76418884]
at minimum nan accepted 1  with params [-5.23122804  0.46266033  2.37542265 33.47767758]
at minimum 50.1371 accepted 1  with params [-5.13470774  0.35920774  3.         43.79738883]
at minimum 42.4187 accepted 1  with params [-5.31463322  0.50733641  2.66917602 44.93484154]
at minimum nan accepted 1  with params [-5.10077058  0.47017519  3.         45.25754809]
at minimum 46.1740 accepted 1  with params [-5.40860765  0.62300662  3.         42.27881338]
at minimum 54.9244 accepted 0  with params [-5.12267898  0.79494548  3.         34.04368315]
at minimum 50.1284 accepted 0  with params [-5.79370479  0.52861595  3.         51.58062575]
at minimum nan accepted 1  with params [-5.27902981  0.21713866  2.78574948 42.10399066]
at minimum 42.0784 accepted 1  with params [-4.90881975  0.63382508  2.43424007 35.16395186]
at minimum 36.5598 accepted 1  with params [-4.81821339  0.48909652  2.65627905 36.05525586]
at minimum 37.1061 accepted 0  with params [-4.78512324  0.36482863  2.6724568  35.5460701 ]
at minimum 49.2951 accepted 0  with params [-4.62306284  0.60308872  2.21276489 32.84209752]
at minimum 47.7770 accepted 0  with params [-5.25419048  0.7028039   2.55827935 37.17471312]
at minimum 36.4645 accepted 1  with params [-4.88850901  0.51222422  2.64815355 36.71408711]
at minimum 53.1175 accepted 0  with params [-5.27005748  0.76294702  2.94194705 35.74313662]
at minimum 42.0133 accepted 0  with params [-4.82293347  0.25279771  2.1996272  37.40096255]
at minimum 45.8317 accepted 0  with params [-4.95770551  0.29077604  2.30592704 39.62908144]
at minimum 38.9785 accepted 0  with params [-4.97079672  0.59235886  2.70317962 36.66250332]
at minimum 69.8300 accepted 0  with params [-6.          0.85497188  2.68400569 34.80280474]
at minimum 42.0119 accepted 0  with params [-5.27596634  0.48519188  2.52844445 43.73447538]
at minimum 37.8275 accepted 0  with params [-4.7922212   0.32099098  2.32001835 36.74041335]
at minimum 45.0501 accepted 0  with params [-4.55978189  0.51170021  3.         33.33656387]
at minimum 36.4287 accepted 1  with params [-4.9338648   0.5125069   2.4514389  37.19207847]
at minimum nan accepted 1  with params [-5.06345871  0.68367042  2.22413449 37.55355244]
at minimum nan accepted 1  with params [-5.40973173  0.71021928  2.35247159 37.6013747 ]
at minimum 63.0573 accepted 1  with params [-5.18112292  0.86964547  2.41438184 32.42141397]
at minimum nan accepted 1  with params [-5.36164378  0.55171743  2.14414299 32.113105  ]
at minimum 64.5036 accepted 1  with params [-5.30255053  0.8796787   2.53339164 32.59336644]
at minimum 62.0590 accepted 1  with params [-5.71998766  0.78303954  2.40758998 37.05763536]
at minimum nan accepted 1  with params [-5.65726435  0.62505141  2.60153275 37.13158209]
at minimum 74.6365 accepted 1  with params [-5.45739767  0.98267788  2.99382631 30.21374282]
at minimum 48.2809 accepted 1  with params [-5.08766329  0.72665643  3.         35.3774282 ]
at minimum 70.2650 accepted 0  with params [-6.          0.86256547  3.         34.53305999]
at minimum 36.2138 accepted 1  with params [-4.92040175  0.50091778  2.84270695 37.44332443]
at minimum nan accepted 1  with params [-5.00884509  0.21784236  2.69470805 37.81972564]
at minimum 70.7244 accepted 1  with params [-5.31214909  0.28217002  2.4538155  49.50847756]
at minimum 37.0462 accepted 1  with params [-4.9329632   0.41006304  2.46633483 38.38071185]
at minimum 55.8529 accepted 0  with params [-4.51484237  0.6324115   2.34965338 31.94603567]
at minimum 38.3000 accepted 0  with params [-5.02327466  0.56526529  1.63616265 37.15540412]
at minimum nan accepted 1  with params [-5.07221459e+00 -3.23035439e-02  2.27672309e+00  3.79911452e+01]
at minimum nan accepted 1  with params [-5.38357658e+00 -1.72551091e-02  2.67577409e+00  3.81224862e+01]
at minimum 344.2624 accepted 1  with params [-5.16537265 -0.29995186  2.8304448  29.69291907]
at minimum nan accepted 1  with params [-4.80571665  0.14154798  2.44462011 29.35807276]
at minimum 77.6145 accepted 1  with params [-5.12594323  0.99        2.24499517 29.66763173]
at minimum 69.5070 accepted 1  with params [-5.07281275  0.99        0.05       30.44822023]
at minimum nan accepted 1  with params [-5.49068397  0.99        0.05876721 30.78858837]
at minimum 69.8117 accepted 1  with params [-5.11094321  0.99        0.05       30.59152832]
at minimum 62.4755 accepted 1  with params [-4.98676019  0.8392483   0.26254823 32.46838935]
at minimum 62.7334 accepted 0  with params [-5.36683044  0.65029366  0.05       39.53001543]
at minimum 57.7408 accepted 1  with params [-5.21957309  0.71482758  0.27518363 36.09816435]
at minimum 57.8436 accepted 1  with params [-5.62060876  0.74065756  3.         38.51760869]
at minimum 55.2862 accepted 1  with params [-5.21685278  0.34091418  2.66448732 45.70439557]
at minimum 80.4638 accepted 0  with params [-4.77048096  0.10088136  2.69269656 45.32912469]
