at minimum 111.4252 accepted 1  with params [-4.50000008  0.40000003  0.50000013 39.99999844  0.99999994  0.99999994]
at minimum 97.3048 accepted 1  with params [-4.49576966  0.07699316  0.05       40.49444623  0.79596133  1.04303741]
at minimum 183.5217 accepted 0  with params [-4.83909275e+00 -1.55195219e-02  5.00000000e-02  4.03100002e+01
  8.60768101e-01  1.46315339e+00]
at minimum 110.9101 accepted 0  with params [-4.62666148  0.49345362  0.399391   40.84966285  0.81191769  1.33877786]
at minimum 127.4692 accepted 0  with params [-4.85699548 -0.0773487   0.09816049 40.26792988  0.37880285  0.98379769]
at minimum 81.6576 accepted 1  with params [-4.52649364  0.15278927  0.05       40.83420592  1.05550079  1.16195237]
at minimum 97.4250 accepted 0  with params [-4.51754265e+00 -1.32704642e-02  3.54170412e-01  4.03509603e+01
  8.71620557e-01  8.05403506e-01]
at minimum 137.0524 accepted 0  with params [-4.05317535  0.61002631  0.05       40.7688269   0.92093417  0.79189104]
at minimum 117.4191 accepted 0  with params [-4.92230291  0.14735072  0.3192582  40.81088255  0.89089655  0.92676214]
at minimum 116.6094 accepted 0  with params [-4.63669902 -0.06795573  0.06131252 41.14439421  1.00685525  1.21619536]
at minimum 111.4353 accepted 0  with params [-4.15612769 -0.24251711  0.05       41.23407165  1.05547999  0.73404456]
at minimum 100.4949 accepted 0  with params [-4.97570108  0.51340783  0.05       40.53577644  0.84292411  1.10649806]
at minimum 110.3897 accepted 0  with params [-4.35615298 -0.20279006  0.05       40.96568487  0.88908038  1.11064399]
at minimum 96.0926 accepted 0  with params [-4.92333159  0.25680895  0.19672648 41.2332302   0.95736303  1.05040703]
at minimum 242.3054 accepted 0  with params [-5.00507383 -0.27844586  0.27109539 40.51044357  0.96187955  0.87971014]
at minimum 115.6141 accepted 0  with params [-4.90811353  0.64570876  0.06907864 40.88891606  1.07798202  1.16355532]
at minimum 99.9028 accepted 0  with params [-4.53430319  0.27705714  0.54570341 40.50520771  0.82443168  1.2443023 ]
at minimum 99.5904 accepted 0  with params [-4.0580602  -0.09016783  0.05       40.96356268  0.98116888  1.47459954]
at minimum 102.8388 accepted 0  with params [-4.47698942 -0.21511337  0.18852816 40.96559837  0.61875364  1.49940854]
at minimum 92.3641 accepted 0  with params [-4.97593717  0.38021933  0.05000033 40.54592608  1.42188538  1.00083752]
at minimum 158.6714 accepted 0  with params [-4.96514205  0.5974194   0.4249569  41.24096907  1.46228905  1.47022674]
at minimum 150.7862 accepted 0  with params [-4.24143431  0.55479314  0.44562208 41.15622853  0.77092468  0.75343574]
at minimum 134.6285 accepted 0  with params [-4.1621619   0.21165386  0.40969827 40.50495653  1.05084672  1.56573146]
at minimum 133.7655 accepted 0  with params [-4.2871266   0.33053928  0.33113317 40.43938349  1.50458493  1.29755503]
at minimum 138.3568 accepted 0  with params [-4.93361417  0.5833508   0.05       40.57878833  1.40430321  1.52672091]
at minimum 98.5314 accepted 0  with params [-4.58415641  0.11162302  0.05000035 40.55471758  0.90724946  1.4177194 ]
at minimum 231.3546 accepted 0  with params [-4.53379862 -0.30948454  0.05       40.57200572  1.45308343  1.07935302]
at minimum 131.2824 accepted 0  with params [-4.78045088  0.6523742   0.05       40.61856052  1.24738254  1.14161588]
at minimum 90.5267 accepted 0  with params [-4.7971285   0.6386062   0.05       41.2301733   0.92600768  0.66788818]
at minimum 81.1611 accepted 1  with params [-4.35373354  0.14598601  0.05       40.89697754  1.0254673   0.90752828]
at minimum 85.0112 accepted 0  with params [-4.51230533  0.40968875  0.05       41.37000825  1.26169283  0.70082596]
at minimum 155.1995 accepted 0  with params [-3.91138287 -0.16043393  0.13939883 40.91809778  0.72098569  0.68758071]
at minimum nan accepted 1  with params [-4.12432606  0.05463353  0.05       40.58609039  1.17579757  0.93017696]
at minimum 186.4424 accepted 1  with params [-3.67072468  0.24735226  0.54156516 40.30427916  1.22259752  0.7393358 ]
at minimum 168.3300 accepted 1  with params [-3.86219112  0.19367186  0.81424376 40.08380765  1.23113318  0.6594291 ]
at minimum 198.4305 accepted 0  with params [-3.51050211  0.08188499  0.38303621 40.17810058  1.10088618  0.67758664]
at minimum 196.9609 accepted 0  with params [-3.63186379  0.40167952  0.8827995  40.1651221   0.92931853  0.26917655]
at minimum 219.6749 accepted 0  with params [-3.68049993  0.63018055  0.95194246 40.30818931  1.22246117  0.55209292]
at minimum 137.6513 accepted 1  with params [-4.31056485  0.35370112  0.48423577 39.8048799   1.35992498  0.48210651]
at minimum 138.3045 accepted 0  with params [-4.20943347  0.20189719  0.56034412 40.03671589  1.37510083  0.2074622 ]
at minimum 153.3958 accepted 0  with params [-4.75901623  0.63586298  0.91603535 39.52484566  1.36124062  0.69597175]
at minimum 198.7273 accepted 0  with params [-3.84744549  0.62915898  0.36880912 39.49365524  1.47974547  0.25018637]
at minimum 112.4555 accepted 1  with params [-4.61902907e+00  5.91242050e-02  6.59841377e-01  3.97820293e+01
  1.60979076e+00  1.10514884e-08]
at minimum 121.2027 accepted 0  with params [-4.69612505e+00 -3.32216516e-02  9.27403075e-01  3.94913211e+01
  1.63990924e+00  0.00000000e+00]
at minimum 229.9916 accepted 0  with params [-4.96801670e+00 -2.14080490e-01  1.08438477e+00  3.95160979e+01
  1.70665010e+00  6.01939135e-07]
at minimum 106.7911 accepted 1  with params [-4.66352842  0.0912899   1.04927846 39.40636016  1.64828071  0.33513238]
at minimum 116.0036 accepted 0  with params [-5.12890401  0.42729509  0.71410534 39.76507523  2.          0.73370037]
at minimum nan accepted 1  with params [-5.11018008 -0.13005006  1.40423646 39.63240218  1.97889382  0.46041598]
at minimum 236.0552 accepted 1  with params [-5.37950807  0.1403325   1.50042778 39.43236074  1.85270184  0.76237753]
at minimum 380.1603 accepted 0  with params [-5.20186351 -0.25847779  1.87666393 39.53057862  2.          0.49150053]
at minimum 623.0165 accepted 0  with params [-5.80258556 -0.15681673  1.40713171 39.4062142   1.47391342  1.14120574]
at minimum 405.9568 accepted 0  with params [-5.30894375 -0.19329466  1.87710828 39.51648034  1.45998326  0.67479236]
at minimum 101.1814 accepted 1  with params [-5.00185527  0.31752238  1.88560827 39.45942223  2.          1.15594052]
at minimum 308.2331 accepted 0  with params [-5.43175076  0.04913842  2.28474912 39.65105603  1.70885605  1.23121452]
at minimum 255.5999 accepted 0  with params [-5.31605693  0.59719729  1.93353602 39.33245208  1.87362706  1.05326574]
at minimum 172.2258 accepted 0  with params [-4.97114725e+00  3.57876462e-02  1.96713174e+00  3.91625478e+01
  2.00000000e+00  1.09375932e+00]
at minimum 97.7677 accepted 1  with params [-4.71213582  0.28794681  1.4841009  39.0681609   1.55343097  1.0689586 ]
at minimum 105.5982 accepted 0  with params [-4.73305017  0.0843179   1.36932764 39.46990194  1.58637985  1.02597399]
at minimum 185.8679 accepted 0  with params [-4.41089958  0.61539384  1.24719979 39.23301785  1.49830499  1.22078724]
at minimum 152.8343 accepted 0  with params [-4.86754208e+00 -1.00579620e-02  1.59496631e+00  3.86920464e+01
  1.67512081e+00  9.32141660e-01]
at minimum 118.4299 accepted 0  with params [-5.0214393   0.24504863  1.15922383 39.08947218  1.26930885  1.13376884]
at minimum nan accepted 1  with params [-4.54703159  0.20496136  1.50108807 39.41941104  1.87361269  0.68150978]
at minimum 205.1629 accepted 1  with params [-4.58991595  0.61504466  1.41212618 39.42058695  1.62814311  0.92010707]
at minimum 95.4229 accepted 1  with params [-4.73767236  0.26047252  1.18436852 39.18230613  1.49215494  1.30277678]
at minimum 107.7838 accepted 0  with params [-4.72008571e+00  1.79417152e-03  1.07820841e+00  3.93254172e+01
  1.30906973e+00  1.53951434e+00]
at minimum 155.1730 accepted 0  with params [-4.90703104e+00  6.86746394e-03  1.52532508e+00  3.96169508e+01
  1.65052818e+00  1.32024770e+00]
at minimum 247.1739 accepted 0  with params [-5.18697089e+00 -1.94894324e-03  1.04286057e+00  3.90071976e+01
  1.10729115e+00  9.77265804e-01]
at minimum 96.1884 accepted 0  with params [-4.46397341  0.05377706  0.75893358 39.29344269  1.26289019  1.58245765]
at minimum 95.8509 accepted 1  with params [-4.81681466  0.28385918  0.78641253 39.46548412  1.59732738  1.54479256]
at minimum 112.8743 accepted 0  with params [-4.4000518   0.19927268  0.96372387 39.66338965  1.31489739  1.24057558]
at minimum 279.1187 accepted 0  with params [-5.06992732  0.60267908  0.65065222 39.0915959   1.96778064  1.10314087]
at minimum 97.1446 accepted 0  with params [-4.72384234  0.06211854  0.57720376 39.75679239  1.2027465   1.48303698]
at minimum 104.7655 accepted 0  with params [-4.86219012  0.13432159  1.1641327  39.12218874  1.41734326  1.97203609]
at minimum 95.6295 accepted 1  with params [-4.88127743  0.17889989  0.39238196 39.86938542  1.26790128  1.5095382 ]
at minimum 90.0708 accepted 1  with params [-4.62838839  0.13294136  0.32401244 39.94002711  1.390436    1.26402631]
at minimum 99.6454 accepted 0  with params [-4.95964811  0.37843502  0.05       39.84146309  1.60191152  1.56881228]
at minimum 118.2967 accepted 0  with params [-4.39574902 -0.25599033  0.36663806 40.2461484   1.51926903  1.6220666 ]
at minimum 91.5847 accepted 0  with params [-4.41893645  0.20763167  0.16561739 39.67237646  0.97026666  0.97554524]
at minimum 97.4036 accepted 0  with params [-4.36634859e+00 -3.10898134e-02  2.00443203e-01  4.02079695e+01
  1.78561808e+00  1.22830251e+00]
at minimum 104.1898 accepted 0  with params [-4.37069555e+00  1.99501376e-02  5.03206243e-01  3.97726768e+01
  1.09378380e+00  1.01207986e+00]
at minimum 95.3797 accepted 0  with params [-4.22464936e+00  2.25058461e-02  5.00000000e-02  4.01014742e+01
  1.27916348e+00  1.54168491e+00]
at minimum 90.3116 accepted 1  with params [-4.82372592  0.30612019  0.22393362 39.69120563  1.12525722  1.30897275]
at minimum 161.2686 accepted 0  with params [-4.43860722  0.64050243  0.27964758 39.42167112  1.3786688   0.96140581]
at minimum 95.6159 accepted 0  with params [-4.43389168  0.07565139  0.25689087 39.81916001  1.26458414  0.86542921]
at minimum 139.9189 accepted 0  with params [-5.06723967  0.17289045  0.21538264 39.83687085  0.69928142  0.86158553]
at minimum 220.6292 accepted 0  with params [-5.04275824e+00  1.18477030e-02  5.00006655e-02  3.95733402e+01
  1.35033046e+00  1.25194557e+00]
at minimum 86.1539 accepted 1  with params [-4.63370603  0.35485858  0.05       39.86949798  0.75656786  1.10378457]
at minimum 91.4095 accepted 0  with params [-4.43141532  0.23546641  0.05       40.31256473  0.38992925  0.88283234]
at minimum 136.6450 accepted 0  with params [-4.3826831   0.73107564  0.40284857 39.85347326  0.73214898  0.81244213]
at minimum 119.1371 accepted 0  with params [-4.86909823  0.09488649  0.41262964 40.25052374  0.33443247  0.79894498]
at minimum 100.2290 accepted 0  with params [-4.75079047e+00  2.12278044e-02  3.23282430e-01  3.94491317e+01
  8.53690029e-01  1.24903264e+00]
at minimum 117.6701 accepted 0  with params [-4.56775622  0.76197451  0.05       40.2866397   0.35085634  0.9714701 ]
at minimum 92.6961 accepted 0  with params [-4.57407388 -0.05848377  0.40082861 39.6546018   1.18010633  1.52024119]
at minimum 100.9434 accepted 0  with params [-4.5610474   0.47133133  0.29014517 39.85798799  0.53285089  1.16717733]
at minimum 95.1442 accepted 0  with params [-4.85305312  0.20286616  0.25681298 39.52140644  1.01267793  1.20633   ]
at minimum 125.2312 accepted 0  with params [-4.79678707  0.59941586  0.05000042 40.29364072  0.3688483   1.29171651]
at minimum 91.7461 accepted 0  with params [-4.3443217   0.10075531  0.05       39.89014123  0.5649027   0.65401258]
at minimum 160.3012 accepted 0  with params [-4.25999478  0.70307389  0.08322167 39.58531811  1.19710553  1.33605345]
at minimum 122.7090 accepted 0  with params [-4.93931787  0.10169986  0.12753608 39.88205554  1.18443425  0.91929115]
at minimum 110.8855 accepted 0  with params [-4.76392678  0.13394833  0.05       39.69595074  0.72919982  0.93345464]
at minimum 90.5685 accepted 0  with params [-4.63667393  0.22613701  0.33577767 39.86557401  0.87964334  1.24361156]
