at minimum 53.0482 accepted 1  with params [-4.5  0.4  0.5 40.   1.   1. ]
at minimum nan accepted 1  with params [-4.39517686  0.76485915  0.78508115 39.58132056  1.44108946  0.60802149]
at minimum nan accepted 1  with params [-4.47485864  0.50163719  0.73716193 39.39046673  1.5535251   1.02810426]
at minimum 103.0726 accepted 1  with params [-4.06211901  0.91064959  0.83471784 39.42950966  1.20431102  1.36066357]
at minimum 136.3366 accepted 0  with params [-4.12275561  0.99        1.26398302 39.19534691  1.45288763  1.39396506]
at minimum 114.8998 accepted 0  with params [-4.29717706  0.83222779  0.90005479 39.5517362   0.78696047  1.61598427]
at minimum 106.9261 accepted 0  with params [-4.26043773  0.85516213  0.5587182  39.76896935  1.50208069  1.01194032]
at minimum nan accepted 1  with params [-4.3751625   0.58364509  0.76326867 39.79692419  0.92174804  0.97342774]
at minimum 58.4264 accepted 1  with params [-4.11321503  0.64777779  0.26507078 39.70630845  0.46857236  0.96720444]
at minimum 114.7334 accepted 0  with params [-3.87601731  0.99        0.26370998 39.87411826  0.56181624  1.26918944]
at minimum 70.2466 accepted 0  with params [-3.84174176  0.85717515  0.20231663 39.8436377   0.92704245  0.94469623]
at minimum 64.0203 accepted 0  with params [-3.81110377  0.28416332  0.66265978 39.73147888  0.42719028  1.08793302]
at minimum 83.7192 accepted 0  with params [-3.82328711  0.94712848  0.05       39.85423603  0.          0.79736145]
at minimum nan accepted 1  with params [-4.56345404  0.73852534  0.28248839 39.94588692  0.18350982  0.92750088]
at minimum 58.7563 accepted 1  with params [-4.38408691  0.99        0.50824932 40.24081444  0.67615263  0.47782088]
at minimum 77.1810 accepted 0  with params [-4.02751368  0.6950004   0.89146983 40.16155965  1.07485207  0.44449437]
at minimum nan accepted 1  with params [-4.1465433   0.99        0.23360773 40.19264983  1.02851704  0.8561144 ]
at minimum 60.0543 accepted 1  with params [-4.48793998  0.81119675  0.05       40.10907958  1.09743029  0.42833398]
at minimum 56.7346 accepted 1  with params [-4.67676546  0.63487629  0.11753268 39.9830595   0.61437245  0.80598794]
at minimum 70.2246 accepted 0  with params [-5.02135801  0.81586654  0.05       40.46936887  0.53203753  1.05148981]
at minimum 63.1833 accepted 0  with params [-4.46065747  0.22572095  0.31305802 39.67430548  0.2388221   0.96049754]
at minimum 52.1875 accepted 1  with params [-4.76162941  0.98999959  0.54436702 39.624027    0.7062084   0.8104075 ]
at minimum 52.5978 accepted 0  with params [-5.1945833   0.99        0.05450104 39.70938595  0.73744243  0.65455942]
at minimum 70.4419 accepted 0  with params [-4.60180693  0.99        0.68344251 39.20784757  0.89608787  1.15632073]
at minimum 93.0022 accepted 0  with params [-4.60639105  0.99        0.38719664 39.52214267  1.16676944  1.30483602]
at minimum 77.7460 accepted 0  with params [-4.83983923  0.53281756  0.31632907 39.94558457  0.49269812  1.09524209]
at minimum 54.4597 accepted 0  with params [-4.7038887   0.61226099  0.28569525 39.87671252  0.77920516  0.86730106]
at minimum 53.9336 accepted 1  with params [-5.1014096   0.77227418  0.8207265  39.38325047  1.14986563  0.58809287]
at minimum 78.8747 accepted 0  with params [-5.25251269  0.63847776  1.29888345 39.16492999  0.91114307  0.92708492]
at minimum 510.3459 accepted 0  with params [-4.89036447  0.8280063   0.46128392 39.78388088  1.56924693  0.3704255 ]
at minimum 53.9087 accepted 1  with params [-4.6227732   0.53840481  1.20863882 39.24814439  1.30324039  0.67210469]
at minimum 73.5095 accepted 0  with params [-4.79508599  0.55963338  1.57041951 39.73067787  0.91838081  0.35227118]
at minimum 56.6311 accepted 0  with params [-4.37744838  0.75659464  1.67316921 39.39451933  0.86998853  1.00376265]
at minimum nan accepted 1  with params [-4.66992505  0.1887686   1.33973267 39.70886233  1.29625842  0.72389643]
at minimum nan accepted 1  with params [-4.45407106 -0.08096715  0.95772497 39.44089772  1.12702949  1.11702478]
at minimum 60.3171 accepted 1  with params [-4.62719924  0.2494851   1.15507111 39.93302341  1.59620762  1.30471707]
at minimum 97.2843 accepted 0  with params [-4.45526905 -0.11760437  1.10985059 40.28461343  1.21775052  0.97928739]
at minimum 67.4163 accepted 0  with params [-4.41633859  0.07608667  1.10969748 40.02480646  1.72176712  1.1240906 ]
at minimum 90.9570 accepted 0  with params [-5.00015252  0.31820714  1.3384624  39.87280641  1.51215793  1.02993578]
at minimum 239.8123 accepted 0  with params [-4.71981208 -0.230303    0.69444359 39.74005061  1.89226012  1.00409515]
at minimum 105.3102 accepted 0  with params [-4.32080848 -0.23333539  1.01415367 39.70199201  2.          1.38408876]
at minimum 58.0406 accepted 1  with params [-4.24100466  0.06246169  0.92410718 40.11073425  1.58050496  1.48106292]
at minimum 271.9542 accepted 0  with params [-4.62809364 -0.33404544  1.28532674 39.78374121  1.60011038  1.64666456]
at minimum 71.8673 accepted 0  with params [-4.57535026  0.10297425  1.17030704 39.86839215  1.90844424  1.97131743]
at minimum 75.6940 accepted 0  with params [-4.37423269e+00 -2.06976410e-02  1.21618611e+00  4.01533618e+01
  1.56471360e+00  1.17845402e+00]
at minimum 252.8077 accepted 0  with params [-4.59215519 -0.3398764   0.71962485 39.77541748  1.38171866  1.80526035]
at minimum 60.2960 accepted 0  with params [-3.81896291  0.05227912  0.73781078 40.39599644  2.          1.08355088]
at minimum 55.9543 accepted 1  with params [-4.35368884  0.35540511  0.96714974 40.24407054  1.66699479  1.86926617]
at minimum 67.2971 accepted 0  with params [-3.85506398  0.22199714  0.90632816 40.70465215  1.85501993  2.        ]
at minimum 93.8933 accepted 0  with params [-4.47172979  0.66117695  1.43445423 39.89043454  1.54945182  1.98181142]
at minimum 103.5574 accepted 0  with params [-4.7309219   0.67011363  0.94403331 39.85083716  1.75447973  1.91183947]
at minimum 108.9129 accepted 0  with params [-4.21746626  0.79429394  1.21043526 40.35109815  1.47619241  1.47860626]
at minimum 97.1566 accepted 0  with params [-4.26582501  0.74265776  0.55806363 39.84798296  1.52768397  1.75768278]
at minimum 53.1441 accepted 1  with params [-4.18485575  0.12088975  0.76803867 39.99384573  1.58064165  2.        ]
at minimum 79.7327 accepted 0  with params [-4.44297664e+00 -3.80301599e-03  9.92566846e-01  4.01420700e+01
  1.94425653e+00  2.00000000e+00]
at minimum 54.2054 accepted 1  with params [-4.48301974  0.43563944  0.37882058 39.88937945  1.63826491  1.77951032]
at minimum 55.1407 accepted 0  with params [-4.58399054  0.23693121  0.2483901  40.17533621  1.59371804  1.85082675]
at minimum 64.0219 accepted 0  with params [-4.87117659  0.55339577  0.16827069 40.07126045  1.60750444  2.        ]
at minimum 58.0556 accepted 0  with params [-4.6594454   0.61250306  0.05000009 39.81858812  1.34240233  1.65493583]
at minimum 53.4986 accepted 1  with params [-4.10962193  0.20868941  0.28569524 40.18174744  1.66814637  1.8792568 ]
at minimum 75.7951 accepted 0  with params [-4.22415942  0.60652745  0.05       40.28111143  1.85706154  1.65297661]
at minimum 73.3568 accepted 0  with params [-4.19268282  0.53903265  0.08357131 40.48552598  2.          2.        ]
at minimum 73.4509 accepted 0  with params [-4.38853135  0.61497786  0.30074362 40.12992593  1.45132548  1.85420111]
at minimum 151.4872 accepted 0  with params [-3.92543139 -0.15476955  0.05       40.28707368  1.73633035  1.433086  ]
at minimum 86.7382 accepted 0  with params [-4.16745877  0.59355837  0.53731272 39.96393139  1.32628852  2.        ]
at minimum nan accepted 1  with params [-4.14642366  0.14975185  0.36921158 40.43385841  1.69593407  2.        ]
at minimum 111.8787 accepted 1  with params [-4.23910072 -0.23406361  0.49079647 40.28026864  1.72072543  1.82495123]
at minimum 290.1466 accepted 0  with params [-4.43793241 -0.35866478  0.19086773 40.22869055  1.71282565  1.81078286]
at minimum 65.2311 accepted 1  with params [-3.91933024  0.1982991   0.11807716 39.90407928  1.58957767  2.        ]
at minimum 62.1142 accepted 1  with params [-4.30461077  0.09582319  0.17499965 39.99524995  1.92284949  1.99999973]
at minimum 60.0729 accepted 1  with params [-4.64539943  0.48147276  0.05       39.75493855  2.          1.80966953]
at minimum 90.9486 accepted 0  with params [-5.04066692  0.20956686  0.23425719 39.46733459  1.97679401  1.8420099 ]
at minimum 237.2417 accepted 0  with params [-4.57948757  0.84088942  0.36651609 39.83765166  2.          1.6095876 ]
at minimum 51.6987 accepted 1  with params [-4.30468999  0.20934556  0.13583682 39.6254848   2.          2.        ]
at minimum 59.2719 accepted 0  with params [-3.88407673  0.38700857  0.17407912 39.31296639  2.          1.60708028]
at minimum 56.6302 accepted 0  with params [-4.52321247  0.44912019  0.5255728  39.19845242  1.91892307  1.56725041]
at minimum 57.3148 accepted 0  with params [-4.04469232  0.37648743  0.05000003 39.7278571   1.63131642  1.77088815]
at minimum 56.1960 accepted 0  with params [-4.60195038  0.33765115  0.05       39.90586569  1.6123018   2.        ]
at minimum 67.5557 accepted 0  with params [-3.86978056  0.17752125  0.05       39.51638998  2.          1.91644579]
at minimum nan accepted 1  with params [-4.40483157  0.35582485  0.58149593 39.25398317  1.91180817  2.        ]
at minimum 132.6677 accepted 1  with params [-4.49540911  0.80459399  1.02580433 39.393799    1.64878111  2.        ]
at minimum 279.4116 accepted 0  with params [-4.5553817   0.98999997  1.34248226 39.67597785  1.87334018  1.99999999]
at minimum 173.1397 accepted 0  with params [-4.11542103  0.93822012  1.14577885 39.41912789  1.43081451  1.97127455]
at minimum 108.1487 accepted 1  with params [-4.47021175  0.64881865  1.4065198  39.72464836  1.86878513  1.7827733 ]
at minimum 52.3690 accepted 1  with params [-4.36156749  0.24964412  0.97181508 40.01897605  2.          1.85203493]
at minimum 67.7745 accepted 0  with params [-4.43973773  0.06072516  1.06636444 40.2376999   2.          2.        ]
at minimum 81.8175 accepted 0  with params [-4.13855679  0.50251196  1.01939572 39.89820917  2.          1.69979073]
at minimum 101.5752 accepted 0  with params [-4.1448736   0.57880228  0.98340837 40.20680317  2.          2.        ]
at minimum 108.6123 accepted 0  with params [-4.3488802  -0.18683469  1.07626998 40.29161178  2.          1.69983373]
at minimum 77.8107 accepted 0  with params [-4.15565333  0.47865121  1.06476923 39.9182059   1.99999976  1.53222509]
at minimum 53.0221 accepted 0  with params [-4.42941515  0.20272118  0.78292581 40.07062196  1.64989573  1.87033446]
at minimum 57.0915 accepted 0  with params [-4.23502945  0.07618449  0.5508394  40.26954776  1.81966361  1.8271667 ]
at minimum 132.8469 accepted 0  with params [-4.2195419   0.69708338  1.13842659 39.88245858  2.          2.        ]
at minimum 121.4809 accepted 0  with params [-4.06442907  0.66331877  1.15346275 40.43521313  1.95337599  1.66860188]
at minimum 55.0885 accepted 0  with params [-4.35792452  0.31661379  1.07796781 39.89661784  2.          2.        ]
at minimum 55.4490 accepted 0  with params [-4.1295932   0.0499296   1.18754405 39.92537903  1.70947042  1.9233975 ]
at minimum 88.5807 accepted 0  with params [-4.57914578  0.58130054  0.77176121 40.36729642  1.89047706  1.76758508]
at minimum 74.4324 accepted 0  with params [-4.04684478  0.45499017  0.60505266 40.29116796  1.69457288  2.        ]
at minimum 75.9508 accepted 0  with params [-4.64803705  0.11900583  1.12810162 39.6918372   1.93209552  1.99999981]
at minimum 74.6694 accepted 0  with params [-4.08621218 -0.12090638  0.53496332 39.78249591  2.          2.        ]
at minimum 78.6149 accepted 0  with params [-4.37418969  0.54946961  1.17790937 39.82655992  1.6856348   1.99999991]
