at minimum 52.3729 accepted 1  with params [-4.5  0.4  0.5 40.   1.   1. ]
at minimum 46.9563 accepted 1  with params [-4.22340098  0.23912674  0.37118501 40.34268104  1.39802827  0.71554085]
at minimum 51.7420 accepted 0  with params [-3.95820101  0.10701221  0.85008553 39.84801727  1.08610016  0.51471726]
at minimum 85.3166 accepted 0  with params [-4.6817566   0.1879546   0.49395993 40.27795489  1.46189178  0.95892627]
at minimum 72.6751 accepted 0  with params [-3.74943016  0.26149588  0.53967911 40.20771862  1.02419674  0.98777695]
at minimum 107.9771 accepted 0  with params [-4.57292467  0.36785158  0.05       40.21001165  1.8003259   0.29204125]
at minimum 44.7447 accepted 1  with params [-4.16956874  0.05285135  0.32915711 40.44923454  0.97693333  0.88633862]
at minimum 64.0953 accepted 0  with params [-4.58415508  0.22077018  0.44722548 40.53331008  1.28800606  1.20598584]
at minimum 96.9301 accepted 0  with params [-4.58876414e+00 -6.60999617e-03  4.12376912e-01  4.02843777e+01
  6.32616503e-01  6.49450654e-01]
at minimum 124.4075 accepted 0  with params [-3.82717604 -0.33266658  0.05       40.10595749  1.33097144  0.94447038]
at minimum 53.6581 accepted 0  with params [-3.91786323  0.05249583  0.21727381 40.14463246  1.10261196  0.86855029]
at minimum 70.6005 accepted 0  with params [-4.18426687e+00  7.19314715e-03  5.00000000e-02  4.01821218e+01
  6.62745001e-01  5.78219338e-01]
at minimum 60.7627 accepted 0  with params [-3.79277455 -0.09670681  0.14598059 40.93433157  0.95488925  1.35854216]
at minimum 252.2810 accepted 0  with params [-4.31294974 -0.24630913  0.05000028 40.83334765  1.40533512  1.37962233]
at minimum 70.9396 accepted 0  with params [-3.96926550e+00  3.98524763e-02  5.00000000e-02  4.08026354e+01
  8.81332554e-01  1.25361376e+00]
at minimum 44.1981 accepted 1  with params [-4.18511836  0.07527734  0.76379318 40.2828848   0.91172092  1.24246506]
at minimum 158.4397 accepted 0  with params [-4.56861576 -0.35766007  0.83433921 40.49493611  0.45846331  1.3740433 ]
at minimum 52.1211 accepted 0  with params [-3.96271593  0.16634807  0.55920444 39.91576022  0.87661856  0.93592757]
at minimum 49.4127 accepted 0  with params [-4.20357203 -0.25727558  1.00160964 39.80339896  0.56611529  1.49694932]
at minimum 119.8501 accepted 0  with params [-4.4713254  -0.3751745   0.75450375 40.10553551  0.73686193  1.22532047]
at minimum 58.7468 accepted 0  with params [-4.39533499  0.30067392  0.53477839 40.66722478  0.4957396   1.72780143]
at minimum 78.3478 accepted 0  with params [-3.69721676  0.14990363  0.7876821  40.20250944  0.74604513  1.65430845]
at minimum 133.9162 accepted 0  with params [-4.43006187 -0.31469496  0.4418559  40.53778055  1.13816476  1.6042417 ]
at minimum 40.8088 accepted 1  with params [-4.06221648 -0.2235788   0.95027063 39.96532199  0.43569603  1.69413941]
at minimum 91.7250 accepted 0  with params [-3.63951547e+00  2.49968320e-01  1.01531351e+00  4.01211396e+01
  1.34509536e-02  1.65766197e+00]
at minimum 104.7388 accepted 0  with params [-3.7281471  -0.52107559  1.15038628 40.0615854   0.          1.75614596]
at minimum 362.0686 accepted 0  with params [-4.42800794e+00 -6.20954463e-01  6.28293525e-01  4.03457941e+01
  3.89151428e-03  1.41815388e+00]
at minimum 93.1872 accepted 0  with params [-3.57391287  0.10770456  0.68119254 39.85619015  0.78894312  2.        ]
at minimum 68.2893 accepted 0  with params [-3.73979411  0.04410911  1.36422135 39.54065677  0.          1.45490815]
at minimum 159.1789 accepted 0  with params [-4.49437931 -0.39780167  0.72276211 40.40195805  0.32502702  1.56015259]
at minimum 89.7180 accepted 0  with params [-3.62584     0.21104609  0.61624002 39.95003952  0.18707062  1.39149429]
at minimum 56.9367 accepted 0  with params [-4.2212611   0.27310056  0.73157686 40.20283003  0.43269356  2.        ]
at minimum 70.2785 accepted 0  with params [-4.53257656  0.11293015  0.51492322 40.27359887  0.93340444  1.92116638]
at minimum 58.5424 accepted 0  with params [-4.36386564  0.24405633  1.01735812 39.80882567  0.28392035  1.92044259]
at minimum 53.6425 accepted 0  with params [-3.8507461  -0.05734867  0.95312575 40.15852961  0.20630919  1.98953912]
at minimum 75.1536 accepted 0  with params [-3.69609525 -0.25144384  0.91462085 39.75601655  0.07590422  1.31876378]
at minimum 121.4996 accepted 0  with params [-4.38387579 -0.44642398  1.16266648 40.0910604   0.67007586  1.45593691]
at minimum 229.5762 accepted 0  with params [-4.47105884 -0.4090594   0.56232041 40.30488952  0.55800627  1.88609643]
at minimum 62.8153 accepted 0  with params [-4.45131563  0.08717406  1.37412067 39.84903089  0.45077943  2.        ]
at minimum nan accepted 1  with params [-4.40913527 -0.34949261  1.01081345 39.48894886  0.64691509  1.38875884]
at minimum 50.3642 accepted 1  with params [-3.94120524e+00  2.74374814e-02  9.30440011e-01  3.97507011e+01
  3.96343777e-01  1.26192349e+00]
at minimum 44.7891 accepted 1  with params [-3.97376284 -0.24577807  0.85982562 39.34865756  0.82105556  1.1177245 ]
at minimum 64.4515 accepted 0  with params [-4.05020433 -0.63844303  1.24659729 39.28532055  0.64143138  1.38312481]
at minimum 75.5561 accepted 0  with params [-3.60182494 -0.30633091  0.96491268 39.69093287  0.66417068  1.25743651]
at minimum 46.6264 accepted 1  with params [-3.94727377 -0.09057363  0.8850339  39.64778411  0.53789947  1.44445824]
at minimum nan accepted 1  with params [-4.20566227 -0.30275609  1.25634704 39.48728623  0.3900272   1.19063957]
at minimum 59.9628 accepted 1  with params [-3.78593925 -0.22111584  1.01546792 39.56044149  0.39669901  0.72328512]
at minimum 50.0899 accepted 1  with params [-3.93952987e+00 -1.28596245e-03  1.43646069e+00  3.99480075e+01
  4.52474734e-01  1.10687966e+00]
at minimum 48.1224 accepted 1  with params [-4.28507174  0.11389026  0.94416757 39.78500881  0.34685439  0.8461125 ]
at minimum 59.1756 accepted 0  with params [-3.81956656e+00 -6.78413381e-03  4.70143462e-01  3.94431071e+01
  1.96048120e-02  9.68187232e-01]
at minimum 101.6557 accepted 0  with params [-4.47345523 -0.33263945  0.62372842 39.393475    0.62786191  0.84359489]
at minimum 78.6565 accepted 0  with params [-4.58979639  0.40952372  1.3202556  40.07070532  0.23470813  1.10431541]
at minimum 62.9822 accepted 0  with params [-4.41637117e+00 -7.90374957e-03  1.08928413e+00  3.99143303e+01
  1.91669731e-01  5.02428111e-01]
at minimum 51.0023 accepted 0  with params [-3.89708581 -0.14922585  0.93078748 39.37577026  0.42557519  1.01980997]
at minimum 45.4326 accepted 1  with params [-4.18332456 -0.16442363  1.3828714  39.42716989  0.10644298  1.17518361]
at minimum 140.7499 accepted 0  with params [-4.61566845 -0.20821754  1.00380771 39.68939877  0.25735596  1.59611522]
at minimum 80.2018 accepted 0  with params [-4.32472678 -0.55240255  1.36396764 39.68292284  0.43974974  0.79047457]
at minimum 108.9350 accepted 0  with params [-4.56540062 -0.13899614  1.55201548 38.99473192  0.34069229  0.87350145]
at minimum 212.9483 accepted 0  with params [-4.56359945 -0.39228191  1.42962402 39.67002378  0.47442176  1.61089793]
at minimum 59.7237 accepted 0  with params [-4.35509663 -0.06334424  1.65400533 39.15463931  0.          0.76345102]
at minimum 56.5266 accepted 0  with params [-3.88263397  0.09052692  1.40497276 39.83238696  0.49232465  1.51810514]
at minimum 77.1050 accepted 0  with params [-4.52173367  0.26067487  1.70788343 39.37034962  0.13547069  1.30200495]
at minimum 48.6603 accepted 0  with params [-4.20995802  0.2055238   1.17155439 39.15526621  0.          0.744142  ]
at minimum 59.6294 accepted 0  with params [-4.07975421 -0.51052118  1.55692046 39.4024312   0.          1.19919949]
at minimum 60.9435 accepted 0  with params [-3.80868144 -0.04576346  1.10561158 39.57144339  0.04283357  1.11542145]
at minimum 48.4557 accepted 0  with params [-4.05662245  0.17173362  1.40882024 39.38707245  0.          1.03656859]
at minimum 44.6865 accepted 1  with params [-4.02036871 -0.19499696  1.26520604 39.36641231  0.          1.23817994]
at minimum 47.5140 accepted 0  with params [-4.04474918e+00  1.00237373e-01  1.56161120e+00  3.94199877e+01
  5.32490601e-07  1.16768987e+00]
at minimum 78.3625 accepted 0  with params [-3.74037608 -0.50712854  0.9120704  39.76688342  0.          1.11187405]
at minimum nan accepted 1  with params [-4.28605243  0.12539123  1.00349255 39.70805589  0.          0.81984862]
at minimum 70.3180 accepted 1  with params [-4.49054698e+00  1.62426439e-01  1.05873840e+00  4.01249931e+01
  8.61245724e-09  8.34694411e-01]
at minimum 69.9600 accepted 1  with params [-4.44664087 -0.09947488  1.07498284 39.69166813  0.15094685  0.84307221]
at minimum 71.0172 accepted 1  with params [-4.49477481  0.19359525  1.20667115 39.71746067  0.24216724  0.45433796]
at minimum 53.2397 accepted 1  with params [-4.3012195  -0.07410284  1.4919104  39.70260187  0.22562905  0.29600718]
at minimum 46.6331 accepted 1  with params [-3.97381721 -0.47960652  1.74013751 39.9122754   0.15329769  0.5100032 ]
at minimum 57.1694 accepted 0  with params [-4.06131191 -0.78870658  1.55562628 39.63015555  0.24550974  0.81204047]
at minimum 61.4239 accepted 0  with params [-3.83122465e+00 -7.54075602e-01  1.71861009e+00  3.99014981e+01
  4.11731170e-07  5.14982143e-01]
at minimum 58.9539 accepted 0  with params [-3.83857869e+00 -5.65969547e-01  1.48893869e+00  3.95374610e+01
  5.25482871e-03  4.91104326e-01]
at minimum 71.5329 accepted 0  with params [-4.41505209 -0.15353643  1.98636451 40.0224679   0.22300998  0.43975921]
at minimum 66.7230 accepted 0  with params [-3.75938476 -0.56028024  2.03187361 40.02280364  0.0664511   0.74884874]
at minimum 67.1064 accepted 0  with params [-3.59633699 -0.65498282  1.9073941  39.88220327  0.57412727  0.33250929]
at minimum 63.6721 accepted 0  with params [-3.97275421 -0.9         1.94103547 39.94595019  0.478491    0.94199522]
at minimum 47.7323 accepted 0  with params [-3.87771856 -0.42996756  2.15739269 40.34695835  0.49656781  0.37356613]
at minimum 84.3942 accepted 0  with params [-3.57592493e+00 -1.19422645e-01  2.13191980e+00  3.99354920e+01
  1.14422685e-08  4.73995034e-01]
at minimum 110.8593 accepted 0  with params [-4.36842929 -0.6409899   1.77924523 39.73212871  0.          0.84147353]
at minimum nan accepted 1  with params [-3.79162497 -0.30582294  2.14066791 39.57794129  0.05313276  0.07414367]
at minimum 75.1113 accepted 1  with params [-3.64651878e+00 -2.82375318e-02  2.21291582e+00  3.92035352e+01
  1.24067303e-02  4.90477368e-02]
at minimum 77.2972 accepted 0  with params [-3.62701722e+00  3.37361463e-01  2.25834066e+00  3.92245850e+01
  5.57501595e-03  1.69033173e-07]
at minimum 154095.4833 accepted 0  with params [-3.19981932e+00 -4.72224810e-01  2.50351978e+00  3.88149783e+01
  4.56521213e-01  9.97030276e-07]
at minimum 84.4459 accepted 0  with params [-3.61986059  0.28681723  1.99241125 39.41957668  0.36758323  0.        ]
at minimum 51.0565 accepted 1  with params [-3.98667395e+00  3.67426189e-01  1.84240586e+00  3.90522759e+01
  3.45393891e-01  1.05243171e-07]
at minimum 48.2735 accepted 1  with params [-3.97528688e+00  9.78280810e-02  2.27097939e+00  3.93252888e+01
  1.46788902e-02  0.00000000e+00]
at minimum nan accepted 1  with params [-3.93935882 -0.17010746  2.04897163 39.02839899  0.          0.31075135]
at minimum 76.4340 accepted 1  with params [-3.6377183   0.0476608   2.29130408 39.15954736  0.35553261  0.10482001]
at minimum 69.9530 accepted 1  with params [-3.64009138 -0.33363848  2.67965908 38.91936084  0.22036538  0.3928095 ]
at minimum 4438.3343 accepted 0  with params [-3.26713967 -0.3931697   2.60004172 39.25495214  0.31397691  0.        ]
at minimum 71.2207 accepted 0  with params [-3.9302424  -0.78174536  2.70854673 38.56101593  0.          0.80153408]
at minimum 77.0360 accepted 0  with params [-3.61563942e+00 -7.08762906e-01  2.66052446e+00  3.91105907e+01
  4.89648780e-09  2.97070379e-01]
at minimum 49.2269 accepted 1  with params [-3.99232149e+00 -5.12681718e-01  2.63393005e+00  3.88046774e+01
  1.48175861e-02  7.22090581e-01]
at minimum 57.8462 accepted 0  with params [-4.24478959e+00 -2.36492742e-01  2.87542483e+00  3.88914084e+01
  7.20218881e-08  7.46230929e-01]
at minimum nan accepted 1  with params [-4.11558339 -0.72935917  2.34638995 38.96097583  0.          1.07727004]
