at minimum 6.2131 accepted 1  with params [-4.5        0.4        3.        35.0015085]
at minimum 6.6036 accepted 0  with params [-4.32994098  0.19399946  3.         34.70829139]
at minimum 5.4816 accepted 1  with params [-4.93609172  0.35539012  3.         38.51392507]
at minimum 7.3044 accepted 0  with params [-5.15536415  0.82921637  3.         34.57901681]
at minimum 5.4587 accepted 1  with params [-5.02325432  0.51014045  2.86106326 38.4421291 ]
at minimum 7.2643 accepted 0  with params [-5.12924283  0.82409286  3.         34.55617995]
at minimum 6.4473 accepted 1  with params [-5.29561323  0.44802539  2.39077661 44.51835655]
at minimum 6.2543 accepted 1  with params [-5.39593815  0.59675925  1.86982799 42.90028438]
at minimum 6.3395 accepted 0  with params [-5.21227709  0.4218905   2.31783791 42.81468928]
at minimum 6.9349 accepted 1  with params [-5.71810087  0.64759621  1.9704241  43.14224181]
at minimum 6.5742 accepted 1  with params [-5.57708483  0.61108359  1.63344678 44.19400857]
at minimum 9.6446 accepted 0  with params [-5.37231443  0.13368237  1.46907142 43.81376294]
at minimum 8.9131 accepted 0  with params [-5.92923168  0.84359085  0.70386064 44.09050396]
at minimum 6.8740 accepted 1  with params [-5.8370256   0.58399484  1.46505258 48.69663143]
at minimum 8.5119 accepted 0  with params [-5.96612321  0.99        1.63074224 32.38155025]
at minimum 6.5815 accepted 1  with params [-5.69933335  0.55354007  0.81866381 48.82078884]
at minimum 12.2523 accepted 0  with params [-6.          0.07769182  1.0904142  48.34103896]
at minimum 6.4329 accepted 1  with params [-5.27725521  0.70165986  1.18806469 38.30534677]
at minimum 7.3246 accepted 1  with params [-5.6184551   0.77297566  0.93468546 38.49002076]
at minimum 7.3819 accepted 1  with params [-5.67264718  0.7593531   0.74307702 39.14406555]
at minimum 6.6413 accepted 1  with params [-5.82181485  0.44972054  1.15466248 57.92329338]
at minimum 6.9821 accepted 0  with params [-5.9829298   0.30626138  1.45758982 80.23711498]
at minimum 6.2231 accepted 1  with params [-5.45500513  0.5495976   1.24372454 45.68061584]
at minimum 6.7279 accepted 1  with params [-5.73456784  0.58104602  0.81079987 49.54781328]
at minimum 6.2385 accepted 1  with params [-5.47128137  0.55130033  1.15905618 45.91998937]
at minimum 7.2005 accepted 1  with params [-5.94397572  0.61994871  1.08934506 46.01289832]
at minimum 7.3502 accepted 1  with params [-6.          0.62828591  0.78532759 46.77034138]
at minimum 8.0371 accepted 0  with params [-6.          0.42836202  1.07112316 46.97298959]
at minimum 7.6306 accepted 0  with params [-6.          0.7247126   1.1432868  42.33335892]
at minimum 7.5252 accepted 1  with params [-5.95781735  0.68385897  0.74217059 46.60393584]
at minimum 8.4079 accepted 1  with params [-5.99999784  0.9506909   0.37128353 33.62653502]
at minimum 8.2144 accepted 1  with params [-3.83409726  0.99        0.16869356 33.89898714]
at minimum 8.2914 accepted 1  with params [-3.78678746  0.85488926  0.29086086 34.24506623]
at minimum 8.2186 accepted 1  with params [-4.12832303  0.99        0.05       34.61449008]
at minimum 8.2859 accepted 1  with params [-3.76789956  0.5818265   0.05       32.01600209]
at minimum 9.1154 accepted 0  with params [-3.48054085  0.99        1.05566275 24.39333812]
at minimum 8.4962 accepted 1  with params [-3.69293824  0.4528309   0.05       31.53999987]
at minimum 8.2904 accepted 1  with params [-3.9030269   0.15800958  0.30103767 31.06916783]
at minimum 5.3271 accepted 1  with params [-4.57480834 -0.35316018  0.41479759 31.26434307]
at minimum 5.6062 accepted 1  with params [-4.47498823 -0.41243062  1.25226287 33.34375505]
at minimum 12.4166 accepted 0  with params [-4.86890066 -0.75428915  1.42886931 33.71082375]
at minimum 7.7472 accepted 0  with params [-4.01236308 -0.64815054  1.74905316 31.54119944]
at minimum 7.1973 accepted 0  with params [-4.21608697 -0.11952581  1.02225392 33.79567635]
at minimum 5.0471 accepted 1  with params [-4.82385106e+00  2.96437846e-02  1.05997937e+00  3.37411961e+01]
at minimum 8.5917 accepted 0  with params [-5.20573568  0.99        0.96848958 31.24873514]
at minimum 8.0902 accepted 1  with params [-5.23396778  0.24190354  1.50307992 33.58674292]
at minimum 6.5681 accepted 1  with params [-5.14472541  0.30187602  1.01196296 33.67332924]
at minimum 6.8072 accepted 1  with params [-5.09622099  0.74921537  0.90690523 35.42178212]
at minimum 5.7692 accepted 1  with params [-5.21683655  0.57875286  1.39937062 40.69436844]
at minimum 4.8091 accepted 1  with params [-4.83342599  0.32338581  1.56526612 36.71593067]
at minimum 7.9870 accepted 0  with params [-4.355613    0.60499519  1.24840224 32.24795234]
at minimum 6.5966 accepted 0  with params [-5.10473316  0.27741272  2.07896042 42.65212717]
at minimum 6.9297 accepted 0  with params [-5.22083906  0.30751005  1.82576662 45.16965882]
at minimum 5.3316 accepted 0  with params [-5.04038479  0.51582541  1.58612685 36.69363928]
at minimum 8.5929 accepted 0  with params [-5.29739205  0.99        1.24964761 31.283019  ]
at minimum 4.9077 accepted 1  with params [-4.81243008  0.18721079  1.97404628 36.89863375]
at minimum 4.8027 accepted 1  with params [-4.79553563  0.23378483  1.76199222 36.60644143]
at minimum 4.9428 accepted 1  with params [-4.8662053   0.39416205  1.84129608 37.05326108]
at minimum 4.7888 accepted 1  with params [-4.81669286  0.31347087  0.79610174 37.02545469]
at minimum 4.4854 accepted 1  with params [-4.68362752e+00 -7.22873217e-03  4.87553771e-01  3.72609208e+01]
at minimum 4.8272 accepted 1  with params [-4.7901436  -0.48493105  0.38654081 36.75135508]
at minimum 6.1554 accepted 1  with params [-4.98855686 -0.1641821   0.25178131 36.5522354 ]
at minimum 4.9601 accepted 1  with params [-4.58083283 -0.17345781  0.37712356 35.89917983]
at minimum 6.6518 accepted 0  with params [-4.41761874  0.06091846  0.53899591 36.41812366]
at minimum 4.6736 accepted 1  with params [-4.82165594  0.22062699  0.4234453  37.54016625]
at minimum 6.1268 accepted 0  with params [-5.01902754  0.39569807  0.17816744 37.01210952]
at minimum 4.6642 accepted 1  with params [-4.62110177 -0.33039774  0.64100859 36.08182977]
at minimum 6.9246 accepted 0  with params [-4.99901687 -0.22002247  0.21829122 35.98937002]
at minimum 5.2716 accepted 0  with params [-4.70767689 -0.64563891  0.51766101 35.66121257]
at minimum 6.4433 accepted 0  with params [-4.67768144 -0.8088924   0.73490218 35.86966166]
at minimum 7.8202 accepted 0  with params [-5.02337064 -0.12691214  0.99578376 43.20223136]
at minimum 5.4996 accepted 0  with params [-4.83860979 -0.21197479  0.17665162 36.08184536]
at minimum 5.6098 accepted 0  with params [-5.06550966  0.15941417  0.85397561 42.02164786]
at minimum 3.9322 accepted 1  with params [-4.79173431 -0.14583591  0.45908248 38.41881695]
at minimum 7.1981 accepted 0  with params [-5.19853869  0.19913439  0.08444547 38.75888299]
at minimum 8.6581 accepted 0  with params [-5.12293954 -0.09753047  0.72328382 38.18891795]
at minimum 4.8554 accepted 1  with params [-4.98260078 -0.11016008  0.31865125 38.87775871]
at minimum 5.2677 accepted 1  with params [-4.62547524 -0.9         0.41906799 36.41084767]
at minimum 6.8885 accepted 0  with params [-4.22197884 -0.55032143  0.64200759 32.2419775 ]
at minimum 11.9982 accepted 0  with params [-5.04816645 -0.9         0.0610051  59.43544903]
at minimum 6.7468 accepted 0  with params [-4.44359727 -0.73408678  0.05       35.02079448]
at minimum 5.2671 accepted 1  with params [-4.76119842 -0.4662593   0.62967768 37.58557505]
at minimum 7.9201 accepted 0  with params [-4.84813518 -0.68048295  0.59901855 39.44490329]
at minimum 6.4938 accepted 0  with params [-4.23897079 -0.25038153  3.         32.26433303]
at minimum 5.3045 accepted 1  with params [-4.75350687 -0.24684419  0.1083294  37.45684019]
at minimum 6.1769 accepted 1  with params [-4.6136297  -0.74620128  0.05       36.52828074]
at minimum 6.0705 accepted 1  with params [-4.70647815 -0.56142074  0.05       36.50703769]
at minimum 5.1456 accepted 1  with params [-4.84203674 -0.08353414  0.98559407 36.57823644]
at minimum 8.5603 accepted 0  with params [-5.19449837  0.99        0.82164104 31.27519426]
at minimum 5.0804 accepted 1  with params [-4.61546504 -0.58017379  0.61166282 36.89450283]
at minimum 8.1694 accepted 0  with params [-5.01352291  0.99        0.05       32.31654009]
at minimum 4.8388 accepted 1  with params [-4.6289942  -0.76671823  0.32250136 36.66790637]
at minimum 12.4696 accepted 0  with params [-5.09789413 -0.84374674  0.24536742 55.41603739]
at minimum 6.8412 accepted 0  with params [-4.34643638 -0.9         3.         32.59906162]
at minimum 6.5004 accepted 0  with params [-4.54051918 -0.9         0.99149039 36.75575413]
at minimum 5.4877 accepted 1  with params [-4.433501   -0.24761405  3.         33.67157569]
at minimum 5.7528 accepted 0  with params [-4.58614545  0.40658283  2.85400369 34.06593426]
at minimum 5.6070 accepted 1  with params [-4.42534581 -0.28632472  2.59653376 33.29889043]
at minimum 5.0382 accepted 1  with params [-4.7235333   0.15325621  2.57503023 33.11240335]
at minimum 8.6863 accepted 0  with params [-5.17405485  0.99        2.1453712  31.15882974]
at minimum 4.9863 accepted 1  with params [-4.63020839  0.1888922   2.72361351 36.04183629]
