at minimum 43.2252 accepted 1  with params [-4.5         0.4         0.50000003 39.99999999]
at minimum 72.7118 accepted 0  with params [-5.34560977  0.87820437  0.75685585 38.7105492 ]
at minimum 50.6073 accepted 0  with params [-4.91882827  0.42451085  0.05       39.74178918]
at minimum 64.6531 accepted 0  with params [-4.19381075  0.76385     0.05       36.01175623]
at minimum nan accepted 1  with params [-4.82506749  0.59720807  0.05       39.79089545]
at minimum nan accepted 1  with params [-5.31249114  0.8308158   0.05       39.96454599]
at minimum 64.6694 accepted 1  with params [-5.06599709  0.80650379  0.05       38.93381753]
at minimum 57.1821 accepted 1  with params [-4.57716399  0.74746411  0.05       37.27165856]
at minimum nan accepted 1  with params [-4.80410321  0.99        0.30302978 36.88033275]
at minimum 76.6151 accepted 1  with params [-5.26443723  0.94101167  0.67876275 36.74034876]
at minimum nan accepted 1  with params [-5.53855695  0.66578859  0.73112274 36.74965914]
at minimum 79.6360 accepted 1  with params [-5.20783527  0.99        0.48719902 34.98846945]
at minimum 79.5107 accepted 1  with params [-4.79852068  0.99        0.35357868 34.9227277 ]
at minimum 75.6678 accepted 1  with params [-4.66419607  0.99        0.05       34.79483251]
at minimum 68.2572 accepted 1  with params [-4.98996645  0.57659307  0.12512632 35.62637948]
at minimum 53.8899 accepted 1  with params [-5.31620887  0.54042189  0.20354042 49.14151797]
at minimum 59.0993 accepted 0  with params [-5.39488451  0.53308848  0.48721261 48.94403973]
at minimum 55.8603 accepted 0  with params [-4.88119761  0.57603745  3.         41.15239389]
at minimum 79.4960 accepted 0  with params [-5.88362914  0.99        0.11047725 35.41704607]
at minimum nan accepted 1  with params [-5.44376524  0.88380574  0.05       48.89355292]
at minimum 81.9019 accepted 1  with params [-5.1720265   0.99        1.40482802 34.65142684]
at minimum 86.2860 accepted 0  with params [-4.8018688   0.99        1.0449278  34.33545877]
at minimum 83.6288 accepted 0  with params [-5.03243276  0.99        1.9010572  34.46518321]
at minimum 83.3530 accepted 0  with params [-5.03076185  0.99        1.31927315 34.50381155]
at minimum 83.1813 accepted 0  with params [-5.01303232  0.99        1.09334959 34.52886705]
at minimum 56.7931 accepted 1  with params [-4.97916894  0.68871028  1.03588492 39.76648911]
at minimum nan accepted 1  with params [-5.47584694  0.68048013  1.16326521 39.95682616]
at minimum 79.9442 accepted 1  with params [-5.9076547   0.99        1.64778631 35.23551002]
at minimum 79.9477 accepted 1  with params [-6.          0.99        1.66162774 35.27353638]
at minimum 79.9295 accepted 1  with params [-5.84767657  0.99        1.28997854 35.09125377]
at minimum 80.4007 accepted 1  with params [-5.45067238  0.99        1.48369396 34.93166885]
at minimum 82.4624 accepted 0  with params [-5.12569898  0.99        1.66818251 34.58245109]
at minimum nan accepted 1  with params [-5.39435239  0.74349156  1.54517956 35.42037027]
at minimum 74.0131 accepted 1  with params [-5.78861643  0.82214695  1.62028818 41.25581546]
at minimum 74.8177 accepted 0  with params [-6.          0.78253767  1.68845322 43.66061241]
at minimum 79.9593 accepted 0  with params [-6.          0.99        2.07266995 35.27549241]
at minimum 71.0661 accepted 1  with params [-6.          0.55134917  1.92875772 58.98677622]
at minimum 80.1445 accepted 0  with params [-5.5803208   0.99        1.69463249 35.03720363]
at minimum 75.9485 accepted 0  with params [-5.97678433  0.83605163  1.56496134 41.10667288]
at minimum 73.4974 accepted 0  with params [-5.96908274  0.73974539  1.67472195 45.78436982]
at minimum 71.0916 accepted 1  with params [-6.          0.53962883  1.96046398 60.08630978]
at minimum nan accepted 1  with params [-5.88589143  0.15787445  2.3699206  59.96620843]
at minimum 75.8521 accepted 1  with params [-5.53656382  0.52343497  2.81974189 54.07946237]
at minimum 75.5083 accepted 1  with params [-5.52971772  0.52777548  2.84330455 53.73039922]
at minimum 210.6182 accepted 0  with params [-5.48087196  0.18772983  3.         65.50909623]
at minimum 73.5490 accepted 1  with params [-5.46855608  0.56339583  3.         52.63362546]
at minimum nan accepted 1  with params [-5.96699371  0.22392325  2.91204317 52.51421035]
at minimum 78.5803 accepted 1  with params [-5.5430934   0.49818683  3.         55.81802538]
at minimum 75.4140 accepted 1  with params [-6.          0.78574997  3.         43.66329897]
at minimum 72.2332 accepted 1  with params [-5.72937056  0.75630053  3.         43.98773394]
at minimum 75.8764 accepted 0  with params [-6.          0.3895589   3.         78.28893436]
at minimum 68.8900 accepted 1  with params [-5.37174598  0.78131122  3.         41.21560699]
at minimum 79.9716 accepted 0  with params [-5.99999987  0.99        2.92484704 35.28749173]
at minimum nan accepted 1  with params [-5.85166269  0.46078247  3.         40.97303786]
at minimum 71.1113 accepted 1  with params [-5.81217176  0.67552202  2.46512357 48.75313944]
at minimum nan accepted 1  with params [-6.          0.17578179  2.89509936 48.47783277]
at minimum 80.2701 accepted 1  with params [-5.49309819  0.99        3.         34.99697778]
at minimum 80.1949 accepted 1  with params [-5.53556912  0.99        2.95289061 35.0301024 ]
at minimum 80.0262 accepted 1  with params [-5.6894064   0.99        3.         35.14090718]
at minimum 68.6003 accepted 1  with params [-5.22500105  0.8216384   2.61183051 39.02157796]
at minimum 79.9890 accepted 0  with params [-5.76574414  0.99        2.07992826 35.16533738]
at minimum 48.2951 accepted 1  with params [-4.7135046   0.47311864  2.28849969 39.92382432]
at minimum 74.3906 accepted 0  with params [-5.02067155  0.9056455   2.7108225  36.18983699]
at minimum 47.0739 accepted 1  with params [-4.49571527  0.45305568  2.40324077 38.17660094]
at minimum 57.9709 accepted 0  with params [-4.04570317  0.08376348  2.58358673 36.53039995]
at minimum 44.4927 accepted 1  with params [-4.48665832  0.3593096   2.65209492 38.65049787]
at minimum nan accepted 1  with params [-4.75987017  0.60182143  2.46479519 38.65699762]
at minimum 76.2567 accepted 1  with params [-5.16687807  0.92974119  2.0988044  36.00172698]
at minimum 80.8500 accepted 0  with params [-5.34181302  0.99        1.66743882 34.82153007]
at minimum 80.0513 accepted 0  with params [-5.66982295  0.99        2.28652323 35.10898084]
at minimum 62.2426 accepted 1  with params [-4.66754687  0.74171562  2.19850343 36.96949026]
at minimum 44.4590 accepted 1  with params [-4.43854945  0.31690003  2.19888472 38.27557002]
at minimum 54.1165 accepted 0  with params [-4.86802133  0.62882538  2.04693311 39.79642962]
at minimum 243.5191 accepted 0  with params [-4.94712287 -0.1403575   2.10042086 39.62583446]
at minimum 53.8194 accepted 0  with params [-4.31760537  0.45414048  2.58386585 36.98529552]
at minimum 53.1223 accepted 0  with params [-4.32166662  0.43275279  2.32971147 37.08169955]
at minimum 137.2655 accepted 0  with params [-4.84935113e+00 -1.68344629e-02  1.79608510e+00  3.86852097e+01]
at minimum 41.1739 accepted 1  with params [-4.50952408  0.10985956  0.41730057 36.15603115]
at minimum nan accepted 1  with params [-4.29298843 -0.14331378  0.25301802 36.36939322]
at minimum 37.5772 accepted 1  with params [-4.474514    0.03795714  0.25922849 37.17746706]
at minimum 46.1025 accepted 0  with params [-4.19754733e+00 -7.91451764e-03  6.63020712e-02  3.73976266e+01]
at minimum 40.7383 accepted 0  with params [-4.8979131   0.36298886  0.05       45.34294717]
at minimum nan accepted 1  with params [-4.65849914 -0.29943143  0.05       36.91045631]
at minimum nan accepted 1  with params [-4.30227422 -0.45774425  0.06392869 36.65729609]
at minimum 61.2135 accepted 1  with params [-3.93978702 -0.14536465  3.         36.33162841]
at minimum 75.6377 accepted 0  with params [-4.23006903 -0.51860182  3.         36.57801954]
at minimum 73.4201 accepted 0  with params [-4.34821972 -0.33584782  3.         37.49403319]
at minimum 49.0120 accepted 1  with params [-4.27824327e+00 -1.41987283e-02  2.87333636e+00  3.60358018e+01]
at minimum 65.7820 accepted 0  with params [-3.89156205  0.03618081  2.95765169 35.99529046]
at minimum 66.7594 accepted 0  with params [-4.00080001  0.28594743  2.48922819 35.92238503]
at minimum 47.6805 accepted 1  with params [-4.64919664  0.47247198  2.850264   39.56360648]
at minimum 45.5039 accepted 1  with params [-4.30961879  0.11662451  2.66855069 37.32245693]
at minimum 55.1611 accepted 0  with params [-4.62865263  0.64605456  2.18930815 37.68432033]
at minimum 70.8401 accepted 0  with params [-3.78152454 -0.35916245  2.55009932 35.72739675]
at minimum 87.5345 accepted 0  with params [-4.80895414  0.99        2.41737947 34.19324679]
at minimum 52.1108 accepted 0  with params [-4.57100095  0.58647075  2.48529352 37.88441025]
at minimum 78.6091 accepted 0  with params [-4.5837541  -0.04245826  2.62766902 37.42052648]
at minimum 49.2993 accepted 0  with params [-4.31773071  0.33686115  2.27509995 37.40655254]
at minimum 46.3027 accepted 0  with params [-4.31907373  0.23465324  2.34902957 37.72829345]
at minimum 55.2984 accepted 0  with params [-4.04603572 -0.07479538  3.         36.85381563]
at minimum nan accepted 1  with params [-4.88687077  0.23271792  3.         36.98544442]
