at minimum 453.5530 accepted 1  with params [-4.50000001  0.4         0.50000002 39.99999998]
at minimum 502.1487 accepted 0  with params [-4.3885292   0.76759777  0.05000001 33.18445176]
at minimum 444.7624 accepted 1  with params [-4.9452227   0.50976679  0.05       42.36508729]
at minimum 557.9305 accepted 0  with params [-4.59891678  0.98627295  3.         30.89125759]
at minimum 430.0537 accepted 1  with params [-5.00895729  0.42728326  0.05       45.76839827]
at minimum 400.2208 accepted 1  with params [-4.85978624  0.30408606  0.05000022 45.34939019]
at minimum 325.0107 accepted 1  with params [-4.75946097e+00 -9.00000000e-01  5.00000000e-02  5.32065032e+01]
at minimum nan accepted 1  with params [-4.76383037e+00 -8.03580551e-01  5.00000000e-02  5.34363995e+01]
at minimum nan accepted 1  with params [-4.7345676  -0.9         0.25454938 53.65712683]
at minimum 378.4887 accepted 1  with params [-4.44415623 -0.9         0.41017841 53.62905083]
at minimum 333.5542 accepted 1  with params [-4.4378732  -0.9         0.25176867 53.41496562]
at minimum 417.8371 accepted 0  with params [-4.17978885 -0.9         3.         36.1039283 ]
at minimum 402.2077 accepted 0  with params [-4.87472822e+00 -9.00000000e-01  5.00000000e-02  5.72269010e+01]
at minimum nan accepted 1  with params [-4.69920561e+00 -9.00000000e-01  5.00000000e-02  5.29720358e+01]
at minimum 277.3439 accepted 1  with params [-4.55979843 -0.9         0.05       47.34861136]
at minimum 359.6703 accepted 0  with params [-4.54914119 -0.72011169  0.54885749 42.24753992]
at minimum 410.6766 accepted 0  with params [-4.88400682e+00 -9.00000000e-01  5.00000000e-02  5.75290519e+01]
at minimum 286.5853 accepted 0  with params [-4.65316852 -0.83166558  0.05       49.93352084]
at minimum nan accepted 1  with params [-4.87724262 -0.58315516  0.40470271 47.02822178]
at minimum nan accepted 1  with params [-5.29235291 -0.16768053  0.05       47.34319222]
at minimum nan accepted 1  with params [-5.47706829  0.25672471  0.05       47.61331061]
at minimum 538.9446 accepted 1  with params [-5.58240101  0.99        0.05       32.41694447]
at minimum nan accepted 1  with params [-5.58502856  0.50586208  0.16422063 32.24998885]
at minimum nan accepted 1  with params [-5.69831568  0.57500279  0.05       32.30277776]
at minimum nan accepted 1  with params [-5.83254854  0.11781668  0.05       32.22387361]
at minimum 452.1517 accepted 1  with params [-5.49190237e+00  3.65487429e-01  5.00000000e-02  6.35264242e+01]
at minimum nan accepted 1  with params [-5.58431910e+00  5.71609535e-01  5.00000000e-02  6.34527581e+01]
at minimum 511.9407 accepted 1  with params [-5.76417107  0.61753619  0.05       48.53507082]
at minimum nan accepted 1  with params [-6.          0.81111897  0.05       48.06636987]
at minimum 504.1871 accepted 1  with params [-5.5723341   0.54529838  0.56047239 46.25234448]
at minimum 504.7377 accepted 0  with params [-5.58000878  0.56770792  0.50455951 45.6224068 ]
at minimum 539.5807 accepted 0  with params [-5.90431133  0.99        3.         32.29264888]
at minimum 533.2432 accepted 0  with params [-5.92436783  0.30383338  3.         82.8680367 ]
at minimum 539.3233 accepted 0  with params [-5.48358892  0.99        0.36357918 32.25134637]
at minimum nan accepted 1  with params [-5.14873771  0.05748064  0.92613028 46.31647422]
at minimum 510.9746 accepted 1  with params [-5.54524529  0.39080181  0.99411841 57.14694758]
at minimum 488.8045 accepted 1  with params [-5.83554119e+00  4.00186419e-01  5.00000401e-02  6.93749150e+01]
at minimum 416.4224 accepted 1  with params [-5.57888917e+00  1.80461326e-01  5.00000000e-02  9.00000000e+01]
at minimum 469.8403 accepted 0  with params [-5.73427111e+00  3.43796390e-01  5.00000000e-02  7.44263802e+01]
at minimum 436.9654 accepted 0  with params [-5.63560906e+00  1.00252592e-01  5.00000000e-02  9.00000000e+01]
at minimum 490.7012 accepted 0  with params [-5.57892079e+00  5.37756798e-01  5.00000000e-02  5.19190914e+01]
at minimum 394.3124 accepted 1  with params [-5.48907685e+00  9.41496388e-02  5.00000000e-02  9.00000000e+01]
at minimum 489.5508 accepted 0  with params [-5.85088270e+00  1.50514136e-01  5.00000000e-02  9.00000000e+01]
at minimum 1077.6871 accepted 0  with params [-5.86180234 -0.28423864  0.37617341 10.        ]
at minimum 524.9442 accepted 0  with params [-5.94609227  0.53487043  3.         55.76451505]
at minimum 409.6088 accepted 0  with params [-5.56081985e+00  1.46540192e-01  5.00000000e-02  9.00000000e+01]
at minimum 519.2458 accepted 0  with params [-5.0354815  -0.29276337  0.57466101 51.80161704]
at minimum 556.0661 accepted 0  with params [-5.63089723  0.20299467  0.84191355 88.41122065]
at minimum 481.6164 accepted 0  with params [-5.91593590e+00  2.33762959e-01  5.00000000e-02  8.62218561e+01]
at minimum 1023.1943 accepted 0  with params [-5.56050343 -0.38768372  0.05       43.20477768]
at minimum 352.0405 accepted 1  with params [-5.15622259e+00 -1.77069314e-01  5.00000000e-02  8.00669917e+01]
at minimum 371.5610 accepted 0  with params [-4.78707407 -0.4259824   0.41247963 52.810187  ]
at minimum nan accepted 1  with params [-4.95202879 -0.55969558  0.10922668 80.08675265]
at minimum 293.7984 accepted 1  with params [-4.68715383e+00 -8.37220212e-01  5.00000000e-02  5.16511083e+01]
at minimum 321.2653 accepted 0  with params [-4.37733684 -0.48871655  0.05       42.52876892]
at minimum nan accepted 1  with params [-5.02005105e+00 -9.00000000e-01  5.00000000e-02  5.20424047e+01]
at minimum 374.0852 accepted 1  with params [-4.61039178 -0.53010367  0.46770271 52.69877582]
at minimum 384.4555 accepted 0  with params [-4.85128150e+00 -9.00000000e-01  5.00000000e-02  5.33687472e+01]
at minimum 503.8535 accepted 0  with params [-4.2132522  -0.05933504  0.181735   52.90173566]
at minimum nan accepted 1  with params [-4.73929652 -0.19863201  0.69017064 52.25572279]
at minimum 430.2503 accepted 1  with params [-4.29034488 -0.9         3.         35.88162905]
at minimum 417.2166 accepted 1  with params [-4.13617998 -0.62012838  3.         36.67410396]
at minimum 429.7492 accepted 0  with params [-4.37511076 -0.63770229  3.         36.57228449]
at minimum nan accepted 1  with params [-4.65326007 -0.34711996  3.         36.2337636 ]
at minimum 417.7013 accepted 1  with params [-4.16462275 -0.5025272   3.         36.91975689]
at minimum 424.7709 accepted 0  with params [-4.17314766 -0.30950108  2.95019363 36.93012358]
at minimum 420.9151 accepted 0  with params [-4.21161177 -0.34012334  2.5491809  37.09809174]
at minimum nan accepted 1  with params [-3.82000546 -0.20374571  3.         36.6411739 ]
at minimum 481.1930 accepted 1  with params [-3.57867215 -0.9         3.         33.94787624]
at minimum 523.2838 accepted 0  with params [-3.42918368 -0.82189339  2.82731356 32.66902517]
at minimum 460.7372 accepted 1  with params [-3.69947475 -0.9         3.         34.58118971]
at minimum 503.9117 accepted 0  with params [-3.66354308 -0.36545336  2.53083036 33.44033281]
at minimum 413.6404 accepted 1  with params [-4.21000616 -0.62491954  2.75202345 36.93932069]
at minimum 417.4597 accepted 0  with params [-4.11045503 -0.9         2.75601463 36.04874509]
at minimum 595.2864 accepted 0  with params [-4.6432861  -0.9         2.42242656 31.51424121]
at minimum 437.7721 accepted 0  with params [-4.41442409 -0.61687537  3.         37.06765326]
at minimum 445.5912 accepted 0  with params [-3.8562035  -0.79915786  2.74397779 35.19083456]
at minimum 564.4315 accepted 0  with params [-4.61528814 -0.9         2.3010971  32.50519629]
at minimum 421.0421 accepted 0  with params [-4.06021746 -0.9         2.28681399 35.9094773 ]
at minimum nan accepted 1  with params [-4.21513495 -0.9         3.         37.26264466]
at minimum 415.7304 accepted 1  with params [-4.1928212  -0.9         2.51314213 36.18796537]
at minimum 419.7702 accepted 0  with params [-4.26208512 -0.9         2.50911467 36.16142309]
at minimum 461.4530 accepted 0  with params [-3.89506514 -0.36470503  2.95426044 35.07726055]
at minimum 415.1002 accepted 1  with params [-4.22459353 -0.80131117  2.65436199 36.65157215]
at minimum nan accepted 1  with params [-4.68347451 -0.51691365  2.57474532 37.17992101]
at minimum nan accepted 1  with params [-4.4826881  -0.82241101  2.32728886 36.79707693]
at minimum 778.6032 accepted 1  with params [-4.86034043 -0.9         1.91006124 25.31699091]
at minimum 541.7668 accepted 1  with params [-4.65566215 -0.68050562  2.24183098 34.83669756]
at minimum 451.0135 accepted 1  with params [-4.40540265 -0.9         2.49499453 35.49365209]
at minimum nan accepted 1  with params [-4.50713564 -0.9         2.89853092 35.72242199]
at minimum 434.4877 accepted 1  with params [-4.35944524 -0.9         2.38199425 35.90325541]
at minimum 415.1781 accepted 1  with params [-4.12668372 -0.9         1.88778034 36.16479938]
at minimum 439.9768 accepted 0  with params [-3.96629161 -0.66270562  1.98923956 35.57607139]
at minimum 459.0771 accepted 0  with params [-4.53390222 -0.9         1.35283433 36.13281472]
at minimum nan accepted 1  with params [-4.48870773 -0.9         2.43168853 35.97072873]
at minimum 462.2902 accepted 1  with params [-4.4399372  -0.9         2.42569723 35.23867205]
at minimum nan accepted 1  with params [-4.34303467 -0.9         2.04522443 35.18109924]
at minimum nan accepted 1  with params [-4.46403165 -0.9         2.36908569 35.57534853]
at minimum 846.8989 accepted 1  with params [-4.91479067 -0.9         2.07401616 22.06575468]
at minimum 709.0419 accepted 1  with params [-4.81519305 -0.9         1.63611666 28.39918893]
at minimum 665.0517 accepted 1  with params [-4.78377475 -0.9         1.50589532 30.17160052]
