at minimum 237.5711 accepted 1  with params [-4.5         0.4         0.5        35.46299081]
at minimum 225.1159 accepted 1  with params [-4.3388389   0.14642987  0.67314515 35.17920028]
at minimum 260.8279 accepted 0  with params [-4.85672328  0.53193752  0.86795083 33.99445559]
at minimum 255.1386 accepted 0  with params [-4.64433846  0.51183908  0.54452183 35.03276033]
at minimum 307.6672 accepted 0  with params [-3.94030104  0.3931941   0.83806576 28.42952652]
at minimum 263.0937 accepted 0  with params [-4.68293368e+00  3.55878374e-02  3.37321784e-01  3.56083489e+01]
at minimum 279.8447 accepted 0  with params [-4.00241582  0.62204853  0.29697198 30.60171721]
at minimum 198.6895 accepted 1  with params [-4.15467409  0.06251657  0.34413431 34.17263418]
at minimum 244.2687 accepted 0  with params [-4.19309508  0.40359929  0.37461233 33.37481849]
at minimum 187.9173 accepted 1  with params [-4.06505474 -0.12182694  0.34655687 33.51102902]
at minimum nan accepted 1  with params [-4.18913298  0.35901843  0.05       33.0853006 ]
at minimum 285.1921 accepted 1  with params [-3.86164051  0.71150528  0.12884724 31.10950282]
at minimum 163.3762 accepted 1  with params [-3.95167421 -0.9         0.42636987 35.17686905]
at minimum 203.5921 accepted 0  with params [-3.89257709 -0.9         0.62363074 32.33428183]
at minimum 156.1613 accepted 1  with params [-4.23683486 -0.81163272  0.51472686 37.20837034]
at minimum 198.0235 accepted 0  with params [-4.62244853 -0.56100628  1.26403019 37.42231768]
at minimum 164.0527 accepted 0  with params [-3.98611017 -0.88130232  0.44466118 33.78124893]
at minimum 370.5995 accepted 0  with params [-4.67720769 -0.83496928  0.47597654 39.82356239]
at minimum 210.8030 accepted 0  with params [-4.61936557 -0.9         3.         31.71148956]
at minimum 195.3299 accepted 0  with params [-4.63465311 -0.56021118  1.21604054 34.76704347]
at minimum 244.9886 accepted 0  with params [-4.54917274 -0.9         0.56909725 37.89079348]
at minimum 186.5836 accepted 0  with params [-4.43424513 -0.9         0.68527499 36.92314145]
at minimum 161.1520 accepted 0  with params [-4.30128086 -0.9         0.45829624 39.139569  ]
at minimum 150.4576 accepted 1  with params [-4.3196483  -0.42499918  0.37632676 43.08471677]
at minimum 146.6106 accepted 1  with params [-4.05139016 -0.32153751  0.20677529 41.17324129]
at minimum 270.1341 accepted 0  with params [-3.74644097 -0.03938389  0.5996573  29.97817271]
at minimum 156.5064 accepted 0  with params [-4.34990265 -0.39820273  0.43944512 40.90666925]
at minimum 174.0516 accepted 0  with params [-3.56071852 -0.0497281   0.05       41.27992854]
at minimum 178.6576 accepted 0  with params [-4.51427774 -0.13890893  0.44935856 40.32340105]
at minimum 177.4302 accepted 0  with params [-4.52446103 -0.24542181  0.57695327 41.48054266]
at minimum 213.3828 accepted 0  with params [-3.73227301 -0.9         0.54943894 31.76622138]
at minimum 333.4430 accepted 0  with params [-3.75114559 -0.74592131  0.05       41.10413494]
at minimum nan accepted 1  with params [-4.51801361 -0.11832747  0.05       40.70180563]
at minimum 227.7300 accepted 1  with params [-4.80521467e+00 -2.93692391e-03  5.41910454e-01  4.05506820e+01]
at minimum 214.4648 accepted 1  with params [-4.79876933e+00 -3.59562906e-02  7.20909617e-01  4.02749262e+01]
at minimum 220.4861 accepted 0  with params [-4.63109656  0.26010998  0.26252642 50.55036295]
at minimum 261.9627 accepted 0  with params [-4.86365103  0.43433112  0.35403601 40.23492064]
at minimum 215.6878 accepted 0  with params [-4.81041274  0.04960995  0.68524352 40.69582757]
at minimum 219.0298 accepted 0  with params [-4.84446724 -0.0768238   0.88039104 39.9776225 ]
at minimum 208.6148 accepted 1  with params [-4.60531517  0.19622448  0.45307299 39.98590214]
at minimum 198.2397 accepted 1  with params [-4.56036634  0.08847853  0.57422103 39.21557109]
at minimum 254.4594 accepted 0  with params [-4.13152933  0.15893855  0.71533973 31.27338201]
at minimum 199.7198 accepted 1  with params [-4.72265337 -0.35853498  1.20054389 35.99345937]
at minimum nan accepted 1  with params [-4.80097421 -0.19389963  1.08941522 35.86762904]
at minimum 182.6154 accepted 1  with params [-4.4180654  -0.60699805  0.88411971 34.90326744]
at minimum 209.1903 accepted 0  with params [-4.61762905 -0.07359867  1.28377008 33.98666768]
at minimum 226.9934 accepted 0  with params [-4.63788285 -0.9         1.01720466 33.42728112]
at minimum 206.7356 accepted 0  with params [-4.78102962e+00 -2.63672445e-02  9.96952709e-01  3.80999067e+01]
at minimum 208.0047 accepted 0  with params [-4.77613792 -0.8642011   3.         32.07812347]
at minimum 184.6845 accepted 0  with params [-4.43454404 -0.40413166  0.84709528 35.9595751 ]
at minimum 151.7700 accepted 1  with params [-4.28097804 -0.77260817  0.40443414 40.9940169 ]
