at minimum 22.9637 accepted 1  with params [-4.5         0.4         0.5        28.75958332]
at minimum 50.7179 accepted 0  with params [-4.32816617  0.68640248  0.7832895  24.12976251]
at minimum 24.7016 accepted 0  with params [-4.79097046  0.49674484  0.9401463  27.883717  ]
at minimum 23.8322 accepted 1  with params [-4.06510671 -0.03381447  0.28562696 28.30593759]
at minimum 54.2842 accepted 0  with params [-3.69799155  0.299701    0.64635108 23.63313775]
at minimum 29.8856 accepted 0  with params [-3.99741709  0.31341441  0.18119938 28.77679503]
at minimum 32.8552 accepted 0  with params [-4.2068326   0.13214662  0.75609268 25.6133563 ]
at minimum 66.3105 accepted 0  with params [-3.90025355 -0.31693137  3.         22.82444433]
at minimum 48.2128 accepted 0  with params [-4.55574671  0.31665467  3.         24.20415919]
at minimum 24.7314 accepted 0  with params [-4.14366722 -0.23063271  0.53302079 26.47767771]
at minimum 31.4007 accepted 0  with params [-3.89265019  0.04794246  0.31368413 26.94164917]
at minimum 22.6425 accepted 1  with params [-4.30666613 -0.43447245  0.59002769 27.93948847]
at minimum 42.7811 accepted 0  with params [-3.84729311 -0.9         0.67993377 24.27802071]
at minimum 200.7304 accepted 0  with params [-4.57633966 -0.73671782  0.2861917  33.93894412]
at minimum 247.0457 accepted 0  with params [-4.69268249 -0.9         0.3799694  23.3979997 ]
at minimum 30.2725 accepted 0  with params [-4.28578548 -0.68611999  0.70521451 26.43530863]
at minimum 66.6626 accepted 0  with params [-4.70602872  0.99        0.83397746 22.60834529]
at minimum 16.0711 accepted 1  with params [-4.57382701  0.28988767  0.43679093 32.10479055]
at minimum 12.7717 accepted 1  with params [-4.6478874   0.23894854  0.5226745  32.48192931]
at minimum 20.3913 accepted 0  with params [-4.45054737 -0.25656615  0.9279883  27.13188065]
at minimum 18.0125 accepted 0  with params [-4.46318168 -0.21473532  0.44396328 33.04102987]
at minimum 27.9039 accepted 0  with params [-4.79059909  0.56382622  0.63475644 28.92441482]
at minimum nan accepted 1  with params [-4.9854044   0.18873611  0.22110208 32.07223699]
at minimum 16.3820 accepted 1  with params [-5.10615815  0.33570693  0.69348215 38.19495404]
at minimum 14.1010 accepted 1  with params [-4.56983825e+00  1.03605022e-02  3.79085476e-01  3.90429426e+01]
at minimum 42.4526 accepted 0  with params [-4.18016415  0.47358342  0.65620497 24.8324879 ]
at minimum 37.4130 accepted 0  with params [-4.11810935 -0.9         0.80273882 24.85767504]
at minimum 26.4309 accepted 0  with params [-4.92267874  0.47642091  0.43056802 35.09506613]
at minimum 22.2898 accepted 0  with params [-4.83723169  0.32434343  0.29883805 42.79157307]
at minimum 46.5063 accepted 0  with params [-4.26792198 -0.9         0.48369005 27.38994691]
at minimum 92.8454 accepted 0  with params [-4.87348415 -0.33948503  0.54313369 38.63684184]
at minimum 48.4539 accepted 0  with params [-4.20690623 -0.9         0.40292021 27.99548444]
at minimum 42.8803 accepted 0  with params [-4.22692138 -0.9         0.48626253 27.08526534]
at minimum 41.0626 accepted 0  with params [-4.08346505  0.23498462  0.73953728 24.79608072]
at minimum 17.3622 accepted 0  with params [-4.63327118  0.06984993  0.51889409 38.68588816]
at minimum 14.8129 accepted 1  with params [-4.6829175   0.0923114   0.49572424 39.50479858]
at minimum 12.6877 accepted 1  with params [-4.49350738e+00  5.71193199e-03  4.30945484e-01  3.32382282e+01]
at minimum 13.1989 accepted 1  with params [-4.47451195 -0.05970183  0.51140606 31.24931356]
at minimum 14.1240 accepted 0  with params [-4.60780600e+00 -2.51386975e-03  9.09438063e-01  2.86721806e+01]
at minimum nan accepted 1  with params [-4.91463907 -0.06056666  0.50836834 31.12809002]
at minimum 69.0138 accepted 1  with params [-5.30591283  0.99        3.         22.40968749]
at minimum 61.9261 accepted 1  with params [-6.          0.96696181  2.53571565 23.57452059]
at minimum 63.3877 accepted 1  with params [-6.          0.99        2.87070886 23.05459935]
at minimum 31.5850 accepted 1  with params [-5.73336043  0.62668066  3.         31.08526678]
at minimum 52.6465 accepted 0  with params [-5.60057733  0.86725594  2.51128843 25.11643385]
at minimum 64.7907 accepted 0  with params [-5.24053099  0.94316456  3.         22.91752192]
at minimum 16.1801 accepted 1  with params [-5.49101473  0.34558344  3.         33.05856926]
at minimum nan accepted 1  with params [-5.51676504  0.21342808  2.69637731 33.27394837]
at minimum nan accepted 1  with params [-5.80917936  0.22907892  2.97416486 32.81656298]
at minimum 281.1002 accepted 1  with params [-6.         -0.24587097  3.         24.07997729]
at minimum nan accepted 1  with params [-5.90707919 -0.62127551  2.63625562 23.84975109]
