at minimum 77.5897 accepted 1  with params [-4.7108197   0.4         0.34864539 40.09413499]
at minimum 43.5384 accepted 1  with params [-4.59214343 -0.09207132  0.38689934 41.40335824]
at minimum 58.3701 accepted 0  with params [-4.69479457 -0.17440572  0.06167498 41.04532008]
at minimum 77.9904 accepted 0  with params [-4.95654487  0.3839559   0.34861764 46.6379718 ]
at minimum 196.4144 accepted 0  with params [-4.9845642  -0.34794099  0.39598818 41.59261724]
at minimum 46.6573 accepted 0  with params [-4.57188304 -0.05516387  0.47113489 40.98163761]
at minimum 26.5674 accepted 1  with params [-4.185728   -0.9         0.17359519 38.75947778]
at minimum 37.0480 accepted 0  with params [-4.43385984 -0.42676135  0.05       38.52171151]
at minimum 24.1751 accepted 1  with params [-4.24482387 -0.87573303  0.07006567 40.52024979]
at minimum 23.2692 accepted 1  with params [-4.25646251 -0.9         0.19235755 40.39378328]
at minimum 76.5957 accepted 0  with params [-4.59208857 -0.77268244  0.45064321 43.18940349]
at minimum 26.5496 accepted 0  with params [-4.32902021 -0.57836237  0.15778153 39.79963315]
at minimum 24.2883 accepted 0  with params [-4.24600034 -0.9         0.05       41.12702347]
at minimum 63.3174 accepted 0  with params [-4.01578837 -0.53124792  0.57943347 38.13245676]
at minimum 54.8794 accepted 0  with params [-3.88208749 -0.9         0.05       37.96492134]
at minimum 73.7012 accepted 0  with params [-4.59079469 -0.9         0.05       45.22606472]
at minimum 49.5270 accepted 0  with params [-3.92158061 -0.9         0.05       38.30286598]
at minimum 27.4794 accepted 0  with params [-4.3499727  -0.5329448   0.33242546 41.66640322]
at minimum 27.4588 accepted 0  with params [-4.19248059 -0.72735284  0.05       40.81063005]
at minimum 47.3711 accepted 0  with params [-3.93842337 -0.9         0.05       38.44518333]
at minimum 28.9635 accepted 0  with params [-4.34554408 -0.9         0.34716358 41.42385469]
at minimum 25.4227 accepted 0  with params [-4.19142117 -0.9         0.05599623 40.53539867]
at minimum 39.3204 accepted 0  with params [-4.28333909 -0.60008713  0.60255903 40.06742027]
at minimum 53.1522 accepted 0  with params [-4.5396269  -0.74904018  0.40191228 43.29235948]
at minimum 127.5452 accepted 0  with params [-4.59155794 -0.9         0.66791037 40.78264678]
at minimum 63.3990 accepted 0  with params [-3.82547101 -0.9         0.05250208 37.07874488]
at minimum 39.1055 accepted 0  with params [-4.43674776 -0.9         0.05       40.43259264]
at minimum 24.4167 accepted 0  with params [-4.23418747 -0.9         0.05       41.01509783]
at minimum 26.6852 accepted 0  with params [-4.36278883 -0.4746188   0.11197383 42.17181288]
at minimum 53.9808 accepted 0  with params [-3.88850575 -0.9         0.05       38.02036821]
at minimum 24.8859 accepted 0  with params [-4.34862097 -0.70484656  0.0511592  42.23590334]
at minimum 30.5745 accepted 0  with params [-4.26898937 -0.71715461  0.41693164 40.24046226]
at minimum 23.6504 accepted 0  with params [-4.25779933 -0.9         0.18791644 39.94056427]
at minimum 23.2945 accepted 1  with params [-4.2970697  -0.9         0.22830391 41.52586246]
at minimum 22.9646 accepted 1  with params [-4.28624792 -0.9         0.1908029  41.73058956]
at minimum 23.2756 accepted 1  with params [-4.28251925 -0.75936721  0.14914227 41.05820263]
at minimum 65.5149 accepted 0  with params [-4.72874835 -0.46438933  0.05       49.5320298 ]
at minimum 34.7355 accepted 0  with params [-4.16901245 -0.73785115  0.39360029 39.7770091 ]
at minimum 47.7547 accepted 0  with params [-4.52412879 -0.5603759   0.49703411 41.19884975]
at minimum 35.0218 accepted 0  with params [-4.09591681 -0.9         0.26631601 41.30947786]
at minimum 37.1132 accepted 0  with params [-4.24492105 -0.9         0.51516816 41.07597566]
at minimum 56.2692 accepted 0  with params [-4.6513774  -0.3460028   0.49630178 44.77163008]
at minimum 26.7690 accepted 0  with params [-4.2029731  -0.72584534  0.0718886  40.43196622]
at minimum 27.3141 accepted 0  with params [-4.36950517 -0.9         0.27373361 41.53993577]
at minimum 55.5206 accepted 0  with params [-3.92658995 -0.61171258  0.05       38.29952776]
at minimum 42.7441 accepted 0  with params [-4.58796311 -0.41850769  0.15516344 41.26752191]
at minimum 94.6592 accepted 0  with params [-4.64361716 -0.9         0.05       46.08165052]
at minimum 30.5123 accepted 0  with params [-4.38316117 -0.49773043  0.38127192 40.25583552]
at minimum 29.6721 accepted 0  with params [-4.33830119 -0.45086601  0.32721369 40.99565729]
at minimum 61.2829 accepted 0  with params [-4.55218831 -0.9         0.05149033 44.66437247]
at minimum 36.7809 accepted 0  with params [-4.4845484  -0.37535607  0.46779917 41.85940039]
at minimum 112.2446 accepted 0  with params [-4.61363703 -0.9         0.50076932 41.78440181]
at minimum 61.8445 accepted 0  with params [-3.90560905 -0.61250092  0.08827046 40.72985688]
at minimum 26.2446 accepted 0  with params [-4.24429183 -0.66312504  0.05       41.11877711]
at minimum 63.6725 accepted 0  with params [-4.67667986 -0.45201831  0.33245004 41.28325801]
at minimum 23.8755 accepted 0  with params [-4.3172645  -0.88310102  0.17900267 40.67876387]
at minimum 58.4576 accepted 0  with params [-3.85731173 -0.9         0.05       37.74824323]
at minimum 26.0491 accepted 0  with params [-4.41271661 -0.60148124  0.22077543 41.06459201]
at minimum 24.2347 accepted 0  with params [-4.25981037 -0.9         0.05062891 41.34969116]
at minimum 65.8473 accepted 0  with params [-4.67005131 -0.62487893  0.09197016 47.86803965]
at minimum 33.3170 accepted 0  with params [-4.35778929 -0.64073413  0.47691213 41.15965868]
at minimum 47.0209 accepted 0  with params [-3.94121572 -0.9         0.05       38.46870756]
at minimum 90.4121 accepted 0  with params [-4.62929752 -0.87619281  0.29781157 41.04350861]
at minimum 82.8100 accepted 0  with params [-4.69396837 -0.53889153  0.05       40.61744031]
at minimum 71.9476 accepted 0  with params [-4.5728556  -0.9         0.05       41.40680529]
at minimum 52.1241 accepted 0  with params [-4.67143822 -0.45047343  0.05       47.81745775]
at minimum 66.9442 accepted 0  with params [-3.94362896 -0.9         0.52388515 41.14953094]
at minimum 109.6035 accepted 0  with params [-4.67517201 -0.9         0.05       46.62906892]
at minimum 29.4232 accepted 0  with params [-4.40957513 -0.56277207  0.37830834 41.45906949]
at minimum 37.8056 accepted 0  with params [-4.257453   -0.74763044  0.56500606 39.88998693]
at minimum 22.9483 accepted 1  with params [-4.26632986 -0.9         0.19781732 41.23765611]
at minimum 38.2333 accepted 0  with params [-4.49901633 -0.57033783  0.41380525 41.58043183]
at minimum 32.8041 accepted 0  with params [-4.34891135 -0.50355991  0.45085589 40.71521435]
at minimum 23.4777 accepted 0  with params [-4.2310965  -0.9         0.17810586 40.80830925]
at minimum 42.8687 accepted 0  with params [-4.10518618 -0.49052056  0.13757042 41.58031203]
at minimum 47.9859 accepted 0  with params [-4.08217119 -0.9         0.52163686 41.18377884]
at minimum 34.8601 accepted 0  with params [-4.05053965 -0.9         0.07809488 39.40075811]
at minimum 38.7543 accepted 0  with params [-4.56712033 -0.51442339  0.05       45.46827934]
at minimum 27.4328 accepted 0  with params [-4.16626658 -0.8770684   0.23808096 40.20490129]
at minimum 46.0742 accepted 0  with params [-4.06677702 -0.9         0.43483803 41.34273725]
at minimum 29.0438 accepted 0  with params [-4.26927188 -0.8689013   0.39067715 40.57729557]
at minimum 24.5189 accepted 0  with params [-4.38319079 -0.74080797  0.15938334 42.7300031 ]
at minimum 45.8839 accepted 0  with params [-4.4839333  -0.60225372  0.53395259 42.01886971]
at minimum 22.7968 accepted 1  with params [-4.30248583 -0.77875063  0.19365535 41.46248385]
at minimum 24.6746 accepted 0  with params [-4.35198813 -0.59448876  0.12845233 41.54737552]
at minimum 23.3085 accepted 1  with params [-4.29886274 -0.9         0.22200748 41.10985734]
at minimum 23.5082 accepted 1  with params [-4.32251743 -0.66471299  0.19954512 41.37775913]
at minimum 36.7046 accepted 0  with params [-4.31506554 -0.61560787  0.55223541 40.47206774]
at minimum 24.3405 accepted 1  with params [-4.25879977 -0.9         0.05000005 40.77436315]
at minimum 28.5870 accepted 0  with params [-4.3621553  -0.49063515  0.05       40.32817789]
at minimum 27.7910 accepted 1  with params [-4.32892671 -0.9         0.34013901 41.05653092]
at minimum 71.2394 accepted 0  with params [-4.5706854  -0.9         0.05       41.38240951]
at minimum 27.0796 accepted 1  with params [-4.26081902 -0.84300638  0.05000003 38.6959011 ]
at minimum 49.1586 accepted 0  with params [-3.98678742 -0.68252788  0.20940048 38.83867788]
at minimum 50.5669 accepted 0  with params [-4.56582075 -0.04713233  0.18007453 38.70202233]
at minimum 30.1770 accepted 0  with params [-4.2911091  -0.62049604  0.34918591 38.86224045]
at minimum 63.9905 accepted 0  with params [-3.86070761 -0.71936145  0.15384477 38.72732658]
at minimum 43.8991 accepted 0  with params [-3.98813645 -0.9         0.21379549 38.28878266]
at minimum 93.6707 accepted 0  with params [-4.61950667 -0.76112904  0.45769793 38.85102674]
at minimum 29.9101 accepted 0  with params [-4.38902935 -0.9         0.10573898 41.34659135]
at minimum 36.6679 accepted 0  with params [-4.16517905 -0.50375562  0.05       38.34866159]
