at minimum 454.8652 accepted 1  with params [-4.50000008  0.4         0.50000031 39.99999968]
at minimum 465.7360 accepted 0  with params [-4.0741549  -0.10028988  0.0596074  40.16659097]
at minimum 491.0712 accepted 0  with params [-4.96213821  0.72119423  0.67636825 36.91877139]
at minimum 486.3334 accepted 0  with params [-4.1984571   0.26232742  0.98878543 34.68552174]
at minimum 445.9711 accepted 1  with params [-4.59315802  0.35638263  0.98059064 37.91749789]
at minimum 372.3817 accepted 1  with params [-4.75989774  0.2000463   0.05       45.1358261 ]
at minimum 313.3061 accepted 1  with params [-4.69703824 -0.9         0.05       43.52099523]
at minimum 429.9883 accepted 0  with params [-4.93463214e+00 -9.00000000e-01  5.00000000e-02  6.06208515e+01]
at minimum 296.8813 accepted 1  with params [-4.54202671 -0.9         0.05       43.23076417]
at minimum 291.2322 accepted 1  with params [-4.66350466e+00 -9.00000000e-01  5.00000000e-02  5.01418422e+01]
at minimum 322.9395 accepted 0  with params [-4.46409112 -0.9         0.1464206  50.2252945 ]
at minimum 304.2017 accepted 0  with params [-4.72746947 -0.9         0.05       49.72602248]
at minimum 289.0519 accepted 1  with params [-4.62655407 -0.9         0.05       48.92404245]
at minimum 288.3448 accepted 1  with params [-4.70295869e+00 -4.94195173e-01  5.00000000e-02  5.02163776e+01]
at minimum 320.3589 accepted 0  with params [-4.64290361 -0.36216435  0.25333348 49.98871507]
at minimum 338.8287 accepted 0  with params [-4.67989572 -0.18650456  0.31136937 48.44261425]
at minimum 528.4309 accepted 0  with params [-4.84170496 -0.9         0.50245467 50.1117793 ]
at minimum 311.8257 accepted 0  with params [-4.8195626  -0.65752769  0.05       49.79924011]
at minimum 325.2776 accepted 0  with params [-5.18632154e+00 -2.41965908e-01  5.00000000e-02  8.97916222e+01]
at minimum 374.6101 accepted 0  with params [-4.2714598  -0.57619169  0.05       39.87538306]
at minimum 396.1900 accepted 0  with params [-4.76476196 -0.9         0.37336313 50.54109337]
at minimum 444.8148 accepted 0  with params [-5.01199151e+00 -6.47617745e-01  5.00000000e-02  5.02345604e+01]
at minimum 299.3428 accepted 0  with params [-4.62108053 -0.65775493  0.19659176 50.41768865]
at minimum 300.0855 accepted 0  with params [-4.62447745 -0.58296323  0.19162947 49.94843874]
at minimum 289.7566 accepted 0  with params [-4.64431063 -0.9         0.05       49.49898482]
at minimum 380.1022 accepted 0  with params [-4.43605649 -0.69085764  0.39444406 49.91216361]
at minimum 301.2362 accepted 0  with params [-4.77673702 -0.3067939   0.13624361 49.97618295]
at minimum 285.2862 accepted 1  with params [-4.68018383e+00 -6.96742385e-01  5.00000266e-02  5.04770799e+01]
at minimum 292.8896 accepted 0  with params [-4.545423   -0.9         0.05       46.51594179]
at minimum 297.7813 accepted 0  with params [-4.54331755 -0.9         0.06552595 50.09838475]
at minimum 316.0522 accepted 0  with params [-4.64589502 -0.8667756   0.27112409 49.52247957]
at minimum 316.9490 accepted 0  with params [-4.53869282 -0.49865071  0.05526158 50.17266174]
at minimum 784.8745 accepted 0  with params [-5.13321822 -0.9         0.18598189 50.5474353 ]
at minimum 295.2939 accepted 0  with params [-4.75142551e+00 -5.05152565e-01  5.60342160e-02  5.91750778e+01]
at minimum 368.8988 accepted 0  with params [-4.93314198 -0.61937255  0.12466758 50.68268759]
at minimum 315.8935 accepted 0  with params [-5.12826678e+00 -2.51769795e-01  5.00000118e-02  8.15865620e+01]
at minimum 541.3241 accepted 0  with params [-4.99541275  0.99        3.         31.59887515]
at minimum 290.9322 accepted 0  with params [-4.56582594 -0.9         0.05       47.08974714]
at minimum 689.1551 accepted 0  with params [-5.16684915e+00 -7.05716651e-01  5.00000000e-02  5.00630036e+01]
at minimum 287.8944 accepted 0  with params [-4.68627205 -0.63696652  0.12176064 50.81245246]
at minimum 291.4287 accepted 0  with params [-4.63151586e+00 -5.63801357e-01  5.00006252e-02  5.01129333e+01]
at minimum 448.1270 accepted 0  with params [-4.26377839 -0.9         0.40257899 50.16225939]
at minimum 372.8505 accepted 0  with params [-4.4394981  -0.9         0.52704802 40.24639298]
at minimum 300.3348 accepted 0  with params [-4.76120226e+00 -2.65338037e-01  5.00998196e-02  5.18444360e+01]
at minimum 340.4590 accepted 0  with params [-4.33253824 -0.9         0.06006114 41.33495987]
at minimum 307.5237 accepted 0  with params [-4.86739797e+00 -3.76865819e-01  5.00000000e-02  5.03838286e+01]
at minimum 296.6829 accepted 0  with params [-4.79178659e+00 -5.85072416e-01  5.00000000e-02  5.01902315e+01]
at minimum 303.0313 accepted 0  with params [-4.81924654e+00 -5.92373064e-01  5.00000000e-02  5.07421337e+01]
at minimum 300.3819 accepted 0  with params [-4.52407576 -0.70244967  0.05       45.78756452]
at minimum 302.0654 accepted 0  with params [-4.54856191 -0.58052807  0.05       46.1745695 ]
at minimum 322.7824 accepted 0  with params [-4.67405301 -0.29251481  0.25059226 50.72657735]
at minimum 293.6750 accepted 0  with params [-4.65556448 -0.9         0.12008858 50.55248198]
at minimum 309.3441 accepted 0  with params [-4.4490776  -0.9         0.05       44.04653452]
at minimum 330.4793 accepted 0  with params [-4.58168156e+00 -2.71084386e-01  5.00000024e-02  5.02827907e+01]
at minimum 310.8029 accepted 0  with params [-4.51168126 -0.55755233  0.05       45.07671747]
at minimum 453.2307 accepted 0  with params [-4.99705854 -0.65607619  0.24060734 51.01436318]
at minimum 311.9541 accepted 0  with params [-4.86355408 -0.36254194  0.16993916 50.52821169]
at minimum 289.7893 accepted 0  with params [-4.63539046e+00 -9.00000000e-01  5.00000000e-02  5.04173130e+01]
at minimum 320.5674 accepted 0  with params [-4.56123522 -0.39812297  0.055226   50.24069262]
at minimum 299.0524 accepted 0  with params [-4.89256376e+00 -2.24982281e-01  5.00000917e-02  5.83811146e+01]
at minimum 335.2189 accepted 0  with params [-4.96598775 -0.36267562  0.25690025 62.99231312]
at minimum 316.4119 accepted 0  with params [-4.78623456e+00 -8.27164245e-01  5.00000022e-02  5.02105695e+01]
at minimum 328.8300 accepted 0  with params [-4.77869366 -0.31889711  0.32854637 50.40852665]
at minimum 290.0516 accepted 0  with params [-4.63470978 -0.9         0.05254051 50.67681469]
at minimum 293.9175 accepted 0  with params [-4.68858392 -0.41806174  0.05       48.99669249]
at minimum 295.0582 accepted 0  with params [-4.69298920e+00 -9.00000000e-01  5.00000000e-02  5.11733033e+01]
at minimum 322.6981 accepted 0  with params [-4.4418991  -0.62468862  0.05140235 43.52321588]
at minimum 410.1997 accepted 0  with params [-4.27744681 -0.9         0.18437634 50.60731128]
at minimum 289.3337 accepted 0  with params [-4.59259254 -0.9         0.05000001 47.87375109]
at minimum 327.0793 accepted 0  with params [-4.92071523e+00 -4.12014008e-01  5.00000000e-02  5.05467018e+01]
at minimum 318.6542 accepted 0  with params [-4.61212082 -0.25977256  0.05       46.35276327]
at minimum 342.5297 accepted 0  with params [-4.6354655  -0.9         0.36305432 45.79688567]
at minimum 302.8963 accepted 0  with params [-4.48007601 -0.9         0.05       44.80181604]
at minimum 838.1856 accepted 0  with params [-5.11097001 -0.84644074  0.4948967  34.60261243]
at minimum 368.2052 accepted 0  with params [-4.93046911e+00 -6.32514279e-01  5.00000000e-02  5.02019886e+01]
at minimum 354.7407 accepted 0  with params [-4.69631266 -0.9         0.34497106 50.48191049]
at minimum 296.7820 accepted 0  with params [-4.91067078e+00 -2.59992488e-01  5.00000000e-02  6.01864452e+01]
at minimum 295.1193 accepted 0  with params [-4.77390534e+00 -7.23795064e-01  5.00000000e-02  5.49809412e+01]
at minimum 355.6316 accepted 0  with params [-4.3190558  -0.65709528  0.0788701  40.51652875]
at minimum 361.9291 accepted 0  with params [-4.7880298  -0.40735595  0.43904695 50.74825136]
at minimum 296.7174 accepted 0  with params [-4.75529697 -0.38838781  0.15437801 50.74935132]
at minimum 359.7097 accepted 0  with params [-4.92075466 -0.18791926  0.37436045 51.26584193]
at minimum 298.0782 accepted 0  with params [-4.80087312e+00 -6.17041678e-01  5.00000037e-02  5.12203911e+01]
at minimum 327.3500 accepted 0  with params [-4.49745929 -0.39049498  0.05       44.03504858]
at minimum 323.4596 accepted 0  with params [-4.41897941 -0.71798419  0.05       43.17043761]
at minimum 604.4933 accepted 0  with params [-5.10334915 -0.52974825  0.44882241 55.38415666]
at minimum 302.8262 accepted 0  with params [-4.78216696 -0.32510501  0.09572523 48.11223719]
at minimum 327.7208 accepted 0  with params [-4.37663331 -0.9         0.05       42.40153293]
at minimum 315.1168 accepted 0  with params [-4.72069014 -0.70023051  0.26994655 50.30283536]
at minimum 294.6016 accepted 0  with params [-4.78779631e+00 -3.51935565e-01  5.00000000e-02  5.08021668e+01]
at minimum 421.2207 accepted 0  with params [-4.77355328 -0.76217325  0.47309657 50.79504858]
at minimum 374.0295 accepted 0  with params [-4.85831973e+00 -9.00000000e-01  5.00000000e-02  5.02097462e+01]
at minimum 288.9325 accepted 0  with params [-4.61870958 -0.9         0.05       48.67554419]
at minimum 369.8044 accepted 0  with params [-5.01691093e+00 -3.55841400e-01  5.00000000e-02  5.06314740e+01]
at minimum 308.0247 accepted 0  with params [-4.5656039  -0.5322125   0.06074473 50.63534014]
at minimum 290.1100 accepted 0  with params [-4.68204846 -0.65152633  0.15004454 50.47074006]
at minimum 364.9083 accepted 0  with params [-4.6456514  -0.70288354  0.44985381 50.08798994]
at minimum 329.1070 accepted 0  with params [-4.86291928 -0.64717527  0.10050994 50.70618785]
at minimum 297.0302 accepted 0  with params [-4.76396342e+00 -3.12499587e-01  5.00000887e-02  5.04124094e+01]
at minimum 567.9896 accepted 0  with params [-5.02253489e+00 -9.00000000e-01  5.00000000e-02  5.02015470e+01]
at minimum 341.4652 accepted 0  with params [-4.51663211 -0.73973956  0.39906116 43.16185863]
