at minimum 283.3470 accepted 1  with params [-4.49999992  0.40000002  0.50000006 40.00000049  1.          1.00000006]
at minimum 288.8111 accepted 0  with params [-4.79457287  0.42337498  0.36035038 40.08258862  0.80796657  1.03556861]
at minimum 369.8774 accepted 0  with params [-4.71669507  0.72694735  0.90209085 40.41912874  0.5917109   1.03937931]
at minimum 232.1473 accepted 1  with params [-4.62581547e+00  4.01828093e-02  5.04089873e-01  4.04315528e+01
  1.25359637e+00  1.08780434e+00]
at minimum 221.4546 accepted 1  with params [-4.69751368 -0.07338009  0.2498181  40.09838799  1.27246321  1.08345101]
at minimum 253.7504 accepted 0  with params [-4.52481821  0.22691944  0.44933983 40.15740713  1.4677194   1.3734969 ]
at minimum 226.6362 accepted 0  with params [-4.9620724  -0.5536998   0.05000004 40.16315646  1.48714533  1.01822448]
at minimum 217.1112 accepted 1  with params [-4.88889159 -0.33004316  0.4502592  40.49815223  0.8842907   1.53625499]
at minimum 218.3168 accepted 0  with params [-5.02512098 -0.43153105  0.05000016 40.10986539  0.82741095  1.58738706]
at minimum 231.7082 accepted 0  with params [-4.75596964 -0.58643483  0.94199826 40.64046233  0.71825523  1.62908637]
at minimum 246.7814 accepted 0  with params [-4.41943329 -0.74656766  0.17788667 40.00921071  0.4637615   1.14840135]
at minimum 221.0192 accepted 0  with params [-5.22153979 -0.12929969  0.74386569 40.65063368  0.72275429  1.75477607]
at minimum 225.0813 accepted 0  with params [-4.85144598 -0.4770388   0.73672926 40.97081988  0.82230438  1.95117184]
at minimum 220.0598 accepted 0  with params [-5.26148137 -0.46420429  0.29770808 40.14842102  1.18214441  1.97881576]
at minimum 222.3396 accepted 0  with params [-4.99583125 -0.06245886  0.63959875 40.14121872  0.70981086  1.71691792]
at minimum 218.8590 accepted 0  with params [-4.98901276 -0.38533602  0.57795789 40.59479118  0.7294212   2.        ]
at minimum 220.9593 accepted 0  with params [-4.51736201 -0.11623969  0.37981146 40.55563606  0.6252666   1.45544563]
at minimum 231.8019 accepted 0  with params [-5.19818    -0.59917298  0.05       40.40784184  0.67190618  1.80277646]
at minimum 223.4337 accepted 0  with params [-4.93977887 -0.4493004   0.22939046 40.94714484  0.55517345  1.69362011]
at minimum 261.6669 accepted 0  with params [-4.87943273 -0.80451829  0.28603183 40.88372848  0.52900234  1.78416319]
at minimum 231.1847 accepted 0  with params [-5.19662088 -0.60015122  0.05       40.28307034  1.06746954  1.88046875]
at minimum 240.3728 accepted 0  with params [-4.62629347  0.13114412  0.78760126 40.10510139  0.71604208  1.81993677]
at minimum 233.1784 accepted 0  with params [-5.38741521 -0.63754043  0.58100918 40.05510729  1.30456292  1.97290789]
at minimum 217.4642 accepted 1  with params [-4.87643929 -0.36261097  0.1191835  40.44326492  1.18934457  1.60839992]
at minimum 221.4436 accepted 0  with params [-4.55341645 -0.43057886  0.58117884 40.73831208  0.8935694   1.10963746]
at minimum 222.6723 accepted 0  with params [-5.03360742 -0.45184782  0.48816276 40.74432467  0.73265378  2.        ]
at minimum 214.6009 accepted 1  with params [-4.91955267 -0.33150406  0.57306282 39.9439834   1.09232538  1.59400199]
at minimum 228.1814 accepted 0  with params [-5.34954837 -0.60744659  0.52182861 39.66712948  0.97078146  1.78661073]
at minimum 257.8436 accepted 0  with params [-5.00161446 -0.82315589  0.27709596 40.02933451  0.6797987   1.30623042]
at minimum 253.6302 accepted 0  with params [-5.12990731 -0.77953734  0.95956387 40.31591643  0.85365854  1.39896174]
at minimum 215.5726 accepted 0  with params [-5.00862991 -0.32291326  1.0028162  40.19873035  0.69344618  1.86078661]
at minimum 221.5991 accepted 0  with params [-4.55867055 -0.08941825  0.71522224 40.37797951  1.54110025  1.1766283 ]
at minimum 219.7023 accepted 0  with params [-5.27511913 -0.12653153  0.98549409 40.34755081  1.24567823  1.3324192 ]
at minimum 220.5959 accepted 0  with params [-4.61687224 -0.46005115  0.35455847 40.26703358  0.91996365  1.20592734]
at minimum 255.5951 accepted 0  with params [-4.83323186 -0.79200731  0.56050536 40.39169364  1.05037375  1.20754615]
at minimum 215.2755 accepted 0  with params [-5.23819808 -0.28587975  0.65796739 40.19478983  1.50654065  1.13962987]
at minimum 250.8454 accepted 0  with params [-5.20208839 -0.77762147  0.57289355 39.93415491  0.91422363  1.84468396]
at minimum 236.0112 accepted 0  with params [-5.2070808  -0.67308229  0.66948614 39.83757021  1.21753833  1.40582516]
at minimum 225.3888 accepted 0  with params [-5.26599429 -0.57095776  0.35346688 39.69284439  0.659221    1.47283223]
at minimum 226.8170 accepted 0  with params [-5.09485963e+00  5.91520961e-03  1.04053501e+00  3.99953487e+01
  1.03015425e+00  1.12608369e+00]
at minimum 215.6044 accepted 1  with params [-4.99178553 -0.22397695  0.40086725 40.16360669  1.1364814   1.95480961]
at minimum 222.4589 accepted 0  with params [-5.25302703 -0.46176736  0.52289176 40.57650507  1.54121016  1.58629743]
at minimum 214.4283 accepted 1  with params [-4.6199227  -0.29900943  0.21480883 39.99540035  1.2244107   1.66792964]
at minimum 214.7347 accepted 1  with params [-4.77336572 -0.30118379  0.60211077 40.0590269   1.40951687  1.86838456]
at minimum 224.4803 accepted 0  with params [-5.12172325 -0.51730022  0.51926303 40.30281693  0.98595691  2.        ]
at minimum 226.3918 accepted 0  with params [-5.21721636e+00  1.54943393e-02  1.06774303e+00  3.97278116e+01
  1.73088680e+00  1.52177964e+00]
at minimum 228.7625 accepted 0  with params [-4.78256161 -0.60423331  0.17129534 39.8768998   1.21048841  1.99999885]
at minimum 213.8643 accepted 1  with params [-4.78499099 -0.25262238  0.13120742 39.82409964  1.19318632  1.64523621]
at minimum 219.6659 accepted 0  with params [-4.67437163 -0.50720313  0.27203193 39.54754554  0.93285623  1.78415034]
at minimum 226.8983 accepted 0  with params [-5.02556398e+00 -9.05026074e-03  5.00005671e-02  4.02600089e+01
  1.20691450e+00  1.39360305e+00]
at minimum 234.5953 accepted 0  with params [-4.64391127 -0.65414236  0.05       39.94757785  1.13445306  1.26277895]
at minimum 224.2162 accepted 0  with params [-4.81153092e+00 -2.57024539e-02  3.32178808e-01  4.00005296e+01
  1.34263507e+00  1.36704586e+00]
at minimum 235.4046 accepted 0  with params [-4.64499261 -0.68151393  0.05       39.56157709  0.83562357  1.69554617]
at minimum 233.9466 accepted 0  with params [-4.49363745  0.07293263  0.35856541 40.11376847  1.32005382  1.27061677]
at minimum 215.6577 accepted 1  with params [-4.7470505  -0.32687065  0.05       40.16752439  0.75206997  1.79346947]
at minimum 229.6304 accepted 0  with params [-5.01542136e+00  1.15188349e-02  5.00000000e-02  4.04707329e+01
  4.71951824e-01  1.74524604e+00]
at minimum 231.0957 accepted 0  with params [-4.96827687 -0.60953812  0.05000028 40.19510463  1.07144571  1.98500733]
at minimum 219.5979 accepted 0  with params [-5.19565448 -0.4853725   0.05000007 39.80711838  0.40473707  2.        ]
at minimum 219.5216 accepted 0  with params [-4.53195387 -0.12421248  0.12867588 40.30833173  0.39031828  1.99999976]
at minimum 233.2714 accepted 0  with params [-4.45762363  0.08591475  0.05       39.72149063  0.9838657   1.98069365]
at minimum 216.9582 accepted 1  with params [-4.35242832 -0.25811087  0.34285408 40.54177245  0.8767585   1.91793235]
at minimum 222.7330 accepted 0  with params [-4.71505398 -0.06427867  0.10789316 40.25786686  0.59265625  2.        ]
at minimum 224.3362 accepted 0  with params [-4.64219063 -0.47804295  0.34635607 40.81464525  0.54902255  1.84148148]
at minimum 234.2455 accepted 0  with params [-3.96545465e+00  3.68760338e-02  7.83780484e-02  4.09399785e+01
  1.00777185e+00  1.74305131e+00]
at minimum 220.2154 accepted 0  with params [-4.73584952 -0.37101406  0.37389008 40.85954203  0.55205879  1.82882335]
at minimum 217.9771 accepted 0  with params [-4.29641119 -0.19698048  0.46359627 40.53102636  0.72366972  1.9999996 ]
at minimum 229.5334 accepted 0  with params [-4.36725409 -0.55648809  0.77444817 40.73239714  0.73458204  2.        ]
at minimum 224.6095 accepted 0  with params [-4.44808026 -0.07253477  0.19233241 40.75374428  0.87591541  2.        ]
at minimum 235.6967 accepted 0  with params [-4.65990409 -0.62968697  0.55182288 40.55235578  0.64950411  1.69361841]
at minimum 233.5964 accepted 0  with params [-4.42056048  0.07087138  0.05       40.12196522  0.8142515   1.91164611]
at minimum 245.0188 accepted 0  with params [-3.92636166  0.15489852  0.77578274 40.43246922  1.25414353  2.        ]
at minimum 220.9353 accepted 0  with params [-3.99414242 -0.16687691  0.66389404 40.95835771  0.59211625  1.56321038]
at minimum 216.7808 accepted 1  with params [-4.3465388  -0.27173571  0.20836354 40.5065468   1.16169726  1.99999988]
at minimum 216.2926 accepted 1  with params [-4.32546519 -0.24603001  0.05       40.37137149  0.82395036  1.99999971]
at minimum 218.4008 accepted 0  with params [-4.74170978 -0.12214615  0.05       40.04121492  0.44525451  1.96209709]
at minimum 227.4658 accepted 0  with params [-4.41657388 -0.56163434  0.16255166 40.23357187  0.41181559  2.        ]
at minimum 220.0260 accepted 0  with params [-3.92082655 -0.46771568  0.05       40.06369001  0.56447332  2.        ]
at minimum 230.7324 accepted 0  with params [-3.92583853 -0.56849274  0.34097769 40.64914747  0.66036068  1.99469532]
at minimum 220.1015 accepted 0  with params [-3.94677379 -0.10014357  0.05000025 40.14486194  1.25160772  1.99999983]
at minimum 236.6060 accepted 0  with params [-4.66055724  0.08274966  0.43281188 40.46665167  1.26199999  1.55800251]
at minimum 216.5465 accepted 1  with params [-4.75521694 -0.30833752  0.31285508 40.42185903  0.66729178  2.        ]
at minimum 221.7529 accepted 0  with params [-4.66028719 -0.06595078  0.56908247 40.09225021  0.36869746  1.99999958]
at minimum 221.3615 accepted 0  with params [-4.82402456 -0.42745775  0.29973269 40.75606288  0.67306271  2.        ]
at minimum 238.3802 accepted 0  with params [-4.72869058  0.10872132  0.05000006 40.23336169  0.33926719  1.81975997]
at minimum 240.4385 accepted 0  with params [-5.13117529 -0.69142751  0.05       40.11038042  1.04543425  1.99999974]
at minimum 215.3388 accepted 1  with params [-4.66889527 -0.3297113   0.12070683 40.1294726   0.6290684   1.96914854]
at minimum 225.7460 accepted 0  with params [-4.88357813 -0.55033249  0.05000007 40.07840911  0.24168538  1.99999995]
at minimum 217.7228 accepted 0  with params [-5.06828972 -0.12948155  0.25103773 39.95125207  0.94138396  1.77063593]
at minimum 217.3704 accepted 1  with params [-4.47387281 -0.11497106  0.53253805 39.70802827  0.98957547  2.        ]
at minimum 217.5277 accepted 1  with params [-4.34737817 -0.42735592  0.32965456 39.97386334  1.05547755  1.88502416]
at minimum 215.4115 accepted 1  with params [-4.7895942  -0.31512589  0.37424698 40.19228202  1.15357689  1.68524496]
at minimum 236.9338 accepted 0  with params [-5.07532934 -0.66677633  0.69001349 40.05332058  0.97587328  1.32780017]
at minimum 240.0484 accepted 0  with params [-4.41701121  0.11748795  0.066848   40.38048914  1.48614028  2.        ]
at minimum 216.3660 accepted 0  with params [-4.44140663 -0.19577434  0.61097735 40.17048832  0.91702893  1.73823937]
at minimum 217.5516 accepted 0  with params [-5.12969001 -0.25890841  0.73143817 40.61766543  1.13505144  1.9603873 ]
at minimum 238.7412 accepted 0  with params [-4.50875378 -0.66663683  0.09000935 40.33762134  1.51514746  1.71601171]
at minimum 238.9987 accepted 0  with params [-4.50612443 -0.68979287  0.07107587 39.95751826  0.87103088  1.42069272]
at minimum 233.6899 accepted 0  with params [-5.14921889 -0.64476892  0.63424534 39.94723358  0.89552674  1.61117917]
at minimum 230.8306 accepted 0  with params [-4.80287767e+00  2.93353200e-02  4.54567069e-01  4.04071214e+01
  1.27466097e+00  1.51089754e+00]
at minimum 234.3687 accepted 0  with params [-4.57800571 -0.62199259  0.24155688 40.47626302  0.80849425  1.90056341]
at minimum 230.4374 accepted 0  with params [-4.49699248e+00  3.34654294e-02  3.66182646e-01  4.02678606e+01
  1.07795533e+00  1.32973842e+00]
