at minimum 60.6120 accepted 1  with params [-4.5  0.4  0.5 40.   1.   1. ]
at minimum 93.4474 accepted 0  with params [-4.92257742  0.15874515  0.62837674 40.02548408  0.53625806  1.19608417]
at minimum 43.9086 accepted 1  with params [-4.15069913  0.76324038  0.5705729  39.71088652  0.71971114  1.14384244]
at minimum 49.8573 accepted 0  with params [-3.75904934  0.95009399  0.1592114  39.83320667  0.67020764  1.2571012 ]
at minimum 44.5329 accepted 0  with params [-3.71361512  0.79217196  0.70594866 39.406316    0.5914499   0.72481142]
at minimum 45.4073 accepted 0  with params [-4.17988831  0.63216521  0.77095355 39.94894485  1.07396619  1.23762899]
at minimum 44.6627 accepted 1  with params [-3.81269479  0.80809536  0.79451975 39.46580176  1.17291453  1.43212265]
at minimum 64.2650 accepted 0  with params [-3.78374596  0.37756947  0.80185629 39.52945805  1.52191355  1.31117518]
at minimum 52.2637 accepted 0  with params [-3.89583457  0.99        0.43100922 39.26434166  1.39793388  0.94399473]
at minimum 52.2886 accepted 0  with params [-4.14914177  0.9899995   1.1103472  39.4325019   1.55087751  1.78534603]
at minimum 52.3509 accepted 0  with params [-3.49244045  0.99        0.51405561 39.55523752  1.46863773  1.13318125]
at minimum 52.5984 accepted 0  with params [-4.18797562  0.98999957  1.10236477 39.94913449  1.37921601  1.55736255]
at minimum 51.4612 accepted 0  with params [-3.82014295  0.53725156  0.60151142 39.314445    0.84945188  1.15105182]
at minimum 45.1066 accepted 1  with params [-3.40744158  0.71873107  0.29663347 39.12502373  0.73283393  1.8842602 ]
at minimum 50.3710 accepted 0  with params [-3.09271113  0.95976619  0.18763576 39.23926576  0.79643446  1.99999903]
at minimum 78.8020 accepted 0  with params [-3.72707325  0.27499195  0.65647377 38.90123748  0.59841727  2.        ]
at minimum 76.4089 accepted 0  with params [-3.06664159  0.30131129  0.05000021 38.65974384  0.25172279  1.99999989]
at minimum 67.9829 accepted 0  with params [-3.03000899  0.36245972  0.50956308 38.90745822  0.85575581  1.59158271]
at minimum 64.7173 accepted 0  with params [-3.47769471  0.40278703  0.05       38.67952868  0.88185375  2.        ]
at minimum 80.5906 accepted 0  with params [-3.          0.25979219  0.49193707 39.12014231  0.39426704  1.50302541]
at minimum 51.8598 accepted 0  with params [-3.41454908  0.98195766  0.76059931 38.81522115  1.13990502  1.9999999 ]
at minimum 44.6598 accepted 1  with params [-3.04639829  0.74732693  0.09464824 39.23038675  0.99705064  1.42139692]
at minimum 47.5982 accepted 0  with params [-3.00000024  0.61595683  0.24226695 39.20345802  0.91574349  1.30228016]
at minimum 54.8807 accepted 0  with params [-3.          0.47726162  0.10444553 39.60319735  1.06654578  1.68962242]
at minimum 52.3343 accepted 0  with params [-3.05778228  0.99        0.07592319 38.73608741  1.35309273  1.26427837]
at minimum 52.2816 accepted 0  with params [-3.53569301  0.99        0.0500001  39.26078319  0.77143479  1.43835998]
at minimum 65.5068 accepted 0  with params [-3.00000028  0.37170662  0.05000027 39.41996598  1.4571066   1.77755661]
at minimum 59.7336 accepted 0  with params [-3.          0.44931186  0.05000123 38.83334113  0.70008604  1.3412991 ]
at minimum 47.0092 accepted 0  with params [-3.11404565  0.63323513  0.25606616 39.17623497  1.00114725  1.63457485]
at minimum 45.3385 accepted 0  with params [-3.          0.68553394  0.10432091 39.25537235  0.92115718  1.29817606]
at minimum 52.3017 accepted 0  with params [-3.          0.98999987  0.51934028 39.30137617  1.01646381  1.54799625]
at minimum 47.7275 accepted 0  with params [-3.          0.59797744  0.4862022  39.46111519  1.10212173  0.99567811]
at minimum 57.0363 accepted 0  with params [-3.51183774  0.45414917  0.25763449 39.51024698  1.07124817  1.26900926]
at minimum 49.7594 accepted 0  with params [-3.41780036  0.94880708  0.43153219 39.54154874  1.1957786   1.08645173]
at minimum 52.2732 accepted 0  with params [-3.42098219  0.99        0.33318488 39.28524462  0.87004954  1.710083  ]
at minimum 53.7576 accepted 0  with params [-3.32797494  0.5020075   0.05       39.3110102   0.63980858  1.90295821]
at minimum 52.3889 accepted 0  with params [-3.10343154  0.98999943  0.0500009  39.66483269  1.06623714  1.04046801]
at minimum 70.8061 accepted 0  with params [-3.30316249  0.318486    0.05       39.68216537  0.84634291  1.4409236 ]
at minimum 52.2533 accepted 0  with params [-3.12404829  0.99        0.15124275 39.1510223   0.9395513   1.22194967]
at minimum 45.8989 accepted 0  with params [-3.28582179  0.81577182  0.05       38.73851252  1.34461832  1.58190141]
at minimum 47.1941 accepted 0  with params [-3.05653181  0.65623001  0.05       38.80749264  1.10601508  0.93861182]
at minimum 52.0393 accepted 0  with params [-3.          0.5187661   0.05       39.49883937  1.04562131  1.49300688]
at minimum 52.2862 accepted 0  with params [-3.00000023  0.99        0.05000006 39.47912545  0.69633307  1.30376386]
at minimum 52.2588 accepted 0  with params [-3.28805258  0.99        0.15768439 39.33155952  0.84485091  1.14115328]
at minimum 45.5776 accepted 1  with params [-3.00000025  0.7392214   0.05000001 38.80420165  1.38856789  0.99704325]
at minimum 50.9664 accepted 0  with params [-3.13331683  0.5863094   0.05       38.52894575  1.60172921  1.4937687 ]
at minimum 71.7580 accepted 0  with params [-3.29230109  0.32780468  0.09464043 39.01645381  1.76821602  0.80661843]
at minimum 52.6974 accepted 0  with params [-3.22126828  0.56212005  0.05       38.42569742  1.71405069  0.83215609]
at minimum 52.5005 accepted 0  with params [-3.16362552  0.99        0.2815122  38.45897012  1.26471606  0.94295967]
at minimum 51.7158 accepted 0  with params [-3.00000116  0.54845447  0.16093934 38.93900493  0.98348428  0.53540714]
at minimum 52.2940 accepted 0  with params [-3.00000002  0.99        0.22905931 38.95119569  1.3296266   0.96709007]
at minimum 44.7067 accepted 1  with params [-3.          0.74197771  0.14693861 39.21797538  1.20682484  1.26443178]
at minimum 50.1832 accepted 0  with params [-3.          0.95684884  0.05       39.38746931  1.07567465  1.41686804]
at minimum 60.0884 accepted 0  with params [-3.00000004  0.44261731  0.2841764  38.88163818  0.98087216  1.26582221]
at minimum 45.2233 accepted 0  with params [-3.30464576  0.7476272   0.05000011 38.934865    1.40009897  1.70526839]
at minimum 45.6154 accepted 0  with params [-3.10443913  0.81585434  0.16990837 38.89392474  1.1405247   1.32030673]
at minimum 49.0246 accepted 0  with params [-3.00000005  0.59189398  0.47106528 39.06839547  0.92785684  1.49446844]
at minimum 60.8191 accepted 0  with params [-3.44323468  0.42466432  0.05       39.14334505  1.15069165  0.89034309]
at minimum 44.3040 accepted 1  with params [-3.06998655  0.75871576  0.05000021 39.42394914  1.41627643  0.89563241]
at minimum 52.5934 accepted 0  with params [-3.11361036  0.52157601  0.27540265 39.25718498  1.5303229   0.76021737]
at minimum 43.9606 accepted 1  with params [-3.00000021  0.73901847  0.45374162 39.65550029  1.84115151  1.11592431]
at minimum 49.4611 accepted 0  with params [-3.01632562  0.94234233  0.20554473 39.97833315  2.          1.11896025]
at minimum 48.3582 accepted 0  with params [-3.2520853   0.55975257  0.88207033 40.00973059  1.85787687  1.28293752]
at minimum 68.8217 accepted 0  with params [-3.32865132  0.3273415   0.64700393 40.08274927  1.65599319  1.49466579]
at minimum 44.3009 accepted 1  with params [-3.00000056  0.80084664  0.48604442 39.68645064  1.99999916  0.70676402]
at minimum 57.7485 accepted 0  with params [-3.00000023  0.44040727  0.91256563 39.6820996   1.9999998   0.75343014]
at minimum 49.4606 accepted 0  with params [-3.17211899  0.94220057  0.35406105 40.06327658  2.          0.27878961]
at minimum 52.3858 accepted 0  with params [-3.02840927  0.98999996  0.66885973 39.62085977  2.          0.68481048]
at minimum 45.8835 accepted 0  with params [-3.          0.85644366  0.87402072 39.33904173  2.          0.3618295 ]
at minimum 43.5840 accepted 1  with params [-3.00000004  0.72644455  0.38952234 39.97165303  1.59510663  0.27462516]
at minimum 49.0207 accepted 0  with params [-3.07698154  0.93555935  0.41619745 39.74203555  1.96220831  0.        ]
at minimum 50.3689 accepted 0  with params [-3.00000016  0.5146803   0.22814732 40.34872324  1.74076672  0.52396784]
at minimum 59.4748 accepted 0  with params [-3.17338617  0.40784686  0.79203452 40.27365218  1.81237134  0.42111445]
at minimum 47.1875 accepted 0  with params [-3.          0.89890344  0.23497599 40.22965235  1.15646491  0.06028994]
at minimum 52.3978 accepted 0  with params [-3.24784227e+00  9.89999999e-01  5.36789925e-01  3.96774630e+01
  1.70946531e+00  3.68881613e-07]
at minimum 52.7681 accepted 0  with params [-3.05929     0.98999995  0.57557803 40.16801539  1.91481388  0.3056029 ]
at minimum 48.1856 accepted 0  with params [-3.0118851   0.9191883   0.05       40.11802959  1.45699555  0.        ]
at minimum 45.1061 accepted 0  with params [-3.13171497  0.66081887  0.05       39.67443391  1.67155454  0.51336575]
at minimum 43.6072 accepted 1  with params [-3.25354670e+00  7.44665943e-01  3.30174380e-01  3.99170393e+01
  1.28896273e+00  3.13924971e-04]
at minimum 54.9125 accepted 0  with params [-3.45973148  0.46318634  0.77965163 40.06984209  1.6419646   0.        ]
at minimum 48.7009 accepted 0  with params [-3.32664615  0.92967051  0.51247246 39.65508797  1.72621251  0.10526418]
at minimum 44.0147 accepted 0  with params [-3.00000008  0.70088158  0.13237014 39.81992744  0.97142027  0.20123975]
at minimum 45.7340 accepted 0  with params [-3.32176283e+00  8.63693570e-01  6.30525934e-01  3.99599651e+01
  1.14136752e+00  7.65258279e-08]
at minimum 45.8019 accepted 0  with params [-3.          0.63236553  0.52223143 39.73656196  1.44736961  0.        ]
at minimum 52.3085 accepted 0  with params [-3.00000002  0.98999999  0.65017371 39.49766491  1.6268344   0.33358667]
at minimum 52.4103 accepted 0  with params [-3.52387292  0.99        0.26336156 39.70478374  1.33903876  0.        ]
at minimum 44.1731 accepted 1  with params [-3.          0.70500118  0.39275052 39.69190428  1.51500559  0.        ]
at minimum 52.3489 accepted 0  with params [-3.39034946  0.98999983  0.51841829 39.5262838   1.24276409  0.16266418]
at minimum 43.8887 accepted 1  with params [-3.36837743e+00  7.68277153e-01  5.00000000e-02  3.97438550e+01
  1.81434818e+00  1.29867202e-11]
at minimum 54.7387 accepted 0  with params [-3.70249587e+00  4.77267938e-01  5.00001098e-02  3.96229704e+01
  1.99999979e+00  1.12360868e-07]
at minimum 43.8180 accepted 1  with params [-3.08050823e+00  7.02903331e-01  5.00002263e-02  3.99328356e+01
  1.40810007e+00  1.88116759e-02]
at minimum 43.2960 accepted 1  with params [-3.27985148  0.73242411  0.14436388 40.21138017  1.27184746  0.        ]
at minimum 53.0065 accepted 0  with params [-3.02123169e+00  9.89999987e-01  4.21553641e-01  4.03644437e+01
  9.59425430e-01  1.37132025e-08]
at minimum 69.7849 accepted 0  with params [-3.20302549  0.31037128  0.55795567 40.59523199  1.08855916  0.        ]
at minimum 52.4783 accepted 0  with params [-3.55067677  0.98999956  0.1228916  39.80476951  0.88629918  0.11341294]
at minimum 50.1925 accepted 0  with params [-3.26520981  0.53142686  0.56523744 39.95991072  1.35413346  0.24724208]
at minimum 69.7672 accepted 0  with params [-3.42656425e+00  3.27031398e-01  2.43776321e-01  3.98026680e+01
  1.41511531e+00  2.51753265e-07]
at minimum 56.4099 accepted 0  with params [-3.36054827e+00  4.38273396e-01  4.82591183e-01  4.03169484e+01
  1.42308950e+00  1.74485637e-07]
at minimum 46.4367 accepted 0  with params [-3.09932328  0.88319599  0.48111516 40.12501768  1.33549323  0.09168596]
at minimum 63.2706 accepted 0  with params [-3.00000041e+00  3.74769174e-01  4.03587244e-01  4.00782146e+01
  1.28572344e+00  5.30843772e-07]
at minimum 55.7130 accepted 0  with params [-3.64216722  0.45490797  0.05       39.96194094  1.29796593  0.12099444]
