at minimum 30.0235 accepted 1  with params [-4.5         0.4         0.05       42.97414122]
at minimum 24.7546 accepted 1  with params [-4.46293505e+00 -1.13088143e-03  1.62428340e-01  4.32347041e+01]
at minimum 38.9880 accepted 0  with params [-4.61841007e+00 -5.96052821e-03  6.44550063e-02  4.32014036e+01]
at minimum 33.8542 accepted 0  with params [-4.85924962  0.3986993   0.05       49.40068144]
at minimum 34.1575 accepted 0  with params [-4.54883736 -0.10104298  0.1726827  43.42594296]
at minimum 27.2527 accepted 0  with params [-4.36638904  0.30400893  0.05       42.711702  ]
at minimum 48.6072 accepted 0  with params [-3.98263576  0.10203447  0.47374606 43.33283648]
at minimum 25.9172 accepted 1  with params [-4.49407471  0.10685453  0.05       42.90005236]
at minimum 34.8000 accepted 0  with params [-4.55225263  0.42360443  0.47641742 42.82647008]
at minimum 25.4514 accepted 1  with params [-4.2178392  -0.0790402   0.31648649 42.8241867 ]
at minimum 22.6354 accepted 1  with params [-4.20940732e+00 -3.16277194e-02  5.08221217e-02  4.31980124e+01]
at minimum 22.4399 accepted 1  with params [-4.1963324  -0.27341783  0.05       43.38294401]
at minimum 35.9660 accepted 0  with params [-4.59498679e+00 -3.06882038e-03  5.00000000e-02  4.32081525e+01]
at minimum 44.2616 accepted 0  with params [-3.96533688 -0.67140377  0.1629055  43.48128806]
at minimum 45.8597 accepted 0  with params [-3.91249526e+00 -1.93821515e-02  5.00000000e-02  4.29822767e+01]
at minimum 51.9724 accepted 0  with params [-3.88245821e+00  2.51275003e-02  5.00000000e-02  4.36991776e+01]
at minimum 87.2908 accepted 0  with params [-4.49586196 -0.69285925  0.3721716  43.84084121]
at minimum 24.6979 accepted 0  with params [-4.13759381 -0.30791646  0.09615858 43.40655068]
at minimum 87.1198 accepted 0  with params [-4.66500497  0.99        3.         38.48276863]
at minimum 64.4246 accepted 0  with params [-4.45876304 -0.66357882  0.24043135 43.84380873]
at minimum 23.1542 accepted 0  with params [-4.2280254  -0.20786297  0.2338745  43.37412493]
at minimum 26.3217 accepted 1  with params [-4.47088172  0.19317078  0.35424493 44.40587877]
at minimum 31.5940 accepted 0  with params [-4.27855909 -0.05194905  0.61816342 44.42142231]
at minimum 36.5515 accepted 0  with params [-4.54707327  0.35953499  0.84358207 43.99293521]
at minimum 41.5857 accepted 0  with params [-4.74721254  0.50901343  0.77553027 44.71365169]
at minimum 39.1468 accepted 0  with params [-4.72667216  0.5828606   0.16204067 44.84790762]
at minimum 33.8103 accepted 0  with params [-4.47493502  0.21333728  0.76619222 44.29820045]
at minimum 30.5915 accepted 0  with params [-4.54669058  0.42860752  0.05       44.28592905]
at minimum 22.2235 accepted 1  with params [-4.44645953  0.05590201  0.05       44.60238616]
at minimum 37.8430 accepted 0  with params [-4.50469904  0.55539988  0.05000014 44.24652013]
at minimum 43.2352 accepted 0  with params [-4.84737157  0.33300398  0.30447553 44.39587513]
at minimum 22.3006 accepted 1  with params [-4.45367057  0.06920939  0.05100581 44.77731735]
at minimum 31.8930 accepted 0  with params [-4.80442735  0.34792018  0.05033765 48.96483977]
at minimum 115.3849 accepted 0  with params [-4.77743787 -0.33125419  0.18554936 44.54707721]
at minimum 91.4301 accepted 0  with params [-4.75323456e+00 -3.44644735e-01  5.00000000e-02  5.25412182e+01]
at minimum 27.7903 accepted 0  with params [-4.36269054 -0.05481496  0.46401035 44.54219936]
at minimum 26.8320 accepted 0  with params [-4.64394311  0.20431499  0.1151121  47.71683936]
at minimum 35.7747 accepted 0  with params [-4.07671106 -0.08475892  0.33845443 44.41443793]
at minimum 46.4152 accepted 0  with params [-4.70339886e+00 -1.29051483e-02  2.80756075e-01  4.49522365e+01]
at minimum 22.7831 accepted 1  with params [-4.25041473 -0.14390205  0.22281905 44.32594517]
at minimum 29.1164 accepted 0  with params [-4.4705057  -0.12264576  0.05       42.96351597]
at minimum 21.5383 accepted 1  with params [-4.38773619 -0.04536029  0.16215688 44.487307  ]
at minimum 34.5496 accepted 0  with params [-4.43800465 -0.37616921  0.05000001 45.82877164]
at minimum 26.9974 accepted 0  with params [-4.6451128   0.21154196  0.05040165 47.23100811]
at minimum 29.1044 accepted 0  with params [-4.61324869  0.3219383   0.05       43.87870702]
at minimum 46.8343 accepted 0  with params [-4.70662949  0.11115293  0.4995423  44.42876767]
at minimum 152.4312 accepted 0  with params [-4.87640225 -0.26344085  0.2833845  44.12266258]
at minimum 51.4538 accepted 0  with params [-3.88784695e+00  3.00924045e-02  3.55118130e-01  4.07376928e+01]
at minimum 28.3114 accepted 0  with params [-4.16292578 -0.50665629  0.24061856 43.15283945]
at minimum 28.2638 accepted 0  with params [-4.56979733  0.23996525  0.37877424 45.25618433]
at minimum 26.9053 accepted 0  with params [-4.3069063  -0.16437269  0.41925481 43.54456441]
at minimum 21.9067 accepted 1  with params [-4.26388075 -0.25359087  0.06139615 44.53897297]
at minimum 45.5412 accepted 0  with params [-4.30255963 -0.59238768  0.4628107  43.11136456]
at minimum 48.3365 accepted 0  with params [-4.59493548 -0.28888921  0.05       48.32593307]
at minimum 31.0090 accepted 0  with params [-4.25989344 -0.58780285  0.05       43.88116458]
at minimum 37.5588 accepted 0  with params [-4.2600956  -0.5719003   0.39747189 43.25424615]
at minimum 22.3041 accepted 0  with params [-4.37815634 -0.08102513  0.22785446 44.89987479]
at minimum 25.8460 accepted 0  with params [-4.54911403  0.08006623  0.05       44.74601361]
at minimum 27.1048 accepted 0  with params [-4.31176378 -0.08774298  0.45275024 43.5429906 ]
at minimum 25.4087 accepted 0  with params [-4.11978251 -0.31581069  0.05       43.45477758]
at minimum 35.3997 accepted 0  with params [-4.22036439 -0.52294539  0.40222518 44.69921289]
at minimum 42.4644 accepted 0  with params [-3.92550431 -0.41519052  0.05       41.19766882]
at minimum 75.4321 accepted 0  with params [-4.68322542 -0.28836607  0.17104977 44.12579358]
at minimum 95.9988 accepted 0  with params [-4.7043932  -0.37500725  0.05       44.53319565]
at minimum 21.8968 accepted 1  with params [-4.36794781 -0.04964143  0.21594425 44.09436792]
at minimum 38.1301 accepted 0  with params [-4.40423335 -0.47165423  0.24706726 44.39698   ]
at minimum 37.4320 accepted 0  with params [-4.49233992e+00 -1.03144193e-02  6.42915458e-01  4.33765343e+01]
at minimum 105.5347 accepted 0  with params [-4.79710482 -0.23293411  0.05       44.30997667]
at minimum 81.6680 accepted 0  with params [-4.6261979  -0.43426502  0.05       43.73386337]
at minimum 38.3606 accepted 0  with params [-4.04286693  0.06579549  0.17800668 44.53599167]
at minimum 50.9819 accepted 0  with params [-3.93043267  0.20303243  0.0500001  44.32066624]
at minimum 25.3672 accepted 0  with params [-4.46231526  0.26475236  0.05000013 43.56053409]
at minimum 36.1721 accepted 0  with params [-4.12382537 -0.07639947  0.54613854 44.19578434]
at minimum 22.1055 accepted 1  with params [-4.30631632 -0.05179305  0.22454737 44.22301475]
at minimum 43.8402 accepted 0  with params [-4.03916932  0.26521412  0.32748868 41.24560092]
at minimum 29.6146 accepted 0  with params [-4.47195935  0.32422066  0.35240913 43.48327459]
at minimum 29.4437 accepted 0  with params [-4.47014366e+00  5.07792910e-05  4.48993701e-01  4.39482758e+01]
at minimum 27.2580 accepted 0  with params [-4.26481961 -0.07271497  0.43586925 43.80995924]
at minimum 23.4210 accepted 1  with params [-4.36114946 -0.22791785  0.1099938  44.10412637]
at minimum 31.0560 accepted 0  with params [-4.13155656 -0.5669728   0.27233678 42.5795096 ]
at minimum 33.1311 accepted 0  with params [-4.29027724 -0.59292236  0.13529223 43.69680133]
at minimum 102.7529 accepted 0  with params [-4.72754212 -0.35832629  0.20098477 44.02380493]
at minimum 38.5093 accepted 0  with params [-4.00036852  0.15473801  0.05       41.53814587]
at minimum 29.1784 accepted 0  with params [-4.30363067e+00 -1.13180205e-02  5.24103317e-01  4.42796610e+01]
at minimum 32.9512 accepted 0  with params [-4.29854967 -0.57324443  0.17465447 43.69566777]
at minimum 22.0801 accepted 1  with params [-4.40245965e+00 -2.47845751e-02  5.00000019e-02  4.37251646e+01]
at minimum 30.4980 accepted 0  with params [-4.5148872   0.36773586  0.33625868 44.00496259]
at minimum 92.9410 accepted 0  with params [-4.68859528e+00 -4.49345467e-01  5.00000000e-02  5.04268183e+01]
at minimum 33.1146 accepted 0  with params [-4.23694185  0.35759452  0.05000002 43.80381013]
at minimum 34.8238 accepted 0  with params [-4.81391007  0.45508969  0.05034828 46.4272742 ]
at minimum 93.1308 accepted 0  with params [-4.77905796 -0.1977012   0.05       44.12121132]
at minimum 91.1952 accepted 0  with params [-4.80787307 -0.27282205  0.05698931 54.60018747]
at minimum 25.2039 accepted 0  with params [-4.15379443 -0.17127263  0.20191307 43.44721481]
at minimum 35.7189 accepted 0  with params [-4.10629098  0.09941806  0.29974537 44.01736845]
at minimum 76.4371 accepted 0  with params [-4.69665406e+00 -3.46228215e-01  5.00000000e-02  5.07853606e+01]
at minimum 25.5229 accepted 0  with params [-4.25562437 -0.11831859  0.36843777 43.20657178]
at minimum 30.7999 accepted 0  with params [-4.44751958 -0.10391086  0.42726133 43.5678484 ]
at minimum 20.8967 accepted 1  with params [-4.31143628 -0.11741876  0.09065909 43.93024993]
at minimum 22.4745 accepted 0  with params [-4.19597909 -0.14064378  0.05       44.04232358]
at minimum 29.0780 accepted 0  with params [-4.21979022 -0.17678479  0.47136911 43.68254318]
at minimum 80.8088 accepted 0  with params [-4.61506516 -0.50535257  0.05       48.56866433]
