at minimum 122.5077 accepted 1  with params [-4.5         0.4         3.         35.47781905]
at minimum 176.1853 accepted 0  with params [-4.02720967  0.85092417  3.         30.84543332]
at minimum nan accepted 1  with params [-4.92820196  0.03923574  3.         35.48744442]
at minimum nan accepted 1  with params [-5.1333863   0.35308185  2.8622236  35.61860539]
at minimum 158.5667 accepted 1  with params [-5.59181229  0.99        2.55196023 31.91066298]
at minimum 159.7200 accepted 0  with params [-5.2481412   0.99        2.6178937  31.61076068]
at minimum 158.4229 accepted 1  with params [-5.95594388  0.99        2.81560642 32.10147434]
at minimum 158.4295 accepted 1  with params [-6.          0.99        3.         32.11892404]
at minimum 158.4216 accepted 1  with params [-6.          0.99        2.51088187 32.11185503]
at minimum 158.6603 accepted 0  with params [-5.51977927  0.99        2.95166764 31.87108506]
at minimum 152.5100 accepted 1  with params [-6.          0.75098509  2.06628785 41.31285093]
at minimum 158.4676 accepted 0  with params [-5.67238061  0.99        1.83854644 31.95163599]
at minimum 158.3985 accepted 0  with params [-5.77164234  0.99        1.62914304 32.00833797]
at minimum nan accepted 1  with params [-6.          0.500416    2.40021281 41.14869517]
at minimum 158.5197 accepted 1  with params [-5.62649099  0.99        2.00332148 31.92339115]
at minimum nan accepted 1  with params [-5.89368133  0.96363602  1.51926181 31.45710517]
at minimum 148.1094 accepted 1  with params [-5.67599685  0.49261302  1.38600923 52.97449075]
at minimum 146.6892 accepted 1  with params [-5.79551968  0.55513905  1.43323619 51.04505268]
at minimum 148.2240 accepted 1  with params [-6.          0.55282464  1.23982135 53.50902263]
at minimum 151.2034 accepted 0  with params [-6.          0.69460117  1.05097778 44.13076583]
at minimum 147.8834 accepted 1  with params [-5.89917601  0.45818459  1.12819157 60.21461059]
at minimum nan accepted 1  with params [-5.96635997  0.20248501  0.65897553 59.82729945]
at minimum 318.8139 accepted 1  with params [-5.99999997  0.1420198   0.90333254 59.67211331]
at minimum nan accepted 1  with params [-5.56643062e+00  1.48346904e-03  1.18050108e+00  6.01087661e+01]
at minimum 168.6022 accepted 1  with params [-5.87754662  0.2942198   1.66672653 77.58304965]
at minimum 181.2534 accepted 0  with params [-5.83227696  0.26643707  1.91586459 78.52538979]
at minimum 159.0876 accepted 1  with params [-5.85992286  0.34672154  1.63994419 70.230734  ]
at minimum 229.9930 accepted 0  with params [-5.79217324  0.19372879  1.84445257 70.70454569]
at minimum 152.7160 accepted 1  with params [-5.48213642  0.45560256  1.64865682 50.30060793]
at minimum 146.7688 accepted 1  with params [-5.65244901  0.50838245  1.1582903  51.55644462]
at minimum 150.1849 accepted 0  with params [-6.          0.65864127  1.63486471 46.27152592]
at minimum 202.1772 accepted 0  with params [-5.26419259  0.15463028  0.8124696  51.39380163]
at minimum 142.2020 accepted 1  with params [-5.28249755  0.52532948  1.54044148 43.58843409]
at minimum 137.9971 accepted 1  with params [-4.83719332  0.73248657  1.20881431 34.66579247]
at minimum nan accepted 1  with params [-4.87003243  0.24643149  1.49849758 34.40741711]
at minimum 132.3802 accepted 1  with params [-4.84632673  0.64774401  1.21377182 34.94539559]
at minimum 132.2898 accepted 1  with params [-5.00931235  0.49932015  1.6292891  39.6254704 ]
at minimum nan accepted 1  with params [-5.41707333  0.14069998  2.0669688  39.88447633]
at minimum 179.3087 accepted 1  with params [-5.69614353  0.30264242  1.77519674 66.87381628]
at minimum 156.1066 accepted 1  with params [-5.80448063  0.42492775  1.37719103 66.92813323]
at minimum 154.7621 accepted 1  with params [-5.7560479   0.39216388  1.23371804 62.26522507]
at minimum 146.6628 accepted 1  with params [-5.91421946  0.43413729  0.54991857 63.28766458]
at minimum 147.1588 accepted 0  with params [-5.56414886  0.34485441  0.34208959 60.16381206]
at minimum nan accepted 1  with params [-6.          0.82599015  0.5913199  63.07716658]
at minimum 152.9431 accepted 1  with params [-5.97799095e+00  3.44452713e-01  5.40258455e-02  7.77242899e+01]
at minimum 160.6084 accepted 0  with params [-5.64693091  0.30016912  0.47638446 77.68501725]
at minimum 155.3151 accepted 0  with params [-6.          0.627389    0.05       48.24327527]
at minimum 149.6469 accepted 1  with params [-6.          0.32926197  0.22603085 78.29681224]
at minimum 174.8080 accepted 0  with params [-5.52274718  0.19881927  0.44850947 77.92435458]
at minimum 154.4599 accepted 0  with params [-5.83067151  0.31886781  0.71493537 73.77921802]
at minimum 150.0901 accepted 1  with params [-5.68416619  0.56582256  0.2004865  48.86460263]
at minimum 146.4776 accepted 1  with params [-5.41101908  0.42570081  0.69061028 50.46321171]
at minimum 141.6381 accepted 1  with params [-5.28338067  0.72837847  1.21093145 38.06164463]
at minimum 142.3438 accepted 1  with params [-4.90358113  0.78920201  0.95295566 34.29821175]
at minimum nan accepted 1  with params [-4.74803762  0.65604781  1.15560493 34.13455513]
at minimum 123.9059 accepted 1  with params [-4.72900494  0.3241475   1.63776014 37.41907213]
at minimum 120.3604 accepted 1  with params [-4.44048261  0.15895415  1.72910278 35.35477793]
at minimum 134.9413 accepted 0  with params [-4.83285055  0.22680598  1.2229148  39.0965955 ]
at minimum 120.5344 accepted 1  with params [-4.4674118   0.23379162  1.88812037 35.42020949]
at minimum 121.8255 accepted 0  with params [-4.51681334  0.12752852  2.07127228 35.19168278]
at minimum 122.3043 accepted 1  with params [-4.68477764  0.36277839  1.85158549 36.82843515]
at minimum nan accepted 1  with params [-4.302083    0.83391103  1.64243699 36.58897084]
at minimum 169.3258 accepted 1  with params [-4.5612737   0.99        1.32244159 30.95600778]
at minimum 158.3956 accepted 1  with params [-6.          0.99        1.67353529 32.10548309]
at minimum nan accepted 1  with params [-5.55174804  0.60931298  1.51667895 32.15891763]
at minimum 158.4105 accepted 1  with params [-6.          0.99        2.04448175 32.10684766]
at minimum 157.2139 accepted 1  with params [-5.5869737   0.96430842  1.94445855 32.59906526]
at minimum 151.3580 accepted 1  with params [-5.73713423  0.80430637  2.2435526  38.21285311]
at minimum nan accepted 1  with params [-5.21813253  0.77015745  2.66863469 38.34845745]
at minimum nan accepted 1  with params [-5.31009907  0.27798893  2.7236793  38.6437103 ]
at minimum 227.9537 accepted 1  with params [-4.81822342 -0.16245271  2.40942501 36.4987824 ]
at minimum 132.5110 accepted 1  with params [-4.97211519  0.6201552   2.79471735 37.98687174]
at minimum 158.7857 accepted 0  with params [-5.46335397  0.99        2.83229285 31.82239267]
at minimum 157.8342 accepted 0  with params [-6.          0.96255392  3.         32.97659179]
at minimum 121.3949 accepted 1  with params [-4.57614028  0.31609361  3.         36.8801852 ]
at minimum nan accepted 1  with params [-4.89372363  0.42834569  3.         37.3792243 ]
at minimum 151.0810 accepted 1  with params [-4.71944964  0.85662992  2.67396142 32.7373955 ]
at minimum 147.6618 accepted 1  with params [-5.02151462  0.85529112  2.76122042 33.97574539]
at minimum 158.7983 accepted 0  with params [-5.45249833  0.99        3.         31.81972471]
at minimum 158.4187 accepted 0  with params [-6.          0.99        2.36440402 32.11002872]
at minimum 150.1460 accepted 0  with params [-5.47455867  0.82989701  2.97600292 35.56721334]
at minimum 137.5894 accepted 1  with params [-5.12496941  0.58585972  3.         40.64269348]
at minimum nan accepted 1  with params [-5.36402449  0.77601985  3.         40.30220167]
at minimum 158.1539 accepted 1  with params [-5.77338594  0.98171703  3.         32.27175324]
at minimum 146.8082 accepted 1  with params [-5.70991867  0.57389185  3.         49.64361002]
at minimum 240.3672 accepted 0  with params [-5.49570683  0.20139584  2.64046198 60.59549655]
at minimum 150.8506 accepted 0  with params [-6.          0.6625664   3.         46.34878771]
at minimum 151.9504 accepted 0  with params [-6.          0.71064599  3.         43.5521535 ]
at minimum 153.2609 accepted 0  with params [-6.          0.7712288   2.70958021 40.42072349]
at minimum 233.0829 accepted 0  with params [-6.          0.16119444  3.         90.        ]
at minimum 158.4295 accepted 0  with params [-6.          0.99        3.         32.11892709]
at minimum 149.8514 accepted 0  with params [-5.31750758  0.48795237  3.         46.54670543]
at minimum 148.9621 accepted 0  with params [-6.          0.57759303  2.57947916 52.03673393]
at minimum 149.0646 accepted 0  with params [-6.          0.5725123   2.93260291 52.48120622]
at minimum nan accepted 1  with params [-5.91775627  0.9604594   2.62518562 49.48236338]
at minimum 156.4515 accepted 1  with params [-5.4633189   0.99        0.05       32.23100294]
at minimum nan accepted 1  with params [-5.46459139  0.44790182  0.2851054  32.23932079]
at minimum 150.3798 accepted 1  with params [-5.21536959  0.87773329  0.60183657 34.15434833]
at minimum nan accepted 1  with params [-4.98019767  0.99        0.23820366 34.47824203]
at minimum 147.0488 accepted 1  with params [-5.39417538  0.53469293  0.18410924 46.57601388]
at minimum 137.8157 accepted 1  with params [-5.12700734  0.57963895  3.         40.80657135]
