at minimum 40.3140 accepted 1  with params [-4.50000001  0.4         0.50000002 39.99999999]
at minimum 37.3235 accepted 1  with params [-4.48534269  0.08137158  0.44854444 40.10734862]
at minimum nan accepted 1  with params [-4.88083161 -0.04353071  0.23538689 40.41680946]
at minimum 72.6011 accepted 1  with params [-5.05480264  0.99        0.72890794 35.00560159]
at minimum 46.3129 accepted 1  with params [-5.26771604  0.53893003  0.52991134 48.3161245 ]
at minimum nan accepted 1  with params [-5.3672729   0.52665066  0.50338007 48.47112098]
at minimum 46.6839 accepted 1  with params [-5.23039823  0.52142117  0.25330732 48.85984997]
at minimum 68.6143 accepted 0  with params [-5.28975914  0.99        0.05       35.67323409]
at minimum 59.1450 accepted 0  with params [-5.32797217  0.82150459  0.53402425 39.85212186]
at minimum 47.2848 accepted 1  with params [-5.32179455  0.54823161  0.3597182  49.47809512]
at minimum 61.2375 accepted 0  with params [-5.52844587  0.70478092  0.05       45.64852447]
at minimum nan accepted 1  with params [-5.28018348  0.48966732  0.82568599 49.52962127]
at minimum 53.6391 accepted 1  with params [-5.36775051  0.53030089  1.2031323  49.79243982]
at minimum 55.3729 accepted 1  with params [-5.36447763  0.75648089  3.         42.48359875]
at minimum 53.3335 accepted 1  with params [-5.42314082  0.64661474  3.         47.27540854]
at minimum 71.5358 accepted 0  with params [-5.68238311  0.99        2.68680586 35.41393777]
at minimum 59.1672 accepted 0  with params [-5.77969146  0.70685559  3.         47.5049222 ]
at minimum 68.4081 accepted 0  with params [-5.83217151  0.91592604  2.92252972 38.09967449]
at minimum 51.4073 accepted 1  with params [-5.19591191  0.60597071  3.         45.43927847]
at minimum nan accepted 1  with params [-4.8940039   0.42668132  3.         44.99284367]
at minimum 41.6301 accepted 1  with params [-4.41088517  0.36304835  3.         38.35323485]
at minimum nan accepted 1  with params [-4.4063221   0.18985108  2.61026077 38.17455461]
at minimum nan accepted 1  with params [-3.915756   -0.20347866  2.77528642 37.71608266]
at minimum 65.2127 accepted 1  with params [-4.22389364 -0.37359239  3.         37.10953553]
at minimum 161.0316 accepted 0  with params [-4.39506057 -0.82024838  2.6034706  33.69783582]
at minimum nan accepted 1  with params [-3.77606906 -0.74254934  2.83322489 37.11662193]
at minimum nan accepted 1  with params [-4.2171282  -0.76253131  2.82661136 37.37112984]
at minimum 102.3475 accepted 1  with params [-4.52777307 -0.28363568  2.47102301 37.92050311]
at minimum nan accepted 1  with params [-4.99376077 -0.04377882  2.35026257 37.69315332]
at minimum 74.2424 accepted 1  with params [-5.11624427  0.99        2.45851978 34.85047022]
at minimum 76.2064 accepted 0  with params [-4.9578425   0.99        2.75912632 34.66360812]
at minimum 71.4434 accepted 1  with params [-6.          0.99        2.33503794 35.56684703]
at minimum 71.4275 accepted 1  with params [-5.77003521  0.99        1.5617217  35.45380528]
at minimum nan accepted 1  with params [-5.76510112  0.69321742  1.43892492 35.75452431]
at minimum nan accepted 1  with params [-5.31649145  0.4008008   1.51491885 35.27829762]
at minimum 45.4003 accepted 1  with params [-4.91514132  0.64550113  1.20964738 40.14465069]
at minimum 40.6116 accepted 1  with params [-4.72513018  0.4871349   1.18369629 39.69118802]
at minimum 40.6592 accepted 0  with params [-4.45302862  0.30769962  1.19431245 38.37406343]
at minimum 43.7800 accepted 0  with params [-4.90337161  0.58864927  1.41404388 40.83042532]
at minimum 39.1377 accepted 1  with params [-4.55693383  0.30939477  1.07362428 39.2219053 ]
at minimum nan accepted 1  with params [-4.57608012  0.20809814  1.19178128 38.8572986 ]
at minimum 41.6006 accepted 1  with params [-4.34185565  0.09681816  0.73617952 39.05359845]
at minimum 56.9468 accepted 0  with params [-4.1705926  -0.40223032  1.13386235 36.97527197]
at minimum 56.2736 accepted 0  with params [-4.06385349  0.25426679  1.1207734  36.38067743]
at minimum 43.0279 accepted 1  with params [-4.32699415  0.1110617   1.12779657 38.74919721]
at minimum nan accepted 1  with params [-4.6565663   0.04864903  0.82768424 38.76952835]
at minimum 40.0306 accepted 1  with params [-4.49114275  0.32071281  1.17349663 38.61896042]
at minimum 55.8386 accepted 0  with params [-4.1031719   0.39344978  3.         36.46125348]
at minimum 43.1880 accepted 0  with params [-4.82346118  0.57401403  1.75162585 40.19850206]
at minimum 53.6951 accepted 0  with params [-4.88954946  0.28311982  0.95433971 43.78659144]
at minimum 44.5614 accepted 0  with params [-4.32226555  0.47473149  0.05002338 37.74109235]
at minimum 45.7824 accepted 0  with params [-4.48224897  0.51647909  0.95558429 37.62581751]
at minimum 75.2593 accepted 0  with params [-5.02820957  0.99        1.60612437 34.75092573]
at minimum 42.7187 accepted 0  with params [-4.84004934  0.55538872  1.30965036 39.72047519]
at minimum 38.8207 accepted 1  with params [-4.70354003  0.46028584  0.63881202 40.09956307]
at minimum 42.5789 accepted 0  with params [-4.67491787  0.54616531  0.99057719 39.60790744]
at minimum 41.4973 accepted 0  with params [-4.46164684  0.46528634  0.21768525 38.46743479]
at minimum 37.8960 accepted 1  with params [-4.46627523  0.05344116  0.46628347 39.78963781]
at minimum 38.9542 accepted 1  with params [-4.36931726  0.20869605  0.05002849 38.54819073]
at minimum nan accepted 1  with params [-4.55674512 -0.23999852  0.05       37.99395058]
at minimum 49.2132 accepted 1  with params [-4.55786685 -0.09922404  0.33476301 37.51865662]
at minimum 75.6346 accepted 0  with params [-4.98685795  0.99        3.         34.71139814]
at minimum 38.4081 accepted 1  with params [-4.65464907  0.4318225   0.62979048 39.79466781]
at minimum 36.9411 accepted 1  with params [-4.59557105  0.24146633  0.55595952 39.75995406]
at minimum 47.3818 accepted 0  with params [-4.27422292  0.52816058  0.05       37.32770752]
at minimum 42.4817 accepted 0  with params [-4.5259449   0.48350684  0.72229285 38.27640689]
at minimum 38.7954 accepted 0  with params [-4.55452824  0.22147038  0.83255826 39.60604838]
at minimum nan accepted 1  with params [-5.0239265   0.6744107   0.28908724 39.29404658]
at minimum 57.2435 accepted 1  with params [-5.54380508  0.52722555  3.         55.09041927]
at minimum 58.4577 accepted 0  with params [-5.00263032  0.83859409  3.         37.90592861]
at minimum 47.7113 accepted 1  with params [-5.11654065  0.32235711  0.17504909 53.59478969]
at minimum 53.3428 accepted 0  with params [-5.25853906  0.39730071  0.62063071 53.35301619]
at minimum 90.0231 accepted 0  with params [-4.85016591 -0.18907084  0.16701955 52.40275914]
at minimum 50.9323 accepted 0  with params [-5.1448833   0.34771465  0.05437276 52.91767218]
at minimum 45.2887 accepted 1  with params [-5.09185686  0.31794693  0.25464111 51.39402729]
at minimum 42.7505 accepted 1  with params [-4.7082428   0.47602594  3.         40.49069074]
at minimum 57.4979 accepted 0  with params [-5.14481739  0.50733748  3.         46.99889955]
at minimum 41.9313 accepted 1  with params [-4.65202916  0.48552578  3.         40.32410192]
at minimum 48.1312 accepted 0  with params [-4.66942749  0.29811417  2.70773707 40.80081851]
at minimum 42.9538 accepted 0  with params [-4.64913986  0.39707225  3.         40.33834098]
at minimum nan accepted 1  with params [-4.19366695  0.22238619  3.         40.70745921]
at minimum 79.7911 accepted 1  with params [-4.04051502  0.74326457  3.         34.8474965 ]
at minimum 47.4852 accepted 1  with params [-4.24678253  0.23811744  3.         35.01730492]
at minimum 50.2964 accepted 0  with params [-4.06679864  0.07001483  2.77425685 36.90265296]
at minimum 56.0164 accepted 0  with params [-3.90948370e+00 -3.36754290e-02  3.00000000e+00  3.64087707e+01]
at minimum 44.9030 accepted 1  with params [-4.77380688  0.62312123  3.         39.7323446 ]
at minimum 86.4553 accepted 0  with params [-4.48527381  0.99        3.         34.13148211]
at minimum 74.4905 accepted 0  with params [-5.07526922  0.99        3.         34.823446  ]
at minimum 53.8647 accepted 0  with params [-5.29700217  0.58098095  3.         47.87122594]
at minimum nan accepted 1  with params [-4.60255172  0.30526375  3.         40.07109631]
at minimum 46.3123 accepted 1  with params [-4.4715712   0.5372121   3.         39.28268794]
at minimum 71.3053 accepted 0  with params [-4.31503607  0.79666816  3.         35.39257583]
at minimum 68.8483 accepted 0  with params [-3.98362664  0.51973162  3.         35.54822832]
at minimum 40.8885 accepted 1  with params [-4.56262277  0.38061138  2.48406648 39.79514684]
at minimum 59.3035 accepted 0  with params [-4.72639795  0.80616842  2.00267685 36.76516355]
at minimum nan accepted 1  with params [-4.64537774  0.29956695  2.87460463 40.25409101]
at minimum 41.6308 accepted 1  with params [-4.3719248   0.23690782  3.         38.43239298]
at minimum 41.6120 accepted 1  with params [-4.39664022  0.18774406  1.68067839 38.28277685]
at minimum 41.6561 accepted 1  with params [-4.3938172   0.20200712  1.89735873 38.2980073 ]
at minimum 43.5264 accepted 0  with params [-4.62827241  0.30086708  2.1782486  40.09504623]
at minimum 62.2243 accepted 0  with params [-4.1805223   0.55876516  1.94845602 36.00698231]
