at minimum 56.4396 accepted 1  with params [-4.49999985  0.39999982  0.4999998  40.00000341  0.99999997  1.00000004]
at minimum 39.8923 accepted 1  with params [-4.18306686  0.61516185  0.05892146 39.501402    1.47583318  0.86294853]
at minimum 53.3513 accepted 0  with params [-4.49278765  0.96007505  0.46650269 39.39039757  1.21224642  0.96270766]
at minimum 45.2604 accepted 0  with params [-4.13212352  0.5243525   0.05       39.89522054  1.38017338  0.89419648]
at minimum 84.3797 accepted 0  with params [-4.36788052  0.42334113  0.05000002 39.50557874  1.34472141  0.41395364]
at minimum 67.3829 accepted 0  with params [-4.50149787  0.58142344  0.05       39.15384532  1.36614971  0.38386173]
at minimum 51.9742 accepted 0  with params [-4.5192935   0.8587282   0.05       39.88969193  1.07482121  1.28016101]
at minimum 57.6012 accepted 0  with params [-3.74891237  0.52716073  0.27208002 39.26440312  1.91466842  1.2782808 ]
at minimum nan accepted 1  with params [-3.69220046  0.82176333  0.05       39.22152099  1.13118643  0.53646565]
at minimum 51.3581 accepted 1  with params [-4.13255553  0.98075926  0.0892825  39.14540995  1.37515639  0.84893971]
at minimum 62.5876 accepted 0  with params [-4.28503651  0.98999991  0.12194592 39.54283404  1.44523042  1.04551896]
at minimum 53.3645 accepted 0  with params [-3.69969293  0.73093279  0.05       39.64297429  1.56317998  0.78526095]
at minimum 40.6179 accepted 1  with params [-4.48875681  0.99        0.05       39.64037164  0.89989564  0.49350887]
at minimum 42.6384 accepted 0  with params [-4.58269492  0.98429926  0.05000005 39.16034776  1.0354024   0.91025713]
at minimum nan accepted 1  with params [-4.18007797  0.88170402  0.05       39.2505208   0.55624933  0.85122857]
at minimum 53.4970 accepted 1  with params [-4.02442407  0.61981449  0.49435937 38.78891671  0.86648254  1.24611035]
at minimum 85.7646 accepted 0  with params [-4.31742746  0.76067343  0.24031106 38.44712325  0.63506123  1.59499103]
at minimum nan accepted 1  with params [-3.65291758  0.81938469  0.05       38.44139983  1.09441998  0.97378255]
at minimum 3413.6936 accepted 1  with params [-3.37529716  0.88925498  0.53864712 37.9933355   1.07578998  0.89475357]
at minimum 4062753.7234 accepted 0  with params [-3.02243678  0.99        0.22069722 38.31593281  0.69026177  1.07471817]
at minimum 662935.3497 accepted 0  with params [-3.18894281  0.98999997  0.39675866 38.49261107  1.28659993  0.4970423 ]
at minimum 14774.5406 accepted 0  with params [-3.23415464  0.99        0.06083396 38.33996365  0.61113479  0.79715674]
at minimum 110.3376 accepted 1  with params [-3.58622292  0.99        0.71532272 37.83656733  0.87139093  0.39631603]
at minimum 83.3835 accepted 1  with params [-3.87855334  0.9899999   0.50233558 38.04151816  1.27172978  0.88905168]
at minimum 406.4753 accepted 0  with params [-4.19915452  0.98999999  0.92352409 38.34336475  1.75311703  0.70081472]
at minimum nan accepted 1  with params [-3.5603011   0.6645939   0.84659182 37.68914849  1.64180026  0.44487951]
at minimum 289.6412 accepted 1  with params [-3.53229432  0.98110306  1.04923524 37.80207987  1.43920008  0.41825851]
at minimum 3918456343982.6611 accepted 0  with params [-3.12384537  0.77509504  0.74737344 38.16999052  1.80494601  0.27783803]
at minimum 128.6632 accepted 1  with params [-3.57490925  0.98999921  0.58512433 38.06458014  1.03052642  0.56694788]
at minimum 98555.0818 accepted 0  with params [-3.14427932  0.99        0.09252281 38.35043569  1.06105422  0.99999932]
at minimum 125.1320 accepted 1  with params [-3.48856207  0.99        0.10154646 38.30882928  1.06505094  1.01058023]
at minimum 56.0611 accepted 1  with params [-3.79963867  0.57263978  0.05000015 37.83015505  1.31092085  1.41007008]
at minimum 123.8607 accepted 0  with params [-4.21811378  0.93264851  0.19845726 37.72797359  0.86861779  1.8580636 ]
at minimum nan accepted 1  with params [-4.24944117  0.99        0.12571686 37.55633221  1.03560633  1.84615614]
at minimum 102.2332 accepted 1  with params [-3.96373675  0.74588157  0.05000022 37.8252783   0.97422295  1.99456527]
at minimum 179.7721 accepted 0  with params [-3.62053746  0.99        0.50293438 37.3933835   1.43876881  1.99999979]
at minimum 73.2393 accepted 1  with params [-4.42851093  0.42964131  0.16154216 37.58367973  1.02253385  2.        ]
at minimum 140.1461 accepted 0  with params [-4.58280708e+00 -1.24910132e-02  5.82599607e-01  3.73741198e+01
  7.13368451e-01  1.93429355e+00]
at minimum 94.6937 accepted 0  with params [-4.43436546  0.20177642  0.24005356 37.46499582  0.66759772  1.9608748 ]
at minimum nan accepted 1  with params [-4.26060741 -0.05070784  0.05       37.38141102  1.35703171  2.        ]
at minimum 78.3746 accepted 1  with params [-4.0675215   0.04662188  0.18738188 36.95519534  1.62711259  1.84867791]
at minimum 59.4482 accepted 1  with params [-4.22483057  0.42780339  0.37493853 37.23954578  1.18655081  1.99999998]
at minimum 111.1811 accepted 0  with params [-4.55989878  0.39039588  0.05       37.24824425  1.00427645  2.        ]
at minimum 73.6895 accepted 0  with params [-4.30316762  0.10219684  0.36872445 37.14510905  1.2013704   1.72022602]
at minimum 77.5172 accepted 0  with params [-4.46283979  0.15872848  0.77073067 37.37395658  1.38883283  1.58412267]
at minimum 65.8211 accepted 0  with params [-3.85898307  0.49103326  0.72869296 36.97023894  1.12915623  1.63693392]
at minimum 60.3232 accepted 0  with params [-4.35090426  0.31502896  0.59220726 37.27877193  0.93622153  1.50501181]
at minimum 110.5246 accepted 0  with params [-4.52614624  0.0483336   0.70010894 37.00009637  1.3966266   2.        ]
at minimum 98.7697 accepted 0  with params [-3.72865319  0.92490909  0.05000002 37.30933565  0.99499375  1.6834564 ]
at minimum 47.1834 accepted 1  with params [-3.86079787  0.08875332  0.64037696 36.95125799  1.35235806  1.52455681]
at minimum 51.2348 accepted 0  with params [-3.84551688  0.19073095  0.4214166  36.55509669  1.10629234  1.24986354]
at minimum 57.0490 accepted 0  with params [-3.65323898 -0.20956757  0.72408644 36.58107425  1.52333499  1.25519011]
at minimum 52.7024 accepted 0  with params [-3.79979772  0.19185137  0.575677   36.70835096  1.3475687   1.78621193]
at minimum nan accepted 1  with params [-3.91570727  0.40577836  0.22093084 36.73054332  1.63864195  1.47096322]
at minimum 50.9072 accepted 1  with params [-3.9396149   0.28065802  0.32958716 36.35133134  1.45188914  1.1709781 ]
at minimum 66.2422 accepted 0  with params [-3.68466953  0.38868894  0.05       36.57308066  1.78254876  1.1686811 ]
at minimum 58.9399 accepted 0  with params [-3.96311402  0.67990549  0.21593093 35.92042767  1.58199057  1.36729968]
at minimum 65.7366 accepted 0  with params [-3.5887753   0.23395753  0.41252398 36.41067571  1.14327488  0.76248035]
at minimum 67.4461 accepted 0  with params [-3.83517242  0.65522961  0.41254262 36.0005236   1.46946111  1.2311886 ]
at minimum 49.5750 accepted 1  with params [-3.93827465  0.13641769  0.69733927 36.26949515  1.09705966  1.36397937]
at minimum 119.3743 accepted 0  with params [-3.53261639  0.5789094   0.69215055 36.15551363  1.19133115  1.60435763]
at minimum 58.3014 accepted 0  with params [-3.64902622  0.05251909  0.64790698 36.09462149  1.31096995  1.36680693]
at minimum 130.5198 accepted 0  with params [-3.50294608  0.49651639  1.05635474 35.98860868  0.81825094  1.40328952]
at minimum 49.8605 accepted 1  with params [-3.93487791e+00  2.35910826e-02  6.28302555e-01  3.62111002e+01
  1.15535310e+00  1.40031069e+00]
at minimum 52.6547 accepted 0  with params [-4.21308984  0.27731493  0.89659555 36.50423957  1.51050961  1.6987913 ]
at minimum 54.9892 accepted 0  with params [-4.10587046  0.16809061  0.65010136 35.85370013  1.04946882  1.2476978 ]
at minimum 48.9215 accepted 1  with params [-3.89587469  0.08622319  0.74478996 36.49504517  1.54437147  1.79906108]
at minimum 59.1004 accepted 0  with params [-3.5798196  -0.12164247  0.84540396 36.23489089  1.67062126  2.        ]
at minimum 88.1137 accepted 0  with params [-4.10252063 -0.28436631  0.91960048 36.33189018  1.81532198  1.54464709]
at minimum 59.7114 accepted 0  with params [-4.18828988  0.31358495  0.3431152  36.54037396  1.11062005  1.84143868]
at minimum nan accepted 1  with params [-3.80064724  0.34790527  0.76831293 36.62219184  1.48350397  1.60000265]
at minimum 81.4698 accepted 1  with params [-3.80480038  0.54777339  0.9569114  36.37270144  1.62669232  1.64960666]
at minimum 82.3025 accepted 0  with params [-3.91862077  0.58910865  1.27294848 36.20279328  1.30232463  1.82086523]
at minimum 112.0454 accepted 0  with params [-4.1934724   0.83056181  0.89664834 36.7981666   1.96800716  1.61999696]
at minimum 63.0905 accepted 1  with params [-3.75343488  0.32821853  1.0945957  36.46088441  1.66841937  1.27267605]
at minimum 54.8399 accepted 1  with params [-3.73182789e+00 -9.41578164e-03  8.19174777e-01  3.65316469e+01
  2.00000000e+00  9.20142544e-01]
at minimum 53.6267 accepted 1  with params [-4.05056482e+00  3.01096739e-03  1.00892154e+00  3.69754688e+01
  2.00000000e+00  9.30683203e-01]
at minimum 57.7343 accepted 0  with params [-3.64735851  0.12647067  0.8024222  37.40151022  2.          1.27295034]
at minimum nan accepted 1  with params [-4.18313838  0.30613264  0.6366439  37.38201828  2.          1.29130174]
at minimum 46.9611 accepted 1  with params [-4.23516627  0.52526967  0.74917228 37.78186785  1.99405287  1.28395909]
at minimum 44.3090 accepted 1  with params [-4.18441566  0.27953804  0.98838937 37.39392922  1.71222262  0.91515066]
at minimum 50.8291 accepted 0  with params [-3.75782518e+00  3.75147930e-03  6.08286203e-01  3.74675203e+01
  1.68694054e+00  1.27708083e+00]
at minimum 42.8162 accepted 1  with params [-4.14393136  0.35374271  1.40091293 37.06921414  1.99485697  0.87997397]
at minimum 43.6728 accepted 0  with params [-3.95037287  0.29089213  1.66074687 37.36169454  1.84079113  0.55212192]
at minimum 50.8746 accepted 0  with params [-4.02901916e+00  9.05434097e-03  1.39462093e+00  3.69915301e+01
  2.00000000e+00  7.22395290e-01]
at minimum 47.9511 accepted 0  with params [-4.57959853  0.57488008  1.46382314 36.7631942   1.82110381  1.21076225]
at minimum 46.7055 accepted 0  with params [-4.22840324  0.21993434  1.48201968 37.5049205   1.99999996  0.50788237]
at minimum 49.8596 accepted 0  with params [-4.07835987  0.09506935  0.99788804 37.00106246  2.          0.9585647 ]
at minimum nan accepted 1  with params [-4.24073226e+00 -3.35903797e-02  1.73041678e+00  3.67937005e+01
  1.81073759e+00  9.24179686e-01]
at minimum 74.9566 accepted 1  with params [-4.18631395 -0.08165221  1.80275944 36.60045541  1.8420867   1.05832338]
at minimum 120.7351 accepted 0  with params [-4.21056765 -0.36649858  2.12565518 36.27046103  1.5789514   1.17944379]
at minimum 48.1057 accepted 1  with params [-4.13595725  0.17571607  1.96139655 36.79378884  1.93421933  0.80904001]
at minimum 47.5988 accepted 1  with params [-3.89194627 -0.08580681  1.90180647 36.98971015  1.64901809  0.39301324]
at minimum 60.5191 accepted 0  with params [-4.34150484e+00  2.44392830e-01  2.11053300e+00  3.67335908e+01
  2.00000000e+00  3.04727383e-03]
at minimum 92.0068 accepted 0  with params [-3.53836548  0.32193788  1.55843534 37.16591214  1.92333095  0.46368416]
at minimum 115.6533 accepted 0  with params [-3.47401594 -0.39953754  2.05902982 36.72870036  1.25860729  0.61646494]
at minimum 77.2765 accepted 0  with params [-4.12368888 -0.37143338  1.60107884 36.92696724  1.37583034  0.07558888]
at minimum 46.4377 accepted 1  with params [-3.99214704  0.35156589  1.68068023 36.55004783  1.70090005  0.59819925]
at minimum 46.5916 accepted 1  with params [-3.89857339  0.20573429  1.39223628 36.4860195   2.          0.47379102]
at minimum 83.5299 accepted 0  with params [-3.59292016  0.36771627  1.82800304 36.28141735  1.77754634  0.46237017]
at minimum 128.8634 accepted 0  with params [-3.54103535  0.48922483  1.64651759 36.65297246  1.98597461  0.41391878]
