at minimum 42.8771 accepted 1  with params [-4.5         0.4         0.5        36.19076292]
at minimum 68.3517 accepted 0  with params [-4.25636117  0.73887797  0.85287016 30.57303893]
at minimum 45.4509 accepted 0  with params [-4.49142233  0.18871206  0.8004586  34.36302503]
at minimum 50.6659 accepted 0  with params [-4.37533401  0.59184996  0.41653572 33.91994821]
at minimum 52.6512 accepted 0  with params [-4.18090475  0.53239162  0.25908049 34.66771228]
at minimum 43.0366 accepted 1  with params [-4.69553731  0.5047468   0.90374386 34.34745074]
at minimum 37.5936 accepted 1  with params [-5.18349149  0.5370909   1.3907535  37.7646328 ]
at minimum 40.3507 accepted 0  with params [-5.49758158  0.56243225  1.77124348 40.38166972]
at minimum 43.9041 accepted 0  with params [-5.26346487  0.57240397  0.95697146 37.80390443]
at minimum 37.0902 accepted 1  with params [-4.87793894  0.39590662  1.0807837  36.53397988]
at minimum nan accepted 1  with params [-5.18213394  0.41348677  0.92946273 36.22384355]
at minimum 48.5183 accepted 1  with params [-4.72422327  0.66337866  0.60799127 34.65367092]
at minimum 66.3343 accepted 0  with params [-5.19062076  0.89908657  0.95479172 31.76277973]
at minimum 46.5482 accepted 1  with params [-4.4365324   0.50303507  0.46067368 34.88611288]
at minimum 69.0787 accepted 0  with params [-4.77986875  0.938299    0.47714081 30.95206512]
at minimum 64.6481 accepted 0  with params [-4.86764204  0.09059941  0.89664207 34.41522724]
at minimum 53.7497 accepted 0  with params [-4.71948713  0.26591669  3.         32.04507111]
at minimum 52.7054 accepted 0  with params [-4.11803675  0.43977685  0.33413066 33.61234471]
at minimum nan accepted 1  with params [-4.61041505  0.40624512  0.07590902 34.44600237]
at minimum nan accepted 1  with params [-4.25783907  0.43227314  0.05       34.09893738]
at minimum 50.6542 accepted 1  with params [-4.75406545  0.68886419  0.50548717 35.32659395]
at minimum 41.0183 accepted 1  with params [-4.57491689  0.34743662  0.65214292 35.89707888]
at minimum 146.7225 accepted 0  with params [-4.67446319e+00  2.74705606e-02  2.77131126e-01  3.60382996e+01]
at minimum 37.4103 accepted 1  with params [-5.01957179  0.50200459  0.98302244 37.86601217]
at minimum 38.6554 accepted 0  with params [-5.27045364  0.56270982  1.45005561 38.31117508]
at minimum 73.0681 accepted 0  with params [-6.          0.91987693  0.68265184 32.56365026]
at minimum 57.3812 accepted 0  with params [-5.49437728  0.77840103  1.07620354 35.93906524]
at minimum 69.2422 accepted 0  with params [-5.47190939  0.91520382  0.8342906  32.11807717]
at minimum 45.2693 accepted 0  with params [-5.25024327  0.59944909  0.73967369 41.29116633]
at minimum 69.4737 accepted 0  with params [-5.11226078  0.88025883  0.30553104 33.37478385]
at minimum 63.6610 accepted 0  with params [-5.00868015  0.1292798   0.92000417 42.56338518]
at minimum 48.0743 accepted 0  with params [-5.02421878  0.66839589  0.64556188 37.27301736]
at minimum 74.0703 accepted 0  with params [-5.47879929  0.99        0.54837774 30.28872337]
at minimum 37.2826 accepted 1  with params [-4.88903433  0.35346928  1.15076454 36.61465863]
at minimum 44.1988 accepted 0  with params [-4.81212341  0.14549793  1.21711615 35.98888748]
at minimum 56.8104 accepted 0  with params [-5.0681119   0.80189316  0.94379748 33.30691041]
at minimum 45.9472 accepted 0  with params [-4.48617952  0.13450944  0.66164601 35.56465073]
at minimum 52.5065 accepted 0  with params [-4.55344574e+00 -3.02515683e-03  1.48093832e+00  3.27877723e+01]
at minimum 50.5509 accepted 0  with params [-5.30479008  0.73185037  1.15547147 36.21001899]
at minimum 49.8892 accepted 0  with params [-5.28437989  0.69200649  0.85070364 37.91169111]
at minimum 41.1626 accepted 0  with params [-4.72858848  0.43380034  1.03997283 34.5691604 ]
at minimum 41.0045 accepted 0  with params [-4.98394362  0.5685243   0.75962117 37.29328199]
at minimum nan accepted 1  with params [-5.29014011  0.14084423  1.30250304 36.98298313]
at minimum 44.9401 accepted 1  with params [-5.56286646  0.4089854   1.00034068 53.33281753]
at minimum 46.5713 accepted 0  with params [-5.37466958  0.523903    0.61484307 47.88722232]
at minimum 43.7382 accepted 1  with params [-5.3659552   0.33998087  0.53101307 62.48334914]
at minimum 48.8424 accepted 0  with params [-4.92954364  0.70018131  0.8944208  34.33723383]
at minimum 44.0864 accepted 1  with params [-5.43415931  0.3460428   0.567133   63.27969476]
at minimum nan accepted 1  with params [-5.82896466  0.06476667  0.11234219 63.31119399]
at minimum 50.4733 accepted 1  with params [-5.54395321  0.42482175  0.51410171 63.83509306]
at minimum 47.5341 accepted 1  with params [-5.63363754  0.35454932  0.89661791 63.51668221]
