at minimum 91.7504 accepted 1  with params [-4.5         0.4         0.5        49.30551285]
at minimum 63.4535 accepted 1  with params [-4.2793208   0.56584376  1.12329821 43.70886393]
at minimum 76.5473 accepted 0  with params [-4.55174183  0.99        1.45695125 41.89087249]
at minimum 67.3223 accepted 0  with params [-6.          0.99        1.1975407  43.24064546]
at minimum 66.3425 accepted 0  with params [-4.45040349  0.52146114  3.         43.15941894]
at minimum 65.3206 accepted 1  with params [-4.68889773  0.39227011  3.         44.32363856]
at minimum 64.4784 accepted 1  with params [-4.97636805  0.8005719   2.58400684 43.82018059]
at minimum 114.5655 accepted 0  with params [-5.13855258  0.34173354  3.         47.33066302]
at minimum 68.9881 accepted 0  with params [-5.47352566  0.99        3.         42.35232349]
at minimum 64.6742 accepted 1  with params [-5.18757027  0.83611863  2.22420809 44.60903531]
at minimum 72.9369 accepted 0  with params [-4.87145091  0.48028158  2.16716593 45.58707828]
at minimum 64.1691 accepted 1  with params [-4.93942969  0.73847389  1.87703947 44.73666977]
at minimum 73.0630 accepted 0  with params [-4.89751663  0.99        1.8878762  41.99574298]
at minimum 69.0016 accepted 0  with params [-5.37141047  0.99        2.27763475 42.34916468]
at minimum nan accepted 1  with params [-5.24312334  0.57920874  1.48247477 44.40781714]
at minimum nan accepted 1  with params [-5.16185889  0.68562521  1.30100351 44.59439293]
at minimum 155.8035 accepted 1  with params [-5.2570522   0.37001921  1.66221537 52.54915137]
at minimum 134.8494 accepted 1  with params [-5.37870521  0.44517787  1.24644229 58.59353067]
at minimum 138.1907 accepted 0  with params [-5.55926051  0.40118189  1.06348308 70.18476389]
at minimum 66.2705 accepted 1  with params [-6.          0.88472806  1.37937759 47.60992638]
at minimum 66.2658 accepted 1  with params [-6.          0.90729635  1.86552248 46.3583335 ]
at minimum 66.2630 accepted 1  with params [-6.          0.80159689  1.47001874 51.62022606]
at minimum 68.8501 accepted 0  with params [-5.69554786  0.71321646  1.03690764 55.35238302]
at minimum 169.2188 accepted 0  with params [-5.59171372  0.37305702  1.39015477 67.01158735]
at minimum 70.8401 accepted 0  with params [-6.          0.57792631  1.08279024 68.32440153]
at minimum 67.4044 accepted 0  with params [-5.89602473  0.99        1.8859339  43.02366318]
at minimum 67.3620 accepted 1  with params [-6.          0.99        1.80621542 43.12094956]
at minimum 67.4499 accepted 0  with params [-5.87691418  0.99        2.10463397 42.96645246]
at minimum 67.3647 accepted 1  with params [-6.          0.99        1.84036517 43.11522456]
at minimum 66.2798 accepted 1  with params [-5.53225194  0.93971752  1.75659551 44.09945381]
at minimum 66.1859 accepted 1  with params [-5.44551557  0.93385325  1.93587731 43.91960639]
at minimum 67.3581 accepted 0  with params [-6.          0.99        1.75652428 43.12945332]
at minimum 107.5757 accepted 0  with params [-5.60099268  0.53672277  1.78898622 57.93960869]
at minimum 67.4073 accepted 0  with params [-5.89177106  0.99        1.89141348 43.0189004 ]
at minimum 70.3534 accepted 0  with params [-5.30351892  0.99        3.         42.15921511]
at minimum 94.2441 accepted 0  with params [-5.69136693  0.58083433  1.90656466 57.89526372]
at minimum 67.4150 accepted 1  with params [-6.          0.99        2.42526075 43.03103282]
at minimum 67.5800 accepted 1  with params [-5.78653073  0.99        2.2892628  42.84215338]
at minimum 70.6227 accepted 0  with params [-5.31954269  0.71391644  2.31806556 47.45114075]
at minimum 67.4166 accepted 1  with params [-6.          0.99        2.44365563 43.02876999]
at minimum 68.4309 accepted 1  with params [-5.95312616  0.76453424  2.70952052 51.8701304 ]
at minimum 68.0738 accepted 1  with params [-6.          0.75867698  2.3224516  53.56000957]
at minimum 69.5645 accepted 0  with params [-5.99412247  0.72741358  2.41946301 54.31886577]
at minimum 223.5692 accepted 0  with params [-5.57052191  0.31149884  1.97805435 60.38925863]
at minimum 66.5430 accepted 1  with params [-6.          0.93586016  1.9063036  45.1751467 ]
at minimum nan accepted 1  with params [-5.97912626  0.79523183  2.05402663 45.61880138]
at minimum 66.2160 accepted 1  with params [-6.          0.83164486  2.21652199 49.47524171]
at minimum 68.3584 accepted 0  with params [-5.8128435   0.77911107  2.51068188 50.29590232]
at minimum 69.9001 accepted 0  with params [-6.          0.70882682  2.13700345 55.75497827]
at minimum 92.9280 accepted 0  with params [-5.79655369  0.56676999  1.89394901 60.99013865]
at minimum 67.5701 accepted 1  with params [-5.89486316  0.99        3.         42.86280656]
