at minimum 164.1959 accepted 1  with params [-4.5         0.4         3.         37.97035863]
at minimum 197.6328 accepted 0  with params [-4.68066062  0.87159047  2.6273031  34.75708183]
at minimum 177.6753 accepted 0  with params [-4.46425554  0.58245595  2.65632561 36.40173818]
at minimum 183.9960 accepted 0  with params [-4.29922382 -0.05165047  3.         37.96372312]
at minimum 204.2888 accepted 0  with params [-4.7016435  -0.03938087  2.7626871  38.0659142 ]
at minimum 173.6944 accepted 0  with params [-4.5701746   0.61980072  2.71122552 36.92595392]
at minimum 212.4770 accepted 0  with params [-4.77382509  0.99        3.         33.29362914]
at minimum 198.0940 accepted 0  with params [-4.6714886  -0.06317681  2.50714655 37.67591388]
at minimum 207.3828 accepted 0  with params [-4.18058962  0.79236265  2.74515647 33.89739532]
at minimum 176.7958 accepted 0  with params [-4.31624826  0.19875377  2.81113373 37.49170587]
at minimum 164.3163 accepted 1  with params [-4.88551378  0.42209073  2.62984528 42.39897406]
at minimum 204.9836 accepted 0  with params [-5.22001318  0.99        2.70111456 33.86179233]
at minimum 193.7080 accepted 0  with params [-4.91176668  0.19171331  2.299026   43.77496219]
at minimum 190.0131 accepted 0  with params [-5.39953714  0.81427259  2.765626   40.91115138]
at minimum 177.6000 accepted 0  with params [-5.23316763  0.67267236  2.86161894 42.84661532]
at minimum 161.0395 accepted 1  with params [-4.71193598  0.25315534  2.22464636 40.63991432]
at minimum 190.3433 accepted 0  with params [-4.44222437  0.71628778  2.57140011 35.27366088]
at minimum 158.3609 accepted 1  with params [-4.80125223  0.42805605  2.06044575 40.76444785]
at minimum 159.8411 accepted 1  with params [-4.62578602  0.23796178  2.07377805 39.52438205]
at minimum 190.4915 accepted 0  with params [-4.23330757  0.4116933   1.61544285 35.42272082]
at minimum 212.1456 accepted 0  with params [-4.65081939 -0.1810768   2.38353719 39.38255154]
at minimum 188.0799 accepted 0  with params [-4.29735967  0.41838271  2.02475667 38.48218946]
at minimum 161.8491 accepted 0  with params [-4.70242737  0.5205176   2.13289123 38.7723462 ]
at minimum 202.6365 accepted 0  with params [-4.17572032  0.61604574  1.77014158 37.13959577]
at minimum 167.6954 accepted 0  with params [-4.98876041  0.63708915  1.85131549 40.29477959]
at minimum 202.3824 accepted 0  with params [-4.6238643  -0.23277802  1.6283142  38.58000831]
at minimum 174.8975 accepted 0  with params [-5.12267886  0.62451046  2.35580997 39.37942268]
at minimum 157.9445 accepted 1  with params [-4.69871406  0.29471621  1.88739047 40.15845435]
at minimum 192.8051 accepted 0  with params [-4.32025866  0.62782064  1.80293472 35.07986155]
at minimum 155.5704 accepted 1  with params [-4.74586993  0.36006227  1.37821852 40.35545132]
at minimum 172.9168 accepted 0  with params [-5.06941439  0.73816705  0.20236708 39.69835457]
at minimum 181.2040 accepted 0  with params [-5.22264435  0.77199014  0.98986237 40.45638089]
at minimum 226.7034 accepted 0  with params [-5.04035858  0.16519934  1.69380121 40.02045845]
at minimum 189.5521 accepted 0  with params [-4.36795537 -0.08051098  1.33705278 40.33025977]
at minimum 232.8187 accepted 0  with params [-5.11330824  0.18642955  1.40962821 40.43069127]
at minimum 123.3967 accepted 1  with params [-5.21973494e+00  1.29480804e-01  5.00000000e-02  6.75018228e+01]
at minimum 137.0355 accepted 0  with params [-5.02294419e+00 -4.52559903e-02  1.42543918e-01  6.58801131e+01]
at minimum 172.5416 accepted 0  with params [-4.79476622 -0.45815699  0.05       49.55638681]
at minimum 356.6332 accepted 0  with params [-5.22901457 -0.24445002  0.47823911 67.0101551 ]
at minimum 156.8768 accepted 0  with params [-5.06767687  0.1750618   0.23640727 67.35845913]
at minimum 161.6099 accepted 0  with params [-5.46013078  0.38031185  0.42455189 67.40153684]
at minimum 155.2505 accepted 0  with params [-4.83388666  0.56469969  0.05619733 40.80295974]
at minimum 630.9217 accepted 0  with params [-5.66446382e+00 -2.09927548e-01  5.00000000e-02  9.00000000e+01]
at minimum 134.3010 accepted 0  with params [-5.51212223  0.25622724  0.10946425 77.81798137]
at minimum 126.1649 accepted 0  with params [-5.30976860e+00  2.04725884e-01  5.00000000e-02  6.91449040e+01]
at minimum 171.1554 accepted 0  with params [-6.00000000e+00  3.60487276e-01  5.00000000e-02  8.28432458e+01]
at minimum 160.7979 accepted 0  with params [-5.41001208  0.25445526  0.47103604 66.66591068]
at minimum 189.1624 accepted 0  with params [-6.          0.54762948  3.         58.70747436]
at minimum 176.2354 accepted 0  with params [-4.91699850e+00 -5.60322721e-02  1.52861447e-01  6.74248818e+01]
at minimum 305.6079 accepted 0  with params [-5.28339663e+00 -2.66186446e-01  5.00000000e-02  6.77057687e+01]
at minimum 154.3520 accepted 0  with params [-5.10579761e+00 -5.58480874e-02  3.02609649e-01  6.71310459e+01]
at minimum 263.1572 accepted 0  with params [-5.36864073e+00 -1.98676693e-01  5.00000000e-02  9.00000000e+01]
at minimum 324.8372 accepted 0  with params [-5.60671459e+00  4.48127169e-03  3.28721397e-01  6.78866391e+01]
at minimum 229.0164 accepted 0  with params [-4.81523223 -0.08428517  0.09222208 67.66397748]
at minimum 132.2538 accepted 0  with params [-5.38778938  0.26302564  0.20140876 68.56691545]
at minimum 122.8909 accepted 1  with params [-5.21579883  0.13586281  0.10449636 67.14860728]
at minimum 124.0771 accepted 0  with params [-5.14664076e+00  1.20621357e-01  5.00000510e-02  6.50270920e+01]
at minimum 127.9465 accepted 0  with params [-5.28601925e+00  2.40248719e-01  5.00000040e-02  6.51560959e+01]
at minimum 130.8269 accepted 0  with params [-5.28210383e+00  2.60140601e-01  5.00000926e-02  6.67456735e+01]
at minimum 138.5768 accepted 0  with params [-5.07792517e+00  2.50973773e-02  2.48526079e-01  6.68211497e+01]
at minimum 154.9117 accepted 0  with params [-5.52538306  0.40944686  0.27602064 65.9564442 ]
at minimum 162.9011 accepted 0  with params [-5.19788648  0.17341072  0.44906939 65.94742731]
at minimum 166.6410 accepted 0  with params [-5.4732033   0.5659417   0.08444385 50.98346515]
at minimum 125.2031 accepted 0  with params [-5.14495925e+00  6.89506551e-02  5.00000000e-02  6.74143431e+01]
at minimum 169.2384 accepted 0  with params [-5.64343567  0.3234059   0.5470357  72.33603056]
at minimum 135.2086 accepted 0  with params [-5.4916483   0.27145413  0.12272583 73.78939809]
at minimum 134.5786 accepted 0  with params [-5.35123637  0.24410612  0.27495619 67.36163238]
at minimum 153.2232 accepted 0  with params [-5.36777775e+00  4.78474584e-01  5.00000000e-02  5.37962865e+01]
at minimum 124.0251 accepted 1  with params [-5.15464523e+00  5.89135005e-02  1.03961796e-01  6.56681565e+01]
at minimum 149.1843 accepted 0  with params [-5.60242634e+00  3.49495731e-01  5.22447998e-02  7.15493352e+01]
at minimum 186.6008 accepted 0  with params [-5.49930433  0.27885308  0.68788725 66.66488628]
at minimum 138.6404 accepted 0  with params [-5.43749046  0.31778549  0.0775242  65.93768534]
at minimum 176.5431 accepted 0  with params [-5.02214427e+00 -2.96902711e-01  5.00000000e-02  6.39219753e+01]
at minimum 155.3695 accepted 0  with params [-5.34747655  0.35019305  0.48770049 58.03775721]
at minimum 130.6621 accepted 0  with params [-5.13097729e+00  3.16766598e-02  2.31408622e-01  6.55342690e+01]
at minimum 183.2373 accepted 0  with params [-4.89780838 -0.13504746  0.2811662  65.34598882]
at minimum 122.9887 accepted 1  with params [-5.0469242   0.10132442  0.17997558 56.85607761]
at minimum 138.1817 accepted 0  with params [-5.2863483   0.2587564   0.07398637 56.43270833]
at minimum 129.1513 accepted 0  with params [-4.99380117e+00 -5.33743106e-02  1.03564734e-01  5.72489137e+01]
at minimum 148.6145 accepted 0  with params [-5.11013122  0.22560147  0.46073078 56.9463293 ]
at minimum 130.6198 accepted 0  with params [-5.00642456  0.30059546  0.05       49.77157444]
at minimum 152.9825 accepted 0  with params [-5.2120555   0.24769787  0.48389459 56.57780458]
at minimum 249.8087 accepted 0  with params [-5.45056713e+00  5.60790164e-02  5.00000000e-02  5.67693538e+01]
at minimum 140.3677 accepted 0  with params [-5.33514286  0.3396447   0.0721382  56.87508341]
at minimum 130.0055 accepted 0  with params [-5.08308166  0.29605771  0.08326076 53.94378909]
at minimum 147.0736 accepted 0  with params [-4.95835479 -0.18900394  0.2270317  56.5666835 ]
at minimum 167.2518 accepted 0  with params [-4.77243234e+00  3.17491687e-02  9.30549948e-01  4.25028150e+01]
at minimum 155.6753 accepted 0  with params [-5.3555592   0.37038435  0.48946404 57.30347698]
at minimum 145.6335 accepted 0  with params [-4.91753543 -0.22491347  0.12779664 56.49092362]
at minimum 123.8660 accepted 0  with params [-4.99852756  0.08160059  0.05650612 55.13701643]
at minimum 138.9299 accepted 0  with params [-5.21037483e+00  3.71246444e-01  5.00000000e-02  5.72560200e+01]
at minimum 152.9116 accepted 0  with params [-4.8385357  -0.19573485  0.26651553 56.13920122]
at minimum 194.6732 accepted 0  with params [-4.85328165e+00  3.47610845e-02  5.94575365e-01  5.70393917e+01]
at minimum 140.8875 accepted 0  with params [-4.78490981  0.22507482  0.49623762 43.16174377]
at minimum 198.8029 accepted 0  with params [-5.41718287  0.18858613  0.48318974 56.45852282]
at minimum 347.4079 accepted 0  with params [-5.24125121 -0.21756093  0.4812702  56.85487808]
at minimum 147.7104 accepted 0  with params [-5.02799421 -0.1426256   0.20248278 56.5431713 ]
at minimum 212.8164 accepted 0  with params [-4.99585623 -0.09642857  0.58713097 56.78262564]
at minimum 258.3049 accepted 0  with params [-5.12136576e+00 -3.46651101e-01  5.00000000e-02  5.69471455e+01]
at minimum 144.7480 accepted 0  with params [-4.89110468  0.46100637  0.05639029 43.30833877]
at minimum 128.4518 accepted 0  with params [-5.11470913  0.28467019  0.15997782 54.1685052 ]
