at minimum 4.0657 accepted 1  with params [-4.48273612  0.4         0.05       40.3078641 ]
at minimum 4.9976 accepted 0  with params [-4.95819936  0.99        3.         42.21549443]
at minimum 3.6632 accepted 1  with params [-4.44169691  0.74782373  0.05000031 43.41593667]
at minimum 4.1800 accepted 1  with params [-4.67179556  0.88890284  0.50568771 42.87312998]
at minimum 4.4335 accepted 1  with params [-4.78516987  0.99        0.30021821 42.73391345]
at minimum 4.5172 accepted 1  with params [-4.54647354  0.91874811  0.62030577 42.91176804]
at minimum 4.1990 accepted 1  with params [-4.44449882  0.99        0.05       42.85526994]
at minimum 4.0463 accepted 1  with params [-4.26740351  0.74055045  0.36942174 42.73261838]
at minimum 4.8794 accepted 1  with params [-4.0365244   0.99        0.56869217 42.78870928]
at minimum 3.5947 accepted 1  with params [-4.53636377  0.59618867  0.96669552 42.57151488]
at minimum 3.5975 accepted 1  with params [-4.82677452  0.74731797  0.4813883  45.25063139]
at minimum 6.8164 accepted 0  with params [-5.14357638  0.35669839  0.300906   45.43292027]
at minimum 4.6093 accepted 1  with params [-4.95486782  0.99        0.51179961 42.62977656]
at minimum 3.3285 accepted 1  with params [-4.75347533  0.52203665  0.05       47.13621539]
at minimum 4.1901 accepted 0  with params [-4.49406973  0.99        0.05       42.73463586]
at minimum 5.2496 accepted 0  with params [-4.81801953  0.05404648  0.34748664 47.14108581]
at minimum 4.1492 accepted 0  with params [-5.21236918e+00  3.78477918e-01  5.83264183e-02  6.17961130e+01]
at minimum 3.7267 accepted 0  with params [-4.48245229  0.47360681  0.28782747 47.50712739]
at minimum 5.6153 accepted 0  with params [-5.13841307  0.41336922  0.05       47.47227841]
at minimum 3.4159 accepted 1  with params [-4.82101115  0.59573925  0.0802867  47.29909311]
at minimum 3.3835 accepted 1  with params [-4.83909722  0.55122097  0.21876145 47.63240321]
at minimum 4.7853 accepted 0  with params [-4.87951401  0.99        0.70443515 42.43802857]
at minimum 3.6818 accepted 1  with params [-4.59991724  0.79744496  0.05021615 43.47753258]
at minimum 3.8195 accepted 1  with params [-4.77404377  0.80152556  1.09842311 43.72624445]
at minimum 5.1099 accepted 0  with params [-4.66297037  0.99        1.04094233 42.5102328 ]
at minimum 4.8771 accepted 1  with params [-4.98295482  0.99        1.03361299 42.32967352]
at minimum 6.3695 accepted 0  with params [-5.24862584  0.63452811  0.68815807 42.42313094]
at minimum 4.1809 accepted 1  with params [-4.76951266  0.56115214  0.66813218 42.66708745]
at minimum 3.7081 accepted 1  with params [-5.07712441e+00  5.84617205e-01  5.00000000e-02  5.21943841e+01]
at minimum 4.0187 accepted 1  with params [-5.10029641  0.46061779  0.17343139 51.72382467]
at minimum 3.7259 accepted 1  with params [-4.76108105e+00  2.18863914e-01  5.00000000e-02  5.12530113e+01]
at minimum 3.7625 accepted 1  with params [-4.66988443  0.31458702  0.13728103 50.83532908]
at minimum 4.0583 accepted 1  with params [-4.84065608e+00  1.08824427e-01  5.00000000e-02  5.06859427e+01]
at minimum 7.7320 accepted 0  with params [-5.15620963  0.08789336  0.19340339 50.99715257]
at minimum 4.2173 accepted 1  with params [-4.94514626  0.47046303  0.42508641 50.00695775]
at minimum 10.2702 accepted 0  with params [-4.94607986e+00 -1.92885512e-02  9.11562979e-01  4.95224795e+01]
at minimum 3.3708 accepted 1  with params [-4.58154412  0.62430562  0.06321722 44.72874843]
at minimum 3.6706 accepted 1  with params [-4.84645501  0.78462815  0.20757857 45.29904977]
at minimum 3.3013 accepted 1  with params [-4.71290865  0.55177144  0.05       46.42274601]
at minimum 3.6615 accepted 0  with params [-5.18084508  0.62470561  0.20159486 52.0103184 ]
at minimum 4.0954 accepted 0  with params [-4.94932647  0.55115382  0.43888618 46.39541286]
at minimum 8.9131 accepted 0  with params [-5.06001524  0.17226296  0.53204895 46.35349956]
at minimum 4.8650 accepted 0  with params [-4.57634429  0.9136309   0.4489491  46.61657437]
at minimum 3.3027 accepted 1  with params [-4.44729343  0.53374886  0.05       44.49319463]
at minimum 3.1453 accepted 1  with params [-4.21382033  0.17099774  0.05       43.41050197]
at minimum 3.3710 accepted 1  with params [-4.68074974  0.38075733  0.32281641 46.62235555]
at minimum 3.8510 accepted 0  with params [-4.40394083  0.54390624  0.05       46.95610855]
at minimum 4.5784 accepted 1  with params [-5.124628    0.54825078  0.28074663 46.98722088]
at minimum 10.6188 accepted 0  with params [-5.53074908  0.29338775  0.05       47.11755722]
at minimum 4.4188 accepted 1  with params [-5.17811262  0.99        0.05       42.90995484]
at minimum 4.3642 accepted 1  with params [-4.16984829  0.99        0.05000001 42.93408932]
at minimum 4.8127 accepted 1  with params [-3.75713012  0.66609002  0.74206859 43.36783248]
at minimum 3.7285 accepted 1  with params [-4.30433022  0.49214668  0.94060107 43.20076794]
at minimum 3.5628 accepted 1  with params [-4.52225817  0.64299957  3.         43.87589893]
at minimum 6.6534 accepted 0  with params [-4.81605418  0.36456227  3.         48.81779475]
at minimum 5.5435 accepted 0  with params [-4.55231368  0.15233739  3.         44.12995851]
at minimum 5.3800 accepted 0  with params [-4.57792812  0.99        2.91607574 42.44916154]
at minimum 4.5502 accepted 1  with params [-3.96984186  0.50934739  3.         42.72999995]
at minimum 3.9074 accepted 1  with params [-3.90190011 -0.46183501  3.         42.7299949 ]
at minimum 4.5239 accepted 1  with params [-3.5845067  -0.24252623  3.         42.72000321]
at minimum 36915175795025395712.0000 accepted 0  with params [-3.10049574  0.06286861  2.49767808 10.        ]
at minimum 4.6194 accepted 1  with params [-3.548094   -0.72120778  2.84876623 42.72      ]
at minimum 4.0622 accepted 1  with params [-3.85129998 -0.58798292  2.84745463 42.72999997]
at minimum 4.6963 accepted 1  with params [-3.38225144 -0.67644072  3.         42.72003565]
at minimum 11.2860 accepted 0  with params [-3.34797903 -0.9         2.61067285 39.84934429]
at minimum 79793884.9638 accepted 0  with params [-3.23105427 -0.71805815  3.         10.        ]
at minimum 3102967587521349632.0000 accepted 0  with params [-3.10915041 -0.9         2.59777185 10.        ]
at minimum 12837284891845046.0000 accepted 0  with params [-3.13737033 -0.36707426  2.70123226 10.        ]
at minimum 3.9366 accepted 1  with params [-3.89878828 -0.49308608  2.99999798 42.73023072]
at minimum 4.0176 accepted 0  with params [-3.87680615 -0.58115874  3.         42.53718627]
at minimum 5.0050 accepted 0  with params [-3.36951976 -0.80735394  2.46178888 42.49758198]
at minimum 4.6101 accepted 0  with params [-3.47573255 -0.68210742  3.         42.72000001]
at minimum 7.1671 accepted 0  with params [-4.33028394 -0.9         2.47719964 44.56070351]
at minimum 6.3879 accepted 0  with params [-4.28052099 -0.7831021   3.         43.0640181 ]
at minimum 4.4401 accepted 1  with params [-4.05779522 -0.84294371  3.         43.41000259]
at minimum 4.1369 accepted 1  with params [-3.81092088 -0.40435428  2.78772985 42.73000252]
at minimum 4.7152 accepted 1  with params [-4.1760598  -0.69651114  2.60659282 43.4134985 ]
at minimum 5.4755 accepted 0  with params [-4.43986887 -0.23962488  2.07462211 43.05857617]
at minimum 3.8787 accepted 1  with params [-3.93394839 -0.42321856  2.92308469 42.7294912 ]
at minimum 4.6739 accepted 0  with params [-3.49658246 -0.29797567  3.         42.72000575]
at minimum 4.4795 accepted 1  with params [-4.30209169 -0.17785573  2.93131988 42.65874022]
at minimum 8.2566 accepted 0  with params [-4.4936343  -0.46158263  3.         45.64525382]
at minimum 8.0512 accepted 0  with params [-4.74580292  0.19788771  2.8395285  42.27577551]
at minimum 4.6413 accepted 1  with params [-4.13376044 -0.71725487  3.         43.41202347]
at minimum 4.3558 accepted 1  with params [-4.28129585 -0.21980334  3.         44.48934036]
at minimum 4.4054 accepted 1  with params [-3.79396885 -0.19353192  2.87432729 44.77670589]
at minimum 4.3193 accepted 1  with params [-3.88068159 -0.9         2.60198045 42.71999491]
at minimum 4.5152 accepted 1  with params [-4.08782834 -0.9         2.47766586 43.41000523]
at minimum 5.3676 accepted 0  with params [-4.18858052 -0.9         2.57677387 43.41012939]
at minimum 4.0413 accepted 1  with params [-3.98785877 -0.60730452  2.30705377 42.72026005]
at minimum 4.4472 accepted 1  with params [-3.75585419 -0.1484828   1.87146943 42.51199268]
at minimum 4.0767 accepted 1  with params [-4.18418599 -0.3737752   2.10929093 42.1655362 ]
at minimum 4.3160 accepted 1  with params [-3.86644389 -0.9         2.55020979 42.72579327]
at minimum 4.7970 accepted 1  with params [-3.41189706 -0.9         2.19096394 42.68811901]
at minimum 4.3423 accepted 1  with params [-3.85824977 -0.9         2.41808066 42.71999508]
at minimum 4.5804 accepted 1  with params [-3.57207967 -0.50335438  2.499238   42.72000002]
at minimum 1653503104889.2207 accepted 0  with params [-3.182766   -0.25989977  3.         10.        ]
at minimum 3.6926 accepted 1  with params [-4.16515722 -0.16321514  2.0751211  43.41019923]
at minimum 7.3858 accepted 0  with params [-4.42019564 -0.6917683   2.13917862 43.91112711]
at minimum 9.1293 accepted 0  with params [-4.57545532 -0.46017101  2.21173898 43.23265681]
at minimum 3.7879 accepted 1  with params [-4.04975285 -0.29189082  2.25940084 42.73019356]
