at minimum 4.4253 accepted 1  with params [-4.50000001  0.4         0.50000001 40.        ]
at minimum 4.2005 accepted 1  with params [-4.40761535 -0.9         0.15517122 39.37450357]
at minimum 4.0706 accepted 1  with params [-4.15383777 -0.9         0.25008031 34.95030414]
at minimum 4.2174 accepted 1  with params [-4.53957366 -0.9         0.05438213 38.5690415 ]
at minimum 12.8132 accepted 0  with params [-4.96680765 -0.76994227  0.38887837 47.65436059]
at minimum 4.2759 accepted 1  with params [-4.33229709 -0.9         0.13483197 38.74511645]
at minimum 6.3337 accepted 0  with params [-4.64357207 -0.86031328  0.451272   39.09699422]
at minimum 5.7255 accepted 0  with params [-4.72217952 -0.9         0.11168286 38.63507934]
at minimum 4.2769 accepted 1  with params [-4.02389827 -0.9         0.35862127 33.52201638]
at minimum 4.3693 accepted 1  with params [-3.99590219 -0.9         0.52301432 33.51498615]
at minimum 4.4991 accepted 1  with params [-4.4743233  -0.9         0.26801508 33.47630459]
at minimum 8.3502 accepted 0  with params [-4.94455004e+00 -8.22871335e-01  5.00000115e-02  5.40038056e+01]
at minimum 7.9411 accepted 0  with params [-4.66003766 -0.9         0.52584417 33.34110341]
at minimum 10.7264 accepted 0  with params [-4.90998672 -0.9         0.11949657 33.05357971]
at minimum 3.9044 accepted 1  with params [-4.11218663 -0.61161159  0.37743627 33.53727894]
at minimum 4.5861 accepted 1  with params [-3.90624759 -0.49241143  0.3790146  33.58662929]
at minimum 5.5429 accepted 0  with params [-5.99553272  0.99        0.05000006 33.82520931]
at minimum 3.6945 accepted 1  with params [-4.27352979 -0.16443679  0.20345923 33.6546486 ]
at minimum 3.7477 accepted 1  with params [-4.30257774 -0.53440419  0.31411123 34.11738416]
at minimum 4.3905 accepted 1  with params [-4.63550761 -0.37315418  0.05       33.68381792]
at minimum 5.7221 accepted 0  with params [-5.11683667  0.99        3.         33.01803627]
at minimum 10.8714 accepted 0  with params [-4.87330427 -0.73523582  0.41148206 33.99346018]
at minimum 4.3250 accepted 1  with params [-4.63173096 -0.82735884  0.05       41.08002625]
at minimum 3.8146 accepted 1  with params [-4.23975915 -0.42628158  0.05       34.98093828]
at minimum 4.6939 accepted 1  with params [-3.82310594 -0.71897387  3.         33.51023568]
at minimum 5.6138 accepted 0  with params [-4.27464252 -0.9         2.60216148 34.37190685]
at minimum 5.3389 accepted 1  with params [-3.48632861 -0.81268193  3.         33.71650475]
at minimum 100000000000000000000.0000 accepted 0  with params [-3.03505967 -0.9         3.         33.68812217]
at minimum 5.0035 accepted 1  with params [-3.71796356 -0.9         3.         33.51      ]
at minimum 4.3613 accepted 1  with params [-3.94669102 -0.64568491  3.         33.52761185]
at minimum 4.1069 accepted 1  with params [-4.09740503 -0.33293391  3.         33.761831  ]
at minimum 4.5090 accepted 0  with params [-4.01518015e+00  2.11805698e-02  3.00000000e+00  3.35480148e+01]
at minimum 5.3766 accepted 0  with params [-3.70807477e+00 -1.15841433e-02  3.00000000e+00  3.35099960e+01]
at minimum 6.1618 accepted 0  with params [-4.58413762  0.99        2.63475662 32.72453903]
at minimum 4.1827 accepted 1  with params [-4.05931773 -0.43258766  2.99915762 33.66207832]
at minimum 3.9878 accepted 1  with params [-4.2743963   0.19881786  3.         33.92999703]
at minimum 4.6859 accepted 0  with params [-3.93927074 -0.06971492  3.         33.51731611]
at minimum 4.2991 accepted 1  with params [-4.6644724   0.65406578  3.         34.96095377]
at minimum 4.7881 accepted 1  with params [-5.01544163  0.77300562  2.87350878 36.42891057]
at minimum 6.1324 accepted 0  with params [-4.62280613  0.99        2.63071428 32.69861208]
at minimum 7.1209 accepted 0  with params [-5.31941529  0.41479579  2.8039175  50.58865227]
at minimum 5.5746 accepted 1  with params [-6.          0.99        2.74056023 33.69196646]
at minimum 5.4311 accepted 1  with params [-5.52968204  0.67838065  2.82881472 42.22495668]
at minimum 5.5746 accepted 1  with params [-5.95487204  0.99        3.         33.68039117]
at minimum 5.9604 accepted 1  with params [-5.7681466   0.77348832  3.         33.34155766]
at minimum 5.5769 accepted 1  with params [-5.73982143  0.99        3.         33.58261983]
at minimum 5.5749 accepted 1  with params [-6.          0.99        3.         33.69612053]
at minimum 6.8031 accepted 0  with params [-5.89799966  0.64949435  3.         34.02229119]
at minimum 5.4085 accepted 1  with params [-5.93634305  0.60007597  3.         52.10665503]
at minimum 7.1958 accepted 1  with params [-6.          0.28538893  2.6600722  90.        ]
at minimum 8.7374 accepted 0  with params [-5.78415885  0.25584494  2.76276427 89.9945412 ]
at minimum 5.5749 accepted 1  with params [-6.          0.99        3.         33.69612062]
at minimum 5.2803 accepted 1  with params [-6.          0.67101341  2.94685402 47.64931241]
at minimum 11.7927 accepted 0  with params [-6.          0.12571951  2.67457137 90.        ]
at minimum 7.5773 accepted 0  with params [-5.9999999   0.89601506  0.05000001 47.70949164]
at minimum 5.5746 accepted 0  with params [-5.99553684  0.99        2.71456427 33.69003015]
at minimum 5.5749 accepted 0  with params [-6.          0.99        3.         33.69612023]
at minimum 13.4230 accepted 0  with params [-5.4873634   0.1294238   3.         47.41723925]
at minimum 9.0440 accepted 0  with params [-5.77151416  0.23879908  2.63223824 87.00853262]
at minimum 5.5749 accepted 1  with params [-6.          0.99        2.99270284 33.69600006]
at minimum 5.5746 accepted 1  with params [-6.          0.99        2.74837021 33.69208793]
at minimum 5.5753 accepted 1  with params [-5.80785515  0.99        2.73445206 33.61186806]
at minimum 5.5778 accepted 1  with params [-5.71297501  0.99        3.         33.56735368]
at minimum 5.5861 accepted 1  with params [-5.73767181  0.99        2.95910688 33.13545053]
at minimum 5.2643 accepted 1  with params [-5.96390604  0.72915075  3.         44.16417971]
at minimum 5.5749 accepted 1  with params [-6.         0.99       3.        33.6960906]
at minimum 5.5749 accepted 1  with params [-6.          0.99        3.         33.69611658]
at minimum 5.5749 accepted 1  with params [-6.          0.99        3.         33.69612041]
at minimum 5.5749 accepted 1  with params [-6.          0.99        3.         33.69611876]
at minimum 5.4374 accepted 1  with params [-6.          0.91138096  2.84080912 36.42866331]
at minimum 5.5745 accepted 0  with params [-5.83952586  0.99        2.29019474 33.6187356 ]
at minimum 5.4537 accepted 1  with params [-5.69796053  0.94998588  2.78858259 34.80905591]
at minimum 5.6308 accepted 1  with params [-5.74384936  0.7809072   2.86199686 35.04745634]
at minimum 5.5746 accepted 1  with params [-5.8973195   0.99        3.         33.64623096]
at minimum 5.6219 accepted 1  with params [-5.36293365  0.99        3.         33.24181384]
at minimum 5.5761 accepted 1  with params [-5.76888452  0.99        3.         33.59831216]
at minimum 5.5741 accepted 1  with params [-5.92935609  0.99        2.39774143 33.62396056]
at minimum 6.4149 accepted 1  with params [-6.          0.70762568  2.30599955 33.86923203]
at minimum 5.5741 accepted 1  with params [-6.          0.99        2.3268636  33.68609821]
at minimum 5.3683 accepted 1  with params [-6.          0.60486608  2.79880219 52.11453729]
at minimum 8.5592 accepted 0  with params [-5.70868281  0.87236229  0.06374931 50.64883045]
at minimum 7.3407 accepted 0  with params [-6.          0.27367395  2.93440232 90.        ]
at minimum 5.3764 accepted 1  with params [-6.          0.60003404  2.73064437 52.45147687]
at minimum 12.6014 accepted 0  with params [-5.61215682  0.16056003  3.         52.02117315]
at minimum 5.2637 accepted 1  with params [-6.          0.72766892  2.6585038  44.30323802]
at minimum 5.2306 accepted 1  with params [-5.79176709  0.76036157  2.20226597 41.77807098]
at minimum 4.9991 accepted 1  with params [-5.24782114  0.78195137  2.37014415 37.75185581]
at minimum 4.4114 accepted 1  with params [-4.69423397  0.31058489  2.30249059 38.03900609]
at minimum 3.6244 accepted 1  with params [-4.73393142  0.51753127  0.27170948 36.05703578]
at minimum 6.4826 accepted 0  with params [-5.10518654  0.10012901  0.05       36.36656991]
at minimum 8.9053 accepted 0  with params [-5.16816773  0.17601944  0.80857673 35.91466975]
at minimum 4.2417 accepted 1  with params [-5.03688473  0.69488984  0.34739057 37.49049688]
at minimum 5.7410 accepted 0  with params [-5.14959109  0.99        0.15438562 37.68578163]
at minimum 5.2311 accepted 1  with params [-4.62230616  0.99        0.05       33.56672049]
at minimum 3.8905 accepted 1  with params [-4.80461995  0.53534772  0.32022359 34.09620796]
at minimum 4.2867 accepted 0  with params [-4.92625169  0.64513717  0.30312837 33.95525049]
at minimum 4.7670 accepted 0  with params [-4.31805788  0.59191071  3.         33.98114651]
at minimum 5.1222 accepted 1  with params [-4.41123364  0.95831244  0.05       33.59110856]
at minimum 3.8130 accepted 1  with params [-4.66396387  0.28092438  0.05       33.18014346]
at minimum 4.1152 accepted 1  with params [-5.02310002  0.66851794  0.29595903 37.6555405 ]
at minimum 2.9861 accepted 1  with params [-4.65421967e+00 -3.39069786e-02  2.49301278e-01  3.80725315e+01]
