at minimum 4.6519 accepted 1  with params [-4.5         0.4         0.49999995 40.00000013]
at minimum 5.9593 accepted 1  with params [-4.80023969  0.86916273  0.31101628 40.89699588]
at minimum 3.6765 accepted 1  with params [-4.39512227 -0.9         0.23315611 42.95603093]
at minimum 5.4240 accepted 0  with params [-4.47093078 -0.9         0.5573784  42.4894796 ]
at minimum 4.2330 accepted 0  with params [-4.14439402 -0.69878693  0.20327875 43.04254629]
at minimum 4.0377 accepted 1  with params [-4.18461876 -0.6914944   0.11187143 42.997114  ]
at minimum 3.7302 accepted 1  with params [-4.2322482  -0.9         0.18805786 43.232213  ]
at minimum 3.9447 accepted 0  with params [-4.26352603 -0.9         0.33568837 43.46420888]
at minimum 3.8664 accepted 1  with params [-4.30820218 -0.64964453  0.05       43.59787435]
at minimum 4.4852 accepted 1  with params [-4.51765189 -0.9         0.1264953  45.69270905]
at minimum 5.6917 accepted 0  with params [-4.65084223 -0.9         0.16391824 45.82668825]
at minimum 3.8706 accepted 1  with params [-4.39283386 -0.9         0.18422116 46.14656631]
at minimum 5.8443 accepted 0  with params [-4.65017461 -0.81969984  0.05       46.25497357]
at minimum 4.8780 accepted 0  with params [-4.2626577  -0.9         0.47437556 46.49655145]
at minimum 5.1360 accepted 0  with params [-4.60555737 -0.9         0.17909027 45.69506471]
at minimum 6.1842 accepted 0  with params [-4.5734078  -0.67508129  0.60882112 45.69079133]
at minimum 4.4037 accepted 0  with params [-4.19719533 -0.75812781  0.05       45.48933353]
at minimum 4.8384 accepted 0  with params [-4.12990344 -0.9         0.2076603  46.15351022]
at minimum 8.3086 accepted 0  with params [-4.86778158e+00 -7.21652083e-01  5.00000000e-02  5.34985138e+01]
at minimum 5.4905 accepted 0  with params [-3.90074885 -0.54730078  0.1796966  39.68312784]
at minimum 8.5119 accepted 0  with params [-4.81912081e+00 -9.00000000e-01  5.00000000e-02  5.11965799e+01]
at minimum 4.1070 accepted 1  with params [-4.34921953 -0.43385259  0.50964684 42.17130707]
at minimum 3.7026 accepted 1  with params [-4.33960995 -0.9         0.25995575 42.65800295]
at minimum 6.2861 accepted 0  with params [-4.64304159 -0.9         0.05       42.83535539]
at minimum 5.3404 accepted 0  with params [-3.97877386 -0.46884043  0.36221927 40.82000171]
at minimum 4.4338 accepted 1  with params [-4.60727154 -0.54081621  0.23693274 43.07210453]
at minimum 16.2463 accepted 0  with params [-5.0751921  -0.45043917  0.5940582  42.61658014]
at minimum 9.2307 accepted 0  with params [-4.80155292 -0.9         0.05       42.80657216]
at minimum 6.3392 accepted 0  with params [-4.58726991 -0.69582213  0.58803392 42.85006147]
at minimum 11.0718 accepted 0  with params [-4.7459616  -0.9         0.61984367 43.46918106]
at minimum 15.8887 accepted 0  with params [-4.92487033 -0.9         0.50015895 43.04830077]
at minimum 10.0260 accepted 0  with params [-4.96276786 -0.45247261  0.05       43.08054327]
at minimum 7.8088 accepted 0  with params [-4.77939356 -0.9         0.05       49.42707115]
at minimum 4.5654 accepted 1  with params [-4.12448437 -0.9         0.44042451 43.07766333]
at minimum 4.7736 accepted 0  with params [-4.1300485  -0.80249042  0.81249188 39.68681738]
at minimum 4.4958 accepted 1  with params [-4.1627238  -0.9         0.59025974 40.82030656]
at minimum 5.3759 accepted 0  with params [-3.96318041 -0.9         0.80236134 39.63035528]
at minimum 5.1031 accepted 0  with params [-4.51869372 -0.9         0.09962316 40.41947375]
at minimum 5.3484 accepted 1  with params [-4.45555912 -0.9         0.59977124 43.03726735]
at minimum 5.1559 accepted 1  with params [-4.3937121  -0.67618756  1.08725247 42.17634762]
at minimum 10.5022 accepted 0  with params [-4.75425715 -0.55546176  1.13469796 45.27951496]
at minimum 5.2186 accepted 1  with params [-4.43766866 -0.71701689  0.82513242 42.18556204]
at minimum 4.9060 accepted 1  with params [-4.14773944 -0.26014338  3.         39.89887933]
at minimum 8.1908 accepted 0  with params [-4.51480344 -0.61063572  2.86585824 40.15434424]
at minimum 5.0435 accepted 1  with params [-4.08915636 -0.36675065  3.         39.74757331]
at minimum 4.7988 accepted 1  with params [-4.30676255e+00 -3.27095647e-02  3.00000000e+00  4.00515031e+01]
at minimum 4.6807 accepted 1  with params [-4.39245024  0.26445553  3.         40.54693708]
at minimum 4.6753 accepted 1  with params [-4.40941295  0.29803196  3.         40.99904251]
at minimum 5.1125 accepted 0  with params [-4.57467883  0.62107439  2.55543099 41.49311501]
at minimum 5.6780 accepted 1  with params [-4.57203674  0.0676391   3.         40.83582561]
at minimum 4.8345 accepted 1  with params [-4.64437945  0.40616386  2.99987727 42.82794396]
at minimum 6.3539 accepted 0  with params [-4.84573163  0.34638775  3.         45.98544478]
at minimum 13.1391 accepted 0  with params [-5.07566634  0.08747521  2.88487589 43.14951613]
at minimum 4.8152 accepted 1  with params [-4.34293057  0.21599018  2.65654245 42.38969703]
at minimum 5.1165 accepted 0  with params [-4.01568648 -0.9         2.96212042 39.66992714]
at minimum 5.1472 accepted 1  with params [-4.42771586  0.5324574   2.7622857  40.92761982]
at minimum 5.6959 accepted 1  with params [-4.36030977  0.59748534  2.86369681 39.78936204]
at minimum 7.2300 accepted 0  with params [-4.7997621   0.23871772  3.         40.21111556]
at minimum 6.1929 accepted 1  with params [-4.61543374  0.82002983  2.76361408 40.27668246]
at minimum 6.7830 accepted 1  with params [-4.34282847  0.81002874  2.38257286 40.29447695]
at minimum 5.2268 accepted 1  with params [-4.78096882  0.39950227  2.24422669 44.37417727]
at minimum 4.9910 accepted 1  with params [-4.89867244  0.56220183  2.13277055 44.04343264]
at minimum 6.0384 accepted 1  with params [-5.23721246  0.60328036  2.54878153 48.7012677 ]
at minimum 6.8737 accepted 1  with params [-5.19627227  0.99        2.72050929 38.922947  ]
at minimum 6.7222 accepted 1  with params [-6.          0.99        2.42989087 39.83792838]
at minimum 6.7226 accepted 1  with params [-5.90687782  0.99        2.76353622 39.46090009]
at minimum 6.7227 accepted 1  with params [-5.91444088  0.99        2.95353634 39.80997157]
at minimum 6.7224 accepted 1  with params [-6.          0.99        2.55944942 39.84009277]
at minimum 6.7221 accepted 1  with params [-5.83445824  0.99        2.16192636 39.75164646]
at minimum 7.8795 accepted 1  with params [-5.79205564  0.66010267  2.38531177 39.90385638]
at minimum 6.2343 accepted 1  with params [-5.85569163  0.50427387  2.83453005 68.87019009]
at minimum 6.2559 accepted 1  with params [-6.          0.82709969  3.         47.12649682]
at minimum 5.6074 accepted 1  with params [-5.60943276  0.71866853  3.         50.365689  ]
at minimum 8.0061 accepted 0  with params [-5.57940881  0.49144548  3.         50.29342898]
at minimum 5.5904 accepted 1  with params [-5.23069151  0.67957546  3.         47.47529363]
at minimum 6.2474 accepted 0  with params [-5.37224888  0.91553004  3.         41.79781553]
at minimum 6.7923 accepted 0  with params [-5.35445138  0.99        3.         39.01714416]
at minimum 9.1173 accepted 0  with params [-5.59871866  0.34096897  3.         72.91030303]
at minimum 6.1130 accepted 0  with params [-5.57079307  0.60059974  3.         56.1911238 ]
at minimum 6.1839 accepted 1  with params [-5.17613232  0.57614575  3.         48.53043353]
at minimum 9.9748 accepted 0  with params [-5.13404776  0.2761349   3.         55.29117072]
at minimum 6.8915 accepted 1  with params [-5.16213783  0.99        2.91777697 38.91168109]
at minimum 5.9009 accepted 1  with params [-5.28160583  0.87419176  2.64703179 42.81718641]
at minimum 6.9997 accepted 0  with params [-5.0169821  0.99       3.        38.8842943]
at minimum 5.6672 accepted 1  with params [-5.21415455  0.68302357  2.20948605 43.00249726]
at minimum 5.6471 accepted 1  with params [-5.63683738  0.7754234   2.37269722 48.61596448]
at minimum 6.7218 accepted 1  with params [-6.          0.99        2.29429573 39.83585473]
at minimum 5.7456 accepted 1  with params [-5.67777317  0.78238551  0.91432937 48.26854646]
at minimum 7.0928 accepted 1  with params [-5.08439619  0.94690988  0.05       46.57295162]
at minimum 4.4825 accepted 1  with params [-4.91681046  0.54319586  0.51375344 45.06482536]
at minimum 5.0090 accepted 0  with params [-5.2637861   0.40472905  0.37340381 57.06420026]
at minimum 4.1774 accepted 1  with params [-4.71555839  0.21225971  0.47937207 45.18909608]
at minimum 4.8345 accepted 0  with params [-4.29671514  0.21752483  0.1543591  40.82615659]
at minimum 6.0602 accepted 0  with params [-4.31503503  0.64520957  0.05       44.69793556]
at minimum 6.4336 accepted 0  with params [-5.05221517  0.34950741  0.83702815 45.16099921]
at minimum 5.2129 accepted 1  with params [-5.05110145  0.48651229  0.15851166 44.86661479]
at minimum 6.0560 accepted 1  with params [-5.42227824  0.8310928   0.23783798 44.71706403]
at minimum 6.1022 accepted 1  with params [-5.64175441  0.82171705  0.3859958  45.10304142]
at minimum 6.6235 accepted 0  with params [-5.7858813   0.99        0.05       39.98030996]
at minimum 8.4632 accepted 0  with params [-5.56993302  0.48131124  0.05       44.99776406]
at minimum 6.4370 accepted 0  with params [-5.86620331  0.78595068  0.05       49.1156617 ]
