at minimum 192.5827 accepted 1  with params [-4.49999866  0.40000079  0.50000047 40.00000432  0.99999994  1.00000102]
at minimum 221.3757 accepted 0  with params [-4.11570455  0.62921622  0.84916196 40.25265982  0.57732001  1.41904279]
at minimum 192.1581 accepted 1  with params [-4.12030461  0.40685639  0.10080057 39.70691341  1.3850765   0.94757669]
at minimum 192.7491 accepted 0  with params [-4.29071672  0.40525795  0.31860606 39.92105691  1.40693728  0.91697577]
at minimum 182.8320 accepted 1  with params [-3.74440338 -0.04964664  0.05       39.5301131   1.38739585  1.34312261]
at minimum 195.2472 accepted 0  with params [-4.23275954  0.43653183  0.54794807 39.79722689  1.0567975   1.66117837]
at minimum 180.2242 accepted 1  with params [-4.08859686e+00  3.79840722e-02  5.05157978e-01  3.96806121e+01
  1.10784009e+00  1.62801670e+00]
at minimum 205.8029 accepted 0  with params [-3.80529991 -0.30719867  0.38120897 40.01853286  0.95227429  1.41163726]
at minimum 185.7880 accepted 0  with params [-4.45013274 -0.08218571  0.7761735  39.96078568  0.66275649  1.95431412]
at minimum 185.0068 accepted 0  with params [-4.12478895  0.29541065  0.07803373 39.91820131  1.46097677  1.41871399]
at minimum 207.2240 accepted 0  with params [-4.15374589 -0.32762836  0.77053398 39.6152375   1.06477366  1.39193443]
at minimum 181.6622 accepted 0  with params [-3.73044526  0.22664386  0.14989646 39.79825658  1.46043652  1.14658393]
at minimum 199.0986 accepted 0  with params [-3.81281814 -0.25827256  0.36695076 39.47820045  1.0176068   1.99999965]
at minimum 179.0164 accepted 1  with params [-4.48510336  0.16699848  0.31635915 39.3046346   1.09495149  1.40282852]
at minimum 218.8867 accepted 0  with params [-4.08400012  0.6372378   0.20591623 39.54976102  1.40227956  1.41778791]
at minimum 178.9503 accepted 1  with params [-4.28228469  0.08667815  0.47237993 39.39676355  1.35536295  1.71122326]
at minimum 180.5460 accepted 1  with params [-3.81840910e+00  2.25755921e-02  3.44566631e-01  3.96551001e+01
  1.50442217e+00  1.68688614e+00]
at minimum 183.8475 accepted 0  with params [-3.93823642 -0.04963944  0.0500016  39.88201169  1.53437508  1.99999932]
at minimum 191.0551 accepted 0  with params [-3.34243726  0.39488496  0.73895445 39.69740065  1.65959396  2.        ]
at minimum 179.4036 accepted 1  with params [-3.71014249  0.19375344  0.52438172 39.27166335  1.66161536  1.43887328]
at minimum 179.0026 accepted 1  with params [-3.81254585  0.07644367  0.15155367 39.29850716  1.2084273   1.87955889]
at minimum 178.5880 accepted 1  with params [-4.16031774  0.08128373  0.48109537 39.0270643   1.63623513  1.93063103]
at minimum 179.0806 accepted 1  with params [-4.17589721  0.09534712  0.48020281 39.46565977  1.36549524  1.84460878]
at minimum 215.8605 accepted 0  with params [-4.11600223 -0.3952935   0.31148151 39.31117603  1.8087491   2.        ]
at minimum 179.5277 accepted 1  with params [-4.57158516  0.05425842  0.61846596 39.49095164  1.5851577   1.4593502 ]
at minimum 194.1647 accepted 0  with params [-4.21056627  0.43348413  0.62533055 39.59334354  1.66769056  1.14352273]
at minimum 179.7108 accepted 1  with params [-4.23823714  0.12335376  0.48984493 39.77749671  2.          1.89645839]
at minimum 183.6866 accepted 0  with params [-4.29658562  0.26929999  0.24205454 39.90558744  1.99999997  1.6268886 ]
at minimum 190.4073 accepted 0  with params [-4.51746512  0.39760428  0.2059986  39.41952944  1.99999984  2.        ]
at minimum 179.2486 accepted 1  with params [-4.34186626  0.13306771  0.69110989 39.62751006  2.          1.41993278]
at minimum 185.1928 accepted 0  with params [-4.15058841  0.30087417  0.66742879 39.88419422  1.99999877  1.80330549]
at minimum 183.4977 accepted 0  with params [-4.62574594 -0.05637374  0.35514779 39.55953674  1.99999981  1.7980204 ]
at minimum 182.5604 accepted 0  with params [-4.82425549 -0.05767039  1.15146165 39.26862409  1.75646874  1.59945244]
at minimum 189.7623 accepted 0  with params [-4.06997859  0.38917309  0.47666644 39.42874313  2.          1.52344257]
at minimum 210.8328 accepted 0  with params [-4.3367742   0.57430467  0.70336428 39.77910145  1.90626274  0.95841957]
at minimum 178.9216 accepted 1  with params [-4.02316517  0.11296027  0.69921863 39.41952674  1.83404464  1.87546745]
at minimum 208.3026 accepted 0  with params [-4.15281482  0.57670173  0.35641806 39.09034497  1.44591672  2.        ]
at minimum 198.7829 accepted 0  with params [-4.01954149 -0.26203691  0.24863097 38.98744401  1.81004053  1.66224496]
at minimum 204.9521 accepted 0  with params [-3.97734636 -0.3149541   1.01376273 39.17929273  1.44832051  1.53818254]
at minimum 200.0632 accepted 0  with params [-3.80141501  0.48261937  0.76676215 39.8612328   2.          2.        ]
at minimum 181.0844 accepted 0  with params [-4.47281071  0.24660031  0.55132136 39.30852824  1.65159889  1.88568656]
at minimum 178.6551 accepted 1  with params [-4.42063051  0.16842058  1.16447736 39.05944142  1.73127404  1.67731587]
at minimum 210.7398 accepted 0  with params [-4.57964094  0.61003935  0.69544953 38.62087709  1.3879997   1.99999908]
at minimum 187.9563 accepted 0  with params [-3.98493639 -0.14228486  0.77533551 38.99820582  1.67904251  1.8215159 ]
at minimum 199.5069 accepted 0  with params [-4.26873491  0.50489247  1.63824083 39.06896493  1.7214555   1.30396217]
at minimum 208.4921 accepted 0  with params [-4.91157149  0.59431911  1.5709243  38.58403614  1.47146747  1.55463205]
at minimum 199.8198 accepted 0  with params [-4.26094976 -0.27179232  1.2960271  39.31961258  1.47617021  1.24005954]
at minimum 177.5547 accepted 1  with params [-4.06889913  0.13867479  1.51186072 38.6136891   1.39076382  1.83810522]
at minimum 184.6714 accepted 0  with params [-4.56578123  0.34799126  1.228056   38.6278751   1.47467565  1.5737947 ]
at minimum 212.2588 accepted 0  with params [-3.99780405  0.61419041  1.21047276 38.84805882  0.97954492  1.90257311]
at minimum 177.0416 accepted 1  with params [-4.31164134  0.10632303  1.76971908 38.36406516  1.06978778  1.43060466]
at minimum 189.4033 accepted 0  with params [-4.07318132 -0.17234369  1.46258766 38.57314078  0.63016788  1.45036642]
at minimum 198.7462 accepted 0  with params [-4.73580852 -0.28256474  1.80079118 37.94964498  1.22317688  1.79946573]
at minimum 200.5216 accepted 0  with params [-4.69340029 -0.29006525  1.76031868 38.31124075  0.83875669  1.12181893]
at minimum 180.0553 accepted 0  with params [-4.73078331  0.25485855  2.13590176 38.67044259  0.87594952  1.31959364]
at minimum 190.7256 accepted 0  with params [-4.04436092 -0.20020093  1.33392382 38.02538982  1.19417137  1.84604504]
at minimum 194.9882 accepted 0  with params [-4.59349655 -0.24530509  2.04495355 38.24310371  1.18323886  1.127063  ]
at minimum 179.6899 accepted 0  with params [-4.30280323  0.26893236  2.14405385 38.09659589  1.04298534  0.98184635]
at minimum 187.0718 accepted 0  with params [-3.87804842 -0.15223258  2.05564575 38.25150738  0.64140539  1.02940918]
at minimum 185.6042 accepted 0  with params [-4.17584413 -0.12794923  1.83073579 38.43912256  0.90445086  1.84232713]
at minimum 189.5494 accepted 0  with params [-4.1779963  -0.18215858  1.46356379 38.30022053  0.87545229  1.86708314]
at minimum 190.9036 accepted 0  with params [-3.99645119 -0.18904202  1.47454732 38.7279161   0.7461623   1.31290415]
at minimum 177.0410 accepted 1  with params [-3.99051488  0.08216045  1.33101021 38.04815109  0.89118355  1.83339043]
at minimum 178.6886 accepted 0  with params [-4.13635643e+00  1.59563183e-02  9.03454166e-01  3.80923944e+01
  9.35636461e-01  1.47171580e+00]
at minimum 188.8830 accepted 0  with params [-3.88223408  0.41442896  0.8926176  38.38454989  0.98437848  1.42300765]
at minimum 196.1652 accepted 0  with params [-4.42779913 -0.25565846  1.67679813 37.98559444  0.90978809  1.89651191]
at minimum 181.6226 accepted 0  with params [-3.79350677  0.31140056  0.9034164  38.09634998  0.94634306  2.        ]
at minimum 180.0184 accepted 0  with params [-4.43344349  0.28811234  0.90332409 37.7553986   0.99379567  1.64143909]
at minimum 198.4024 accepted 0  with params [-3.84559575 -0.27929925  1.43201442 37.69386765  0.6538322   1.56341015]
at minimum 187.0503 accepted 0  with params [-4.04466176  0.39492017  1.13605895 38.23182152  0.59583517  1.40573694]
at minimum 180.9181 accepted 0  with params [-4.0091768  -0.05510916  0.88876494 38.33917799  1.02279493  1.91601198]
at minimum 195.6520 accepted 0  with params [-3.92117005 -0.24951097  1.38879103 38.45891021  0.7055743   1.99999921]
at minimum 206.9150 accepted 0  with params [-4.05265265 -0.34773375  1.22393086 37.85618294  1.30516158  1.79703063]
at minimum 176.8203 accepted 1  with params [-3.77752723  0.13761574  1.51748674 38.06451722  0.80582824  1.76519042]
at minimum 178.4777 accepted 0  with params [-4.19722077  0.21996691  1.73575509 38.35460442  0.41539022  1.8114411 ]
at minimum 201.0032 accepted 0  with params [-4.15577712 -0.30239914  1.41530699 38.01314077  0.37093071  1.64062672]
at minimum 178.6957 accepted 0  with params [-3.37208193  0.23730666  1.73957115 38.16873627  0.98338215  1.53777149]
at minimum 176.7330 accepted 1  with params [-3.96747519  0.17134709  1.61264082 37.62428397  1.1546873   1.51640609]
at minimum 198.8108 accepted 0  with params [-4.25652237  0.54258493  1.54787411 37.44420211  1.22599224  1.79520251]
at minimum 178.6967 accepted 1  with params [-3.91281018  0.2392169   1.23801356 38.04485718  0.77788886  1.48646055]
at minimum 185.9504 accepted 0  with params [-3.51824278 -0.14289497  0.97542099 37.76212291  0.51714256  1.09908764]
at minimum 213.4525 accepted 0  with params [-4.07454533  0.63790793  1.17440671 38.34610272  1.06929566  1.45765966]
at minimum 180.2712 accepted 0  with params [-4.22851175  0.28818232  0.997524   37.90905479  0.3411556   1.81359875]
at minimum 177.2553 accepted 1  with params [-4.09407312  0.18677884  1.30572513 37.94918542  0.69639931  1.3186673 ]
at minimum 179.5281 accepted 0  with params [-4.16990313  0.26081996  1.21463355 38.16089324  0.45938067  1.60367265]
at minimum 193.2588 accepted 0  with params [-4.51203107 -0.22998788  1.08183581 37.91939194  1.09249994  1.17611387]
at minimum 178.8873 accepted 0  with params [-4.09022285  0.25620381  1.53196783 37.81570758  0.8692809   1.70976884]
at minimum 181.7050 accepted 0  with params [-3.96023299  0.31421874  1.05063641 38.05126585  0.9913505   0.98713242]
at minimum 176.6907 accepted 1  with params [-3.92931222  0.16241243  1.09524031 37.82420086  0.955317    1.31510288]
at minimum 186.5707 accepted 0  with params [-4.32867175  0.403545    0.68868093 37.59358285  1.24156659  1.02814392]
at minimum 177.0977 accepted 1  with params [-4.23582616  0.16393199  1.384655   38.14845588  0.60352573  0.98119225]
at minimum 193.6858 accepted 0  with params [-3.81122649 -0.22957674  1.6764625  38.06394765  0.55425346  1.15181441]
at minimum 178.8353 accepted 0  with params [-4.59307489  0.23837045  1.27486946 38.26169521  0.88478791  0.77393997]
at minimum 185.0024 accepted 0  with params [-4.49266724  0.37889346  1.37883443 37.70138053  0.85317683  1.34510695]
at minimum 176.9687 accepted 1  with params [-4.30637279  0.12184808  1.27215722 38.33270704  0.48130367  0.70821167]
at minimum 203.2409 accepted 0  with params [-4.3875064   0.55964074  1.04602609 38.33927242  0.85772664  0.81756704]
at minimum 195.3731 accepted 0  with params [-4.61131767  0.48337085  1.0255001  38.46832008  0.4550744   0.38404789]
at minimum 176.9034 accepted 1  with params [-4.22971023  0.11690691  1.32401817 38.22758809  0.31003337  0.91612516]
at minimum 181.1336 accepted 0  with params [-4.36761562  0.30974961  1.20312745 37.82585674  0.15347101  1.17283696]
at minimum 184.7938 accepted 0  with params [-4.51431955 -0.12245253  0.96870764 38.02703488  0.61576579  1.14365088]
at minimum 179.0252 accepted 0  with params [-3.87652055  0.25331851  1.184436   38.05384673  0.64031023  1.14928659]
