at minimum 109.4004 accepted 1  with params [-4.5  0.4  0.5 40.   1.   1. ]
at minimum 159.7250 accepted 0  with params [-4.35663774  0.70907543  0.05       39.60618847  1.23629228  0.88385061]
at minimum 95.3262 accepted 1  with params [-4.23033333  0.28544126  0.72675619 39.91921457  0.65688778  1.13223432]
at minimum 102.4986 accepted 0  with params [-4.3277993   0.38180635  0.31919339 39.59263677  0.58813237  0.8578529 ]
at minimum 80.3345 accepted 1  with params [-4.18419039 -0.18232288  0.28388144 39.86010091  1.11085861  0.63446455]
at minimum 78.5153 accepted 1  with params [-3.79932945  0.07400593  0.47870416 39.7122255   1.21359192  0.47227321]
at minimum 87.9148 accepted 0  with params [-3.6007417   0.26395709  0.05000034 39.42974226  1.54346076  0.21506581]
at minimum 89.0963 accepted 0  with params [-3.75222672  0.20385368  0.34017968 39.99737969  1.13588288  0.90850122]
at minimum 73.8836 accepted 1  with params [-3.97369976e+00  2.73228570e-02  7.84279969e-01  3.93556304e+01
  1.67636452e+00  3.48864124e-01]
at minimum 95.3796 accepted 0  with params [-4.22456918  0.38420708  1.26943949 38.93552384  1.42316549  0.37016184]
at minimum 117.3350 accepted 0  with params [-3.65213929  0.51123175  0.50995259 39.2767052   1.99999941  0.73959106]
at minimum 89.5807 accepted 0  with params [-3.81956079 -0.41103281  1.20687395 39.19748432  1.77339307  0.39128515]
at minimum 101.0151 accepted 0  with params [-4.41999418 -0.46693629  0.78586492 39.66636331  1.58318165  0.08989765]
at minimum 75.4144 accepted 0  with params [-3.66511441 -0.27884952  1.21927198 38.86450643  1.91161269  0.8028663 ]
at minimum 96.1307 accepted 0  with params [-4.15860327 -0.43806501  1.2334651  39.54236859  1.90879919  0.68596199]
at minimum 94.9616 accepted 0  with params [-3.60852158  0.29161265  1.21650092 39.80851063  1.31306342  0.70912753]
at minimum 69.9989 accepted 1  with params [-4.04867693e+00  3.46236998e-02  5.92365817e-01  3.89416064e+01
  1.44015355e+00  8.50790991e-02]
at minimum 70.3248 accepted 0  with params [-4.12190164e+00 -1.74697974e-01  9.43564856e-01  3.88732882e+01
  1.52822089e+00  6.62075186e-03]
at minimum 83.6435 accepted 0  with params [-4.26287946e+00 -3.37306587e-01  5.60862255e-01  3.92697315e+01
  1.13022075e+00  3.07641435e-02]
at minimum 77.9861 accepted 0  with params [-4.28432915 -0.32886274  0.90656086 38.76434943  1.75855937  0.07272357]
at minimum 65.1598 accepted 1  with params [-4.02181982e+00  1.48177099e-02  1.70082915e-01  3.84905749e+01
  1.11909020e+00  3.80104405e-01]
at minimum 71.0052 accepted 0  with params [-4.36660172 -0.23931679  0.05000021 38.6397935   0.94181097  0.10599774]
at minimum 108.8441 accepted 0  with params [-3.6898798   0.48424207  0.05000057 38.88148452  1.23250294  0.20068895]
at minimum 101.3034 accepted 0  with params [-3.55470171  0.44594378  0.05       38.7217007   0.74132642  0.21960718]
at minimum 84.7855 accepted 0  with params [-3.64226156  0.3734436   0.05000008 38.02351108  1.25472183  0.55287781]
at minimum 63.7930 accepted 1  with params [-4.44816407 -0.1533286   0.05000033 38.21742681  0.7945504   0.        ]
at minimum 81.1612 accepted 0  with params [-3.99535811 -0.44576334  0.05       37.97432232  0.51000803  0.06052483]
at minimum 66.5440 accepted 0  with params [-3.97721992 -0.27210307  0.50902308 37.94060509  0.33338526  0.40957787]
at minimum 87.4180 accepted 0  with params [-4.9348139  -0.48245114  0.4853653  38.20481953  0.46436137  0.        ]
at minimum 68.0521 accepted 0  with params [-4.20903601e+00 -1.48031434e-01  5.00022202e-02  3.87132776e+01
  5.00110936e-01  1.57043844e-06]
at minimum 97.0255 accepted 0  with params [-4.92972301 -0.55734382  0.05       38.19796892  0.62923153  0.47265497]
at minimum 70.3173 accepted 0  with params [-4.13248153  0.24821026  0.05       37.77739131  1.20899708  0.0613728 ]
at minimum 61.4730 accepted 1  with params [-4.15699766 -0.04513486  0.05       38.11046565  1.07265676  0.22985168]
at minimum 63.6118 accepted 0  with params [-4.34508436 -0.16490317  0.5404435  38.12667081  1.3458279   0.47978138]
at minimum 85.9594 accepted 0  with params [-3.80104587e+00 -4.64097477e-01  5.00000378e-02  3.82559896e+01
  1.06145255e+00  2.56043784e-08]
at minimum 73.6712 accepted 0  with params [-4.49622487  0.203925    0.05000002 38.47251211  0.64346775  0.6905705 ]
at minimum 79.0429 accepted 0  with params [-3.96963417 -0.44582158  0.05000004 37.74967413  1.26364789  0.31464307]
at minimum 71.9964 accepted 0  with params [-4.61588585e+00 -3.73960182e-01  5.00000000e-02  3.77193050e+01
  1.30345782e+00  7.53967942e-03]
at minimum 87.0538 accepted 0  with params [-4.11471746e+00  4.22029626e-01  9.07967131e-02  3.76802274e+01
  7.91065609e-01  6.75548237e-09]
at minimum 73.9589 accepted 0  with params [-4.15471763 -0.40224947  0.05       37.67171834  0.63950677  0.47109517]
at minimum 88.7249 accepted 0  with params [-4.06878834 -0.46266392  0.05       38.56816596  0.88279896  0.        ]
at minimum 61.3211 accepted 1  with params [-4.17850053 -0.1461826   0.05000211 37.95468435  0.65349253  0.49572719]
at minimum 100.5325 accepted 0  with params [-4.28006113 -0.57612787  0.05       38.28967978  0.54683015  0.33697114]
at minimum 56.1776 accepted 1  with params [-3.68909752 -0.06903587  0.07865252 37.45980271  0.99495821  0.87979787]
at minimum 83.5274 accepted 0  with params [-3.86381164 -0.4964857   0.08195924 37.62292652  1.00377927  1.21677314]
at minimum 60.0926 accepted 0  with params [-4.159247   -0.2786681   0.05       37.125249    1.34214475  0.7686941 ]
at minimum 59.0512 accepted 0  with params [-3.72042349e+00  3.75559021e-02  5.00000000e-02  3.77032754e+01
  1.43133185e+00  1.37775545e+00]
at minimum 64.9997 accepted 0  with params [-4.1514131   0.26146696  0.05       37.04555098  0.69361337  0.3869672 ]
at minimum 63.0095 accepted 0  with params [-3.58846804  0.20333772  0.05       37.27642072  0.66401581  0.58658342]
at minimum 67.5034 accepted 0  with params [-3.56931745 -0.34241965  0.47391137 37.49824239  1.27212139  1.33042337]
at minimum 80.5322 accepted 0  with params [-3.61917469  0.3751991   0.52324378 37.52568475  1.01393675  0.81961509]
at minimum 58.1650 accepted 0  with params [-3.60798734 -0.081992    0.27271957 37.72793453  1.01779686  1.32035884]
at minimum 77.3206 accepted 0  with params [-4.08296553 -0.46178128  0.05       37.3756      1.05553442  0.82329533]
at minimum 73.0513 accepted 0  with params [-3.81583672 -0.44519623  0.40902687 37.10694811  1.11594799  0.80824148]
at minimum 80.5579 accepted 0  with params [-3.62232534  0.34671786  0.05       37.87637184  1.42471761  0.4821374 ]
at minimum 72.8555 accepted 0  with params [-3.65954241 -0.36500612  0.21307108 37.9039525   0.88224357  0.98451607]
at minimum 57.6869 accepted 1  with params [-4.04571832 -0.13188973  0.1373431  37.58411613  0.82570264  0.53733671]
at minimum 82.9013 accepted 0  with params [-4.28323687 -0.51777729  0.05       37.26996738  1.22397695  0.8603177 ]
at minimum 59.5759 accepted 1  with params [-3.92022876 -0.10299664  0.21469387 37.83022247  0.88550105  0.4847457 ]
at minimum 64.1996 accepted 0  with params [-3.7207769   0.13102618  0.24275933 37.90276901  0.68898088  0.46756117]
at minimum 60.8089 accepted 0  with params [-3.90381969  0.09861704  0.47868706 37.7126582   1.0420308   0.1239952 ]
at minimum 68.1219 accepted 0  with params [-3.98872476  0.2212791   0.65850018 37.71925759  0.6284398   0.21559765]
at minimum 76.5097 accepted 0  with params [-3.84761052 -0.39501151  0.3860939  38.00809884  1.07954809  0.56103545]
at minimum 60.4425 accepted 1  with params [-3.91901029 -0.10219507  0.05       37.95917884  1.19504286  0.53924732]
at minimum 82.7282 accepted 0  with params [-3.57190074 -0.44444768  0.05000014 38.14603392  0.95123746  0.85421271]
at minimum 69.4098 accepted 0  with params [-4.12001885  0.16971528  0.05       38.2744244   0.85463389  0.13686936]
at minimum 77.2040 accepted 0  with params [-3.60145283 -0.39215354  0.30484516 38.114647    1.21165188  0.54985198]
at minimum 69.2499 accepted 0  with params [-3.9774604   0.19742942  0.05000042 38.04038692  1.06263948  0.8933455 ]
at minimum 61.3445 accepted 0  with params [-3.60381164  0.13759126  0.05       37.5631449   1.07879904  0.23438634]
at minimum 77.0506 accepted 0  with params [-3.89603842  0.27529501  0.05       38.26717979  1.34656669  0.56321313]
at minimum 58.9987 accepted 1  with params [-4.14214906 -0.03892371  0.29332457 37.80821486  0.79242787  0.97014526]
at minimum 74.1090 accepted 0  with params [-3.90993726  0.27870416  0.73673263 37.91423837  1.03936329  1.28137549]
at minimum 86.4844 accepted 0  with params [-4.08552683  0.40982149  0.05000002 37.78548411  0.96503629  1.04712195]
at minimum 55.9789 accepted 1  with params [-3.75675013 -0.09323988  0.72725306 37.40063619  0.54465363  1.2511401 ]
at minimum 54.3618 accepted 1  with params [-4.04866858 -0.09556533  0.70985683 37.18516651  0.5460303   1.20325968]
at minimum 56.5871 accepted 0  with params [-4.3992735  -0.21847833  0.40509564 37.07568059  0.49567116  1.50359406]
at minimum 59.1079 accepted 0  with params [-4.32774716  0.20705421  0.90886544 36.79458606  0.98497715  1.3347409 ]
at minimum 54.9744 accepted 1  with params [-4.34932221 -0.05554213  0.78871024 37.31924155  0.28040355  1.15432167]
at minimum 59.8885 accepted 0  with params [-4.75506853 -0.24423066  0.8746744  37.3387869   0.22788365  1.31679037]
at minimum 57.0897 accepted 1  with params [-4.35070866 -0.05432843  0.70883005 37.58434798  0.34905171  1.26945772]
at minimum 65.1964 accepted 0  with params [-4.47982013 -0.34589248  0.61372844 37.19785744  0.24630781  1.47102512]
at minimum 56.2829 accepted 1  with params [-4.08299321 -0.19639161  0.53342881 37.15915782  0.          1.68856103]
at minimum 75.6780 accepted 0  with params [-3.88662467 -0.48013673  0.47390534 36.96198888  0.38277441  1.34050039]
at minimum 60.0606 accepted 0  with params [-4.48067965 -0.28909492  0.29799198 37.04407525  0.          1.98065312]
at minimum 94.2241 accepted 0  with params [-4.27567794 -0.62211787  0.82842609 37.01104641  0.          1.94566058]
at minimum 64.4860 accepted 0  with params [-3.75647754  0.20904943  0.51518834 37.42122153  0.27969441  1.79010713]
at minimum 89.5790 accepted 0  with params [-4.29770789 -0.58143221  0.72283848 37.14049355  0.          2.        ]
at minimum 61.9301 accepted 0  with params [-3.66498209e+00  1.53730882e-01  6.45071923e-01  3.75045125e+01
  5.08724317e-06  1.99999490e+00]
at minimum 76.1042 accepted 0  with params [-4.41358447e+00 -4.90061259e-01  9.55244155e-01  3.68843605e+01
  3.30289004e-07  1.64541898e+00]
at minimum 90.5101 accepted 0  with params [-3.88365032 -0.60186915  0.41279853 36.95846173  0.06914474  1.99999876]
at minimum 54.4367 accepted 1  with params [-4.2339403  -0.04270747  0.35919951 37.26087433  0.          1.87353102]
at minimum 57.6059 accepted 0  with params [-4.45497685  0.05014537  0.23517908 37.49230803  0.43881644  1.47085886]
at minimum 60.7321 accepted 0  with params [-4.60241090e+00  1.31451430e-01  3.60699806e-01  3.75047136e+01
  8.84110274e-18  2.00000000e+00]
at minimum 65.8986 accepted 0  with params [-4.50158287 -0.33265652  0.74682941 37.38582232  0.31521929  1.53879482]
at minimum 58.5150 accepted 0  with params [-3.98923015e+00  3.00931283e-02  7.20772386e-01  3.76652073e+01
  3.54223160e-01  1.99999987e+00]
at minimum 56.3359 accepted 0  with params [-4.15730077  0.05688208  0.05       37.32040762  0.16084022  1.8643644 ]
at minimum 79.0066 accepted 0  with params [-4.55166977 -0.45713058  0.05       37.61460844  0.          1.68429473]
at minimum 70.8667 accepted 0  with params [-4.0206921   0.28606455  0.11349059 37.49355779  0.          2.        ]
at minimum 58.5736 accepted 1  with params [-3.86264652  0.12210768  0.54582707 37.30160148  0.16196824  2.        ]
at minimum 80.4547 accepted 0  with params [-4.09770004  0.41775889  0.25381665 37.06883417  0.34206069  1.69891415]
at minimum 73.2653 accepted 0  with params [-3.68410978  0.36435347  0.36406464 36.95533772  0.46312285  1.88596993]
