at minimum 95.1097 accepted 1  with params [-4.49999974  0.4000001   0.50000043 40.00000853  1.00000017  1.00000017]
at minimum 71.0400 accepted 1  with params [-4.23547671  0.69944495  0.72068735 40.45724617  0.73794507  1.37342341]
at minimum 91.1505 accepted 0  with params [-3.74617929  0.40962633  0.67940585 40.61239691  0.40855563  1.2630552 ]
at minimum 73.1400 accepted 0  with params [-3.78832468  0.94654892  0.60671348 40.54829059  1.0870584   1.40222411]
at minimum 70.0957 accepted 1  with params [-3.78702687  0.8884746   0.7116794  40.9040933   0.73240631  0.88773554]
at minimum 74.8791 accepted 0  with params [-3.67699729  0.99        0.28962504 41.02584401  0.66625773  0.50965539]
at minimum 82.2644 accepted 0  with params [-3.56127362  0.46718085  0.73592001 41.27100158  0.6880653   1.15792529]
at minimum 93.3122 accepted 0  with params [-4.12362476  0.38875597  0.35364932 40.67362267  0.51342845  0.49075227]
at minimum 74.9787 accepted 0  with params [-4.09903894  0.99        0.81558713 40.96437722  0.83008668  1.01060553]
at minimum 67.9087 accepted 1  with params [-3.31642214  0.82069621  1.0124128  41.19241936  0.86930767  1.37374952]
at minimum 72.0763 accepted 0  with params [-3.13970247  0.9362695   0.54773309 40.87477873  0.68934357  1.41046412]
at minimum 72.6942 accepted 0  with params [-3.28003981  0.6294146   0.71428134 40.72742152  0.95466092  1.4073615 ]
at minimum 74.5119 accepted 0  with params [-3.21973887  0.98999992  1.50638066 41.65270356  0.48757215  1.40879401]
at minimum 69.8627 accepted 0  with params [-3.03564388  0.64178627  0.99487975 41.37395911  0.93851544  0.99028396]
at minimum 68.0909 accepted 1  with params [-3.28782068  0.85759999  1.13233519 41.48584534  1.19824641  1.40391002]
at minimum 74.9247 accepted 0  with params [-3.00000011  0.98999996  1.15557324 41.00172378  0.95615527  1.76377533]
at minimum 74.6952 accepted 0  with params [-3.52631749  0.99        0.8187756  41.28496341  0.89023664  0.93633376]
at minimum 75.7091 accepted 0  with params [-3.          0.52923174  0.66818777 41.60772266  0.90870898  1.49935108]
at minimum 69.9962 accepted 1  with params [-3.40966647  0.61097181  1.51882394 41.80339788  0.75175323  1.07039451]
at minimum 127.7605 accepted 0  with params [-3.52882394  0.1546772   1.63260209 41.32163714  0.26014924  1.07740474]
at minimum 67.4681 accepted 1  with params [-3.23691554  0.86234772  1.59709719 42.03861901  0.45699344  1.2302576 ]
at minimum 69.5291 accepted 0  with params [-3.00000009  0.6025245   1.52616375 42.11604534  0.44349448  1.68782999]
at minimum 74.8796 accepted 0  with params [-3.12045513  0.52328821  1.53911871 41.99376474  0.4338805   1.18168302]
at minimum 74.4563 accepted 0  with params [-3.52962088  0.98999991  1.58263619 41.8331245   0.68186975  1.67073993]
at minimum 67.2151 accepted 1  with params [-3.57543642  0.83701606  1.36338689 41.70139551  0.13397239  1.0300593 ]
at minimum 74.4835 accepted 0  with params [-3.57810061e+00  9.89999986e-01  1.77141960e+00  4.17803678e+01
  2.49480454e-06  6.83477236e-01]
at minimum 71.5651 accepted 0  with params [-3.26004302e+00  9.40301440e-01  1.42981918e+00  4.13994538e+01
  1.74916686e-06  6.43349355e-01]
at minimum 74.4431 accepted 0  with params [-3.299598    0.98999987  0.95267099 42.17861384  0.20505057  1.01531986]
at minimum 74.5024 accepted 0  with params [-3.36503031  0.99        1.78361846 41.74099046  0.          1.20111551]
at minimum 66.1589 accepted 1  with params [-3.36948174  0.71012057  0.90031143 42.02253065  0.61240451  1.09454913]
at minimum 74.2124 accepted 0  with params [-3.80032723  0.52648759  1.15322929 42.1134245   1.00920027  1.18263715]
at minimum 74.4488 accepted 0  with params [-3.80225642  0.99        0.98282192 41.80410641  0.1374827   1.55548996]
at minimum 69.4608 accepted 0  with params [-3.00000002  0.6327118   0.79775251 41.63861928  0.38736866  0.90610333]
at minimum 66.6603 accepted 1  with params [-3.          0.66792179  0.57915774 42.20764003  0.88870956  0.60158571]
at minimum 74.5973 accepted 0  with params [-3.33907359  0.98999986  1.06074845 42.47936233  1.28498274  1.05462809]
at minimum 69.4199 accepted 0  with params [-3.09157307  0.62223002  1.0308195  41.79140821  1.02399232  0.16434205]
at minimum 64.8947 accepted 1  with params [-3.          0.73277081  0.38768432 42.55280969  0.7199318   0.72783779]
at minimum 65.1298 accepted 1  with params [-3.          0.68063339  0.32197308 42.83816372  0.50253704  0.71379735]
at minimum 92.8606 accepted 0  with params [-3.47275685  0.32751987  0.05000022 43.23748476  0.6064793   0.62568953]
at minimum 100.4957 accepted 0  with params [-3.02249595  0.28194358  0.05       42.87626379  0.49711734  1.13792029]
at minimum 71.0974 accepted 0  with params [-3.16913024  0.54315583  0.5815424  42.89187034  0.28052762  0.65275868]
at minimum 65.7360 accepted 0  with params [-3.00000018  0.67208284  0.47176681 42.61363877  0.69948631  0.68540436]
at minimum 64.7292 accepted 1  with params [-3.34860307  0.78341681  0.63466173 42.87445945  0.44699247  0.65847333]
at minimum 67.4107 accepted 0  with params [-3.4989094   0.87091269  0.13851026 42.5153107   0.56982218  0.50263408]
at minimum 71.5917 accepted 0  with params [-3.          0.94728134  0.67070314 42.86856549  0.38916823  1.10881415]
at minimum 74.8323 accepted 0  with params [-3.1588661   0.99        0.53797433 42.73493485  0.58569373  0.24762262]
at minimum 65.5606 accepted 0  with params [-3.31448296  0.64939178  0.1578746  43.0986592   0.61956986  0.34258959]
at minimum 72.1366 accepted 0  with params [-3.6730025   0.53519034  0.26558295 42.68435985  0.25306396  0.4623283 ]
at minimum 69.6133 accepted 0  with params [-3.38418901  0.55428024  0.97444852 43.22997666  0.26539841  1.08326737]
at minimum 68.8373 accepted 0  with params [-3.59404631  0.9016596   1.12579403 42.50120315  0.11824198  0.70383909]
at minimum 72.9346 accepted 0  with params [-3.31487754e+00  5.26331032e-01  4.33774099e-01  4.26041184e+01
  3.19494156e-02  3.08142826e-01]
at minimum 64.3649 accepted 1  with params [-3.72732459  0.69085033  1.05463864 43.26698524  0.43864493  0.87592217]
at minimum 66.8899 accepted 0  with params [-3.53277235  0.61405268  1.24597065 43.09613825  0.56189701  0.65049555]
at minimum 65.0998 accepted 1  with params [-3.46686734  0.81248619  1.39296605 43.26947218  0.43385556  0.81725885]
at minimum 73.2428 accepted 0  with params [-3.39234764  0.50399413  1.11851346 43.20723085  0.54006645  0.90576435]
at minimum 86.3542 accepted 0  with params [-3.59020641  0.37304585  1.63128207 43.45818777  0.05253979  0.95890064]
at minimum 64.0929 accepted 1  with params [-3.59745439  0.70542828  1.66505725 43.36356404  0.05559782  1.17162507]
at minimum 75.4461 accepted 0  with params [-3.33938224  0.99        1.99735164 43.29060632  0.          0.98726189]
at minimum 63.7424 accepted 1  with params [-3.35146887  0.73949591  1.96840873 43.77702171  0.31263083  0.99364784]
at minimum 65.6133 accepted 0  with params [-3.60004062  0.63469045  2.19889924 43.36043936  0.          1.43947011]
at minimum 76.3733 accepted 0  with params [-3.18607776  0.98999985  2.30504033 43.83276671  0.67116978  1.1414601 ]
at minimum 66.3789 accepted 0  with params [-3.08952748  0.59697391  1.72277401 44.01308101  0.06411092  1.30239836]
at minimum 93.3734 accepted 0  with params [-3.77536778  0.31824814  2.36143024 43.59409642  0.          0.77641531]
at minimum 64.6861 accepted 1  with params [-3.53997983  0.63927697  1.98719186 44.17768403  0.38127206  1.27434957]
at minimum 72.9608 accepted 0  with params [-3.09302203  0.93442528  1.96892376 44.59181982  0.24685896  1.14021446]
at minimum 64.7058 accepted 1  with params [-3.42701438  0.79809644  1.91295203 43.97083521  0.71793448  1.30635779]
at minimum 67.7044 accepted 0  with params [-3.16336096  0.56148903  2.36088159 44.40755045  0.78693865  1.68826875]
at minimum 77.8056 accepted 0  with params [-3.47035064  0.44563831  1.97549701 43.59303418  0.47727899  1.3077695 ]
at minimum 65.8881 accepted 1  with params [-3.71793182  0.61742417  1.90480274 43.66672476  0.62061788  1.33698631]
at minimum 119.7372 accepted 0  with params [-3.44077648  0.16779519  1.57761145 43.31587105  0.56420264  0.89327906]
at minimum 63.9796 accepted 1  with params [-3.99180846  0.75162677  2.1632104  43.42764061  0.4448699   1.67963984]
at minimum 74.5272 accepted 0  with params [-3.60090861  0.49511222  2.23721364 42.99723227  0.11906504  1.99999991]
at minimum 70.2041 accepted 0  with params [-4.25687439  0.53566492  2.40457204 43.59556679  0.64771138  1.69250401]
at minimum 75.7140 accepted 0  with params [-3.76606626  0.99        2.07320052 43.43211965  0.15768891  1.34805709]
at minimum 65.9177 accepted 0  with params [-4.27590823  0.62854681  1.893791   43.30233184  0.3809613   1.39058733]
at minimum 64.3395 accepted 0  with params [-3.75766323  0.71104364  2.42752932 43.07519193  0.74482226  2.        ]
at minimum 86.9219 accepted 0  with params [-3.65765707  0.3684565   2.56409301 43.37204963  0.08293514  1.41438979]
at minimum 65.6399 accepted 0  with params [-4.19396565  0.63153674  2.4687516  43.41452412  0.61721006  1.91785753]
at minimum 79.0972 accepted 0  with params [-4.17963319  0.43579709  2.52020754 43.38118344  0.86301953  1.60740318]
at minimum 66.5692 accepted 0  with params [-4.15898879  0.85368973  2.29700356 43.50351181  0.46851774  2.        ]
at minimum 75.1212 accepted 0  with params [-4.19815551  0.99        2.13353548 43.06370993  0.73063374  1.91436654]
at minimum 75.8344 accepted 0  with params [-4.03439631  0.98999956  2.1523399  43.55877466  0.24753163  1.49410723]
at minimum 75.7292 accepted 0  with params [-4.1682998   0.99        2.249214   43.47050216  0.24343472  1.65432621]
at minimum 68.1705 accepted 0  with params [-3.89227221  0.88651871  1.89886369 43.51538715  0.45024637  1.66770656]
at minimum 76.3398 accepted 0  with params [-4.31589564  0.99        2.45309315 43.83173037  0.48755036  1.24690093]
at minimum 75.8453 accepted 0  with params [-3.81974904  0.99        2.45029434 43.55172597  0.21624954  1.30670501]
at minimum 72.5468 accepted 0  with params [-3.96929771  0.94978978  1.94168916 43.62077127  0.38375362  2.        ]
at minimum 64.0444 accepted 0  with params [-3.7174939   0.76872632  2.34279376 43.81196434  0.71142173  1.36556043]
at minimum 66.9468 accepted 1  with params [-3.73197317  0.59636947  2.45309641 43.53489701  0.88293079  1.84240884]
at minimum 71.2856 accepted 0  with params [-3.3441895   0.93189485  2.01700439 43.75000726  0.55725313  1.87970577]
at minimum 64.5740 accepted 1  with params [-3.72757115  0.65417016  2.25744594 43.75001599  0.65708373  2.        ]
at minimum 63.9202 accepted 1  with params [-3.84306089  0.69489716  1.86157492 43.66769086  0.65972664  2.        ]
at minimum 70.4820 accepted 0  with params [-3.77623191  0.52386347  1.82024986 44.00089731  0.86149794  2.        ]
at minimum 63.8804 accepted 1  with params [-4.19026235  0.69804198  1.53037733 43.67036103  0.92891824  1.84782949]
at minimum 64.2287 accepted 0  with params [-4.07817352  0.77778272  1.35255851 44.05117802  1.12367029  2.        ]
at minimum 72.8805 accepted 0  with params [-4.01433416  0.50916015  1.35820733 43.26136474  0.65084889  1.98561363]
at minimum 75.9483 accepted 0  with params [-4.43093389  0.98999967  1.66898294 43.59743448  0.60357719  1.99999965]
at minimum 78.3726 accepted 0  with params [-4.5428146   0.44265033  1.5529777  43.45376763  0.67352639  1.71741839]
at minimum 70.3042 accepted 0  with params [-4.08269401  0.53795944  1.57207084 43.55414712  0.93105215  1.91521002]
at minimum 75.1075 accepted 0  with params [-3.88143862  0.9840145   1.24739962 43.43097234  0.51698591  1.85991334]
at minimum 67.9851 accepted 0  with params [-4.0619305   0.88264941  1.53873781 43.52984294  0.77567724  1.99186239]
