at minimum 68.3416 accepted 1  with params [-4.5  0.4  0.5 40.   1.   1. ]
at minimum 64.2546 accepted 1  with params [-4.50996332  0.17250697  0.41746419 40.38660358  1.25558597  0.65629961]
at minimum 72.7139 accepted 0  with params [-4.75841656 -0.09110443  0.16207866 40.05362055  0.91626941  0.77118373]
at minimum 49.8556 accepted 1  with params [-4.83802357  0.28226944  0.6292521  40.35969674  1.34362856  0.62602614]
at minimum 64.1666 accepted 0  with params [-4.66477682  0.29081643  1.00071208 40.5118763   1.06971098  0.4006146 ]
at minimum 102.2897 accepted 0  with params [-4.61382552  0.62697578  0.38055743 40.76948772  1.27498031  0.67095091]
at minimum 52.4633 accepted 0  with params [-5.2040291   0.59323906  0.31641982 40.56261469  1.35560008  0.60022474]
at minimum 88.6614 accepted 0  with params [-5.29947896  0.33928181  1.12168458 40.39204368  0.88724448  0.59265181]
at minimum 72.2333 accepted 0  with params [-4.43169694 -0.20834318  0.79320464 40.85148944  1.51264266  0.5554208 ]
at minimum 131.7036 accepted 0  with params [-4.71546206  0.76830111  0.26627021 40.28218622  1.33374272  0.38444982]
at minimum 43.4285 accepted 1  with params [-5.30703602  0.5840674   0.79316967 40.45528328  0.94965949  0.56558686]
at minimum 213.2758 accepted 0  with params [-5.57440462  0.10102805  0.54945412 40.85102297  1.01007039  0.70483416]
at minimum nan accepted 1  with params [-5.49609196  0.14632628  0.56370972 40.81159384  1.36376956  0.67284498]
at minimum 206.8158 accepted 1  with params [-5.47314432e+00  3.68511073e-02  2.58618946e-01  4.07340813e+01
  1.67470800e+00  9.60901859e-01]
at minimum 156.0748 accepted 1  with params [-5.11438853 -0.07416013  0.43909988 40.49926393  1.44252017  1.4349575 ]
at minimum 1195.2914 accepted 0  with params [-5.53780533 -0.50625136  0.14874302 40.10277772  1.15963927  1.42784808]
at minimum 67.3602 accepted 1  with params [-4.62744371 -0.08706637  0.55091077 40.09763096  1.69823952  1.54018246]
at minimum 240.7244 accepted 0  with params [-4.44696285 -0.48086284  0.47228117 39.8015409   1.66145424  1.97841391]
at minimum 277.2914 accepted 0  with params [-4.80150459 -0.49869285  0.98957799 39.6589051   2.          1.3539364 ]
at minimum nan accepted 1  with params [-4.77311467 -0.33069604  0.0727493  40.25500537  1.75880599  1.55452413]
at minimum 159.4002 accepted 1  with params [-4.52996674 -0.4593862   0.45420739 40.69094673  1.30105063  1.58386722]
at minimum 915.1940 accepted 0  with params [-4.95698349 -0.69630698  0.84456954 40.533022    1.02809115  1.5868688 ]
at minimum 275.7396 accepted 0  with params [-4.69588635 -0.28420191  0.05       40.38011513  0.97168455  1.4954907 ]
at minimum 308.8917 accepted 0  with params [-4.38938135 -0.73797768  0.22206509 40.66124393  1.24397128  1.46839827]
at minimum 119.2777 accepted 1  with params [-4.08519255 -0.55264588  0.77388119 40.92185457  1.4642757   1.18041596]
at minimum nan accepted 1  with params [-4.40545375 -0.78808325  0.91423124 40.73755485  1.23294313  1.24123731]
at minimum 215.9874 accepted 1  with params [-4.18049948 -0.9         1.13095425 40.3167877   0.98138305  1.37918297]
at minimum 113.5912 accepted 1  with params [-4.2077508  -0.69969262  1.44686845 39.8776165   1.34738257  1.09431338]
at minimum 97.0703 accepted 1  with params [-4.02360685 -0.45060999  1.71149614 40.27995335  1.09072755  0.74067734]
at minimum 98.0980 accepted 0  with params [-4.10435061e+00  9.80236853e-03  1.85497683e+00  4.06242924e+01
  1.56312126e+00  4.58391687e-01]
at minimum 77.1673 accepted 1  with params [-4.47142907 -0.52035745  1.94442213 39.93461989  1.14981648  0.37540984]
at minimum 133.4918 accepted 0  with params [-4.9539197  -0.14850702  1.63328146 39.90408037  1.41034883  0.43304644]
at minimum 91.9684 accepted 0  with params [-4.7944313  -0.36029668  1.57253797 40.10542016  0.81469854  0.08489042]
at minimum 124.2825 accepted 0  with params [-4.36181195 -0.9         2.42290791 40.29080656  1.20074428  0.70713235]
at minimum 88.3413 accepted 0  with params [-4.17935998 -0.68650788  1.48344009 39.84330521  0.66174329  0.43833176]
at minimum 128.5407 accepted 0  with params [-4.08336249 -0.89828103  2.35352596 39.5191558   1.48513208  0.72540424]
at minimum nan accepted 1  with params [-4.74110245 -0.26490087  2.29070622 40.30167996  1.5547998   0.76824753]
at minimum 92.8513 accepted 1  with params [-4.38358714 -0.6441208   1.82944504 40.31777275  1.50741202  0.61646854]
at minimum 87.9267 accepted 1  with params [-4.44768579 -0.50408212  1.95253804 39.84212096  1.9273719   0.53813402]
at minimum 246.3261 accepted 0  with params [-4.78092972 -0.62608236  1.71597283 40.28685047  1.57862723  0.87546243]
at minimum 72.5815 accepted 1  with params [-4.15398984 -0.44432663  1.70601296 40.3201523   1.57175865  0.16478994]
at minimum 132.9606 accepted 0  with params [-4.17689515 -0.44963411  1.23452618 40.1254632   1.8838944   0.45536395]
at minimum 72.1724 accepted 1  with params [-4.50647969 -0.28999065  1.26011321 40.80768815  2.          0.25839702]
at minimum 225.9500 accepted 0  with params [-4.35942941 -0.6023226   0.83325154 41.30503328  1.89509663  0.5880245 ]
at minimum 226.8849 accepted 0  with params [-4.04516743 -0.49616999  1.48964843 40.6160912   1.99334824  0.51087141]
at minimum nan accepted 1  with params [-4.1261815   0.09691288  1.17726836 41.14638637  1.77112208  0.25121349]
at minimum 198.4602 accepted 1  with params [-4.03946647  0.51308136  0.86860099 40.90093682  2.          0.        ]
at minimum 155.1213 accepted 1  with params [-3.56292350e+00  2.34207632e-01  1.05282758e+00  4.04819808e+01
  1.99475034e+00  3.22950943e-06]
at minimum 680783.5305 accepted 0  with params [-3.21587716  0.098194    1.42371573 40.46779668  2.          0.        ]
at minimum 2130.1287 accepted 0  with params [-3.60936362  0.70334381  1.41288288 40.50538528  2.          0.        ]
at minimum 206.5014 accepted 0  with params [-3.96442086  0.59911894  0.61893547 40.26543584  2.          0.23145432]
at minimum 127.1650 accepted 1  with params [-3.72083117e+00  5.00955184e-03  8.45779481e-01  4.08455023e+01
  1.92469924e+00  1.60970063e-01]
at minimum 138.3889 accepted 0  with params [-3.87884211  0.27651032  1.13072112 40.91676079  2.          0.        ]
at minimum 102.1654 accepted 1  with params [-3.97777445 -0.05802538  1.10364071 40.77688254  1.77296874  0.35869701]
at minimum 134.7244 accepted 0  with params [-3.73161311  0.11224802  1.51884424 41.121608    1.96090715  0.52517671]
at minimum 136.8954 accepted 0  with params [-3.70188722  0.20170199  1.33568087 40.54171206  1.73737914  0.35738166]
at minimum nan accepted 1  with params [-3.62400117e+00 -1.15831708e-01  6.87054819e-01  4.09050195e+01
  1.63965165e+00  1.18712960e-02]
at minimum nan accepted 1  with params [-3.88066786 -0.56282733  1.12135829 41.26961681  1.37296623  0.05371972]
at minimum 77.1898 accepted 1  with params [-4.1492365  -0.49147716  1.42975414 40.82564403  1.30527036  0.06414011]
at minimum 93.8212 accepted 0  with params [-4.0110469  -0.21334824  1.01492624 40.44313601  1.22725026  0.        ]
at minimum 1223.6594 accepted 0  with params [-3.91597485e+00 -6.52235881e-01  1.71383904e+00  4.07688141e+01
  1.67570192e+00  2.21348984e-07]
at minimum 99.9961 accepted 0  with params [-3.96587794 -0.18166691  1.18998076 40.6976027   1.31587142  0.        ]
at minimum 43817881757823.8906 accepted 0  with params [-4.50943224e+00 -7.42485970e-01  1.78274551e+00  4.08719025e+01
  1.66212366e+00  1.71566580e-02]
at minimum 76.1479 accepted 1  with params [-4.37981609 -0.4835508   1.58281164 41.23798166  1.43357681  0.33252854]
at minimum 98.7065 accepted 0  with params [-3.94872916e+00 -3.81273509e-01  1.79718534e+00  4.09893200e+01
  1.18695738e+00  5.51403893e-07]
at minimum 76.7430 accepted 1  with params [-4.4023613  -0.7206349   1.99520376 40.81058992  1.31314108  0.24405021]
at minimum 66.5079 accepted 1  with params [-4.34011853 -0.42163961  2.21396367 40.93964585  1.29054479  0.        ]
at minimum 74.0063 accepted 0  with params [-4.32749063 -0.67119211  2.40338822 41.20182265  1.15974261  0.20846791]
at minimum 100.1849 accepted 0  with params [-4.69165097 -0.61504261  2.1722962  40.78241988  1.28067773  0.        ]
at minimum 69.8245 accepted 0  with params [-4.55996585e+00 -3.63192474e-01  1.97675023e+00  4.12127284e+01
  1.24909076e+00  2.38544274e-07]
at minimum 1626.8322 accepted 0  with params [-4.11046839 -0.64914956  2.48030452 41.06770782  1.5802728   0.        ]
at minimum nan accepted 1  with params [-4.20089868 -0.04275932  2.24933329 40.70126278  0.97438665  0.1327857 ]
at minimum 78.1566 accepted 1  with params [-4.46630807  0.10423489  1.83650563 40.63760704  1.08687846  0.        ]
at minimum 74.0800 accepted 1  with params [-4.39543855e+00 -3.00609987e-01  1.40679680e+00  4.10264739e+01
  6.63912220e-01  5.18363654e-09]
at minimum nan accepted 1  with params [-4.11795345 -0.49688545  1.83832962 41.10939199  0.22240792  0.        ]
at minimum 50.5818 accepted 1  with params [-4.57756475e+00 -4.00363514e-01  1.36072062e+00  3.42804776e+01
  5.54455043e-02  2.93379032e-08]
at minimum 58.1257 accepted 0  with params [-4.55890585 -0.34444341  0.99708879 34.66827459  0.          0.31367334]
at minimum 65.6432 accepted 0  with params [-4.20740680e+00 -4.31201646e-01  1.79248462e+00  3.43794687e+01
  6.57155979e-08  3.25659464e-01]
at minimum 83.5759 accepted 0  with params [-4.85559891 -0.21063224  0.99248517 34.35270255  0.4633837   0.        ]
at minimum 50.0295 accepted 1  with params [-4.55053593e+00 -4.20351725e-01  9.90537740e-01  3.40818857e+01
  4.64233672e-02  1.59182783e-07]
at minimum 64.3387 accepted 0  with params [-4.50675623 -0.51339362  1.12740463 33.83900282  0.          0.38889515]
at minimum 56.4177 accepted 0  with params [-4.68196818 -0.05361454  1.25334496 33.90486208  0.4229493   0.24216504]
at minimum 65.4805 accepted 0  with params [-4.76390946e+00 -6.98096353e-01  9.96906373e-01  3.44647356e+01
  2.86638613e-02  4.66639614e-02]
at minimum 93.1178 accepted 0  with params [-4.83526172e+00 -6.90565338e-01  6.76973412e-01  3.40131730e+01
  2.80405704e-02  2.42626216e-01]
at minimum 49.3795 accepted 1  with params [-4.39482899e+00 -4.08028724e-01  6.93328439e-01  3.38446838e+01
  3.69094839e-01  3.62067507e-08]
at minimum 65.3701 accepted 0  with params [-4.69245582 -0.44381151  0.74469506 33.70957987  0.56789852  0.        ]
at minimum 67.2528 accepted 0  with params [-4.80440645e+00 -4.52002512e-04  6.72600726e-01  3.40046300e+01
  1.55331708e-01  6.11113105e-08]
at minimum 84.0569 accepted 0  with params [-4.76199009 -0.22210997  0.27575723 33.76236408  0.70962951  0.38624455]
at minimum 74.1697 accepted 0  with params [-4.717465   -0.46221196  0.28375113 33.52085091  0.55995816  0.        ]
at minimum 57.7125 accepted 0  with params [-4.23572700e+00 -1.70708459e-02  1.13805851e+00  3.34937312e+01
  2.37705829e-03  0.00000000e+00]
at minimum 61.6662 accepted 0  with params [-4.15283164 -0.11861295  0.89383637 34.05427319  0.23677818  0.        ]
at minimum 50.2982 accepted 0  with params [-4.56628274 -0.34690825  0.71461926 34.22625433  0.33161373  0.        ]
at minimum 49.7688 accepted 0  with params [-4.54333098e+00 -7.60854884e-02  1.00748639e+00  3.42739318e+01
  5.99422135e-01  4.93289565e-08]
at minimum nan accepted 1  with params [-4.77600111 -0.37248181  0.85086124 33.69954036  0.62622649  0.3392524 ]
at minimum 149.4433 accepted 1  with params [-5.1532303   0.0468261   1.04555653 34.13846486  0.20039037  0.5008075 ]
at minimum 77.2804 accepted 1  with params [-4.96267745  0.49192776  1.01351905 33.91437706  0.14823848  0.29709643]
at minimum 55.1712 accepted 1  with params [-4.78172298e+00  2.33112331e-01  6.40406037e-01  3.40184287e+01
  4.41441840e-07  5.40341163e-01]
at minimum 87.4620 accepted 0  with params [-4.9671588   0.08697999  0.30088086 34.34808072  0.43115605  0.86347482]
at minimum 49.2492 accepted 1  with params [-4.68217968  0.30885935  0.59965578 33.97860134  0.1099586   0.22281151]
at minimum 47.3694 accepted 1  with params [-4.55429135  0.03691942  0.41720274 33.92704783  0.          0.59070178]
at minimum 52.1390 accepted 0  with params [-4.32262175  0.21823577  0.58275453 33.73650255  0.23557365  0.4573377 ]
