at minimum 51.5105 accepted 1  with params [-4.50000001  0.4         0.05       43.64017126]
at minimum 85.9038 accepted 0  with params [-4.26387987  0.86680911  0.05       43.49440166]
at minimum 70.4397 accepted 0  with params [-4.45450932  0.7245871   0.05       42.38547413]
at minimum 46.1333 accepted 1  with params [-4.3730595   0.31304064  0.31522092 43.74330096]
at minimum 59.5223 accepted 0  with params [-4.37089563  0.58410178  0.05091962 43.88727782]
at minimum 46.7072 accepted 1  with params [-4.02566993  0.33486565  0.05       42.47924793]
at minimum 49.9223 accepted 0  with params [-4.18976027  0.12716132  1.30837671 42.76883606]
at minimum 68.4656 accepted 0  with params [-4.42101309  0.55934053  0.85861836 42.3119286 ]
at minimum 74.3024 accepted 0  with params [-3.74679926  0.2202281   0.28933862 42.77731172]
at minimum 40.0336 accepted 1  with params [-4.23844216  0.29711529  0.05       43.62109503]
at minimum 65.7107 accepted 0  with params [-4.71195058  0.39346074  0.05       43.51226791]
at minimum 90.3542 accepted 0  with params [-4.06866324  0.77350235  0.2938298  43.45853663]
at minimum 44.5123 accepted 0  with params [-4.38082443  0.34210234  0.05       44.28069692]
at minimum 48.3360 accepted 0  with params [-4.25498739  0.41135618  0.05       41.48390216]
at minimum 27.7007 accepted 1  with params [-4.12958997 -0.9         0.32302878 43.67415846]
at minimum 32.7072 accepted 0  with params [-3.94499113 -0.74573771  0.48345561 44.14978776]
at minimum 155.0796 accepted 0  with params [-4.54306458 -0.88846583  0.05       43.61408618]
at minimum 152.6105 accepted 0  with params [-4.53764039 -0.60019395  0.76304383 43.18167339]
at minimum 15.4103 accepted 1  with params [-4.02172304 -0.9         0.05003141 44.07671672]
at minimum 15.7902 accepted 1  with params [-3.97335801 -0.84824141  0.05       43.3227453 ]
at minimum 24.0960 accepted 0  with params [-3.87164836 -0.86533404  0.05       42.54578743]
at minimum 14.5149 accepted 1  with params [-4.04696947 -0.52318277  0.05       43.90339137]
at minimum 19.6966 accepted 0  with params [-4.04578568 -0.33143759  0.16866537 43.67847781]
at minimum 55.8292 accepted 0  with params [-4.34529977 -0.77409068  0.05       44.34103231]
at minimum 106.3777 accepted 0  with params [-3.59729441 -0.25283472  0.05       44.20654291]
at minimum 17.0914 accepted 0  with params [-4.08967134 -0.87407323  0.05       43.67702398]
at minimum 26.5813 accepted 0  with params [-4.09836865 -0.9         0.34756419 43.73675848]
at minimum 24.1482 accepted 0  with params [-3.96597875 -0.9         0.31607466 42.8268651 ]
at minimum 65.4700 accepted 0  with params [-3.58972128 -0.9         3.         41.1530388 ]
at minimum 66.1123 accepted 0  with params [-3.68479545 -0.74321805  0.48609626 40.77685744]
at minimum 50.8868 accepted 0  with params [-3.84091448 -0.14885848  0.33570091 44.2537899 ]
at minimum 52.4948 accepted 0  with params [-3.72161382 -0.9         0.05000086 41.25071844]
at minimum 108.3041 accepted 0  with params [-4.48671336 -0.7240805   0.37541148 44.26484181]
at minimum 16.4185 accepted 0  with params [-4.13977185 -0.41270888  0.05000011 44.22593466]
at minimum 14.8397 accepted 0  with params [-3.99326968 -0.78849074  0.05       43.49626792]
at minimum 26.7488 accepted 0  with params [-4.03454168 -0.075248    0.10887227 43.89962932]
at minimum 45.6305 accepted 0  with params [-4.057545   -0.38750347  3.         42.72632261]
at minimum 18.9214 accepted 0  with params [-4.1716975  -0.2765522   0.05       44.55456402]
at minimum 153.7567 accepted 0  with params [-4.47941752 -0.9         0.52743738 42.8238911 ]
at minimum 59.6576 accepted 0  with params [-4.42412352 -0.56171376  0.12860334 45.40908403]
at minimum 18.5989 accepted 0  with params [-3.92917156 -0.9         0.05       42.96921446]
at minimum 39.7208 accepted 0  with params [-4.3963961  -0.24803097  0.05       44.09399922]
at minimum 14.6420 accepted 1  with params [-4.00351872 -0.64431076  0.05       43.61918718]
at minimum 53.1354 accepted 0  with params [-4.42141879 -0.31484468  0.42234269 43.25324722]
at minimum 31.9763 accepted 0  with params [-3.83017906 -0.50638408  0.05       42.32691301]
at minimum 17.5404 accepted 0  with params [-4.09424197 -0.88435215  0.05       43.88813894]
at minimum 64.2473 accepted 0  with params [-3.67853967 -0.37915415  0.05       40.72938283]
at minimum 15.8231 accepted 0  with params [-3.99608148 -0.9         0.05000002 42.59731632]
at minimum 16.5653 accepted 0  with params [-4.02290919 -0.42833591  0.05000011 43.01723015]
at minimum 15.1184 accepted 1  with params [-3.98482895 -0.75412239  0.05010322 43.13982866]
at minimum 31.5417 accepted 0  with params [-3.89151754 -0.62698048  0.33896285 42.45155372]
at minimum 67.6714 accepted 0  with params [-3.67258172 -0.9         0.05000029 40.15364886]
at minimum 29.0054 accepted 0  with params [-3.88839948 -0.7874768   0.2842379  43.19752649]
at minimum 27.7053 accepted 0  with params [-4.18389107 -0.9         0.05000001 44.4770135 ]
at minimum 14.8680 accepted 1  with params [-4.03322227 -0.85687453  0.05       43.70377188]
at minimum 14.1578 accepted 1  with params [-4.05764385 -0.5766198   0.05       43.514919  ]
at minimum 20.2455 accepted 0  with params [-4.21096006 -0.44691828  0.05       44.93860644]
at minimum 57.4333 accepted 0  with params [-3.79184218 -0.23788731  0.48145554 43.21829684]
at minimum 81.3377 accepted 0  with params [-4.37073002 -0.9         0.33160924 43.4626434 ]
at minimum 86.0626 accepted 0  with params [-4.40365641 -0.9         0.17288177 45.42967024]
at minimum 18.5891 accepted 0  with params [-4.15561204 -0.26984537  0.05       44.44213691]
at minimum 16.1198 accepted 0  with params [-3.99374898 -0.52546726  0.05000003 43.20843525]
at minimum 34.2205 accepted 0  with params [-4.35188657 -0.20401649  0.15666441 43.28842263]
at minimum 66.2121 accepted 0  with params [-3.67299713 -0.78686939  0.05       40.38629207]
at minimum 26.7337 accepted 0  with params [-3.87223345 -0.9         0.15722525 43.57411575]
at minimum 15.2966 accepted 0  with params [-4.02022647 -0.9         0.05       43.54067148]
at minimum 63.5648 accepted 0  with params [-4.33555077 -0.9         0.05       43.72635032]
at minimum 35.1190 accepted 0  with params [-3.82119377 -0.72716614  0.18245842 43.44789593]
at minimum 15.9800 accepted 0  with params [-4.04037277 -0.70144876  0.17707221 43.72134146]
at minimum 50.4141 accepted 0  with params [-3.75458479 -0.9         3.         41.45834137]
at minimum 16.0241 accepted 1  with params [-3.99490238 -0.9         0.0955172  43.32260034]
at minimum 18.3313 accepted 0  with params [-3.96966833 -0.8711489   0.17490432 43.08985218]
at minimum 36.9220 accepted 0  with params [-3.90625856 -0.9         0.52746242 43.32944173]
at minimum 73.4868 accepted 0  with params [-4.30412234 -0.9         0.49631238 42.91124067]
at minimum 56.0075 accepted 0  with params [-4.34370845 -0.76723361  0.05       43.50412448]
at minimum 13.8949 accepted 1  with params [-4.05871249 -0.63812326  0.05       43.97901405]
at minimum 14.2840 accepted 1  with params [-4.0864388  -0.57818223  0.05       44.16198566]
at minimum 19.1988 accepted 0  with params [-4.0651041  -0.24597726  0.05030611 43.40478632]
at minimum 63.2225 accepted 0  with params [-3.72940576 -0.41000044  0.38173939 44.17767867]
at minimum 27.4318 accepted 0  with params [-3.93986032 -0.76860941  0.35731467 43.57577824]
at minimum 30.4445 accepted 0  with params [-3.87476501 -0.29719494  0.05       42.61669041]
at minimum 25.5984 accepted 0  with params [-4.20635343 -0.32878668  0.33829516 43.8418916 ]
at minimum 27.3181 accepted 0  with params [-3.87835335 -0.5102795   0.05000001 44.58337509]
at minimum 32.5544 accepted 0  with params [-3.84152211 -0.70315393  0.16480783 44.21342851]
at minimum 15.2905 accepted 0  with params [-4.03688593 -0.8880625   0.05000007 43.74861066]
at minimum 17.8527 accepted 0  with params [-4.06565907 -0.29732892  0.0518609  43.89591836]
at minimum 30.5182 accepted 0  with params [-4.11407595 -0.31968075  0.53801493 43.37539308]
at minimum 83.7595 accepted 0  with params [-4.39602092 -0.9         0.05       45.45614457]
at minimum 76.2424 accepted 0  with params [-4.38641766 -0.70148792  0.46193579 44.41428551]
at minimum 26.4104 accepted 0  with params [-4.17830462 -0.88793469  0.05       44.46839041]
at minimum 14.8137 accepted 1  with params [-4.00785717 -0.77557987  0.05000001 44.49403898]
at minimum 43.7737 accepted 0  with params [-3.75572736 -0.63821316  0.05       41.58683612]
at minimum 25.9293 accepted 0  with params [-4.28847651 -0.25519231  0.05000008 45.34816882]
at minimum 35.8831 accepted 0  with params [-4.23032448 -0.9         0.05       44.49503044]
at minimum 48.7561 accepted 0  with params [-3.85759161 -0.9         3.         41.67183317]
at minimum 31.8037 accepted 0  with params [-4.00801735 -0.9         0.51317985 42.59386153]
at minimum 17.8259 accepted 0  with params [-4.03230892 -0.3362427   0.05       43.71620215]
at minimum 74.0502 accepted 0  with params [-3.65382642 -0.85169286  0.05       39.97292445]
at minimum 13.9206 accepted 1  with params [-4.04553907 -0.64908375  0.05       44.21540725]
at minimum 17.6071 accepted 0  with params [-4.10180934 -0.29079789  0.05       44.11926893]
at minimum 59.1548 accepted 0  with params [-4.34352495 -0.69492334  0.40632613 44.30597797]
