at minimum 4.3716 accepted 1  with params [-4.57865889  0.4         0.16317369 39.22330296]
at minimum 4.5535 accepted 1  with params [-4.60287493  0.7591428   0.56815984 35.30382378]
at minimum 5.0022 accepted 1  with params [-4.83182077  0.99        1.00342757 34.13306325]
at minimum 5.1873 accepted 1  with params [-4.55366964  0.99        1.14149964 34.22399916]
at minimum 4.7973 accepted 1  with params [-6.          0.99        0.82650773 35.36781525]
at minimum 4.6920 accepted 1  with params [-6.          0.77556278  0.37907272 42.0046168 ]
at minimum 5.8137 accepted 1  with params [-6.          0.58833051  0.05       42.11767205]
at minimum 4.6401 accepted 1  with params [-6.          0.77368993  0.05       43.73935941]
at minimum 4.7741 accepted 1  with params [-5.82125895  0.99        0.07349422 35.43867747]
at minimum 4.7726 accepted 1  with params [-5.73376667  0.99        0.23431549 35.18413556]
at minimum 5.4988 accepted 1  with params [-5.49303945  0.76615121  0.58062553 35.01625471]
at minimum 4.7598 accepted 1  with params [-5.51111405  0.99        0.18394246 34.39434639]
at minimum 4.7594 accepted 1  with params [-5.56424593  0.99        0.05       34.71776267]
at minimum 5.9606 accepted 1  with params [-5.63862928  0.6883141   0.06666574 34.31645156]
at minimum 4.8605 accepted 1  with params [-5.25517993  0.99        3.         34.04179034]
at minimum 4.8165 accepted 1  with params [-5.49527447  0.99        2.54120976 34.15627732]
at minimum 4.7954 accepted 1  with params [-5.00567474  0.83193919  2.06742423 35.2151053 ]
at minimum 5.3060 accepted 0  with params [-4.58456314  0.99        2.31177379 35.29169748]
at minimum 4.9681 accepted 1  with params [-5.0327571   0.99        2.49796254 34.00189457]
at minimum 4.8185 accepted 1  with params [-5.47528343  0.99        2.55040916 34.14511081]
at minimum 4.8074 accepted 1  with params [-5.7950418   0.99        2.74827751 34.13540514]
at minimum 4.8277 accepted 1  with params [-5.39953222  0.99        2.79966147 34.10841484]
at minimum 4.8061 accepted 1  with params [-5.64978708  0.99        2.65717562 34.29827123]
at minimum 6.3765 accepted 0  with params [-5.16327592  0.62178463  2.58345296 40.5076593 ]
at minimum 6.8980 accepted 0  with params [-5.38210428  0.57671529  2.35097337 45.32961981]
at minimum 4.8019 accepted 1  with params [-6.          0.99        2.71827869 35.35853537]
at minimum 4.8021 accepted 1  with params [-6.          0.99        2.94759979 35.36247328]
at minimum 4.8748 accepted 1  with params [-5.83380513  0.82684891  2.71516085 39.50688778]
at minimum 6.1685 accepted 1  with params [-5.4174663   0.6505147   2.68182036 43.83995168]
at minimum 12.2093 accepted 0  with params [-5.18992278  0.18974374  3.         49.54319723]
at minimum 5.1989 accepted 1  with params [-5.00341402  0.73999254  2.20957406 36.71246289]
at minimum 4.1847 accepted 1  with params [-4.84528072  0.60019492  0.05       37.00598424]
at minimum 4.0305 accepted 1  with params [-4.60447399  0.25838068  0.05925229 37.12288035]
at minimum 4.3981 accepted 0  with params [-4.22852602  0.19597713  0.05000062 37.46665312]
at minimum 6.9964 accepted 0  with params [-5.04264075  0.31406682  0.50823248 37.06091995]
at minimum 4.1200 accepted 1  with params [-4.78057916  0.50808403  0.05       36.81410288]
at minimum 4.3321 accepted 1  with params [-5.12827519  0.77094594  0.05528354 38.05714854]
at minimum 4.2038 accepted 1  with params [-4.95279684  0.63633505  0.05       38.2063322 ]
at minimum 6.7150 accepted 0  with params [-5.14710194  0.27953988  0.28545691 38.49248621]
at minimum 4.7848 accepted 1  with params [-4.91567798  0.99        0.38153224 34.19480564]
at minimum 4.7749 accepted 1  with params [-5.80121615  0.99        0.14690917 34.62743876]
at minimum 4.7808 accepted 1  with params [-5.83754882  0.99        0.18893648 34.38918819]
at minimum 4.7735 accepted 1  with params [-5.70069923  0.99        0.28669833 34.51120884]
at minimum 4.9679 accepted 0  with params [-6.          0.54892505  0.48496595 56.0373752 ]
at minimum 4.7768 accepted 1  with params [-5.55862906  0.92260228  0.05       34.33758483]
at minimum 4.7608 accepted 1  with params [-5.24394539  0.99        0.05002848 34.35247054]
at minimum 4.7750 accepted 1  with params [-5.57053009  0.99        0.26062346 33.98414528]
at minimum 4.7925 accepted 1  with params [-5.19743669  0.99        0.56241837 35.05696614]
at minimum 4.6211 accepted 1  with params [-4.7923703   0.78679976  0.99264117 35.65886452]
at minimum 4.8732 accepted 1  with params [-4.87828803  0.74058639  1.48239484 36.29979876]
at minimum 4.3339 accepted 1  with params [-5.14195941  0.23990955  0.05       49.47765342]
at minimum 4.2594 accepted 1  with params [-5.65089464  0.58784552  0.05       49.90735134]
at minimum 4.1285 accepted 1  with params [-5.40237544e+00  4.70165728e-01  5.00000000e-02  5.02016777e+01]
at minimum 4.2571 accepted 1  with params [-5.33286841  0.68479989  0.05011909 41.97497849]
at minimum 4.3317 accepted 1  with params [-5.39871057  0.73374785  0.05       40.96634607]
at minimum 5.6699 accepted 1  with params [-5.56537483  0.46127819  0.42397684 54.06531544]
at minimum 4.7901 accepted 1  with params [-5.92974216  0.99        0.46728192 35.38741456]
at minimum 6.7163 accepted 0  with params [-5.63596304  0.58104218  0.05       34.85779682]
at minimum 6.0008 accepted 0  with params [-5.43344178  0.57242203  0.0786229  35.58556123]
at minimum 4.7944 accepted 1  with params [-6.          0.99        0.59004471 35.39136871]
at minimum 7.2920 accepted 0  with params [-6.          0.57931668  0.07215846 35.56466436]
at minimum 4.7728 accepted 1  with params [-5.80883641  0.99        0.05       35.46061866]
at minimum 4.5137 accepted 1  with params [-5.81873821  0.72366949  0.05       45.1179257 ]
at minimum 4.7981 accepted 1  with params [-5.61604768  0.99        0.9168567  35.18218954]
at minimum 4.8029 accepted 1  with params [-6.          0.83308818  1.63043934 39.64609914]
at minimum 4.7997 accepted 1  with params [-6.          0.99        1.22457177 35.3507568 ]
at minimum 4.8005 accepted 1  with params [-6.          0.99        1.44363263 35.32660044]
at minimum 4.8007 accepted 1  with params [-6.          0.99        1.52787775 35.34712795]
at minimum 5.2221 accepted 1  with params [-5.7449026   0.82263004  0.98387315 35.59026857]
at minimum 5.8160 accepted 0  with params [-5.31990748  0.6794712   1.4477195  40.9882505 ]
at minimum 7.7960 accepted 0  with params [-5.26082326  0.52282765  1.15381776 35.04787311]
at minimum 4.8149 accepted 1  with params [-5.29283281  0.99        0.51543082 36.03967149]
at minimum 4.5153 accepted 1  with params [-5.68145269  0.77409946  0.05       42.17446345]
at minimum 5.0240 accepted 1  with params [-5.34329535  0.45831194  0.05       41.75095835]
at minimum 4.7597 accepted 1  with params [-5.54046528  0.99        0.05       34.43666641]
at minimum 4.7758 accepted 1  with params [-5.84983751  0.99        0.05       35.46667023]
at minimum 4.3195 accepted 1  with params [-4.62071855  0.68532201  0.08362704 35.55016938]
at minimum 7.4372 accepted 0  with params [-5.05898356  0.2461141   0.37287214 35.16503629]
at minimum 4.6474 accepted 1  with params [-4.88674393  0.40285462  0.05       35.08980826]
at minimum 4.8764 accepted 1  with params [-5.20727599  0.99        3.         34.02357176]
at minimum 6.5314 accepted 0  with params [-5.10718174  0.5939077   2.73247913 40.29057343]
at minimum 4.9038 accepted 1  with params [-5.15048384  0.99        2.69942416 34.00605304]
at minimum 5.4543 accepted 1  with params [-4.91465386  0.67310339  2.74219063 37.52099015]
at minimum 5.6740 accepted 1  with params [-4.61659313  0.37058017  2.98715992 36.2422335 ]
at minimum 5.1697 accepted 1  with params [-4.21720039  0.8690418   2.4545777  34.23993469]
at minimum 5.2467 accepted 1  with params [-3.67280712  0.59547148  2.9540625  34.24      ]
at minimum 4.6521 accepted 1  with params [-3.9910531   0.20509347  3.         34.7026004 ]
at minimum 6.5293 accepted 0  with params [-4.48533505 -0.11947064  2.6738384  34.54247881]
at minimum 4.8303 accepted 1  with params [-4.2608452   0.15984038  2.51779917 35.1906446 ]
at minimum 6.0285 accepted 0  with params [-4.32480839 -0.38136653  3.         35.62845654]
at minimum 4.8225 accepted 1  with params [-3.98052108  0.56811102  2.73035014 34.24000001]
at minimum 5.0721 accepted 0  with params [-3.5127061   0.06051771  3.         34.36587099]
at minimum 4.5892 accepted 1  with params [-4.04863265  0.39337818  3.         35.18002516]
at minimum 5.5308 accepted 0  with params [-3.60590234  0.81885627  2.77251477 34.23999994]
at minimum 4.8706 accepted 1  with params [-4.19902911  0.04005165  2.940001   35.1855052 ]
at minimum 4.8914 accepted 1  with params [-4.01662597 -0.38631524  2.58796516 34.63349946]
at minimum 6.7718 accepted 0  with params [-4.3116551  -0.67964435  3.         35.62757242]
at minimum 5.1446 accepted 0  with params [-3.98699157 -0.83755913  2.70962785 34.24000004]
at minimum 4.8203 accepted 1  with params [-4.12350695e+00  2.15995124e-04  2.80247320e+00  3.46610339e+01]
at minimum 4.6187 accepted 1  with params [-4.01770875  0.30446147  2.68194146 34.96952783]
at minimum 4.6034 accepted 1  with params [-4.5810791   0.73652229  2.91156913 35.40302118]
