at minimum 55.8480 accepted 1  with params [-4.41729747  0.4         0.05142533 46.14110608]
at minimum 68.8407 accepted 0  with params [-4.76806798  0.47618186  0.46552182 46.1290716 ]
at minimum 58.4207 accepted 0  with params [-4.04887281 -0.10952933  0.32961448 45.96683085]
at minimum 70.1457 accepted 0  with params [-4.12945383  0.81868411  0.05       45.65118057]
at minimum 58.2513 accepted 0  with params [-4.32865922  0.07343126  0.20333614 46.22860577]
at minimum 63.3850 accepted 0  with params [-4.61742142  0.51170496  0.96753629 46.52748368]
at minimum 61.4040 accepted 0  with params [-3.96810702  0.3005217   0.4934805  43.71066029]
at minimum 94.5257 accepted 0  with params [-4.66944917  0.08008072  0.33920475 46.17204201]
at minimum 55.6946 accepted 1  with params [-4.33247246  0.34357878  0.35984305 45.74261375]
at minimum 56.6196 accepted 1  with params [-4.30081605  0.23948241  0.53076068 45.25244683]
at minimum 72.4663 accepted 0  with params [-4.09963674  0.7137059   0.51341986 43.06344089]
at minimum 75.0133 accepted 0  with params [-4.53796848  0.99        0.05       42.8950184 ]
at minimum 56.7820 accepted 0  with params [-4.18636416  0.26683307  0.58912478 44.54713444]
at minimum 58.4334 accepted 1  with params [-4.11632073 -0.13351289  0.31245523 45.43621262]
at minimum 64.5278 accepted 0  with params [-3.78368337 -0.10663514  0.05       45.38406302]
at minimum 54.4410 accepted 1  with params [-4.0533837   0.11729899  0.07454786 45.06250543]
at minimum 106.4097 accepted 0  with params [-3.57885972  0.49111142  0.05       41.13899154]
at minimum 86.5164 accepted 0  with params [-4.37945438 -0.26707027  0.43230572 46.24606991]
at minimum 54.7106 accepted 1  with params [-4.23068045  0.15658699  0.26795564 45.11040387]
at minimum 58.0477 accepted 0  with params [-4.31118973  0.27880809  0.9220861  44.81394931]
at minimum 58.7803 accepted 0  with params [-4.27590234  0.12482819  0.72612172 45.16351231]
at minimum 78.5165 accepted 0  with params [-6.          0.99        0.63654854 43.06003442]
at minimum 64.8116 accepted 0  with params [-3.78524782 -0.08780711  0.45854284 45.60334133]
at minimum 88.0194 accepted 0  with params [-4.68175274  0.17604905  0.29042695 44.93812499]
at minimum 57.0535 accepted 1  with params [-4.24017229  0.39304076  0.45631887 44.8526031 ]
at minimum 64.6674 accepted 0  with params [-4.13455821  0.74475408  0.05000001 43.00657228]
at minimum 105.2627 accepted 0  with params [-4.60901032 -0.05680783  0.15634164 44.45692007]
at minimum 66.9322 accepted 0  with params [-4.19620504  0.79416088  0.05912196 45.13717019]
at minimum 54.6658 accepted 1  with params [-4.26159548  0.3805791   0.19882671 45.26512865]
at minimum 64.9586 accepted 0  with params [-4.50621415  0.17766837  0.21340385 46.03294726]
at minimum 66.8281 accepted 0  with params [-4.72243465  0.77653104  0.405253   45.72104143]
at minimum 67.7167 accepted 0  with params [-4.54719961  0.84922415  0.05000004 44.91770388]
at minimum 64.5948 accepted 0  with params [-4.71737145  0.53329791  0.42511266 45.46269936]
at minimum 61.8841 accepted 0  with params [-4.1429756   0.67799939  0.05       43.87650521]
at minimum 61.3670 accepted 0  with params [-3.88384379  0.40586013  0.05       43.61435251]
at minimum 65.7842 accepted 0  with params [-4.66184834  0.79094557  0.05000183 45.72965994]
at minimum 55.2879 accepted 1  with params [-4.38661346  0.37308311  0.05       46.03363488]
at minimum 70.3616 accepted 0  with params [-4.05223354  0.85323044  0.05       43.131149  ]
at minimum 59.3922 accepted 0  with params [-4.53289278  0.59487271  0.20973605 45.70038292]
at minimum 59.4861 accepted 0  with params [-4.41896632  0.25517572  0.52432571 46.39295744]
at minimum 88.8047 accepted 0  with params [-4.62291584  0.06622503  0.05       45.99402727]
at minimum 54.6473 accepted 1  with params [-4.32965264  0.29492025  0.05       46.43267429]
at minimum 92.3132 accepted 0  with params [-4.50930401 -0.1179963   0.42814774 46.70040776]
at minimum 55.3183 accepted 1  with params [-4.12262908e+00  9.58474025e-04  5.00000918e-02  4.58437797e+01]
at minimum 63.5347 accepted 0  with params [-3.81603469  0.16804094  0.05       45.69652076]
at minimum 56.7524 accepted 1  with params [-4.19429607  0.10209036  0.48784465 45.834211  ]
at minimum 76.9000 accepted 0  with params [-3.76674631 -0.9         0.55848572 42.92254814]
at minimum 63.9857 accepted 0  with params [-4.46363854  0.14732147  0.38316753 46.92003962]
at minimum 62.3494 accepted 0  with params [-3.99924221 -0.25881779  0.70893581 45.85415164]
at minimum 63.5060 accepted 0  with params [-3.73669087 -0.20632604  0.94924044 43.37055254]
at minimum 60.6478 accepted 0  with params [-3.98978603 -0.25615872  0.35235796 45.41348782]
at minimum 61.0717 accepted 0  with params [-3.91060084  0.10852296  0.36315264 45.8422645 ]
at minimum 55.4431 accepted 1  with params [-4.35673185  0.25448941  0.11084788 46.21715594]
at minimum 59.8725 accepted 0  with params [-4.48438449  0.5923787   0.37538628 45.35734787]
at minimum 61.7323 accepted 0  with params [-4.22734222  0.70289741  0.05       44.02326631]
at minimum 59.6787 accepted 1  with params [-4.52587035  0.62951272  0.05       45.61475793]
at minimum 65.0966 accepted 0  with params [-4.4539141   0.77634738  0.05       45.91732161]
at minimum 74.0128 accepted 0  with params [-4.93381052  0.59489033  0.05       45.52904408]
at minimum 83.4612 accepted 0  with params [-4.78464949e+00  2.09229345e-01  5.00000000e-02  5.26565957e+01]
at minimum 62.0697 accepted 0  with params [-4.72285911  0.58767732  0.14816032 47.48833211]
at minimum 76.1802 accepted 0  with params [-4.47015949  0.88883628  0.33359459 45.98432197]
at minimum 74.4777 accepted 0  with params [-4.7478954   0.97201921  0.05       43.1646312 ]
at minimum 56.1170 accepted 1  with params [-4.36420738  0.51245981  0.05       44.97232175]
at minimum 59.3567 accepted 0  with params [-4.51352002  0.36386159  0.3854843  46.6137565 ]
at minimum 62.2609 accepted 0  with params [-4.39772679  0.11624286  0.05       44.87387854]
at minimum 58.2668 accepted 0  with params [-4.52931804  0.49936755  0.23165313 46.28870606]
at minimum 107.0610 accepted 0  with params [-4.73612858  0.1222171   0.30100158 44.52409665]
at minimum 69.7753 accepted 0  with params [-4.69789124  0.88594987  0.05000085 44.09698628]
at minimum 69.2997 accepted 0  with params [-4.68009073  0.87562555  0.05000091 44.63435614]
at minimum 59.0524 accepted 0  with params [-4.42806133  0.20671067  0.05       46.94093031]
at minimum 63.9352 accepted 0  with params [-4.04298489  0.68394297  0.05       43.59423511]
at minimum 60.0570 accepted 0  with params [-4.54386367  0.58661648  0.21495938 44.61281675]
at minimum 63.1399 accepted 0  with params [-4.68906128  0.5789242   0.05       45.41464842]
at minimum 56.2936 accepted 0  with params [-4.3322287   0.17161994  0.19377688 45.3599313 ]
at minimum 60.3787 accepted 0  with params [-4.13746827  0.51559758  0.30088033 45.04585038]
at minimum 57.3527 accepted 0  with params [-4.46305837  0.48677923  0.27197723 45.67055423]
at minimum 66.1528 accepted 0  with params [-4.66283025  0.34003144  0.05000003 49.82091603]
at minimum 58.9272 accepted 0  with params [-4.04512948  0.4540097   0.18677682 44.53841508]
at minimum 55.0146 accepted 1  with params [-4.36849381  0.36645004  0.11552004 45.72286403]
at minimum 58.0609 accepted 1  with params [-4.47062597  0.57276303  0.09501395 45.48985152]
at minimum 67.5152 accepted 0  with params [-4.20182312  0.78611249  0.05000001 45.76741489]
at minimum 54.0881 accepted 1  with params [-4.30461953  0.32967555  0.05438258 45.55845272]
at minimum 54.5444 accepted 0  with params [-4.15831765  0.27755356  0.22911274 44.79394705]
at minimum 65.0081 accepted 0  with params [-4.16828511  0.72380913  0.20529307 43.63375946]
at minimum 68.0494 accepted 0  with params [-3.93762693  0.66509639  0.05000007 45.33061036]
at minimum 81.2822 accepted 0  with params [-4.67735155  0.21263812  0.23695159 45.52206306]
at minimum 58.7878 accepted 0  with params [-3.90898728  0.18588354  0.05417322 45.5931603 ]
at minimum 62.6270 accepted 0  with params [-4.57721824  0.35024878  0.34251347 45.92654407]
at minimum 56.2351 accepted 0  with params [-4.05493491  0.35276148  0.05000037 45.4380539 ]
at minimum 53.6864 accepted 1  with params [-4.24080112  0.33019333  0.05178737 45.34309326]
at minimum 59.3129 accepted 0  with params [-3.89716179 -0.14220462  0.60763944 43.80741899]
at minimum 59.0453 accepted 0  with params [-4.20747573 -0.10174731  0.18965209 45.26110373]
at minimum 62.3907 accepted 0  with params [-4.46490965  0.16713715  0.05       47.42406596]
at minimum 85.2049 accepted 0  with params [-4.52184481e+00 -1.02577257e-02  4.50816529e-01  4.52091029e+01]
at minimum 54.1747 accepted 1  with params [-4.15910548  0.09026902  0.05096578 45.0743263 ]
at minimum 63.9812 accepted 0  with params [-3.78916695  0.14568007  0.05046826 44.99019457]
at minimum 71.8206 accepted 0  with params [-3.74150086  0.33797705  0.05003752 45.30620675]
at minimum 56.9388 accepted 0  with params [-3.95216965  0.1097444   0.21947686 44.0950871 ]
at minimum 62.8376 accepted 0  with params [-3.78291754 -0.13551602  0.05       43.24729159]
at minimum 58.5390 accepted 0  with params [-3.98961232 -0.08361859  1.01308158 44.02973505]
at minimum 62.6584 accepted 0  with params [-4.27526611 -0.10223005  0.2454387  44.83307085]
