at minimum 27.1954 accepted 1  with params [-4.5         0.4         0.05       42.99862332]
at minimum 24.4486 accepted 1  with params [-4.48251722  0.74048375  0.0871417  42.94416993]
at minimum 24.3376 accepted 1  with params [-4.5964255   0.62114648  0.05       43.49785806]
at minimum 32.1854 accepted 0  with params [-4.85022522  0.46478142  0.05       48.04771006]
at minimum 23.6988 accepted 1  with params [-4.33126312  0.35535475  0.3693371  43.55231305]
at minimum 29.2631 accepted 0  with params [-4.15198297e+00 -2.72390045e-02  5.00000000e-02  4.32815406e+01]
at minimum 26.8923 accepted 0  with params [-3.91431909  0.64496212  0.0500001  40.90348176]
at minimum 25.1067 accepted 0  with params [-3.95848234  0.16513574  0.40177705 42.99533714]
at minimum 42.4730 accepted 0  with params [-4.12843506  0.84672051  0.71294355 43.54683308]
at minimum 83.3962 accepted 0  with params [-4.69505521e+00 -2.43808784e-02  5.00000000e-02  4.38378087e+01]
at minimum 22.2434 accepted 1  with params [-4.35294627  0.52684198  0.05       42.58457543]
at minimum 21.4513 accepted 1  with params [-4.24728765  0.50982941  0.0500011  42.49965588]
at minimum 27.1657 accepted 0  with params [-3.88813756  0.55761525  0.05000054 40.94147009]
at minimum 87.9697 accepted 0  with params [-4.74234852e+00  4.13024750e-02  9.29061263e-02  4.22034453e+01]
at minimum 23.0925 accepted 0  with params [-4.12291828  0.46573167  0.48885692 42.4644493 ]
at minimum 22.2318 accepted 0  with params [-4.07105633  0.14213551  2.09957486 41.66746244]
at minimum 25.4168 accepted 0  with params [-4.15708742  0.10065952  0.05       42.16059409]
at minimum 25.4322 accepted 0  with params [-4.58044886  0.5791855   1.33108037 42.70782047]
at minimum 29.5478 accepted 0  with params [-4.31658091  0.12061461  0.48314758 42.83801475]
at minimum 29.1490 accepted 0  with params [-4.0292901   0.90607496  0.05185007 40.6153983 ]
at minimum 22.7400 accepted 1  with params [-4.01608546  0.22028226  0.30897226 41.59435041]
at minimum 26.8155 accepted 0  with params [-3.87332415 -0.09546003  0.63202141 41.1183064 ]
at minimum 22.7528 accepted 1  with params [-4.41706798  0.60833276  0.05486869 42.55358994]
at minimum 27.4817 accepted 0  with params [-4.59326764  0.47848474  0.55184589 42.58287539]
at minimum 26.3580 accepted 1  with params [-4.00906806  0.5487435   0.54967146 40.92991453]
at minimum 24.3372 accepted 1  with params [-4.26058702  0.28757801  0.56148412 40.6068915 ]
at minimum 40.6433 accepted 0  with params [-4.74325273  0.39587759  0.73214728 45.54402866]
at minimum 39.9552 accepted 0  with params [-4.2777221  -0.10518247  0.39683424 40.77380465]
at minimum 30.6071 accepted 0  with params [-3.76649469  0.34649738  0.43343191 41.06948651]
at minimum 37.6327 accepted 0  with params [-4.472029    0.20484575  0.47862098 40.92144012]
at minimum 24.3255 accepted 1  with params [-4.30544956  0.59778838  0.75304423 41.50431364]
at minimum 36.4096 accepted 0  with params [-4.63071088  0.99        0.67688511 39.87847298]
at minimum 21.4863 accepted 1  with params [-4.09684773  0.3362318   0.05       41.95798439]
at minimum 43.4427 accepted 0  with params [-3.60981796 -0.9         3.         38.96318168]
at minimum 39.0741 accepted 0  with params [-3.65206371  0.23729434  3.         40.1747303 ]
at minimum 45.5668 accepted 0  with params [-3.64494636  0.44127115  0.26533364 41.60525675]
at minimum 27.9449 accepted 0  with params [-4.45631081  0.32495277  0.05       43.9226855 ]
at minimum 27.9613 accepted 0  with params [-3.88677874  0.48301836  0.53269385 40.7697641 ]
at minimum 29.8846 accepted 0  with params [-3.8899856   0.78839768  0.05       40.62133251]
at minimum 34.3877 accepted 0  with params [-3.87032873 -0.12329809  0.05       41.81785498]
at minimum 25.7189 accepted 0  with params [-3.91347651  0.28647321  0.05       41.28465947]
at minimum 26.7469 accepted 0  with params [-3.88776611  0.45530882  0.41671393 40.88173184]
at minimum 23.9179 accepted 0  with params [-4.51121556  0.53936651  0.39970745 43.08517303]
at minimum 23.2280 accepted 0  with params [-4.4421595   0.60880191  0.34557818 42.350925  ]
at minimum 25.0246 accepted 0  with params [-4.5144179   0.78900347  0.05       41.59823349]
at minimum 28.3984 accepted 0  with params [-4.59233277  0.45712025  0.36816229 42.20927762]
at minimum 34.2666 accepted 0  with params [-4.14922548  0.7514429   0.96327177 40.37365187]
at minimum 39.2918 accepted 0  with params [-3.66706175  0.68782969  0.41899968 41.81788435]
at minimum 46.7562 accepted 0  with params [-4.39356835 -0.07715913  0.24055691 42.27219364]
at minimum 31.4102 accepted 0  with params [-4.85459902  0.99        0.05       40.67090932]
at minimum 22.4033 accepted 0  with params [-4.34970179  0.48753356  0.0500028  42.69977868]
at minimum 22.8085 accepted 0  with params [-4.31967939  0.44478401  0.90767785 42.01475026]
at minimum 21.4410 accepted 1  with params [-4.1062643   0.34913464  0.19343969 41.93789788]
at minimum 21.9374 accepted 1  with params [-4.21889664  0.41781818  0.52295116 41.76740099]
at minimum 24.4476 accepted 0  with params [-4.49080611  0.68385707  0.47263476 41.80547378]
at minimum 27.0022 accepted 0  with params [-3.99443407  0.79115956  0.05       40.84713726]
at minimum 22.8782 accepted 1  with params [-4.32288581  0.6824971   0.07823606 42.14110132]
at minimum 34.7562 accepted 0  with params [-4.33889544  0.99        0.33315856 41.74542882]
at minimum 27.1493 accepted 0  with params [-4.62980425  0.87424482  0.05       41.55429256]
at minimum 38.0563 accepted 0  with params [-4.6965872   0.39141885  0.4235852  42.25314658]
at minimum 26.5357 accepted 0  with params [-4.76825359  0.67836347  0.49357381 42.34083569]
at minimum 24.9725 accepted 0  with params [-4.63779344  0.75495551  0.05       42.69871068]
at minimum 28.2001 accepted 0  with params [-4.51835653  0.91283679  0.05       41.8513959 ]
at minimum 27.1401 accepted 0  with params [-4.49158801  0.88652618  0.05       41.27787771]
at minimum 21.9873 accepted 1  with params [-4.21872522  0.52043201  0.32764846 41.79538174]
at minimum 29.7682 accepted 0  with params [-4.82419581  0.94417155  0.05       41.26147097]
at minimum 22.4267 accepted 1  with params [-4.32088939  0.55715081  0.23946769 41.41477343]
at minimum 26.0440 accepted 0  with params [-4.06093287  0.75939889  0.13630536 41.85948886]
at minimum 21.5398 accepted 1  with params [-4.08499243  0.48760203  0.05       41.58888905]
at minimum 21.9022 accepted 1  with params [-4.1183402   0.27754222  0.07866746 41.9634473 ]
at minimum 26.4791 accepted 0  with params [-4.31303367  0.19590985  0.3580128  42.88544353]
at minimum 22.7817 accepted 0  with params [-4.35596267  0.4399423   0.40315158 42.50807197]
at minimum 24.7891 accepted 0  with params [-4.07010241  0.67059457  0.20687154 40.2382796 ]
at minimum 33.0067 accepted 0  with params [-4.2340188   0.99        0.05000001 42.81356914]
at minimum 28.1860 accepted 0  with params [-4.17570131e+00  2.23137782e-02  5.00000000e-02  4.22155863e+01]
at minimum 21.7258 accepted 1  with params [-4.09945083  0.29545421  0.10291925 42.02087481]
at minimum 22.2653 accepted 0  with params [-4.11456417  0.54444921  0.23474344 41.51638415]
at minimum 22.1731 accepted 1  with params [-3.98573031  0.163695    3.         41.51247654]
at minimum 26.2122 accepted 0  with params [-3.74028709 -0.13114276  2.61333608 40.99451726]
at minimum 29.6186 accepted 0  with params [-3.67673723 -0.05244318  2.80415418 41.42340787]
at minimum 51.9841 accepted 0  with params [-4.30183188e+00 -9.13262695e-03  3.00000000e+00  4.23790130e+01]
at minimum 46.4905 accepted 0  with params [-3.6980597   0.44120424  2.55492642 39.75422105]
at minimum 25.1916 accepted 0  with params [-3.82910194 -0.25303797  2.93593982 41.27178344]
at minimum 24.2724 accepted 0  with params [-4.30548261  0.55590192  2.57766895 41.69574495]
at minimum 67.7932 accepted 0  with params [-4.40715333e+00 -3.68293363e-03  2.67019621e+00  4.18636493e+01]
at minimum 22.1244 accepted 1  with params [-4.00600422  0.154477    2.88927777 41.40426887]
at minimum 25.1226 accepted 0  with params [-4.27629807  0.58826728  2.91360551 41.50518376]
at minimum 23.9540 accepted 0  with params [-4.19557761  0.27968778  2.88319747 41.34933194]
at minimum 32.2781 accepted 0  with params [-3.71071776  0.16135316  3.         40.57514981]
at minimum 22.7829 accepted 0  with params [-4.17503695  0.38361269  3.         41.79905469]
at minimum 23.3908 accepted 1  with params [-4.27680258  0.43961848  2.76537694 42.10349241]
at minimum 25.6613 accepted 0  with params [-4.56773358  0.69302182  1.87295928 42.05392448]
at minimum 67.6112 accepted 0  with params [-4.51579585  0.11930097  2.42634211 42.30427877]
at minimum 26.9517 accepted 0  with params [-4.42083906  0.45012488  3.         42.80258816]
at minimum 31.0112 accepted 0  with params [-4.70549404  0.99        0.05       40.63735504]
at minimum 26.3608 accepted 0  with params [-4.54442358  0.7276474   3.         41.93265898]
at minimum 71.7056 accepted 0  with params [-4.57084335  0.19532188  3.         44.08285432]
at minimum 25.4344 accepted 0  with params [-4.05392518  0.4202088   2.48920649 41.14885905]
at minimum 24.7163 accepted 0  with params [-4.46100973  0.61176032  2.42538542 42.13519588]
at minimum 24.3268 accepted 0  with params [-4.36170882  0.57496015  2.31970503 41.80922279]
at minimum 30.5649 accepted 0  with params [-4.27269774  0.72016031  2.64940646 40.7921572 ]
