at minimum 165.6361 accepted 1  with params [-4.49999985  0.40000006  0.50000026 40.00000515  1.0000001   1.0000001 ]
at minimum 96.5872 accepted 1  with params [-4.66656314 -0.05903774  0.05       39.88285851  1.07733773  0.94347166]
at minimum 178.5459 accepted 0  with params [-4.47023738 -0.49104863  0.05000024 40.26898371  1.3672591   0.78071691]
at minimum 135.4623 accepted 0  with params [-4.27552843 -0.45335658  0.46567422 39.44742253  1.27005239  1.15819274]
at minimum 175.0530 accepted 0  with params [-4.32234755 -0.54087629  0.37210819 40.12467726  1.47904714  1.11494577]
at minimum 121.7792 accepted 0  with params [-4.58368333  0.29125255  0.18264097 39.91961583  0.74640678  1.41835916]
at minimum 154.1128 accepted 0  with params [-4.19656966  0.34422775  0.05       39.4255641   1.31349118  1.09721871]
at minimum 131.7566 accepted 0  with params [-4.27750307e+00  1.65570583e-02  1.38661466e-01  4.01590989e+01
  1.22712421e+00  1.25773607e+00]
at minimum nan accepted 1  with params [-4.71606007 -0.24833591  0.05000003 40.24362403  0.67121397  1.42924988]
at minimum 1743.7103 accepted 1  with params [-4.35880096 -0.70531622  0.05       39.76478159  0.43257197  1.54256412]
at minimum 1338395242319347712000.0000 accepted 0  with params [-4.28649272 -0.9         0.05       39.34941138  0.35482459  1.79953515]
at minimum 312.4929 accepted 1  with params [-4.49626351 -0.63596672  0.083438   39.70994089  0.55773686  1.36823768]
at minimum 4277.9105 accepted 0  with params [-4.5520308  -0.89999984  0.30974175 39.81289043  0.78714648  1.73850687]
at minimum 150.5605 accepted 1  with params [-4.612115   -0.36008497  0.05       39.62965346  0.18913823  1.3000281 ]
at minimum 174.6224 accepted 0  with params [-4.88636028 -0.39854905  0.05       39.42308054  0.47847303  0.80985092]
at minimum 936.4794 accepted 0  with params [-4.74582642 -0.63442181  0.30344868 39.68436898  0.          1.37771522]
at minimum 142.8730 accepted 1  with params [-4.4133513  -0.04393235  0.48943812 40.06905926  0.22945661  1.10550878]
at minimum 124.7466 accepted 1  with params [-4.41662687 -0.3848069   0.31725772 40.14954399  0.67139015  1.23359103]
at minimum 170.3165 accepted 0  with params [-4.31198486 -0.73717827  0.28171962 40.42598015  0.31640953  0.83074833]
at minimum 93.6991 accepted 1  with params [-4.75562533 -0.07539157  0.51078756 40.39971386  0.90987259  1.45275447]
at minimum 92.4456 accepted 1  with params [-4.58875775 -0.20760335  0.30733126 40.40263757  1.1545449   1.64269999]
at minimum 314.9422 accepted 0  with params [-4.9610663  -0.53654112  0.70435952 40.69678693  0.88715344  1.29647763]
at minimum 137.8442 accepted 0  with params [-4.16616286 -0.23912653  0.09256297 39.91429605  1.61168896  1.84373132]
at minimum 135.8321 accepted 0  with params [-4.11571756 -0.35378608  0.05000083 40.58025058  1.47789416  1.30340746]
at minimum 141.6330 accepted 0  with params [-4.24224348 -0.16556726  0.27415745 40.0964611   0.91851473  2.        ]
at minimum 153.3657 accepted 0  with params [-4.28468764 -0.08732589  0.74576009 40.35882037  1.64126201  1.2822993 ]
at minimum 949.2909 accepted 0  with params [-4.48209871 -0.60740995  0.05       40.51264101  1.54649447  1.95062325]
at minimum 111.5857 accepted 0  with params [-4.5652695   0.14785291  0.05       40.70539777  0.89680391  1.58966465]
at minimum 156.4639 accepted 0  with params [-4.50076507  0.2590109   0.64934823 40.81660783  0.68361686  1.99999987]
at minimum 93.6306 accepted 0  with params [-5.06963236  0.23520678  0.39202602 40.63510087  1.20115812  1.36869908]
at minimum nan accepted 1  with params [-4.2642518  -0.25215981  0.59252865 40.5655343   0.67047503  2.        ]
at minimum 104.5766 accepted 1  with params [-4.5988229  -0.11610462  0.71170393 40.08553567  0.89599708  2.        ]
at minimum 114.2921 accepted 0  with params [-4.56890815e+00 -1.11616348e-02  1.11033702e+00  4.00008564e+01
  1.18204514e+00  2.00000000e+00]
at minimum 166.8722 accepted 0  with params [-4.52947821  0.3500965   0.71393773 40.4707492   0.64859017  1.99999999]
at minimum 149.6424 accepted 0  with params [-4.89151666 -0.28643707  0.45328718 40.4206478   1.14247096  1.50007931]
at minimum 196.0043 accepted 0  with params [-4.13765855 -0.2235912   0.88054906 39.81809535  0.40786269  1.99999998]
at minimum 432.6611 accepted 0  with params [-4.77065838 -0.43216114  0.39670474 40.08257017  0.50234049  1.93970683]
at minimum 155.5563 accepted 0  with params [-4.44184806  0.14589145  1.09232787 40.44447985  1.22836551  2.        ]
at minimum 117.8862 accepted 0  with params [-4.629445   -0.23477821  0.29579637 39.5872544   1.38871075  2.        ]
at minimum 135.3915 accepted 0  with params [-4.78923036 -0.24895928  0.89934177 39.85428692  0.69986761  1.7115598 ]
at minimum 250.2384 accepted 0  with params [-5.09495935 -0.2669011   0.6300331  39.70506259  0.5373901   1.70955798]
at minimum 123.5088 accepted 0  with params [-5.02337774 -0.085259    0.50271026 40.22598351  1.09854314  1.99429516]
at minimum 898.1762 accepted 0  with params [-5.01836041 -0.41037679  0.26251484 40.2968326   0.44227874  1.95844775]
at minimum 110.0842 accepted 0  with params [-4.70489692 -0.14866222  0.88019832 40.47644498  0.57620733  2.        ]
at minimum 107.0922 accepted 0  with params [-4.71630234  0.18324194  0.4876148  39.80795457  1.07781983  2.        ]
at minimum nan accepted 1  with params [-4.82756998  0.1660191   0.42687107 40.1230955   0.58530538  2.        ]
at minimum 216.2682 accepted 1  with params [-4.82211364  0.53422285  0.63140842 40.2718325   0.39722285  1.93924943]
at minimum nan accepted 1  with params [-4.33666879e+00  9.51420838e-01  6.08685784e-01  4.05770788e+01
  1.24757651e-02  2.00000000e+00]
at minimum nan accepted 1  with params [-4.0240744   0.80561381  0.22552931 40.8634344   0.49218427  1.67352057]
at minimum 240.5613 accepted 1  with params [-3.98110161  0.44067265  0.05       41.35259429  0.20669382  1.54958777]
at minimum 249.0998 accepted 0  with params [-4.06135826  0.73089269  0.05       40.97319738  0.22956576  1.27056187]
at minimum nan accepted 1  with params [-4.10044885  0.70798752  0.05       41.64075906  0.17910915  1.3300817 ]
at minimum 347.5241 accepted 1  with params [-3.99192877  0.93820896  0.23575316 41.58339339  0.45786359  1.55773057]
at minimum 289.8357 accepted 1  with params [-4.06560381  0.53032227  0.40160456 41.87931917  0.06325421  1.60665472]
at minimum 249.8926 accepted 1  with params [-4.40044856  0.71379386  0.48076963 42.20316398  0.21440924  1.28254269]
at minimum 317.7005 accepted 0  with params [-4.12131983  0.95333559  0.17797922 42.30268604  0.          1.03837758]
at minimum 253.5773 accepted 0  with params [-4.02253474  0.30774682  0.20333701 42.2679442   0.29055384  1.61616768]
at minimum nan accepted 1  with params [-4.33339526  0.99        0.82156341 42.45193925  0.12936336  1.53142742]
at minimum 36021100169067907599124347748352.0000 accepted 1  with params [-4.68733115e+00  9.89999982e-01  1.07333433e+00  4.20336280e+01
  2.57476950e-08  1.57150033e+00]
at minimum 460.4059 accepted 1  with params [-4.58572106  0.679691    1.02804453 42.14797058  0.          1.56164991]
at minimum 112.0862 accepted 1  with params [-5.00010258  0.37269167  1.26725443 41.80073523  0.19703056  1.50990908]
at minimum nan accepted 1  with params [-4.83369618e+00  4.42744472e-03  1.39742292e+00  4.22110738e+01
  2.50103390e-01  1.86806314e+00]
at minimum 218.4652 accepted 1  with params [-4.58230638 -0.36591954  1.58456138 42.22010332  0.22705301  1.45852489]
at minimum nan accepted 1  with params [-4.23354619 -0.60165854  1.48974341 42.25409567  0.47124657  1.72466196]
at minimum nan accepted 1  with params [-4.04031651 -0.8802275   1.73488356 41.91006064  0.08311943  1.58824368]
at minimum 470497019214569730620348432384.0000 accepted 1  with params [-4.23397732 -0.82808411  1.32221742 41.64747351  0.15953652  1.96493024]
at minimum 6069972614543482.0000 accepted 1  with params [-4.31164867 -0.9         1.02582146 41.38969281  0.38017341  1.73060113]
at minimum 3278.8806 accepted 1  with params [-4.38419107 -0.9         0.83580426 41.60813298  0.79103949  1.83854465]
at minimum 1925.5559 accepted 1  with params [-4.6632393  -0.9         0.72008527 41.680107    0.75581128  1.60791525]
at minimum 15919.6728 accepted 0  with params [-4.74032208 -0.89999963  0.69462186 41.7032783   0.37626005  1.48655762]
at minimum 185.8431 accepted 1  with params [-4.44758271 -0.49727389  0.57030242 41.40211033  0.42129842  1.2983319 ]
at minimum 175.2162 accepted 1  with params [-4.71542877 -0.53378715  0.69008837 41.15454307  0.78606536  1.17365405]
at minimum 251.4011 accepted 0  with params [-4.81080828 -0.40893317  1.00097929 41.18574539  0.48820548  1.61736172]
at minimum 122.8481 accepted 1  with params [-4.77150024 -0.2199309   0.78542863 41.41234508  1.13719916  0.96317908]
at minimum 274.6490 accepted 0  with params [-5.0453037  -0.53331804  1.00934468 41.5337762   1.22977956  0.73868288]
at minimum 144.5715 accepted 0  with params [-5.11100082e+00  1.38140683e-02  7.70335493e-01  4.10274608e+01
  1.39207737e+00  5.73104323e-01]
at minimum 112.5313 accepted 1  with params [-5.17841627  0.09345252  0.45670447 41.17243401  1.23047787  1.31992257]
at minimum 106.9877 accepted 1  with params [-5.31603842  0.46332298  0.63998049 41.03391057  1.1789763   0.93714191]
at minimum 171.2661 accepted 0  with params [-5.72250422  0.2774022   0.70101971 41.40061089  0.89465533  0.83635682]
at minimum 209.2448 accepted 0  with params [-4.94971219  0.64772997  0.58713488 40.89768283  1.30133984  0.97274298]
at minimum 125.3317 accepted 0  with params [-5.75766775  0.40774447  0.93930961 40.91345155  1.24540518  1.09292331]
at minimum 290.7055 accepted 0  with params [-5.01972948  0.85380801  0.28446957 41.08709657  1.1908261   1.19539634]
at minimum 122.7218 accepted 0  with params [-5.42182322  0.2215047   0.56301928 40.99609979  1.03901368  1.36811615]
at minimum 232.7049 accepted 0  with params [-5.68556131  0.84970329  0.79504204 40.62312272  1.10215748  1.0664402 ]
at minimum 121.0634 accepted 0  with params [-4.92326248  0.47366485  0.36357431 41.2748014   0.80454363  1.19079004]
at minimum 200.3477 accepted 0  with params [-5.62606642  0.19250361  0.93404542 41.28165962  0.90309352  0.562697  ]
at minimum 144.3273 accepted 0  with params [-5.27848378  0.10491523  0.7989814  40.76199831  0.98245042  0.8649295 ]
at minimum 162.8053 accepted 0  with params [-5.38311827  0.08465946  0.89673144 41.17771841  1.05837043  1.09683664]
at minimum 170.2208 accepted 0  with params [-5.6506217   0.17590916  0.76649319 41.24043391  1.33888549  1.09050594]
at minimum 112.4078 accepted 0  with params [-5.08701557  0.04575213  0.63718109 40.73181184  0.89859221  1.23989439]
at minimum 114.5064 accepted 0  with params [-5.61152605  0.57641586  0.72094101 40.95933237  0.94545632  0.75250715]
at minimum 235.4823 accepted 0  with params [-5.59297814e+00  2.29229129e-02  5.81792684e-01  4.10214900e+01
  1.13614565e+00  1.03784924e+00]
at minimum 139.0096 accepted 0  with params [-5.13973811  0.67241999  0.48471005 41.2692668   0.91593055  0.95321391]
at minimum 478.2814 accepted 0  with params [-5.69409792  0.77070547  0.93850031 40.8263892   1.52363695  0.90239928]
at minimum 117.3996 accepted 0  with params [-5.18499097  0.62331081  0.19058117 40.9103793   0.96580042  0.81704098]
at minimum 100.1535 accepted 1  with params [-5.15956363  0.30732058  0.83148989 41.31955216  1.35865798  0.83058734]
at minimum 116.1209 accepted 0  with params [-5.45576927  0.6146676   0.896779   40.93893866  1.07863909  0.75035049]
at minimum nan accepted 1  with params [-4.80296345 -0.12672024  1.04067102 41.65878817  1.41981927  0.51318179]
at minimum 124.9235 accepted 1  with params [-4.54011538 -0.35432176  0.69902301 41.67543944  0.98132363  0.08168403]
at minimum nan accepted 1  with params [-4.76549554 -0.25932776  0.4002965  42.07544824  1.14431845  0.        ]
at minimum 200.5973 accepted 1  with params [-5.06962590e+00 -1.10075572e-02  5.00000000e-02  4.17885633e+01
  8.40649447e-01  0.00000000e+00]
