at minimum 61.5858 accepted 1  with params [-4.5         0.4         0.5        37.66568825]
at minimum 76.1658 accepted 0  with params [-4.70244293  0.99        3.         31.17379495]
at minimum 62.5119 accepted 0  with params [-4.93934634  0.63017906  0.66988697 38.59303145]
at minimum 60.4314 accepted 1  with params [-4.47702935  0.79547602  0.7649496  33.12826834]
at minimum 58.9732 accepted 1  with params [-4.71290564  0.67073014  0.99453729 33.08308302]
at minimum 62.0538 accepted 0  with params [-4.9487298   0.8770249   1.1503003  33.19411382]
at minimum nan accepted 1  with params [-5.13468687  0.52663925  1.38513595 33.53700365]
at minimum nan accepted 1  with params [-5.28022866  0.20966386  1.23897533 33.73230566]
at minimum 143.6893 accepted 1  with params [-5.16103487  0.18883761  1.41696858 39.55699583]
at minimum 65.0402 accepted 1  with params [-5.23863317  0.99        1.00058091 32.08394108]
at minimum 63.9520 accepted 1  with params [-5.13596139  0.95628012  0.811953   32.7765727 ]
at minimum 67.9392 accepted 0  with params [-5.41083549  0.61299781  0.9078983  43.25226816]
at minimum nan accepted 1  with params [-5.53318617  0.83107897  0.78259408 33.13036829]
at minimum nan accepted 1  with params [-5.8508083   0.52938137  0.37927077 33.04106545]
at minimum 62.4725 accepted 1  with params [-6.          0.51976736  0.39860168 60.0181086 ]
at minimum 69.3334 accepted 0  with params [-5.87779927  0.39859453  0.74049936 69.19708862]
at minimum 63.4911 accepted 0  with params [-6.          0.47978853  0.68080358 62.40145745]
at minimum 64.3444 accepted 0  with params [-6.          0.94484031  0.61945329 34.07236325]
at minimum 62.6403 accepted 1  with params [-6.          0.51019915  0.34728407 60.54914406]
at minimum 63.2113 accepted 1  with params [-6.          0.5621387   0.25946941 56.43443534]
at minimum 60.9295 accepted 1  with params [-5.54161515  0.5211485   0.34641939 56.91247476]
at minimum 60.9521 accepted 1  with params [-5.38034369  0.54186703  0.18608445 56.10266233]
at minimum 62.0948 accepted 0  with params [-5.41352871  0.63487816  0.51784106 45.73988419]
at minimum 70.5844 accepted 0  with params [-5.4392955   0.45584394  0.57481779 58.53894497]
at minimum 63.5013 accepted 0  with params [-5.85197573  0.83464891  0.64986635 38.00885746]
at minimum 58.8352 accepted 1  with params [-4.77535436  0.71096415  0.33769674 38.812201  ]
at minimum 63.5383 accepted 0  with params [-5.16044945  0.87464004  0.16396951 36.6183448 ]
at minimum 74.6030 accepted 0  with params [-5.1873199   0.41658288  3.         36.30204831]
at minimum 60.4410 accepted 0  with params [-4.94903703  0.74445114  0.59585405 36.99087408]
at minimum 75.7104 accepted 0  with params [-4.8551728   0.40235569  0.94990298 39.62025848]
at minimum 64.4623 accepted 0  with params [-4.88426546  0.99        0.29249245 32.47456144]
at minimum 59.2233 accepted 1  with params [-4.76271269  0.61399582  0.39708102 39.67032035]
at minimum 72.6706 accepted 0  with params [-4.92826398  0.47273936  0.70123415 40.75184354]
at minimum 61.4845 accepted 0  with params [-5.16917229  0.78342546  0.383274   38.73853031]
at minimum 56.8560 accepted 1  with params [-4.4434107  0.5956019  0.7993412 34.0496826]
at minimum 57.1529 accepted 1  with params [-4.38132736  0.41281676  0.9595062  34.01239103]
at minimum 58.1541 accepted 1  with params [-4.44611708  0.35023198  1.43909056 33.60838098]
at minimum 60.0420 accepted 0  with params [-4.65716953  0.46182768  1.0524934  34.39823795]
at minimum 60.5207 accepted 0  with params [-4.24143047  0.40987684  1.28777471 32.96027614]
at minimum 91.1172 accepted 0  with params [-4.9328402   0.32547289  0.95261947 39.32776503]
at minimum 58.5512 accepted 1  with params [-4.73022133  0.67019796  1.37640072 32.91262597]
at minimum 64.0736 accepted 0  with params [-6.          0.93964841  1.43447    33.97058647]
at minimum 151.9562 accepted 0  with params [-5.20385352  0.2358613   1.40920786 33.16988209]
at minimum 60.3129 accepted 0  with params [-5.11011414  0.75107419  1.61503358 34.80991319]
at minimum 63.2152 accepted 0  with params [-5.05603735  0.90481226  1.54745237 32.77397196]
at minimum 64.5676 accepted 0  with params [-6.          0.99        1.08554353 32.52151157]
at minimum 68.6756 accepted 0  with params [-4.9167121   0.99        1.57209868 31.59387927]
at minimum 64.5599 accepted 0  with params [-4.39488364  0.85945766  0.87861225 32.36146383]
at minimum 86.6934 accepted 0  with params [-5.10065483  0.42275076  1.13356868 39.98938275]
at minimum 60.1670 accepted 0  with params [-4.870446    0.73871881  1.14802944 32.94939245]
at minimum 59.1347 accepted 1  with params [-4.77283826  0.55452622  1.23220004 34.98790671]
