at minimum 111.3680 accepted 1  with params [-4.5         0.4         0.5        45.12974297]
at minimum 98.0956 accepted 1  with params [-4.88768424  0.99        0.98867843 38.63815589]
at minimum 97.1754 accepted 1  with params [-5.14578369  0.98779817  1.1213639  38.82039732]
at minimum nan accepted 1  with params [-5.13905183  0.71306213  1.33862936 38.73392801]
at minimum 129.8845 accepted 1  with params [-5.2619028   0.52340756  1.41157425 47.909183  ]
at minimum 120.2348 accepted 1  with params [-5.5291668   0.5966403   1.77628623 49.60978686]
at minimum 101.8408 accepted 1  with params [-5.768712    0.73160992  2.25873669 47.43008091]
at minimum 96.6720 accepted 1  with params [-5.86014175  0.99        2.14546993 39.16314002]
at minimum 96.6206 accepted 1  with params [-6.          0.99        2.09878953 39.28278936]
at minimum 98.0446 accepted 0  with params [-6.          0.77557228  2.50136961 47.27611152]
at minimum 96.6381 accepted 1  with params [-6.          0.99        2.44140102 39.24114173]
at minimum 96.0162 accepted 1  with params [-5.97768598  0.89447313  2.79742867 42.3624379 ]
at minimum 96.6347 accepted 0  with params [-6.          0.99        2.37550507 39.24859881]
at minimum 96.1791 accepted 0  with params [-5.49671246  0.95031257  2.49960236 39.58716231]
at minimum 114.6192 accepted 0  with params [-6.          0.59545753  2.88567421 55.39856632]
at minimum 96.6674 accepted 1  with params [-6.          0.99        3.         39.18711597]
at minimum nan accepted 1  with params [-5.78506988  0.95124273  2.5336521  38.86553388]
at minimum 96.8532 accepted 1  with params [-5.67258543  0.99        2.17180647 38.97522726]
at minimum 96.6220 accepted 1  with params [-6.          0.99        2.12595388 39.27921624]
at minimum 96.6154 accepted 1  with params [-5.94161488  0.99        1.80943912 39.28368635]
at minimum 96.6925 accepted 1  with params [-5.67676815  0.99        1.59965361 39.10917391]
at minimum 109.8710 accepted 0  with params [-5.7395889   0.61777317  1.4405844  53.99660969]
at minimum 96.7166 accepted 1  with params [-5.73339607  0.99        1.67425519 39.43631066]
at minimum 109.1052 accepted 0  with params [-5.70482028  0.66023719  1.97963668 49.79198662]
at minimum 96.5893 accepted 1  with params [-6.          0.99        1.33145411 39.40672616]
at minimum nan accepted 1  with params [-5.8412096   0.5912317   1.61448363 39.36930376]
at minimum 96.2322 accepted 1  with params [-6.          0.83611459  1.38616856 45.51958396]
at minimum 97.5409 accepted 0  with params [-6.          0.76558051  1.78498504 48.43033661]
at minimum 115.0707 accepted 0  with params [-5.69831486  0.57956558  1.33341012 55.75082294]
at minimum 96.2425 accepted 1  with params [-6.          0.90106039  0.91847566 43.00422861]
at minimum 146.4774 accepted 0  with params [-6.          0.46538818  3.         61.95720911]
at minimum 96.6031 accepted 1  with params [-5.65745278  0.99        1.17909577 39.22441696]
at minimum nan accepted 1  with params [-5.38230245  0.99        1.5180413  38.92015301]
at minimum 96.6082 accepted 1  with params [-5.83723099  0.99        1.47920865 39.27337597]
at minimum 118.5719 accepted 0  with params [-5.73233598  0.55482332  1.3760499  57.45951905]
at minimum 96.8722 accepted 1  with params [-5.59807818  0.99        1.88685103 38.95718603]
at minimum 96.2963 accepted 1  with params [-6.          0.83762907  1.64753531 45.23453193]
at minimum 96.6452 accepted 1  with params [-5.7900502   0.99        1.67406205 39.19132922]
at minimum 104.4924 accepted 0  with params [-5.9730641   0.6390323   1.82760326 54.87556119]
at minimum 96.6219 accepted 1  with params [-5.82407554  0.99        1.58082337 39.23999828]
at minimum 95.8961 accepted 1  with params [-5.48426225  0.8767959   1.18943286 42.34828459]
at minimum 96.5950 accepted 1  with params [-5.77417939  0.99        1.2664303  39.28343949]
at minimum 96.5669 accepted 1  with params [-5.40594849  0.99        0.85803178 39.17634801]
at minimum nan accepted 1  with params [-5.75683256  0.50270404  0.87860639 38.76363713]
at minimum 149.3146 accepted 1  with params [-6.          0.33056938  1.25335617 87.86353873]
at minimum 245.2141 accepted 0  with params [-5.879616    0.5758439   1.30892228 84.6930258 ]
at minimum 103.7886 accepted 1  with params [-5.89903785  0.64696497  1.55622462 54.26589654]
at minimum 254.6285 accepted 0  with params [-6.          0.1904405   1.06465709 90.        ]
at minimum 124.8494 accepted 0  with params [-5.56915872  0.54348907  1.24694281 55.28598923]
at minimum 96.9891 accepted 1  with params [-5.48206472  0.99        1.68968578 38.8864882 ]
at minimum 98.6119 accepted 0  with params [-4.96307     0.99        1.22471855 38.55967503]
