at minimum 153.7265 accepted 1  with params [-4.5         0.4         3.         36.83738403]
at minimum 165.6500 accepted 0  with params [-4.80579385  0.70669365  3.         36.69936942]
at minimum 158.8508 accepted 0  with params [-4.52672427  0.15165033  3.         37.70695195]
at minimum 168.7062 accepted 0  with params [-4.86583362  0.76133035  1.51099581 35.91502565]
at minimum 163.0452 accepted 0  with params [-4.64630465  0.66251207  3.         36.08648468]
at minimum 232.6180 accepted 0  with params [-4.80463818e+00  2.53645285e-02  2.75283244e+00  3.71753692e+01]
at minimum 181.4778 accepted 0  with params [-4.0108083   0.39953124  2.61503978 33.80242459]
at minimum 155.6140 accepted 0  with params [-4.50461507  0.46747166  2.80234642 36.44775772]
at minimum 175.1615 accepted 0  with params [-4.09774152  0.0659258   2.58169182 35.76769936]
at minimum 157.6310 accepted 0  with params [-4.56373007  0.5467058   3.         36.73394387]
at minimum 158.9463 accepted 0  with params [-4.72906417  0.56190848  3.         37.73521736]
at minimum 183.9676 accepted 0  with params [-4.00587651  0.34118626  3.         36.87312589]
at minimum 171.3829 accepted 0  with params [-4.40464377  0.67540516  3.         34.56861852]
at minimum 156.3991 accepted 0  with params [-4.33385047  0.20685878  3.         36.15757204]
at minimum 248.6319 accepted 0  with params [-4.985897    0.16858369  3.         42.72247578]
at minimum 212.3906 accepted 0  with params [-4.7657688   0.0780513   3.         37.25091971]
at minimum 156.9409 accepted 0  with params [-4.67483855  0.5145944   3.         37.30788133]
at minimum 181.6504 accepted 0  with params [-4.00695571 -0.0632179   3.         34.29557887]
at minimum 163.4359 accepted 0  with params [-4.84308995  0.6204768   3.         37.17537491]
at minimum 155.2836 accepted 0  with params [-4.46938926  0.43826134  3.         36.5659474 ]
at minimum 154.1469 accepted 0  with params [-4.54388937  0.43583167  3.         36.76247361]
at minimum 168.0456 accepted 0  with params [-4.17163341  0.30098229  3.         34.88376009]
at minimum 153.8910 accepted 0  with params [-4.55621404  0.32968197  3.         37.42433649]
at minimum 175.8160 accepted 0  with params [-4.97729305  0.52633283  2.66916085 36.64186142]
at minimum 156.8292 accepted 0  with params [-4.67239456  0.4597417   2.96543977 36.96021187]
at minimum 163.0307 accepted 0  with params [-4.76918411  0.66266804  3.         36.98622732]
at minimum 194.0307 accepted 0  with params [-4.72791305  0.99        2.77460102 32.42671316]
at minimum 164.6936 accepted 0  with params [-4.78789579  0.41224288  2.79090307 37.85850289]
at minimum 154.5094 accepted 1  with params [-4.45434209  0.19437697  2.83015327 36.10059733]
at minimum 156.8984 accepted 0  with params [-4.59009348  0.53292689  2.39370484 36.53660364]
at minimum 153.1033 accepted 1  with params [-4.49322863  0.30234631  3.         37.15919287]
at minimum 156.5011 accepted 0  with params [-4.39941685  0.40084635  3.         36.06601476]
at minimum 189.0819 accepted 0  with params [-4.97946945  0.99        3.         32.74122676]
at minimum 229.3130 accepted 0  with params [-4.69954943 -0.0897561   3.         36.89227197]
at minimum 153.3286 accepted 1  with params [-4.45501973  0.25858645  2.82402601 36.65751656]
at minimum 161.8506 accepted 0  with params [-4.50534219  0.57991893  2.78302173 37.08660754]
at minimum 169.7429 accepted 0  with params [-4.16931763e+00  8.05406281e-03  2.55628512e+00  3.50710064e+01]
at minimum 156.2072 accepted 0  with params [-4.47874993  0.12006096  2.48133822 36.75254844]
at minimum 160.1553 accepted 0  with params [-4.65678209  0.61438418  2.71157346 36.51087506]
at minimum 165.0189 accepted 0  with params [-4.78571711  0.43414434  2.73334542 36.48190029]
at minimum 160.5877 accepted 0  with params [-4.31031055e+00  2.97095771e-03  3.00000000e+00  3.64298827e+01]
at minimum 153.4000 accepted 1  with params [-4.46381941  0.25376158  2.96063963 36.71408905]
at minimum 158.9730 accepted 0  with params [-4.74340592  0.53282096  3.         38.14544232]
at minimum 190.5733 accepted 0  with params [-4.8869996   0.99        2.93986514 32.62502775]
at minimum 178.2338 accepted 0  with params [-4.04317719e+00  1.96981200e-03  2.88423921e+00  3.44521735e+01]
at minimum 157.0104 accepted 0  with params [-4.42837266  0.43654173  2.75729087 36.02423101]
at minimum 163.2592 accepted 0  with params [-4.44330344  0.58504103  3.         35.38744366]
at minimum 174.5104 accepted 0  with params [-4.83661539  0.34017897  2.70576209 40.41968079]
at minimum 181.0088 accepted 0  with params [-4.01221141  0.082512    3.         36.36498258]
at minimum 186.8065 accepted 0  with params [-4.9621151   0.38448227  3.         42.23886806]
at minimum 156.0116 accepted 0  with params [-4.53987699  0.22061237  2.93859833 37.72262036]
at minimum 193.2578 accepted 0  with params [-4.7621091   0.99        2.7537415  32.46644419]
at minimum 163.3043 accepted 0  with params [-4.22199869  0.18823219  2.91050307 35.38318936]
at minimum 174.9231 accepted 0  with params [-4.0813965   0.10443984  2.72134251 34.56758744]
at minimum 167.0262 accepted 0  with params [-4.19158161  0.23012009  2.63527543 35.02773191]
at minimum 177.5583 accepted 0  with params [-4.07544436  0.26950394  3.         36.88787196]
at minimum 154.0332 accepted 1  with params [-4.5511147   0.42715706  3.         36.71122415]
at minimum 179.8065 accepted 0  with params [-4.1257854   0.56920219  2.9561488  33.83740488]
at minimum 152.9300 accepted 1  with params [-4.50292383  0.33057295  2.59959366 36.83437871]
at minimum 161.9427 accepted 0  with params [-4.86607759  0.51264132  2.19850216 39.23253422]
at minimum 232.8800 accepted 0  with params [-4.86099298  0.08445839  2.60788815 37.25200055]
at minimum 173.3916 accepted 0  with params [-4.8943954   0.42844638  2.98810241 40.85332143]
at minimum 164.5491 accepted 0  with params [-4.94263489  0.61216715  2.28583104 38.90041733]
at minimum 186.9289 accepted 0  with params [-4.86958694  0.27993315  2.59639666 40.98454341]
at minimum 172.3564 accepted 0  with params [-4.56504848  0.74734114  2.34259547 34.62422661]
at minimum 213.5487 accepted 0  with params [-4.71943905e+00  1.11342757e-03  2.88119825e+00  3.64588134e+01]
at minimum 186.8339 accepted 0  with params [-4.72011876  0.08264134  2.23817314 36.87676466]
at minimum 175.9389 accepted 0  with params [-4.07008586  0.10833219  2.70555873 34.98777953]
at minimum 158.7638 accepted 0  with params [-4.59862255  0.22147039  2.64546238 37.03824312]
at minimum 156.4853 accepted 0  with params [-4.69741351  0.48960791  2.47722668 36.9051794 ]
at minimum 153.3563 accepted 1  with params [-4.61222353  0.38114484  2.27205398 37.57733176]
at minimum 158.5185 accepted 0  with params [-4.74526067  0.57735465  2.21554967 37.45288986]
at minimum 167.7811 accepted 0  with params [-4.23609843  0.36902611  2.25704862 34.8635806 ]
at minimum 201.9410 accepted 0  with params [-4.68834503 -0.04892954  2.32297879 37.22048579]
at minimum 153.8080 accepted 1  with params [-4.66115711  0.41733925  1.89235874 36.89573209]
at minimum 178.7547 accepted 0  with params [-4.90848714  0.34580995  2.24703339 41.13337525]
at minimum 156.5977 accepted 0  with params [-4.77156     0.5266275   1.67269386 37.82698363]
at minimum 248.9296 accepted 0  with params [-4.89330386  0.04713683  2.33949821 37.03161482]
at minimum 165.0083 accepted 0  with params [-4.74071534  0.26006389  2.06582203 39.23447431]
at minimum 191.6216 accepted 0  with params [-4.30308969  0.8525101   1.91333067 32.91066236]
at minimum 162.8194 accepted 0  with params [-4.93781399  0.56558107  1.76737501 39.27118897]
at minimum 187.6914 accepted 0  with params [-4.27009891  0.79353144  1.45061709 33.19532679]
at minimum 153.7058 accepted 1  with params [-4.62863337  0.46082847  1.68469771 37.05497902]
at minimum 155.2692 accepted 1  with params [-4.44614229  0.34152367  1.61235229 36.18547126]
at minimum 159.6487 accepted 0  with params [-4.79870415  0.53721726  2.04265743 36.46531871]
at minimum 189.8743 accepted 0  with params [-4.01968017  0.72088722  2.0124827  32.94280731]
at minimum 180.8026 accepted 0  with params [-4.13303009  0.5374149   1.53432369 33.78014817]
at minimum 157.4643 accepted 1  with params [-4.68700265  0.34920987  1.80590317 35.59201716]
at minimum 164.3042 accepted 0  with params [-4.83832781  0.47976233  1.89038939 35.68135821]
at minimum 198.7853 accepted 0  with params [-5.01472292  0.29282571  1.84458278 42.93928535]
at minimum 189.4588 accepted 0  with params [-4.98292347  0.99        1.41402085 32.74470417]
at minimum 156.7805 accepted 1  with params [-4.61815255  0.5377053   2.13662835 36.62975048]
at minimum 198.8887 accepted 0  with params [-4.17913917  0.91710241  2.03727956 32.35545723]
at minimum 201.2014 accepted 0  with params [-4.56802334  0.93705485  2.43319502 37.03396202]
at minimum 176.7295 accepted 0  with params [-4.82581046  0.84833855  1.94087959 34.56508575]
at minimum 155.7575 accepted 1  with params [-4.50374201  0.44395711  1.86382288 36.13043637]
at minimum 162.3349 accepted 0  with params [-4.8320968   0.56427306  3.         38.65219628]
at minimum 169.4298 accepted 0  with params [-4.67852636  0.11362588  1.73787633 36.33456485]
at minimum 154.4444 accepted 1  with params [-4.453411    0.12797367  1.66421955 36.31262996]
at minimum 158.9722 accepted 0  with params [-4.72495706  0.34911761  1.97079279 36.77188577]
at minimum 192.7122 accepted 0  with params [-4.78564945  0.99        1.27567029 32.55890611]
