at minimum 4.7715 accepted 1  with params [-4.41560332  0.4         0.05       40.38925024]
at minimum 6.1802 accepted 0  with params [-4.67504496  0.11501191  0.16021986 40.62171197]
at minimum 4.6303 accepted 1  with params [-4.29609827 -0.09724448  0.30507103 40.87946786]
at minimum 7.0108 accepted 0  with params [-4.76466745e+00  1.86345469e-02  1.48863501e-01  4.09757640e+01]
at minimum 3.4023 accepted 1  with params [-3.95470305 -0.9         0.0546173  42.30997608]
at minimum 3.5546 accepted 0  with params [-3.84244194 -0.9         0.05000088 42.07000004]
at minimum 5.4870 accepted 0  with params [-4.44802421 -0.9         0.05       43.33982862]
at minimum 3.8287 accepted 1  with params [-4.18815312 -0.69091307  0.05002428 42.64267517]
at minimum 5.4694 accepted 0  with params [-4.49497315 -0.5225014   0.05       43.08492787]
at minimum 6.1246 accepted 0  with params [-4.57812174 -0.55262059  0.05       44.55131556]
at minimum 4.3926 accepted 0  with params [-3.74085532 -0.50890447  0.4170933  42.06999999]
at minimum 3.6845 accepted 1  with params [-3.95577571 -0.39270365  0.05292148 42.44625301]
at minimum 3.8296 accepted 1  with params [-4.13716014 -0.42609718  0.09431848 42.57387373]
at minimum 3.8619 accepted 1  with params [-4.20056948 -0.71601292  0.05000005 42.84737196]
at minimum 5.0611 accepted 0  with params [-4.44242657 -0.43536225  0.12343617 43.03642174]
at minimum 3.7171 accepted 1  with params [-4.15567771 -0.9         0.05       42.97287937]
at minimum 6.4614 accepted 0  with params [-4.61679317 -0.55650206  0.05499254 45.16538224]
at minimum 3.4359 accepted 1  with params [-3.94171785 -0.8071856   0.05000001 42.62680454]
at minimum 3.6024 accepted 0  with params [-4.08136781 -0.6844022   0.05000004 42.71238829]
at minimum 4.4761 accepted 1  with params [-4.26880886 -0.9         0.23263809 42.94805729]
at minimum 4.2893 accepted 1  with params [-4.28871147 -0.9         0.05       42.89856322]
at minimum 6.6733 accepted 0  with params [-4.52496187 -0.9         0.21538494 43.11739818]
at minimum 3.4187 accepted 1  with params [-4.00145087 -0.9         0.05       42.56005582]
at minimum 3.7868 accepted 1  with params [-4.18410107 -0.9         0.05       42.58676964]
at minimum 8.1998 accepted 0  with params [-4.61566641 -0.9         0.25496812 42.27887261]
at minimum 3.9214 accepted 1  with params [-3.94007119 -0.9         0.54719503 42.474992  ]
at minimum 5.8439 accepted 0  with params [-4.29199513 -0.84481995  0.70257493 42.39259339]
at minimum 5.4759 accepted 0  with params [-3.52898862 -0.9         0.6296028  41.03041812]
at minimum 4.0163 accepted 0  with params [-3.91467085 -0.78105148  0.67334637 42.56000249]
at minimum 3.8983 accepted 1  with params [-3.75510859 -0.9         0.05       42.03999499]
at minimum 3.4461 accepted 1  with params [-3.91782883 -0.9         0.05000027 41.63677194]
at minimum 4.3355 accepted 1  with params [-4.30810933 -0.56677681  0.05       42.93682853]
at minimum 6.2301 accepted 0  with params [-4.47583859 -0.43668365  0.42684924 43.37097337]
at minimum 3.5250 accepted 1  with params [-4.04185141 -0.72728413  0.05       42.60064755]
at minimum 4.2604 accepted 1  with params [-3.9329088  -0.45338199  3.         42.59245076]
at minimum 4.8958 accepted 1  with params [-4.17150271 -0.05828167  3.         42.21076265]
at minimum 4.4248 accepted 1  with params [-3.72104808 -0.05315223  3.         42.06999987]
at minimum 7795392.8796 accepted 0  with params [-3.23502567  0.36696558  3.         10.        ]
at minimum 4.1872 accepted 1  with params [-3.76619419 -0.9         3.         42.07000548]
at minimum 4.2871 accepted 1  with params [-3.95338257 -0.60032047  2.54175165 42.42180148]
at minimum 4.6810 accepted 0  with params [-3.4635974  -0.9         2.98635972 42.14582072]
at minimum 4.2858 accepted 1  with params [-4.10301019  0.13817086  2.29939355 42.51632939]
at minimum 4.2663 accepted 1  with params [-4.00351635 -0.17611366  2.51299591 42.19138128]
at minimum 7.9509 accepted 0  with params [-4.46141838 -0.27889181  2.5396253  41.78223533]
at minimum 5.2776 accepted 1  with params [-4.34015978  0.99        2.57387489 41.20457688]
at minimum 5.2816 accepted 1  with params [-4.31840145  0.99        2.2416222  41.34183069]
at minimum 5.2621 accepted 1  with params [-4.37861944  0.99        2.28965536 42.02034957]
at minimum 5.3054 accepted 1  with params [-4.29455646  0.99        2.73556668 41.30031877]
at minimum 5.1803 accepted 1  with params [-4.1621687   0.90342452  2.31213627 42.03998997]
at minimum 4.6626 accepted 1  with params [-4.2987538   0.76563322  2.2572732  42.07060641]
at minimum 5.1641 accepted 0  with params [-4.57663783  0.99        2.73319554 40.99363191]
at minimum 4.6487 accepted 1  with params [-4.55030413  0.86582052  2.66101429 42.09102389]
at minimum 5.2224 accepted 0  with params [-4.3710588   0.98114617  2.21458626 41.27859064]
at minimum 5.2891 accepted 1  with params [-4.30951014  0.99        2.30724468 41.3536324 ]
at minimum 4.7976 accepted 1  with params [-4.60978498  0.60763753  2.33314903 43.48955318]
at minimum 4.8753 accepted 1  with params [-5.05612613  0.99        2.75328381 41.61390254]
at minimum 4.8465 accepted 1  with params [-5.10262972  0.99        3.         41.64141443]
at minimum 4.5248 accepted 1  with params [-5.01051215  0.88569783  2.99213119 43.23212989]
at minimum 5.0818 accepted 1  with params [-4.72900934  0.99        3.         41.22041654]
at minimum 4.9427 accepted 1  with params [-4.23436663  0.84432196  2.74334645 42.03989123]
at minimum 4.4338 accepted 1  with params [-4.20914043  0.63343171  2.89670091 42.47926006]
at minimum 5.3019 accepted 0  with params [-3.79182704  0.73330045  2.65255364 42.04      ]
at minimum 5.0090 accepted 1  with params [-3.80620337  0.54984416  2.85604231 42.04      ]
at minimum 4.7075 accepted 1  with params [-3.64625316e+00  2.31892758e-02  2.62376273e+00  4.15697249e+01]
at minimum 4.2890 accepted 1  with params [-4.15001475  0.26607287  2.27955285 42.57456883]
at minimum 5.0867 accepted 1  with params [-4.18525032 -0.24268622  2.46477481 42.21415314]
at minimum 4.3296 accepted 1  with params [-3.73839509 -0.43416045  2.74975847 42.06999992]
at minimum 4.8024 accepted 1  with params [-3.46783864 -0.2824753   3.         42.04000003]
at minimum 4.2883 accepted 1  with params [-4.07181867  0.15824966  3.         42.56765228]
at minimum 4.9778 accepted 1  with params [-3.91517637  0.64942276  3.         42.04      ]
at minimum 4.8417 accepted 1  with params [-3.79621492  0.42724686  3.         41.75369015]
at minimum 4.4471 accepted 1  with params [-4.54087473  0.70903753  2.45371133 42.96514718]
at minimum 5.2844 accepted 1  with params [-4.33049616  0.99        2.69025094 41.2062745 ]
at minimum 5.1698 accepted 1  with params [-4.10431125  0.87670954  1.82463815 42.07673463]
at minimum 5.5297 accepted 0  with params [-3.77140135  0.97558431  1.43898104 42.41398284]
at minimum 5.2159 accepted 1  with params [-3.80781754  0.77055985  1.2944631  42.1161673 ]
at minimum 8.6099 accepted 0  with params [-3.45920557  0.99        1.50563619 38.74328742]
at minimum 5.4755 accepted 1  with params [-3.53191656  0.65884191  1.18776638 42.04000003]
at minimum 4.7455 accepted 1  with params [-3.69548337  0.37532889  0.88851933 42.04000004]
at minimum 5.2307 accepted 1  with params [-3.72360221  0.72816282  1.31169876 42.03999999]
at minimum 4.1974 accepted 1  with params [-4.12435595  0.3274889   0.85995304 42.56181643]
at minimum 4.6577 accepted 0  with params [-4.39357813  0.27488816  0.47005646 42.33114301]
at minimum 4.2925 accepted 1  with params [-4.22560081  0.3295032   0.86162135 42.58106564]
at minimum 4.4414 accepted 0  with params [-4.68940993  0.86473175  0.50999595 42.55012318]
at minimum 4.6578 accepted 1  with params [-5.30259694  0.86935676  1.31802206 44.81158143]
at minimum 8.7462 accepted 0  with params [-5.44602816  0.57110104  1.27211274 45.08644947]
at minimum 11.2910 accepted 0  with params [-5.47851898  0.34146091  1.23539426 66.8061905 ]
at minimum 5.0035 accepted 1  with params [-4.80242785  0.99        1.6364876  41.34893283]
at minimum 4.9200 accepted 1  with params [-4.86385332  0.99        1.27268929 41.53071118]
at minimum 4.5173 accepted 1  with params [-4.47489125  0.54371292  0.21701211 44.04459305]
at minimum 4.2286 accepted 1  with params [-4.08661275  0.4765839   0.50075472 42.56041095]
at minimum 5.1730 accepted 0  with params [-3.86919946  0.99        0.78622994 42.03442359]
at minimum 4.2131 accepted 1  with params [-3.84103254 -0.9         3.         42.06999498]
at minimum 4.7051 accepted 1  with params [-3.45745231 -0.9         2.65870538 41.63769556]
at minimum 5.1081 accepted 1  with params [-3.38585195 -0.9         2.47649358 42.04888737]
at minimum 4.1842 accepted 1  with params [-3.7783041  -0.9         2.70722018 42.06999547]
at minimum 7.0276 accepted 0  with params [-3.37640581 -0.54271259  2.44744738 40.29651669]
at minimum 170090218.5113 accepted 0  with params [-3.30127271 -0.88461059  2.28383526 10.        ]
at minimum 4.2419 accepted 1  with params [-3.9448904  -0.36633924  2.7325345  42.56018265]
at minimum 6.5556 accepted 1  with params [-4.42485949e+00  2.51587373e-02  3.00000000e+00  4.22315881e+01]
at minimum 4.3542 accepted 1  with params [-4.05443533e+00 -1.54981828e-02  3.00000000e+00  4.23443492e+01]
