at minimum 64.1509 accepted 1  with params [-4.49999983  0.40000019  0.49999993 40.00000141  0.9999997   1.0000001 ]
at minimum 103.7802 accepted 0  with params [-4.31279588  0.84714238  0.97142604 39.51776637  0.57031333  1.15413143]
at minimum 62.6340 accepted 1  with params [-4.10788864 -0.08624469  0.50450747 39.81212038  1.14951486  1.16164301]
at minimum 114.3825 accepted 0  with params [-4.22357302 -0.35103962  0.17272787 40.2282312   1.45924719  0.81293416]
at minimum 66.9888 accepted 0  with params [-4.49598698 -0.0686142   0.38082119 39.91516788  0.74991374  1.10317775]
at minimum 81.9468 accepted 0  with params [-4.38500043 -0.25467846  0.8580603  39.79326601  1.64198379  0.94411403]
at minimum 65.2220 accepted 0  with params [-4.32836815 -0.16693176  0.81455043 39.77252412  1.43065084  0.87328259]
at minimum 62.7409 accepted 1  with params [-4.13480582 -0.11744337  0.97638859 39.99190136  1.43408241  1.44564972]
at minimum 61.3904 accepted 1  with params [-4.52706787  0.18206868  0.64267488 39.80824126  1.8914466   1.50729449]
at minimum 66.7036 accepted 0  with params [-4.6068796   0.30864647  0.46993747 40.10515844  1.99999957  1.50873959]
at minimum 135.5020 accepted 0  with params [-4.29781832  0.50582203  1.10156172 39.41618333  2.          1.69047324]
at minimum 177.0393 accepted 0  with params [-4.83218419  0.67490103  0.9380716  40.13563189  1.79052265  1.6067465 ]
at minimum 116.5047 accepted 0  with params [-4.84097049  0.49470639  1.02797592 39.87781656  2.          1.86582914]
at minimum 110.4536 accepted 0  with params [-4.71094976e+00 -1.67209230e-02  6.98888312e-01  3.93116400e+01
  1.44129905e+00  1.41840631e+00]
at minimum nan accepted 1  with params [-4.59173415  0.18498343  0.92328329 40.01266446  2.          1.72393804]
at minimum 68.9817 accepted 1  with params [-4.60466796  0.10030386  1.23369198 39.92364117  2.          1.36842317]
at minimum 91.6541 accepted 0  with params [-4.86494806  0.18746675  0.80857645 39.55989733  1.55093838  1.56666996]
at minimum 65.9735 accepted 1  with params [-4.32143368 -0.17865262  1.1823877  40.07849678  1.5813388   1.34372264]
at minimum 77.7611 accepted 0  with params [-4.55678071e+00  2.16896255e-03  1.14913690e+00  4.01114186e+01
  1.90274305e+00  1.21075847e+00]
at minimum nan accepted 1  with params [-3.98129253 -0.67844051  1.5884597  39.83108786  1.20011349  1.76127065]
at minimum 109.6289 accepted 1  with params [-3.85959102 -0.7966437   2.03929413 39.94835398  1.29066352  1.59561339]
at minimum 229.4786 accepted 0  with params [-3.6030515  -0.9         1.73908366 39.47660094  0.99601907  2.        ]
at minimum 93.6424 accepted 1  with params [-3.81382113 -0.56959623  2.11628507 39.88290094  1.54905177  1.83020283]
at minimum 151.3752 accepted 0  with params [-4.28793845 -0.66818339  2.42846079 40.01188489  1.65599331  1.36216363]
at minimum 85.3966 accepted 1  with params [-4.20450194 -0.31973008  2.31613936 40.24686868  1.12450927  2.        ]
at minimum 61.9163 accepted 1  with params [-4.29539151  0.09503798  2.76544935 40.63044034  1.56498029  1.94331427]
at minimum 344.4605 accepted 0  with params [-4.78123128 -0.23037848  3.         40.36744964  1.74357074  1.96740624]
at minimum 89.5541 accepted 0  with params [-4.27381673  0.32976692  2.46600346 40.92448281  1.67462243  1.79657165]
at minimum 114.5734 accepted 0  with params [-3.96604577  0.37086906  2.99999942 41.10309381  1.37138279  1.65788869]
at minimum 66.1153 accepted 0  with params [-4.16690386  0.09229096  2.77654719 40.35462558  1.07543796  1.60346189]
at minimum 167.9952 accepted 0  with params [-3.91596382  0.53404044  2.55991402 40.39601585  1.74511522  1.98588973]
at minimum 70.6588 accepted 0  with params [-4.53462012  0.29115997  2.61579668 40.2385758   1.68672003  2.        ]
at minimum 73.7640 accepted 0  with params [-4.49124308e+00  1.70676528e-02  2.99999924e+00  4.10021744e+01
  1.35216166e+00  1.87597433e+00]
at minimum 71.1931 accepted 0  with params [-4.04747251e+00  2.71250394e-02  3.00000000e+00  4.05127774e+01
  1.64914663e+00  2.00000000e+00]
at minimum 73.8315 accepted 0  with params [-3.86238271 -0.29065769  2.99999995 40.40607692  1.91685477  1.62892085]
at minimum 253.9586 accepted 0  with params [-4.67283831 -0.25785424  2.72504958 40.47991078  1.32144642  2.        ]
at minimum 66.5670 accepted 0  with params [-4.11422563 -0.1125164   2.35473377 40.6139358   1.08696993  1.52679338]
at minimum nan accepted 1  with params [-4.73743882 -0.27711164  2.9612756  40.29901151  1.94174278  2.        ]
at minimum 139.7329 accepted 1  with params [-4.70774185e+00 -3.51692217e-02  2.50609176e+00  4.05131514e+01
  2.00000000e+00  2.00000000e+00]
at minimum 588.2289 accepted 0  with params [-5.06639675 -0.22774874  2.26024985 40.49958031  1.73619162  2.        ]
at minimum nan accepted 1  with params [-4.62942787  0.42726169  2.79009338 40.86575568  2.          1.92062847]
at minimum 319.1403 accepted 1  with params [-4.17004299  0.82598324  2.98798423 40.69723226  2.          1.86329163]
at minimum 171.4494 accepted 1  with params [-4.30822685  0.54780914  2.7687208  41.03771076  1.9997619   2.        ]
at minimum 277.9290 accepted 0  with params [-4.40290454  0.73100587  3.         41.07894282  2.          2.        ]
at minimum 274.8775 accepted 0  with params [-3.81531295  0.74660596  2.31395806 41.17990268  1.99999988  2.        ]
at minimum 85.4963 accepted 1  with params [-4.50861785  0.40987942  2.57030394 40.882151    1.64070116  1.6428487 ]
at minimum nan accepted 1  with params [-4.08423379  0.219656    2.89115275 40.98972834  1.4058152   1.6056508 ]
at minimum 79.1530 accepted 1  with params [-4.24040534  0.24373044  2.44445036 41.4416863   1.42406801  1.99999988]
at minimum 101.1258 accepted 0  with params [-4.29372571  0.47274799  2.37790593 41.43879611  1.19499812  1.75685307]
at minimum 151.8149 accepted 0  with params [-4.09094899  0.57681114  2.66920467 41.67257866  1.22187365  2.        ]
at minimum 73.0980 accepted 1  with params [-4.09047275  0.09087727  2.87483559 41.0946383   1.27685142  1.62446906]
at minimum 69.1603 accepted 1  with params [-4.44455371  0.26558143  2.85639346 41.28606968  1.38861071  2.        ]
at minimum 152.4925 accepted 0  with params [-4.07770066  0.5751827   2.50670752 41.10973729  0.9897221   2.        ]
at minimum 225.9227 accepted 0  with params [-4.81696337 -0.09699312  2.55334064 41.15028566  1.63030613  2.        ]
at minimum 63.0554 accepted 1  with params [-4.20198870e+00 -1.79095560e-02  2.68045732e+00  4.10905373e+01
  1.69699759e+00  2.00000000e+00]
at minimum 77.8164 accepted 0  with params [-4.49850247  0.33787716  2.88789107 40.7573841   1.64582287  2.        ]
at minimum 84.0114 accepted 0  with params [-3.86418845 -0.05914033  3.         41.24713043  1.78810067  1.71903305]
at minimum 76.6649 accepted 0  with params [-4.14298273  0.18525995  3.         40.71670997  1.57682877  1.82090645]
at minimum 124.4559 accepted 0  with params [-4.09205255  0.41081366  2.79100253 41.02794269  1.72000886  2.        ]
at minimum 65.0946 accepted 0  with params [-4.24444579 -0.10830376  2.39574347 41.0200572   1.79982692  1.99999993]
at minimum 70.0128 accepted 0  with params [-4.64023461  0.28700359  2.39310629 41.32012522  1.6582344   2.        ]
at minimum nan accepted 1  with params [-4.29718929  0.35212924  3.         41.01546656  1.70054149  1.99999972]
at minimum 113.8116 accepted 1  with params [-4.21766753  0.39888175  3.         41.03998292  1.8138104   2.        ]
at minimum nan accepted 1  with params [-3.94906949  0.63406661  3.         41.14938335  2.          2.        ]
at minimum 198.0671 accepted 1  with params [-3.81821822  0.6272365   3.         41.57377098  1.64974439  1.76462291]
at minimum nan accepted 1  with params [-3.39777305  0.68285194  3.         41.58395066  1.45932844  1.69965658]
at minimum nan accepted 1  with params [-3.69190566  0.69952543  3.         41.7291297   1.50725551  1.86369876]
at minimum 932.2742 accepted 1  with params [-3.35012252  0.99        2.63421236 41.40150342  1.45751016  2.        ]
at minimum 672.9596 accepted 1  with params [-3.38116977  0.82303159  2.27808259 41.24200112  1.33775523  2.        ]
at minimum 485.1745 accepted 1  with params [-3.76736203  0.98999964  2.26366463 40.84760182  0.95119532  1.81028035]
at minimum 256.2722 accepted 1  with params [-4.15561846  0.99        2.61756166 40.40058921  1.11662227  1.79033435]
at minimum 200.6647 accepted 1  with params [-4.35102667  0.98999985  2.4261786  40.71204927  1.12658359  1.61906939]
at minimum nan accepted 1  with params [-4.64675743  0.62579298  2.55136691 40.75976657  0.77808505  2.        ]
at minimum 86.7963 accepted 1  with params [-4.2511222   0.42743705  2.41928162 41.14170878  0.45159109  1.70951978]
at minimum 130.9203 accepted 0  with params [-3.83890584  0.48553172  2.27611757 40.88369452  0.74171554  1.37744605]
at minimum 101.1464 accepted 0  with params [-4.37411145  0.49390624  2.68640108 41.09732298  0.86442984  1.99999981]
at minimum 109.3553 accepted 0  with params [-4.47951386  0.55677672  2.11270963 41.37335774  0.77232685  1.92415138]
at minimum 63.9714 accepted 1  with params [-4.29115421  0.17548823  2.50986513 41.04498022  0.6776285   1.66357971]
at minimum 84.7060 accepted 0  with params [-4.29974557  0.40212639  2.50739403 40.84547779  0.23583376  1.78428403]
at minimum 86.4875 accepted 0  with params [-4.14509183  0.39888157  2.87165447 40.99173013  0.37489715  1.63852913]
at minimum 125.0159 accepted 0  with params [-4.23511406  0.58630435  2.28687599 41.21867347  1.05149032  1.82736057]
at minimum 105.4716 accepted 0  with params [-3.9556268   0.3414737   2.39281635 41.34883873  0.42563369  1.68902512]
at minimum 68.0601 accepted 0  with params [-4.27570175 -0.13398061  2.67576586 41.06837708  0.33347794  1.99058044]
at minimum 105.2712 accepted 0  with params [-4.31053561  0.54788459  2.81213832 41.33791756  0.39485308  1.65223695]
at minimum 80.3765 accepted 0  with params [-4.39613688 -0.18363176  2.56003926 41.25472495  0.99955353  1.45411882]
at minimum 66.4959 accepted 0  with params [-4.47997194  0.06394937  2.39958564 41.07495506  0.53088527  1.26751304]
at minimum 89.3743 accepted 0  with params [-4.37993493  0.43056495  2.37129644 40.92661124  0.56264077  1.95192442]
at minimum 85.1427 accepted 0  with params [-4.38429168  0.48968459  2.28357898 40.9293678   1.03624852  1.47420588]
at minimum 70.3388 accepted 0  with params [-4.55598927  0.31665549  2.91673962 41.43716081  0.95589348  1.81464441]
at minimum 70.6511 accepted 0  with params [-4.62237733  0.30208226  2.54669341 41.35864465  1.03166913  1.80613333]
at minimum 136.3423 accepted 0  with params [-4.67660322 -0.11564341  2.76822666 41.06377675  0.4441592   1.50227409]
at minimum 84.7628 accepted 0  with params [-4.41449208 -0.19046258  2.60266642 41.43685456  0.37976984  1.72882423]
at minimum 104.6439 accepted 0  with params [-4.74086707  0.11896793  2.88493622 41.4767689   0.9880215   1.34737413]
at minimum 85.7723 accepted 0  with params [-3.90255972 -0.13685998  2.8408514  40.66661808  0.33542806  1.6740841 ]
at minimum 90.9792 accepted 0  with params [-3.87108824  0.10305758  2.91959478 41.02424217  0.29062165  1.65045828]
at minimum 91.8651 accepted 0  with params [-4.63459789e+00 -5.55589622e-03  2.15449404e+00  4.13329316e+01
  7.09537221e-01  1.80946543e+00]
at minimum 77.2648 accepted 0  with params [-4.6096229   0.31807059  2.95502726 41.22879659  0.40894301  1.43842106]
at minimum 89.8963 accepted 0  with params [-4.03838255  0.37993559  2.67456703 40.82559431  0.49613831  1.3860944 ]
at minimum 71.9808 accepted 0  with params [-4.4834863   0.43375885  2.72676239 40.70727073  0.97972476  1.4270941 ]
at minimum 71.9297 accepted 0  with params [-4.25612824 -0.15513917  2.81381978 41.44435694  0.25114423  1.99999941]
at minimum 65.9366 accepted 1  with params [-4.17085166  0.06068158  2.72573964 41.01429006  0.82042763  1.39325621]
