at minimum 292.6262 accepted 1  with params [-4.5  0.4  0.5 40.   1.   1. ]
at minimum 337.8250 accepted 0  with params [-4.00669323  0.25731089  0.48721587 40.43502701  1.13311997  1.47276298]
at minimum 331.1245 accepted 0  with params [-4.07322319  0.19986238  0.76338772 40.43529884  0.65196706  1.19561318]
at minimum 268.7083 accepted 1  with params [-4.47038747  0.86906337  0.47791808 39.60862939  0.55844282  1.19863204]
at minimum 299.8558 accepted 0  with params [-4.31236992  0.77010282  0.14431417 39.27947981  0.67758746  0.72743755]
at minimum nan accepted 1  with params [-4.13827936  0.99        0.72536624 40.00875406  0.19510195  1.41173468]
at minimum 488.3900 accepted 1  with params [-3.68110253e+00  9.90000000e-01  4.24986140e-01  4.04011207e+01
  2.14856845e-09  1.22813689e+00]
at minimum 308.0439 accepted 1  with params [-3.95815208  0.59944451  0.86303609 40.71774667  0.43653255  1.71612945]
at minimum 310.3441 accepted 0  with params [-4.00401822  0.5816096   1.19462427 40.30665982  0.8181264   1.49828046]
at minimum 323.3684 accepted 0  with params [-3.85930519  0.3113504   0.99228288 40.44623773  0.32448552  1.38758826]
at minimum 448.6576 accepted 0  with params [-3.83763656e+00  7.30948768e-01  5.17006994e-01  4.02734306e+01
  7.07935748e-03  1.72645700e+00]
at minimum 425.9617 accepted 0  with params [-4.05848274  0.99        0.9834728  40.31354617  0.47039756  1.54075742]
at minimum 34751775280394606793981952.0000 accepted 0  with params [-3.75583884  0.91490756  0.37487572 40.34139824  0.44571827  2.        ]
at minimum 315.6361 accepted 0  with params [-3.72171708  0.51452963  1.12404681 41.12755047  0.2736759   1.6115881 ]
at minimum nan accepted 1  with params [-4.3602172   0.99        0.38158129 40.82367047  0.74023395  1.49302945]
at minimum 285.9359 accepted 1  with params [-4.37540774  0.98999989  0.48081656 40.54412916  0.34707963  1.14285728]
at minimum 310.8439 accepted 0  with params [-4.81517668  0.9899977   0.59892193 40.27468847  0.82773586  0.97039051]
at minimum 331.5156 accepted 0  with params [-3.99191114  0.99        0.13816669 40.81566737  0.48064041  0.83724012]
at minimum 270.8278 accepted 1  with params [-4.79493289  0.680312    0.40590429 40.98298405  0.38016337  1.51281518]
at minimum 290.8018 accepted 0  with params [-4.33013536  0.95274775  0.79329382 41.44781196  0.35054283  1.03695856]
at minimum 251.2066 accepted 1  with params [-5.04034034  0.41761854  0.62156622 41.10173199  0.57806483  1.34935307]
at minimum 336.5643 accepted 0  with params [-4.93656084 -0.07619545  0.85149995 40.7008163   0.86677305  1.24079471]
at minimum 252.9224 accepted 0  with params [-5.10397938  0.37564054  1.10333115 41.36812104  1.03731911  1.70892653]
at minimum 359.7271 accepted 0  with params [-5.52603878  0.11127774  0.67343416 41.42230824  0.32093973  1.28290287]
at minimum 293.2661 accepted 0  with params [-5.35729468  0.13830964  0.40513736 41.43911591  0.42278735  1.7778198 ]
at minimum 457.8343 accepted 0  with params [-5.41700887 -0.05627184  1.11683947 40.93612753  0.535824    0.96791606]
at minimum 274.0650 accepted 0  with params [-4.73789793  0.30891947  0.80448518 41.20348183  0.49456803  1.00099612]
at minimum 238.5690 accepted 1  with params [-5.08199399  0.3024683   0.20988101 41.5046466   0.37526409  1.77245412]
at minimum 380.5356 accepted 0  with params [-5.13716603  0.66846155  0.16287007 41.11649687  0.04171548  1.29395639]
at minimum 282.0706 accepted 0  with params [-4.63477911  0.07361991  0.53523389 41.53771798  0.11700829  1.40630249]
at minimum nan accepted 1  with params [-5.02001916  0.32469659  0.24941186 41.47274998  0.69776502  1.96866757]
at minimum 245.8539 accepted 1  with params [-4.98943953  0.33849184  0.23601335 41.43437053  0.3857794   2.        ]
at minimum 282.9241 accepted 0  with params [-5.1290666   0.04498988  0.18141956 41.79837318  0.75589993  1.93717787]
at minimum 269.7450 accepted 0  with params [-4.85528128e+00 -5.58914023e-02  1.62864238e-01  4.16462530e+01
  1.55272428e-06  1.77844179e+00]
at minimum 576.3167 accepted 0  with params [-5.43507086 -0.15280926  0.34627587 41.19332108  0.27859714  2.        ]
at minimum 281.0352 accepted 0  with params [-5.3682659   0.22655116  0.05       41.20391425  0.05301532  2.        ]
at minimum 306.9331 accepted 0  with params [-5.46901234e+00  1.63599252e-01  5.00000003e-02  4.15102197e+01
  2.58466165e-02  1.99999955e+00]
at minimum 282.9044 accepted 0  with params [-5.14158961  0.09578577  0.55979414 41.37898133  0.58405115  2.        ]
at minimum 251.3015 accepted 0  with params [-4.67235467  0.3508434   0.17284517 41.34803916  0.6918652   1.69808933]
at minimum 266.1415 accepted 0  with params [-5.25958907  0.1899326   0.2319766  41.5697031   0.65182141  1.5652286 ]
at minimum nan accepted 1  with params [-4.69890065  0.56049369  0.16342614 41.55399444  0.13415426  2.        ]
at minimum 268.5320 accepted 1  with params [-4.9506018   0.3501993   0.41908037 41.53909519  0.21930299  2.        ]
at minimum 249.3082 accepted 1  with params [-5.236783    0.326069    0.838448   41.62018297  0.3100318   1.84818614]
at minimum 255.5910 accepted 0  with params [-4.91106959e+00  2.61646983e-01  1.15627481e+00  4.14525601e+01
  2.74423045e-02  1.99999966e+00]
at minimum 292.5944 accepted 0  with params [-5.06316166e+00  4.59982535e-03  3.94617609e-01  4.16262691e+01
  3.68581431e-01  2.00000000e+00]
at minimum 288.8676 accepted 0  with params [-4.95609365  0.45912641  0.4485383  42.10906103  0.36459129  1.99999884]
at minimum 473.1242 accepted 0  with params [-5.71431576e+00 -4.43765775e-03  9.45313885e-01  4.13641548e+01
  3.79690249e-01  1.83909949e+00]
at minimum 290.6053 accepted 0  with params [-5.38011171  0.14412828  0.6082323  42.05209167  0.6384192   1.97366001]
at minimum nan accepted 1  with params [-4.99164902  0.04703775  0.72869113 41.42619825  0.          1.41142373]
at minimum 249.9572 accepted 1  with params [-5.47201435  0.39737844  0.73849195 41.52372212  0.43051847  1.59405216]
at minimum 247.9602 accepted 1  with params [-5.38690209  0.5350337   1.06387061 41.65147647  0.07901581  1.31807595]
at minimum 334.1363 accepted 0  with params [-5.33137914  0.17526157  0.98018327 42.05648583  0.38383635  1.05567047]
at minimum 236.6877 accepted 1  with params [-5.15349379  0.89812704  0.96428023 42.04174742  0.38152     1.10588276]
at minimum 291.1329 accepted 0  with params [-4.83238164  0.9134198   0.70576303 42.36234637  0.70942467  1.08374391]
at minimum 286.6375 accepted 0  with params [-5.33486209  0.98999978  1.34935746 41.91753681  0.78687338  1.08947742]
at minimum nan accepted 1  with params [-4.76947963  0.63219126  0.9968752  42.29037242  0.22278228  1.05394121]
at minimum 316.3440 accepted 1  with params [-4.32402946  0.29570695  0.6827251  41.98983122  0.44543889  0.99299237]
at minimum nan accepted 1  with params [-4.29267027  0.15947809  0.80807396 42.27276023  0.38106169  1.42009354]
at minimum 323.0415 accepted 1  with params [-4.35550257  0.081146    1.07142088 42.15473923  0.7111301   1.24659377]
at minimum 296.1826 accepted 1  with params [-4.34791768  0.42125058  1.44759595 42.30149593  0.4762208   1.46482315]
at minimum 417.2044 accepted 0  with params [-4.34703945  0.82726681  1.39981176 42.12981241  0.38506225  1.55611034]
at minimum 346.5483 accepted 0  with params [-3.99769884  0.35847589  1.87219231 42.45693405  0.71911832  1.32962252]
at minimum nan accepted 1  with params [-4.52765548  0.8626519   1.81813403 42.65427857  0.09122572  1.19858975]
at minimum 58539629862607142912.0000 accepted 1  with params [-4.19583479  0.99        1.74202754 43.06862082  0.          1.3154814 ]
at minimum 223288389024073175409974567638138880.0000 accepted 0  with params [-4.14001464  0.99        1.92379235 43.02744094  0.          1.65331991]
at minimum 11557067942789043014064842478508520243200.0000 accepted 0  with params [-3.84874354  0.99        2.13850951 43.17530236  0.          1.7646658 ]
at minimum 606.9542 accepted 1  with params [-4.02640648  0.97025098  1.88555494 42.65858855  0.          0.88707095]
at minimum 450.7188 accepted 1  with params [-4.05831766  0.98999994  1.90095937 42.71830253  0.23134068  1.05725792]
at minimum 4000.9037 accepted 0  with params [-3.64968335  0.94011085  1.51228587 42.96773336  0.          1.25115826]
at minimum 463.6139 accepted 0  with params [-4.09345161  0.99        1.56889911 42.86927083  0.19916257  1.07828186]
at minimum 279.7089 accepted 1  with params [-4.44870156  0.98999997  1.7474515  42.49782139  0.25454608  0.8935276 ]
at minimum 321.5895 accepted 0  with params [-4.10750401  0.66880892  1.6237376  42.89431261  0.15455002  1.07713958]
at minimum 370.2570 accepted 0  with params [-4.22365563  0.94495152  1.65301631 42.44853998  0.63552315  0.59218971]
at minimum 323.9810 accepted 0  with params [-4.13345218e+00  9.89999637e-01  1.49389636e+00  4.20720232e+01
  3.84085175e-07  7.30735791e-01]
at minimum 324.6159 accepted 0  with params [-4.1350329   0.67099686  1.61612499 42.52331308  0.          0.48830007]
at minimum 320.3808 accepted 0  with params [-4.1113349   0.68410958  2.00508998 42.6247253   0.          0.5744802 ]
at minimum 284.1793 accepted 0  with params [-4.38362027  0.72156357  1.50261305 42.16198775  0.33447992  1.18854566]
at minimum 307.7665 accepted 0  with params [-4.37760468e+00  9.89999911e-01  1.69252034e+00  4.20954738e+01
  4.12098767e-03  8.28898055e-01]
at minimum 286.5303 accepted 0  with params [-4.53467219  0.67406443  1.4943903  42.86121974  0.          0.54249672]
at minimum 263.5565 accepted 1  with params [-4.84427014e+00  8.01193189e-01  2.13741556e+00  4.22249723e+01
  2.91897313e-02  6.27705515e-01]
at minimum 277.8896 accepted 0  with params [-4.97798039  0.85604382  1.79108423 42.13300047  0.08752723  0.46582804]
at minimum 763.4125 accepted 0  with params [-4.80801688  0.99        2.30819066 42.30612013  0.          1.00394768]
at minimum 353.1335 accepted 0  with params [-5.14787299  0.36794284  2.44653458 42.33404018  0.42604101  0.25081481]
at minimum nan accepted 1  with params [-5.26867045  0.99        2.58694263 41.81674243  0.04416953  0.38762544]
at minimum 336.0080 accepted 1  with params [-5.02155468  0.99        2.16243092 41.8793382   0.36803154  0.        ]
at minimum nan accepted 1  with params [-4.80937268  0.99        2.3302495  42.28955661  0.41090893  0.        ]
at minimum 368.2787 accepted 1  with params [-4.38895249  0.99        1.95822407 41.98269221  0.52548963  0.10035276]
at minimum 350.4261 accepted 1  with params [-4.20413703  0.75134371  2.0954869  41.54526934  0.49255339  0.34862725]
at minimum 289.3984 accepted 1  with params [-4.22147092  0.99        1.81240654 41.25450284  0.09841824  0.56814939]
at minimum 527.4097 accepted 0  with params [-4.60235408  0.98999969  2.1617628  40.80635074  0.          0.97667552]
at minimum 270.6944 accepted 1  with params [-4.6282342   0.64967533  2.02895572 41.53302655  0.          0.57387898]
at minimum 271.7503 accepted 1  with params [-4.44659554  0.98999999  1.65563265 41.70641465  0.14348774  0.64906373]
at minimum 326.3516 accepted 0  with params [-4.04074461e+00  9.89999972e-01  1.47424912e+00  4.20477595e+01
  2.09140491e-07  3.33942024e-01]
at minimum 250.9758 accepted 1  with params [-4.86382703  0.99        1.667688   41.57621861  0.          0.80333299]
at minimum 273.3602 accepted 0  with params [-4.94106894  0.66429941  1.9339849  41.62476097  0.          0.63413409]
at minimum 283.7431 accepted 0  with params [-5.19061516e+00  9.52486031e-01  1.28666532e+00  4.17317384e+01
  3.89938046e-07  9.54863221e-01]
at minimum nan accepted 1  with params [-5.05096419  0.54858802  1.40891834 41.96385977  0.11806012  0.93611965]
at minimum 275.0167 accepted 1  with params [-4.88025103e+00  2.82297076e-01  1.61619624e+00  4.15195591e+01
  6.57629627e-09  1.27093774e+00]
at minimum 253.8119 accepted 1  with params [-4.90309754  0.35015207  1.752834   41.30248493  0.          1.63304575]
at minimum 374.5655 accepted 0  with params [-5.13352746e+00 -1.99929883e-02  1.51368001e+00  4.15634233e+01
  0.00000000e+00  1.73221451e+00]
at minimum nan accepted 1  with params [-4.97889007e+00  6.00930182e-02  1.45615808e+00  4.09587440e+01
  2.99398068e-09  1.40919808e+00]
