at minimum 71.0106 accepted 1  with params [-4.5         0.4         0.5        46.90678859]
at minimum nan accepted 1  with params [-4.82297341  0.33852805  0.9999934  47.36002876]
at minimum 82.8323 accepted 1  with params [-5.31530204  0.50931679  1.43885109 51.39797142]
at minimum 27.4845 accepted 1  with params [-5.40423259  0.99        1.39785762 41.10932537]
at minimum 47.9328 accepted 0  with params [-5.72390458  0.53960381  0.97742606 64.83676962]
at minimum 57.2811 accepted 0  with params [-4.9572468   0.49130445  1.75803034 44.77618372]
at minimum 27.4235 accepted 1  with params [-5.20078225  0.97334357  1.43858091 41.20681778]
at minimum 29.6942 accepted 0  with params [-5.14992832  0.85132565  1.50184346 41.4208487 ]
at minimum 30.0330 accepted 0  with params [-4.72948225  0.99        1.73274694 40.49439361]
at minimum 27.3879 accepted 1  with params [-6.          0.99        1.46005855 41.60747812]
at minimum 27.3802 accepted 1  with params [-6.          0.99        1.2158556  41.65724058]
at minimum 28.7457 accepted 1  with params [-5.75185987  0.82564543  1.43878125 47.44480393]
at minimum 30.8273 accepted 0  with params [-5.68087468  0.79300279  1.60340024 48.02387413]
at minimum 27.3630 accepted 1  with params [-5.87260609  0.99        1.1037406  41.61643322]
at minimum 49.7363 accepted 0  with params [-5.37647426  0.62995936  3.         46.45877451]
at minimum 27.3331 accepted 1  with params [-5.84134743  0.98499335  0.95069177 41.82941646]
at minimum 27.3782 accepted 1  with params [-6.          0.99        0.47368186 41.8379599 ]
at minimum 27.3314 accepted 1  with params [-5.77214924  0.99        0.47425619 41.79515623]
at minimum 45.7748 accepted 0  with params [-6.          0.62776993  3.         56.5329385 ]
at minimum 27.3807 accepted 1  with params [-5.91798406  0.99        0.30107303 41.8694879 ]
at minimum 27.3748 accepted 1  with params [-6.          0.99        0.55791355 41.81699125]
at minimum 27.3383 accepted 1  with params [-6.          0.86407698  0.70341759 47.36408684]
at minimum 27.2886 accepted 1  with params [-5.6367568   0.99        0.54183588 41.72419126]
at minimum nan accepted 1  with params [-5.50327528  0.63387502  0.59504625 41.36771204]
at minimum 27.2869 accepted 1  with params [-5.58412848  0.99        0.37365746 41.79686443]
at minimum 27.2161 accepted 1  with params [-5.4267702   0.99        0.6781707  41.53149152]
at minimum nan accepted 1  with params [-4.97835823  0.7234282   0.23406135 41.06380739]
at minimum 26.3681 accepted 1  with params [-4.30743899  0.99        0.15288236 41.64246839]
at minimum 26.9703 accepted 1  with params [-3.40108475  0.83522324  0.21746133 41.57687258]
at minimum 32.4633 accepted 0  with params [-3.60368234  0.82067985  0.0723387  41.45760174]
at minimum 25.0405 accepted 1  with params [-3.83165337  0.99        0.22855718 41.34909255]
at minimum 25.7075 accepted 0  with params [-3.89203149  0.55043222  0.92735168 41.41954207]
at minimum 24.1957 accepted 1  with params [-3.73126018  0.99        0.3834795  41.1671333 ]
at minimum 27.3731 accepted 0  with params [-6.          0.99        0.87691289 41.735772  ]
at minimum 34.5239 accepted 0  with params [-3.98591504  0.613188    0.38426277 42.66266633]
at minimum 27.3895 accepted 0  with params [-6.          0.99        0.32856735 41.8701851 ]
at minimum 26.5174 accepted 0  with params [-3.69454645  0.99        0.05       40.80124886]
at minimum 26.4883 accepted 0  with params [-3.93549389  0.50426431  0.89125895 41.63398995]
at minimum 30.0679 accepted 0  with params [-3.42397007  0.72303622  0.19332799 41.87545268]
at minimum 38.2168 accepted 0  with params [-3.29764165  0.99        0.541036   40.27807791]
at minimum 25.6906 accepted 0  with params [-4.21628965  0.99        0.52397854 41.04206062]
at minimum 74.9099 accepted 0  with params [-3.43332765  0.99        0.82952326 38.45554017]
at minimum 57.8099 accepted 0  with params [-3.2742285   0.89101571  0.60711921 39.36504754]
at minimum 69.5308 accepted 0  with params [-3.61121497  0.56405027  0.05       40.80463123]
at minimum nan accepted 1  with params [-3.36125406  0.55014928  0.05       40.89404974]
at minimum 26.4440 accepted 1  with params [-4.20926066  0.72531704  0.96626429 41.46766436]
at minimum 29.0292 accepted 0  with params [-4.68620843  0.99        1.34951433 40.59105772]
at minimum 47.3373 accepted 0  with params [-4.38014213  0.50451798  0.57025085 44.17602004]
at minimum 29.7636 accepted 0  with params [-4.59232449  0.99        1.40408859 40.53224893]
at minimum 29.3909 accepted 0  with params [-3.83768527  0.56722211  0.52711635 41.88358747]
at minimum 31.0576 accepted 0  with params [-4.13259924  0.35882004  3.         41.01282185]
