at minimum 46.9047 accepted 1  with params [-4.5  0.4  0.5 40.   1.   1. ]
at minimum nan accepted 1  with params [-4.62018881  0.29881012  0.68752048 39.93993756  0.61299713  0.97436783]
at minimum 51.3023 accepted 1  with params [-4.23539688  0.21766306  0.8494429  39.46860276  0.61668746  1.08935705]
at minimum 48.7620 accepted 1  with params [-4.39900907 -0.09294288  1.03791043 39.33461806  0.72010631  1.10939667]
at minimum 50.4372 accepted 0  with params [-4.45736386 -0.0652244   1.21409992 39.81936283  0.36051356  0.89368387]
at minimum 67.8550 accepted 0  with params [-4.1353671  -0.2715624   1.20751067 39.41053941  0.46763397  1.32571018]
at minimum 66.7333 accepted 0  with params [-4.30130864 -0.3389458   1.37262981 38.94199616  0.38565257  1.23761361]
at minimum 43.9767 accepted 1  with params [-4.51154456  0.34365749  1.26964622 39.51776344  0.56633853  0.82742891]
at minimum 79.1060 accepted 0  with params [-4.57266313  0.78498436  0.77325207 39.02181795  1.06245436  0.89282765]
at minimum 50.0627 accepted 0  with params [-4.26844287  0.19471392  1.64661482 39.84171329  0.69673922  1.07094866]
at minimum nan accepted 1  with params [-4.6317715   0.70359859  0.90211339 39.24002388  0.21194878  0.83803385]
at minimum 42.4848 accepted 1  with params [-4.35993821  0.26775759  0.46321697 39.49246604  0.1114292   0.93771526]
at minimum 70.4585 accepted 0  with params [-4.41420643e+00  6.02059488e-01  8.86238907e-01  3.95546004e+01
  2.38424312e-07  1.18735309e+00]
at minimum 74.3467 accepted 0  with params [-3.96829015e+00 -1.45293260e-01  5.67838696e-01  3.95098682e+01
  2.14959728e-07  5.71824513e-01]
at minimum 46.4149 accepted 0  with params [-4.24138158e+00  1.87842252e-01  3.40019114e-01  3.98256142e+01
  2.30037367e-07  8.96902599e-01]
at minimum 58.7464 accepted 0  with params [-4.55633777  0.48237871  0.15959939 39.33821855  0.          0.67481133]
at minimum 46.5029 accepted 0  with params [-4.51964011  0.37604068  0.93178958 39.22889433  0.26787504  1.22572871]
at minimum 77.9563 accepted 0  with params [-3.87062227  0.39443498  0.54843999 39.38784073  0.          0.60542596]
at minimum 56.2724 accepted 0  with params [-4.17728429 -0.08527373  0.76570997 39.3605271   0.09980259  0.82369923]
at minimum 199.6393 accepted 0  with params [-4.81615048 -0.22930739  0.05610781 39.13398834  0.15167221  0.8556775 ]
at minimum 44.1020 accepted 0  with params [-4.39062519e+00  3.02915859e-01  8.00289846e-01  3.89960985e+01
  1.65098207e-08  1.25980342e+00]
at minimum 77.5193 accepted 0  with params [-4.65939762e+00  5.98916209e-01  8.80656628e-01  3.91449941e+01
  3.78196867e-07  1.16954105e+00]
at minimum 51.4607 accepted 0  with params [-4.11719695  0.1459955   0.08868492 39.69811309  0.          0.59642812]
at minimum 64.0042 accepted 0  with params [-4.691545    0.1239352   0.83873736 39.35755693  0.39890767  1.28639522]
at minimum 109.2953 accepted 0  with params [-4.38085422e+00  7.28462208e-01  6.19358744e-01  3.97050215e+01
  4.28098757e-08  1.13427515e+00]
at minimum 55.5407 accepted 0  with params [-4.60347200e+00  2.73890670e-01  8.93997041e-01  3.91477813e+01
  1.13943084e-07  6.63761400e-01]
at minimum 46.3313 accepted 0  with params [-4.10752273  0.0473886   0.05       39.45524711  0.38284502  0.94625981]
at minimum 53.5401 accepted 0  with params [-4.55104915e+00 -7.03028948e-02  4.90520152e-01  3.99077665e+01
  3.29236377e-07  5.05027254e-01]
at minimum 66.1808 accepted 0  with params [-3.93675729 -0.15557811  0.21249968 39.75925824  0.38353916  1.21696743]
at minimum 55.6224 accepted 0  with params [-4.14505225  0.30160385  0.26929834 39.27750164  0.60086824  0.71700724]
at minimum 58.8688 accepted 0  with params [-4.66634974  0.29827006  0.57794795 38.99357969  0.15938152  0.84853501]
at minimum 46.8521 accepted 0  with params [-4.51549608  0.54859125  0.4806041  39.41462462  0.          0.670738  ]
at minimum 68.7391 accepted 0  with params [-4.81396113  0.44813115  0.79176709 39.0191494   0.42805052  1.06613911]
at minimum 60.0027 accepted 0  with params [-4.55860454e+00  1.91125721e-01  1.91207851e-01  3.98336753e+01
  6.17760444e-08  9.30612163e-01]
at minimum 52.1907 accepted 0  with params [-4.29847062  0.04198385  0.10186673 39.97384958  0.32325687  1.0276767 ]
at minimum 78.0717 accepted 0  with params [-4.50421884  0.66172575  0.43697497 39.71040215  0.          1.01317941]
at minimum 57.9953 accepted 0  with params [-4.1736943   0.37166047  0.19343753 39.67924721  0.25046012  1.18482968]
at minimum 60.0935 accepted 0  with params [-4.21948399  0.6384214   0.30539981 39.59713801  0.4877019   0.81982874]
at minimum 59.4597 accepted 0  with params [-4.09646709  0.17861902  0.78943423 39.66255242  0.          0.65293445]
at minimum 79.8317 accepted 0  with params [-3.99361645e+00  6.87718562e-01  1.99582080e-01  3.93038302e+01
  4.82006382e-08  8.38144362e-01]
at minimum 83.6842 accepted 0  with params [-4.51362952  0.50916138  0.05       39.21352501  0.          0.70995299]
at minimum 47.9769 accepted 0  with params [-4.26110863  0.17094702  0.72638413 39.82291346  0.          0.72000538]
at minimum 43.8247 accepted 0  with params [-4.46940764e+00 -3.28405602e-02  1.92591477e-01  3.96195181e+01
  0.00000000e+00  5.16831626e-01]
at minimum 87.3254 accepted 0  with params [-4.80957153  0.53983686  0.49425669 39.31883103  0.          0.615527  ]
at minimum 79.4402 accepted 0  with params [-4.7925887   0.23558936  0.91902505 39.93293243  0.21018954  1.18045766]
at minimum 78.5070 accepted 0  with params [-4.29284571  0.43262551  0.12754753 39.20682631  0.          1.24172767]
at minimum nan accepted 1  with params [-3.92740458  0.69782574  0.65536925 39.64994494  0.46401249  0.58685738]
at minimum 79.0398 accepted 1  with params [-3.98932438  0.3511638   0.95857917 39.7709089   0.84806009  1.00184151]
at minimum 86.4982 accepted 0  with params [-3.93353759  0.35209441  0.78772286 39.54460394  1.18209062  0.59165802]
at minimum 106.7609 accepted 0  with params [-3.5961135   0.15101545  0.68196901 39.63984499  0.48554398  0.95482712]
at minimum 83.5271 accepted 0  with params [-3.84491917  0.15868225  0.77207492 39.88994429  0.67004082  1.38679824]
at minimum 76.0765 accepted 1  with params [-3.93547574  0.04692974  1.0885066  40.17737358  0.60941945  0.83005262]
at minimum 63.8426 accepted 1  with params [-4.09503257 -0.34309744  1.12601607 40.03690458  1.03526527  1.21590491]
at minimum nan accepted 1  with params [-4.30992794 -0.35509902  1.01713522 40.45883889  0.78947164  1.35916581]
at minimum 105.7678 accepted 1  with params [-4.46810735 -0.48367338  0.68742684 40.68443147  1.08516696  1.10219875]
at minimum 71.0438 accepted 1  with params [-4.41787413 -0.4194035   0.97328323 40.29310628  1.01074205  0.6811612 ]
at minimum 54.0323 accepted 1  with params [-4.04138245 -0.59704528  0.61283567 40.26094841  1.03390745  0.48924408]
at minimum 149.6163 accepted 0  with params [-3.86773782 -0.73897143  0.73790757 39.91243446  1.17124331  0.16898986]
at minimum 56.8538 accepted 0  with params [-4.02506595 -0.42748851  0.88451665 40.58834672  1.08007517  0.41123968]
at minimum 256.5412 accepted 0  with params [-4.43234007 -0.9         0.45688831 40.17709655  1.30182091  0.28799384]
at minimum 160.0974 accepted 0  with params [-4.34389509 -0.62461271  0.49694629 40.18061781  1.40560103  0.21164142]
at minimum 65.8365 accepted 0  with params [-3.92819784 -0.9         1.06201637 40.16247478  1.04651045  0.6581693 ]
at minimum 76.4528 accepted 0  with params [-4.13480644 -0.9         0.71080093 39.98717603  0.88560861  0.14075037]
at minimum 71.7055 accepted 0  with params [-4.44978742 -0.64288516  0.97405995 39.92106833  0.74000452  0.26460564]
at minimum 54.3514 accepted 1  with params [-4.34820299 -0.28326208  0.78550335 40.31657145  1.12872064  0.31914737]
at minimum 48.7505 accepted 1  with params [-4.39170264 -0.05399249  0.67367092 39.91120257  0.76614236  0.53112738]
at minimum 49.4797 accepted 1  with params [-4.23740773  0.31494374  0.26215697 40.27531066  0.42186214  0.84455927]
at minimum 83.5996 accepted 0  with params [-3.9675008   0.62457405  0.09164328 40.21010256  0.06252158  1.08464169]
at minimum 70.0962 accepted 0  with params [-4.03258639  0.57451625  0.05       40.31785445  0.58679501  1.2585884 ]
at minimum 56.5712 accepted 0  with params [-4.20769288  0.31079726  0.34900555 40.70252939  0.4380173   0.47431499]
at minimum 69.7493 accepted 0  with params [-4.54504704  0.27562838  0.17090785 39.9772971   0.          1.1156669 ]
at minimum 55.6430 accepted 0  with params [-4.25047666  0.45971184  0.23704036 40.69539285  0.69640116  0.43351718]
at minimum 51.0380 accepted 0  with params [-4.48833188  0.62645773  0.14090805 40.29986044  0.13618179  0.68713236]
at minimum 56.2230 accepted 0  with params [-4.10843534  0.18371243  0.1759677  40.72348763  0.52597845  0.90012206]
at minimum 45.1070 accepted 1  with params [-4.52372543  0.22982939  0.5391015  40.03309076  0.08270868  1.06088714]
at minimum 53.6047 accepted 0  with params [-4.20254382  0.28195289  0.81220832 39.93945367  0.10518815  1.44567654]
at minimum 80.2537 accepted 0  with params [-4.79370471  0.21985613  0.18047111 40.31496902  0.19188494  1.20133742]
at minimum 48.3273 accepted 0  with params [-4.25042657e+00  3.87745756e-02  5.98338993e-01  4.00692474e+01
  5.67116540e-08  1.11861481e+00]
at minimum 90.2963 accepted 0  with params [-4.81885361  0.1077115   0.51183156 39.83232661  0.10849397  1.30057453]
at minimum 42.2541 accepted 1  with params [-4.38679365  0.11465262  0.33902371 39.7952284   0.41073539  0.97672905]
at minimum 45.0964 accepted 0  with params [-4.20853978e+00  3.36065379e-02  8.07950618e-02  4.02226766e+01
  5.84946044e-01  8.68899141e-01]
at minimum 115.0993 accepted 0  with params [-4.78645159  0.11192924  0.05       40.09270726  0.45626609  0.65220737]
at minimum 43.4672 accepted 0  with params [-4.39081385  0.32245914  0.53670227 40.10967259  0.0691553   0.97129239]
at minimum 48.6077 accepted 0  with params [-4.47831206e+00 -3.12267470e-02  4.55518592e-01  3.95946269e+01
  6.37726651e-01  7.24971765e-01]
at minimum 76.6662 accepted 0  with params [-4.35921482 -0.12426849  0.05       40.05565845  0.32138772  0.96805947]
at minimum 46.4636 accepted 0  with params [-4.12609641  0.23190922  0.05000131 40.00745709  0.71231797  0.59128985]
at minimum 51.5847 accepted 0  with params [-4.15994669e+00  2.10823866e-01  1.07545122e-01  4.01067928e+01
  2.85034659e-02  7.82565051e-01]
at minimum 56.3583 accepted 0  with params [-4.63437565  0.28670769  0.48308572 40.06212532  0.          0.75542384]
at minimum 54.6338 accepted 0  with params [-4.47754319 -0.17013239  0.5308612  39.90321263  0.55790574  1.18570714]
at minimum 50.7198 accepted 0  with params [-4.63348111  0.16598034  0.75053939 39.80586516  0.73350776  1.38760818]
at minimum 57.2541 accepted 0  with params [-4.13535104 -0.18063422  0.61140601 39.88449075  0.58030175  0.73104099]
at minimum 47.3659 accepted 0  with params [-4.11053953  0.21998726  0.08565971 40.09977352  0.75094091  0.71664819]
at minimum 45.3747 accepted 0  with params [-4.10732711 -0.04717403  0.05       39.57816533  0.15534094  0.8334354 ]
at minimum 59.0482 accepted 0  with params [-4.10845722  0.42284693  0.22662311 39.41603464  0.32244379  0.82097629]
at minimum 50.9770 accepted 0  with params [-4.26112781 -0.10197631  0.71268221 39.51984369  0.07386923  1.33211335]
at minimum 67.2472 accepted 0  with params [-4.56291361 -0.1755393   0.28607433 39.43996342  0.60639422  0.97624225]
at minimum 245.2155 accepted 0  with params [-4.56491099 -0.30240723  0.05000013 39.92609038  0.73834431  1.35023285]
at minimum 57.4857 accepted 0  with params [-4.19661599  0.50014912  0.4435951  39.65069372  0.43024593  0.64561341]
at minimum 56.4999 accepted 0  with params [-4.08899177  0.22648818  0.25303365 39.36498024  0.85520779  1.0545064 ]
at minimum 49.7909 accepted 0  with params [-4.36102031  0.20396099  0.13483223 39.6295828   0.47006068  1.06848861]
at minimum 46.7334 accepted 0  with params [-4.57752808  0.27413967  0.23417735 40.04022863  0.32166674  0.61112025]
