at minimum 24.7938 accepted 1  with params [-4.5         0.4         0.5        37.30293393]
at minimum 32.6256 accepted 0  with params [-4.79453352  0.63753359  0.46174186 38.26066568]
at minimum 28.5413 accepted 0  with params [-4.2762057   0.09579213  0.50782322 37.2775551 ]
at minimum 45.6140 accepted 0  with params [-4.12361259  0.86991953  0.33500795 31.98134568]
at minimum 25.9136 accepted 0  with params [-4.33908648  0.17329496  0.49386337 36.58607379]
at minimum 33.1927 accepted 0  with params [-4.57301304  0.64050696  0.26857297 36.85831883]
at minimum 25.5371 accepted 0  with params [-4.08528694  0.29917823  0.33965618 35.28347979]
at minimum nan accepted 1  with params [-4.62214489  0.76474357  0.47648479 37.13826349]
at minimum 56.4124 accepted 1  with params [-4.633985    0.99        0.71198885 30.7279014 ]
at minimum 53.0470 accepted 1  with params [-6.          0.99        1.10698531 31.40064773]
at minimum 53.0481 accepted 1  with params [-6.          0.99        0.66429777 31.48220167]
at minimum 49.7799 accepted 1  with params [-6.          0.75375108  0.62095315 40.66586351]
at minimum 53.0579 accepted 0  with params [-6.          0.94606989  0.13716919 33.00746437]
at minimum 51.8776 accepted 0  with params [-6.          0.70864027  0.2082539  43.7607043 ]
at minimum 48.9390 accepted 1  with params [-6.          0.88449185  3.         34.13823331]
at minimum 54.8135 accepted 0  with params [-5.6057137   0.99        3.         30.82087272]
at minimum 50.0536 accepted 0  with params [-6.          0.91028191  2.70604915 33.42733702]
at minimum 44.7840 accepted 1  with params [-5.79701685  0.59682333  3.         41.89045213]
at minimum nan accepted 1  with params [-5.81869186  0.28781916  3.         41.63469456]
at minimum 53.5098 accepted 1  with params [-5.88584405  0.99        3.         31.09385849]
at minimum 53.2707 accepted 1  with params [-6.          0.99        2.85799187 31.19366327]
at minimum 53.2914 accepted 1  with params [-6.          0.99        3.         31.18335739]
at minimum 53.2903 accepted 1  with params [-6.          0.99        2.992233   31.18389787]
at minimum 49.7686 accepted 1  with params [-6.          0.90600016  3.         33.49819918]
at minimum 46.0241 accepted 1  with params [-6.          0.79575477  3.         36.98703565]
at minimum 52.4743 accepted 0  with params [-6.          0.97124457  3.         31.677092  ]
at minimum 41.4642 accepted 1  with params [-5.67231062  0.67711249  2.93399888 37.00943345]
at minimum nan accepted 1  with params [-5.96377803  0.36351814  3.         36.8344967 ]
at minimum 44.1156 accepted 1  with params [-5.86337975  0.77062605  3.         37.10860955]
at minimum 53.2914 accepted 0  with params [-6.         0.99       3.        31.1833579]
at minimum 48.9595 accepted 0  with params [-5.43740536  0.90816333  2.60426306 32.16337441]
at minimum 45.7373 accepted 0  with params [-6.          0.77063154  2.59186418 38.06661065]
at minimum 44.5898 accepted 0  with params [-6.          0.72355333  3.         39.30034835]
at minimum 61.1207 accepted 0  with params [-5.99802827  0.42643064  2.81739721 53.19982427]
at minimum 51.6286 accepted 0  with params [-6.          0.95145426  3.         32.21234823]
at minimum 53.4773 accepted 0  with params [-5.85936655  0.99        2.64675964 31.10414749]
at minimum 53.3303 accepted 0  with params [-5.9145413   0.99        2.50518836 31.16222076]
at minimum 56.9943 accepted 0  with params [-5.39179054  0.99        3.         30.5835645 ]
at minimum nan accepted 1  with params [-5.78720977  0.67249616  2.92358929 36.79674583]
at minimum nan accepted 1  with params [-5.91959295  0.6901885   2.95713566 36.53008225]
at minimum 53.2871 accepted 1  with params [-6.          0.99        2.97008082 31.18546798]
at minimum 53.2914 accepted 1  with params [-6.         0.99       3.        31.1833571]
at minimum 44.2883 accepted 1  with params [-6.          0.6756438   3.         41.43983608]
at minimum 100.8828 accepted 0  with params [-6.          0.27831831  2.56264278 61.80686879]
at minimum 49.2392 accepted 0  with params [-6.          0.52952819  3.         47.80020838]
at minimum 127.2923 accepted 0  with params [-6.          0.22673802  2.65136611 63.04705271]
at minimum nan accepted 1  with params [-5.86118987  0.44514946  2.84902029 41.24789897]
at minimum nan accepted 1  with params [-5.59333844  0.54467393  2.48087029 41.32580726]
at minimum 48.2978 accepted 1  with params [-5.76339986  0.54007404  2.37412842 44.28104205]
at minimum 39.3076 accepted 1  with params [-5.51098569  0.70904127  2.43099771 36.56464637]
at minimum 53.2026 accepted 0  with params [-6.          0.99        2.40488518 31.2318226 ]
