at minimum 30.4909 accepted 1  with params [-4.5         0.4         3.         34.31419581]
at minimum 32.3191 accepted 0  with params [-4.41345873  0.3999815   2.60109351 34.26504845]
at minimum 58.5382 accepted 0  with params [-4.82560983  0.99        2.54685071 30.47221829]
at minimum 32.5120 accepted 0  with params [-4.3666169   0.19050592  3.         34.45564949]
at minimum 53.5340 accepted 0  with params [-4.50407794  0.87155024  2.76818471 31.20343172]
at minimum 31.5590 accepted 1  with params [-4.39109125  0.30802683  2.77944277 34.1937067 ]
at minimum 31.3663 accepted 1  with params [-4.64781991  0.53489253  2.6938998  34.62494416]
at minimum 54.9570 accepted 0  with params [-5.1354993   0.99        2.33417527 30.80271341]
at minimum 39.1105 accepted 0  with params [-4.44936278  0.6273392   2.38565673 32.66759384]
at minimum 91.1773 accepted 0  with params [-5.08284055  0.26584845  2.80165363 42.18687414]
at minimum 63.1967 accepted 0  with params [-4.37932261  0.94860484  2.69969178 30.36020192]
at minimum nan accepted 1  with params [-4.59491682  0.16946491  3.         34.30750573]
at minimum 65.5257 accepted 1  with params [-4.62951619e+00  6.15431792e-03  3.00000000e+00  3.40798187e+01]
at minimum nan accepted 1  with params [-5.11917435 -0.04114613  2.8327895  33.89811539]
at minimum 53.2838 accepted 1  with params [-5.54214372  0.99        2.64034026 31.18558574]
at minimum nan accepted 1  with params [-5.10321644  0.6859144   2.55488975 31.07105679]
at minimum nan accepted 1  with params [-5.05582099  0.72050952  2.72458825 31.14461847]
at minimum 55.1554 accepted 1  with params [-5.09897777  0.99        2.68650719 30.77482122]
at minimum 54.5356 accepted 1  with params [-5.16859558  0.99        3.         30.86364886]
at minimum 43.6206 accepted 1  with params [-5.13646788  0.82462075  2.60677664 34.08722781]
at minimum 53.1315 accepted 0  with params [-5.72155182  0.99        2.20634733 31.28952781]
at minimum 53.2897 accepted 0  with params [-5.54775863  0.99        2.28283044 31.18665052]
at minimum 51.5737 accepted 0  with params [-5.51400567  0.95061331  2.93350023 32.22030799]
at minimum 55.9757 accepted 0  with params [-5.00678102  0.99        2.84740198 30.67955092]
at minimum 43.0414 accepted 1  with params [-5.43751811  0.68317985  2.25381257 40.03141644]
at minimum 46.2136 accepted 0  with params [-5.80374361  0.69455601  2.67630447 42.46999185]
at minimum 54.7015 accepted 0  with params [-5.14407911  0.99        3.         30.83754118]
at minimum 53.3680 accepted 0  with params [-5.4940759   0.99        2.50207679 31.14564024]
at minimum 52.9358 accepted 0  with params [-5.88595214  0.39455097  2.38172225 65.28639029]
at minimum 52.8069 accepted 0  with params [-5.9245943   0.99        0.1399869  31.66461871]
at minimum 53.6954 accepted 0  with params [-5.36064763  0.99        2.60587831 31.03674809]
at minimum 53.6416 accepted 0  with params [-5.39296836  0.99        1.90065881 31.04961794]
at minimum 53.0907 accepted 0  with params [-6.          0.99        2.51211942 31.41433929]
at minimum 53.4672 accepted 0  with params [-5.43850576  0.99        2.71252105 31.10793451]
at minimum 43.7441 accepted 1  with params [-5.53108494  0.65603599  2.05329879 41.85141802]
at minimum 44.4224 accepted 0  with params [-5.5712663   0.6046095   1.79290258 44.31949075]
at minimum 48.3614 accepted 0  with params [-5.71592293  0.83310613  2.51037912 36.24458895]
at minimum 83.8877 accepted 0  with params [-5.16173063  0.27548182  1.65652489 43.37634862]
at minimum 53.0949 accepted 0  with params [-6.          0.99        3.         31.42135102]
at minimum 51.8256 accepted 0  with params [-5.88153305  0.40798494  2.34263229 63.73042836]
at minimum 38.5803 accepted 1  with params [-5.1056148   0.72303837  1.6738298  35.8718404 ]
at minimum 50.7368 accepted 0  with params [-4.90502302  0.99        0.05       31.41797063]
at minimum nan accepted 1  with params [-4.61715474  0.46443298  2.04699614 35.91419407]
at minimum 23.7417 accepted 1  with params [-4.63409432  0.21335037  0.05161819 37.05625732]
at minimum 22.5474 accepted 1  with params [-4.8198661   0.1762551   0.05       40.89185496]
at minimum 38.3543 accepted 0  with params [-4.55255945 -0.26236982  0.05       37.18165049]
at minimum nan accepted 1  with params [-5.03744227 -0.23405287  0.05       40.41394444]
at minimum 32.1041 accepted 1  with params [-4.54566002  0.28981016  0.05       39.45374066]
at minimum 31.3898 accepted 1  with params [-4.44399737  0.25949708  2.87541032 34.43355842]
at minimum nan accepted 1  with params [-4.31634679  0.14303217  3.         34.35420505]
at minimum 30.6264 accepted 1  with params [-4.46459113  0.36216956  3.         34.19251522]
at minimum 30.4241 accepted 1  with params [-4.56268532  0.41668944  2.69261921 34.17251302]
at minimum 31.0252 accepted 0  with params [-4.63679146  0.45640214  2.72932856 34.17509365]
at minimum nan accepted 1  with params [-4.77211374  0.15762853  3.         33.94191285]
at minimum nan accepted 1  with params [-5.12630291  0.48937976  3.         33.72634583]
at minimum 45.0101 accepted 1  with params [-5.54599565  0.60971651  2.55556057 44.1875223 ]
at minimum 97.9678 accepted 0  with params [-5.42789358  0.30508182  2.83021933 53.33910203]
at minimum 48.9675 accepted 0  with params [-5.56255255  0.52440997  2.33227536 48.16372396]
at minimum nan accepted 1  with params [-5.19215467  0.32241907  2.61076768 44.14177551]
at minimum 45.1624 accepted 1  with params [-5.40935706  0.59080223  2.21549846 43.86730515]
at minimum 45.9121 accepted 0  with params [-5.49724279  0.81762614  1.93873246 35.94455944]
at minimum 75.2104 accepted 0  with params [-5.08575704  0.30854335  2.22856007 43.55749407]
at minimum 50.2284 accepted 0  with params [-5.7555298   0.89534443  2.01540419 34.14896061]
at minimum 37.9857 accepted 1  with params [-5.02727391  0.53356077  1.79622126 38.23809251]
at minimum 41.3718 accepted 0  with params [-4.72408403  0.7711721   2.06896354 32.83605088]
at minimum nan accepted 1  with params [-4.93372016  0.16368552  1.59049669 38.60338407]
at minimum 34.1521 accepted 1  with params [-4.70182767  0.41282173  1.94667638 38.30976866]
at minimum 33.5843 accepted 1  with params [-4.61811641  0.32260178  2.10923085 37.44815815]
at minimum 34.7162 accepted 0  with params [-4.5610085   0.29487309  2.02734736 37.75402463]
at minimum 66.1574 accepted 0  with params [-4.75786196  0.03782701  1.66972234 37.06620477]
at minimum 35.5718 accepted 0  with params [-4.57413999  0.61586076  1.88582654 33.29736133]
at minimum 42.9588 accepted 0  with params [-4.59428443  0.75839226  2.28821033 32.40083373]
at minimum 33.8055 accepted 1  with params [-4.33912159  0.10302072  2.35084512 33.64054914]
at minimum 31.6294 accepted 1  with params [-4.45181858  0.2346632   2.52800753 34.24307472]
at minimum 35.5525 accepted 0  with params [-4.67367104  0.66442573  2.51930168 33.71250879]
at minimum 32.1290 accepted 1  with params [-4.63052744  0.55995196  2.47867563 33.87710439]
at minimum 30.9658 accepted 1  with params [-4.6468574   0.38888128  2.27664054 35.26505947]
at minimum 48.9995 accepted 0  with params [-4.20127222  0.6466182   2.37911636 31.57513721]
at minimum 24.1157 accepted 1  with params [-4.80706739  0.45292255  0.18526378 36.27366669]
at minimum 21.9848 accepted 1  with params [-5.05462904  0.26422235  0.05       46.58176221]
at minimum 21.8707 accepted 1  with params [-5.08409751  0.30560182  0.05000741 46.61200578]
at minimum 21.5938 accepted 1  with params [-4.72280824  0.22874241  0.20344504 38.2308753 ]
at minimum 29.5218 accepted 0  with params [-4.40331444  0.20202884  0.09854906 34.53843599]
at minimum 30.0492 accepted 0  with params [-4.4149924   0.28288797  0.47878669 33.96866659]
at minimum 22.2589 accepted 1  with params [-4.73165589  0.25057815  0.05       38.36744311]
at minimum nan accepted 1  with params [-4.76974550e+00 -5.32448111e-03  5.00000000e-02  3.80507094e+01]
at minimum 24.4147 accepted 1  with params [-4.64129172  0.37766713  0.29695069 35.85469251]
at minimum 21.7834 accepted 1  with params [-4.98880071  0.35734423  0.05       42.57272289]
at minimum nan accepted 1  with params [-4.88924887  0.31130818  0.29504289 42.39917939]
at minimum 41.4242 accepted 1  with params [-5.4962185   0.72089959  0.54038162 39.22719318]
at minimum 83.8663 accepted 0  with params [-5.56738213  0.99        0.48085844 39.23927997]
at minimum nan accepted 1  with params [-5.62183304  0.43033284  0.84678708 39.54172086]
at minimum 52.9743 accepted 1  with params [-5.9360526   0.99        0.64760405 31.42816325]
at minimum 52.3994 accepted 1  with params [-5.60474826  0.99        0.05       31.51584448]
at minimum 41.8481 accepted 1  with params [-5.32217178  0.78513711  0.41489556 36.21675743]
at minimum nan accepted 1  with params [-5.71734774  0.99        0.42903377 36.45001513]
at minimum nan accepted 1  with params [-5.65429212  0.55560621  0.10188685 36.81345575]
at minimum nan accepted 1  with params [-5.94781796  0.11551851  0.46743234 37.15497557]
at minimum 52.9593 accepted 1  with params [-5.90667614  0.99        0.62422492 31.42281832]
at minimum nan accepted 1  with params [-5.78738757  0.83182433  0.1840436  31.45109758]
at minimum 52.1959 accepted 1  with params [-5.48169011  0.99        0.05936699 31.52784909]
