at minimum 33.8315 accepted 1  with params [-4.5        0.4        3.        26.1274835]
at minimum 16.6898 accepted 1  with params [-4.69740486  0.29902741  3.         28.77135061]
at minimum 52.8060 accepted 0  with params [-5.04348400e+00 -5.29526142e-03  2.77208729e+00  2.91903914e+01]
at minimum 55.1117 accepted 0  with params [-5.22173962  0.79596219  3.         26.3430269 ]
at minimum 39.0171 accepted 0  with params [-4.85259475 -0.1925519   2.53459456 30.20716203]
at minimum 20.7996 accepted 0  with params [-4.93554381  0.45351132  3.         30.42377223]
at minimum 12.6286 accepted 1  with params [-4.67705455  0.15941409  2.98896342 29.09231422]
at minimum 38.9140 accepted 0  with params [-4.75919749  0.61154691  2.67716707 26.41207549]
at minimum 79.0063 accepted 0  with params [-4.89939462 -0.33862312  2.76354173 28.3582915 ]
at minimum 38.7863 accepted 0  with params [-5.12330015  0.65411549  2.54144428 28.73112868]
at minimum 22.6037 accepted 0  with params [-4.97307802  0.47163098  3.         29.33623782]
at minimum 13.5859 accepted 0  with params [-4.59493076e+00 -1.64117636e-02  2.65312462e+00  2.83729372e+01]
at minimum 31.7243 accepted 0  with params [-5.15255975  0.56242962  2.59032947 29.01930618]
at minimum 20.7484 accepted 0  with params [-4.97898371  0.45160177  3.         31.04153396]
at minimum 31.7501 accepted 0  with params [-4.90717318  0.57712851  2.50902002 28.08122853]
at minimum 16.2095 accepted 0  with params [-4.51381834 -0.14892823  3.         28.73444896]
at minimum 18.3611 accepted 0  with params [-4.50295786  0.08437731  3.         27.47089056]
at minimum 13.7138 accepted 1  with params [-4.71049234e+00 -3.38102834e-03  3.00000000e+00  2.86806357e+01]
at minimum 12.3697 accepted 1  with params [-4.77423894  0.19266995  2.52718791 28.87396893]
at minimum 33.5914 accepted 0  with params [-5.05837414  0.12043676  2.2005333  28.98049552]
at minimum 11.6456 accepted 1  with params [-4.83588559  0.19229816  2.15447945 30.63415808]
at minimum 13.0315 accepted 0  with params [-4.75159023e+00 -7.78919875e-04  2.17245902e+00  2.87732370e+01]
at minimum 19.5382 accepted 0  with params [-5.16835698  0.37848473  1.75788677 34.36419554]
at minimum 29.2074 accepted 0  with params [-4.91642548  0.5521407   2.53783271 28.54092441]
at minimum 39.5402 accepted 0  with params [-5.17038321  0.13786387  1.91073181 30.96416837]
at minimum 27.0954 accepted 0  with params [-4.98346588  0.53749762  2.99792399 29.76962033]
at minimum 22.7987 accepted 0  with params [-4.4005998  -0.35513672  2.09559748 26.39805596]
at minimum 17.9867 accepted 0  with params [-4.92580292  0.40440747  2.57910432 30.59530702]
at minimum 11.6351 accepted 1  with params [-4.80320569  0.16888111  2.62023217 30.58004131]
at minimum 41.3383 accepted 0  with params [-4.36549799  0.34692747  2.59049655 25.20099882]
at minimum 14.1499 accepted 0  with params [-4.57623416  0.04103008  2.9055939  28.24820847]
at minimum 31.1414 accepted 0  with params [-5.26446334  0.53391346  3.         32.84609479]
at minimum 12.6159 accepted 0  with params [-4.67858583e+00  4.13845518e-03  2.29786570e+00  3.00944147e+01]
at minimum 25.4004 accepted 0  with params [-5.19271182  0.27490926  3.         37.67453712]
at minimum 30.6031 accepted 0  with params [-4.32349626e+00 -2.26634228e-02  2.21665456e+00  2.58289448e+01]
at minimum 39.3229 accepted 0  with params [-4.46016416  0.40183389  2.27079816 25.49909907]
at minimum 20.5263 accepted 0  with params [-4.41661895 -0.31467368  2.8615384  26.7494562 ]
at minimum 29.3233 accepted 0  with params [-5.29195799  0.49831436  2.28421984 32.39697728]
at minimum 18.9295 accepted 0  with params [-4.70691343  0.30987862  2.79961713 30.73963799]
at minimum 23.2292 accepted 0  with params [-4.38329319 -0.37128354  2.32217361 26.31665427]
at minimum 200.6040 accepted 0  with params [-5.29405176 -0.2557066   2.96015991 30.50517347]
at minimum 11.9451 accepted 1  with params [-4.86161152  0.20035227  2.28847453 31.09153274]
at minimum 17.8305 accepted 0  with params [-5.1042895   0.36572472  1.86327065 33.44241564]
at minimum 24.5303 accepted 0  with params [-5.27810105  0.36299151  2.63301539 37.69125908]
at minimum 24.5260 accepted 0  with params [-5.02267481  0.50225634  2.03707619 30.21281584]
at minimum 38.4037 accepted 0  with params [-5.02461112  0.65342011  2.48755494 27.91440171]
at minimum 13.5383 accepted 0  with params [-4.77023278  0.22696979  2.28870829 30.93501494]
at minimum 60.7187 accepted 0  with params [-4.36828827  0.63336159  2.24300298 23.68233051]
at minimum 72.5032 accepted 0  with params [-4.93732142 -0.29093615  2.34715574 29.36264231]
at minimum 100.6741 accepted 0  with params [-5.31400284e+00 -4.53903231e-03  2.29082177e+00  3.10465531e+01]
at minimum 11.7672 accepted 1  with params [-4.79962594  0.18841073  2.22481943 29.81895841]
at minimum 12.0331 accepted 1  with params [-4.85488168  0.21560743  2.05500598 30.11695425]
at minimum 48.4315 accepted 0  with params [-4.41713649  0.49505752  2.20735634 24.69688919]
at minimum 46.3335 accepted 0  with params [-4.68080723  0.63784824  1.96155399 25.30306968]
at minimum 25.7479 accepted 0  with params [-4.89714621  0.49475147  1.73959611 28.67143036]
at minimum 35.3212 accepted 0  with params [-4.45109161  0.11863553  1.63637384 30.45344874]
at minimum 38.7083 accepted 0  with params [-4.41922658 -0.9         1.60540342 24.80742762]
at minimum 39.0553 accepted 0  with params [-4.66508571  0.55594848  2.16499631 25.99927121]
at minimum 12.3090 accepted 0  with params [-4.80370805  0.22667826  2.41671556 29.98430696]
at minimum 20.0279 accepted 0  with params [-4.97687218  0.15351431  2.14023344 29.53219209]
at minimum 104.1744 accepted 0  with params [-5.18862946 -0.12316569  2.30093121 30.50713186]
at minimum 21.6725 accepted 0  with params [-5.13909042  0.44412391  1.87134651 32.73901208]
at minimum 50.6525 accepted 0  with params [-4.54383266  0.61402187  2.04493822 24.66429011]
at minimum 53.0312 accepted 0  with params [-4.57097111  0.66235976  2.2625589  24.50172254]
at minimum 19.7411 accepted 0  with params [-5.25319948  0.26132598  0.3512788  39.51034681]
at minimum 11.7291 accepted 1  with params [-4.70651858  0.06933124  2.3952821  29.41085074]
at minimum 17.5192 accepted 0  with params [-5.08167382  0.36359535  2.03811621 33.17638867]
at minimum 11.5073 accepted 1  with params [-4.73339354  0.08881326  2.35528184 29.69120883]
at minimum 20.8357 accepted 0  with params [-4.42530175 -0.28568558  2.34419566 26.69824341]
at minimum 11.5523 accepted 1  with params [-4.83289672  0.17652454  2.18723072 30.70650914]
at minimum 16.9439 accepted 0  with params [-5.04801323  0.35702354  2.26454225 32.83751107]
at minimum 24.4556 accepted 0  with params [-4.73333951  0.40303632  1.80744027 27.76647176]
at minimum 28.4859 accepted 0  with params [-5.18400272  0.53342912  2.2060148  31.76953041]
at minimum 11.3467 accepted 1  with params [-4.79811052  0.13249516  2.17541882 30.53575038]
at minimum 21.2651 accepted 0  with params [-4.89572207  0.45089069  2.50697598 29.59986667]
at minimum 23.7262 accepted 0  with params [-4.72917499  0.39704842  1.99069179 27.8518287 ]
at minimum 23.3225 accepted 0  with params [-5.23030654  0.42183876  2.32138316 35.05389841]
at minimum 23.2481 accepted 0  with params [-5.17071818  0.44943534  2.55361509 33.62025244]
at minimum 23.3541 accepted 0  with params [-5.23622072  0.40200751  2.54524092 35.80906586]
at minimum 34.1001 accepted 0  with params [-4.40053512  0.24079407  2.37473048 25.79391743]
at minimum 22.5902 accepted 0  with params [-5.13331094  0.46159501  1.91471874 32.33855907]
at minimum 11.8873 accepted 0  with params [-4.74122096e+00  1.07567829e-02  1.79656307e+00  3.03307503e+01]
at minimum 21.0012 accepted 0  with params [-4.61961978 -0.2783712   1.87126157 30.74654091]
at minimum 22.1184 accepted 0  with params [-4.71670249 -0.22021795  2.2484774  30.31554119]
at minimum 11.2724 accepted 1  with params [-4.77015394  0.09619033  1.98435267 29.97520063]
at minimum 11.5893 accepted 0  with params [-4.72318245  0.07903459  2.30233827 29.55222881]
at minimum 43.9392 accepted 0  with params [-4.91937488 -0.1899218   1.96870484 30.04631133]
at minimum 23.6486 accepted 0  with params [-4.48798054  0.1025418   1.95315304 26.79857991]
at minimum 11.3410 accepted 1  with params [-4.82696118  0.1353324   1.98508312 30.55442499]
at minimum 46.8862 accepted 0  with params [-4.45979623  0.48772715  1.59061086 24.85258705]
at minimum 11.5549 accepted 0  with params [-4.84575626  0.19312766  1.87129092 30.66085262]
at minimum 25.2348 accepted 0  with params [-5.01464296  0.1102241   2.20327751 30.5840902 ]
at minimum 19.3211 accepted 0  with params [-4.67551938 -0.28818827  1.46398119 29.74922277]
at minimum 18.9769 accepted 0  with params [-5.03282901  0.21617513  2.21605925 31.23937433]
at minimum 21.1242 accepted 0  with params [-5.20463004  0.37221153  1.9506725  34.10290359]
at minimum 17.1560 accepted 0  with params [-4.5140527  -0.11872969  2.15659918 27.42477711]
at minimum 20.8296 accepted 0  with params [-5.23018788  0.30188908  1.60986911 36.95373213]
at minimum 19.6206 accepted 0  with params [-5.0263845   0.43020499  1.9769821  31.30859446]
at minimum 27.6668 accepted 0  with params [-4.89380603 -0.08667999  2.04942527 30.33521314]
at minimum 11.3722 accepted 1  with params [-4.77115575  0.11122944  2.29522218 30.10567085]
at minimum 19.3435 accepted 0  with params [-4.66310097  0.28980456  2.40552898 28.05413713]
