at minimum 63.7387 accepted 1  with params [-4.50000014  0.40000006  0.50000023 39.99999708  1.00000009  1.00000008]
at minimum 68.9296 accepted 0  with params [-4.7406623   0.48700499  0.12714341 39.86483364  1.13783889  0.98904043]
at minimum 113.7512 accepted 0  with params [-4.14996201  0.8096702   0.82483792 40.22495234  1.19045123  0.8549608 ]
at minimum 59.8370 accepted 1  with params [-4.79499825  0.09793799  0.22227058 39.91378072  1.29917928  1.14176925]
at minimum 71.1699 accepted 0  with params [-4.40198442 -0.11032052  0.41804724 39.5049844   1.74572828  1.62906327]
at minimum 61.9351 accepted 0  with params [-4.96154722e+00  3.47958255e-02  5.00000000e-02  3.97991331e+01
  8.66521230e-01  1.44774922e+00]
at minimum 72.5835 accepted 0  with params [-4.586398    0.49605021  0.05000023 40.33780755  1.23099419  1.42983093]
at minimum 91.3662 accepted 0  with params [-5.21010272 -0.25971878  0.64957932 40.06519308  1.31576058  0.65714204]
at minimum 66.9004 accepted 0  with params [-4.93450836  0.42524778  0.11799261 40.29470513  1.2552781   0.84852259]
at minimum 65.7141 accepted 0  with params [-4.84572401  0.47528481  0.05       39.5041261   1.54834384  1.06960041]
at minimum 58.6992 accepted 1  with params [-4.65454951  0.24025026  0.37215849 40.01672461  1.17633088  0.72220985]
at minimum 60.9190 accepted 0  with params [-5.09805265  0.19782291  0.72552792 40.46579118  1.08695965  0.3614534 ]
at minimum 64.8664 accepted 0  with params [-4.2126556   0.44984322  0.05       39.6438104   1.17832892  0.26889376]
at minimum 58.3601 accepted 1  with params [-4.70922796  0.2865324   0.74800746 39.8476075   0.97284103  0.35028183]
at minimum 97.4735 accepted 0  with params [-4.68734789  0.75561376  1.00038006 39.36693142  0.53245954  0.        ]
at minimum 58.5846 accepted 1  with params [-5.17367423e+00  3.36021127e-01  7.62148882e-01  3.96129105e+01
  9.44541112e-01  2.24390633e-07]
at minimum 65.8147 accepted 0  with params [-5.20511483  0.47243132  0.94294519 39.53505248  0.85324958  0.27880737]
at minimum 56.7690 accepted 1  with params [-5.28551188e+00  1.40530523e-01  4.66863126e-01  3.95261951e+01
  4.72448942e-01  6.28759594e-07]
at minimum 54.8103 accepted 1  with params [-5.30685165  0.26228103  0.31909598 39.18187186  0.220479    0.48177866]
at minimum 81.7352 accepted 0  with params [-5.03810754  0.63866496  0.42239481 39.4527043   0.          0.78646378]
at minimum 65.5942 accepted 0  with params [-4.93829468 -0.07982295  0.37604719 38.85648419  0.22603015  0.74438372]
at minimum 56.3716 accepted 0  with params [-5.11162709  0.25195004  0.54311418 39.556504    0.12799204  0.82672675]
at minimum 55.3349 accepted 1  with params [-5.26325615  0.21788225  0.21009471 39.37059108  0.69488222  0.84054116]
at minimum 62.2757 accepted 0  with params [-5.54642733  0.46649438  0.47076446 38.97879506  0.62154148  1.10503949]
at minimum 58.4485 accepted 0  with params [-5.64857017  0.07004187  0.47418824 39.39801353  0.37399097  0.52842451]
at minimum 66.5697 accepted 0  with params [-5.56484654  0.48692849  0.57253683 39.4883757   1.18996212  1.27573532]
at minimum 55.8466 accepted 1  with params [-5.35021636  0.30307112  0.05000171 39.23555652  1.14145669  0.74998542]
at minimum 77.5032 accepted 0  with params [-4.8512595  -0.17115782  0.05       39.52562144  0.6603025   0.68521744]
at minimum 57.4658 accepted 0  with params [-5.62516684  0.38701996  0.05       38.96404062  1.41115796  0.94808084]
at minimum 74.9010 accepted 0  with params [-5.84639283  0.58948785  0.05815035 39.24488338  0.98775359  0.49723489]
at minimum 73.2181 accepted 0  with params [-5.43695281 -0.12532641  0.41419501 39.61922342  1.09800095  0.95441436]
at minimum 106.8340 accepted 0  with params [-5.22310362  0.8013685   0.05000048 39.62727318  1.05782799  1.22031109]
at minimum 68.2692 accepted 0  with params [-5.41858721 -0.09257755  0.05000014 39.23023572  1.18522734  1.15088086]
at minimum 95.6630 accepted 0  with params [-5.25941746  0.76389785  0.05000026 39.01811824  1.5629555   0.46659567]
at minimum 56.3258 accepted 1  with params [-5.3115587   0.28097126  0.11136653 39.45851553  0.83301793  0.81188149]
at minimum 61.4994 accepted 0  with params [-4.97214468  0.36216425  0.46746754 39.94560306  1.00043223  0.48546172]
at minimum 66.2517 accepted 0  with params [-5.30804808 -0.05837017  0.48168463 39.4133414   0.93568878  0.43861263]
at minimum 64.1736 accepted 0  with params [-5.78979342  0.47074148  0.53137914 39.26978623  1.24868366  1.04621351]
at minimum 63.4327 accepted 0  with params [-5.26354686  0.47226709  0.18999444 39.13324884  0.58376406  0.95635516]
at minimum 87.5339 accepted 0  with params [-5.73834985  0.6616515   0.42620262 39.86846192  0.5100657   0.61030242]
at minimum 56.8245 accepted 0  with params [-5.42055982  0.27461624  0.412216   39.57754238  0.64588413  1.20911704]
at minimum 55.4902 accepted 1  with params [-5.66022157  0.26957747  0.05       39.27709745  0.73485809  0.88669583]
at minimum 60.2141 accepted 0  with params [-5.45981728  0.44926148  0.0500002  38.81583138  0.82496166  1.33845904]
at minimum 62.3759 accepted 0  with params [-5.41839965e+00 -1.31796577e-02  5.07298068e-01  3.92749019e+01
  7.87977712e-01  1.32050875e+00]
at minimum 82.9996 accepted 0  with params [-5.33048467  0.66222754  0.05       39.21661986  0.43423892  1.19987126]
at minimum 73.0035 accepted 0  with params [-5.99155234 -0.12362719  0.49780499 39.61848348  1.13853168  1.36476813]
at minimum 59.0488 accepted 0  with params [-5.29231062  0.32679944  0.05000027 39.75767929  0.63325188  0.94708812]
at minimum 57.5976 accepted 0  with params [-5.20342822  0.16097236  0.15614622 39.75096889  0.45199176  1.07269987]
at minimum 62.7805 accepted 0  with params [-5.99999874  0.43206485  0.05000124 39.47330189  1.06170515  0.63988276]
at minimum 69.6110 accepted 0  with params [-5.31406012 -0.0925225   0.23623936 39.53618374  1.08189742  0.57969335]
at minimum 56.4702 accepted 0  with params [-5.42041002  0.08339782  0.05       39.04125648  0.54320433  1.17926327]
at minimum 70.1955 accepted 0  with params [-5.81110554  0.52182938  0.05       39.58866091  0.91469074  0.5161502 ]
at minimum 64.3858 accepted 0  with params [-5.29062355e+00 -1.77777514e-02  2.62888119e-01  3.96582353e+01
  7.03386740e-01  1.15306915e+00]
at minimum 56.4172 accepted 0  with params [-6.          0.26239686  0.44144645 39.52730637  0.41592632  1.18193086]
at minimum 54.8007 accepted 1  with params [-6.          0.21768897  0.42778364 39.26692034  0.9089689   1.01566878]
at minimum 61.5478 accepted 0  with params [-5.55781360e+00 -9.73996268e-03  8.38143952e-01  3.91284019e+01
  7.37023545e-01  6.01578999e-01]
at minimum 57.2972 accepted 0  with params [-6.          0.3342525   0.38379909 39.35537288  1.06429118  1.03980698]
at minimum 85.8447 accepted 0  with params [-5.57929304  0.65902419  0.12215751 39.67521772  1.20546634  0.69686912]
at minimum 78.2010 accepted 0  with params [-6.         -0.19308907  0.06034899 39.14948631  1.10687689  1.12430106]
at minimum 73.3687 accepted 0  with params [-5.99999971 -0.14368136  0.05       39.28395522  0.85719853  1.3005151 ]
at minimum 68.7273 accepted 0  with params [-6.         -0.10073856  0.61964506 39.1657677   1.27108717  0.57910322]
at minimum 78.6945 accepted 0  with params [-5.64503449  0.61485994  0.29410377 39.44199499  1.35623453  0.56997496]
at minimum 73.8762 accepted 0  with params [-5.83364817 -0.13782599  0.66720205 39.51653076  0.92002283  1.237092  ]
at minimum 65.2913 accepted 0  with params [-6.00000000e+00 -2.73620180e-02  5.11758670e-02  3.97138791e+01
  1.06562848e+00  5.92594147e-01]
at minimum 60.9255 accepted 0  with params [-6.          0.3879959   0.26007447 39.602865    0.59842199  0.8247233 ]
at minimum 64.0990 accepted 0  with params [-6.00000000e+00 -3.84025380e-02  6.14452366e-01  3.92660225e+01
  8.86869840e-01  1.30074853e+00]
at minimum 59.9447 accepted 0  with params [-5.99999984e+00 -1.25150614e-03  8.72574289e-01  3.88692824e+01
  1.20236671e+00  9.68276846e-01]
at minimum 77.2277 accepted 0  with params [-6.          0.61188173  0.5162004  39.2621647   1.20631524  1.38385649]
at minimum 73.2732 accepted 0  with params [-6.          0.5810172   0.80557958 39.16093908  1.02753186  0.86575182]
at minimum 59.2192 accepted 0  with params [-5.99999826  0.40002196  0.0882238  39.17063646  0.62427095  0.71587857]
at minimum 61.7578 accepted 0  with params [-5.91026117e+00  2.85375269e-03  8.47407598e-01  3.93629074e+01
  7.13896629e-01  7.57381907e-01]
at minimum 81.5758 accepted 0  with params [-5.9999997   0.65767134  0.4037383  39.08194425  1.05093636  1.17178453]
at minimum 54.9728 accepted 0  with params [-5.92926932  0.23569507  0.50363974 39.28678039  1.12307369  1.15899265]
at minimum 61.7567 accepted 0  with params [-5.72309943  0.40116328  0.16470535 39.63797476  1.15674708  0.66462444]
at minimum 57.6589 accepted 0  with params [-5.9899575   0.30960089  0.47639209 39.55854538  1.18794939  1.17859812]
at minimum 62.1699 accepted 0  with params [-5.99999950e+00 -3.50706094e-02  3.05191129e-01  3.88620160e+01
  8.59967741e-01  1.26176999e+00]
at minimum 63.4470 accepted 0  with params [-5.88873387e+00 -2.09718151e-02  2.49870772e-01  3.93986416e+01
  1.03251937e+00  6.03214588e-01]
at minimum 54.4371 accepted 1  with params [-5.99999911  0.26555972  0.2701686  39.07268098  1.10120346  1.30381102]
at minimum 64.2531 accepted 0  with params [-5.99999998e+00 -2.61624808e-02  6.88836047e-01  3.95042413e+01
  1.35102377e+00  1.23201909e+00]
at minimum 55.6492 accepted 0  with params [-5.79024564  0.21980342  0.26760576 39.47976723  0.85385277  1.0119151 ]
at minimum 61.1228 accepted 0  with params [-5.56102614e+00 -2.02972420e-02  5.00006657e-02  3.88599323e+01
  1.19774579e+00  1.20239304e+00]
at minimum 56.8970 accepted 0  with params [-5.93586011  0.07701405  0.1124997  39.10219408  1.06445321  1.11778048]
at minimum 81.8025 accepted 0  with params [-5.85591054  0.65033478  0.55346495 39.25797502  1.38070233  1.64810204]
at minimum 73.9085 accepted 0  with params [-5.99999978 -0.16755054  0.33222332 38.82322924  1.24361013  1.43935794]
at minimum 58.5105 accepted 0  with params [-5.71793944  0.42629051  0.50195699 38.72217575  1.23317438  1.20640454]
at minimum 59.4181 accepted 0  with params [-6.          0.37018228  0.05       39.52181629  1.20224517  1.60433999]
at minimum 54.0549 accepted 1  with params [-6.          0.2879611   0.1884616  38.93033127  1.39885822  1.6183353 ]
at minimum 55.7165 accepted 0  with params [-6.          0.0561993   0.09228319 38.57168411  1.14564601  1.87543644]
at minimum 57.4253 accepted 0  with params [-5.99999916  0.39540259  0.60471602 38.84334392  1.28987782  1.42255962]
at minimum 62.9771 accepted 0  with params [-5.69783107e+00 -3.89849744e-02  1.26770894e-01  3.89915246e+01
  1.74005916e+00  1.84235768e+00]
at minimum 60.0766 accepted 0  with params [-6.00000000e+00 -1.83296248e-02  1.12654631e-01  3.86213064e+01
  1.07561400e+00  1.20160147e+00]
at minimum 53.8426 accepted 1  with params [-5.9626339   0.18349396  0.6298206  39.0076239   1.76262441  1.63652084]
at minimum 52.3685 accepted 1  with params [-5.88682631  0.22104015  0.65869378 38.68127105  1.90977091  1.45054809]
at minimum 55.6500 accepted 0  with params [-5.98840527  0.3736089   1.06383927 38.67209475  1.99999921  1.13879963]
at minimum 64.1040 accepted 0  with params [-5.99999996 -0.08915254  0.80607987 38.25953383  2.          1.36116256]
at minimum 65.1969 accepted 0  with params [-5.62426231 -0.10284631  0.46556983 38.2347896   1.69500726  1.28756754]
at minimum 73.1298 accepted 0  with params [-5.46995722  0.6038641   1.03991221 38.73415361  2.          1.21654342]
at minimum 51.2802 accepted 1  with params [-5.88774045  0.26198947  0.93999155 38.31529178  1.92467769  1.4515535 ]
at minimum 62.4554 accepted 0  with params [-5.95091571 -0.08136017  1.27953368 37.97863115  2.          1.6853526 ]
at minimum 50.2495 accepted 1  with params [-6.          0.29936092  1.00942244 37.93624004  2.          1.4544402 ]
at minimum 49.2485 accepted 1  with params [-5.74065775  0.26172765  0.86334855 37.79069323  1.93982771  1.80578882]
