at minimum nan accepted 1  with params [-4.5         0.4         0.08936785 43.80723811]
at minimum nan accepted 1  with params [-4.97128179  0.1171885   0.56716361 43.64512571]
at minimum 77.8451 accepted 1  with params [-4.60453776  0.99        0.79319328 38.9465965 ]
at minimum 52.2601 accepted 1  with params [-4.51902686  0.3461328   0.77457708 39.60387602]
at minimum 43.6183 accepted 1  with params [-4.27643763  0.53018508  0.05       41.85713001]
at minimum nan accepted 1  with params [-4.63186603  0.76005274  0.44427186 41.77573853]
at minimum 49.1651 accepted 1  with params [-4.40262504  0.55737849  0.57367792 41.66319223]
at minimum 70.4359 accepted 0  with params [-6.          0.97879052  0.93566698 40.3888081 ]
at minimum 47.6989 accepted 1  with params [-4.06920869  0.25560085  0.71880655 41.59173688]
at minimum 63.2272 accepted 0  with params [-3.81141614 -0.9         0.05       40.01908787]
at minimum 37.1537 accepted 1  with params [-4.04101317 -0.22105824  0.2458911  41.86352259]
at minimum 45.1977 accepted 0  with params [-4.00750262  0.09907609  0.63309614 41.10655177]
at minimum 47.3591 accepted 0  with params [-3.89402341 -0.40277487  0.7032699  40.72644765]
at minimum 36.8071 accepted 1  with params [-4.32233152  0.1543391   0.05394059 42.30989364]
at minimum 34.8936 accepted 1  with params [-4.18879877  0.12681697  0.05       42.60274234]
at minimum 41.9900 accepted 0  with params [-4.51717462  0.40122074  0.20986609 42.78561475]
at minimum 34.9413 accepted 1  with params [-4.10679350e+00  1.57221780e-02  1.23522514e-01  4.24849184e+01]
at minimum 47.0221 accepted 0  with params [-4.38285448e+00  2.52594802e-02  6.54015393e-01  4.29697634e+01]
at minimum 39.5502 accepted 0  with params [-3.9701693  -0.43144299  0.05000003 42.12291958]
at minimum 36.2862 accepted 0  with params [-4.08060831 -0.32036388  0.07053585 41.66741764]
at minimum 40.3663 accepted 0  with params [-3.93100782 -0.31355794  0.0500168  42.02186935]
at minimum 45.7169 accepted 0  with params [-3.9006107   0.23629985  0.05       40.94495517]
at minimum 40.2973 accepted 0  with params [-4.08299271 -0.47630043  0.22715615 42.46309322]
at minimum 40.7839 accepted 0  with params [-4.23186672  0.19771067  0.5221405  42.03775291]
at minimum 38.2693 accepted 0  with params [-4.34058341e+00  3.55986821e-02  5.00000000e-02  4.24560574e+01]
at minimum 55.6069 accepted 0  with params [-3.77011508 -0.34025367  0.54922165 40.32402948]
at minimum 51.6361 accepted 0  with params [-4.51557795e+00  2.72635682e-02  5.00000000e-02  4.21662087e+01]
at minimum nan accepted 1  with params [-4.27860375  0.07659958  0.34966032 42.66893053]
at minimum 46.5934 accepted 1  with params [-4.57911181  0.32801865  0.50429982 42.87005654]
at minimum 46.0543 accepted 1  with params [-4.3614419   0.47322236  0.50499934 42.51562013]
at minimum nan accepted 1  with params [-4.72841261  0.96463594  0.4372072  42.07295193]
at minimum nan accepted 1  with params [-4.62250855  0.99        0.10076659 42.45339693]
at minimum 70.4480 accepted 1  with params [-5.04939125  0.99        0.43926571 39.569475  ]
at minimum 75.5505 accepted 0  with params [-4.79773403  0.99        0.92176578 39.29347167]
at minimum 67.9839 accepted 1  with params [-4.57966775  0.99        0.10766917 39.32480335]
at minimum 66.7708 accepted 1  with params [-4.92882085  0.966639    0.05       40.22217142]
at minimum nan accepted 1  with params [-4.41534993  0.36665237  0.05885176 42.82729334]
at minimum 39.2877 accepted 1  with params [-4.21762807  0.37806113  0.05       42.38881306]
at minimum 37.0014 accepted 1  with params [-4.0934768   0.20448965  0.05000005 42.10348765]
at minimum nan accepted 1  with params [-4.37682191  0.31106041  0.05       41.65625509]
at minimum 40.9961 accepted 1  with params [-4.23391927 -0.0941391   0.49537844 41.9729797 ]
at minimum 43.7035 accepted 0  with params [-4.10688502  0.11159562  0.8937807  41.39583099]
at minimum nan accepted 1  with params [-3.94116374 -0.17181001  0.70549259 41.96593386]
at minimum 69.9072 accepted 1  with params [-5.61618801  0.99        0.05332436 40.10921466]
at minimum 66.4566 accepted 1  with params [-5.02033598  0.94902783  0.05       41.49018167]
at minimum nan accepted 1  with params [-4.59905265  0.99        0.05       41.91046375]
at minimum 69.6620 accepted 1  with params [-4.61487688  0.96006824  0.3971461  39.69380049]
at minimum 62.8316 accepted 1  with params [-4.15887703  0.73891346  0.45866612 40.14762054]
at minimum 59.2764 accepted 1  with params [-3.76335477 -0.9         3.         40.14309218]
at minimum nan accepted 1  with params [-4.02163765 -0.9         2.71078816 39.79774648]
at minimum nan accepted 1  with params [-3.86861974 -0.9         2.17056229 40.24987081]
at minimum 43.8808 accepted 1  with params [-4.14367258e+00 -3.65291368e-02  1.10924302e+00  4.02266058e+01]
at minimum 127.9346 accepted 0  with params [-4.41750335 -0.59101809  0.98296849 40.79193644]
at minimum 43.3771 accepted 1  with params [-4.20076147  0.1555957   1.02416909 41.49149552]
at minimum 48.5594 accepted 0  with params [-4.23768397  0.38189115  1.27460308 41.31171243]
at minimum 65.4062 accepted 0  with params [-3.71226855  0.13980082  0.4931843  41.93662117]
at minimum 69.1647 accepted 0  with params [-3.99284635  0.52441011  1.41198661 39.81757569]
at minimum 61.7718 accepted 0  with params [-4.67731941  0.32378652  1.33625995 44.51148858]
at minimum 61.4901 accepted 0  with params [-3.75233475  0.35837763  0.05       40.00704659]
at minimum nan accepted 1  with params [-4.64098786  0.52054237  0.61038217 41.43819958]
at minimum 58.9666 accepted 1  with params [-4.76458105  0.48645651  1.40431665 42.49871055]
at minimum 46.7147 accepted 1  with params [-4.35305221  0.3520236   1.86919045 42.03717149]
at minimum 75.7000 accepted 0  with params [-4.87963968  0.99        1.48500319 38.93365033]
at minimum 78.1679 accepted 0  with params [-3.89599902  0.53929538  1.54766346 39.37121806]
at minimum 54.8088 accepted 0  with params [-4.69269632  0.49252724  1.5248201  42.20037273]
at minimum 69.1942 accepted 0  with params [-4.04589824  0.57641505  2.16749305 39.83226835]
at minimum 45.7086 accepted 1  with params [-4.24403454  0.25889813  2.22182431 41.78729329]
at minimum 58.4139 accepted 0  with params [-4.28847906  0.60793895  1.88853736 40.64639019]
at minimum 46.1662 accepted 0  with params [-4.22930682  0.05098182  1.97280348 41.19576036]
at minimum 47.1735 accepted 0  with params [-4.33500053  0.35281035  2.28548438 41.35128635]
at minimum 45.1626 accepted 1  with params [-4.19177134  0.19226624  2.45022352 41.72317389]
at minimum 56.0720 accepted 0  with params [-3.84531944  0.06446147  2.10642391 40.45147599]
at minimum 82.5484 accepted 0  with params [-4.58818017  0.99        1.95849932 38.58654474]
at minimum 73.0006 accepted 0  with params [-4.0076997   0.58677113  1.99154206 39.62295654]
at minimum nan accepted 1  with params [-4.73396427  0.49992211  2.17545894 41.54854733]
at minimum 139.9589 accepted 1  with params [-4.97077063  0.26507277  2.15786376 48.8856501 ]
at minimum 73.1371 accepted 1  with params [-5.075094    0.99        2.5549592  39.14242239]
at minimum nan accepted 1  with params [-5.41780791  0.9647883   2.51423331 38.68561397]
at minimum 74.6466 accepted 1  with params [-4.95522993  0.99        2.34048737 38.98590896]
at minimum 52.4853 accepted 1  with params [-4.63103961  0.59033009  2.29164999 42.81927425]
at minimum nan accepted 1  with params [-4.91433496  0.6547111   2.09254564 43.01630296]
at minimum 70.8620 accepted 1  with params [-5.58703813  0.99        2.47870947 39.70763933]
at minimum 72.2206 accepted 1  with params [-5.18527177  0.99        2.55288067 39.28133611]
at minimum 74.4407 accepted 0  with params [-4.9625992   0.99        2.58710457 39.00135084]
at minimum 79.5305 accepted 0  with params [-4.6768283   0.99        3.         38.67699859]
at minimum 67.0347 accepted 1  with params [-5.10974776  0.91680608  2.08692752 40.8722636 ]
at minimum 51.1181 accepted 1  with params [-4.58459406  0.55512948  1.97485951 42.62125259]
at minimum 52.6709 accepted 0  with params [-4.58533955  0.42172587  2.02858047 43.3946632 ]
at minimum nan accepted 1  with params [-4.68829464  0.20835251  1.93058607 42.12339875]
at minimum 73.2342 accepted 1  with params [-5.0766501   0.99        1.74436726 39.13799559]
at minimum 79.7664 accepted 0  with params [-4.65835176  0.99        1.30195615 38.75206021]
at minimum nan accepted 1  with params [-5.44964274  0.99        1.6919096  39.32851346]
at minimum 70.7270 accepted 1  with params [-5.69709883  0.99        1.36281401 39.78645637]
at minimum 62.2491 accepted 1  with params [-5.19233388  0.73098643  1.86570922 45.99255406]
at minimum 52.6893 accepted 1  with params [-4.71101712  0.59383924  1.45259674 43.2088476 ]
at minimum 75.6013 accepted 0  with params [-4.84594652  0.99        1.13545109 38.97099239]
at minimum 44.9821 accepted 1  with params [-4.38194314  0.33265939  0.93407208 42.25430623]
at minimum 61.8140 accepted 0  with params [-4.7418349   0.86535453  0.38207403 40.96606643]
at minimum 43.2202 accepted 1  with params [-4.32641359  0.23303785  0.7905749  42.26112963]
at minimum 53.7428 accepted 0  with params [-4.63874651  0.66827188  1.10809437 41.61701875]
at minimum 46.3210 accepted 0  with params [-4.69583754  0.54204999  0.16688726 44.52363808]
