at minimum 106.6510 accepted 1  with params [-4.5  0.4  0.5 40.   1.   1. ]
at minimum 103.0954 accepted 1  with params [-4.74446679  0.34091631  0.79192906 40.05819969  1.18469917  1.49764297]
at minimum 100.5541 accepted 1  with params [-5.02602275  0.2307547   1.14034149 40.5450764   1.02838677  1.30253332]
at minimum 112.5128 accepted 0  with params [-4.54476008 -0.13452976  1.1207118  40.76370493  1.05151655  1.3452691 ]
at minimum 108.1959 accepted 0  with params [-5.28698768 -0.09173132  0.83431636 40.57012702  1.10588362  1.17749824]
at minimum 115.2006 accepted 0  with params [-5.44964784  0.47355332  1.24086415 40.45637754  1.15205986  0.86450094]
at minimum 122.4575 accepted 0  with params [-4.59401338 -0.24282643  0.89724304 40.51700246  1.36024641  1.07237966]
at minimum 118.5995 accepted 0  with params [-4.59620933 -0.20486752  1.4024591  40.6495152   0.85135071  0.94282175]
at minimum 101.6407 accepted 0  with params [-4.55181437  0.16658294  1.26476581 41.02976469  0.86474785  0.85225756]
at minimum 121.1317 accepted 0  with params [-4.71176878  0.50923869  1.4745221  40.82684911  1.05795865  1.17462346]
at minimum 110.2622 accepted 0  with params [-4.8112447  -0.10817611  1.07273214 40.75472391  0.85456773  1.34906081]
at minimum 115.1371 accepted 0  with params [-4.69171849  0.45577629  0.73252293 40.76424201  0.70949663  1.56817803]
at minimum 129.6889 accepted 0  with params [-4.57859346  0.59638334  1.32264966 40.46566126  1.46871591  0.88692513]
at minimum 99.2754 accepted 1  with params [-4.66799898  0.21964687  1.15074102 40.290492    0.86833378  1.15986541]
at minimum 105.5317 accepted 0  with params [-4.47319345e+00 -4.00983715e-02  7.79442896e-01  4.07385345e+01
  9.51609356e-01  1.54527899e+00]
at minimum 101.8488 accepted 0  with params [-4.33150139e+00  1.23831964e-02  1.06343693e+00  4.04361124e+01
  1.01186544e+00  1.38037866e+00]
at minimum 98.6794 accepted 1  with params [-4.97967085  0.25440109  1.38156799 39.93183263  0.66116745  0.73323653]
at minimum 116.2210 accepted 0  with params [-4.61192882  0.51239451  1.21708512 39.87324031  0.63373628  0.89849173]
at minimum 123.2653 accepted 0  with params [-5.17809744  0.57152186  1.77619066 39.89001933  0.99164372  0.70875036]
at minimum 106.8819 accepted 0  with params [-5.1322802   0.4087221   1.58590431 39.90504798  0.21457822  0.73599036]
at minimum 107.5462 accepted 0  with params [-5.0681672   0.41778017  1.76938729 39.87991611  0.20002582  0.61170878]
at minimum 100.6827 accepted 0  with params [-4.7703233   0.26355164  1.80969605 40.34153055  0.18946028  0.47697551]
at minimum 130.9372 accepted 0  with params [-4.61798276  0.64648544  1.40328578 39.51798089  0.17578769  1.14016087]
at minimum 112.6279 accepted 0  with params [-5.19282333  0.46409917  1.51882304 40.12390703  0.88036659  1.02642798]
at minimum 101.4673 accepted 0  with params [-5.44950986  0.28195554  1.76842205 40.36786593  0.32873202  0.9988757 ]
at minimum 98.6029 accepted 1  with params [-5.14148187  0.06986663  1.06008653 40.06252628  0.16556858  0.67351504]
at minimum 142.4998 accepted 0  with params [-5.3259398  -0.38894632  1.12160854 40.52247376  0.          1.02278317]
at minimum 101.0014 accepted 0  with params [-5.03770585e+00 -1.45622673e-02  8.14434476e-01  3.99252973e+01
  0.00000000e+00  9.79400524e-01]
at minimum 114.3026 accepted 0  with params [-5.51647992  0.50700342  0.60213954 39.58469049  0.          0.33677484]
at minimum 98.0755 accepted 1  with params [-5.27226301  0.09742154  0.91964419 40.08239739  0.37391148  0.53632114]
at minimum 120.5801 accepted 0  with params [-4.86631732  0.55381446  1.29908695 39.79398529  0.39265182  0.98040604]
at minimum 134.8015 accepted 0  with params [-5.62275024 -0.3390363   1.0188403  40.4337326   0.76702529  1.03233248]
at minimum 125.9294 accepted 0  with params [-5.58813677  0.56819835  0.84177867 40.43707706  0.16771688  0.9305867 ]
at minimum 105.6950 accepted 0  with params [-4.83894683 -0.07878986  1.35465055 40.17241595  0.13121664  0.79342071]
at minimum 103.5332 accepted 0  with params [-5.02883202  0.32093055  0.49168422 40.39389019  0.61040643  0.91375066]
at minimum 111.2554 accepted 0  with params [-5.69273948e+00 -1.72247082e-01  1.21818370e+00  3.95922181e+01
  3.82453080e-02  7.13148738e-01]
at minimum 116.6985 accepted 0  with params [-5.56063796  0.49720632  1.04715948 40.27776863  0.42559369  0.65488347]
at minimum 114.3285 accepted 0  with params [-4.80825386e+00 -1.94049547e-01  9.76950743e-01  3.98316035e+01
  4.66090494e-08  6.48019876e-01]
at minimum 98.5005 accepted 0  with params [-5.0070989   0.10584195  1.17191195 40.22435565  0.          0.87534503]
at minimum 97.1437 accepted 1  with params [-5.5990832   0.07035637  0.62595809 39.63767913  0.12637396  0.52857221]
at minimum 99.0532 accepted 0  with params [-5.89581356  0.30346059  0.16593573 39.53238754  0.19369947  0.67629956]
at minimum 95.7983 accepted 1  with params [-5.19408975  0.21117093  0.57920127 39.39832852  0.5871483   0.66919913]
at minimum 103.6143 accepted 0  with params [-5.18897296 -0.07579259  0.99714296 39.65271444  0.49283832  0.47888181]
at minimum 97.8009 accepted 0  with params [-5.19058733  0.28377762  0.79499222 39.36008919  0.78860589  0.29013263]
at minimum 98.4058 accepted 0  with params [-5.14540994e+00  9.28069424e-03  2.32051114e-01  3.93968795e+01
  1.03195615e+00  7.58812878e-01]
at minimum 96.9475 accepted 1  with params [-4.81779249  0.28997046  0.88600751 39.07685078  0.15843959  0.7376399 ]
at minimum 102.8031 accepted 0  with params [-4.44349401e+00 -7.93886891e-02  1.19163980e+00  3.92660344e+01
  2.72995688e-07  5.42097309e-01]
at minimum 103.2320 accepted 0  with params [-4.54620325  0.3793291   1.20788254 39.49952781  0.47299309  0.69810833]
at minimum 108.0410 accepted 0  with params [-4.40535746e+00 -1.69857186e-01  6.39854485e-01  3.85938592e+01
  3.24948994e-08  2.59162205e-01]
at minimum 96.0078 accepted 1  with params [-4.9669538   0.04303964  0.97442304 38.99802682  0.04872775  0.86863828]
at minimum 100.5790 accepted 0  with params [-5.25427875e+00 -5.90929581e-02  1.06574564e+00  3.89912253e+01
  1.60700097e-07  1.29326989e+00]
at minimum 95.0783 accepted 1  with params [-4.84600963e+00  2.43928994e-01  1.35829542e+00  3.89143869e+01
  3.80124625e-07  1.21275400e+00]
at minimum 118.9050 accepted 0  with params [-5.16403854  0.57124326  0.92468476 39.05904277  0.11273791  1.63538674]
at minimum 109.2895 accepted 0  with params [-5.02879039e+00 -1.72920619e-01  1.03043346e+00  3.89706640e+01
  5.56267440e-09  1.24598810e+00]
at minimum 100.2560 accepted 0  with params [-4.84955504  0.38473033  1.76060107 38.62608822  0.22322268  1.15793925]
at minimum 108.9458 accepted 0  with params [-4.50205795e+00 -1.83339877e-01  1.07741980e+00  3.84883983e+01
  2.38547526e-07  1.43631889e+00]
at minimum 107.5429 accepted 0  with params [-5.13500178  0.44887519  1.60540341 39.31821562  0.          0.94292119]
at minimum 124.0719 accepted 0  with params [-4.74988770e+00  6.27826341e-01  1.49612084e+00  3.87094685e+01
  2.94508436e-07  1.58277783e+00]
at minimum 100.5155 accepted 0  with params [-4.64832068 -0.05895299  1.09992957 38.90872637  0.39902676  0.86706705]
at minimum 105.8475 accepted 0  with params [-4.84022827 -0.12247337  1.34678917 39.23471595  0.31627514  1.51396785]
at minimum 129.9091 accepted 0  with params [-5.01674291  0.66299466  1.30436416 38.92844991  0.13716178  0.83942412]
at minimum 101.2038 accepted 0  with params [-4.77926782e+00 -5.00149868e-02  1.73470429e+00  3.93604663e+01
  3.98328825e-07  9.02449152e-01]
at minimum 94.7359 accepted 1  with params [-4.84710510e+00  1.33561678e-01  1.61623430e+00  3.91542381e+01
  1.23535819e-07  1.30677215e+00]
at minimum 94.1611 accepted 1  with params [-4.92912848  0.19785081  1.6074116  38.89838676  0.42178148  1.2397244 ]
at minimum 128.1866 accepted 0  with params [-4.89742705  0.63407358  1.59542187 39.33343657  0.24990476  1.49258029]
at minimum 103.5236 accepted 0  with params [-4.72402798 -0.09167872  1.84198451 39.21580013  0.82104079  1.28903967]
at minimum 102.4331 accepted 0  with params [-5.16343299  0.38340703  1.44291681 39.22958253  0.17970237  1.15734497]
at minimum 115.2944 accepted 0  with params [-4.79547163  0.56330826  1.55038263 38.50379428  0.18816538  1.30653797]
at minimum 97.0913 accepted 0  with params [-4.66433166  0.30069746  1.98264523 38.98280043  0.04214533  0.96121716]
at minimum 95.0601 accepted 1  with params [-4.96780403  0.17694658  1.37689265 39.26455662  0.80407204  0.85100772]
at minimum 97.2746 accepted 1  with params [-4.5796526   0.23829249  1.46862859 39.65882917  0.73288491  0.96928743]
at minimum 117.9345 accepted 0  with params [-4.37149896  0.52192185  1.67928288 40.00472121  0.89961851  1.25240708]
at minimum 97.9571 accepted 0  with params [-4.93025116  0.26618198  1.52337057 39.6164682   0.36027894  1.10907138]
at minimum 115.1919 accepted 0  with params [-4.14336126  0.51002529  1.75111218 39.71342249  0.67356858  0.88452796]
at minimum 131.3000 accepted 0  with params [-4.37833769  0.64311583  1.0568784  39.62491418  1.11510864  0.8395112 ]
at minimum 108.5843 accepted 0  with params [-4.29396291 -0.1310806   1.73051352 39.85769988  0.92326848  0.62891304]
at minimum 96.8870 accepted 1  with params [-4.80163049  0.17157017  1.66990749 39.83840011  0.48803431  1.15333127]
at minimum 98.7058 accepted 0  with params [-4.53958462e+00  3.00596274e-02  2.04415904e+00  3.97625678e+01
  3.52577864e-01  7.03655914e-01]
at minimum 106.5913 accepted 0  with params [-5.04555368  0.42391429  1.82285299 39.54960335  0.22876226  1.07992428]
at minimum 109.9795 accepted 0  with params [-4.6006464  -0.13067925  1.32010354 40.28156766  0.04448578  0.95742806]
at minimum 96.3114 accepted 1  with params [-4.90881633  0.23444507  2.04143812 39.41687332  0.72649925  1.56592743]
at minimum 128.7385 accepted 0  with params [-4.54117689  0.64486105  2.26883947 39.14740344  0.5791843   1.42983112]
at minimum 129.1710 accepted 0  with params [-4.4898003   0.63397343  2.16918755 39.50138542  0.31981147  1.94559538]
at minimum 95.0853 accepted 1  with params [-5.17088551  0.10355156  2.18082756 39.16289956  0.33556381  1.32580673]
at minimum 95.2778 accepted 1  with params [-5.25749335  0.09639609  1.83771904 39.19038344  0.11608478  1.68451578]
at minimum 101.7959 accepted 0  with params [-5.02665877  0.38905728  1.62038606 38.97243431  0.          1.34291683]
at minimum 101.2297 accepted 0  with params [-5.03423894 -0.06349215  2.20371851 39.04158121  0.43001283  1.66419658]
at minimum 110.5568 accepted 0  with params [-5.34729649  0.48903379  1.64699765 39.15303297  0.18386469  1.84824559]
at minimum 121.0323 accepted 0  with params [-5.35384943 -0.26938897  2.02237044 39.33957611  0.34937384  1.59596401]
at minimum 118.7977 accepted 0  with params [-4.85483738 -0.24542741  1.63628007 39.53382773  0.          1.28247917]
at minimum 104.7353 accepted 0  with params [-5.53510031 -0.09231795  2.10009562 39.59045874  0.47846415  1.99999991]
at minimum 100.0830 accepted 0  with params [-5.50000001  0.33418109  1.64495272 39.40713418  0.23343151  1.99553976]
at minimum 99.5165 accepted 0  with params [-5.43180024  0.30741633  1.47243431 39.63491568  0.44498924  1.99999925]
at minimum 129.9666 accepted 0  with params [-5.14070031e+00 -3.39217761e-01  2.18019535e+00  3.93496126e+01
  8.21938556e-08  1.99999956e+00]
at minimum 94.2155 accepted 1  with params [-5.62152071  0.21907752  2.21605646 38.80658535  0.          1.95464346]
at minimum 96.8461 accepted 0  with params [-5.55859989  0.27214421  1.97878227 39.24893093  0.07225724  1.99999983]
at minimum 94.1390 accepted 1  with params [-5.36025318  0.25957962  1.93962761 38.45636619  0.          1.91626085]
at minimum 93.9136 accepted 1  with params [-5.63723627e+00  8.64744956e-02  2.09547625e+00  3.86159975e+01
  4.03215504e-08  1.99999996e+00]
at minimum 93.5634 accepted 1  with params [-5.19371469e+00  2.62612256e-01  2.22737593e+00  3.81796878e+01
  3.07479976e-02  1.99999846e+00]
at minimum 105.2640 accepted 0  with params [-5.57722739  0.46827653  2.52383696 38.28969754  0.3099399   2.        ]
at minimum 125.6093 accepted 0  with params [-5.04521388e+00  6.60501794e-01  2.51322658e+00  3.81745576e+01
  8.18511054e-03  1.80620111e+00]
