at minimum 28.2248 accepted 1  with params [-4.5        0.4        3.        39.2729751]
at minimum 35.7901 accepted 0  with params [-4.19789266  0.11841385  3.         37.81907234]
at minimum 37.8299 accepted 0  with params [-4.1902326   0.19547634  3.         39.12047828]
at minimum 40.2822 accepted 0  with params [-4.1532048  -0.084884    3.         39.06505472]
at minimum 70.5405 accepted 0  with params [-4.8958939   0.99        2.58717037 34.76972617]
at minimum 31.8790 accepted 0  with params [-4.30290871  0.21714614  3.         38.32551256]
at minimum 34.1178 accepted 0  with params [-4.45229577  0.08798848  3.         39.67544812]
at minimum 49.9969 accepted 0  with params [-4.37974109  0.68400674  3.         36.67475812]
at minimum 32.2725 accepted 0  with params [-4.51932988  0.51151145  2.54130192 38.59532014]
at minimum 37.7303 accepted 0  with params [-4.18621312  0.19273775  2.74918984 37.56075063]
at minimum 32.6295 accepted 0  with params [-4.98959983  0.53821422  2.56370289 43.80380424]
at minimum 51.7822 accepted 0  with params [-4.42220474  0.72651739  3.         36.56227662]
at minimum 51.9822 accepted 0  with params [-4.75808069  0.19363711  2.81968062 42.72543461]
at minimum 51.2326 accepted 0  with params [-4.19991568  0.56702546  3.         36.47855144]
at minimum 29.9468 accepted 0  with params [-4.37715115  0.22630778  2.75438401 38.97887569]
at minimum 31.7038 accepted 0  with params [-4.31975735  0.24080975  3.         39.17000329]
at minimum 27.1522 accepted 1  with params [-4.58927302  0.40192302  2.76106567 39.99146109]
at minimum 146.9094 accepted 0  with params [-5.04297773  0.14527853  3.         40.04274371]
at minimum 56.3544 accepted 0  with params [-4.73994634  0.15597086  2.696354   39.89259932]
at minimum 46.6319 accepted 0  with params [-4.78994457  0.79841644  3.         37.73975705]
at minimum 30.2242 accepted 0  with params [-4.8685121   0.21349604  0.05       47.28542785]
at minimum 35.0802 accepted 0  with params [-4.90775474  0.50140386  2.45444609 39.59474068]
at minimum 34.3210 accepted 0  with params [-4.4511418   0.50589674  2.76755997 38.20053502]
at minimum 68.0215 accepted 0  with params [-5.02816969  0.99        3.         34.96010342]
at minimum 64.9172 accepted 0  with params [-4.38036763  0.83369885  2.87257591 35.51710851]
at minimum 30.7571 accepted 0  with params [-4.81236619  0.58671081  2.77675503 39.7115967 ]
at minimum 62.2448 accepted 0  with params [-4.59630621 -0.06464547  2.49210947 40.17628327]
at minimum 34.6721 accepted 0  with params [-4.88590692  0.51683797  3.         39.72938042]
at minimum 47.7982 accepted 0  with params [-4.8392789   0.28968396  2.87191104 43.89207457]
at minimum 68.5357 accepted 0  with params [-5.01234891  0.99        2.49395896 34.91678955]
at minimum 28.6692 accepted 0  with params [-4.60944389  0.48277349  2.35933381 39.22287979]
at minimum 59.7302 accepted 0  with params [-4.12023272  0.62245296  2.9335294  35.87031242]
at minimum 68.6458 accepted 0  with params [-4.98753748  0.99        3.         34.90647108]
at minimum 36.2491 accepted 0  with params [-4.85590029  0.69736031  3.         39.26243416]
at minimum 41.7525 accepted 0  with params [-4.70291447  0.19533879  2.40282269 40.36480261]
at minimum 76.5415 accepted 0  with params [-4.85878542  0.15828253  2.71454988 44.07877289]
at minimum 40.8722 accepted 0  with params [-4.2444944   0.43057366  3.         37.30139976]
at minimum 66.0734 accepted 0  with params [-4.23668738  0.78274174  3.         35.44369357]
at minimum 31.7956 accepted 0  with params [-4.63807043  0.58327126  3.         39.25444848]
at minimum 33.0771 accepted 0  with params [-4.43657382  0.08286625  2.56994501 40.12721285]
at minimum 72.6353 accepted 0  with params [-4.23879178  0.85289559  3.         34.9963517 ]
at minimum 27.6665 accepted 1  with params [-4.50185083  0.31230406  3.         39.31745859]
at minimum 34.3734 accepted 0  with params [-4.98834557  0.66342984  3.         41.79751414]
at minimum 50.6263 accepted 0  with params [-4.69334529  0.16748149  3.         39.54460133]
at minimum 42.8540 accepted 0  with params [-4.2147941  -0.18401744  3.         39.15550525]
at minimum 30.9755 accepted 0  with params [-4.33113154  0.171835    3.         38.60254368]
at minimum 28.3760 accepted 1  with params [-4.44483198  0.27397888  2.86041058 39.20659847]
at minimum 42.6973 accepted 0  with params [-4.07084072  0.13391686  2.94955635 37.10296343]
at minimum 30.4847 accepted 0  with params [-4.85877061  0.59324707  2.52480327 41.17396839]
at minimum 123.9200 accepted 0  with params [-4.88449233e+00  2.70423676e-02  2.46563103e+00  3.96344169e+01]
at minimum 31.4292 accepted 0  with params [-4.4379035   0.12944096  2.89346227 39.48571408]
at minimum 46.6188 accepted 0  with params [-4.45550382  0.68794417  3.         37.03916678]
at minimum 27.3743 accepted 1  with params [-4.62957832  0.44734257  2.6091905  40.0733936 ]
at minimum 44.4389 accepted 0  with params [-4.49285747  0.66964528  2.49485373 37.24968435]
at minimum 30.4313 accepted 1  with params [-4.50030365  0.169824    2.46379605 40.09388949]
at minimum 31.7942 accepted 1  with params [-4.94260952  0.59915596  2.89171009 42.36109871]
at minimum 27.1951 accepted 1  with params [-4.5957963   0.37578558  2.86134871 40.24936417]
at minimum 34.5052 accepted 0  with params [-4.28411365  0.10302668  2.73867957 40.02791107]
at minimum 38.2285 accepted 0  with params [-4.41562570e+00  7.97162160e-03  3.00000000e+00  4.06833436e+01]
at minimum 80.9531 accepted 0  with params [-4.9907207   0.22532787  2.46813172 46.52646665]
at minimum 77.2975 accepted 0  with params [-4.64871979 -0.0448532   2.95284575 40.32066052]
at minimum 37.8856 accepted 0  with params [-4.92393356  0.72201136  2.41920796 39.32396179]
at minimum 33.4810 accepted 0  with params [-5.00306329  0.64381818  2.61324425 42.11693115]
at minimum 36.5138 accepted 0  with params [-4.18081512  0.09668439  3.         37.74654913]
at minimum 39.1328 accepted 0  with params [-4.27476338  0.40771165  2.65526208 37.45975753]
at minimum 34.0155 accepted 0  with params [-4.5995012   0.213859    3.         40.88397124]
at minimum 45.8998 accepted 0  with params [-4.57233292  0.05203514  2.80996628 39.89147589]
at minimum 37.1706 accepted 0  with params [-4.1697437   0.10168998  2.94581509 37.66230718]
at minimum 25.8932 accepted 1  with params [-4.58788878  0.28551835  0.05       41.11051797]
at minimum 36.4680 accepted 0  with params [-4.2538422   0.04536301  0.23295244 40.66353986]
at minimum 32.2147 accepted 0  with params [-4.82801616  0.63342796  3.         40.54734783]
at minimum 34.0824 accepted 0  with params [-4.3498258   0.2614812   0.24844691 41.38200239]
at minimum 37.5813 accepted 0  with params [-4.77796093  0.65850399  0.05       41.51588155]
at minimum 22.9844 accepted 1  with params [-4.6576493   0.29421011  0.64655685 41.27642233]
at minimum 40.6723 accepted 0  with params [-4.2159472   0.38686635  3.         37.2982836 ]
at minimum 24.7049 accepted 0  with params [-4.65551178  0.3596228   0.92234904 40.44763878]
at minimum 25.0660 accepted 0  with params [-4.85925263  0.32791468  0.23462968 42.95518643]
at minimum 29.9543 accepted 0  with params [-4.41053774  0.23510197  0.29527664 41.43008682]
at minimum 27.4288 accepted 0  with params [-4.77228733  0.17509091  0.48249156 41.31034392]
at minimum 30.0761 accepted 0  with params [-4.80096531  0.22513418  0.71114856 41.45094388]
at minimum 28.9961 accepted 0  with params [-4.79311805  0.56867522  0.87545363 40.29354356]
at minimum 39.5570 accepted 0  with params [-4.61426767  0.70965153  0.0504469  37.98710306]
at minimum 22.7393 accepted 1  with params [-4.63990355  0.20130109  0.54739754 41.49563196]
at minimum 35.9861 accepted 0  with params [-4.43784628 -0.16298227  0.73125513 39.42048754]
at minimum 32.9156 accepted 0  with params [-4.88847825  0.649003    0.52926666 40.5015733 ]
at minimum 28.1391 accepted 0  with params [-4.60113421  0.06189269  0.68131168 41.1902152 ]
at minimum 24.3885 accepted 0  with params [-4.72441214  0.37346875  0.88610334 41.41549545]
at minimum 34.5937 accepted 0  with params [-4.40060561  0.50533951  0.05       38.30830044]
at minimum 92.0907 accepted 0  with params [-4.91016290e+00 -2.41770941e-01  5.00000000e-02  5.34478588e+01]
at minimum 29.8359 accepted 0  with params [-4.77925801  0.57487094  3.         40.78172121]
at minimum 79.5751 accepted 0  with params [-4.93547805e+00 -4.59888477e-03  5.55044685e-01  4.15533170e+01]
at minimum 30.6978 accepted 0  with params [-4.56726343  0.49944981  0.05       39.43432204]
at minimum 35.8636 accepted 0  with params [-4.88961445  0.17198876  0.16478296 43.46737437]
at minimum 23.4363 accepted 1  with params [-4.76528183  0.21261706  0.28097223 42.5277092 ]
at minimum 22.3174 accepted 1  with params [-4.72598499  0.35845089  0.32208874 42.54079414]
at minimum 52.1498 accepted 0  with params [-5.15547973  0.3540306   0.60894196 42.83243135]
at minimum 33.0051 accepted 0  with params [-4.92195241  0.65340019  1.43696836 40.51768521]
at minimum 39.6933 accepted 0  with params [-5.08944986  0.37579584  0.4799188  42.58767627]
at minimum 26.1438 accepted 0  with params [-4.72393544  0.30794945  0.05       42.96566892]
at minimum 30.7843 accepted 0  with params [-4.80491987  0.6011966   3.         40.74010093]
at minimum 35.1573 accepted 0  with params [-4.8894308   0.65566126  0.23536737 40.95400478]
