at minimum 64.4301 accepted 1  with params [-4.49999999  0.39999999  0.5        39.99999981  1.          1.        ]
at minimum 131.9777 accepted 0  with params [-4.14119533 -0.05700778  0.91705716 39.73942979  1.37594233  0.70132473]
at minimum 55.0911 accepted 1  with params [-4.07321879  0.62496402  0.89590963 39.73219176  1.14015019  0.87600345]
at minimum 65.4802 accepted 0  with params [-4.37784964  0.3950502   0.87165865 39.81320691  1.05464273  0.88910457]
at minimum 56.6621 accepted 0  with params [-3.93632818  0.74712484  0.69539705 39.36375563  1.46182441  0.64078875]
at minimum 55.4030 accepted 0  with params [-3.71725534  0.55275487  0.41050286 40.12293437  1.31015257  1.15203781]
at minimum 56.0711 accepted 1  with params [-3.69318355  0.56759897  1.36275577 39.8022032   0.80170343  1.03383249]
at minimum 86.5421 accepted 0  with params [-3.45611741  0.20026045  1.04527587 39.81105814  1.04651903  0.76026012]
at minimum 69.7972 accepted 0  with params [-4.07320604  0.99        1.35056555 39.94852672  0.50737338  0.87255923]
at minimum 53.8630 accepted 1  with params [-3.20789073  0.71346496  1.11884629 40.22741129  0.65501228  1.31111843]
at minimum 69.7724 accepted 0  with params [-3.          0.98999995  0.65010346 40.41734546  0.73606734  1.24860821]
at minimum 63.7262 accepted 0  with params [-3.          0.4036399   0.89002658 40.08004412  0.9901192   1.53591472]
at minimum 54.7789 accepted 0  with params [-3.35543622  0.64744522  1.06072494 39.77675865  0.79856025  1.17093254]
at minimum 73.0813 accepted 0  with params [-3.27035568  0.30045615  1.26944288 40.20391027  1.07386682  1.48777071]
at minimum 56.0151 accepted 0  with params [-3.40561631  0.77418064  1.45428661 39.90958485  0.26856439  1.03706665]
at minimum 69.7697 accepted 0  with params [-3.          0.99        1.21446616 39.76885977  0.67744732  1.04598339]
at minimum 64.4844 accepted 0  with params [-3.19044308  0.38249085  0.73231686 40.33010039  0.68906923  1.28301179]
at minimum 70.4162 accepted 0  with params [-3.00000032  0.33217687  0.67108661 40.01674488  0.82333956  1.53994902]
at minimum 67.0167 accepted 0  with params [-3.09472206  0.96151273  0.7684324  40.2377657   0.74268326  0.91645002]
at minimum 62.4894 accepted 0  with params [-3.00000024  0.90739812  1.53113427 40.45006444  0.18675406  1.76014924]
at minimum 69.7906 accepted 0  with params [-3.00000048  0.9899997   1.00281508 40.26073867  0.33360054  1.78138599]
at minimum 61.8521 accepted 0  with params [-3.00000019  0.90041133  1.33566408 40.66154224  0.30369259  1.13797585]
at minimum 66.5113 accepted 0  with params [-3.28455892  0.3644933   0.68186377 40.28880329  0.24652891  1.68904293]
at minimum 65.2621 accepted 0  with params [-3.10898148  0.94187343  1.05857746 40.60856065  0.84900266  1.39759171]
at minimum 83.3490 accepted 0  with params [-3.64463544  0.22565497  1.46470285 39.7761285   0.21101576  1.00729942]
at minimum 72.2747 accepted 0  with params [-3.00000008  0.31299417  1.03319181 40.01331525  1.05392552  1.24687622]
at minimum 79.8995 accepted 0  with params [-3.30928695  0.23604226  1.31120303 40.29784742  0.80428833  1.55222668]
at minimum 69.7865 accepted 0  with params [-3.62122073  0.99        1.09755662 40.13342935  1.04288209  1.76593594]
at minimum 53.6183 accepted 1  with params [-3.          0.68510709  1.30021157 40.19587689  0.2959973   1.62432913]
at minimum 56.1879 accepted 0  with params [-3.22495862e+00  7.76813387e-01  1.55772074e+00  3.98637731e+01
  8.81752698e-12  1.20727936e+00]
at minimum 69.8116 accepted 0  with params [-3.27306314  0.99        1.56973096 40.41546752  0.10059921  1.56349701]
at minimum 85.8310 accepted 0  with params [-3.09307777  0.19064612  1.54185278 40.39227238  0.33456338  1.16382169]
at minimum 55.9986 accepted 0  with params [-3.48886955  0.53854127  0.87423723 40.13829339  0.78237342  1.18524375]
at minimum 69.7596 accepted 0  with params [-3.          0.99        0.98736455 40.26950053  0.22959666  1.52083297]
at minimum 52.6610 accepted 1  with params [-3.          0.65961263  1.57026523 40.53770146  0.51368141  1.37268164]
at minimum 59.4630 accepted 0  with params [-3.44890793  0.45651435  1.41484262 40.30780773  0.27355344  1.23059954]
at minimum 54.4936 accepted 0  with params [-3.18012645  0.51244743  1.49586401 40.99235872  0.32731366  0.93015813]
at minimum 60.0350 accepted 0  with params [-3.00000080e+00  4.19941132e-01  1.95224621e+00  4.08290140e+01
  2.72285064e-02  1.24514290e+00]
at minimum 52.0134 accepted 1  with params [-3.09133194  0.61079073  1.67754646 40.92636409  1.01040986  1.81306337]
at minimum 62.4903 accepted 0  with params [-3.42731272  0.90854987  1.82287357 41.03495569  1.005271    1.71302539]
at minimum 67.5276 accepted 0  with params [-3.06560073  0.96446672  1.54142732 41.0434372   0.9102752   1.99999646]
at minimum 51.3386 accepted 1  with params [-3.          0.65552446  2.05937388 41.2132957   0.98032799  2.        ]
at minimum 85.8703 accepted 0  with params [-3.02417624  0.17630787  2.03095243 41.04005776  1.43257426  1.7952587 ]
at minimum 62.4072 accepted 0  with params [-3.00000002  0.90549686  1.59030532 41.62113416  1.08570593  1.8273203 ]
at minimum 52.2572 accepted 0  with params [-3.          0.5837203   2.0130242  41.02318583  1.10807335  2.        ]
at minimum 70.6819 accepted 0  with params [-3.00000012  0.98999997  1.66872426 41.45897937  1.36663831  1.99999992]
at minimum 68.2107 accepted 0  with params [-3.39574225  0.97053835  2.32517053 41.07329382  0.94554027  1.87394305]
at minimum 70.2985 accepted 0  with params [-3.          0.99        1.59269733 41.06844503  1.44955655  1.99999999]
at minimum 56.5595 accepted 0  with params [-3.          0.44272523  2.21605145 41.56241801  1.1993435   2.        ]
at minimum 70.0976 accepted 0  with params [-3.00000186  0.98999884  2.55152898 40.8361757   1.07256791  1.67254224]
at minimum 56.2060 accepted 0  with params [-3.00000025  0.82026286  1.87883389 41.58412581  1.32328882  1.99999983]
at minimum 59.0284 accepted 0  with params [-3.          0.86210704  2.26339192 40.98566023  0.74298687  1.93475394]
at minimum 69.3413 accepted 0  with params [-3.          0.31077788  2.39589396 40.92648356  1.01471151  1.95167228]
at minimum 56.3708 accepted 0  with params [-3.17553148  0.45650345  2.340514   41.42881351  0.7136863   1.9999998 ]
at minimum 75.8523 accepted 0  with params [-3.10906661  0.24155281  1.85437492 41.37080763  0.99990485  1.80511786]
at minimum 67.0352 accepted 0  with params [-3.02741714  0.32274887  1.85224868 41.26097791  1.24846457  1.99999953]
at minimum 56.1175 accepted 0  with params [-3.09423514  0.45292523  1.72950168 41.60410726  0.57060449  1.71905829]
at minimum 60.5019 accepted 0  with params [-3.          0.39892625  2.08041316 41.19331396  0.71296733  1.96173806]
at minimum 68.0231 accepted 0  with params [-3.19312274  0.30587139  1.97740879 41.41325528  1.081544    2.        ]
at minimum 58.5621 accepted 0  with params [-3.          0.41949173  1.95826799 41.40606194  1.37922628  1.66218549]
at minimum 70.7332 accepted 0  with params [-3.00000119  0.98999932  1.98664562 41.4785485   1.06062436  1.99999929]
at minimum 55.7755 accepted 0  with params [-3.          0.4635004   1.74686584 41.40214079  0.83281883  1.65685768]
at minimum 52.2963 accepted 0  with params [-3.29167455  0.70474912  2.04234822 40.95968754  0.63731467  2.        ]
at minimum 51.9473 accepted 1  with params [-3.          0.69004294  1.73987615 41.03538417  0.91391154  1.63706505]
at minimum 52.3675 accepted 1  with params [-3.02867177  0.67475992  1.42361402 40.71453436  0.75598546  1.48774212]
at minimum 59.9750 accepted 0  with params [-3.          0.41721237  1.64774749 40.97452633  0.93545205  1.7834868 ]
at minimum 62.8760 accepted 0  with params [-3.00000085  0.3865295   1.29273997 40.73630206  0.73955351  1.29251539]
at minimum 72.9691 accepted 0  with params [-3.00000026  0.2938142   1.7115669  40.32565431  1.05709004  1.09054353]
at minimum 68.7378 accepted 0  with params [-3.33759266  0.31894836  1.21388016 40.77302765  0.58149979  1.38243014]
at minimum 61.1244 accepted 0  with params [-3.38764439  0.8907466   1.37297252 40.65956227  0.72687186  1.03975784]
at minimum 53.2124 accepted 0  with params [-3.          0.65100426  1.79709881 40.32129517  1.14415959  1.33659833]
at minimum 70.0014 accepted 0  with params [-3.15351393  0.99        1.23324172 40.84094972  0.40391845  1.68817737]
at minimum 54.0961 accepted 0  with params [-3.14454969  0.56142004  1.59250722 40.49729432  0.69951344  1.22626054]
at minimum 54.7603 accepted 0  with params [-3.21763504  0.5557294   1.25127986 40.32710906  0.9536564   1.44267152]
at minimum 59.3849 accepted 0  with params [-3.46578738  0.8648929   1.33351441 40.62984697  1.0353747   1.75612005]
at minimum 52.6517 accepted 1  with params [-3.38515735  0.73083421  0.98001333 41.13456998  0.87820858  1.23040927]
at minimum 53.4364 accepted 1  with params [-3.67093604  0.53733496  1.20010635 41.02094206  0.64084449  1.28912463]
at minimum 55.7487 accepted 0  with params [-3.25589067  0.48631067  1.30433598 40.93431983  0.78513596  0.91303543]
at minimum 57.3171 accepted 0  with params [-3.47028232  0.83598095  1.08839904 41.04600435  0.562546    1.51322421]
at minimum 67.3795 accepted 0  with params [-3.46276387  0.32685764  1.50349653 41.12240464  0.9930972   1.12372759]
at minimum 64.1071 accepted 0  with params [-3.65954364  0.9271851   1.12868626 41.15965842  0.9949409   1.28833514]
at minimum 51.2562 accepted 1  with params [-3.52581527  0.63565286  1.46990941 41.24069645  0.70533676  1.68057982]
at minimum 54.7118 accepted 0  with params [-3.67337436  0.46884115  1.41500448 41.67195735  0.2924792   1.41555997]
at minimum 51.3474 accepted 1  with params [-3.18579149  0.58600396  1.27739085 41.46106222  0.46670628  1.60754117]
at minimum 66.7919 accepted 0  with params [-3.40954935  0.95547363  0.8773536  41.21886354  0.14264855  1.77506186]
at minimum 67.7925 accepted 0  with params [-3.          0.96178822  0.93816458 41.58016065  0.8068179   2.        ]
at minimum 50.9518 accepted 1  with params [-3.36335795  0.69195847  1.07146372 41.86908236  0.47277009  1.51588749]
at minimum 60.9589 accepted 0  with params [-3.08701124  0.36476914  1.13039086 42.27570481  0.87586077  1.60447343]
at minimum 52.4631 accepted 0  with params [-3.44553747  0.73785244  1.01533446 41.50974064  0.63780352  1.50938884]
at minimum 67.6236 accepted 0  with params [-3.28902102  0.29966816  1.13846931 42.08676205  0.37375062  1.48706916]
at minimum 50.1455 accepted 1  with params [-3.5066458   0.6203342   0.96543086 42.03657274  0.64520773  1.30331781]
at minimum 66.3883 accepted 0  with params [-3.3175384   0.94123689  1.40591732 42.09350358  0.24096089  1.57398973]
at minimum 53.7119 accepted 0  with params [-3.15539417  0.77253591  1.22207418 41.6586174   0.63395435  1.33714251]
at minimum 52.4876 accepted 0  with params [-3.36803663  0.51520739  0.61193458 41.81050292  0.3951683   1.34915231]
at minimum 66.7697 accepted 0  with params [-3.94413796  0.30316792  1.0291634  42.27879169  1.0283351   1.53605088]
at minimum 70.9280 accepted 0  with params [-3.27752592  0.27802798  1.38984028 41.73321608  0.64903851  0.9574163 ]
at minimum 53.6457 accepted 0  with params [-3.38333356  0.77232713  0.796128   42.39548972  1.07348047  1.09189225]
at minimum 84.3476 accepted 0  with params [-3.8200204   0.17412662  0.72270656 41.60854965  0.88832427  1.26981247]
at minimum 54.6396 accepted 0  with params [-3.48643768  0.45914532  1.36579987 42.08496451  0.80169395  1.57625816]
at minimum 50.6374 accepted 1  with params [-3.79617066  0.56627214  0.59522934 42.13086144  1.09381075  1.49218751]
at minimum 66.8555 accepted 0  with params [-4.17058681  0.94281484  0.25323404 42.1676723   0.97326392  1.19717951]
