at minimum 172.7445 accepted 1  with params [-4.5         0.4         3.         32.72914637]
at minimum 226.1773 accepted 0  with params [-4.0847743   0.72220991  3.         28.54296629]
at minimum 187.5222 accepted 0  with params [-4.64315492  0.6240648   2.87592452 32.00098008]
at minimum 197.4364 accepted 0  with params [-4.02032661 -0.9         2.92206387 29.85786631]
at minimum 212.7305 accepted 0  with params [-4.03038077  0.4599609   2.82345765 29.38555698]
at minimum 197.3791 accepted 0  with params [-4.01888382 -0.9         3.         29.85956058]
at minimum 194.3418 accepted 0  with params [-4.84577296  0.13684377  2.72017577 37.08616844]
at minimum nan accepted 1  with params [-4.73004865 -0.08929073  3.         33.16677794]
at minimum 271.5085 accepted 1  with params [-4.7549714  -0.39310424  2.79655719 31.78906494]
at minimum 619.3483 accepted 0  with params [-5.15302661 -0.77986247  2.81023611 10.        ]
at minimum 308.7516 accepted 0  with params [-4.64356179 -0.80621898  2.96700349 27.10091853]
at minimum 166.5466 accepted 1  with params [-4.41722185 -0.3491719   2.38476127 32.20423975]
at minimum 165.2113 accepted 1  with params [-4.5207348  -0.23203381  2.03580954 32.00441438]
at minimum 213.5029 accepted 0  with params [-4.93054233  0.10181198  1.94502816 32.57255294]
at minimum 169.8647 accepted 1  with params [-4.75428919  0.33828948  2.0963629  33.15582644]
at minimum 177.9110 accepted 0  with params [-4.70487094  0.52514636  2.57988696 33.15430693]
at minimum 176.0949 accepted 0  with params [-4.63907588  0.49101667  2.12669347 33.351629  ]
at minimum 167.5287 accepted 1  with params [-4.40495494  0.172838    2.30171785 33.43433732]
at minimum 190.1659 accepted 0  with params [-4.79514615  0.66783174  2.22003119 32.6325003 ]
at minimum 169.9540 accepted 0  with params [-4.7164696   0.32785449  2.77011704 33.69434089]
at minimum 189.1680 accepted 0  with params [-4.03357988 -0.5090305   2.56758012 30.59289338]
at minimum 194.5711 accepted 0  with params [-4.81144161e+00 -2.31015910e-02  1.82881987e+00  3.35475681e+01]
at minimum 161.0496 accepted 1  with params [-4.57424684  0.09803548  2.42488511 33.06436032]
at minimum 219.0502 accepted 0  with params [-4.77344447 -0.23912368  1.9284441  32.72705481]
at minimum 190.5592 accepted 0  with params [-4.09840279  0.04506129  2.35905733 30.71378251]
at minimum 198.9696 accepted 0  with params [-4.17387425  0.3780969   2.28240045 30.26010352]
at minimum 180.9133 accepted 0  with params [-4.85464614  0.38324246  2.52904809 32.95982616]
at minimum 186.0668 accepted 0  with params [-4.45532078  0.52113234  2.64536222 31.45371486]
at minimum nan accepted 1  with params [-4.90935291  0.53359804  2.19902949 33.02666543]
at minimum 172.1480 accepted 1  with params [-4.77102728  0.1285782   1.9547429  36.1205633 ]
at minimum 160.1054 accepted 1  with params [-4.59517441  0.07909993  2.1762416  34.51517164]
at minimum 155.0911 accepted 1  with params [-4.82893141  0.46580007  0.05       36.4951218 ]
at minimum 155.0570 accepted 1  with params [-4.95192966  0.22903221  0.5082141  36.42785605]
at minimum 141.9959 accepted 1  with params [-4.31331423 -0.9         0.23834703 34.09680301]
at minimum 174.9512 accepted 0  with params [-4.09015842 -0.9         0.05       31.66285743]
at minimum nan accepted 1  with params [-4.42489708 -0.9         0.05       33.63888699]
at minimum 126.9065 accepted 1  with params [-4.68765852 -0.9         0.13308788 41.78059861]
at minimum 123.9250 accepted 1  with params [-4.75739062 -0.73959282  0.05       42.72319982]
at minimum nan accepted 1  with params [-5.01723052 -0.65268441  0.05       43.07490972]
at minimum 258.0224 accepted 1  with params [-5.03932391 -0.48175564  0.4182805  47.72018895]
at minimum 102.5704 accepted 1  with params [-4.73514031 -0.50807803  0.05       43.8803826 ]
at minimum 243.2479 accepted 0  with params [-4.97599059 -0.76219576  0.05000001 43.91592591]
at minimum 102.6715 accepted 1  with params [-4.74240076 -0.21773867  0.14893419 43.81512611]
at minimum 137.4493 accepted 0  with params [-4.35371308 -0.9         0.27267886 34.59175239]
at minimum 99.9321 accepted 1  with params [-4.74732788 -0.31250015  0.05       42.42545652]
at minimum 136.1767 accepted 0  with params [-4.33268574 -0.9         0.05       34.71050539]
at minimum 115.9542 accepted 0  with params [-4.48883178 -0.9         0.05       37.41702302]
at minimum nan accepted 1  with params [-5.12963128 -0.38937762  0.54243118 42.59453013]
at minimum 219.9665 accepted 1  with params [-5.19277639  0.99        0.05       29.04895923]
at minimum nan accepted 1  with params [-5.22520121  0.64460743  0.2916587  29.26777126]
at minimum nan accepted 1  with params [-4.95094073  0.73466734  0.58253322 29.18729213]
at minimum 221.2105 accepted 1  with params [-6.          0.99        0.82792163 29.01865705]
at minimum nan accepted 1  with params [-5.79163977  0.99        0.52659918 29.31789437]
at minimum 219.5297 accepted 1  with params [-6.          0.90716972  3.         31.48784716]
at minimum 210.2382 accepted 1  with params [-6.          0.49021504  2.61337781 54.0099639 ]
at minimum nan accepted 1  with params [-6.          0.22365749  2.69957215 54.27105584]
at minimum 216.0469 accepted 1  with params [-5.80739452  0.35966214  2.37235086 61.98144501]
at minimum 208.4613 accepted 1  with params [-5.50399073  0.73985987  2.40104174 35.90907552]
at minimum 221.4196 accepted 0  with params [-5.59975104  0.99        2.63545923 28.82875267]
at minimum 211.7146 accepted 0  with params [-5.62197437  0.78157359  2.04695328 34.96376046]
at minimum 208.6698 accepted 1  with params [-5.47115176  0.46315392  2.25829702 45.81788603]
at minimum 204.1027 accepted 1  with params [-5.4946403   0.60665787  2.02976358 40.47289645]
at minimum 202.0498 accepted 1  with params [-5.36565581  0.60741785  2.41934184 39.10468752]
at minimum nan accepted 1  with params [-5.39665666  0.45428138  2.2646007  39.41917809]
at minimum nan accepted 1  with params [-5.15865276  0.4309913   2.18152604 39.58468295]
at minimum nan accepted 1  with params [-5.00328743  0.55169818  2.26526994 39.84044614]
at minimum 213.0897 accepted 1  with params [-4.90638791  0.87887681  2.478403   29.92106585]
at minimum 226.7654 accepted 0  with params [-4.91203881  0.99        2.74788352 28.15684599]
at minimum 225.7468 accepted 0  with params [-4.9927425   0.99        2.0734623  28.23792357]
at minimum 181.7094 accepted 1  with params [-4.72596871  0.57303911  2.5584034  33.0377506 ]
at minimum 161.3645 accepted 1  with params [-4.58946071  0.07322317  2.21931297 32.72976855]
at minimum nan accepted 1  with params [-4.81891185  0.03805395  2.29417847 32.4998171 ]
at minimum 300.5863 accepted 1  with params [-4.91094849 -0.24673488  2.41265501 33.32598094]
at minimum 223.1990 accepted 1  with params [-5.18992579  0.99        2.24971252 28.46883814]
at minimum nan accepted 1  with params [-5.51265748  0.55451754  1.84655118 28.18719439]
at minimum nan accepted 1  with params [-5.11091728  0.7968446   2.05330665 28.40950172]
at minimum 186.9645 accepted 1  with params [-4.93222021  0.3868305   3.         37.51352462]
at minimum 187.8174 accepted 1  with params [-5.01144162  0.48456074  2.55635387 37.11843393]
at minimum 167.4494 accepted 1  with params [-4.65941156  0.13629857  2.70166345 36.95042246]
at minimum 216.1656 accepted 0  with params [-4.94188637  0.13998083  2.78253216 38.27531146]
at minimum 181.4715 accepted 0  with params [-4.79518757  0.56180996  2.73049507 33.83720866]
at minimum 265.1556 accepted 0  with params [-4.84815438 -0.22269796  2.51905301 33.99811611]
at minimum 182.7651 accepted 0  with params [-4.9252731   0.4676231   2.6559746  36.28690311]
at minimum 224.3744 accepted 0  with params [-5.06869358  0.99        2.57830449 28.34297591]
at minimum 363.3409 accepted 0  with params [-5.07671069 -0.15739023  2.66718883 34.31989904]
at minimum 351.0254 accepted 0  with params [-4.97438802 -0.27869306  2.4937025  31.83638409]
at minimum 186.6394 accepted 0  with params [-4.86418976  0.25885263  2.90121106 37.26103181]
at minimum 184.9150 accepted 0  with params [-4.56135497  0.57477847  3.         31.92710115]
at minimum 219.5441 accepted 0  with params [-4.98272404  0.99        0.05       29.01609579]
at minimum 208.8159 accepted 0  with params [-4.71146423 -0.23219033  2.4559162  34.20948843]
at minimum 204.1783 accepted 0  with params [-4.69675525 -0.20184485  2.57067192 36.88662223]
at minimum 227.9483 accepted 0  with params [-4.84760878  0.99        2.90447203 28.08089835]
at minimum nan accepted 1  with params [-4.50634376 -0.22335016  2.29322525 36.51114027]
at minimum 175.4855 accepted 1  with params [-4.6948057   0.03848979  2.66210105 36.28336092]
at minimum nan accepted 1  with params [-4.66560907 -0.24220257  2.42019306 35.97751822]
at minimum 170.7393 accepted 1  with params [-4.22591498 -0.18311357  3.         32.00002318]
at minimum nan accepted 1  with params [-4.47737869 -0.27098009  2.68368819 31.75125001]
at minimum 163.7293 accepted 1  with params [-4.51940276  0.05784392  2.93760499 31.34142097]
at minimum 164.8022 accepted 1  with params [-4.49858348  0.18340364  2.84531404 31.09432898]
at minimum 172.0918 accepted 0  with params [-4.78055776  0.36037743  2.5239334  35.48146757]
at minimum 191.9000 accepted 0  with params [-4.05199175  0.04587731  3.         31.0864103 ]
