at minimum 94.9090 accepted 1  with params [-4.5        0.4        3.        34.8142236]
at minimum 128.6650 accepted 0  with params [-4.01443622  0.45394315  2.79422618 31.60222231]
at minimum 94.7823 accepted 1  with params [-4.3377502   0.05252446  2.87736124 34.43617807]
at minimum nan accepted 1  with params [-4.45100214 -0.10813886  2.6570659  34.22145745]
at minimum nan accepted 1  with params [-4.67507325 -0.24030322  2.92755543 33.94517079]
at minimum 106.0923 accepted 1  with params [-4.99669161  0.62616189  2.58974943 37.15903083]
at minimum 101.6600 accepted 1  with params [-4.89588669  0.53791121  3.         37.72890594]
at minimum 111.2312 accepted 0  with params [-5.12052609  0.62050626  3.         37.32026132]
at minimum 109.8122 accepted 0  with params [-5.05424181  0.49414572  3.         40.57540202]
at minimum 122.3349 accepted 0  with params [-5.11847446  0.83578727  3.         34.06667681]
at minimum 122.8442 accepted 0  with params [-4.95039233  0.28664338  3.         40.87580126]
at minimum nan accepted 1  with params [-5.07529014  0.42558287  3.         38.1569214 ]
at minimum 157.9305 accepted 1  with params [-4.77769542 -0.06890526  3.         38.00212691]
at minimum 96.6889 accepted 1  with params [-4.8123707   0.45109803  2.59718221 37.4255194 ]
at minimum nan accepted 1  with params [-4.74250886  0.74359651  3.         37.16160182]
at minimum 98.2098 accepted 1  with params [-4.81236782  0.44931607  3.         36.86203063]
at minimum 141.9749 accepted 0  with params [-4.34402297  0.87356482  2.85180367 30.67855619]
at minimum 118.5332 accepted 0  with params [-5.03156758  0.37894958  3.         41.73397637]
at minimum 261.4852 accepted 0  with params [-5.08061852 -0.05014866  2.53574689 37.33402681]
at minimum 91.3744 accepted 1  with params [-4.45142026  0.21881106  3.         35.11201221]
at minimum 224.5136 accepted 0  with params [-4.8212992  -0.26060171  2.75423434 34.62487143]
at minimum 91.9215 accepted 1  with params [-4.41225043  0.11794591  2.98420958 34.98035894]
at minimum 124.0783 accepted 0  with params [-4.24574846  0.60861469  2.63686373 31.94472299]
at minimum 124.0819 accepted 0  with params [-3.99864037  0.33487319  3.         31.91166471]
at minimum 118.4417 accepted 0  with params [-3.97918296 -0.22190282  2.79735581 34.42313748]
at minimum 99.6308 accepted 0  with params [-4.27246286 -0.08852576  2.62186979 34.91066898]
at minimum 91.6803 accepted 1  with params [-4.66069445  0.35991486  2.55757279 36.33869884]
at minimum 96.2244 accepted 0  with params [-4.77596921  0.38397729  2.64046448 36.25131231]
at minimum 95.7680 accepted 0  with params [-4.87363679  0.36358459  1.45622595 36.84748822]
at minimum nan accepted 1  with params [-4.61565471  0.85708202  2.0700159  35.98948676]
at minimum 135.2510 accepted 1  with params [-6.          0.99        1.59481458 31.31908398]
at minimum 135.2584 accepted 1  with params [-5.87659436  0.99        1.70489533 31.27365818]
at minimum 126.0635 accepted 1  with params [-5.67649282  0.8031241   1.73163921 37.10939867]
at minimum nan accepted 1  with params [-5.74538861  0.99        2.01723244 37.00706023]
at minimum 138.4352 accepted 1  with params [-5.09242133  0.99        1.88328684 30.63739872]
at minimum 135.5316 accepted 1  with params [-5.55786417  0.99        2.24828717 31.09603948]
at minimum 129.1060 accepted 1  with params [-5.64250847  0.86539092  2.44995575 34.90384956]
at minimum nan accepted 1  with params [-5.64624788  0.46162706  2.21343139 35.05066692]
at minimum 116.3488 accepted 1  with params [-5.31575737  0.71158434  2.30566426 38.27389144]
at minimum 150.4567 accepted 0  with params [-5.24491228  0.29518324  2.4008361  47.16925572]
at minimum 133.4323 accepted 0  with params [-5.18951585  0.9526514   2.71867969 31.5933086 ]
at minimum 104.5679 accepted 1  with params [-5.01173035  0.50435671  2.3453529  39.32730205]
at minimum 115.7129 accepted 0  with params [-5.25772249  0.71431891  2.58584005 37.82902733]
at minimum 138.1357 accepted 0  with params [-5.11268814  0.99        2.16514025 30.6626429 ]
at minimum 94.8603 accepted 1  with params [-4.67960213  0.20572325  2.18976778 39.21328491]
at minimum 101.2320 accepted 0  with params [-4.38309904 -0.23095796  2.40760104 34.40404847]
at minimum 111.4470 accepted 0  with params [-4.20643322 -0.44367601  1.95902485 33.04549443]
at minimum 103.0435 accepted 0  with params [-4.87100421  0.6218075   2.19935965 35.91773806]
at minimum 103.6905 accepted 0  with params [-4.30882579  0.32614591  2.54083796 33.49286461]
at minimum 140.4398 accepted 0  with params [-4.94346853  0.15246318  2.40654659 39.17652247]
at minimum 89.8214 accepted 1  with params [-4.59222669  0.13663454  1.77446393 37.07991957]
at minimum 90.6416 accepted 1  with params [-4.81886006  0.57745451  0.05       36.89186334]
at minimum 104.7371 accepted 0  with params [-5.13335131  0.68454465  0.22699647 37.36171317]
at minimum 69.1726 accepted 1  with params [-5.22074460e+00  2.69788595e-01  5.00000000e-02  5.47114370e+01]
at minimum 112.6623 accepted 0  with params [-5.59319492  0.62541776  0.25240065 44.62949563]
at minimum 82.6965 accepted 0  with params [-5.03819597  0.48016193  0.06010849 41.94467399]
at minimum 79.0487 accepted 0  with params [-5.29433116  0.33002074  0.29009311 54.49240622]
at minimum 62.9259 accepted 1  with params [-5.10226862  0.11032308  0.22473627 53.50629124]
at minimum nan accepted 1  with params [-5.10196774e+00 -2.66415016e-02  5.00000000e-02  5.34485168e+01]
at minimum 107.7303 accepted 1  with params [-5.15038314e+00 -2.34973421e-01  5.00000000e-02  7.00135925e+01]
at minimum 61.1983 accepted 1  with params [-4.96779662  0.20573966  0.11701301 46.51915093]
at minimum 91.9530 accepted 0  with params [-5.14946600e+00  4.22619131e-02  1.78545811e-01  4.65582609e+01]
at minimum 93.9473 accepted 0  with params [-4.70876014  0.38317186  3.         36.9674311 ]
at minimum 58.4890 accepted 1  with params [-4.78190896e+00 -1.55120934e-02  1.96317235e-01  4.61258142e+01]
at minimum 77.7536 accepted 0  with params [-4.73355757 -0.41014333  0.29540342 45.85563913]
at minimum 97.4602 accepted 0  with params [-4.74767001 -0.14638618  0.59199358 45.88716886]
at minimum 79.4072 accepted 0  with params [-4.61503543  0.22323162  0.59955788 36.71970747]
at minimum 94.2633 accepted 0  with params [-5.20600547  0.41758617  0.59169707 45.52456863]
at minimum 59.5047 accepted 0  with params [-4.76159573e+00  3.56678188e-02  1.64129974e-01  3.94461744e+01]
at minimum 94.4220 accepted 0  with params [-4.39616765  0.2614212   3.         34.53007393]
at minimum 87.9352 accepted 0  with params [-4.6608072  -0.24244128  0.47065327 45.40419406]
at minimum nan accepted 1  with params [-5.02633745 -0.30372973  0.33383596 46.562228  ]
at minimum nan accepted 1  with params [-5.08524321 -0.49395929  0.21728843 46.32832197]
at minimum nan accepted 1  with params [-5.53212935 -0.21722545  0.44444255 45.90131707]
at minimum 617.4490 accepted 1  with params [-5.56946083 -0.37554544  0.066566   13.56075325]
at minimum 133.5413 accepted 1  with params [-5.22117486  0.99        0.05       31.38633381]
at minimum 131.0971 accepted 1  with params [-5.38819204  0.94571458  0.05       32.46995697]
at minimum 134.4662 accepted 0  with params [-5.63713318  0.99        0.05       31.43507361]
at minimum 133.5009 accepted 0  with params [-4.94737845  0.99        0.05000027 32.47377824]
at minimum 132.4207 accepted 0  with params [-4.2408821   0.99        0.05000003 30.85605764]
at minimum nan accepted 1  with params [-4.9523008   0.65997469  0.05       32.61440532]
at minimum 76.9551 accepted 1  with params [-5.26238173e+00  3.53768318e-01  5.00000000e-02  5.23027278e+01]
at minimum 82.4255 accepted 0  with params [-4.86906141  0.17553247  0.0689067  52.66482161]
at minimum 130.7432 accepted 0  with params [-5.37653442  0.28247427  0.90606727 54.08650577]
at minimum 102.6804 accepted 0  with params [-5.67513840e+00  4.52634369e-01  5.00000000e-02  5.73781104e+01]
at minimum 100.6422 accepted 0  with params [-5.32654081  0.2196915   0.45538028 52.74931846]
at minimum nan accepted 1  with params [-5.31091607  0.38744431  1.02291637 54.23245732]
at minimum 128.3487 accepted 1  with params [-6.          0.76155821  1.25841977 39.7851372 ]
at minimum 129.1567 accepted 0  with params [-5.91009392  0.81623589  0.91752659 37.21697771]
at minimum 135.1710 accepted 0  with params [-5.87917317  0.99        0.86723368 31.29830585]
at minimum 134.7255 accepted 0  with params [-6.          0.97053842  1.67694674 31.90309537]
at minimum 133.5346 accepted 0  with params [-5.86506023  0.94261585  1.4533167  32.68387235]
at minimum 132.2719 accepted 0  with params [-6.          0.88656438  0.81308992 34.69060795]
at minimum 126.5025 accepted 1  with params [-6.          0.69897685  1.61000287 42.9483166 ]
at minimum 135.2630 accepted 0  with params [-6.          0.99        2.04065115 31.32038432]
at minimum 134.7073 accepted 0  with params [-6.          0.97107219  1.17891871 31.89040125]
at minimum 131.8033 accepted 0  with params [-6.          0.86879826  1.62661317 35.33330748]
at minimum 121.0777 accepted 1  with params [-5.77651882  0.57634278  0.8944245  44.50154398]
at minimum 127.8429 accepted 0  with params [-5.90125035  0.78289682  0.63872676 38.61358424]
at minimum 122.8233 accepted 0  with params [-5.90675403  0.41840011  3.         64.53003259]
at minimum 117.3201 accepted 1  with params [-5.64845     0.61447084  1.14827181 44.94090956]
