at minimum 47.5955 accepted 1  with params [-4.5  0.4  0.5 40.   1.   1. ]
at minimum 67.6359 accepted 0  with params [-4.67826063e+00 -2.39088035e-02  8.53115112e-02  4.00458159e+01
  9.08773278e-01  1.00523425e+00]
at minimum 45.3915 accepted 1  with params [-4.15609194  0.10789262  0.09056402 39.60357766  1.46954893  1.34383996]
at minimum 95.7091 accepted 0  with params [-3.89786125 -0.3257697   0.05000021 40.07749007  1.09238649  1.44389035]
at minimum 65.4618 accepted 0  with params [-4.11714136  0.50085945  0.05       39.70288595  1.62772251  0.8781693 ]
at minimum 78.1959 accepted 0  with params [-3.83811455  0.60033434  0.05       39.40060641  1.1713453   1.0202881 ]
at minimum 77.9128 accepted 0  with params [-4.60393462 -0.16565914  0.57600229 40.00473405  0.97771319  1.61919073]
at minimum 87.5712 accepted 0  with params [-3.74178574 -0.18203829  0.21886539 39.78199568  1.45113007  1.19782409]
at minimum 88.2496 accepted 0  with params [-3.69064987e+00 -2.70715927e-02  1.18359732e-01  4.00312653e+01
  1.79407714e+00  1.76752725e+00]
at minimum 56.0892 accepted 0  with params [-4.20863769 -0.1457208   0.31940288 39.3658282   1.53658692  1.03119293]
at minimum 98.5527 accepted 0  with params [-4.51788695 -0.26303959  0.36819438 39.85683195  1.6538707   1.13870479]
at minimum 112.8011 accepted 0  with params [-3.69783879 -0.37783106  0.13675826 40.00644456  1.40935254  1.3801477 ]
at minimum 62.6007 accepted 0  with params [-4.364473    0.58286151  0.05000001 39.22115653  1.54151788  0.85654227]
at minimum 55.0939 accepted 0  with params [-4.15791436  0.1587688   0.4046933  39.46745295  1.35304407  1.18439537]
at minimum 55.4311 accepted 0  with params [-3.96487569  0.0552411   0.05       39.77204465  1.0698091   1.50125558]
at minimum 344.6856 accepted 0  with params [-4.57065377 -0.34437356  0.05000032 39.92649554  1.01569397  1.72897378]
at minimum 88.5491 accepted 0  with params [-3.8652897   0.51151521  0.05       39.56044707  1.36331548  1.81222952]
at minimum 101.1800 accepted 0  with params [-3.94198732 -0.32713569  0.05       39.32816863  1.67073788  1.10242166]
at minimum 44.3320 accepted 1  with params [-4.37666297e+00 -6.02555257e-03  2.86406485e-01  3.97636823e+01
  1.23789608e+00  1.03028743e+00]
at minimum 53.0991 accepted 0  with params [-4.26235168 -0.0534753   0.44554016 39.79300943  0.98349058  0.63401978]
at minimum 127.0844 accepted 0  with params [-4.79100949 -0.17023172  0.12836547 39.30314634  0.98621443  1.40036584]
at minimum 138.9528 accepted 0  with params [-4.73730277 -0.29631591  0.35723683 39.87193259  1.23275905  1.14826457]
at minimum 92.3231 accepted 0  with params [-4.50125109 -0.12999191  0.07654425 40.06585272  1.37887303  0.75312044]
at minimum 70.3997 accepted 0  with params [-4.10742266 -0.38252651  0.73463451 39.84371101  0.80649186  1.25630695]
at minimum 40.1513 accepted 1  with params [-4.43934428  0.27392434  0.16673656 39.34123897  1.45108003  0.69876863]
at minimum 76.1749 accepted 0  with params [-4.93647223  0.15042131  0.28479291 38.89267034  1.03434328  0.82214802]
at minimum nan accepted 1  with params [-4.63207042  0.62502737  0.33004884 39.12960617  1.65532054  1.17462556]
at minimum 53.8033 accepted 1  with params [-4.68792701  0.46796379  0.24635733 38.7315748   1.80712337  1.04720842]
at minimum 33.2983 accepted 1  with params [-4.87765468  0.31501816  0.29309956 38.78003331  1.36855814  1.53612177]
at minimum nan accepted 1  with params [-4.89071581  0.24143157  0.48275885 38.53053425  1.81023743  1.42314263]
at minimum 53.3262 accepted 1  with params [-4.84073309  0.11915416  0.92319538 38.28435217  1.88615336  1.70639075]
at minimum 42.5490 accepted 1  with params [-4.81129257  0.18573964  1.14236976 38.38988535  2.          1.32754944]
at minimum 72.5689 accepted 0  with params [-5.03671903  0.16625455  1.54138741 38.88036319  1.75576052  1.57646513]
at minimum 215.1838 accepted 0  with params [-4.85793987 -0.25749389  1.42476772 38.12605688  1.71449899  1.19957819]
at minimum 93.9894 accepted 0  with params [-4.55768494 -0.20142568  0.73142196 38.83772668  2.          1.62587515]
at minimum 68.0518 accepted 0  with params [-4.76325436  0.4461362   1.10070179 38.71781899  1.98202243  0.88140877]
at minimum 144.5133 accepted 0  with params [-5.00236720e+00 -1.72202532e-03  1.28342757e+00  3.79065500e+01
  1.70416303e+00  1.26123550e+00]
at minimum nan accepted 1  with params [-4.81181539 -0.14899418  0.7701416  38.28719872  1.76755873  1.809275  ]
at minimum 407.1230 accepted 1  with params [-5.07918737 -0.26768456  0.58628857 38.68243412  2.          2.        ]
at minimum 1616.0290 accepted 0  with params [-5.43556931 -0.56503939  0.55618908 38.45397679  1.90700806  1.95682207]
at minimum 37.3039 accepted 1  with params [-4.61121286  0.18542152  0.89237922 39.10766918  1.73381709  1.86643762]
at minimum 43.3048 accepted 0  with params [-4.92003789  0.38054848  1.20174985 39.40644665  1.5715177   2.        ]
at minimum 331.3279 accepted 0  with params [-4.94812875 -0.24795575  1.2827667  39.1730507   2.          2.        ]
at minimum 40.4068 accepted 0  with params [-4.36875075e+00  2.57484688e-02  5.64842374e-01  3.87004439e+01
  1.23678630e+00  1.79932969e+00]
at minimum nan accepted 1  with params [-4.83393109  0.35469069  0.92550519 39.58447814  1.82724647  1.60223239]
at minimum 47.0532 accepted 1  with params [-4.49205527  0.28113364  0.68173953 39.71660863  1.53093742  1.44804522]
at minimum 112.0407 accepted 0  with params [-4.91637272  0.60251416  1.06016735 39.74313303  1.71997935  1.69579495]
at minimum 67.4206 accepted 0  with params [-4.83163075  0.50916893  0.38450394 39.74921614  1.54946547  1.91437368]
at minimum 87.7456 accepted 0  with params [-4.84518417  0.52749862  0.73129215 39.49723868  1.82589178  1.63437279]
at minimum 69.0299 accepted 0  with params [-4.7726832   0.04464612  0.97451212 39.4900967   1.20531586  1.22083495]
at minimum 43.6890 accepted 1  with params [-4.46585053  0.13633     0.71470529 39.62019049  1.74047696  1.44718269]
at minimum 92.3490 accepted 0  with params [-4.45523335  0.46311212  1.0188208  39.58670555  2.          1.22826134]
at minimum 113.7817 accepted 0  with params [-4.7333887  -0.14883474  0.91605641 40.04370945  1.49276995  1.40345058]
at minimum 64.9546 accepted 0  with params [-4.25709507 -0.28080939  1.09510955 39.96776579  1.66540814  1.2119778 ]
at minimum nan accepted 1  with params [-4.2765349   0.57986982  0.45560866 39.34594421  1.6751651   1.07932802]
at minimum 469.5410 accepted 1  with params [-4.33041488  0.98999967  0.5789834  39.76482461  1.98734122  1.47543157]
at minimum 257.5851 accepted 1  with params [-3.93869593  0.99        0.46750371 39.66140697  1.85677361  1.9062976 ]
at minimum 218.5088 accepted 1  with params [-3.56255439  0.78902387  0.34491588 39.6939759   1.99999969  1.66559837]
at minimum nan accepted 1  with params [-3.94113523  0.37629196  0.24175274 40.04723726  1.60417597  1.64378822]
at minimum 76.3955 accepted 1  with params [-3.86123879  0.16780312  0.24460483 40.15231229  1.99999934  1.96528849]
at minimum 62.7799 accepted 1  with params [-4.03712037 -0.12685148  0.68602619 40.08471376  2.          2.        ]
at minimum 103.2751 accepted 0  with params [-3.61264552  0.08868334  1.09143936 39.97467384  1.91900601  1.66436319]
at minimum 82.8006 accepted 0  with params [-3.72051485e+00  3.00392454e-02  6.86169985e-01  3.96683623e+01
  1.87673214e+00  1.95159254e+00]
at minimum 84.5033 accepted 0  with params [-3.7705092  -0.24467619  0.46199784 39.68058142  1.67440569  2.        ]
at minimum 149.2395 accepted 0  with params [-4.01602936 -0.54995747  0.49670239 40.19306227  1.73705701  1.93777314]
at minimum 172.9471 accepted 0  with params [-3.87839022 -0.54234223  0.2677136  39.8308613   1.9999998   1.85279486]
at minimum 177.9321 accepted 0  with params [-4.47788375 -0.36320595  0.39553022 39.88256465  1.84043228  1.9999997 ]
at minimum 63.4494 accepted 0  with params [-4.28735442  0.21951621  0.83367289 40.24011875  2.          2.        ]
at minimum nan accepted 1  with params [-4.06038232 -0.51847884  0.83298594 39.74755057  2.          2.        ]
at minimum 165.5806 accepted 1  with params [-4.27903465 -0.47974006  0.65144905 39.89929245  1.9999984   1.6135112 ]
at minimum 357.0201 accepted 0  with params [-4.50229225 -0.61600903  0.99512433 39.48005092  2.          1.91086823]
at minimum 79.3677 accepted 1  with params [-4.71351125 -0.04619444  0.44706412 40.2256227   1.99999997  1.59805261]
at minimum 44.8496 accepted 1  with params [-4.74056035  0.16858784  0.7828679  40.04553541  2.          1.28655519]
at minimum nan accepted 1  with params [-4.90967105  0.53845983  0.34831485 39.62781648  1.92060575  1.53726136]
at minimum 35.4408 accepted 1  with params [-5.28165229  0.37857051  0.13979556 39.65713594  2.          1.58071796]
at minimum 110.5819 accepted 0  with params [-5.10302711  0.12711038  0.05000006 39.65095036  1.92273833  1.6880692 ]
at minimum 271.0095 accepted 0  with params [-5.19571852  0.81183656  0.24961318 39.43773022  1.78553734  1.84065692]
at minimum 118.0063 accepted 0  with params [-5.4262535   0.18906133  0.05       39.34933447  1.71360194  1.7164253 ]
at minimum 50.8005 accepted 0  with params [-5.59614256  0.49426327  0.05000019 39.51947033  1.61051193  1.72880522]
at minimum 34.5884 accepted 1  with params [-4.90605857  0.32400011  0.34311211 39.97539245  1.79882113  1.70902309]
at minimum 82.3898 accepted 0  with params [-4.85735343  0.46738696  0.67877349 40.20025224  2.          1.46892528]
at minimum 193.0567 accepted 0  with params [-5.10771088  0.62490684  0.66291392 40.05528066  2.          1.85363029]
at minimum 118.8011 accepted 0  with params [-4.81662844 -0.08494646  0.65483963 40.22048292  2.          1.83505284]
at minimum nan accepted 1  with params [-4.49716705  0.67008282  0.74937684 40.10152395  2.          2.        ]
at minimum 65.1203 accepted 1  with params [-4.20953567  0.24514034  0.68819208 39.73119671  1.75872207  1.96283724]
at minimum 140.2280 accepted 0  with params [-4.61078942  0.58619204  0.85747044 39.81113944  1.96584306  2.        ]
at minimum 114.8881 accepted 0  with params [-4.04774186  0.5913098   0.26925035 40.16554761  1.66626362  2.        ]
at minimum 81.5267 accepted 0  with params [-4.53686061  0.47163225  0.53982875 39.95148242  1.70177844  2.        ]
at minimum 69.4128 accepted 0  with params [-3.871269   -0.05807155  0.89879664 39.47269617  1.31136335  1.65330895]
at minimum 62.3386 accepted 1  with params [-4.07100539  0.13034619  0.64389847 39.48889248  1.67222144  1.87355496]
at minimum 85.0660 accepted 0  with params [-4.3254945   0.55030257  0.51798843 39.26313569  1.43986197  1.69406217]
at minimum 46.8530 accepted 1  with params [-4.29485581  0.1732921   0.35390643 39.60070061  1.87868179  2.        ]
at minimum 83.5917 accepted 0  with params [-3.94504718  0.26812165  0.64937237 39.7103311   2.          1.8974946 ]
at minimum 126.9833 accepted 0  with params [-4.21119999 -0.20171561  0.05000019 39.60129452  2.          1.62157589]
at minimum nan accepted 1  with params [-4.01227776  0.50651951  0.62288898 39.22890258  2.          2.        ]
at minimum nan accepted 1  with params [-3.97444566  0.59252695  0.29972358 39.27919951  1.71079342  1.96661892]
at minimum 189.1625 accepted 1  with params [-3.67349194  0.82551739  0.57948921 38.8974892   1.67111709  1.71752069]
at minimum 211.2310 accepted 0  with params [-3.59426431  0.79459065  0.3930386  39.18358919  2.          1.63733591]
at minimum nan accepted 1  with params [-3.98079435  0.99        0.5676168  38.80013895  1.49944139  1.90233614]
at minimum 236.9385 accepted 1  with params [-4.34522116  0.99        0.71896166 38.84975771  1.63291949  2.        ]
at minimum 179.2413 accepted 1  with params [-4.16951776  0.99        0.46407581 38.50700756  1.48189369  1.74490663]
