at minimum 7.1538 accepted 1  with params [-4.5         0.4         3.         34.34052606]
at minimum 6.2992 accepted 1  with params [-4.58905748  0.09136216  3.         33.90561689]
at minimum 6.3541 accepted 0  with params [-4.65745456  0.19282119  2.93583559 33.72196096]
at minimum 6.3143 accepted 1  with params [-4.43585585 -0.06653988  2.70558074 34.29966539]
at minimum 6.2650 accepted 1  with params [-4.54165884  0.17383012  3.         35.42353678]
at minimum 6.2522 accepted 1  with params [-4.60743067  0.20516405  3.         34.75412132]
at minimum 8.2946 accepted 0  with params [-4.71957099 -0.14305972  3.         34.36680812]
at minimum 8.0582 accepted 0  with params [-4.85345963  0.07018267  2.79700861 35.15898811]
at minimum 6.1767 accepted 1  with params [-4.53340723  0.06830634  2.74560039 34.9109946 ]
at minimum 7.1003 accepted 1  with params [-4.94932107  0.33912012  2.95094047 37.47946906]
at minimum 7.3636 accepted 1  with params [-4.93122145  0.64510798  2.94160126 36.09478122]
at minimum 7.4321 accepted 1  with params [-5.18081478  0.5269251   2.50585867 39.91882914]
at minimum 8.5984 accepted 0  with params [-5.5619099   0.36329254  2.78574487 55.55994052]
at minimum 13.4641 accepted 0  with params [-5.68065691  0.17775583  2.38028913 39.86745934]
at minimum 10.7658 accepted 0  with params [-5.58161823  0.33165162  2.01090634 39.78301122]
at minimum 6.8366 accepted 1  with params [-4.75671314  0.24549111  2.62200978 40.07486167]
at minimum 7.2683 accepted 1  with params [-5.0668131   0.47513579  3.         38.993061  ]
at minimum 8.7745 accepted 0  with params [-5.348577    0.33405328  3.         49.25441263]
at minimum 9.9977 accepted 0  with params [-5.42037073  0.24095536  2.81676521 55.68832094]
at minimum 7.5356 accepted 1  with params [-5.13397597  0.44112622  2.87773489 38.90016649]
at minimum 7.6172 accepted 1  with params [-5.30383763  0.61319678  2.54367716 40.49574724]
at minimum 7.0209 accepted 1  with params [-4.84658402  0.29240668  2.55728314 40.62815232]
at minimum 8.4754 accepted 0  with params [-4.85388907  0.72489505  2.83040759 40.55619144]
at minimum 7.6799 accepted 1  with params [-4.71341832e+00  1.06198536e-02  2.59166170e+00  4.03659918e+01]
at minimum 6.2651 accepted 1  with params [-4.58642188  0.21343894  2.90964075 34.62709923]
at minimum 6.2058 accepted 1  with params [-4.50719629e+00  2.78140616e-02  2.76084537e+00  3.47213210e+01]
at minimum 6.8116 accepted 0  with params [-4.85553339  0.29669894  3.         36.64637483]
at minimum 6.6088 accepted 0  with params [-4.61049029e+00 -2.64288018e-02  2.68182803e+00  3.51570403e+01]
at minimum 7.5683 accepted 0  with params [-4.17141436  0.10167378  3.         33.70230084]
at minimum 6.8715 accepted 1  with params [-4.58465725 -0.12454345  2.81607453 35.14407218]
at minimum 8.5114 accepted 0  with params [-4.79153836 -0.0742334   2.83826101 34.90377203]
at minimum 9.2787 accepted 0  with params [-4.93590688  0.99        2.88946702 31.29441762]
at minimum 6.4761 accepted 1  with params [-4.68226837  0.14362462  2.93045233 34.90588811]
at minimum 7.0064 accepted 1  with params [-4.87418527  0.24808023  2.7251315  35.06167963]
at minimum 8.7061 accepted 0  with params [-5.00946088  0.17922145  2.57052717 35.28505602]
at minimum 8.5172 accepted 0  with params [-5.32641955  0.58187182  2.95692885 34.61565667]
at minimum 7.2670 accepted 1  with params [-4.9685652   0.61777749  2.87577619 36.11008698]
at minimum 7.0450 accepted 1  with params [-4.79720903  0.55012078  3.         35.43355095]
at minimum 6.3882 accepted 1  with params [-4.7146167   0.26500178  2.80485824 35.76462003]
at minimum 6.7320 accepted 1  with params [-4.51202173  0.30853584  3.         34.38406947]
at minimum 8.2584 accepted 1  with params [-4.81103113  0.79360073  3.         33.33429057]
at minimum 9.1293 accepted 0  with params [-5.24183685  0.99        3.         31.34331662]
at minimum 7.2985 accepted 1  with params [-4.87574172  0.62660677  3.         35.75106828]
at minimum 7.6502 accepted 0  with params [-4.65133691  0.62054179  3.         34.1743624 ]
at minimum 6.4621 accepted 1  with params [-4.66544415  0.33839038  2.94546178 35.35419341]
at minimum 8.5102 accepted 1  with params [-4.1060783   0.82058608  0.05       32.85000001]
at minimum 8.2227 accepted 1  with params [-4.14985955  0.50133858  0.05       33.28385885]
at minimum 8.5823 accepted 1  with params [-4.03047174  0.63927217  0.34494944 32.85      ]
at minimum 8.7187 accepted 1  with params [-4.47337036  0.85599195  0.45802592 33.3269728 ]
at minimum 8.7007 accepted 1  with params [-4.76014325  0.99        0.05       32.86074285]
at minimum 8.8795 accepted 1  with params [-4.55929865  0.99        0.34982001 32.8444831 ]
at minimum 8.6517 accepted 1  with params [-4.03587897  0.99        0.05000018 32.85198081]
at minimum 7.5657 accepted 1  with params [-4.17433522 -0.9         3.         31.55187696]
at minimum 7.9506 accepted 0  with params [-3.99993671 -0.9         2.77257663 32.85000391]
at minimum 7.7515 accepted 1  with params [-4.08797909 -0.9         2.89350547 32.85002741]
at minimum 8.5202 accepted 1  with params [-3.65230729 -0.87417918  2.48740629 31.55000005]
at minimum 8.4499 accepted 1  with params [-4.11865383 -0.44547716  0.88324041 26.47909885]
at minimum 9.4567 accepted 0  with params [-4.62851371 -0.84417072  1.07508826 31.82553494]
at minimum 7.8655 accepted 1  with params [-4.52514479 -0.15656266  0.90915296 26.54480218]
at minimum 8.5226 accepted 0  with params [-4.36507093  0.24540452  1.18601427 26.69189292]
at minimum 8.2404 accepted 1  with params [-4.72811621 -0.04592099  1.15244229 26.68928922]
at minimum 7.3427 accepted 1  with params [-4.59215225 -0.48841858  0.94917144 33.67302879]
at minimum 6.4112 accepted 1  with params [-4.58494553e+00 -2.28343739e-02  6.34897102e-01  3.39114243e+01]
at minimum 6.3067 accepted 1  with params [-4.51882964 -0.08925777  1.05562941 34.2013318 ]
at minimum 6.6639 accepted 0  with params [-4.91175146  0.13418692  0.61838261 38.51843157]
at minimum 7.9187 accepted 0  with params [-4.59599059  0.38652647  0.05       34.16547232]
at minimum 8.6724 accepted 1  with params [-4.0647061   0.45491371  0.71205776 34.66590478]
at minimum 9.2614 accepted 0  with params [-3.55313606  0.74756365  0.23949247 34.34384029]
at minimum 7.9810 accepted 1  with params [-4.87662402  0.57579086  0.23339281 34.97771167]
at minimum 8.3192 accepted 1  with params [-4.44131464  0.64572336  0.32510273 34.69987803]
at minimum 6.7236 accepted 1  with params [-4.69694502  0.27963998  0.64466113 36.03848128]
at minimum 6.7257 accepted 1  with params [-4.31703481 -0.33708043  3.         33.17449291]
at minimum 6.8263 accepted 0  with params [-4.31160466e+00 -8.05492627e-03  3.00000000e+00  3.26600500e+01]
at minimum 6.4194 accepted 1  with params [-4.51432582 -0.08349002  3.         33.31018424]
at minimum 9.2149 accepted 0  with params [-5.05775096  0.99        2.65733731 31.28940074]
at minimum 7.0363 accepted 1  with params [-4.20039004 -0.20166705  2.99077611 33.83184508]
at minimum 6.3364 accepted 1  with params [-4.55329752  0.22779196  3.         34.98439387]
at minimum 6.3189 accepted 1  with params [-4.61083861  0.25610363  2.99999999 35.11743966]
at minimum 7.7895 accepted 1  with params [-4.4223446   0.48831468  2.92939439 33.91238831]
at minimum 6.5121 accepted 1  with params [-4.58705066  0.31937688  3.         35.11399095]
at minimum 8.6107 accepted 0  with params [-6.          0.76742041  3.         40.95936683]
at minimum 8.3663 accepted 0  with params [-5.10225262  0.27574605  3.         41.68806891]
at minimum 7.2587 accepted 0  with params [-4.65887089  0.53663425  2.7676207  34.62052988]
at minimum 7.3002 accepted 1  with params [-4.98082424  0.29586551  2.51718314 37.73446926]
at minimum 6.3964 accepted 1  with params [-4.70678947  0.2946726   1.99597065 36.26695631]
at minimum 7.9425 accepted 0  with params [-5.16617811  0.76832829  2.22259793 36.44856286]
at minimum 9.2864 accepted 0  with params [-4.17702209  0.81831819  2.14716626 31.54996258]
at minimum 6.7608 accepted 1  with params [-4.67791795  0.41988411  2.37987422 35.76488199]
at minimum 6.9511 accepted 1  with params [-4.98471196  0.46429041  1.83764859 37.21389149]
at minimum 8.0124 accepted 0  with params [-4.42978794 -0.9         1.8095706  32.64246099]
at minimum 7.4795 accepted 1  with params [-5.25207468  0.59050062  1.31274254 38.28250738]
at minimum 9.0687 accepted 1  with params [-5.5098568   0.99        1.80942595 31.46713133]
at minimum 9.0465 accepted 1  with params [-5.92733113  0.99        1.6430923  32.97317592]
at minimum 9.0432 accepted 1  with params [-6.          0.99        1.14780078 33.00541338]
at minimum 9.0379 accepted 1  with params [-6.          0.99        0.83572677 33.0183723 ]
at minimum 9.0244 accepted 1  with params [-6.          0.99        0.4528303  33.05920212]
at minimum 9.0393 accepted 1  with params [-6.          0.99        0.89954614 33.0147071 ]
at minimum 9.0558 accepted 1  with params [-5.46999086  0.99        1.10784809 32.59066711]
at minimum 7.4293 accepted 1  with params [-5.20545232  0.60091234  1.55805169 38.4455785 ]
at minimum 9.0528 accepted 0  with params [-5.70016109  0.99        2.04209871 32.87148938]
at minimum 8.4934 accepted 1  with params [-5.07821411  0.15606009  1.44093704 37.99557368]
