at minimum 38.1041 accepted 1  with params [-4.5         0.4         0.5        42.14308654]
at minimum 44.7172 accepted 0  with params [-4.60784018  0.61837743  0.42940629 42.09370514]
at minimum 62.6837 accepted 0  with params [-4.49708631  0.79318205  0.93939275 36.09189521]
at minimum 46.6984 accepted 0  with params [-4.86060899  0.3676619   0.9256757  42.22495468]
at minimum 46.7967 accepted 0  with params [-4.68360579  0.63140417  0.40054222 41.85067601]
at minimum 37.1710 accepted 1  with params [-4.29858095  0.37503302  0.35491427 41.88790291]
at minimum 40.8201 accepted 0  with params [-4.22817464  0.05593996  0.49007562 42.62972351]
at minimum 38.0626 accepted 0  with params [-4.11801308e+00  3.34214632e-02  3.85613014e-01  4.06247723e+01]
at minimum 36.6714 accepted 1  with params [-4.37469619  0.32078537  0.51214615 40.81227878]
at minimum 52.0387 accepted 0  with params [-4.08022955 -0.30098979  0.80940114 37.23692903]
at minimum nan accepted 1  with params [-4.84374461  0.42787105  0.07060089 40.48732619]
at minimum 60.9357 accepted 1  with params [-5.21283624  0.86433904  1.45996049 37.28957197]
at minimum 75.9748 accepted 0  with params [-5.21565788  0.99        1.71195373 34.6906033 ]
at minimum nan accepted 1  with params [-5.53435755  0.94128518  1.18096701 37.23197591]
at minimum 71.2926 accepted 1  with params [-5.93622616  0.99        0.81723242 35.59655475]
at minimum 53.7270 accepted 1  with params [-5.71299785  0.51783247  0.93484525 58.50866541]
at minimum 59.1491 accepted 0  with params [-5.82022227  0.59971573  0.64512474 55.61516899]
at minimum 69.4742 accepted 0  with params [-6.          0.82196599  0.45472994 43.38179796]
at minimum 57.2049 accepted 0  with params [-5.96533141  0.54794331  0.86429334 60.11555261]
at minimum 71.1388 accepted 0  with params [-6.          0.98417695  1.26898212 35.71510381]
at minimum nan accepted 1  with params [-5.62706128  0.46029973  0.77608713 58.87890405]
at minimum 61.5467 accepted 1  with params [-5.4368993   0.40641771  0.85243523 59.69627482]
at minimum 54.1753 accepted 1  with params [-5.42308625  0.44090383  0.70586536 60.21030233]
at minimum 47.4897 accepted 1  with params [-5.0164845   0.43369248  0.35374646 59.0197533 ]
at minimum 51.9332 accepted 0  with params [-4.56619713  0.2028605   0.33046848 52.18599053]
at minimum 59.4459 accepted 0  with params [-5.1446381   0.34177422  0.57207124 59.79508488]
at minimum 62.2085 accepted 0  with params [-5.01139459  0.28585043  0.50717708 58.85991175]
at minimum 50.0822 accepted 0  with params [-5.12196163  0.40036487  0.4643761  59.0265323 ]
at minimum 53.7680 accepted 0  with params [-5.29721763  0.42203249  0.62966816 59.13826251]
at minimum 50.1044 accepted 0  with params [-4.87837931  0.30430105  0.20135547 75.16571305]
at minimum 54.6034 accepted 0  with params [-5.27910916  0.54440356  0.34358786 57.25776277]
at minimum 70.2000 accepted 0  with params [-5.26028442  0.70514343  0.05       49.64648559]
at minimum 50.4160 accepted 1  with params [-5.20494111  0.52724552  0.42129974 55.55592543]
at minimum 71.2304 accepted 0  with params [-6.          0.98432816  2.18433249 35.65208328]
at minimum 47.8635 accepted 1  with params [-4.75515481  0.3220925   0.33920531 55.95051635]
at minimum 305.8825 accepted 0  with params [-5.11373272 -0.1146937   0.57797866 56.02621462]
at minimum 47.5427 accepted 1  with params [-4.60597912  0.30077502  0.26558155 55.4736043 ]
at minimum 54.3993 accepted 0  with params [-4.22967703  0.78817851  0.2333461  38.23212248]
at minimum 64.8157 accepted 0  with params [-5.00564703  0.78174253  0.19260875 43.30325664]
at minimum 83.3412 accepted 0  with params [-5.08044365  0.99        3.         34.25796473]
at minimum 45.7077 accepted 1  with params [-4.73408947  0.38631682  0.29228165 55.34402649]
at minimum nan accepted 1  with params [-5.16238406e+00  5.57970694e-01  5.00000000e-02  5.57525244e+01]
at minimum 57.4150 accepted 1  with params [-5.20573033  0.82741726  1.35600739 38.16670828]
at minimum 52.6233 accepted 1  with params [-5.0584234   0.76436717  1.33582816 38.45922178]
at minimum 67.1229 accepted 0  with params [-4.74589449  0.80922956  1.8229107  35.72910166]
at minimum 84.1600 accepted 0  with params [-4.63046273  0.95550156  1.62762138 34.4031034 ]
at minimum 67.5865 accepted 0  with params [-4.72423892  0.86143086  1.27671328 35.7105501 ]
at minimum 75.8640 accepted 0  with params [-5.149464   0.99       1.4893143 34.7030055]
at minimum 63.8366 accepted 0  with params [-5.13599935  0.36404862  0.9220149  49.59151113]
at minimum nan accepted 1  with params [-5.11854669  0.71224579  1.06783785 38.0748329 ]
at minimum 76.2273 accepted 1  with params [-4.91594985  0.99        1.07660953 34.69330792]
