at minimum 4.8193 accepted 1  with params [-4.5         0.4         3.         26.52241482]
at minimum 5.2103 accepted 0  with params [-4.61712281  0.59855143  3.         25.75358042]
at minimum 5.4768 accepted 1  with params [-4.23417246  0.17989161  2.75676728 24.91980051]
at minimum 5.6686 accepted 1  with params [-4.08209773e+00  5.01263988e-04  3.00000000e+00  2.46108458e+01]
at minimum 6.4980 accepted 1  with params [-3.6767042  -0.23101039  3.         22.48999996]
at minimum 5.0996 accepted 1  with params [-4.12873656 -0.67525257  2.9379251  24.91271443]
at minimum 3.8538 accepted 1  with params [-4.47914791 -0.49535793  3.         27.35484152]
at minimum 11.4233 accepted 0  with params [-4.9472461  -0.9         2.7750751  11.70193118]
at minimum 5.3505 accepted 1  with params [-4.08444798 -0.83880305  2.70652038 23.32080348]
at minimum 6.2025 accepted 1  with params [-3.71652984 -0.9         2.5239994  22.48999993]
at minimum 6.9907 accepted 1  with params [-3.35343472 -0.46969762  2.96459271 23.02488396]
at minimum 100000000000000000000.0000 accepted 0  with params [-3.         -0.75041602  3.         23.2209877 ]
at minimum 6.8458 accepted 1  with params [-3.4995345  -0.0876651   2.85646963 23.35039175]
at minimum 929488318.0334 accepted 0  with params [-3.20648804 -0.47922682  3.         10.        ]
at minimum 6.1768 accepted 1  with params [-3.71762354 -0.9         3.         22.48999989]
at minimum 5.3028 accepted 1  with params [-4.09417068 -0.9         2.9797899  23.51380383]
at minimum 5.7890 accepted 0  with params [-3.88956774 -0.45884221  3.         23.16296873]
at minimum 3.1129 accepted 1  with params [-4.5201361  -0.15294761  3.         27.74909243]
at minimum 4.9433 accepted 0  with params [-4.23099464 -0.06971827  3.         27.33535622]
at minimum 4.7141 accepted 0  with params [-4.27510552 -0.9         3.         24.98752184]
at minimum 3.3377 accepted 1  with params [-4.4746425  -0.19899494  2.92351345 27.4343001 ]
at minimum 2.7873 accepted 1  with params [-4.68999528  0.04937814  3.         27.62206741]
at minimum 3.3538 accepted 1  with params [-4.51728717 -0.26882093  2.81322611 27.83504742]
at minimum 3.9114 accepted 1  with params [-4.53130323 -0.49709972  2.97039238 28.36069142]
at minimum 3.0573 accepted 1  with params [-4.62683227 -0.15475581  2.56062846 29.26551951]
at minimum 12.0046 accepted 0  with params [-5.09498218 -0.61631825  3.         10.96481046]
at minimum 5.8447 accepted 0  with params [-4.66245386 -0.61171614  2.98923313 29.84182738]
at minimum 2.8174 accepted 1  with params [-4.86844675  0.29362169  2.12104199 30.65798867]
at minimum 3.4851 accepted 1  with params [-5.05425588  0.17560763  1.73229646 33.9539961 ]
at minimum 3.1412 accepted 1  with params [-4.59835017  0.0706001   2.04538829 28.24057974]
at minimum 5.2052 accepted 0  with params [-4.15023591 -0.29973903  2.138414   24.91103046]
at minimum 5.1422 accepted 0  with params [-4.15870917 -0.42854841  2.02052769 24.91124899]
at minimum 3.0170 accepted 1  with params [-4.67167801  0.14690907  1.77067209 28.0985095 ]
at minimum 5.3475 accepted 0  with params [-5.08342134  0.05298114  1.49556973 27.95666355]
at minimum 2.6355 accepted 1  with params [-4.70353432  0.05248398  1.99934394 28.55886661]
at minimum 3.3743 accepted 0  with params [-4.87987642  0.0916068   2.32392037 28.29650718]
at minimum 3.6534 accepted 0  with params [-5.03120117  0.46263398  1.10993038 28.85880031]
at minimum 3.5144 accepted 1  with params [-4.47748337 -0.09103303  2.42785421 26.67468231]
at minimum 2.9410 accepted 1  with params [-4.60052741 -0.07317064  2.87981417 27.15350627]
at minimum 4.0591 accepted 0  with params [-4.37235203 -0.54372154  2.89444633 26.09569265]
at minimum 3.0923 accepted 1  with params [-4.7740806   0.06561693  3.         27.52014722]
at minimum 3.8900 accepted 1  with params [-4.98149523  0.53756763  2.16949187 30.27738677]
at minimum 3.3593 accepted 1  with params [-5.07931005  0.36014116  1.88646725 30.72923426]
at minimum 2.6082 accepted 1  with params [-4.84756525  0.18379427  1.92193034 30.57989833]
at minimum 2.6939 accepted 1  with params [-4.88757204  0.20423204  1.74191052 30.23130532]
at minimum 5.1830 accepted 0  with params [-4.70160179  0.59774249  1.4953313  26.05029623]
at minimum 4.0553 accepted 1  with params [-4.46430191 -0.14868004  1.55156384 30.32010836]
at minimum 4.0111 accepted 1  with params [-4.88696403 -0.14228143  1.34131054 33.30265795]
at minimum 2.8062 accepted 1  with params [-5.01446303  0.19012334  1.14072013 34.26803065]
at minimum 3.5876 accepted 0  with params [-5.2348352   0.28055709  0.50092875 34.24139734]
at minimum 4.4089 accepted 0  with params [-5.50133024  0.29864177  1.30906525 45.38337311]
at minimum 5.5445 accepted 0  with params [-4.85298647  0.73857599  1.6290172  25.74333556]
at minimum 4.8704 accepted 0  with params [-4.88942616  0.62366245  0.82023046 27.37205992]
at minimum 5.1877 accepted 0  with params [-4.77414165  0.68224748  3.         25.94046503]
at minimum 4.6106 accepted 0  with params [-5.53100849  0.54672245  1.36163333 34.75026216]
at minimum 2.7819 accepted 1  with params [-4.77297374 -0.04367072  0.74567067 34.24192785]
at minimum 3.4023 accepted 1  with params [-4.6965835  -0.46494401  0.74203357 29.87655028]
at minimum 6.8227 accepted 0  with params [-5.10075599  0.99        1.09831094 21.10318564]
at minimum 5.1397 accepted 0  with params [-4.23438482 -0.9         0.64775639 24.91394414]
at minimum 3.4064 accepted 1  with params [-4.57178469 -0.46965513  0.65653838 28.67721585]
at minimum 2.6940 accepted 1  with params [-4.71140169 -0.07459932  0.96429142 28.13801882]
at minimum 2.8223 accepted 1  with params [-4.85359805  0.26353041  1.20229176 30.63438943]
at minimum 3.5693 accepted 0  with params [-5.01635153  0.43255553  0.71219475 31.01224876]
at minimum 2.5336 accepted 1  with params [-4.83290292  0.05061491  1.16496995 30.32675649]
at minimum 11.2627 accepted 0  with params [-5.23651391 -0.33275905  1.02434448 30.26022787]
at minimum 12.1433 accepted 0  with params [-5.3335981  -0.38041188  1.33632372 15.5337069 ]
at minimum 3.7225 accepted 1  with params [-5.26168452  0.41336049  1.32917759 35.05188818]
at minimum 4.2182 accepted 1  with params [-5.15100295  0.57035581  0.90215165 31.46263427]
at minimum 2.4984 accepted 1  with params [-4.87678755  0.13017231  1.14696122 31.58854564]
at minimum 4.5055 accepted 0  with params [-4.64457063  0.28563156  0.81501981 31.58240926]
at minimum 3.3982 accepted 0  with params [-4.75037622 -0.4008621   0.73154374 30.67157458]
at minimum 6.6102 accepted 0  with params [-5.05243317 -0.23851077  0.84087876 31.32710589]
at minimum 4.0407 accepted 0  with params [-5.12670687  0.55506549  1.33389552 31.44648152]
at minimum 3.0115 accepted 0  with params [-4.59709732 -0.10499537  1.4736907  27.76382247]
at minimum 9.7116 accepted 0  with params [-5.31117353 -0.21859545  0.68400068 31.28353924]
at minimum 4.6670 accepted 0  with params [-4.35045501 -0.9         2.99999997 25.54214844]
at minimum 5.9885 accepted 0  with params [-4.43638446  0.58766089  1.65003135 23.36667838]
at minimum 3.3448 accepted 0  with params [-4.9348429   0.43701857  3.         31.3545856 ]
at minimum 3.8676 accepted 1  with params [-5.25816741  0.45707867  1.20020735 31.81904945]
at minimum 3.1940 accepted 1  with params [-5.10824823  0.33081765  1.51287663 34.20419254]
at minimum 4.8517 accepted 0  with params [-5.40504441  0.2499856   2.05049744 43.89131296]
at minimum 2.8177 accepted 1  with params [-4.79719704  0.29010945  3.         30.36118412]
at minimum 3.7351 accepted 1  with params [-4.51714663  0.15021984  2.68577529 28.48760491]
at minimum 5.9802 accepted 0  with params [-4.29270466  0.49780416  2.95773587 23.39591922]
at minimum 4.0967 accepted 1  with params [-4.35806005 -0.34218626  2.56350632 25.64200058]
at minimum 2.6853 accepted 1  with params [-4.70787829  0.15129612  2.34356663 29.45125065]
at minimum 4.9320 accepted 1  with params [-5.08746096  0.70078615  2.56713998 29.35968012]
at minimum 6.1731 accepted 1  with params [-4.77083881  0.83575208  3.         23.0187775 ]
at minimum 2.8110 accepted 1  with params [-4.80668782  0.14288749  3.         30.39272899]
at minimum 5.7017 accepted 0  with params [-6.          0.60695289  3.         35.96305282]
at minimum 4.0264 accepted 0  with params [-5.06707746  0.56168747  3.         31.6797446 ]
at minimum 4.8139 accepted 0  with params [-5.23073809  0.31877429  2.80282854 30.8953863 ]
at minimum 5.3251 accepted 1  with params [-4.41604621  0.40874451  2.74535853 25.39018294]
at minimum 2.8601 accepted 1  with params [-4.91758188  0.27779569  2.46084806 31.61423448]
at minimum 5.3406 accepted 0  with params [-5.29273335  0.7527381   2.69855069 27.0588729 ]
at minimum 4.7115 accepted 0  with params [-4.41290772 -0.9         2.56796042 25.30638057]
at minimum 3.3784 accepted 1  with params [-4.5032057  -0.14104235  2.22023138 26.74228927]
at minimum 5.2602 accepted 0  with params [-4.13894695 -0.69966677  1.80240525 24.51054701]
at minimum 3.2570 accepted 1  with params [-4.51739152 -0.12243328  2.42749766 26.21663394]
at minimum 6.9309 accepted 0  with params [-5.059844   -0.04095887  2.31268633 25.66943871]
at minimum 3.9119 accepted 1  with params [-4.38312782 -0.11844937  2.94900144 26.35372509]
