at minimum 62.6175 accepted 1  with params [-4.5         0.4         3.         34.80636411]
at minimum 67.7065 accepted 0  with params [-4.26217248  0.83895083  2.7690474  32.0113783 ]
at minimum 59.7895 accepted 1  with params [-4.11620741  0.4393481   2.88859935 33.02778186]
at minimum 59.6304 accepted 1  with params [-4.08630132  0.32107574  3.         33.16524111]
at minimum 66.2658 accepted 0  with params [-3.99966667  0.63588518  2.67077113 32.18110276]
at minimum 62.6661 accepted 0  with params [-3.92218568  0.1692681   3.         33.4491389 ]
at minimum 64.4451 accepted 0  with params [-4.18273683  0.05677493  2.8301374  33.03621717]
at minimum 63.4763 accepted 0  with params [-4.14857705  0.66691814  3.         32.4939612 ]
at minimum nan accepted 1  with params [-3.83684431e+00  1.45391306e-02  2.63020634e+00  3.29912767e+01]
at minimum 65.0339 accepted 1  with params [-3.54305958 -0.26993464  2.64625474 33.22574122]
at minimum 5054076137461652037209816074723262464.0000 accepted 0  with params [-3.14085688 -0.5199824   2.18370324 10.        ]
at minimum 62.5213 accepted 1  with params [-3.91743799  0.17617948  3.         32.82954764]
at minimum 61.7661 accepted 1  with params [-4.01932481  0.15237977  2.52343251 33.02749556]
at minimum 64.4018 accepted 0  with params [-3.82079048  0.33595184  2.86112443 32.39658603]
at minimum 57.9266 accepted 1  with params [-4.29348577  0.4637486   2.17330938 33.47307862]
at minimum 60.0774 accepted 0  with params [-4.26512777  0.60904775  2.45814862 32.96916353]
at minimum 66.5189 accepted 0  with params [-4.5301246   0.90807525  2.43603564 32.06933863]
at minimum 59.9461 accepted 0  with params [-4.73838518  0.75918158  2.62967077 33.54804028]
at minimum 64.1094 accepted 0  with params [-4.07741633  0.60331285  2.23008818 32.41969041]
at minimum nan accepted 1  with params [-4.18841597  0.18838144  2.40711335 33.08118981]
at minimum 61.6629 accepted 1  with params [-4.07809876  0.1314848   2.16357641 33.18551894]
at minimum 64.7553 accepted 0  with params [-3.70085911e+00  1.16816574e-02  1.74632455e+00  3.24083574e+01]
at minimum 57.8582 accepted 1  with params [-4.35306047  0.52793109  2.01758571 33.49382875]
at minimum 62.1440 accepted 0  with params [-4.24065826  0.66356324  2.18296829 32.66288225]
at minimum 63.9793 accepted 0  with params [-4.06403412  0.57499222  1.80293389 32.43604393]
at minimum 76.4258 accepted 0  with params [-3.92445422  0.90122834  3.         31.22665038]
at minimum 60.1798 accepted 0  with params [-4.82877632  0.79317701  1.52828016 33.93785357]
at minimum 64.5768 accepted 0  with params [-6.          0.99        1.92879417 32.52672373]
at minimum nan accepted 1  with params [-4.55809215  0.0887734   2.34147425 33.32195427]
at minimum 211.2092 accepted 1  with params [-4.79769296 -0.17680407  1.99800046 33.6124684 ]
at minimum 67.4927 accepted 1  with params [-4.83286291  0.99        2.1013661  31.65344208]
at minimum nan accepted 1  with params [-5.18587852  0.61657514  2.15138161 31.87989842]
at minimum 127.6365 accepted 1  with params [-5.16622234  0.35509663  2.63212961 43.23207272]
at minimum 66.1817 accepted 1  with params [-5.54704146  0.69203518  2.59102361 41.82072537]
at minimum 65.6699 accepted 1  with params [-5.86635564  0.62335717  2.20554928 47.8355909 ]
at minimum 64.7476 accepted 1  with params [-5.44419426  0.99        2.34721699 32.21657962]
at minimum nan accepted 1  with params [-5.44300377  0.73819889  2.51736787 31.87866544]
at minimum nan accepted 1  with params [-4.96454153  0.97589317  2.10801671 32.26936232]
at minimum 63.7035 accepted 1  with params [-5.1584454   0.72924663  1.79989267 37.00337278]
at minimum 59.6779 accepted 1  with params [-4.82497476  0.71638593  1.56719628 34.71264188]
at minimum 68.2690 accepted 0  with params [-4.76056136  0.99        1.81243207 31.60541473]
at minimum 127.1880 accepted 0  with params [-4.98298008  0.26317     1.95548899 39.21560681]
at minimum 61.9656 accepted 0  with params [-5.13663637  0.83228113  1.97288779 34.84896732]
at minimum 68.3757 accepted 0  with params [-4.74983477  0.99        1.66185794 31.73130187]
at minimum 66.5887 accepted 0  with params [-4.93585765  0.99        1.43068289 31.77143552]
at minimum 64.3007 accepted 0  with params [-4.89789649  0.99        0.05       32.46546743]
at minimum 61.3134 accepted 1  with params [-4.3403493   0.86189861  0.05       32.84969397]
at minimum 67.1046 accepted 0  with params [-4.1048388   0.99        0.05       32.19392901]
at minimum 52.2170 accepted 1  with params [-4.73925025  0.50811663  0.05       36.91534941]
at minimum 56.0149 accepted 0  with params [-4.8239998   0.45459814  0.31213143 38.09975868]
at minimum 52.4176 accepted 1  with params [-4.75879087  0.53242914  0.05000019 36.71663536]
at minimum 66.5658 accepted 0  with params [-4.79718522  0.23245363  0.32400472 36.87414535]
at minimum 63.3993 accepted 0  with params [-4.76289069  0.58214372  1.29787961 38.04884054]
at minimum 52.5534 accepted 1  with params [-4.73531954  0.43720257  0.05000004 36.75927787]
at minimum 58.3918 accepted 0  with params [-4.31609948e+00 -5.50875875e-03  5.00000000e-02  3.63746239e+01]
at minimum 58.3499 accepted 0  with params [-4.32486643  0.34745133  2.04423857 33.90330495]
at minimum 51.9024 accepted 1  with params [-4.55395428  0.33756636  0.05468378 36.62777243]
at minimum nan accepted 1  with params [-4.52913067  0.30127028  0.06711898 36.84813576]
at minimum nan accepted 1  with params [-4.95298308  0.27837091  0.25094164 36.44573745]
at minimum 55.9101 accepted 1  with params [-4.71188648  0.26862186  0.05000032 36.87204325]
at minimum nan accepted 1  with params [-4.64199712  0.41272271  0.05       37.29838878]
at minimum 58.3583 accepted 1  with params [-4.58671669  0.82325297  0.05       33.54746839]
at minimum 64.4895 accepted 0  with params [-5.86352411  0.99        0.0511599  32.65123441]
at minimum 66.3882 accepted 0  with params [-4.74435473  0.99        0.35743661 33.42471234]
at minimum 57.2655 accepted 1  with params [-4.42182912  0.74660123  0.05       33.52167531]
at minimum 70.0212 accepted 0  with params [-4.03582887  0.99        0.41417587 33.3894604 ]
at minimum 64.5093 accepted 0  with params [-5.91104076  0.99        0.17243078 32.56814728]
at minimum 62.5487 accepted 0  with params [-4.85544053  0.51992879  0.13831957 33.10721203]
at minimum nan accepted 1  with params [-4.79129782  0.8738624   0.25098684 33.77760074]
at minimum 52.4314 accepted 1  with params [-4.72433979  0.5606377   0.05005385 36.31285696]
at minimum nan accepted 1  with params [-5.0751553   0.23408095  0.05       35.87846593]
at minimum 64.2974 accepted 1  with params [-5.17854645  0.99        0.05       32.53672269]
at minimum 64.1490 accepted 1  with params [-5.36731597  0.98102279  0.06190084 32.62495601]
at minimum 64.9120 accepted 1  with params [-5.09216669  0.99        0.4738229  32.19302067]
at minimum 61.0559 accepted 1  with params [-5.09386061  0.83180182  0.80010579 34.71746211]
at minimum nan accepted 1  with params [-4.70392471  0.48471263  1.07638789 35.07604154]
at minimum 54.8828 accepted 1  with params [-4.54578182  0.19158774  0.05000067 35.0910859 ]
at minimum 58.7533 accepted 0  with params [-4.19045781  0.47357567  3.         33.21899219]
at minimum 54.0055 accepted 1  with params [-4.43543531  0.25419385  0.25098296 35.38666814]
at minimum 54.1408 accepted 1  with params [-4.87074473  0.41513193  0.05       39.69541245]
at minimum 53.4659 accepted 1  with params [-4.53725651  0.62092077  0.05       34.60296091]
at minimum 54.3507 accepted 0  with params [-4.71832715  0.66838785  0.05000076 34.38510442]
at minimum 55.1126 accepted 0  with params [-4.92948922  0.69099827  0.05       36.65388998]
at minimum 69.2724 accepted 0  with params [-4.77897066  0.23069269  0.23692713 34.43473864]
at minimum 64.4984 accepted 0  with params [-5.87557744  0.99        0.13963068 32.58724549]
at minimum 56.1322 accepted 0  with params [-4.70157906  0.69133483  0.36737805 34.65460781]
at minimum 55.5575 accepted 0  with params [-4.66589418  0.58886442  0.46714369 35.06102953]
at minimum 53.9862 accepted 1  with params [-4.59450194  0.66123492  0.05000001 34.50429941]
at minimum nan accepted 1  with params [-4.74968854  0.21190611  0.05       34.48665077]
at minimum 61.0189 accepted 1  with params [-5.02661326  0.74135312  1.13032937 35.72146015]
at minimum nan accepted 1  with params [-4.91873894  0.34370401  1.38363566 35.37553248]
at minimum nan accepted 1  with params [-5.22196564  0.74202262  0.96477821 35.00640656]
at minimum nan accepted 1  with params [-4.9267662   0.43759794  0.8163479  34.90020111]
at minimum 64.7937 accepted 1  with params [-5.36633457  0.99        0.95945143 32.19284999]
at minimum 64.7691 accepted 1  with params [-5.38154354  0.99        0.93913357 32.20775886]
at minimum nan accepted 1  with params [-5.09475716  0.88909168  0.64361759 32.60996362]
at minimum 64.4228 accepted 1  with params [-6.          0.97237187  0.74697558 33.08669876]
at minimum 64.5599 accepted 1  with params [-5.91774951  0.99        0.86082205 32.51683973]
at minimum 64.1921 accepted 1  with params [-6.          0.93955732  1.26794103 34.10590464]
at minimum 63.9415 accepted 1  with params [-6.          0.67034734  3.         46.16975829]
at minimum 63.7644 accepted 1  with params [-6.          0.84038073  2.97962219 37.79677978]
