at minimum 41.0303 accepted 1  with params [-4.5  0.4  0.5 40.   1.   1. ]
at minimum 52.9957 accepted 0  with params [-4.92663767  0.05263645  0.05839094 39.78728116  0.64688451  0.5497849 ]
at minimum 47.4810 accepted 0  with params [-4.0664833   0.54701095  0.11024564 40.32463089  1.3761227   0.65844188]
at minimum 65.5983 accepted 0  with params [-4.71154217 -0.07360755  0.75248061 39.69657469  1.02927523  0.56510927]
at minimum 41.3350 accepted 1  with params [-4.74133871  0.4198087   0.45078194 39.90303168  1.07799635  0.52320488]
at minimum 54.0049 accepted 0  with params [-4.48891594e+00  3.61537782e-02  3.25550636e-01  3.94241761e+01
  6.21289954e-01  1.13896115e-01]
at minimum 43.3930 accepted 0  with params [-4.55458536  0.48551701  0.60369636 39.86266904  1.17044291  0.17568878]
at minimum 47.3523 accepted 0  with params [-4.35191541  0.12284428  0.71614781 39.42462824  0.65422161  0.92858075]
at minimum 61.8010 accepted 0  with params [-4.99914219  0.73142954  0.77683679 39.55529291  0.93715612  0.7797775 ]
at minimum 58.0107 accepted 0  with params [-4.86186746  0.69515404  0.74039089 39.58884552  0.91616034  0.12048144]
at minimum 63.2683 accepted 0  with params [-4.65411862 -0.0514691   0.05       39.79235805  0.74799894  0.24714657]
at minimum 41.8673 accepted 0  with params [-4.36682481  0.43047845  0.94433153 40.15535035  0.84032651  0.59562922]
at minimum 43.0592 accepted 0  with params [-4.35356867  0.48262406  0.37429323 39.67003151  0.86778812  0.17711557]
at minimum 49.8159 accepted 0  with params [-5.1088807   0.08995766  0.53853713 39.69087312  1.20376451  0.6190775 ]
at minimum 54.4996 accepted 0  with params [-4.47482572  0.64579183  0.05000088 40.09381171  0.94223193  0.48352284]
at minimum 49.7246 accepted 0  with params [-5.01522593  0.09541683  0.05       40.35140782  1.2828895   1.02299319]
at minimum 40.9654 accepted 1  with params [-4.97245839  0.30172951  0.79758767 40.26657789  0.78840235  0.56604876]
at minimum 49.1437 accepted 0  with params [-4.7709789   0.58357277  0.36317065 39.95553923  1.0676228   0.99109839]
at minimum 44.6806 accepted 0  with params [-4.51672917  0.17556211  0.96947645 40.12415947  0.89440477  0.31481722]
at minimum 41.7165 accepted 1  with params [-4.88368165  0.3998896   1.13989325 40.55771282  1.28568219  0.20730309]
at minimum 51.3649 accepted 0  with params [-4.68030467e+00  7.34737708e-02  9.74751747e-01  4.04932900e+01
  1.78296316e+00  6.93729968e-07]
at minimum 69.6609 accepted 0  with params [-4.83253025  0.76807235  1.47010758 40.57197537  1.02027872  0.07704349]
at minimum 68.5300 accepted 0  with params [-4.77513723  0.75908266  1.1318381  40.57153006  0.90483875  0.65578283]
at minimum 44.5123 accepted 0  with params [-4.76518145  0.47636901  0.68788334 40.76669859  1.30879781  0.61413242]
at minimum 61.1481 accepted 0  with params [-4.51343839  0.68543825  0.65912597 40.95881923  1.59517365  0.06627226]
at minimum 41.6568 accepted 1  with params [-5.30454728  0.35593546  0.97608427 40.90645657  1.46889941  0.43268919]
at minimum 53.2187 accepted 0  with params [-5.12066899e+00  5.94991593e-02  1.32129275e+00  4.07930918e+01
  1.52847438e+00  1.03757630e-02]
at minimum 63.0933 accepted 0  with params [-5.41711134  0.69457522  0.9697252  41.18627383  1.42855569  0.16191811]
at minimum 65.4306 accepted 0  with params [-5.65504883 -0.05983163  1.43939194 40.88350651  1.16273887  0.1257861 ]
at minimum 44.4852 accepted 0  with params [-5.68933094  0.19011672  1.22978939 40.70958575  0.99764926  0.89850046]
at minimum 64.3315 accepted 0  with params [-5.52273925 -0.05393572  1.00752738 40.51625538  1.51458504  0.23452775]
at minimum 42.7464 accepted 1  with params [-4.9057071   0.26709133  0.66479102 41.27671993  1.22557512  0.2498333 ]
at minimum 43.0289 accepted 1  with params [-5.28596394  0.34214228  0.33414051 41.66808738  1.4625867   0.53491029]
at minimum 55.3185 accepted 0  with params [-5.49721213  0.04733385  0.61849367 41.63391175  1.06240883  0.80797964]
at minimum 71.8392 accepted 0  with params [-5.67753341  0.75987606  0.05       41.30671657  1.86697195  0.90336977]
at minimum 44.8080 accepted 0  with params [-5.03797144  0.24414243  0.79516389 42.03595494  1.78379217  0.63282733]
at minimum 75.0276 accepted 0  with params [-5.32229456  0.75110674  0.07082911 42.15613646  1.46425805  0.64598759]
at minimum 64.9268 accepted 0  with params [-5.13945778 -0.05043681  0.36110211 41.31745486  1.92941298  0.63725575]
at minimum 51.1557 accepted 0  with params [-4.90692418  0.53133645  0.51449019 42.04763795  1.15188104  1.02005821]
at minimum 42.0324 accepted 1  with params [-5.35757624  0.34184796  0.05       41.18383165  1.68734964  0.91202518]
at minimum 48.9161 accepted 0  with params [-4.93589238  0.11936598  0.21325566 41.10717261  1.58631984  0.95822208]
at minimum 43.2383 accepted 0  with params [-4.97771559  0.37990755  0.05000046 41.56269852  1.30191295  0.8403374 ]
at minimum 54.2464 accepted 0  with params [-5.71756688  0.61197937  0.05       41.0835186   1.40950306  1.0147121 ]
at minimum 51.2786 accepted 0  with params [-5.71044539  0.57852254  0.05       41.00512466  2.          1.02602987]
at minimum 51.6372 accepted 0  with params [-5.10543041  0.55796883  0.05000018 41.59579925  1.87234598  0.5478469 ]
at minimum 73.4404 accepted 0  with params [-5.69128192  0.76702844  0.25789955 41.42630053  1.32140707  1.09233477]
at minimum 73.5305 accepted 0  with params [-4.89860195 -0.11702051  0.30488808 41.33490869  1.96768515  0.80222505]
at minimum 74.0477 accepted 0  with params [-5.54129389  0.76747532  0.11529117 41.55995627  2.          0.85189623]
at minimum 42.7193 accepted 0  with params [-5.06058812  0.25412098  0.07884026 41.0357587   1.98646936  0.74330831]
at minimum 45.3076 accepted 0  with params [-4.92788505  0.17094532  0.05       40.74763722  2.          1.0887218 ]
at minimum 45.9866 accepted 0  with params [-4.92276377  0.16716642  0.05       41.15698085  1.30904599  1.0249348 ]
at minimum 43.5010 accepted 0  with params [-5.38125795  0.22017976  0.05000091 40.92519311  1.54412022  1.27146252]
at minimum 49.2228 accepted 0  with params [-5.73495829  0.11711375  0.26648619 41.14118473  1.99999962  1.0975215 ]
at minimum 63.5064 accepted 0  with params [-5.3855242   0.70638194  0.05       40.94965006  1.56547929  1.1903505 ]
at minimum 60.6892 accepted 0  with params [-5.24332211e+00 -9.65895439e-03  5.00000000e-02  4.15443422e+01
  1.95555759e+00  1.07087194e+00]
at minimum 44.1300 accepted 0  with params [-5.28950272  0.21922258  0.05       41.36894163  1.8427364   0.73300239]
at minimum 52.4947 accepted 0  with params [-5.55383747  0.0712838   0.2595845  41.20379394  1.44460481  0.58132136]
at minimum 64.6504 accepted 0  with params [-5.41074278  0.70373739  0.05       41.30331165  1.74155079  0.74557844]
at minimum 60.4203 accepted 0  with params [-5.19212675  0.66044654  0.09158924 41.4724947   1.80538964  0.72377623]
at minimum 44.4192 accepted 0  with params [-5.03963655  0.47102189  0.05       40.81644971  1.27201086  0.89958985]
at minimum 49.5134 accepted 0  with params [-5.29558504  0.11183006  0.34345469 41.27215071  1.70656077  0.93441809]
at minimum 54.7289 accepted 0  with params [-5.67856169  0.59882686  0.05000019 41.53589385  1.99999983  0.53398127]
at minimum 43.5994 accepted 0  with params [-5.37451174  0.22958237  0.35535875 41.25082464  1.81954178  0.75476565]
at minimum 47.9064 accepted 0  with params [-5.23379629  0.14631655  0.25367126 41.50158256  1.82023922  0.89108589]
at minimum 45.4930 accepted 1  with params [-5.4014535   0.47278764  0.05000014 41.26440462  1.63895185  1.31221045]
at minimum 77.8338 accepted 0  with params [-5.78466101  0.79386477  0.25385466 41.53076666  1.8756996   0.86571173]
at minimum 51.8511 accepted 0  with params [-5.34330453  0.0790983   0.05       41.26325132  1.57244966  1.58411015]
at minimum 76.9182 accepted 0  with params [-4.99306154  0.78625908  0.05000011 41.59716613  1.24419564  1.52705091]
at minimum 67.5693 accepted 0  with params [-5.5613032   0.73092015  0.05000011 41.23006517  1.85672437  1.52341361]
at minimum 76.4980 accepted 0  with params [-5.59496523  0.78776927  0.13291804 41.4488217   1.99999852  1.46873553]
at minimum 44.5635 accepted 1  with params [-5.79530472  0.42645206  0.05000216 41.63380226  1.29166741  0.87956412]
at minimum 72.0234 accepted 0  with params [-5.72584657  0.75226847  0.05       41.56901851  1.25643464  1.13709036]
at minimum 79.6027 accepted 0  with params [-5.99999996  0.79674245  0.05000005 41.77359212  1.10657363  0.71357627]
at minimum 43.2337 accepted 1  with params [-5.58095146  0.25439032  0.15440782 41.38906619  0.98936259  0.77897845]
at minimum 51.5829 accepted 0  with params [-5.47065209  0.57308262  0.05       41.25701511  0.99499806  0.68340272]
at minimum 43.1714 accepted 1  with params [-5.90244753  0.27579681  0.05       41.59528473  0.92336512  0.6143149 ]
at minimum 59.5548 accepted 0  with params [-5.57809320e+00  5.71762566e-03  5.00000000e-02  4.18655683e+01
  8.21107698e-01  4.75583292e-01]
at minimum 52.2842 accepted 0  with params [-6.          0.56065481  0.13343795 41.74747038  0.81754859  0.62761551]
at minimum 52.3079 accepted 0  with params [-5.73468605  0.07716342  0.05       41.4017889   0.90221195  0.75375825]
at minimum 45.3636 accepted 0  with params [-5.99999962  0.19107934  0.05000036 41.40116481  1.23739443  0.27926726]
at minimum 61.6821 accepted 0  with params [-5.75146434e+00 -2.28596167e-02  3.68247676e-01  4.13357849e+01
  1.05596639e+00  3.66889016e-01]
at minimum 52.8064 accepted 0  with params [-5.99999988  0.07738855  0.34355879 41.7598884   0.56151853  0.84131616]
at minimum 57.1697 accepted 0  with params [-5.96464777e+00  2.63418612e-02  2.04250828e-01  4.16282552e+01
  9.18414900e-01  9.08707282e-01]
at minimum 43.8755 accepted 1  with params [-6.          0.22241957  0.28257513 41.21960676  0.72776224  0.52961424]
at minimum 41.7759 accepted 1  with params [-5.76687383  0.32498435  0.21090013 41.02242474  0.64532269  0.22258512]
at minimum 57.8782 accepted 0  with params [-5.99999938  0.65060561  0.05       41.02552907  1.08840445  0.16080734]
at minimum 57.6789 accepted 0  with params [-5.82932966  0.65777398  0.31778538 40.7896598   0.2910838   0.16068933]
at minimum 55.4886 accepted 0  with params [-5.62786880e+00  3.13286336e-02  6.22463429e-01  4.08660614e+01
  7.35877247e-01  3.75973964e-01]
at minimum 65.2930 accepted 0  with params [-5.70743658 -0.05927584  0.21762058 40.58581865  0.20503106  0.10909639]
at minimum 65.1674 accepted 0  with params [-5.97744003  0.71947447  0.64344681 40.98192636  0.52689921  0.1721317 ]
at minimum 55.0325 accepted 0  with params [-5.37644468  0.04200708  0.4562186  41.28044045  0.71958328  0.32573033]
at minimum 48.4466 accepted 0  with params [-5.84644642e+00  5.54249416e-01  5.00006313e-02  4.05939200e+01
  8.04339367e-01  4.27977515e-07]
at minimum 63.9968 accepted 0  with params [-5.99999981  0.69893143  0.14974166 41.29145134  0.70831386  0.08205453]
at minimum 48.8223 accepted 0  with params [-5.67984729  0.55418437  0.24247341 40.73364829  0.32323685  0.17287845]
at minimum 41.4795 accepted 1  with params [-5.37119753  0.3658761   0.37980198 40.73259156  0.27778245  0.1980549 ]
at minimum 42.9998 accepted 0  with params [-5.69400551  0.43154103  0.68383131 40.84502298  0.32526782  0.        ]
at minimum 60.7032 accepted 0  with params [-5.66462726  0.6821488   0.59992265 40.93206915  0.62970496  0.39009406]
at minimum 47.5329 accepted 0  with params [-5.41588898  0.13444507  0.05       40.76759603  0.11916465  0.        ]
at minimum 61.3729 accepted 0  with params [-5.58944795e+00 -2.71609215e-02  9.14714401e-02  4.04763409e+01
  4.18788025e-01  0.00000000e+00]
at minimum 58.8489 accepted 0  with params [-5.60034873e+00  6.71741100e-01  6.78341459e-01  4.06827637e+01
  4.44582832e-01  3.69999559e-02]
at minimum 43.7044 accepted 0  with params [-5.20148673  0.1975977   0.43223563 40.3677778   0.11611981  0.20960878]
