at minimum 235.0680 accepted 1  with params [-4.5         0.4         0.5        32.96037557]
at minimum 262.2109 accepted 0  with params [-4.07358606  0.27254272  0.67122979 32.48552012]
at minimum 245.4457 accepted 0  with params [-4.60539591  0.6358266   0.7741047  29.94767534]
at minimum 232.3929 accepted 1  with params [-4.74857221  0.30474436  0.27782736 48.04967795]
at minimum 260.9023 accepted 0  with params [-6.          0.62106389  0.19192035 43.70637173]
at minimum 262.4785 accepted 0  with params [-5.28966636  0.33417212  0.74193507 46.58815488]
at minimum 231.5332 accepted 1  with params [-4.38797005  0.37936875  0.11311686 47.74699717]
at minimum 243.5375 accepted 0  with params [-4.01805402  0.29444461  0.37990764 30.04419418]
at minimum 227.4889 accepted 1  with params [-4.30391241  0.30835318  0.10689045 47.83632953]
at minimum 286.5456 accepted 0  with params [-3.86944676 -0.9         0.38899671 28.20143988]
at minimum 261.4285 accepted 0  with params [-6.          0.74110249  0.22173689 36.74947041]
at minimum 224.6145 accepted 1  with params [-4.18650268  0.16629038  0.10831495 47.67396487]
at minimum 244.0684 accepted 0  with params [-4.66049113  0.5043276   0.11808914 47.67005378]
at minimum 278.4972 accepted 0  with params [-4.41073058 -0.33975048  0.41439227 42.95646294]
at minimum 228.2909 accepted 0  with params [-4.16280401e+00  2.17582896e-02  1.37323487e-01  4.71846385e+01]
at minimum 227.4196 accepted 0  with params [-4.47824943  0.28995588  0.17027038 47.23559545]
at minimum 320.8034 accepted 0  with params [-4.57337553 -0.32365948  0.48787126 47.73922884]
at minimum 255.7283 accepted 0  with params [-3.79668833 -0.31522497  0.08055812 47.78213741]
at minimum 224.6184 accepted 1  with params [-3.9115023   0.13461351  0.06079241 47.52688391]
at minimum 245.3669 accepted 0  with params [-3.46653401 -0.18737711  0.05       44.51851242]
at minimum 238.7110 accepted 0  with params [-3.91661272 -0.14141484  0.0954031  47.73360852]
at minimum 241.0468 accepted 0  with params [-4.20002905  0.62557887  0.11144893 35.25625203]
at minimum 249.1356 accepted 0  with params [-4.33483075  0.74734142  0.40043712 30.04610798]
at minimum 253.5030 accepted 0  with params [-3.56618377 -0.36502032  0.15774469 30.54586177]
at minimum 265.0193 accepted 0  with params [-4.31910417  0.99        3.         26.43452031]
at minimum 240.2947 accepted 0  with params [-3.74028867 -0.15506368  0.06847339 47.41718551]
at minimum 279.8379 accepted 0  with params [-3.62809715 -0.62631062  0.27416764 28.82124729]
at minimum 257.5759 accepted 0  with params [-4.21442437 -0.3412454   0.21088241 42.13279095]
at minimum 226.9571 accepted 0  with params [-4.27231425  0.20621246  0.14762473 47.94184672]
at minimum 258.5544 accepted 0  with params [-3.54395703  0.99        0.40945705 27.25004383]
at minimum 262.7373 accepted 0  with params [-3.70437911  0.99        0.26950817 27.25083782]
at minimum 234.5394 accepted 0  with params [-3.93888305 -0.09891019  0.09276863 47.29584264]
at minimum 269.1747 accepted 0  with params [-4.40319793  0.99        3.         26.3478146 ]
at minimum 261.3988 accepted 0  with params [-3.49955785  0.99        0.28893083 27.24647482]
at minimum 289.4286 accepted 0  with params [-3.98038896 -0.9         0.4967983  27.86849943]
at minimum 239.8271 accepted 0  with params [-4.43160359 -0.05256837  0.28847711 44.49631702]
at minimum 269.3548 accepted 0  with params [-4.40793687  0.99        3.         26.34427417]
at minimum 224.7689 accepted 1  with params [-4.11546483  0.22464187  0.08507299 47.98565837]
at minimum 228.8378 accepted 0  with params [-4.52511643  0.29652009  0.27076863 41.27432821]
at minimum 232.9222 accepted 0  with params [-4.22924573  0.38888955  0.0882707  47.82046726]
at minimum 258.7426 accepted 0  with params [-3.87961849  0.48867893  0.50856231 28.07168495]
at minimum 294.7483 accepted 0  with params [-4.20760314 -0.9         0.57023026 28.47791062]
at minimum 232.7608 accepted 0  with params [-4.41831099  0.45748907  0.17310838 39.51645083]
at minimum 244.9704 accepted 0  with params [-4.17543817  0.63201702  0.35829606 29.75702388]
at minimum 244.6108 accepted 0  with params [-3.79478509  0.71198801  0.09895229 30.94649661]
at minimum 258.8843 accepted 0  with params [-4.69982912e+00  3.43501873e-02  5.68669593e-01  3.51446994e+01]
at minimum 225.4590 accepted 0  with params [-4.32826631  0.24684392  0.14056115 46.7549194 ]
at minimum 240.1424 accepted 0  with params [-4.98015815  0.41759953  0.37666431 44.89746265]
at minimum 238.0789 accepted 0  with params [-4.61416515  0.45179483  0.14243194 47.76884018]
at minimum nan accepted 1  with params [-3.97901894  0.08205882  0.05       48.46571216]
at minimum 225.2845 accepted 1  with params [-4.34852035  0.18530177  0.15043798 48.48661528]
