at minimum 256.2043 accepted 1  with params [-4.5         0.4         3.         32.14186989]
at minimum nan accepted 1  with params [-4.77486422  0.10641507  2.78604857 31.89175206]
at minimum 208.0021 accepted 1  with params [-4.41776055 -0.25106068  2.98767184 32.24518651]
at minimum 204.3607 accepted 1  with params [-4.40268613 -0.37362361  3.         33.8637179 ]
at minimum 212.2240 accepted 0  with params [-4.59454777 -0.2156591   2.62773337 35.29695808]
at minimum 205.9029 accepted 0  with params [-4.30392794 -0.75510783  3.         33.32641749]
at minimum 208.5339 accepted 0  with params [-4.38085217 -0.78997494  2.59549254 33.45246764]
at minimum 208.8418 accepted 0  with params [-4.18651522 -0.9         2.63775838 31.81881901]
at minimum 206.1074 accepted 0  with params [-4.29342882 -0.79349446  3.         32.34759258]
at minimum 224.1769 accepted 0  with params [-4.59376155 -0.36863686  3.         34.68714621]
at minimum 257.3846 accepted 0  with params [-4.75724971 -0.23609205  2.8558635  34.04412169]
at minimum 208.0606 accepted 0  with params [-4.52809046 -0.26711562  2.67585256 33.34154434]
at minimum 287.5231 accepted 0  with params [-4.73012722 -0.49521105  2.79925418 33.64104625]
at minimum 222.7383 accepted 0  with params [-4.04160432 -0.73657168  3.         31.51178673]
at minimum 216.5887 accepted 0  with params [-4.64457381 -0.07477285  2.50662805 33.76031624]
at minimum 437.7152 accepted 0  with params [-4.84342263 -0.75066475  3.         25.65782942]
at minimum 208.6614 accepted 1  with params [-4.42040748 -0.61186322  3.         34.08507472]
at minimum 225.0269 accepted 0  with params [-4.59703408 -0.369633    3.         34.68601532]
at minimum 242.5590 accepted 0  with params [-4.66366308 -0.35421684  3.         34.81733799]
at minimum 228.5769 accepted 0  with params [-3.9412176  -0.9         2.87766214 31.00248325]
at minimum 205.2682 accepted 1  with params [-4.46302885 -0.36749665  2.88908882 34.20720538]
at minimum 213.8894 accepted 0  with params [-4.67602928e+00 -8.96816540e-03  1.79827506e+00  3.41806774e+01]
at minimum 204.6888 accepted 1  with params [-4.46037419 -0.31270747  2.72583249 34.1239854 ]
at minimum 440.1062 accepted 0  with params [-4.91681396 -0.56606176  3.         27.78437461]
at minimum 219.8439 accepted 0  with params [-4.0418685  -0.9         2.63036782 31.34477101]
at minimum nan accepted 1  with params [-4.81783381 -0.32577828  2.6552452  33.88946448]
at minimum 217.5615 accepted 1  with params [-4.53650159  0.04737825  2.603337   34.1715052 ]
at minimum 224.2290 accepted 0  with params [-4.74552635e+00  2.81534763e-02  2.19754953e+00  3.46687202e+01]
at minimum 253.9482 accepted 0  with params [-4.99422063  0.32996437  2.3297662  38.64258514]
at minimum 249.2169 accepted 0  with params [-4.38638917  0.2420462   2.58788911 31.97006774]
at minimum 240.3403 accepted 0  with params [-4.84265561  0.10141664  2.29172666 34.23912575]
at minimum 211.0587 accepted 1  with params [-4.32614159 -0.9         3.         31.89627415]
at minimum 267.7014 accepted 0  with params [-4.69435978 -0.44638608  3.         33.81077565]
at minimum 208.7346 accepted 1  with params [-4.30644508 -0.9         2.85524103 32.0373279 ]
at minimum 254.3648 accepted 0  with params [-3.84205668 -0.57106443  3.         30.36825762]
at minimum 210.3840 accepted 0  with params [-4.34975756 -0.9         2.65587395 31.96429077]
at minimum 210.3030 accepted 0  with params [-4.17397149 -0.7831831   2.722623   32.01454058]
at minimum 300.6755 accepted 0  with params [-4.60855418 -0.9         2.98792273 29.32050015]
at minimum 238.8667 accepted 0  with params [-3.92355134 -0.70149777  2.84664622 31.82785717]
at minimum 228.3295 accepted 0  with params [-3.95954661 -0.83177351  3.         31.11632906]
at minimum 227.5587 accepted 0  with params [-3.97284688 -0.9         2.35872768 31.04975946]
at minimum 222.1652 accepted 0  with params [-4.50542548 -0.61193263  2.99419759 33.19540792]
at minimum 335.7215 accepted 0  with params [-4.70418179 -0.89835982  2.38332685 28.36547764]
at minimum 246.6242 accepted 0  with params [-4.54974382 -0.79652333  2.65913554 31.68009757]
at minimum 249.2245 accepted 0  with params [-3.84870199 -0.65211319  2.96980406 30.49927771]
at minimum 210.1469 accepted 1  with params [-4.15377308 -0.9         3.         31.74233996]
at minimum 256.1196 accepted 0  with params [-3.70844714 -0.9         2.71646784 29.99727723]
at minimum 251.4450 accepted 0  with params [-3.75116782 -0.88624978  2.65754215 30.17670481]
at minimum 207.5365 accepted 1  with params [-4.30848502 -0.40037696  3.         33.21843471]
at minimum 276.7763 accepted 0  with params [-3.92545456 -0.13484898  3.         32.89572763]
at minimum 208.3702 accepted 0  with params [-4.51321009 -0.24583407  2.9118939  33.39692858]
at minimum 208.6562 accepted 0  with params [-4.18601828 -0.9         3.         31.8190302 ]
at minimum nan accepted 1  with params [-4.25868587 -0.5487344   3.         33.03692139]
at minimum 234.6709 accepted 1  with params [-4.05757982 -0.42408906  3.         31.46642911]
at minimum 247.1869 accepted 0  with params [-4.08568166 -0.17454808  3.         31.19542169]
at minimum nan accepted 1  with params [-3.79286778 -0.69908188  3.         31.18048076]
at minimum 258.1938 accepted 1  with params [-3.68002221 -0.9         3.         29.92679763]
at minimum 368.8297 accepted 0  with params [-3.33167412 -0.7177064   3.         24.57997884]
at minimum 380.3427 accepted 0  with params [-3.34589281 -0.74409787  2.60464817 23.47305378]
at minimum 226.4530 accepted 1  with params [-3.9601638  -0.9         2.92756    31.08223696]
at minimum 206.8720 accepted 1  with params [-4.30055284 -0.9         2.54991262 32.01598038]
at minimum 216.0956 accepted 0  with params [-4.06909639 -0.9         3.         31.48522073]
at minimum 231.6632 accepted 0  with params [-3.94566544 -0.84490145  2.51901768 30.96936402]
at minimum 177.7667 accepted 1  with params [-4.13632784 -0.9         0.05       34.04968337]
at minimum 142.1430 accepted 1  with params [-4.46179537 -0.9         0.22721315 34.1306067 ]
at minimum 128.9580 accepted 1  with params [-4.53743937 -0.9         0.17685655 39.71926225]
at minimum 144.4708 accepted 0  with params [-4.72069267 -0.9         0.07338998 45.68258193]
at minimum 147.6319 accepted 0  with params [-4.58297682 -0.72439664  0.43059528 38.68215098]
at minimum 130.5519 accepted 1  with params [-4.58534353 -0.9         0.05       41.23165323]
at minimum nan accepted 1  with params [-4.9188089  -0.9         0.16824377 45.3329337 ]
at minimum 130.9585 accepted 1  with params [-4.61862298 -0.9         0.12275094 44.10483532]
at minimum 144.2540 accepted 0  with params [-4.56828184 -0.9         0.39967305 38.89271769]
at minimum 131.6681 accepted 1  with params [-4.57848509 -0.9         0.05424925 39.15698373]
at minimum 129.3600 accepted 1  with params [-4.62384148 -0.9         0.16574566 42.2195333 ]
at minimum 170.1961 accepted 0  with params [-4.69189956 -0.48585777  0.56635496 41.37834779]
at minimum 133.9615 accepted 0  with params [-4.5320557  -0.7781361   0.05061538 39.95869097]
at minimum 266.0922 accepted 0  with params [-4.97585834 -0.78804099  0.17859164 42.42770998]
at minimum 160.1251 accepted 0  with params [-4.2650574  -0.9         0.0698616  35.08698909]
at minimum 134.1914 accepted 0  with params [-4.7085236  -0.57839294  0.20896527 42.43668388]
at minimum 132.4071 accepted 0  with params [-4.63039008 -0.9         0.05       42.35066887]
at minimum nan accepted 1  with params [-4.98650882 -0.9         0.05       41.9201004 ]
at minimum 209.0311 accepted 1  with params [-5.06666388e+00 -2.41230418e-02  4.28006702e-01  4.29806982e+01]
at minimum nan accepted 1  with params [-5.24803656e+00  3.18858090e-02  3.16492488e-01  4.27933149e+01]
at minimum 217.3023 accepted 1  with params [-5.16224015  0.24446654  0.05       49.85387276]
at minimum 267.5858 accepted 0  with params [-5.19015393  0.49142202  1.08447076 38.7911836 ]
at minimum 265.2187 accepted 0  with params [-5.42577526  0.32559452  0.71561971 51.10090796]
at minimum 237.8740 accepted 0  with params [-5.24045668  0.33796688  0.0500002  48.38224859]
at minimum 263.3334 accepted 0  with params [-5.32808484  0.46014297  0.23947989 46.99990817]
at minimum 276.4902 accepted 0  with params [-4.89915686  0.61384057  3.         33.39326606]
at minimum 314.1352 accepted 0  with params [-5.47180988e+00 -1.18651904e-03  1.42925291e-01  5.01600375e+01]
at minimum 195.8425 accepted 1  with params [-5.02655481  0.05548968  0.43006248 48.64466289]
at minimum 154.8114 accepted 1  with params [-4.91501253 -0.39109266  0.05       48.69202799]
at minimum 192.9226 accepted 0  with params [-5.25805706 -0.18524294  0.23472572 79.87782331]
at minimum nan accepted 1  with params [-4.94466328 -0.17577429  0.05       48.6175015 ]
at minimum nan accepted 1  with params [-5.06427509 -0.16346315  0.17083935 48.52317229]
at minimum nan accepted 1  with params [-5.24002491  0.25905572  0.17661766 48.10499307]
at minimum 249.2722 accepted 1  with params [-5.40562139  0.28829245  0.49825753 54.38485342]
at minimum nan accepted 1  with params [-5.3007557   0.1097912   0.77687781 53.98596355]
at minimum nan accepted 1  with params [-5.49798299 -0.24152148  0.98923259 54.11626309]
at minimum 298.2720 accepted 1  with params [-5.89735761  0.40644636  1.41300614 57.79457837]
at minimum 298.3474 accepted 1  with params [-6.          0.32135306  1.44562875 70.76400708]
