at minimum 59.2064 accepted 1  with params [-4.53847837  0.4         0.12358083 40.04734005]
at minimum 59.1339 accepted 1  with params [-4.58504461  0.41749843  0.2536165  40.93938248]
at minimum 93.1567 accepted 0  with params [-5.02742641  0.90119421  0.05000016 38.11776698]
at minimum 82.3453 accepted 0  with params [-5.01449049  0.74452863  0.07831365 41.17105202]
at minimum 68.5925 accepted 0  with params [-4.70268446  0.58952064  0.05       40.76406564]
at minimum 62.0050 accepted 0  with params [-4.32010728  0.1923325   1.47129506 38.9733667 ]
at minimum nan accepted 1  with params [-4.72207486  0.25585395  0.31202443 43.93509156]
at minimum 60.0793 accepted 1  with params [-4.78089435  0.39367527  0.50663497 43.1334789 ]
at minimum 70.0119 accepted 0  with params [-4.8340957   0.27701023  0.7908432  43.34137232]
at minimum 59.8893 accepted 1  with params [-4.51299496  0.15017692  0.99918912 42.56908085]
at minimum 68.2246 accepted 0  with params [-4.86277854  0.43854434  1.04650892 43.18753794]
at minimum 55.3817 accepted 1  with params [-4.60309846  0.13551094  0.54222731 42.23568542]
at minimum nan accepted 1  with params [-4.91673584e+00  2.88255772e-03  4.71590328e-01  4.25970030e+01]
at minimum 100.7865 accepted 1  with params [-5.02875369  0.99        0.24971351 36.29804969]
at minimum nan accepted 1  with params [-5.43154604  0.83943825  0.21780558 36.41255923]
at minimum 96.7349 accepted 1  with params [-5.51924674  0.85931156  0.05       40.62975721]
at minimum 92.8322 accepted 1  with params [-5.17961792  0.86804646  0.05       39.28179227]
at minimum 82.1969 accepted 1  with params [-5.29260742  0.63214958  0.05       47.3024853 ]
at minimum 63.1379 accepted 1  with params [-4.93444191  0.32714695  0.16402382 48.18288825]
at minimum nan accepted 1  with params [-5.43369916  0.36598928  0.05       48.51627068]
at minimum 102.8015 accepted 1  with params [-5.8774548   0.99        0.33623044 36.49776673]
at minimum 103.0908 accepted 1  with params [-5.82729808  0.99        0.75049533 36.38365266]
at minimum 103.2271 accepted 1  with params [-5.85628973  0.99        1.07218518 36.36523601]
at minimum 100.2735 accepted 1  with params [-5.18520099  0.99        0.05       36.4926718 ]
at minimum nan accepted 1  with params [-5.56299144  0.99        0.05       36.82366513]
at minimum 101.4341 accepted 1  with params [-5.3702985   0.99        0.2039826  36.43977424]
at minimum nan accepted 1  with params [-5.86692106  0.80549196  0.63736841 36.64555744]
at minimum 101.3031 accepted 1  with params [-5.88065365  0.92026068  0.05       39.00547835]
at minimum nan accepted 1  with params [-5.56270679  0.99        0.19240106 39.08121679]
at minimum nan accepted 1  with params [-5.358512    0.99        0.09620675 39.44575343]
at minimum 102.8088 accepted 1  with params [-5.99988275  0.99        0.05000001 36.57659553]
at minimum 102.5790 accepted 1  with params [-5.86866525  0.99        0.05       36.57143702]
at minimum 99.5955 accepted 1  with params [-5.67831939  0.90855317  0.21679599 39.0971993 ]
at minimum 83.5434 accepted 1  with params [-5.20491025  0.6979795   0.05       44.03791115]
at minimum 99.9076 accepted 0  with params [-5.19698924  0.9829372   0.05       36.65952044]
at minimum 98.3099 accepted 0  with params [-4.76817926  0.99        0.05       36.43979318]
at minimum nan accepted 1  with params [-5.67237997  0.91537373  0.17966126 43.92905365]
at minimum nan accepted 1  with params [-5.8781163   0.92237016  0.05       43.99198513]
at minimum nan accepted 1  with params [-5.94985489  0.58648794  0.41116704 44.12309671]
at minimum nan accepted 1  with params [-6.          0.99        0.63106534 44.14078639]
at minimum nan accepted 1  with params [-6.          0.61553405  0.95661901 43.9482888 ]
at minimum 84.3057 accepted 1  with params [-5.92695083  0.42410731  0.56579894 73.7333237 ]
at minimum nan accepted 1  with params [-5.68552484  0.2380263   0.07834012 74.09104857]
at minimum 80.7123 accepted 1  with params [-5.09891776  0.73423906  0.62409246 41.78808071]
at minimum 80.6145 accepted 1  with params [-5.26073825  0.68679076  0.82289876 44.21304239]
at minimum nan accepted 1  with params [-5.12371167  0.23052456  0.90083034 44.44097212]
at minimum nan accepted 1  with params [-4.66056698 -0.14461061  0.41459283 44.83104514]
at minimum 62.0095 accepted 1  with params [-4.32899537 -0.5673626   0.31971009 40.88371288]
at minimum 50.8682 accepted 1  with params [-4.3831689  -0.05411471  0.26556552 41.36961653]
at minimum 52.4565 accepted 1  with params [-4.44281469  0.14313509  0.34896079 41.24859081]
at minimum 62.0902 accepted 0  with params [-4.41565367  0.31268277  3.         39.75151192]
at minimum 81.7302 accepted 0  with params [-4.21432205  0.64255828  0.05000001 41.12216779]
at minimum 64.4554 accepted 0  with params [-4.8854182   0.25418485  0.05       48.14489013]
at minimum 131.1689 accepted 0  with params [-4.88135383 -0.0475963   0.71471296 41.37399344]
at minimum 61.3289 accepted 0  with params [-4.19214688  0.18055771  0.24448155 38.89674956]
at minimum nan accepted 1  with params [-4.8418885   0.27149763  0.84187217 41.77675837]
at minimum 71.9566 accepted 1  with params [-4.31651584  0.59957976  0.05000004 38.1656402 ]
at minimum 74.4929 accepted 0  with params [-4.69137688  0.14092044  0.05       37.81974528]
at minimum 57.3047 accepted 1  with params [-4.42275593  0.19621534  0.63210228 38.55777565]
at minimum 57.6094 accepted 1  with params [-4.69640623  0.36785891  0.43418353 42.30924194]
at minimum 63.8587 accepted 0  with params [-4.750707    0.47901007  0.05       42.60336972]
at minimum 83.9281 accepted 0  with params [-4.52970472  0.7771628   0.33036369 37.72803651]
at minimum 83.2595 accepted 0  with params [-4.77827154  0.76370971  3.         38.83704676]
at minimum 57.6985 accepted 1  with params [-4.45838924  0.29459622  0.53547431 40.02374062]
at minimum nan accepted 1  with params [-4.6137216   0.42779602  1.06517568 39.66504288]
at minimum 60.9557 accepted 1  with params [-4.30386941  0.1217861   1.55831264 39.07800862]
at minimum 64.1915 accepted 0  with params [-4.69766912  0.43362965  1.33491322 41.10963837]
at minimum 59.4812 accepted 1  with params [-4.46574089  0.18638052  1.48360687 40.04860391]
at minimum 69.0264 accepted 0  with params [-4.7835593   0.4627088   1.86139547 40.66117858]
at minimum 104.8554 accepted 0  with params [-4.87108127  0.23847715  1.89345026 39.75766619]
at minimum 55.0984 accepted 1  with params [-4.21852397 -0.26137001  0.25579292 39.07771734]
at minimum 59.7058 accepted 0  with params [-4.52279756e+00 -1.76754977e-04  5.00000000e-02  3.86039922e+01]
at minimum 56.5674 accepted 0  with params [-4.4824854   0.07182375  0.78031588 40.16318637]
at minimum 61.6404 accepted 0  with params [-4.16267053 -0.25832796  0.75492639 38.70679002]
at minimum nan accepted 1  with params [-4.61946116 -0.36670132  0.41921054 38.85699296]
at minimum nan accepted 1  with params [-4.78758825 -0.47942485  0.05       38.37891489]
at minimum 60.6066 accepted 1  with params [-4.59236223  0.32903004  1.15593725 40.74290774]
at minimum nan accepted 1  with params [-4.63926532  0.131684    1.70840853 40.64679301]
at minimum 111.9851 accepted 1  with params [-4.79099192  0.99        1.53532713 35.30944425]
at minimum 80.0425 accepted 1  with params [-4.84174117  0.7338374   1.11514862 39.25098899]
at minimum 109.3884 accepted 0  with params [-4.90830048  0.99        1.47239252 35.4512854 ]
at minimum 79.3687 accepted 1  with params [-4.56386789  0.66475795  1.10853092 38.20828749]
at minimum 108.4173 accepted 0  with params [-4.97095356  0.99        1.63081585 35.5088986 ]
at minimum 82.4103 accepted 0  with params [-4.43932442  0.63998435  1.2464421  37.7061416 ]
at minimum 88.2891 accepted 0  with params [-4.86717023  0.83856574  0.46040052 37.99021709]
at minimum 72.5082 accepted 1  with params [-4.01790237  0.34136998  0.05000004 37.34384823]
at minimum nan accepted 1  with params [-4.10897547 -0.08767545  0.05       37.22305133]
at minimum nan accepted 1  with params [-4.38713259 -0.20091604  0.05       37.19503864]
at minimum 65.9960 accepted 1  with params [-4.61664548 -0.18820754  0.05       44.75936817]
at minimum 66.2903 accepted 1  with params [-4.89340458  0.31121502  0.05       44.80659632]
at minimum 284.3292 accepted 0  with params [-5.28012144 -0.08210231  0.30680496 45.21839947]
at minimum 75.3569 accepted 0  with params [-5.24030956  0.53844668  0.60176209 48.77908131]
at minimum 82.6708 accepted 0  with params [-4.50654148  0.69309747  3.         37.97428239]
at minimum 87.9471 accepted 0  with params [-5.10204782  0.81694097  3.         39.87897572]
at minimum nan accepted 1  with params [-4.78162379  0.10017027  0.59354577 44.57492709]
at minimum 61.0332 accepted 1  with params [-4.71810575  0.45480481  0.47509733 41.72534145]
at minimum 111.5994 accepted 0  with params [-4.2644294   0.84567226  3.         35.70916921]
at minimum 97.0617 accepted 0  with params [-4.86989273  0.93322336  0.40189421 36.86109386]
at minimum 57.4459 accepted 1  with params [-4.66871616  0.28857944  0.59077943 41.84518356]
at minimum 80.2320 accepted 0  with params [-5.18338165  0.70472199  0.91934859 42.84175971]
at minimum 62.2229 accepted 0  with params [-4.2866253   0.19104884  0.81092036 38.89452827]
