at minimum 57.1611 accepted 1  with params [-4.5         0.4         0.5        41.05083481]
at minimum 52.9881 accepted 1  with params [-4.21804929  0.40826599  0.56743652 40.72947786]
at minimum 50.4292 accepted 1  with params [-4.68866045  0.81680537  0.87404564 36.58326468]
at minimum 54.0771 accepted 0  with params [-4.30999193  0.94476945  0.46610481 35.44405614]
at minimum 55.9836 accepted 0  with params [-5.14075171  0.99        0.57146452 36.69265803]
at minimum 47.9037 accepted 1  with params [-4.5514758   0.58423333  0.89020214 37.60050841]
at minimum 47.9287 accepted 1  with params [-4.44251821  0.47240652  1.15103283 37.19044517]
at minimum 56.9443 accepted 0  with params [-4.9047789   0.53706441  1.08628601 40.1126182 ]
at minimum 48.7729 accepted 0  with params [-4.35309056  0.46235956  1.19562016 37.31889764]
at minimum 55.4313 accepted 0  with params [-4.45466123  0.80327689  1.25192231 36.72878946]
at minimum nan accepted 1  with params [-4.9191294   0.508326    1.11337805 37.39349169]
at minimum 56.5701 accepted 1  with params [-4.41966159e+00  3.40921318e-02  1.54975872e+00  3.67385831e+01]
at minimum 48.7959 accepted 1  with params [-4.65752824  0.51165776  1.23029133 37.698478  ]
at minimum 62.2126 accepted 0  with params [-4.52933039  0.99        1.17196972 34.51635747]
at minimum 54.2369 accepted 0  with params [-5.44640763  0.93654968  0.80222297 37.00751079]
at minimum 49.2585 accepted 0  with params [-4.33141924  0.36132669  1.49497049 36.26652996]
at minimum 49.1747 accepted 1  with params [-4.15881155  0.49566104  0.87671007 36.22329779]
at minimum 71.6286 accepted 0  with params [-4.28269793  0.07526258  0.52807335 36.39141754]
at minimum 49.5654 accepted 1  with params [-4.14889983  0.72436802  0.56481691 36.18592422]
at minimum 54.2004 accepted 0  with params [-4.13943713  0.99        0.23868776 35.37817162]
at minimum 65.1486 accepted 0  with params [-4.02965594  0.99        0.9063794  34.43242339]
at minimum 55.9140 accepted 0  with params [-5.00833827  0.99        0.84505593 35.03584081]
at minimum 71.4757 accepted 0  with params [-3.67055915  0.71614335  1.00877638 34.2986665 ]
at minimum 48.7285 accepted 1  with params [-4.0856502   0.42879311  0.4726889  36.25902384]
at minimum nan accepted 1  with params [-4.06384205  0.70871928  0.11985291 35.88619431]
at minimum 51.1766 accepted 1  with params [-3.60391461  0.33125795  0.31990116 36.22223341]
at minimum 48.5208 accepted 1  with params [-3.79039126  0.77009447  0.20981421 36.5423327 ]
at minimum 59.0154 accepted 0  with params [-3.6160048   0.8796953   0.55559365 34.939508  ]
at minimum 62.7580 accepted 0  with params [-4.23478923  0.5517879   3.         34.81538179]
at minimum nan accepted 1  with params [-3.17392127  0.53464073  0.0500052  37.80810043]
at minimum 76.0285 accepted 1  with params [-3.17703849  0.55152826  0.43181824 34.31973536]
at minimum nan accepted 1  with params [-3.          0.92579424  0.05       34.35743897]
at minimum 55.2134 accepted 1  with params [-6.          0.99        0.07798518 35.78514969]
at minimum 55.2079 accepted 1  with params [-6.          0.97726925  0.07490928 36.27148609]
at minimum 73.5448 accepted 0  with params [-6.          0.54226827  3.         52.47683831]
at minimum 55.1707 accepted 1  with params [-6.          0.99        0.52144163 35.72114363]
at minimum 55.1739 accepted 1  with params [-6.          0.99        0.46656305 35.73192073]
at minimum 55.1759 accepted 1  with params [-6.          0.99        0.43604026 35.73906063]
at minimum 54.0700 accepted 1  with params [-5.88162442  0.68862824  0.81866276 48.85071245]
at minimum 54.3489 accepted 1  with params [-5.94617374  0.80146812  0.49508428 43.54901011]
at minimum 53.9759 accepted 1  with params [-6.          0.73134701  0.74430775 47.03169284]
at minimum 55.1751 accepted 0  with params [-6.          0.99        0.44809768 35.73638727]
at minimum 94.0553 accepted 0  with params [-6.          0.30469203  1.14668499 85.40797833]
at minimum 54.4098 accepted 1  with params [-6.          0.70836744  1.15454486 47.65025032]
at minimum 70.2920 accepted 0  with params [-5.93645915  0.45060798  1.21260593 65.01840051]
at minimum 55.2258 accepted 0  with params [-5.78785565  0.99        1.52917088 35.39031368]
at minimum 64.9145 accepted 0  with params [-5.69357778  0.59632277  1.45608478 49.04807666]
at minimum 53.8735 accepted 1  with params [-6.          0.67537967  0.67527142 50.67617113]
at minimum 54.2108 accepted 0  with params [-6.          0.68662191  0.95356346 49.22941143]
at minimum 62.2938 accepted 0  with params [-5.73896437  0.31338277  0.4931124  90.        ]
at minimum 53.2931 accepted 1  with params [-5.71044556  0.65303795  0.42845037 51.88174241]
