at minimum 244.0175 accepted 1  with params [-4.5        0.4        3.        30.1480048]
at minimum nan accepted 1  with params [-4.84877499 -0.05560298  3.         30.52686796]
at minimum 362.1211 accepted 1  with params [-4.64074615 -0.55112653  3.         26.05820082]
at minimum 261.3052 accepted 1  with params [-4.27991009 -0.13458756  2.71939987 26.61219359]
at minimum 296.7978 accepted 0  with params [-4.51910502 -0.3788136   2.99746995 28.66208769]
at minimum 281.6254 accepted 0  with params [-4.21596855 -0.54454715  3.         27.67051868]
at minimum 270.5628 accepted 0  with params [-3.80028501 -0.03531449  2.33037219 27.34623994]
at minimum 319.8624 accepted 0  with params [-4.58655651 -0.49689982  2.37484475 27.68486034]
at minimum 259.9767 accepted 1  with params [-4.10805062  0.26962391  2.49815217 26.32120951]
at minimum 266.9036 accepted 0  with params [-3.90716574  0.99        2.55614074 26.41639062]
at minimum 255.9469 accepted 1  with params [-4.20241135  0.3746259   2.11936099 27.57858585]
at minimum nan accepted 1  with params [-4.14450327  0.50816258  1.80985545 27.81323866]
at minimum 257.2640 accepted 1  with params [-3.82166284  0.70235388  1.83373532 27.15612286]
at minimum 261.7571 accepted 0  with params [-3.92119274  0.57209302  1.83095367 27.29589648]
at minimum 2267.9686 accepted 0  with params [-3.37189875  0.99        2.13014248 27.34063584]
at minimum 269.4750 accepted 0  with params [-4.30973842  0.9351907   1.53514711 27.33622308]
at minimum 242.6909 accepted 1  with params [-3.65672773  0.66526948  2.19748865 27.43706031]
at minimum nan accepted 1  with params [-3.97493714  0.88476743  1.9778503  27.5406964 ]
at minimum 255.1349 accepted 1  with params [-4.33493215  0.60979662  2.22824183 28.22838089]
at minimum 252.5919 accepted 1  with params [-4.62153901  0.73245452  1.81953786 28.67846166]
at minimum 272.8356 accepted 0  with params [-4.2141885   0.99        2.08346557 26.35306964]
at minimum 248.5777 accepted 1  with params [-4.96632227  0.52979695  2.18259858 33.12553072]
at minimum nan accepted 1  with params [-5.13101599  0.76123261  2.50952758 32.91974759]
at minimum 259.3104 accepted 1  with params [-5.18326453  0.50781658  2.9994999  36.80695344]
at minimum 245.0823 accepted 1  with params [-4.78836032  0.53709663  2.73927568 31.56725673]
at minimum 255.4454 accepted 0  with params [-5.20892506  0.82912636  2.34862418 30.21699398]
at minimum 250.8730 accepted 0  with params [-4.79651692  0.75254386  3.         29.58830281]
at minimum nan accepted 1  with params [-5.09601406  0.75727328  2.51848498 32.02549509]
at minimum 264.1582 accepted 1  with params [-5.09719855  0.99        2.48570106 26.9928292 ]
at minimum nan accepted 1  with params [-4.85213051  0.5336677   2.55892443 27.37223117]
at minimum 252.2747 accepted 1  with params [-4.4319406   0.10175795  2.85111569 27.32487157]
at minimum 245.3863 accepted 1  with params [-4.43974001  0.40919955  3.         29.71699265]
at minimum 256.4293 accepted 0  with params [-4.19183275  0.0489056   2.77172536 29.58124492]
at minimum 259.3302 accepted 0  with params [-4.49272983 -0.05391718  2.95791609 29.82803039]
at minimum 259.2524 accepted 0  with params [-4.16591964  0.60584758  3.         27.78420784]
at minimum 252.2980 accepted 0  with params [-4.4919685   0.68909961  2.99573298 28.64313921]
at minimum 245.9855 accepted 0  with params [-4.76072096  0.4221737   2.72131442 32.07531591]
at minimum 281.1653 accepted 0  with params [-4.91165378  0.23758071  2.77436022 29.60156866]
at minimum 246.7860 accepted 0  with params [-4.7147284   0.64710342  3.         30.17326914]
at minimum 246.9506 accepted 0  with params [-4.68396871  0.64688013  3.         29.97772157]
at minimum 260.4448 accepted 0  with params [-4.08991239  0.56283881  2.96623011 27.67569689]
at minimum 244.5017 accepted 1  with params [-4.66838006  0.52515212  3.         29.73698988]
at minimum 266.3053 accepted 0  with params [-4.85256199  0.99        3.         26.76856719]
at minimum 245.3285 accepted 1  with params [-4.55074049  0.26896789  2.8857642  29.96419127]
at minimum 340.7651 accepted 0  with params [-4.82439572 -0.16339273  2.80953544 30.04891589]
at minimum 243.7629 accepted 1  with params [-4.6881846   0.49027389  2.77132077 31.05865907]
at minimum 256.1795 accepted 0  with params [-5.23221303  0.83749846  2.79254919 30.67036408]
at minimum 244.0082 accepted 1  with params [-4.59297444  0.50188367  2.84389367 30.29494414]
at minimum 244.0853 accepted 1  with params [-4.66509756  0.52842766  3.         30.74523237]
at minimum 257.7119 accepted 0  with params [-5.01858924  0.88450752  3.         28.65617582]
at minimum 252.0213 accepted 0  with params [-5.10772355  0.71432345  2.56742243 30.59653258]
at minimum 252.8835 accepted 0  with params [-4.25672225  0.09434306  2.72360601 29.05173225]
at minimum 258.9116 accepted 0  with params [-4.38593755  0.76299219  3.         27.80287546]
at minimum 258.8907 accepted 0  with params [-4.2362077   0.66306408  3.         27.80499692]
at minimum 251.2525 accepted 0  with params [-5.06548679  0.71048662  2.84544198 30.9822825 ]
at minimum 244.7741 accepted 1  with params [-4.48949857  0.27306228  2.69511189 30.60971749]
at minimum 247.3186 accepted 0  with params [-4.43625526  0.50927384  3.         29.31374144]
at minimum 246.9184 accepted 0  with params [-4.57845501  0.59359363  2.40369224 29.52614805]
at minimum 243.5506 accepted 1  with params [-4.67742637  0.49641872  2.4593479  30.81030659]
at minimum 257.8773 accepted 0  with params [-4.8138774   0.28123078  2.76823704 33.17018553]
at minimum 244.2374 accepted 1  with params [-4.59096578  0.32533776  2.8367342  31.0023546 ]
at minimum 245.5566 accepted 0  with params [-4.50153038  0.23301619  3.         30.80296109]
at minimum 248.9970 accepted 0  with params [-4.75098403  0.70564774  2.43096859 29.67283627]
at minimum 246.0261 accepted 0  with params [-4.85104946  0.56772324  2.60488325 31.80440487]
at minimum 251.3876 accepted 0  with params [-4.24593248  0.29006224  3.         28.89016265]
at minimum 245.0206 accepted 0  with params [-4.76909171  0.5386354   2.93732906 31.47733563]
at minimum 246.4055 accepted 0  with params [-4.83998741  0.58270266  3.         31.57947838]
at minimum 247.8419 accepted 0  with params [-4.4067501   0.14774871  2.69091515 29.89605117]
at minimum 243.6520 accepted 1  with params [-4.69776782  0.46881868  2.57093101 31.18031933]
at minimum 251.6436 accepted 0  with params [-5.04964243  0.75826122  2.28366522 30.71207785]
at minimum 246.8512 accepted 0  with params [-4.40529019  0.24684591  2.32593581 29.67140454]
at minimum 260.7683 accepted 0  with params [-6.          0.8674801   2.71587392 31.14931353]
at minimum 254.2251 accepted 0  with params [-5.12137695  0.80821956  2.69136604 30.31872612]
at minimum 255.6647 accepted 0  with params [-4.93652309  0.84711678  2.15789819 28.82425   ]
at minimum 278.2492 accepted 0  with params [-4.97542223  0.257196    2.69637887 35.20855929]
at minimum 250.6487 accepted 0  with params [-5.03902216  0.73322951  2.15858416 31.01287972]
at minimum 254.0618 accepted 0  with params [-4.62089371  0.11320604  2.54082337 30.86165163]
at minimum 265.7175 accepted 0  with params [-5.01756951  0.36034488  2.5784435  35.48523401]
at minimum 244.0864 accepted 1  with params [-4.74803623  0.51491936  2.42588882 31.25322383]
at minimum 245.4355 accepted 1  with params [-4.56299844  0.25770625  2.83598581 30.92926201]
at minimum nan accepted 1  with params [-4.94119157  0.23087521  2.76230063 31.11049733]
at minimum 245.9221 accepted 1  with params [-4.54791307  0.20593521  2.315381   30.73851356]
at minimum 233.5609 accepted 1  with params [-4.6759773   0.42482324  0.05       32.04378615]
at minimum 258.5712 accepted 0  with params [-4.27464009  0.68552844  3.         27.83554036]
at minimum 246.8017 accepted 0  with params [-4.97417306  0.7490711   0.05       31.88433326]
at minimum nan accepted 1  with params [-5.02221118e+00 -4.40407661e-03  2.23316707e-01  3.19757770e+01]
at minimum 262.8568 accepted 1  with params [-5.3671301   0.99        3.         27.25140087]
at minimum 260.6552 accepted 1  with params [-5.30362948  0.87242285  2.81447134 27.128649  ]
at minimum nan accepted 1  with params [-5.27723903  0.51293118  2.37715786 27.27581107]
at minimum 313.2192 accepted 1  with params [-5.33808321  0.24159358  2.24013772 43.33706831]
at minimum 258.4042 accepted 1  with params [-5.7161292   0.52826932  2.22885159 45.48509989]
at minimum 267.6865 accepted 0  with params [-5.4808082   0.44561434  2.66426205 43.99631229]
at minimum 258.5503 accepted 1  with params [-5.78653855  0.7927866   2.54349041 33.32322529]
at minimum 256.8741 accepted 1  with params [-5.63866001  0.74359896  2.59681533 34.24032453]
at minimum nan accepted 1  with params [-6.          0.49113662  2.49946178 34.41414916]
at minimum 261.0954 accepted 1  with params [-5.79797341  0.92543213  2.26598068 29.17773329]
at minimum 255.0406 accepted 1  with params [-5.35390528  0.76984766  2.60116672 32.26731257]
at minimum 248.7767 accepted 1  with params [-4.96172523  0.6148313   2.96529523 32.47823642]
at minimum 253.2345 accepted 0  with params [-4.94442798  0.80202144  3.         29.67453988]
at minimum nan accepted 1  with params [-5.13776678  0.43408045  2.7807141  32.16362948]
at minimum 273.4148 accepted 1  with params [-5.47780781  0.54626558  2.68127924 32.40392333]
