at minimum 102.2621 accepted 1  with params [-4.5         0.4         3.         30.15098835]
at minimum 100.1371 accepted 1  with params [-4.72243538  0.55959409  3.         31.06966664]
at minimum 83.0490 accepted 1  with params [-4.81306029  0.39468833  3.         33.97120429]
at minimum 80.5553 accepted 1  with params [-5.06114     0.36553437  1.08311293 37.52071647]
at minimum 102.2192 accepted 0  with params [-5.49083071  0.4516245   1.00192019 39.22463583]
at minimum 88.0982 accepted 0  with params [-4.59027949e+00  1.15225952e-02  1.39725878e+00  3.17969784e+01]
at minimum 86.5826 accepted 0  with params [-4.75567942  0.35812129  1.40681769 32.53878237]
at minimum 92.4674 accepted 0  with params [-5.32592687  0.47832701  0.85034972 40.37058604]
at minimum 119.8024 accepted 0  with params [-5.12247038e+00  2.71364200e-02  1.40946269e+00  3.77656528e+01]
at minimum 121.7177 accepted 0  with params [-4.7149437   0.73973719  3.         28.82468171]
at minimum 144.4397 accepted 0  with params [-5.27948256  0.08416297  1.46127616 37.1203541 ]
at minimum 81.2241 accepted 0  with params [-5.07975694  0.19023461  1.01343786 40.35241557]
at minimum 92.3827 accepted 0  with params [-5.12175561  0.52783836  1.00064501 36.29949122]
at minimum 83.5467 accepted 0  with params [-5.22800989  0.38148656  0.80346352 41.2675517 ]
at minimum 82.4510 accepted 0  with params [-4.75728808e+00  1.91734713e-02  1.42300308e+00  3.63236849e+01]
at minimum 131.5574 accepted 0  with params [-4.56869998  0.74741602  0.95534934 27.66839354]
at minimum 85.1900 accepted 0  with params [-5.15894726  0.20920308  0.6631454  37.67265195]
at minimum 89.7410 accepted 0  with params [-5.19411862  0.26906495  1.11552051 37.84526214]
at minimum 90.5194 accepted 0  with params [-4.57013013  0.07583936  1.3315768  31.43305733]
at minimum 87.7722 accepted 0  with params [-5.15715503  0.45938032  1.54368108 37.45645367]
at minimum 111.6240 accepted 0  with params [-4.95436615  0.69532696  1.09857668 30.60908002]
at minimum 95.5167 accepted 0  with params [-5.02594919e+00 -1.22015131e-02  9.35591624e-01  3.78372989e+01]
at minimum 99.5154 accepted 0  with params [-5.51675965  0.47604987  1.36647899 43.90149202]
at minimum 169.8766 accepted 0  with params [-5.22829609e+00 -3.42883563e-02  1.54532816e+00  3.71383673e+01]
at minimum 93.7754 accepted 0  with params [-5.21020993  0.21984509  0.85431388 37.48848183]
at minimum 116.8510 accepted 0  with params [-5.5007237   0.68501634  1.09373376 35.13643417]
at minimum 79.1871 accepted 1  with params [-4.77252702 -0.08321319  0.67131413 37.10345983]
at minimum 94.6227 accepted 0  with params [-4.45270375  0.13566255  3.         30.75027873]
at minimum 148.1071 accepted 0  with params [-5.09739627 -0.23404074  0.74448085 42.01846734]
at minimum 79.5703 accepted 0  with params [-4.7946904   0.21041312  1.70846336 35.84531456]
at minimum 90.1459 accepted 0  with params [-4.62021142 -0.24439743  0.7665012  32.66147012]
at minimum 94.2684 accepted 0  with params [-4.83590054 -0.35088872  0.29635836 36.6780338 ]
at minimum 77.8423 accepted 1  with params [-5.00908947  0.3243632   0.86692995 37.2861254 ]
at minimum 76.6198 accepted 1  with params [-4.9729051   0.29189935  0.83686806 36.6765469 ]
at minimum 108.1469 accepted 0  with params [-4.66146115  0.54917688  1.29643924 29.88347197]
at minimum 89.8555 accepted 0  with params [-5.04992862e+00 -1.51281910e-02  4.48071745e-01  3.65574554e+01]
at minimum 120.0639 accepted 0  with params [-5.34529895  0.74236329  0.75398387 32.36011272]
at minimum 111.1822 accepted 0  with params [-4.61337141  0.36455869  0.05       31.02092548]
at minimum 83.0169 accepted 0  with params [-4.67128713  0.09894197  1.33444504 32.68838097]
at minimum 91.2616 accepted 0  with params [-4.95704316  0.50352342  0.84925313 33.70325289]
at minimum 86.2082 accepted 0  with params [-4.78914421 -0.10890397  1.08819652 36.54359411]
at minimum 83.3504 accepted 0  with params [-4.6858088   0.31161881  3.         32.85121918]
at minimum 81.5208 accepted 0  with params [-4.98364553  0.09734505  0.61025438 34.38146386]
at minimum 102.1048 accepted 0  with params [-4.86705921  0.58536183  0.83986279 31.45665491]
at minimum 81.4397 accepted 0  with params [-4.99617192  0.38369026  1.473715   36.18556086]
at minimum 95.0529 accepted 0  with params [-5.05318278  0.55523109  0.88208704 34.09059316]
at minimum 122.6657 accepted 0  with params [-5.44559204  0.31257498  1.20725233 36.3008922 ]
at minimum 95.4607 accepted 0  with params [-5.15281637  0.11508614  0.49092089 36.36670168]
at minimum 85.7834 accepted 0  with params [-5.29023514  0.40316649  0.62049978 42.60971897]
at minimum 91.8706 accepted 0  with params [-4.59114979  0.19089028  1.21668601 31.33209185]
at minimum 89.4715 accepted 0  with params [-5.04096538  0.46731152  0.51391029 35.91522624]
at minimum 77.2729 accepted 0  with params [-4.94799464  0.25271796  0.44162172 36.39782829]
at minimum 102.3442 accepted 0  with params [-5.10938167  0.09398684  1.16404881 36.38755365]
at minimum 99.3382 accepted 0  with params [-5.35098196  0.55335345  1.21061848 38.14968208]
at minimum 97.1786 accepted 0  with params [-5.20556154  0.56830658  1.04505264 35.79564792]
at minimum 91.1689 accepted 0  with params [-4.70338101  0.36235495  1.13515869 31.78693965]
at minimum 88.1464 accepted 0  with params [-5.25360006e+00  1.56236094e-01  5.00000000e-02  5.36109529e+01]
at minimum 75.7724 accepted 1  with params [-4.89706429  0.13713187  0.97432061 36.34613967]
at minimum 80.6101 accepted 0  with params [-4.97834755  0.19022652  1.3546144  35.83629672]
at minimum 79.0841 accepted 0  with params [-4.78355836  0.25317461  2.95361034 33.95585485]
at minimum 81.1442 accepted 0  with params [-4.95256184  0.37812838  1.37482243 35.30970941]
at minimum 90.5708 accepted 0  with params [-4.60878944e+00  1.11978716e-03  7.45459543e-01  3.48448917e+01]
at minimum 74.5268 accepted 1  with params [-4.88518735  0.14793144  0.82029468 36.54116399]
at minimum 84.9895 accepted 0  with params [-4.7761161  -0.10177496  1.05335422 36.47049683]
at minimum 76.8161 accepted 1  with params [-5.13644769  0.22885736  0.7139945  42.5301705 ]
at minimum 79.6991 accepted 0  with params [-5.09489506  0.30946964  1.04560623 39.15580581]
at minimum 90.0309 accepted 0  with params [-4.90325120e+00  4.00608360e-02  1.06386487e+00  4.24671050e+01]
at minimum 172.6679 accepted 0  with params [-5.50270092  0.06320358  0.81554427 42.96238206]
at minimum 79.6196 accepted 0  with params [-4.83542026  0.19333425  2.64456581 35.46440203]
at minimum 79.6424 accepted 0  with params [-5.10764454e+00  1.82011093e-02  4.61127261e-01  4.21975127e+01]
at minimum 113.9994 accepted 0  with params [-5.04100818  0.6687682   3.         37.1137444 ]
at minimum 90.4783 accepted 0  with params [-5.18039101  0.37936693  0.23693347 41.78034275]
at minimum 74.2360 accepted 1  with params [-5.04400927  0.26091052  0.54283958 39.9980534 ]
at minimum 91.1593 accepted 0  with params [-5.33867308  0.31843544  0.32831189 42.02405628]
at minimum 97.2893 accepted 0  with params [-5.39833936  0.49218107  0.84568825 38.74802581]
at minimum 73.2974 accepted 1  with params [-5.0469766   0.2362543   0.55957439 40.61251168]
at minimum 112.4874 accepted 0  with params [-5.34954946  0.20835201  0.21188831 40.46480651]
at minimum 74.2382 accepted 0  with params [-5.17176703  0.25157123  0.42650448 44.91054685]
at minimum 76.2435 accepted 0  with params [-4.98900416  0.11891392  0.80018358 40.27429693]
at minimum 90.6392 accepted 0  with params [-4.7241176   0.05952339  0.22832048 34.85606143]
at minimum 74.3814 accepted 1  with params [-5.06992328  0.15293976  0.44170422 39.37504994]
at minimum 96.8066 accepted 0  with params [-4.82599228 -0.23309329  0.82512964 39.36558718]
at minimum 81.8885 accepted 0  with params [-4.69327434 -0.08790319  0.58845235 34.22506053]
at minimum 88.7012 accepted 0  with params [-5.14402438  0.16087879  0.05       47.55651087]
at minimum 99.0380 accepted 0  with params [-5.50465612  0.45431844  0.6751882  41.77100386]
at minimum 96.7486 accepted 0  with params [-5.24975888  0.32376248  0.05       45.59174266]
at minimum 79.8915 accepted 0  with params [-5.04488027  0.27546578  0.34717857 37.76784704]
at minimum 108.3620 accepted 0  with params [-5.20654206  0.55182721  0.18644342 36.68213239]
at minimum 75.3343 accepted 0  with params [-4.90063966e+00  1.99077959e-02  6.91035580e-01  3.92642775e+01]
at minimum 92.1851 accepted 0  with params [-5.35313429  0.38352254  0.26704124 46.14791216]
at minimum 210.1468 accepted 0  with params [-5.35704542 -0.17952316  0.29722603 42.20328423]
at minimum 99.6095 accepted 0  with params [-5.31602264  0.18702988  0.60095555 40.74235673]
at minimum 91.9498 accepted 0  with params [-5.41844716  0.41477771  0.4372157  46.65212116]
at minimum 95.9060 accepted 0  with params [-5.40821746  0.40317497  0.42349582 40.99675404]
at minimum 94.7872 accepted 0  with params [-5.23552618  0.50419988  0.48838764 38.41087318]
at minimum 87.5332 accepted 0  with params [-4.94034064 -0.23688506  0.29737096 40.27123642]
at minimum 101.1601 accepted 0  with params [-5.26224487  0.46489593  0.21166306 38.96661184]
at minimum 77.0470 accepted 0  with params [-5.06960605  0.30371269  0.70550454 38.09356977]
at minimum 80.7373 accepted 0  with params [-4.82349973 -0.20796893  0.50116883 37.9377101 ]
at minimum 78.0282 accepted 0  with params [-5.10757245  0.33333269  0.57790714 40.19107238]
at minimum 75.5522 accepted 1  with params [-4.85686695  0.10525061  0.57797125 39.37181714]
