at minimum 290.6881 accepted 1  with params [-4.5  0.4  0.5 40.   1.   1. ]
at minimum 259.3690 accepted 1  with params [-4.25095209e+00  1.02735575e-02  4.65441276e-01  3.95207348e+01
  1.31001272e+00  1.23143421e+00]
at minimum 238.0608 accepted 1  with params [-4.38242142e+00 -1.70703848e-02  6.64989496e-01  3.92943908e+01
  1.28550084e+00  1.24319139e+00]
at minimum 382.6792 accepted 0  with params [-3.89732654  0.24761216  0.65802121 39.26025852  1.2417267   1.591025  ]
at minimum 336.2854 accepted 0  with params [-4.07587052  0.18421467  0.77833706 39.37525722  1.49201977  0.98408252]
at minimum 280.3996 accepted 0  with params [-4.46004401  0.25791693  0.91143238 39.0755906   1.48896745  1.05775136]
at minimum 255.0549 accepted 0  with params [-4.07775934 -0.33540018  0.97388252 39.5684334   1.65717272  1.09761025]
at minimum 251.1202 accepted 0  with params [-4.20192421 -0.16170234  0.43940418 38.81079507  0.85312652  0.83635433]
at minimum 307.7633 accepted 0  with params [-4.20248623  0.23937126  0.452138   39.44071058  0.99358874  0.86107147]
at minimum 255.6511 accepted 0  with params [-4.32769563  0.16596713  0.22804532 39.44089328  0.8565795   0.95641515]
at minimum 333.9539 accepted 0  with params [-4.18363916  0.22029336  0.95619352 39.77936255  1.60405405  1.24716138]
at minimum 186.9644 accepted 1  with params [-4.64026038 -0.14248904  0.32843246 39.56989313  0.82512212  1.66664102]
at minimum 219.2266 accepted 0  with params [-4.40523878 -0.0993946   0.4942512  39.50236406  1.14208856  1.19580662]
at minimum 247.9773 accepted 0  with params [-4.77736062  0.32819505  0.33715178 39.52905464  0.88412312  1.19232697]
at minimum 188.8652 accepted 1  with params [-4.55737275 -0.12478432  0.21854288 39.85822118  0.96780734  1.38482726]
at minimum 573.1589 accepted 0  with params [-4.77812955 -0.43537329  0.05       39.82319246  0.80515175  1.46832985]
at minimum 222.6977 accepted 0  with params [-4.49391602e+00  3.47977684e-02  2.65711012e-01  4.02108979e+01
  5.18011648e-01  1.85651276e+00]
at minimum nan accepted 1  with params [-4.83850541  0.11172129  0.05       40.19377505  0.89466091  1.74408295]
at minimum 194.9574 accepted 1  with params [-4.44662268 -0.18254054  0.41082243 40.08991902  0.94583312  1.57396422]
at minimum 204.6885 accepted 0  with params [-4.48648457 -0.3827669   0.83295821 40.35727038  1.07233538  1.34240297]
at minimum 268.9522 accepted 0  with params [-4.88056613 -0.25834806  0.87759144 40.328272    0.93385881  1.39738824]
at minimum 246.3767 accepted 0  with params [-3.9876227  -0.38684397  0.3920539  39.86750162  1.03216346  1.64638756]
at minimum 275.0940 accepted 0  with params [-4.44596814  0.23424837  0.70366115 39.82497778  1.07519438  1.18436183]
at minimum 413.0872 accepted 0  with params [-4.90229187 -0.61458877  0.65432622 39.74213979  1.3716094   1.1509494 ]
at minimum nan accepted 1  with params [-4.86474538 -0.63359158  0.70921572 39.64437772  1.35230183  1.59448077]
at minimum 496.0695 accepted 1  with params [-4.96123197 -0.47827269  1.04376465 40.02754952  1.65654565  1.56232114]
at minimum 196.0135 accepted 1  with params [-4.54146472 -0.36317113  0.56199517 39.63721643  1.34665809  1.801352  ]
at minimum 286.5913 accepted 0  with params [-4.97932661 -0.17314203  0.86961194 39.85368122  0.88991374  1.5863379 ]
at minimum 341.4147 accepted 0  with params [-4.60445976 -0.63016921  0.87371876 39.58269904  1.5743069   1.83047247]
at minimum 467.5692 accepted 0  with params [-4.31641726 -0.70029572  0.60791693 39.63205498  0.91830986  1.90743677]
at minimum 231.9550 accepted 0  with params [-4.11305384 -0.48346408  0.82200208 39.82027632  1.6907777   1.43784308]
at minimum 449.7861 accepted 0  with params [-4.55974882 -0.55831628  0.6894497  39.98416299  0.88462498  1.99557796]
at minimum 252.2248 accepted 0  with params [-4.16922523 -0.12662776  0.97529973 39.75016181  1.75950021  1.95894721]
at minimum 203.8099 accepted 0  with params [-4.48258314 -0.29059192  1.03577322 39.41263725  1.65991982  1.39528175]
at minimum nan accepted 1  with params [-4.41189301 -0.63662761  0.0865038  40.04340578  1.27235038  1.67854406]
at minimum 235.4586 accepted 1  with params [-4.08507617 -0.28714513  0.05000036 40.32322673  1.61174229  1.58067617]
at minimum 204.8061 accepted 1  with params [-3.86320158 -0.34612456  0.05       40.07832135  1.77219721  1.45417324]
at minimum 378.8052 accepted 0  with params [-3.68252930e+00  3.31239048e-02  4.61376478e-01  3.98114331e+01
  1.99999984e+00  1.91875419e+00]
at minimum 224.7916 accepted 0  with params [-4.35553020e+00 -1.40870775e-02  3.03785124e-01  4.04536694e+01
  2.00000000e+00  1.34036118e+00]
at minimum 208.8537 accepted 0  with params [-4.08013041 -0.57151239  0.31499121 39.82951701  2.          1.48539095]
at minimum 742.7005 accepted 0  with params [-3.4578587  -0.5077445   0.05       40.37230933  1.28760912  1.15940344]
at minimum 393.3242 accepted 0  with params [-3.56444375 -0.30404106  0.07050026 40.11590825  1.80470509  1.58220493]
at minimum 473.5818 accepted 0  with params [-3.456955    0.08228982  0.10598426 39.62771558  1.46273737  1.43232171]
at minimum 282.8208 accepted 0  with params [-4.26208781 -0.69481641  0.1348063  40.53040907  1.71839706  1.74657916]
at minimum 255.5553 accepted 0  with params [-4.32893766 -0.53915816  0.07877486 40.1442919   1.30558021  1.5223825 ]
at minimum 454.4642 accepted 0  with params [-3.55195681 -0.64232723  0.05000097 39.72208285  1.92161358  1.0975271 ]
at minimum 375.9780 accepted 0  with params [-4.21206457 -0.60312574  0.05       39.7317031   1.69176823  1.28843913]
at minimum 244.9966 accepted 0  with params [-3.79521503 -0.52968671  0.18959498 40.14242731  1.27425652  1.88423329]
at minimum 292.6044 accepted 0  with params [-3.73738783 -0.07993525  0.05       40.25370227  1.4024141   1.80242492]
at minimum 456.7829 accepted 0  with params [-3.62347257 -0.70758888  0.05000005 40.40633252  1.99999996  1.67205224]
at minimum nan accepted 1  with params [-4.08575967e+00 -1.71568622e-02  5.00000000e-02  3.96427240e+01
  1.86794857e+00  1.63132660e+00]
at minimum 267.7982 accepted 1  with params [-4.34096585  0.28827287  0.05000222 39.78463791  1.99178025  1.64685553]
at minimum 170.2768 accepted 1  with params [-4.19716882 -0.10941676  0.05       40.14501749  1.6958689   1.38084115]
at minimum 309.7338 accepted 0  with params [-4.49664085 -0.48788167  0.3572667  40.21479812  1.88196823  1.4684033 ]
at minimum nan accepted 1  with params [-3.85903085  0.15989157  0.05       40.09209111  1.60106445  1.27471535]
at minimum nan accepted 1  with params [-3.81837795  0.04102119  0.11483492 40.43756909  1.89022709  1.01801587]
at minimum 364.3078 accepted 1  with params [-3.52080874 -0.11355337  0.05       40.05184391  2.          1.46743123]
at minimum 557.7272 accepted 0  with params [-3.40216354  0.17536081  0.05       39.9656878   2.          1.80704786]
at minimum 285.7627 accepted 1  with params [-3.77089023 -0.04890665  0.06546418 40.10857684  1.72111575  1.51877823]
at minimum 1463.4649 accepted 0  with params [-3.33841427 -0.32991854  0.05000003 40.28092115  1.62933401  1.81432409]
at minimum 386.0088 accepted 0  with params [-4.06824987  0.36357061  0.44594899 39.70787485  1.75011631  1.75846499]
at minimum 329.6534 accepted 0  with params [-3.75742852e+00  1.35135987e-02  1.81579287e-01  3.99556779e+01
  1.38251496e+00  1.86650256e+00]
at minimum 902.5849 accepted 0  with params [-3.38451549 -0.33381274  0.05000022 39.91400438  1.81088522  1.33420394]
at minimum 224.8470 accepted 1  with params [-4.00415712 -0.28092152  0.05000046 40.54668104  1.96767909  1.36837434]
at minimum 394.5583 accepted 0  with params [-3.64071254 -0.64771384  0.48194329 40.24038176  1.82046581  1.28533765]
at minimum nan accepted 1  with params [-4.04480478 -0.46961923  0.05       40.23648387  1.65634152  1.08821504]
at minimum 306.0523 accepted 1  with params [-3.75692301 -0.39674023  0.05000143 40.53834568  1.86871274  0.96144205]
at minimum 364.9314 accepted 0  with params [-4.01766688 -0.80529304  0.21925169 40.17734215  1.66980129  0.83774354]
at minimum 2087.6854 accepted 0  with params [-3.32660795 -0.42035592  0.05       40.66440252  1.97655313  0.58182966]
at minimum 264.4433 accepted 1  with params [-3.86558429e+00 -3.80222148e-02  5.59009289e-02  4.05592030e+01
  1.99872660e+00  1.40537308e+00]
at minimum 229.8652 accepted 1  with params [-3.91675499e+00 -7.82348322e-03  5.00005286e-02  4.04084889e+01
  1.84719457e+00  1.74014428e+00]
at minimum 321.0893 accepted 0  with params [-3.83390849  0.28791092  0.05000007 40.07557976  1.5439577   1.68431911]
at minimum 219.2935 accepted 1  with params [-3.78773811 -0.18497361  0.05       40.30287089  2.          1.90438568]
at minimum nan accepted 1  with params [-3.35965481 -0.30595757  0.05       40.52617998  1.76108637  1.48842549]
at minimum 1947447.6078 accepted 1  with params [-3.10152219 -0.20811464  0.31869678 40.91566535  1.37357313  1.63038415]
at minimum 377.6722 accepted 1  with params [-3.52793378 -0.38535115  0.39842639 40.66803653  1.07356828  1.45355394]
at minimum 377.6642 accepted 1  with params [-3.54216451 -0.5933468   0.66552989 40.78823997  0.66824454  1.38215247]
at minimum 404.6475 accepted 0  with params [-3.49363182 -0.33872055  0.66048469 40.56735292  0.98763975  1.75096226]
at minimum 405.9271 accepted 0  with params [-3.63999715 -0.15960792  0.8883737  40.99749862  0.57336168  1.51943904]
at minimum 295.2104 accepted 1  with params [-3.97874043 -0.30276165  1.10141545 40.70778159  0.98854368  1.73899198]
at minimum 255.3535 accepted 1  with params [-4.20260719 -0.33836674  1.26708883 40.8385587   1.08631566  1.40147596]
at minimum 257.7630 accepted 1  with params [-4.48166417  0.09921928  1.18239243 40.75136864  1.42501739  1.44750572]
at minimum nan accepted 1  with params [-4.67816611e+00 -2.59269715e-02  1.21678941e+00  4.09712324e+01
  1.16666298e+00  1.88443752e+00]
at minimum 211.4594 accepted 1  with params [-4.589759   -0.12672053  1.01083839 40.71723928  1.20665088  1.5127942 ]
at minimum 233.1323 accepted 0  with params [-4.48211094e+00  3.02266384e-02  6.47700240e-01  4.08042247e+01
  1.39275070e+00  1.76452039e+00]
at minimum 316.7430 accepted 0  with params [-4.3265716   0.26286037  0.9237206  40.63752411  0.90908526  1.51239654]
at minimum 307.2518 accepted 0  with params [-4.86177517 -0.29912402  0.99728636 40.79381643  1.14662497  1.88455116]
at minimum 243.7396 accepted 0  with params [-4.91473911  0.12295191  1.35476289 40.50639222  1.31424585  1.81947969]
at minimum nan accepted 1  with params [-4.48102226 -0.3001342   1.15892364 40.63466076  1.22526087  1.34827628]
at minimum 231.3970 accepted 1  with params [-4.51105481 -0.05236112  1.45779126 41.05813273  0.92446224  1.46784946]
at minimum 329.7478 accepted 0  with params [-4.77515388 -0.45426308  1.1834092  41.16706683  1.15959477  1.62005221]
at minimum 371.5769 accepted 0  with params [-4.06164181  0.25460168  1.50146373 40.71947841  1.25355207  1.14073953]
at minimum 270.5346 accepted 0  with params [-4.14273722 -0.40907616  1.17589454 41.0566434   1.03248376  1.9106114 ]
at minimum 216.8182 accepted 1  with params [-4.64559895 -0.06637494  1.16103215 40.86018404  0.56826727  1.39674449]
at minimum 248.8062 accepted 0  with params [-4.50890483  0.11657058  1.14150603 40.51267807  0.51947107  1.30158636]
at minimum 291.4916 accepted 0  with params [-4.94261839 -0.30175602  0.77870331 40.47947819  0.67206968  1.0986756 ]
at minimum 259.3776 accepted 0  with params [-4.63922126 -0.4413347   1.48188851 40.959055    0.8202139   1.52957914]
at minimum 268.5821 accepted 0  with params [-4.96880935  0.29206157  1.01288769 40.41869218  0.19154914  1.31938552]
at minimum 221.8532 accepted 0  with params [-4.54790968 -0.34839964  0.89003275 40.49175585  0.23583263  1.27543864]
at minimum 219.4033 accepted 0  with params [-4.6794014  -0.07164122  1.60167107 40.94031831  0.8851405   1.55713943]
at minimum 284.5277 accepted 0  with params [-4.34722544  0.12023424  1.1879077  41.00620088  0.72361969  1.4541648 ]
