at minimum 95.0713 accepted 1  with params [-4.5  0.4  0.5 40.   1.   1. ]
at minimum 93.6003 accepted 1  with params [-4.39289769  0.51205773  0.75509468 40.27093716  0.79951559  1.11822407]
at minimum 94.6316 accepted 0  with params [-4.52146876  0.4998636   0.44750477 39.77198279  0.94871048  0.99363719]
at minimum 103.4764 accepted 0  with params [-4.47937425  0.63644635  0.53671892 40.76215341  0.69585778  1.13416757]
at minimum 156.5809 accepted 0  with params [-4.74480137  0.27062194  1.06985713 40.17853207  0.63372666  1.50412558]
at minimum 90.1961 accepted 1  with params [-4.01320074  0.26530923  1.00322957 40.40417772  0.49430997  1.55361303]
at minimum 153.8450 accepted 0  with params [-3.7360147   0.41121444  0.8802502  40.33206673  0.58460041  1.99999993]
at minimum 121.2715 accepted 0  with params [-3.78908501  0.36800295  0.91277673 40.13951457  0.60532444  1.4932815 ]
at minimum 108.3163 accepted 0  with params [-4.39888412e+00  1.68860998e-02  5.11690303e-01  4.01495473e+01
  1.11110770e-01  2.00000000e+00]
at minimum 77.9934 accepted 1  with params [-3.73882858 -0.11620982  0.56138266 40.60431205  0.29415923  1.09131037]
at minimum 1105.4285 accepted 0  with params [-3.38080181  0.17455213  0.5738362  40.51232944  0.56563634  1.22054047]
at minimum nan accepted 1  with params [-4.1355825  -0.32255686  0.72361004 40.44022447  0.6069363   1.05331645]
at minimum 72.4622 accepted 1  with params [-3.931608   -0.13922526  0.80718439 40.83159334  0.86516947  0.64659141]
at minimum 91.9407 accepted 0  with params [-4.13518078 -0.57082232  1.2737559  40.60773967  0.47121012  1.04948587]
at minimum 77.5450 accepted 0  with params [-3.99884301  0.1707526   0.83500498 40.38629991  1.29728791  1.06831734]
at minimum 145.0468 accepted 0  with params [-4.28692223 -0.497371    0.60418336 40.88746477  1.17387852  0.63586492]
at minimum 92.6301 accepted 0  with params [-4.28842292 -0.11573344  1.28269149 40.54547827  0.40654188  1.07022164]
at minimum 78.0084 accepted 0  with params [-3.82119413 -0.06578501  1.21783092 41.20861696  0.69157586  1.05673348]
at minimum 174.9142 accepted 0  with params [-4.32134272 -0.59669829  0.56834882 41.14778911  1.14622009  0.85690961]
at minimum 108.9972 accepted 0  with params [-3.65342535  0.29767845  0.35655853 40.42378312  1.06703808  0.67292233]
at minimum 74.6604 accepted 1  with params [-4.09124299  0.05795344  1.13848883 40.35811981  1.32798673  0.42919566]
at minimum 119.6958 accepted 0  with params [-3.62491430e+00  1.90418781e-02  6.91028151e-01  4.04575127e+01
  9.07873608e-01  1.75368620e-01]
at minimum 69.7171 accepted 1  with params [-4.20561431  0.38157929  1.35532841 40.08779786  1.68521118  0.43559805]
at minimum 242.1647 accepted 0  with params [-3.82726647  0.87420089  1.07946383 40.33749378  1.55305934  0.26187239]
at minimum 116.9594 accepted 0  with params [-4.51929532  0.16894522  1.57993587 40.33616031  1.36924676  0.23607343]
at minimum 102.4040 accepted 0  with params [-4.18157228  0.56321632  1.10903531 40.40886942  2.          0.84627615]
at minimum 94.2119 accepted 0  with params [-4.38786597  0.70833303  1.01453438 39.69724147  1.59233925  0.78566706]
at minimum 78.8580 accepted 0  with params [-4.05822651  0.39277797  1.43526227 40.45572009  1.4791939   0.63115542]
at minimum 97.4951 accepted 0  with params [-3.72098937  0.11992283  0.91261613 39.92561226  1.88804406  0.22560378]
at minimum 229.4790 accepted 0  with params [-3.98150767  0.83015937  1.05860911 40.30625474  1.87347349  0.80472261]
at minimum 157.7819 accepted 0  with params [-4.56473478  0.57893528  1.48154146 39.8691754   1.72775764  0.07653466]
at minimum 173.4640 accepted 0  with params [-4.4864862   0.78411662  1.1705735  40.12261702  1.6863073   0.61595304]
at minimum 109.9339 accepted 0  with params [-3.75992705  0.367986    1.41596511 39.9530529   1.22964489  0.70048129]
at minimum 99.0361 accepted 0  with params [-4.33370207  0.74850068  1.61671579 39.78478546  1.42661236  0.8639403 ]
at minimum 84.8824 accepted 0  with params [-4.31956476  0.54443871  0.86476584 40.19487147  2.          0.73879947]
at minimum 470.3334 accepted 0  with params [-3.73824888  0.82525305  1.81641227 39.65371159  2.          0.63901238]
at minimum 73.0822 accepted 0  with params [-3.97033361  0.25797697  1.6500375  39.91152196  1.51620584  0.07058802]
at minimum 81.4283 accepted 0  with params [-4.70204181  0.5428471   0.99208541 39.98546239  1.27103377  0.54823501]
at minimum 114.7253 accepted 0  with params [-3.79596798  0.4544933   0.98524817 39.69204023  1.87857601  0.71431997]
at minimum 178.5289 accepted 0  with params [-3.74657227  0.57302341  1.39494874 40.46059044  1.99999999  0.34482036]
at minimum 167.4459 accepted 0  with params [-4.66413885  0.12164344  1.63434982 40.16190015  1.56288943  0.07705983]
at minimum nan accepted 1  with params [-3.86769294  0.04985256  1.25180854 40.26380621  2.          0.75290253]
at minimum 81.5219 accepted 1  with params [-4.07902493 -0.15638656  1.53249964 39.7807404   1.64505896  0.87668642]
at minimum 264.9104 accepted 0  with params [-4.45343524 -0.41772644  1.93812528 40.04048718  1.99999999  1.01231341]
at minimum 84.1849 accepted 0  with params [-4.51013421  0.31930835  1.11791166 39.69147905  1.70844793  1.11483024]
at minimum nan accepted 1  with params [-3.63149909 -0.63709938  1.48872424 40.05575272  1.43170337  0.59857245]
at minimum 90.2717 accepted 1  with params [-3.98583116 -0.9         1.88093959 39.71958825  1.03220647  0.52769679]
at minimum 74.6630 accepted 1  with params [-3.89804307 -0.73933455  1.58936284 39.94156889  0.72891088  0.32941597]
at minimum 94.5112 accepted 0  with params [-3.64022916 -0.9         1.51465116 40.03450648  0.3843264   0.22180303]
at minimum 1080.3978 accepted 0  with params [-3.39834013 -0.75943904  1.12509564 39.67769635  0.8590779   0.23383453]
at minimum 410.4343 accepted 0  with params [-3.87116571 -0.9         1.77610471 39.71249239  1.11565208  0.19840941]
at minimum 204.5784 accepted 0  with params [-4.32973016 -0.9         1.96026021 39.85766446  0.78691499  0.77043458]
at minimum 114.0339 accepted 0  with params [-4.30086842 -0.53038526  1.21719939 39.58820401  0.47342404  0.52336481]
at minimum 130.3270 accepted 0  with params [-4.20035441 -0.89918613  1.36906145 39.8735052   0.75377369  0.73528351]
at minimum 74.5886 accepted 1  with params [-3.83888828 -0.34988357  1.35670376 39.50861419  0.84288684  0.49573363]
at minimum 149.3310 accepted 0  with params [-3.6455376  -0.50302758  1.48244778 39.20356192  1.00742857  0.19297568]
at minimum 74.6901 accepted 1  with params [-4.06719581e+00 -1.89170416e-02  1.59705323e+00  3.95656760e+01
  1.01496051e+00  7.95017969e-01]
at minimum nan accepted 1  with params [-3.74958673 -0.04707717  1.30205123 39.63772956  1.13871069  1.15735377]
at minimum 77.6045 accepted 1  with params [-4.10158465 -0.11596242  0.85971011 40.04709556  1.36639224  1.39823753]
at minimum 119.0209 accepted 0  with params [-3.85380344 -0.56266781  0.66926975 39.90749674  1.69238401  1.05066092]
at minimum 140.9666 accepted 0  with params [-4.37823573 -0.15726282  0.65679091 40.03989977  1.39980254  1.73726661]
at minimum 80.2994 accepted 0  with params [-4.049945    0.21234414  0.6245561  40.46626601  1.44526509  1.64598882]
at minimum 100.9557 accepted 0  with params [-3.76196882 -0.55458059  0.83294818 40.39524661  1.69724268  1.76197433]
at minimum 73.1905 accepted 1  with params [-3.8561971  -0.12074591  0.71278764 40.0144692   1.78145039  1.47511265]
at minimum 106.9088 accepted 0  with params [-3.9331751  -0.37627425  0.83394636 40.22258885  1.99999869  1.11324286]
at minimum 95.2269 accepted 0  with params [-3.69754458e+00 -2.56130665e-02  9.19110134e-01  3.97996058e+01
  1.99999998e+00  1.06704068e+00]
at minimum 89.8353 accepted 0  with params [-4.10757411  0.29470207  0.74973613 39.85858543  1.37986938  1.8793988 ]
at minimum 94.2393 accepted 0  with params [-4.07411782 -0.38801482  1.13977005 40.27205504  1.713601    1.26731493]
at minimum nan accepted 1  with params [-4.21274146 -0.10961112  0.71760955 39.92525011  1.8537788   1.53283712]
at minimum 135.2088 accepted 1  with params [-3.94905641 -0.36289682  0.26917309 40.18785034  1.87683437  1.8353771 ]
at minimum 90.9078 accepted 1  with params [-4.11815724 -0.11071017  0.60241187 40.36712746  1.87146417  1.99999988]
at minimum 72.7261 accepted 1  with params [-3.77767972 -0.11574182  0.8225689  40.11561907  1.96642739  2.        ]
at minimum 119.9453 accepted 0  with params [-4.04466648 -0.33807842  0.79695342 40.31117839  2.          1.99999991]
at minimum 149.4088 accepted 0  with params [-3.45462583  0.07027488  0.90389646 39.72091772  2.          1.76550383]
at minimum 96.5367 accepted 0  with params [-3.8274401  -0.34967417  0.700918   40.06080963  1.9999996   1.62916577]
at minimum nan accepted 1  with params [-3.90380283  0.19639848  1.09004043 39.69444228  1.64454795  2.        ]
at minimum 69.9021 accepted 1  with params [-4.03391511 -0.10908866  1.52297204 39.24962679  1.22742499  2.        ]
at minimum 221.8348 accepted 0  with params [-4.40225888 -0.37144576  1.41099563 38.84192959  1.2117412   1.85555621]
at minimum 137.8266 accepted 0  with params [-4.18536085 -0.47062721  1.23914234 38.85779377  1.36629028  1.68451357]
at minimum 76.2066 accepted 0  with params [-3.82365813e+00 -9.22199484e-03  1.46505122e+00  3.95750357e+01
  1.55342790e+00  2.00000000e+00]
at minimum 90.0618 accepted 0  with params [-4.21481802  0.238829    1.64813378 39.67989316  1.12857957  2.        ]
at minimum 88.4895 accepted 0  with params [-4.280232    0.26477455  1.10238809 39.59203096  1.57829103  2.        ]
at minimum 75.1190 accepted 0  with params [-4.00356949 -0.28274541  1.86666038 38.99415369  1.40402228  1.66433777]
at minimum 90.3807 accepted 0  with params [-4.34472058  0.2750123   1.16214163 39.49264567  1.35130697  1.73933587]
at minimum 89.6398 accepted 0  with params [-4.00205702  0.21453407  1.21869496 39.4543857   1.0789745   2.        ]
at minimum 93.3682 accepted 0  with params [-4.08147694  0.31302483  1.36184548 39.29972429  1.44102307  1.80432496]
at minimum 122.3017 accepted 0  with params [-3.65748407  0.19406567  1.18133012 39.20052965  1.399719    1.84940158]
at minimum nan accepted 1  with params [-3.81641445 -0.54491056  1.27642523 39.49238982  1.58340388  2.        ]
at minimum 66.7281 accepted 1  with params [-3.93491961 -0.1402655   1.35065289 39.61199296  1.34891301  1.70258716]
at minimum nan accepted 1  with params [-3.98344396  0.04084446  0.96295545 39.74762152  0.93323939  1.27169641]
at minimum 118.7626 accepted 1  with params [-3.61234048  0.24343351  0.52420982 39.42322012  0.9218188   1.23787975]
at minimum 29651.8860 accepted 0  with params [-3.29869227  0.15959461  0.72892891 39.13018548  0.65228054  1.45019666]
at minimum 109.7893 accepted 1  with params [-3.67590078  0.20110726  0.70697241 39.04384059  0.94591092  0.92916748]
at minimum 202969.7990 accepted 0  with params [-3.33944903  0.62646438  0.43769767 39.48377088  1.08968384  0.8276037 ]
at minimum 97.8211 accepted 1  with params [-3.62876076 -0.11971713  0.77567957 38.84436578  1.00225943  0.91054485]
at minimum 25161.0944 accepted 0  with params [-3.22703612 -0.47665071  1.21952017 39.11613405  1.13662984  1.31840669]
at minimum 13891.2522 accepted 0  with params [-3.2947505  -0.51687994  0.70221848 38.39741044  1.44627056  0.61695534]
at minimum 14940.3297 accepted 0  with params [-3.27913051  0.17781001  1.0544725  39.2199989   1.44790242  1.10056566]
at minimum 76.9571 accepted 1  with params [-3.95293750e+00  2.79736435e-02  9.27992866e-01  3.85703953e+01
  1.24228738e+00  5.30238558e-01]
at minimum 95.6822 accepted 0  with params [-4.10377305 -0.30210904  0.830847   38.73993349  1.33303207  0.10218209]
at minimum nan accepted 1  with params [-4.09833295  0.12936565  0.88107405 38.82063209  1.09051006  0.59759994]
