at minimum 6.8002 accepted 1  with params [-4.82528256  0.4         0.20103457 42.85257471]
at minimum 7.6693 accepted 0  with params [-4.37405464  0.58175305  0.49269969 42.42279662]
at minimum 8.2378 accepted 1  with params [-5.17207644  0.99        0.05       41.64098988]
at minimum 7.1990 accepted 1  with params [-4.90580897  0.646209    0.19268072 44.28491738]
at minimum 8.3662 accepted 0  with params [-5.14300653  0.99        0.40377349 41.47566221]
at minimum 7.4655 accepted 1  with params [-4.99184701  0.72274376  0.06008283 44.15485679]
at minimum 8.0175 accepted 0  with params [-4.54150544  0.99        0.05       41.53100749]
at minimum 7.0426 accepted 1  with params [-4.91849995  0.50606653  0.05       43.82777744]
at minimum 7.8630 accepted 1  with params [-5.26519156  0.83132226  0.18004024 43.67779467]
at minimum 8.4558 accepted 0  with params [-5.71804813  0.99        0.6690948  41.63098802]
at minimum 8.3551 accepted 0  with params [-5.51548854  0.99        0.05       41.76065009]
at minimum 7.2429 accepted 1  with params [-5.00814374  0.62393139  0.29406482 43.99770934]
at minimum 8.0012 accepted 0  with params [-4.2409631   0.99        0.09888823 41.52999933]
at minimum 7.0779 accepted 1  with params [-4.6499782   0.32326139  0.44517694 42.82492186]
at minimum 6.8044 accepted 1  with params [-4.7915185   0.22742174  0.33298913 42.69060477]
at minimum 7.4712 accepted 0  with params [-4.57953778  0.56247554  3.         42.06622879]
at minimum 7.4263 accepted 1  with params [-5.00117685  0.69189327  0.36119262 42.60070888]
at minimum 6.4057 accepted 1  with params [-4.73089774  0.13263462  0.05       44.80529911]
at minimum 7.5703 accepted 0  with params [-5.17556951  0.66382816  0.05000002 44.77912619]
at minimum 6.2045 accepted 1  with params [-4.70829365 -0.26691152  0.20094236 44.43462811]
at minimum 6.7797 accepted 1  with params [-4.54130161 -0.9         0.05       44.16500522]
at minimum 10.3276 accepted 0  with params [-4.82771124 -0.87457313  0.23889788 43.70772997]
at minimum 8.2395 accepted 1  with params [-4.19163325 -0.85592979  0.05       42.42004714]
at minimum 6.5987 accepted 1  with params [-4.6684551  -0.47904536  0.20957008 42.13070091]
at minimum 8.1729 accepted 0  with params [-5.00771196  0.99        0.05       41.5893353 ]
at minimum 12.6619 accepted 0  with params [-5.07336945 -0.52421813  0.05       41.88369348]
at minimum 8.8510 accepted 0  with params [-4.24636785 -0.75378239  0.60470751 41.12005391]
at minimum 6.8313 accepted 0  with params [-4.52720827 -0.9         0.12183234 41.74975774]
at minimum 12.1826 accepted 0  with params [-4.96798267 -0.19190424  0.63279772 41.66619386]
at minimum 18.7218 accepted 0  with params [-5.12561508 -0.9         0.48271038 10.        ]
at minimum 7.2235 accepted 0  with params [-4.84188006 -0.20173677  0.13333227 41.9049009 ]
at minimum 8.2616 accepted 0  with params [-4.43168841 -0.80902226  0.46672252 41.5618009 ]
at minimum 6.2170 accepted 1  with params [-4.82441716 -0.28758613  0.07897198 48.78850612]
at minimum 16.9392 accepted 0  with params [-5.27086410e+00 -6.27337652e-01  5.00000000e-02  8.54782536e+01]
at minimum 11.5926 accepted 0  with params [-4.97953085 -0.78581529  0.05       48.2975348 ]
at minimum 6.1189 accepted 1  with params [-4.90754489  0.10781228  0.05       49.243486  ]
at minimum 7.4746 accepted 0  with params [-5.01161503  0.05526552  0.31052893 48.95077437]
at minimum 10.4722 accepted 0  with params [-5.35610477  0.11043001  0.26008662 49.71091757]
at minimum 8.3188 accepted 0  with params [-5.3914409   0.99        0.05       41.71894754]
at minimum 14.2747 accepted 0  with params [-5.29766559 -0.33103499  0.05933058 49.46878429]
at minimum 6.8859 accepted 1  with params [-4.93464798  0.44554597  0.07947698 48.77504177]
at minimum 6.2487 accepted 1  with params [-4.78297668 -0.39998735  0.08622124 48.95854504]
at minimum 8.1572 accepted 0  with params [-4.95488924  0.99        0.06378128 41.20030179]
at minimum 11.2184 accepted 0  with params [-5.00130308e+00 -8.20859818e-01  5.00000070e-02  6.07671585e+01]
at minimum 13.5210 accepted 0  with params [-5.17809394 -0.47099649  0.05       48.73849272]
at minimum 6.7307 accepted 0  with params [-4.99451778e+00 -1.20036263e-02  5.00000000e-02  4.84621746e+01]
at minimum 6.6403 accepted 1  with params [-4.71090765 -0.6776573   0.05       48.40860795]
at minimum 8.5925 accepted 0  with params [-4.31243827 -0.9         0.09627532 48.42832003]
at minimum 7.0878 accepted 0  with params [-4.42313042 -0.2853044   0.07151188 42.62603837]
at minimum 7.7015 accepted 0  with params [-4.98557114 -0.25479489  0.05       48.56157263]
at minimum 6.5359 accepted 1  with params [-4.68439632 -0.66871332  0.15095392 47.88764339]
at minimum 6.7786 accepted 1  with params [-4.51156502 -0.8032725   0.05011603 44.1050971 ]
at minimum 8.5546 accepted 0  with params [-4.15316449 -0.44662294  0.41552993 41.12000491]
at minimum 8.0755 accepted 0  with params [-4.94075500e+00 -5.58262048e-01  5.00000000e-02  5.62805246e+01]
at minimum 9.3609 accepted 0  with params [-4.94582770e+00 -7.38686163e-01  5.00000000e-02  5.84827803e+01]
at minimum 7.8907 accepted 0  with params [-4.30360195 -0.63340393  0.20807399 44.3858812 ]
at minimum 7.7796 accepted 0  with params [-4.73006144 -0.9         0.10993889 44.27629962]
at minimum 6.4918 accepted 1  with params [-4.59158471 -0.72484921  0.11384666 44.20197175]
at minimum 8.1949 accepted 0  with params [-4.20155295 -0.71846772  0.08287646 43.81374672]
at minimum 9.3603 accepted 0  with params [-4.87926678e+00 -9.00000000e-01  5.00000000e-02  5.43050397e+01]
at minimum 7.6243 accepted 0  with params [-4.84052766 -0.48482843  0.14190059 44.0785226 ]
at minimum 8.0567 accepted 1  with params [-4.36846647 -0.3762574   0.50712549 41.12207977]
at minimum 8.5599 accepted 0  with params [-4.70799898  0.99        0.58870558 41.09182551]
at minimum 9.6167 accepted 0  with params [-4.72631225 -0.66585099  0.44100821 41.0023263 ]
at minimum 8.7590 accepted 0  with params [-4.68234598 -0.76549254  0.35674541 40.89584723]
at minimum 8.1924 accepted 1  with params [-4.50547064 -0.53863258  0.58039374 41.63234956]
at minimum 8.4613 accepted 0  with params [-4.12370498 -0.29844865  0.36560278 41.12000072]
at minimum 7.2102 accepted 1  with params [-4.44575955 -0.13296895  0.28689927 41.38637061]
at minimum 8.0318 accepted 0  with params [-4.20989537 -0.50794264  0.12727198 41.28323256]
at minimum 7.4716 accepted 1  with params [-4.3635352  -0.17962424  0.05       41.210034  ]
at minimum 6.6489 accepted 1  with params [-4.7263477   0.13939888  0.26410517 41.29607241]
at minimum 7.3541 accepted 1  with params [-4.63360073  0.04751708  0.51039237 41.38036033]
at minimum 7.7978 accepted 1  with params [-4.57563258  0.13490873  0.89653689 41.691593  ]
at minimum 7.6407 accepted 1  with params [-4.34829783  0.47615757  1.23997414 42.42237674]
at minimum 7.7216 accepted 1  with params [-4.6621645   0.37976068  1.13894354 40.61152989]
at minimum 9.4493 accepted 1  with params [-4.81076286  0.05580993  1.06775129 40.67696864]
at minimum 8.6060 accepted 1  with params [-5.10984328  0.99        1.04081316 40.93213474]
at minimum 8.7295 accepted 0  with params [-4.88444761  0.99        0.99971754 41.00369448]
at minimum 8.1500 accepted 1  with params [-4.9289119   0.99        0.07745299 41.2626489 ]
at minimum 8.0756 accepted 1  with params [-4.74907372  0.99        0.05       41.5411942 ]
at minimum 8.0731 accepted 1  with params [-5.19358072  0.90137186  0.05       41.61303331]
at minimum 8.1214 accepted 1  with params [-4.83976009  0.99        0.09613891 41.5111143 ]
at minimum 8.2447 accepted 1  with params [-4.64522044  0.99        0.30923344 41.43487363]
at minimum 7.8634 accepted 1  with params [-4.26665932  0.65808104  0.35713663 42.42013148]
at minimum 8.0040 accepted 1  with params [-4.44572233  0.99        0.05       41.53019308]
at minimum 7.6985 accepted 1  with params [-4.48108043  0.73043744  0.40499827 41.52863044]
at minimum 7.7070 accepted 1  with params [-4.23012701  0.39657353  2.47331648 41.57535892]
at minimum 7.8961 accepted 1  with params [-4.27221123  0.57058756  2.37061743 42.0732344 ]
at minimum 7.9595 accepted 1  with params [-4.08783733  0.25906284  2.41368941 42.4826855 ]
at minimum 7.6571 accepted 1  with params [-4.51886578  0.37431838  2.19759601 41.71837615]
at minimum 8.8103 accepted 0  with params [-4.94005196  0.99        2.13876125 40.92084   ]
at minimum 7.4952 accepted 1  with params [-4.78516921  0.76912636  0.36987779 42.83267111]
at minimum 7.4991 accepted 1  with params [-4.44234262  0.42875487  0.55783474 41.5407658 ]
at minimum 7.2019 accepted 1  with params [-4.76000582  0.4629504   0.48763993 41.91349333]
at minimum 8.4786 accepted 0  with params [-5.03835735  0.04429377  0.21184841 42.25944895]
at minimum 7.4025 accepted 1  with params [-4.56573039  0.37428399  0.70661239 41.71694254]
at minimum 7.2721 accepted 1  with params [-4.63276027  0.53223971  0.51097182 42.63490487]
at minimum 7.6406 accepted 0  with params [-4.3520011   0.48382028  0.45155562 42.73002813]
at minimum 8.0541 accepted 1  with params [-4.23650825  0.13782099  0.66593397 42.80510879]
at minimum 7.7432 accepted 1  with params [-4.47828531 -0.05928271  0.58350097 43.15382855]
at minimum 8.3153 accepted 1  with params [-4.57539136 -0.32701477  0.71124498 43.48488469]
