at minimum 88.9639 accepted 1  with params [-4.36882459  0.4         0.12032459 41.39251314]
at minimum 106.4457 accepted 0  with params [-4.50820816  0.61242921  0.05000002 41.7039966 ]
at minimum 80.9806 accepted 1  with params [-4.37083167 -0.14073732  0.57484577 42.55030025]
at minimum 163.2232 accepted 0  with params [-4.46046423 -0.60205295  1.05662151 40.19723113]
at minimum 117.4092 accepted 0  with params [-4.67156911  0.17596845  0.68828096 42.83420438]
at minimum 82.5751 accepted 0  with params [-4.24462693e+00  1.70573809e-02  1.05937358e+00  4.20958253e+01]
at minimum 73.0103 accepted 1  with params [-4.04282788  0.19397017  0.05351553 40.91992812]
at minimum 64.8994 accepted 1  with params [-4.33860487 -0.40062661  0.05       43.87412133]
at minimum 47.3388 accepted 1  with params [-4.20174959 -0.54362025  0.06898222 43.25277638]
at minimum 99.5090 accepted 0  with params [-4.50793048 -0.08451919  0.56646597 43.56332579]
at minimum 75.4520 accepted 0  with params [-3.81072953 -0.9         3.         39.92386132]
at minimum 93.5368 accepted 0  with params [-4.56019047  0.32001677  0.05       43.58315856]
at minimum 72.3692 accepted 0  with params [-4.33822692 -0.66998404  0.05       43.82485248]
at minimum 52.6100 accepted 0  with params [-4.05832237 -0.17968744  0.05000002 43.18042858]
at minimum 73.4528 accepted 0  with params [-3.79516736 -0.9         0.41038764 39.77161679]
at minimum 64.9978 accepted 0  with params [-4.17931975 -0.30407216  0.56300526 43.16360761]
at minimum 40.8793 accepted 1  with params [-4.01562657 -0.69921018  0.18087471 43.5474134 ]
at minimum 34.9795 accepted 1  with params [-4.05223661 -0.87961199  0.05000014 42.14314919]
at minimum 41.3564 accepted 0  with params [-4.10639208 -0.59284088  0.15061944 41.79906474]
at minimum 39.1449 accepted 0  with params [-3.92459892 -0.9         0.05000005 42.26489389]
at minimum 49.9204 accepted 0  with params [-3.87935301 -0.9         0.20746083 42.29876124]
at minimum 45.0255 accepted 0  with params [-4.16567706 -0.9         0.05       42.77748318]
at minimum 51.4261 accepted 0  with params [-4.20729731 -0.87174971  0.05000003 42.25410795]
at minimum 110.1386 accepted 0  with params [-4.38043528 -0.87426915  0.38240144 42.4363952 ]
at minimum 37.4720 accepted 0  with params [-4.06614606 -0.64841162  0.05       42.35601771]
at minimum 70.3023 accepted 0  with params [-4.19868171 -0.9         0.51294121 41.49159602]
at minimum 62.1330 accepted 0  with params [-3.80901869 -0.68959428  0.05000001 42.44117655]
at minimum 134.1550 accepted 0  with params [-4.46048284 -0.9         0.05       41.94933595]
at minimum 82.1350 accepted 0  with params [-3.72307597 -0.9         0.05       39.20036493]
at minimum 131.7412 accepted 0  with params [-4.45269322 -0.9         0.21804109 41.80753812]
at minimum 69.6147 accepted 0  with params [-4.25075684 -0.60048942  0.51389857 42.18299966]
at minimum 92.9479 accepted 0  with params [-4.3597653  -0.9         0.17566588 42.59556438]
at minimum 76.1897 accepted 0  with params [-3.7597991  -0.58801948  0.05       42.10746879]
at minimum 41.3646 accepted 0  with params [-4.10161556 -0.49267918  0.05       42.00189175]
at minimum 36.1289 accepted 1  with params [-3.95870197 -0.9         0.05       41.64378161]
at minimum 140.3358 accepted 0  with params [-3.59639352 -0.5874494   0.05       36.9424593 ]
at minimum 54.0672 accepted 0  with params [-3.99842058 -0.52289944  0.40108701 41.27412886]
at minimum 83.0499 accepted 0  with params [-3.72823779 -0.9         3.         39.69542151]
at minimum 40.3280 accepted 0  with params [-4.12000839 -0.9         0.09616254 41.76637618]
at minimum 75.2826 accepted 0  with params [-3.8138074  -0.9         3.         39.92962287]
at minimum 94.9703 accepted 0  with params [-4.42806674  0.2159529   1.01124468 41.7082416 ]
at minimum 72.8263 accepted 0  with params [-4.3153056  -0.80538474  0.05       43.52885674]
at minimum 35.3543 accepted 1  with params [-4.06225934 -0.9         0.05       41.9803243 ]
at minimum 35.6845 accepted 0  with params [-4.03788104 -0.76198475  0.05       41.71542941]
at minimum 37.4125 accepted 0  with params [-4.09700265 -0.9         0.05000001 42.36723177]
at minimum 50.9799 accepted 0  with params [-4.13687862 -0.43531928  0.32115585 42.18463515]
at minimum 35.8773 accepted 1  with params [-4.07378313 -0.9         0.05       42.30114639]
at minimum 63.5197 accepted 0  with params [-4.26171545 -0.9         0.0500006  43.15704579]
at minimum 61.8201 accepted 0  with params [-4.23553978 -0.9         0.26844589 42.32283779]
at minimum 59.0845 accepted 0  with params [-4.29897869 -0.4161827   0.05       43.6144172 ]
at minimum 165.1395 accepted 0  with params [-4.52189097 -0.9         0.05000001 41.95322301]
at minimum 78.0084 accepted 0  with params [-4.36096539 -0.66400662  0.0520734  44.69827512]
at minimum 36.1125 accepted 0  with params [-4.07648767 -0.9         0.05000003 41.92968158]
at minimum 76.5901 accepted 0  with params [-4.35615646 -0.63690408  0.05       42.15662565]
at minimum 89.7341 accepted 0  with params [-3.69385978 -0.76899437  3.         39.62607303]
at minimum 165.3574 accepted 0  with params [-4.49159035 -0.9         0.38776853 42.5691715 ]
at minimum 37.4170 accepted 0  with params [-3.9423168  -0.9         0.05000008 42.11543552]
at minimum 58.2430 accepted 0  with params [-4.28183271 -0.48752195  0.17259252 42.64293088]
at minimum 36.1870 accepted 1  with params [-4.07920292 -0.9         0.05       42.37125346]
at minimum 49.9130 accepted 0  with params [-4.19581651 -0.9         0.05       42.48183119]
at minimum 38.3906 accepted 0  with params [-4.00718679 -0.62014067  0.05       41.98645952]
at minimum 56.4130 accepted 0  with params [-3.94302982 -0.65934351  0.43982073 40.90297159]
at minimum 40.4050 accepted 0  with params [-4.02157528 -0.52129054  0.05       42.03191037]
at minimum 106.8099 accepted 0  with params [-4.39950795 -0.9         0.05       43.65035627]
at minimum 41.1577 accepted 0  with params [-4.13592239 -0.9         0.05       42.64617327]
at minimum 65.6544 accepted 0  with params [-4.28139913 -0.83342406  0.05       42.78589488]
at minimum 64.6443 accepted 0  with params [-4.26545409 -0.9         0.05       42.46329952]
at minimum 75.1624 accepted 0  with params [-3.74366475 -0.9         0.05       39.50276445]
at minimum 51.9365 accepted 0  with params [-4.11415412 -0.66625578  0.42846072 41.82288456]
at minimum 73.9150 accepted 0  with params [-3.75727954 -0.9         0.05000013 42.1205306 ]
at minimum 34.4306 accepted 1  with params [-4.03054295 -0.9         0.05       42.10424238]
at minimum 60.2198 accepted 0  with params [-4.29679937 -0.54694923  0.05       43.64227968]
at minimum 56.0456 accepted 0  with params [-4.20500468 -0.43462236  0.35839868 42.06110259]
at minimum 89.4126 accepted 0  with params [-3.70972246 -0.5179533   0.05       39.16319967]
at minimum 35.7070 accepted 0  with params [-4.07058792 -0.9         0.05       42.32625918]
at minimum 34.5693 accepted 1  with params [-4.01890395 -0.86609293  0.05       42.00163441]
at minimum 117.3804 accepted 0  with params [-3.58210648 -0.51472772  3.         38.91125074]
at minimum 37.2864 accepted 0  with params [-3.99140912 -0.9         0.16533939 42.15437357]
at minimum 89.7699 accepted 0  with params [-3.73428209 -0.9         0.4774133  39.15852309]
at minimum 40.8744 accepted 0  with params [-4.13432404 -0.69595066  0.05       41.59067385]
at minimum 56.1073 accepted 0  with params [-4.15066157 -0.9         0.41176649 41.80305289]
at minimum 47.4718 accepted 0  with params [-4.18064904 -0.9         0.05       42.22369651]
at minimum 109.2017 accepted 0  with params [-3.6714733  -0.9         0.06540806 41.7059537 ]
at minimum 54.2184 accepted 0  with params [-3.82290123 -0.9         0.05       40.46956255]
at minimum 58.4315 accepted 0  with params [-3.85974154 -0.42493207  0.09586946 40.76882524]
at minimum 58.6250 accepted 0  with params [-3.8140218  -0.71024665  0.05000014 40.43887126]
at minimum 92.1025 accepted 0  with params [-4.31031756 -0.9         0.42771018 42.23326347]
at minimum 38.8825 accepted 0  with params [-4.10320819 -0.66096222  0.05       41.71472889]
at minimum 126.7393 accepted 0  with params [-4.44726802 -0.9         0.05       43.82994162]
at minimum 41.3170 accepted 0  with params [-4.00474662 -0.50779843  0.05       41.91614944]
at minimum 59.1770 accepted 0  with params [-3.80647252 -0.78164491  0.05000008 40.27903537]
at minimum 100.4774 accepted 0  with params [-4.38023089 -0.9         0.05000001 42.03273207]
at minimum 44.8498 accepted 0  with params [-3.92190787 -0.59994429  0.05000001 42.2347144 ]
at minimum 154.2743 accepted 0  with params [-3.58583199 -0.9         0.05       36.10795702]
at minimum 53.7384 accepted 0  with params [-3.82518793 -0.9         0.05       40.49368733]
at minimum 56.1365 accepted 0  with params [-4.11896327 -0.9         0.47111615 41.81972801]
at minimum 102.3909 accepted 0  with params [-4.38545884 -0.9         0.05000001 42.06928797]
at minimum 36.0967 accepted 0  with params [-4.07436571 -0.9         0.05000007 41.70908665]
at minimum 79.9826 accepted 0  with params [-4.37967589 -0.61336749  0.05       44.13429753]
at minimum 44.8110 accepted 0  with params [-4.16355322 -0.9         0.05       42.31995583]
at minimum 48.8153 accepted 0  with params [-4.00761664 -0.76912306  0.39640216 41.98457243]
