at minimum 17.8982 accepted 1  with params [-4.5         0.4         3.         31.45003311]
at minimum 21.9860 accepted 0  with params [-4.31752315  0.32646071  2.68328366 30.43182385]
at minimum 19.5566 accepted 0  with params [-4.11984108 -0.23194388  2.77088856 30.22082805]
at minimum 22.7754 accepted 0  with params [-4.01569425 -0.39103148  2.60681493 29.79373391]
at minimum 14.9072 accepted 1  with params [-4.5719357   0.26521956  3.         32.57359253]
at minimum 20.1911 accepted 0  with params [-4.65486321  0.16820977  2.86677166 32.25374086]
at minimum 19.1047 accepted 0  with params [-4.80396618  0.54190343  3.         33.18620814]
at minimum 88.9326 accepted 0  with params [-4.84398397 -0.08958751  3.         32.649471  ]
at minimum 16.2773 accepted 0  with params [-4.55428134  0.37702432  2.83093585 31.91312087]
at minimum 16.4917 accepted 0  with params [-4.73324977  0.43289692  3.         33.38466919]
at minimum 41.3873 accepted 0  with params [-4.75459161  0.06216304  3.         32.32402692]
at minimum 16.4021 accepted 0  with params [-4.27760257 -0.03831377  3.         30.94634158]
at minimum 15.4367 accepted 1  with params [-4.68027725  0.35916462  2.64390333 33.06902041]
at minimum 19.3067 accepted 0  with params [-4.44263897  0.32474606  2.85069355 33.42363677]
at minimum 17.9650 accepted 0  with params [-4.6978246   0.20584233  2.2384093  33.58469255]
at minimum 25.1179 accepted 0  with params [-4.97543075  0.66806182  2.3848385  32.86921609]
at minimum 21.7150 accepted 0  with params [-4.9840004   0.57612023  2.97578734 34.70855976]
at minimum 28.2777 accepted 0  with params [-5.16010757  0.5587627   2.47457602 33.34078447]
at minimum 29.1459 accepted 0  with params [-4.73558799  0.13638116  2.99108549 33.56061239]
at minimum 63.0894 accepted 0  with params [-4.91216911  0.05397925  2.33518904 33.3463615 ]
at minimum 15.2255 accepted 1  with params [-4.71933994  0.36139786  0.66518434 33.18277789]
at minimum 16.9719 accepted 0  with params [-4.90200823  0.44308013  0.53372476 34.97181255]
at minimum 32.7001 accepted 0  with params [-4.29066402  0.49842187  1.141266   29.44357611]
at minimum 20.7942 accepted 0  with params [-4.29659337  0.28840636  3.         30.52762895]
at minimum 21.1541 accepted 0  with params [-4.63794463  0.50726465  0.96393907 31.35865652]
at minimum 17.0001 accepted 0  with params [-4.29422689 -0.15399896  1.11456891 30.78638934]
at minimum 15.1495 accepted 1  with params [-4.78595263  0.3606297   0.72049562 33.01567753]
at minimum 43.7346 accepted 0  with params [-4.63969739  0.84353369  3.         28.83767944]
at minimum 37.8911 accepted 0  with params [-5.10333799  0.83003963  0.57675116 31.31430942]
at minimum 50.9440 accepted 0  with params [-5.14653428  0.99        0.87864334 27.88080423]
at minimum 26.6482 accepted 0  with params [-4.95311339  0.65144328  0.42983863 32.90057717]
at minimum 20.3267 accepted 0  with params [-5.13017906  0.46344646  0.83311708 37.94347445]
at minimum 17.6928 accepted 0  with params [-4.72889768  0.32034221  0.35644003 32.3353675 ]
at minimum 34.7940 accepted 0  with params [-4.41785127  0.71093762  0.39637484 29.39358106]
at minimum 22.1523 accepted 0  with params [-4.97212755  0.30070841  1.11647162 36.85611372]
at minimum 26.1928 accepted 0  with params [-5.12097856  0.65428913  0.85141016 32.81563543]
at minimum 61.1508 accepted 0  with params [-5.21720677  0.26794622  1.07293548 33.24496853]
at minimum 17.6112 accepted 0  with params [-4.60486506  0.10387175  0.27060553 33.61731208]
at minimum 15.5917 accepted 1  with params [-4.66263441  0.105987    0.90510232 32.82145576]
at minimum 18.4037 accepted 0  with params [-4.85445193  0.51595227  0.94797756 33.2613146 ]
at minimum 22.9155 accepted 0  with params [-5.0735652   0.52481979  0.44356914 33.99268444]
at minimum 45.6031 accepted 0  with params [-4.81647754 -0.13968438  0.72234875 32.84730473]
at minimum 17.5498 accepted 0  with params [-4.83112572  0.49101521  1.08226416 33.23167495]
at minimum 14.6212 accepted 1  with params [-4.65478376  0.18530247  1.17393126 33.01178437]
at minimum 16.7124 accepted 0  with params [-4.63972202  0.40285254  1.34948502 31.97928815]
at minimum 26.8208 accepted 0  with params [-4.76867822  0.65553052  0.81548573 31.13434923]
at minimum 25.3705 accepted 0  with params [-4.23319713  0.28695926  0.67697006 29.96587214]
at minimum 52.1371 accepted 0  with params [-5.08029173  0.99        1.17493893 27.75044125]
at minimum 19.3493 accepted 0  with params [-5.05322448  0.49356162  0.96596942 36.07303123]
at minimum 37.6536 accepted 0  with params [-4.23118013 -0.9         1.21659971 29.17443371]
at minimum 18.3054 accepted 0  with params [-4.88318017  0.50965593  0.77250363 33.72190956]
at minimum 17.3783 accepted 0  with params [-4.37196645e+00  7.99368102e-03  1.44349700e+00  3.30042820e+01]
at minimum 29.0877 accepted 0  with params [-4.30492429  0.43158136  1.4194374  29.74693416]
at minimum 20.5303 accepted 0  with params [-4.30398468  0.09415283  1.51876743 32.88781491]
at minimum 14.1406 accepted 1  with params [-4.64963667  0.22876218  1.09520367 32.76566057]
at minimum 24.4774 accepted 0  with params [-4.93640852  0.65396701  1.42759997 32.42407883]
at minimum 88.2933 accepted 0  with params [-4.90999057 -0.19773402  1.03344346 33.11103297]
at minimum 21.7438 accepted 0  with params [-4.89936018  0.18665933  0.82011231 36.69211906]
at minimum 16.7788 accepted 0  with params [-4.44878421 -0.07751239  1.43465087 32.37854639]
at minimum 25.8759 accepted 0  with params [-5.03746503  0.67399053  1.4020542  32.37426336]
at minimum 17.6449 accepted 0  with params [-4.25473549 -0.1823414   0.89596814 30.64919353]
at minimum 111.2548 accepted 0  with params [-4.98527802 -0.14872993  1.36534596 35.04261641]
at minimum 18.8836 accepted 0  with params [-4.87187056  0.53500039  1.42596807 33.25214117]
at minimum 15.3510 accepted 0  with params [-4.7058582   0.36387889  0.80802546 32.25495985]
at minimum 18.7034 accepted 0  with params [-4.31218643 -0.15361738  1.55289047 32.79611925]
at minimum 79.4913 accepted 0  with params [-4.8627561  -0.16816716  1.42572037 32.9230201 ]
at minimum 45.9434 accepted 0  with params [-5.00071962  0.99        0.05       28.42860004]
at minimum 14.4859 accepted 1  with params [-4.7046629   0.28098802  1.06914888 32.58056018]
at minimum 53.2631 accepted 0  with params [-4.97348953  0.99        1.21547763 27.64472698]
at minimum 17.9284 accepted 0  with params [-5.02545729  0.41987611  0.45052283 36.47411419]
at minimum 37.7110 accepted 0  with params [-4.26467015  0.574161    1.16726028 29.04310047]
at minimum 22.1766 accepted 0  with params [-4.83248638  0.61512642  3.         32.6317123 ]
at minimum 100.2570 accepted 0  with params [-5.0807714  -0.0803604   0.67181224 32.72971057]
at minimum 14.0242 accepted 1  with params [-4.57015531  0.15262402  0.93987852 32.37753129]
at minimum 19.0823 accepted 0  with params [-4.97295847  0.50291373  0.65457878 33.74508938]
at minimum 14.6201 accepted 0  with params [-4.66770653  0.14995298  0.67674333 32.40835529]
at minimum 20.3163 accepted 0  with params [-4.47931597  0.44705057  3.         31.06855624]
at minimum 17.9560 accepted 0  with params [-4.65119350e+00  3.24769826e-03  7.85218064e-01  3.25910010e+01]
at minimum 32.6608 accepted 0  with params [-4.23616403  0.46278172  0.9254864  29.39139045]
at minimum 16.9244 accepted 0  with params [-4.87386554  0.40810875  1.37780798 33.63373144]
at minimum 15.1995 accepted 0  with params [-4.69181288  0.20785654  1.02438536 32.09707968]
at minimum 19.4062 accepted 0  with params [-4.23603114 -0.27981312  1.30512529 31.83556549]
at minimum 15.2311 accepted 0  with params [-4.70063775  0.34223601  0.99317404 31.81989695]
at minimum 19.3007 accepted 0  with params [-4.7164386   0.48552378  0.66565665 31.58270508]
at minimum 21.0297 accepted 0  with params [-4.15053342 -0.08697509  0.61692561 30.20067635]
at minimum 32.5051 accepted 0  with params [-4.3274514   0.56281714  3.         29.58526408]
at minimum 18.2967 accepted 0  with params [-4.41174668 -0.26709838  0.60645449 32.79476019]
at minimum 14.4964 accepted 1  with params [-4.50376416  0.07000845  1.07564613 31.9369214 ]
at minimum 17.1562 accepted 0  with params [-4.79737593  0.47584313  1.3103556  33.00797526]
at minimum 14.0982 accepted 1  with params [-4.63939584  0.21779741  0.87801504 32.1829522 ]
at minimum 15.9765 accepted 0  with params [-4.75883144  0.27668542  0.88964125 31.99321351]
at minimum 15.1091 accepted 0  with params [-4.73949434  0.1341827   0.46062382 35.11766091]
at minimum 67.5575 accepted 0  with params [-5.00575369  0.06449928  1.31104094 32.43740658]
at minimum 41.1767 accepted 0  with params [-4.95178627  0.10053681  0.64575521 32.10542797]
at minimum 16.7658 accepted 0  with params [-4.79398507  0.29691545  0.7764142  31.96964593]
at minimum 14.6448 accepted 0  with params [-4.72499473  0.32074578  0.77912614 32.58117485]
at minimum 39.0862 accepted 0  with params [-4.21066573  0.62115315  0.70596216 28.87640335]
at minimum 28.7112 accepted 0  with params [-4.43008857  0.5933364   0.09896792 30.32618091]
at minimum 17.1142 accepted 0  with params [-4.5861417   0.43098326  3.         31.98048997]
at minimum 31.4218 accepted 0  with params [-4.35994382  0.56809715  3.         29.71745272]
at minimum 30.5257 accepted 0  with params [-4.33906448  0.4930584   1.20991697 29.66975887]
