at minimum nan accepted 1  with params [-4.5  0.4  0.5 40.   1.   1. ]
at minimum 126.0977 accepted 1  with params [-4.71689983  0.64206388  0.05000054 40.05424963  1.05739506  1.25132342]
at minimum 29.2572 accepted 1  with params [-5.18616209  0.2240173   0.05       39.56431284  1.35959494  1.0428696 ]
at minimum 96.3047 accepted 0  with params [-5.04593452  0.49697922  0.17169859 39.89504563  1.48007425  1.25216366]
at minimum nan accepted 1  with params [-5.35886658  0.69293641  0.51030552 40.02617482  1.22693006  0.98013341]
at minimum 114.3811 accepted 1  with params [-4.96964042  0.4877573   0.24734235 39.85481271  1.64728607  1.02949873]
at minimum 327.3515 accepted 0  with params [-4.5089453   0.97852969  0.33867519 40.00034997  1.37482642  1.48386275]
at minimum 569.3191 accepted 0  with params [-5.11561134  0.60959552  0.05       39.66631733  2.          0.69895871]
at minimum 166.5618 accepted 0  with params [-4.65341433  0.49159377  0.43136546 39.44056767  1.83806266  0.77263952]
at minimum 85320.4839 accepted 0  with params [-5.28502769  0.94096538  0.05       40.02315661  2.          0.98668873]
at minimum 221.3493 accepted 0  with params [-4.8436669   0.80591902  0.38603879 39.94364406  1.2722905   0.87755768]
at minimum 178.3016 accepted 0  with params [-4.5216217   0.74293641  0.14867568 39.47028673  1.2326549   1.05068668]
at minimum 151.1966 accepted 0  with params [-4.99337432  0.49092424  0.05000004 39.87300332  1.97106376  0.9527607 ]
at minimum 17.8328 accepted 1  with params [-5.22536815  0.32610229  0.05       40.08385745  1.47091558  0.56868073]
at minimum 47.7069 accepted 0  with params [-5.00455087  0.24298052  0.41422375 40.49915626  1.43091811  0.32210043]
at minimum 51.7932 accepted 0  with params [-5.148321    0.11634957  0.05       39.60641941  1.55321607  0.37792696]
at minimum 56.9196 accepted 0  with params [-5.31142771  0.28748878  0.34931008 39.90443272  1.56439176  0.17602933]
at minimum 45.1295 accepted 0  with params [-4.78690578  0.24258199  0.23855818 39.8007737   1.1742545   0.55665858]
at minimum 260.2623 accepted 0  with params [-5.64437452 -0.12303133  0.05000036 40.4131935   1.04117352  0.95719642]
at minimum 40.7002 accepted 0  with params [-4.73116060e+00 -2.51324250e-02  5.00000025e-02  3.97386179e+01
  1.68638454e+00  1.00204303e+00]
at minimum 57.2465 accepted 0  with params [-4.87902997e+00 -2.84386062e-02  5.14348813e-01  4.02912051e+01
  1.36957819e+00  1.20295649e-01]
at minimum 145.5451 accepted 0  with params [-5.43544054 -0.13148221  0.05       39.86848797  1.13670628  0.12707401]
at minimum nan accepted 1  with params [-5.5337355   0.5619413   0.18096829 40.46698267  1.77593419  0.98409619]
at minimum nan accepted 1  with params [-5.90684134  0.99        0.36523105 40.3787907   1.57250141  1.10687273]
at minimum nan accepted 1  with params [-6.          0.99        0.60310311 40.73889504  1.82074857  0.88618727]
at minimum nan accepted 1  with params [-6.          0.99        0.24560694 40.84154972  1.56220598  0.4526195 ]
at minimum 863.2618 accepted 1  with params [-5.70827286  0.99        0.6479173  40.55800076  1.36118393  0.81257197]
at minimum 17957.8984 accepted 0  with params [-5.76115962  0.98999998  1.08258126 40.94755074  1.82430814  0.94926004]
at minimum 264.9566 accepted 1  with params [-5.99999996  0.85139115  1.01474812 41.01899962  1.23219178  1.26189646]
at minimum 64.7657 accepted 1  with params [-5.60884273  0.4476895   1.16307746 41.42774757  1.34432118  1.65502919]
at minimum 393.5572 accepted 0  with params [-5.21040263  0.89160862  1.3344447  41.07030869  1.33818638  1.16933199]
at minimum 39.3663 accepted 1  with params [-5.73214985  0.32536052  1.12337779 41.54685793  0.86319484  1.24860181]
at minimum 67.0921 accepted 0  with params [-5.97671553  0.60184874  1.08667005 41.84062446  0.81551453  1.41995589]
at minimum 36.4774 accepted 1  with params [-5.77395064  0.35135218  1.09213741 41.19024788  1.03569407  1.25119273]
at minimum 78.6914 accepted 0  with params [-5.75042077  0.70008302  0.67157089 41.32487178  1.09452764  0.86400575]
at minimum 56.3580 accepted 0  with params [-5.35815956  0.44639674  1.34047328 41.31253265  1.53462731  1.00672833]
at minimum 132.0105 accepted 0  with params [-5.39437381 -0.10912447  0.82853568 41.1027449   0.71440695  0.94473858]
at minimum 33.1658 accepted 1  with params [-5.50879138  0.31484774  0.7982685  40.99570606  1.51773168  1.69881289]
at minimum 79.4921 accepted 0  with params [-5.63178617  0.06806876  0.80152677 41.08260981  1.32214145  1.99392366]
at minimum 26.5835 accepted 1  with params [-5.29898216  0.26308349  0.84744881 41.0561432   1.18362191  1.80627268]
at minimum 147.7365 accepted 0  with params [-5.62027016e+00 -2.48340593e-02  7.33359185e-01  4.06107620e+01
  1.17245181e+00  1.49440952e+00]
at minimum 205.1370 accepted 0  with params [-5.64133692 -0.09421799  0.60605031 40.98060496  1.27818785  1.3637223 ]
at minimum 46.2571 accepted 0  with params [-5.32829875  0.09545076  0.82707297 41.18133941  0.89341898  1.34694782]
at minimum 42.0412 accepted 0  with params [-5.66824936  0.22687284  0.68691245 41.3183914   0.72279304  2.        ]
at minimum 172.7570 accepted 0  with params [-5.78259865e+00 -9.97687046e-03  7.21831177e-01  4.15445993e+01
  9.23319233e-01  2.00000000e+00]
at minimum 178.4724 accepted 0  with params [-4.94071358  0.61936199  0.49462922 40.85433363  1.25945917  1.97723623]
at minimum 55.2194 accepted 0  with params [-4.94585657  0.25892194  0.55006893 41.02371636  1.62002461  1.67316981]
at minimum 82.3914 accepted 0  with params [-4.83334829 -0.22326706  0.49764911 41.12627594  0.87759175  2.        ]
at minimum nan accepted 1  with params [-5.35189305  0.31583623  0.45062337 41.40610191  1.56721023  1.98578888]
at minimum nan accepted 1  with params [-5.30591038  0.75424971  0.11620527 41.37917259  1.50835462  2.        ]
at minimum 132.9795 accepted 1  with params [-4.98192221  0.50807164  0.05       41.21647341  1.3662064   1.89056343]
at minimum 19.7887 accepted 1  with params [-4.99885397  0.1783898   0.2000762  41.18474737  0.94403199  1.7769092 ]
at minimum 120.1898 accepted 0  with params [-4.89387209  0.58400183  0.50596282 41.14094487  0.91150766  1.74842932]
at minimum 81.8062 accepted 0  with params [-5.42718940e+00 -6.73053612e-03  5.49164365e-01  4.14755504e+01
  5.32416705e-01  1.83953836e+00]
at minimum 64.9059 accepted 0  with params [-5.27058289 -0.04548183  0.21525658 41.39918587  0.79198121  1.39681372]
at minimum 33.4038 accepted 0  with params [-5.05434548e+00  5.66713900e-03  5.84730462e-01  4.09070927e+01
  9.20171458e-01  1.66246866e+00]
at minimum 72.8255 accepted 0  with params [-4.88026596  0.47789008  0.05       40.87860324  0.65267681  1.75665818]
at minimum 113.1106 accepted 0  with params [-4.64267635  0.31911341  0.55334988 41.57082252  1.21998828  1.77782687]
at minimum 96.5295 accepted 0  with params [-5.32885181 -0.06837336  0.62144115 41.39447339  1.02620435  1.39945134]
at minimum 88.8430 accepted 0  with params [-5.41817404  0.53633976  0.12083305 41.0278269   1.30562029  1.37509932]
at minimum 99.3013 accepted 0  with params [-5.03751236 -0.08372266  0.05       41.33971755  0.7107072   1.63784733]
at minimum 35.2634 accepted 0  with params [-5.04552961  0.23715396  0.60929116 41.09260875  1.05294151  2.        ]
at minimum 53.5312 accepted 0  with params [-4.78074224  0.21189047  0.46699222 40.73755896  1.0467644   1.39008195]
at minimum 62.5070 accepted 0  with params [-5.32007266e+00 -1.16926027e-02  2.06004622e-01  4.16015800e+01
  5.51009859e-01  1.34261220e+00]
at minimum 36.9520 accepted 0  with params [-4.71248469 -0.16848231  0.19904363 41.22314789  1.22655712  1.67811564]
at minimum 41.4565 accepted 0  with params [-5.30044042  0.3753644   0.22054327 41.56717726  0.8394376   1.79652509]
at minimum 39.1062 accepted 0  with params [-5.40504285  0.36580851  0.64356646 41.03524554  0.83713647  1.92912246]
at minimum 153.4279 accepted 0  with params [-5.14208555 -0.09499728  0.05       41.35228273  1.12718398  1.95035703]
at minimum nan accepted 1  with params [-4.83168903  0.55574633  0.24857575 41.28358951  1.2518818   2.        ]
at minimum 118.1906 accepted 1  with params [-4.47432234  0.22718059  0.50778946 41.38971555  0.92064263  2.        ]
at minimum 235.6957 accepted 0  with params [-4.17302263  0.57664434  0.54977979 41.70529874  0.68665193  1.99999996]
at minimum nan accepted 1  with params [-4.38121227  0.12802462  0.13986554 41.7713789   0.82720416  2.        ]
at minimum 71.0424 accepted 1  with params [-4.5880076  -0.12016553  0.58740388 41.53002433  1.05881432  2.        ]
at minimum 90.3209 accepted 0  with params [-4.54703373 -0.22580946  0.44257939 41.67873386  0.6138571   2.        ]
at minimum 127.6024 accepted 0  with params [-4.33450961  0.05753783  0.90994108 41.17575807  0.85415549  1.965396  ]
at minimum 181.7117 accepted 0  with params [-4.21186814 -0.51195533  0.7256087  41.91551228  1.42984944  2.        ]
at minimum 130.9778 accepted 0  with params [-4.57021859 -0.44446145  0.28489239 41.45905936  1.09788129  1.62579293]
at minimum 162.3738 accepted 0  with params [-4.28666108  0.28969788  0.33812091 41.4216454   1.34536486  2.        ]
at minimum 28.3145 accepted 1  with params [-4.84148411e+00 -3.49804048e-02  3.60953965e-01  4.11789958e+01
  7.82605080e-01  1.79546708e+00]
at minimum 109.3718 accepted 0  with params [-4.42919243 -0.15393824  0.71213832 41.3102189   0.61605012  1.85398545]
at minimum 121.2173 accepted 0  with params [-4.55450596 -0.39584706  0.63189657 40.74856254  0.85111208  1.64709392]
at minimum 69.3657 accepted 0  with params [-4.72941863 -0.18614101  0.63281871 41.27896377  1.13328765  2.        ]
at minimum 97.1427 accepted 0  with params [-4.48463173 -0.20356204  0.60073063 41.11288093  0.66669014  2.        ]
at minimum 101.3824 accepted 0  with params [-4.46019712  0.0613885   0.69926827 41.24747808  0.61793208  1.98523947]
at minimum 924.3642 accepted 0  with params [-4.79103135 -0.37062041  0.05       41.10011621  0.36348627  2.        ]
at minimum 74.1680 accepted 0  with params [-5.22299805 -0.05468855  0.80440245 41.24757383  0.68198196  1.70700657]
at minimum 136.9675 accepted 0  with params [-4.39308465 -0.4816411   0.05000008 40.95413031  0.75211793  1.36967531]
at minimum 114.4489 accepted 0  with params [-4.48767108  0.31011945  0.57259156 40.94513844  0.35431516  1.86379796]
at minimum 63.1139 accepted 0  with params [-4.903669    0.37308773  0.59222097 40.87436897  1.00968085  1.50872397]
at minimum 38.6627 accepted 0  with params [-5.23094413  0.3539608   0.64090408 40.88857887  0.41224421  2.        ]
at minimum 320.8656 accepted 0  with params [-5.11964086 -0.31363831  0.75911816 41.43779234  0.55454781  1.86575857]
at minimum 26.7790 accepted 1  with params [-5.04455022e+00  1.19747633e-02  3.67418527e-01  4.08094258e+01
  1.22491166e+00  1.44950485e+00]
at minimum 458.9784 accepted 0  with params [-5.25615278 -0.33706452  0.05       40.63664586  1.63438044  1.50248393]
at minimum 19.5484 accepted 1  with params [-5.07119602  0.16754362  0.31610289 41.24041869  1.36154976  1.6278941 ]
at minimum 24.6498 accepted 0  with params [-5.24508586  0.14008154  0.74619784 41.36547091  1.51049187  1.71989269]
at minimum 52.6383 accepted 0  with params [-4.77074081  0.25405721  0.17924705 40.99885738  1.47907817  1.28129768]
at minimum 153.6187 accepted 0  with params [-5.12628945  0.58527666  0.05       41.32935963  1.24734423  2.        ]
at minimum 244.4307 accepted 0  with params [-5.50767014 -0.14102747  0.41019047 41.15077209  1.80265403  1.82262352]
at minimum 265.8459 accepted 0  with params [-5.14690514 -0.22436163  0.05       41.37510732  1.69134561  1.42664603]
at minimum 31.8856 accepted 0  with params [-4.81339783  0.12178398  0.26763564 41.08141715  0.91381601  1.55496186]
at minimum 21.4122 accepted 0  with params [-5.15566741  0.25141973  0.27927108 40.9700668   1.54659095  1.28060434]
