at minimum 43.5802 accepted 1  with params [-4.50000003  0.4         0.50000008 39.99999994]
at minimum 48.7853 accepted 0  with params [-4.81227446  0.64941035  0.89824483 38.62125969]
at minimum 44.2764 accepted 1  with params [-4.49679756  0.10953576  0.41613851 40.14233372]
at minimum 41.1188 accepted 1  with params [-4.56475861  0.2616504   0.17946501 40.51004718]
at minimum 45.5302 accepted 0  with params [-4.51202115  0.53398539  0.06688905 40.65700968]
at minimum 236.6518 accepted 0  with params [-5.06041194 -0.19685491  0.48437288 40.52051637]
at minimum 41.9474 accepted 1  with params [-4.62735855  0.4453852   0.05       40.65017789]
at minimum 42.9727 accepted 1  with params [-4.82810312  0.46667123  0.11119657 41.69327927]
at minimum 43.8234 accepted 0  with params [-4.88513063  0.50417944  0.05000011 42.03326508]
at minimum 49.8024 accepted 0  with params [-5.0017816   0.52357653  0.51499151 42.96030611]
at minimum 74.6059 accepted 0  with params [-4.41116301  0.95889072  3.         34.20844132]
at minimum 61.1500 accepted 0  with params [-5.06142103  0.84162809  0.14860483 41.73425345]
at minimum 57.8209 accepted 0  with params [-5.17310429  0.84683661  1.57018886 37.85958651]
at minimum 45.5017 accepted 0  with params [-4.86696235  0.57685531  0.33216538 41.66119827]
at minimum 61.5255 accepted 0  with params [-5.76995192  0.87939541  0.51612611 39.16612709]
at minimum 45.3727 accepted 0  with params [-4.90284919  0.34269851  0.05       45.16638746]
at minimum 46.1976 accepted 0  with params [-4.45953745  0.65689002  0.05       37.21155809]
at minimum 45.7125 accepted 0  with params [-4.89345446  0.5737455   0.34197681 41.91894146]
at minimum 46.2126 accepted 0  with params [-4.89072806  0.637047    0.05       40.45706475]
at minimum 55.7543 accepted 0  with params [-5.16599259  0.83170549  0.18652718 38.7310916 ]
at minimum 40.7834 accepted 1  with params [-4.50255608  0.40223991  0.11110407 38.72867682]
at minimum 42.2003 accepted 0  with params [-4.50453297  0.18039465  0.36872024 38.608172  ]
at minimum 89.5027 accepted 0  with params [-4.9090863   0.09229306  0.05000001 38.50347993]
at minimum 55.8046 accepted 0  with params [-4.68172605  0.87982575  0.05000209 37.50273543]
at minimum 85.8448 accepted 0  with params [-4.91455274  0.12317767  0.24638058 38.40867467]
at minimum 47.5139 accepted 0  with params [-4.47743171  0.61546721  0.35142414 38.76580728]
at minimum 40.8675 accepted 1  with params [-4.31949824  0.34385884  0.05       37.75958034]
at minimum 43.4081 accepted 0  with params [-4.65590706  0.44244712  0.52732056 39.25188192]
at minimum 43.7159 accepted 0  with params [-4.43462082  0.2983701   0.95986119 38.36352132]
at minimum 47.0534 accepted 0  with params [-4.76348512  0.66407547  0.05       37.61042639]
at minimum 41.6775 accepted 0  with params [-4.23236248  0.24501963  0.29971331 37.40155254]
at minimum 48.4324 accepted 0  with params [-4.55684312  0.10247005  0.05       37.50165215]
at minimum 52.8512 accepted 0  with params [-4.783969    0.41512834  1.04137183 39.81389068]
at minimum 40.3798 accepted 1  with params [-4.48860149  0.26100343  0.22676867 38.70620777]
at minimum 41.8930 accepted 0  with params [-4.5421089   0.25028991  0.05000001 38.56881133]
at minimum 55.1922 accepted 0  with params [-4.05118796  0.67913182  0.05000014 38.80332037]
at minimum 42.1073 accepted 1  with params [-4.17865119  0.05448906  0.17030445 38.84240364]
at minimum 40.3178 accepted 1  with params [-4.35902047  0.1992367   0.05000001 38.3889559 ]
at minimum 50.0790 accepted 0  with params [-4.13311401  0.68641389  0.05000006 36.10847003]
at minimum 44.0202 accepted 0  with params [-4.65926235  0.35099421  0.46678243 38.79364151]
at minimum 45.7599 accepted 0  with params [-3.94075757 -0.04131492  0.14018146 37.77269075]
at minimum 54.2101 accepted 0  with params [-4.0331201   0.68567924  0.25320107 35.70047247]
at minimum 58.7677 accepted 0  with params [-4.59253014 -0.05902828  0.37047635 38.22125876]
at minimum 43.4399 accepted 0  with params [-4.39307996  0.54010952  0.05       37.4639371 ]
at minimum 49.1566 accepted 0  with params [-4.56329066  0.07259281  0.05       37.9032115 ]
at minimum 46.5016 accepted 0  with params [-4.7000736   0.49176004  0.9437056  39.09973918]
at minimum 44.7478 accepted 0  with params [-3.96755738  0.07262016  0.05161993 37.71612296]
at minimum 45.9885 accepted 0  with params [-3.98868004  0.09555457  0.43216449 36.34249653]
at minimum 46.2338 accepted 0  with params [-4.78608023  0.58117259  0.54806032 38.55901749]
at minimum 45.9871 accepted 0  with params [-4.58197822  0.14054201  0.05       38.66409542]
at minimum 40.9394 accepted 0  with params [-4.51157366  0.40609725  0.19307293 38.14558194]
at minimum 41.6655 accepted 0  with params [-4.21728445e+00  2.90822609e-02  5.39581751e-02  3.87523683e+01]
at minimum 47.9136 accepted 0  with params [-4.16126699  0.62229184  0.05       36.35345455]
at minimum 48.5407 accepted 0  with params [-3.97479264  0.33762393  0.05000229 38.60327104]
at minimum 44.8226 accepted 0  with params [-4.58078592  0.62334809  0.05       38.02721972]
at minimum 52.9840 accepted 0  with params [-3.92198817  0.48214695  0.09752702 38.36663816]
at minimum 41.3998 accepted 1  with params [-4.4996379   0.45321101  0.05       38.36006692]
at minimum 70.2339 accepted 0  with params [-4.77374555  0.04450969  0.10743737 38.59312096]
at minimum 43.4693 accepted 0  with params [-4.67431764  0.55557828  0.28961548 38.7494646 ]
at minimum 49.2860 accepted 0  with params [-4.84611404  0.73640416  0.05001833 38.41606972]
at minimum 93.8323 accepted 0  with params [-4.91995823  0.09159616  0.05       38.16497366]
at minimum 41.7494 accepted 1  with params [-4.50868716  0.28902381  0.46785573 38.71953298]
at minimum 44.4707 accepted 0  with params [-4.70528536  0.58444887  0.35569451 38.83115482]
at minimum 52.2035 accepted 0  with params [-4.30442566  0.62112822  0.72378164 36.12013321]
at minimum 44.6024 accepted 0  with params [-4.24527291  0.2167527   3.         37.22992875]
at minimum 59.5205 accepted 0  with params [-4.12875382  0.73299424  0.55195237 35.3874193 ]
at minimum 43.7310 accepted 1  with params [-4.24159557 -0.10407714  0.36203861 38.57132329]
at minimum 46.8202 accepted 0  with params [-4.21796103 -0.2333988   0.42508652 38.50104681]
at minimum 46.0089 accepted 0  with params [-4.16522607 -0.24536955  0.39453142 38.20924201]
at minimum 73.6269 accepted 0  with params [-4.41474444 -0.54175854  0.05000396 39.21837327]
at minimum 46.0659 accepted 0  with params [-3.96107916 -0.1353258   0.1025412  38.34637741]
at minimum 44.6667 accepted 0  with params [-4.32005475  0.16721232  1.20351189 38.53882788]
at minimum 42.2008 accepted 1  with params [-4.24731779e+00 -1.06962370e-02  3.69721503e-01  3.79398632e+01]
at minimum 49.7496 accepted 0  with params [-4.27103501 -0.32390774  0.11229257 37.64785828]
at minimum 48.8901 accepted 0  with params [-4.11710148 -0.42360983  0.22946163 38.36331475]
at minimum 52.3352 accepted 0  with params [-3.83071633  0.1504171   0.55188424 35.74349938]
at minimum 55.6367 accepted 0  with params [-4.47901345 -0.20587502  0.2238508  38.28222823]
at minimum 46.6183 accepted 0  with params [-4.03318735  0.2096917   0.33256555 38.15785262]
at minimum 45.1228 accepted 0  with params [-3.99325154  0.14491578  0.27658316 36.43680425]
at minimum 65.4487 accepted 0  with params [-4.61702268  0.99        0.43981788 34.82237909]
at minimum 40.4523 accepted 1  with params [-4.32764478  0.18465771  0.27433598 38.08085098]
at minimum 44.4816 accepted 0  with params [-4.18759280e+00 -3.15912645e-02  6.39729687e-01  3.82472573e+01]
at minimum 49.2174 accepted 0  with params [-4.61471258  0.21291722  0.62936173 38.3004997 ]
at minimum 45.4823 accepted 0  with params [-4.40112780e+00 -3.01765491e-02  4.31277196e-01  3.81247208e+01]
at minimum 54.1065 accepted 0  with params [-4.59556689  0.10125165  0.67096868 39.7067567 ]
at minimum 44.2421 accepted 0  with params [-4.47327542  0.50136628  0.55210493 37.49844313]
at minimum 83.0246 accepted 0  with params [-4.7575389   0.06455507  0.68550213 37.75884583]
at minimum 44.4459 accepted 0  with params [-4.10909283  0.11424891  0.41808773 38.23978577]
at minimum 40.6616 accepted 1  with params [-4.23502214  0.1907471   0.05       37.88633782]
at minimum 41.6244 accepted 1  with params [-4.12943512  0.08662259  0.05258147 37.84841057]
at minimum 41.0774 accepted 1  with params [-4.50992055  0.42728003  0.05       38.6979218 ]
at minimum 40.3626 accepted 1  with params [-4.44387783  0.23448564  0.2817724  38.77691276]
at minimum 42.1706 accepted 1  with params [-4.67952872  0.46718141  0.05000001 39.32471478]
at minimum 41.4600 accepted 1  with params [-4.43588665  0.16094573  0.38271042 38.70900808]
at minimum 43.4187 accepted 0  with params [-4.31294357  0.09836832  0.73380744 37.54473885]
at minimum 46.4958 accepted 0  with params [-4.79627859  0.54253296  0.64356203 39.7491379 ]
at minimum 46.1385 accepted 0  with params [-4.0307986   0.08821362  0.6836334  36.37273589]
at minimum 46.9632 accepted 0  with params [-4.51637391  0.18361261  0.79242039 38.2643944 ]
at minimum 40.1835 accepted 1  with params [-4.41861765  0.29338124  0.20263846 38.36102707]
at minimum 47.8536 accepted 0  with params [-4.25862766  0.55409627  0.39087084 36.49249121]
at minimum 41.5168 accepted 0  with params [-4.42647747  0.35544977  0.41749773 38.20928391]
