at minimum 177.7226 accepted 1  with params [-4.5         0.4         0.5        39.00466344]
at minimum nan accepted 1  with params [-4.53215601  0.29843076  0.5235655  38.62061555]
at minimum nan accepted 1  with params [-4.68907157  0.44426988  0.67550602 38.49597889]
at minimum 233.2125 accepted 1  with params [-5.05934626  0.99        0.56799868 31.82155811]
at minimum 232.5495 accepted 1  with params [-4.80441072  0.99        0.16456765 32.15250225]
at minimum 232.8931 accepted 1  with params [-4.9946063   0.99        0.44212863 31.80918027]
at minimum 232.8507 accepted 1  with params [-5.27243449  0.99        0.52268255 31.98341001]
at minimum 232.5002 accepted 1  with params [-4.78914221  0.99        0.1915199  32.12449517]
at minimum 232.7205 accepted 1  with params [-5.19026239  0.99        0.33781816 32.09680221]
at minimum nan accepted 1  with params [-5.04539619  0.99        0.83218281 31.72670727]
at minimum 200.4687 accepted 1  with params [-4.96782018  0.51715405  1.01040985 38.80833085]
at minimum nan accepted 1  with params [-4.83363767  0.43437168  0.88692582 38.70689056]
at minimum 175.9658 accepted 1  with params [-4.60579276  0.16076721  0.72129248 38.34906709]
at minimum 146.3416 accepted 1  with params [-4.22039356 -0.25933578  0.53413366 38.42132656]
at minimum 150.2253 accepted 0  with params [-3.92843576 -0.52358777  0.47858601 36.34905897]
at minimum 162.3181 accepted 0  with params [-4.44644673 -0.14357651  0.75446153 38.51113404]
at minimum 382.7161 accepted 0  with params [-4.30226726 -0.75067004  0.20364133 49.37281311]
at minimum 136.1046 accepted 1  with params [-4.04528737 -0.55521673  0.3989078  38.02127001]
at minimum 196.3914 accepted 0  with params [-4.39971386 -0.24433537  3.         33.67764313]
at minimum 161.4077 accepted 0  with params [-4.25201744 -0.67975162  0.69765213 36.59797226]
at minimum 275.9762 accepted 0  with params [-4.38239503 -0.9         0.43453188 38.82960261]
at minimum 133.1593 accepted 1  with params [-4.03315056 -0.21856632  0.30357762 40.30119196]
at minimum 263.8004 accepted 0  with params [-3.90266276  0.20153122  0.99282779 42.09805124]
at minimum 171.2092 accepted 0  with params [-3.61773215  0.05622722  0.05       40.33426614]
at minimum 163.0288 accepted 0  with params [-4.42614102  0.14780673  0.61652339 38.55335269]
at minimum 181.6751 accepted 0  with params [-4.51384685 -0.55958852  3.         34.2174306 ]
at minimum 124.3178 accepted 1  with params [-3.76590208 -0.46081702  0.22146198 39.32104337]
at minimum 233.4221 accepted 0  with params [-3.48176225 -0.9         0.68797703 31.58741594]
at minimum 127.5970 accepted 0  with params [-3.54231379 -0.48738016  0.09255234 39.47434603]
at minimum 140.6521 accepted 0  with params [-4.06015286 -0.38997145  0.46168595 37.83441983]
at minimum 142.1789 accepted 0  with params [-4.00027466 -0.9         0.36492847 38.49498409]
at minimum 290.3586 accepted 0  with params [-4.06312441  0.99        3.         28.60323198]
at minimum 137.0429 accepted 0  with params [-4.09306878 -0.46958081  0.40224817 39.26839968]
at minimum 214.1195 accepted 0  with params [-4.19945764 -0.49652803  3.         32.79560691]
at minimum 206.3889 accepted 0  with params [-3.62738713 -0.22449837  0.05       39.45359496]
at minimum 133.7885 accepted 0  with params [-3.82067734 -0.14125997  0.23373314 38.86717874]
at minimum 240.2270 accepted 0  with params [-3.27349786 -0.68124097  0.48079094 31.15654266]
at minimum nan accepted 1  with params [-3.79853358 -0.49402816  0.05       39.45718057]
at minimum 290.9869 accepted 1  with params [-3.6418014  -0.58680867  0.05       39.49510919]
at minimum 235.7762 accepted 1  with params [-3.98773697 -0.19345071  3.         31.77205702]
at minimum 240.4070 accepted 0  with params [-4.04617048  0.19427234  2.55147526 31.51350249]
at minimum 1292015011519.0593 accepted 0  with params [-3.75316625e+00  2.36943567e-03  2.82001467e+00  1.00000000e+01]
at minimum 188.9622 accepted 1  with params [-4.53890325 -0.9         2.97531222 33.51835092]
at minimum 227.7069 accepted 0  with params [-4.78315829 -0.9         2.63888508 32.64781871]
at minimum 253.4772 accepted 0  with params [-4.87812869 -0.9         3.         31.86156609]
at minimum nan accepted 1  with params [-4.54818808 -0.9         2.57921274 33.32725741]
at minimum 186.9884 accepted 1  with params [-4.45842294 -0.84974911  2.4384315  33.67549034]
at minimum 216.3925 accepted 0  with params [-4.15700953 -0.9         2.66303235 32.50209893]
at minimum nan accepted 1  with params [-4.41484035 -0.86576351  1.99010801 33.23280469]
at minimum nan accepted 1  with params [-4.62419466 -0.83740067  1.63770756 33.345232  ]
at minimum 376.4946 accepted 1  with params [-5.04769134 -0.46475146  1.59795483 32.50575971]
