at minimum 262.1174 accepted 1  with params [-4.5         0.4         3.         31.92921275]
at minimum 322.4201 accepted 0  with params [-4.38710821  0.73655401  3.         27.99961381]
at minimum 246.3544 accepted 1  with params [-4.63429253  0.33898039  3.         31.37600941]
at minimum 215.2629 accepted 1  with params [-4.40639834 -0.40544146  3.         33.45724084]
at minimum 237.7973 accepted 0  with params [-4.6919586  -0.2774119   3.         35.61602928]
at minimum 217.1783 accepted 1  with params [-4.3824171  -0.53464754  3.         32.98226942]
at minimum 294.0201 accepted 0  with params [-3.93291207 -0.25113458  2.63933459 29.1796414 ]
at minimum 236.8284 accepted 0  with params [-4.42904695 -0.89011824  3.         31.24316557]
at minimum 227.1558 accepted 0  with params [-4.36743927 -0.81809284  2.97959366 32.9881805 ]
at minimum 277.7449 accepted 0  with params [-3.98871151 -0.35466284  3.         29.87840124]
at minimum 248.1847 accepted 0  with params [-4.10632299 -0.82277652  3.         30.60826585]
at minimum 265.6504 accepted 0  with params [-3.99673699 -0.9         3.         29.80122935]
at minimum 275.1986 accepted 0  with params [-3.94050845 -0.9         3.         29.4461454 ]
at minimum 253.2065 accepted 0  with params [-4.49317888 -0.9         3.         32.69369112]
at minimum 284.4445 accepted 0  with params [-4.62632609 -0.86005247  2.54977319 30.25441996]
at minimum 249.0453 accepted 0  with params [-4.20099156 -0.23728042  2.73086724 31.44750162]
at minimum 218.7719 accepted 1  with params [-4.65480722e+00 -3.18227421e-02  2.96214899e+00  3.60984105e+01]
at minimum 242.7943 accepted 0  with params [-4.88695208  0.30530819  2.73426531 37.60983976]
at minimum 363.1023 accepted 0  with params [-4.90379658 -0.43593887  2.74298842 32.4455977 ]
at minimum 216.9708 accepted 1  with params [-4.62155215 -0.08551824  3.         36.48437005]
at minimum 213.8741 accepted 1  with params [-4.54494963 -0.18764969  3.         35.8445914 ]
at minimum 249.0602 accepted 0  with params [-4.9650153   0.1995964   2.57333017 39.69713742]
at minimum 290.3209 accepted 0  with params [-4.93707619 -0.07619627  3.         35.66042805]
at minimum 240.4052 accepted 0  with params [-4.61574371 -0.47666472  3.         36.01685188]
at minimum 239.3984 accepted 0  with params [-4.65440673 -0.38251387  3.         35.68600485]
at minimum 247.8336 accepted 0  with params [-4.12655359 -0.9         2.66478903 30.48865236]
at minimum 231.6706 accepted 0  with params [-4.26004845 -0.9         2.92365429 31.14662491]
at minimum 213.9367 accepted 1  with params [-4.44144207 -0.32997566  3.         33.86339838]
at minimum 271.2435 accepted 0  with params [-4.83758019 -0.21811313  2.60871563 33.70048918]
at minimum 304.4294 accepted 0  with params [-4.6982102  -0.69265579  2.89453158 30.92087965]
at minimum 223.0453 accepted 0  with params [-4.42455026 -0.70317345  2.68324095 34.25257454]
at minimum 226.9253 accepted 0  with params [-4.2690789  -0.55507023  2.95802646 32.15587626]
at minimum 238.0790 accepted 0  with params [-4.53762584 -0.66949951  2.95360848 33.43435327]
at minimum 214.1211 accepted 0  with params [-4.4372887  -0.40774606  2.61442098 33.58074159]
at minimum 294.6983 accepted 0  with params [-4.82007867 -0.36679828  2.7221879  34.65843507]
at minimum 154.2778 accepted 1  with params [-4.55140326 -0.78704953  0.05       39.62939832]
at minimum 151.8088 accepted 1  with params [-4.59503257 -0.81814661  0.34278684 39.66012563]
at minimum 186.3359 accepted 0  with params [-4.52734514 -0.5709509   0.69425158 35.77670375]
at minimum 174.1706 accepted 0  with params [-4.81772978 -0.9         0.05       48.14601715]
at minimum 163.3293 accepted 0  with params [-4.82223353 -0.53676819  0.05       39.8719646 ]
at minimum 170.5469 accepted 0  with params [-4.47536501 -0.67745546  0.34830967 36.38586509]
at minimum 167.8969 accepted 0  with params [-4.79783551 -0.9         0.05       47.38855561]
at minimum 156.0950 accepted 0  with params [-4.72824288 -0.52755742  0.38891204 39.27661664]
at minimum 216.2044 accepted 0  with params [-4.31189285 -0.9         0.79259083 32.48989179]
at minimum 230.5342 accepted 0  with params [-4.87747049 -0.9         0.33903541 40.15464997]
at minimum 166.5573 accepted 0  with params [-4.47794863 -0.8485415   0.36472695 36.99202552]
at minimum 258.2548 accepted 0  with params [-4.13169577 -0.50864757  0.80561229 30.77897638]
at minimum 155.9377 accepted 0  with params [-4.67904005 -0.43174696  0.38701579 41.0472332 ]
at minimum 156.5138 accepted 0  with params [-4.58584619 -0.77462102  0.29603258 35.32789903]
at minimum 271.6761 accepted 0  with params [-4.95084013 -0.9         0.19654643 40.00281101]
at minimum 170.2751 accepted 0  with params [-4.80577174 -0.9         0.05       47.68943503]
at minimum 149.9847 accepted 1  with params [-4.55630985 -0.85004343  0.25511878 39.4626451 ]
at minimum 157.8597 accepted 0  with params [-4.52769461 -0.9         0.05       36.84812439]
at minimum 142.1776 accepted 1  with params [-4.65806518 -0.64724316  0.17113189 42.57028167]
at minimum 217.4984 accepted 0  with params [-4.82448417 -0.69469826  0.17846474 66.81956832]
at minimum 170.4947 accepted 0  with params [-4.93673557 -0.28016646  0.05       42.73516615]
at minimum 246.7201 accepted 0  with params [-4.91981952 -0.9         0.29515782 42.55438998]
at minimum 208.3057 accepted 0  with params [-4.36126024 -0.54280805  0.60369244 33.77816024]
at minimum 169.0091 accepted 0  with params [-4.80825978 -0.9         0.10214956 48.05650575]
at minimum 339.9497 accepted 0  with params [-5.06287891e+00 -8.42669954e-01  5.08254562e-02  5.62733197e+01]
at minimum 214.2044 accepted 0  with params [-4.33815432 -0.9         0.20670693 42.97191039]
at minimum 175.1053 accepted 0  with params [-4.9133841  -0.46831621  0.32188231 42.3687039 ]
at minimum 171.0750 accepted 0  with params [-4.52068499 -0.9         0.37948698 42.6308961 ]
at minimum 143.9421 accepted 0  with params [-4.78472887 -0.48763299  0.25627658 42.79879929]
at minimum 145.9591 accepted 0  with params [-4.65570996 -0.58851474  0.28353212 42.88258372]
at minimum 159.1248 accepted 0  with params [-4.50539427 -0.9         0.05       38.54656013]
at minimum 237.4970 accepted 0  with params [-4.22425294 -0.35924438  3.         31.90629938]
at minimum 278.5907 accepted 0  with params [-5.01697502 -0.46094606  0.6113259  44.7206098 ]
at minimum 152.9089 accepted 0  with params [-5.01754654e+00 -3.56172514e-01  5.00000000e-02  6.10083042e+01]
at minimum 213.0781 accepted 0  with params [-4.51289843 -0.26558379  3.         34.55659335]
at minimum 144.6144 accepted 0  with params [-4.67051813 -0.70639922  0.05       43.05833832]
at minimum 148.2319 accepted 0  with params [-4.6077344  -0.81411885  0.05       41.16546675]
at minimum 149.7855 accepted 0  with params [-4.58173532 -0.81842332  0.27383712 42.09897178]
at minimum 225.8047 accepted 0  with params [-4.23025024 -0.67143479  0.44069647 32.5977822 ]
at minimum 216.9511 accepted 0  with params [-5.07682219e+00 -5.68386237e-01  5.00000000e-02  6.69820882e+01]
at minimum 178.2706 accepted 0  with params [-4.83313089 -0.89096541  0.05       48.81823529]
at minimum 194.8400 accepted 0  with params [-4.31844756 -0.9         0.05       34.85740228]
at minimum 143.3231 accepted 0  with params [-4.82172947 -0.47159413  0.05       48.65847982]
at minimum 143.4529 accepted 1  with params [-4.6811011  -0.53420677  0.21623247 41.8381706 ]
at minimum 194.4266 accepted 0  with params [-4.58943402 -0.16865324  0.6604272  36.31398537]
at minimum 220.5673 accepted 0  with params [-4.34003193 -0.40053649  3.         32.92817814]
at minimum 177.6719 accepted 0  with params [-4.93489005 -0.45339621  0.12907998 42.34945366]
at minimum 144.1064 accepted 0  with params [-4.68820583 -0.80913184  0.1324337  41.59472445]
at minimum 177.3664 accepted 0  with params [-4.70143613 -0.16268063  0.49687294 39.34542272]
at minimum 143.2900 accepted 1  with params [-4.71840448 -0.60543194  0.05       44.60304931]
at minimum 164.3601 accepted 0  with params [-4.46254038 -0.9         0.10117252 37.61455777]
at minimum 223.5610 accepted 0  with params [-4.37998752 -0.45999608  3.         37.07620832]
at minimum 228.8759 accepted 0  with params [-4.29292164 -0.86757636  3.         31.37726891]
at minimum 154.9981 accepted 0  with params [-4.59681619 -0.51612866  0.28235307 39.82177295]
at minimum 567.1570 accepted 0  with params [-5.14151576 -0.9         0.45166772 44.63786475]
at minimum 202.0925 accepted 0  with params [-4.50364426 -0.3829873   0.27545845 44.94534083]
at minimum 181.8780 accepted 0  with params [-5.00216102e+00 -5.74194102e-01  5.00000000e-02  6.08801506e+01]
at minimum 151.6662 accepted 0  with params [-4.86365026 -0.23625616  0.24252713 44.42894401]
at minimum 155.8473 accepted 0  with params [-4.58765561 -0.9         0.21974435 35.10643898]
at minimum 215.4366 accepted 0  with params [-4.5935741  -0.15767523  3.         35.4313666 ]
at minimum 141.0885 accepted 1  with params [-4.67886002 -0.74839045  0.23886905 42.78987478]
at minimum 147.9716 accepted 0  with params [-4.64701172 -0.9         0.05       42.25296819]
at minimum 460.0602 accepted 0  with params [-5.10313984 -0.9         0.34335983 41.29516532]
at minimum 142.9003 accepted 0  with params [-4.70914357 -0.48518873  0.20279243 42.8616188 ]
at minimum 202.3588 accepted 0  with params [-4.37794056 -0.9         0.30203958 42.60666488]
at minimum 156.1121 accepted 0  with params [-4.81335458 -0.63905482  0.05173793 42.52811564]
