at minimum 168.0823 accepted 1  with params [-4.5         0.4         0.5        40.92165251]
at minimum 180.8067 accepted 0  with params [-4.63717301  0.22756273  1.02574306 42.80444521]
at minimum 169.4993 accepted 0  with params [-4.69890872  0.34052071  0.61767826 43.2681339 ]
at minimum 156.5375 accepted 1  with params [-4.21332014  0.30230355  0.28402063 42.04655971]
at minimum 160.6263 accepted 0  with params [-4.4951239   0.26488668  0.49901188 42.38306711]
at minimum 148.6298 accepted 1  with params [-4.27360630e+00  2.96227550e-02  3.46532663e-01  4.24742958e+01]
at minimum nan accepted 1  with params [-4.41419895 -0.14462727  0.05       42.77571171]
at minimum 253.9890 accepted 1  with params [-4.5664195   0.99        3.         31.83388852]
at minimum 251.1450 accepted 1  with params [-4.31316867  0.9273061   2.88311756 31.89788502]
at minimum 254.5704 accepted 0  with params [-4.20372822  0.99        2.60208179 31.58011061]
at minimum 255.1617 accepted 0  with params [-4.25863448  0.99        3.         31.561474  ]
at minimum 274.0969 accepted 0  with params [-3.98857922  0.99        3.         30.12277191]
at minimum 214.3810 accepted 1  with params [-4.49852796 -0.04531245  2.71796853 34.1867037 ]
at minimum 230.2116 accepted 0  with params [-4.03334179 -0.20010867  2.69441414 33.52886687]
at minimum 222.9083 accepted 0  with params [-4.33995912  0.17391288  2.48145345 34.09406324]
at minimum 186.7828 accepted 1  with params [-4.87477224  0.10068436  2.28168438 34.92631601]
at minimum 242.4100 accepted 0  with params [-5.09648885  0.99        2.50816912 32.38023088]
at minimum 199.3058 accepted 0  with params [-5.30221126  0.32341211  2.5265834  42.40988135]
at minimum 183.9683 accepted 1  with params [-4.876825    0.16213168  2.26508597 35.58859361]
at minimum 196.4602 accepted 0  with params [-4.74692244  0.36899705  2.43810406 35.99999503]
at minimum 183.2504 accepted 1  with params [-4.89058972  0.12448759  2.64552656 37.75984349]
at minimum 198.0461 accepted 0  with params [-4.67435893  0.07112654  2.60719987 35.99400901]
at minimum 180.8916 accepted 1  with params [-5.00542104  0.20511753  2.80881684 38.58756288]
at minimum 207.8914 accepted 0  with params [-4.68090806  0.37745195  3.         35.08176348]
at minimum nan accepted 1  with params [-4.89089226 -0.08774141  2.35325956 38.56029232]
at minimum 225.0672 accepted 1  with params [-4.4968463   0.45214862  2.77961822 36.20118063]
at minimum 232.8591 accepted 0  with params [-4.59433011  0.71877933  3.         33.27471809]
at minimum 223.7923 accepted 1  with params [-6.          0.88240845  3.         36.66275745]
at minimum 230.6895 accepted 0  with params [-6.          0.99        3.         33.37395659]
at minimum 222.4830 accepted 1  with params [-5.88075186  0.87970375  3.         36.43484273]
at minimum 212.5875 accepted 1  with params [-5.94201807  0.63004924  2.65101246 46.40807674]
at minimum 212.4433 accepted 1  with params [-5.90647526  0.57497051  3.         48.85670756]
at minimum 206.4929 accepted 1  with params [-5.63685857  0.70224433  3.         40.21420011]
at minimum 207.6398 accepted 1  with params [-5.3402386   0.76960938  3.         36.46647682]
at minimum nan accepted 1  with params [-5.44358451  0.70066687  2.52992621 36.27010184]
at minimum 235.6949 accepted 1  with params [-5.18005874  0.95474173  2.82996969 32.94570129]
at minimum 230.6695 accepted 1  with params [-6.          0.99        2.90757416 33.38118791]
at minimum 230.6895 accepted 1  with params [-6.          0.99        3.         33.37395411]
at minimum 232.6124 accepted 0  with params [-5.64430167  0.99        3.         33.01575591]
at minimum 208.8260 accepted 1  with params [-5.75476907  0.68010539  2.95488584 42.05148214]
at minimum 214.9863 accepted 0  with params [-6.          0.52983205  2.74773582 52.12228426]
at minimum 260.7720 accepted 0  with params [-5.71250537  0.28500598  2.77416745 51.96308272]
at minimum 199.2266 accepted 1  with params [-5.50446875  0.52813748  3.         42.79700889]
at minimum 193.0549 accepted 1  with params [-5.35116472  0.42560224  3.         42.78317703]
at minimum 190.1775 accepted 1  with params [-5.30241421  0.39040854  3.         41.14529253]
at minimum nan accepted 1  with params [-5.07396957  0.19832221  3.         41.44959157]
at minimum 198.8428 accepted 1  with params [-4.75315039  0.30991408  3.         35.79786308]
at minimum 225.8202 accepted 0  with params [-4.59562971  0.6392448   2.67547554 33.76674355]
at minimum 215.6368 accepted 0  with params [-4.53124548  0.24132044  3.         34.58142707]
at minimum 218.3975 accepted 0  with params [-4.47460636 -0.1115438   2.98765646 35.31372163]
at minimum 238.5008 accepted 0  with params [-5.20618790e+00  4.09121727e-03  2.72289095e+00  3.55499828e+01]
