at minimum 67.0283 accepted 1  with params [-4.5         0.4         3.         32.63439424]
at minimum 114.9488 accepted 0  with params [-4.67406535  0.87085334  3.         29.10099322]
at minimum 74.5750 accepted 0  with params [-4.3999476   0.4061783   3.         31.75170369]
at minimum 74.7235 accepted 0  with params [-4.09596013  0.05971581  2.93305591 31.03593597]
at minimum 50.9090 accepted 1  with params [-4.4193509  -0.07299421  2.74187035 32.38807748]
at minimum 55.9989 accepted 0  with params [-4.09301924 -0.54699203  2.92936602 32.23794541]
at minimum 50.5489 accepted 1  with params [-4.62768599  0.22225396  2.70977826 34.8404926 ]
at minimum 51.4153 accepted 0  with params [-4.80601308  0.29365026  2.63526867 36.84557728]
at minimum 59.7549 accepted 0  with params [-5.02816851  0.42229654  2.82705232 39.41257482]
at minimum 50.3673 accepted 1  with params [-4.75779966  0.24931803  2.76967485 36.4920989 ]
at minimum 80.9684 accepted 0  with params [-5.06802045  0.68309261  2.60202907 35.11919407]
at minimum 63.1353 accepted 0  with params [-4.59541118  0.39569849  2.32932182 33.24078816]
at minimum 231.7168 accepted 0  with params [-5.19896666 -0.10884253  2.89298783 36.86779375]
at minimum 198.8689 accepted 0  with params [-4.99802565 -0.23059434  3.         35.45605173]
at minimum 70.0971 accepted 0  with params [-5.02170407  0.59070129  2.85475285 36.21874275]
at minimum 57.1144 accepted 0  with params [-5.00739677  0.4146016   1.70114497 38.59942659]
at minimum 50.4864 accepted 1  with params [-4.46941319e+00  2.11570395e-02  2.75043947e+00  3.44964084e+01]
at minimum 64.8692 accepted 0  with params [-4.8906135   0.17804621  2.7607733  34.9848095 ]
at minimum 89.9549 accepted 0  with params [-4.59933428 -0.47106992  2.68845169 32.77037633]
at minimum 64.7077 accepted 0  with params [-4.23812143 -0.9         2.2888656  30.87115094]
at minimum 56.7944 accepted 0  with params [-4.89744629  0.40264668  3.         35.95521911]
at minimum 72.8962 accepted 0  with params [-4.94698435  0.17801723  2.71608119 34.97691143]
at minimum 55.4066 accepted 0  with params [-4.94437642  0.37350892  2.41372033 38.21791996]
at minimum 80.9980 accepted 0  with params [-4.65770562 -0.33219703  2.45047721 34.0525316 ]
at minimum 54.2870 accepted 1  with params [-4.33439642 -0.38994891  2.58221269 34.21494761]
at minimum 50.3611 accepted 1  with params [-4.44240695 -0.15625414  2.3861915  34.06948442]
at minimum 52.1089 accepted 0  with params [-4.38632471 -0.33805711  2.13026134 32.87661306]
at minimum 48.9046 accepted 1  with params [-4.62545222  0.06090614  2.28455864 34.19198659]
at minimum 64.3434 accepted 0  with params [-5.09700749  0.32316395  2.51370883 41.97688774]
at minimum 48.9167 accepted 1  with params [-4.6113491   0.06267797  2.76733229 35.16597926]
at minimum 54.5033 accepted 0  with params [-4.19944238 -0.48073953  3.         33.02003761]
at minimum 75.7126 accepted 0  with params [-4.42330633  0.42946074  2.80401414 31.70961008]
at minimum 69.7233 accepted 0  with params [-4.57107211 -0.3629259   2.58555271 33.57217689]
at minimum 193.1790 accepted 0  with params [-5.0982055  -0.11420107  2.87798991 35.65474944]
at minimum 50.9764 accepted 0  with params [-4.40257413 -0.03980698  3.         33.33354971]
at minimum 63.1539 accepted 0  with params [-4.28162012  0.08990525  2.7050448  32.05108296]
at minimum 48.9853 accepted 1  with params [-4.62736733  0.15524236  2.91985637 35.40790046]
at minimum 54.7858 accepted 0  with params [-4.81616195  0.24354916  3.         35.04724665]
at minimum 61.7173 accepted 0  with params [-4.96681413  0.37835127  3.         35.36872669]
at minimum 50.1884 accepted 0  with params [-4.75790955  0.22580996  2.68247771 36.54604566]
at minimum 53.8126 accepted 0  with params [-4.32418855 -0.41602684  2.82718227 32.50175676]
at minimum 48.9373 accepted 1  with params [-4.58109411e+00  1.80178001e-02  2.56218644e+00  3.51246499e+01]
at minimum 97.0743 accepted 0  with params [-4.97979696  0.04641776  2.52985283 35.44073947]
at minimum 60.5661 accepted 0  with params [-4.80250398  0.48043572  3.         35.27641172]
at minimum 56.3070 accepted 0  with params [-4.30153394 -0.23429874  2.38358205 35.26486797]
at minimum 115.2158 accepted 0  with params [-5.03231422  0.99        0.05       28.88558175]
at minimum 60.4082 accepted 0  with params [-4.15503613 -0.15150026  3.         31.80188992]
at minimum 60.1306 accepted 0  with params [-5.04109294  0.35963074  2.69089421 40.45764455]
at minimum 51.1296 accepted 0  with params [-4.55206347  0.10928335  2.08461098 35.27537084]
at minimum 90.8563 accepted 0  with params [-4.70009677 -0.28392882  2.84603274 35.55635498]
at minimum 52.9055 accepted 0  with params [-4.67581081 -0.03767942  2.20027112 35.51385844]
at minimum 65.9911 accepted 0  with params [-4.9994763   0.1861523   2.12390325 40.52090378]
at minimum 50.1460 accepted 0  with params [-4.63315139  0.21462188  2.76578983 35.22146908]
at minimum 61.0863 accepted 0  with params [-4.96121155  0.32732858  2.47808756 35.06168802]
at minimum 51.8104 accepted 0  with params [-4.78620791  0.27743701  2.67813446 35.13162096]
at minimum 115.5713 accepted 0  with params [-4.76910883 -0.3400072   2.49086201 34.07853552]
at minimum 52.8889 accepted 1  with params [-4.69851791e+00 -1.41124135e-02  2.12957629e+00  3.55160087e+01]
at minimum 78.1199 accepted 0  with params [-4.34299623 -0.9         2.38394478 30.55042127]
at minimum 59.5952 accepted 0  with params [-4.61384639 -0.19194852  2.48496797 35.51436764]
at minimum 49.2050 accepted 1  with params [-4.54634390e+00 -2.07633665e-02  2.41229223e+00  3.50973176e+01]
at minimum 49.0047 accepted 1  with params [-4.66534536  0.14634354  2.78798136 35.63167581]
at minimum 54.9592 accepted 0  with params [-4.29115152 -0.21234651  2.52380293 34.40544665]
at minimum 49.7296 accepted 0  with params [-4.4869326  -0.09651992  2.77298983 33.99099491]
at minimum 50.5274 accepted 0  with params [-4.71274195  0.26539612  2.55905958 35.62064984]
at minimum 49.3852 accepted 1  with params [-4.71841703  0.20301785  2.41057228 35.5281857 ]
at minimum 53.3795 accepted 0  with params [-4.27067093 -0.45747004  2.31575503 32.16710806]
at minimum 127.1269 accepted 0  with params [-4.99331385 -0.05533094  2.63908363 35.64734645]
at minimum 53.4318 accepted 0  with params [-4.29011716 -0.39843212  2.28937357 33.48010803]
at minimum 49.4074 accepted 1  with params [-4.72207518  0.18657305  2.3131268  35.1954832 ]
at minimum 74.7736 accepted 0  with params [-4.5809401   0.51720998  2.46955991 32.22454331]
at minimum 52.6210 accepted 0  with params [-4.68147423  0.29975512  2.43555072 34.92565235]
at minimum 50.2625 accepted 1  with params [-4.42101327 -0.13099428  2.68727639 33.38734211]
at minimum 101.0181 accepted 0  with params [-4.56903391 -0.57918958  2.90175195 31.75985671]
at minimum 55.0207 accepted 0  with params [-4.22418912 -0.58911654  2.42148839 32.31494993]
at minimum 61.8450 accepted 0  with params [-4.09610655 -0.31733998  2.68051963 33.57994469]
at minimum 50.5541 accepted 1  with params [-4.43607326 -0.07466467  2.31397164 33.25958097]
at minimum 53.4149 accepted 0  with params [-4.24488598 -0.32213805  2.690836   32.25608816]
at minimum 49.7517 accepted 1  with params [-4.53432549 -0.05674536  2.52951727 33.27110669]
at minimum 52.0314 accepted 0  with params [-4.30933419 -0.27050004  2.80944366 32.64482836]
at minimum 64.7040 accepted 0  with params [-4.83487042  0.16285126  2.85761558 33.13929461]
at minimum 62.2955 accepted 0  with params [-4.53838177 -0.31799202  2.70379723 33.56171597]
at minimum 149.7903 accepted 0  with params [-4.97141524 -0.18722752  2.30690604 36.86178923]
at minimum 55.1110 accepted 0  with params [-4.90493112  0.36556306  2.94818186 38.09119001]
at minimum 60.9688 accepted 0  with params [-4.12339846 -0.24263457  2.94563522 33.40110043]
at minimum 59.2752 accepted 0  with params [-4.58856657  0.34275007  2.40368215 33.5617323 ]
at minimum 50.3720 accepted 0  with params [-4.5104186  -0.10975112  1.73039631 32.22784099]
at minimum 56.2874 accepted 0  with params [-4.4654244   0.15617432  2.17220269 32.82688128]
at minimum 51.8842 accepted 0  with params [-4.3275302  -0.28817655  2.71017576 32.79200661]
at minimum 51.7823 accepted 0  with params [-4.7164103   0.23407246  2.51109979 33.48386501]
at minimum 52.5489 accepted 0  with params [-4.70501432  0.17971615  2.69304133 33.04892034]
at minimum 49.9262 accepted 1  with params [-4.46354256 -0.11583541  2.26431741 33.12583996]
at minimum 53.9791 accepted 0  with params [-4.91192447  0.36743906  1.94254604 37.40466075]
at minimum 54.5320 accepted 0  with params [-4.78014058  0.30426556  1.83485706 33.02414766]
at minimum 53.1385 accepted 0  with params [-4.40154493 -0.36625038  2.20163105 32.86482683]
at minimum 57.8763 accepted 0  with params [-4.73879681  0.08967691  2.63762647 32.75627511]
at minimum 82.7504 accepted 0  with params [-4.57580138 -0.56458812  1.83385959 32.45396185]
at minimum 111.6062 accepted 0  with params [-4.67748351 -0.52322042  2.18038619 32.32061186]
at minimum 49.2858 accepted 1  with params [-4.58238101  0.06787731  2.4505618  33.4661321 ]
at minimum 98.8958 accepted 0  with params [-4.1335325   0.42436765  2.43977494 29.81286393]
at minimum 126.6069 accepted 0  with params [-4.85543919 -0.21258954  2.8891326  35.79988589]
at minimum 49.5729 accepted 1  with params [-4.50555551 -0.05387153  2.28365229 33.105466  ]
