at minimum 2.5231 accepted 1  with params [-4.29559324  0.4         0.05       41.52587048]
at minimum 2.1936 accepted 1  with params [-3.9807571   0.87273497  0.32865567 41.55479745]
at minimum 2.4908 accepted 1  with params [-4.39132569  0.99        0.79126774 41.44444922]
at minimum 2.3948 accepted 1  with params [-5.28632266  0.99        0.8810756  41.35926675]
at minimum 2.9846 accepted 1  with params [-5.23731599  0.83958694  0.70536397 41.83783928]
at minimum 2.4242 accepted 1  with params [-5.23097515  0.99        1.07573539 41.23970326]
at minimum 2.4092 accepted 1  with params [-5.36147566  0.99        1.11681512 41.53785308]
at minimum 2.3844 accepted 1  with params [-5.59775     0.99        0.92454105 41.74966284]
at minimum 2.3329 accepted 1  with params [-5.43540958  0.99        0.46646483 41.7885195 ]
at minimum 4.7932 accepted 0  with params [-5.73708997  0.77755763  0.58736637 42.21800429]
at minimum 2.3212 accepted 1  with params [-5.30817865  0.99        0.47285003 41.63313749]
at minimum 2.7233 accepted 0  with params [-5.58374803  0.64249028  0.06169159 56.91890556]
at minimum 2.3382 accepted 1  with params [-5.76913843  0.99        0.05       42.13060991]
at minimum 2.2548 accepted 1  with params [-5.29377282  0.942076    0.28537222 43.28781568]
at minimum 5.2903 accepted 0  with params [-5.7635092   0.7232578   0.75895499 43.59862454]
at minimum 2.3466 accepted 1  with params [-5.46327825  0.99        0.53688955 41.76565346]
at minimum 2.3077 accepted 1  with params [-5.30813388  0.99        0.37587851 42.04323586]
at minimum 2.4201 accepted 1  with params [-4.9884711   0.99        0.8048036  41.17781891]
at minimum 2.4690 accepted 1  with params [-4.75897295  0.99        0.82167287 41.04784688]
at minimum 2.3845 accepted 1  with params [-5.21271224  0.99        0.77282689 41.41232557]
at minimum 7.8512 accepted 0  with params [-5.63463998  0.62240081  0.78476748 40.93696213]
at minimum 2.2869 accepted 1  with params [-4.95219144  0.81879971  0.65523254 43.95985936]
at minimum 2.3623 accepted 1  with params [-5.34945726  0.99        0.66923479 41.59999937]
at minimum 3.2390 accepted 0  with params [-5.80308099  0.87852724  1.07149546 42.08694008]
at minimum 4.8888 accepted 0  with params [-5.84227493  0.80547155  0.24971894 41.37446387]
at minimum 2.3510 accepted 1  with params [-5.80683346  0.99        0.13761923 41.60898428]
at minimum 2.3415 accepted 1  with params [-5.79282128  0.99        0.05       42.13317401]
at minimum 2.2604 accepted 1  with params [-5.31691943  0.99        0.05       42.05154475]
at minimum 2.3357 accepted 1  with params [-5.73033338  0.94452092  0.05       43.89381856]
at minimum 2.3449 accepted 1  with params [-5.81854724  0.99        0.05       42.13582198]
at minimum 2.2801 accepted 1  with params [-5.34264563  0.94167413  2.78873491 42.46749944]
at minimum 2.3949 accepted 1  with params [-5.31407365  0.84344839  2.40835934 45.8409185 ]
at minimum 2.5444 accepted 1  with params [-5.02226985  0.99        2.44288744 41.01455533]
at minimum 2.6942 accepted 1  with params [-4.68935265  0.99        2.70279479 40.71661023]
at minimum 2.3971 accepted 1  with params [-5.94409661  0.99        2.53766984 41.95621577]
at minimum 2.3177 accepted 1  with params [-6.          0.77898134  2.9707254  51.67356939]
at minimum 2.4550 accepted 1  with params [-5.75931115  0.77621523  2.60412691 51.3711659 ]
at minimum 7.9281 accepted 0  with params [-5.85690278  0.32484149  3.         90.        ]
at minimum 3.6422 accepted 0  with params [-5.31668192  0.72548333  2.40215573 51.78267144]
at minimum 2.3028 accepted 1  with params [-6.          0.80493265  2.57041184 50.04073272]
at minimum 2.3981 accepted 1  with params [-5.77787316  0.99        2.72867968 41.86678797]
at minimum 2.4113 accepted 1  with params [-5.50881475  0.99        2.63528633 41.3854503 ]
at minimum 2.3972 accepted 1  with params [-5.95113013  0.99        2.65001192 41.96201635]
at minimum 3.3883 accepted 0  with params [-6.          0.54411134  2.49298092 71.1668862 ]
at minimum 2.3995 accepted 1  with params [-5.69715848  0.99        2.2679099  41.79589734]
at minimum 4.7726 accepted 0  with params [-5.35780122  0.62382158  2.32609778 53.91023311]
at minimum 2.4023 accepted 1  with params [-5.60022099  0.99        1.8030223  41.70505802]
at minimum 2.2934 accepted 1  with params [-5.23592986  0.94968794  1.31743048 42.45226641]
at minimum 2.4041 accepted 1  with params [-5.42997323  0.99        1.18875193 41.55293889]
at minimum 2.6946 accepted 1  with params [-5.83562451  0.71447082  1.653716   54.59694812]
at minimum 4.0270 accepted 0  with params [-6.          0.48407706  2.07426672 76.78908297]
at minimum 2.3932 accepted 1  with params [-6.          0.99        1.2209127  41.97810926]
at minimum 2.3937 accepted 1  with params [-5.83672652  0.99        1.44507427 41.88769623]
at minimum 2.3903 accepted 1  with params [-5.66248343  0.99        1.11653969 41.77951092]
at minimum 2.3782 accepted 1  with params [-5.22362295  0.99        0.74305187 41.437759  ]
at minimum 2.3668 accepted 1  with params [-5.7374238   0.80749099  2.67909754 49.29083879]
at minimum 2.4201 accepted 1  with params [-5.43733849  0.99        2.26392422 41.32311853]
at minimum 2.9263 accepted 1  with params [-5.59741215  0.74238228  2.37532238 51.82503019]
at minimum 2.3259 accepted 1  with params [-6.          0.77512535  2.27423915 51.87069249]
at minimum 2.3975 accepted 1  with params [-6.          0.99        2.75849197 41.98612452]
at minimum 2.3999 accepted 1  with params [-5.69647296  0.99        3.         41.81880749]
at minimum 6.2441 accepted 0  with params [-5.56600672  0.49524941  2.74912768 65.92707647]
at minimum 2.2608 accepted 1  with params [-5.55677192  0.9066181   2.97917551 44.10982595]
at minimum 2.3977 accepted 1  with params [-6.         0.99       3.        41.9909568]
at minimum 2.3974 accepted 1  with params [-6.          0.99        2.64621431 41.98397549]
at minimum 2.3979 accepted 1  with params [-5.80191477  0.99        3.         41.89015819]
at minimum 2.4451 accepted 1  with params [-5.28786007  0.99        3.         41.2371066 ]
at minimum 2.6754 accepted 1  with params [-4.73339319  0.99        2.98084714 40.72863395]
at minimum 2.7266 accepted 1  with params [-4.49806456  0.99        1.83391553 41.04827942]
at minimum 2.6920 accepted 1  with params [-4.60209023  0.99        1.73108702 40.84493952]
at minimum 2.0409 accepted 1  with params [-4.29893007  0.99        0.06387558 41.09551711]
at minimum 2.1963 accepted 1  with params [-4.45943092  0.71078004  0.05       42.60064153]
at minimum 3.4016 accepted 0  with params [-4.60182687  0.36705938  0.05       44.24859075]
at minimum 4.1012 accepted 0  with params [-4.89665095  0.53235228  0.05       42.47615018]
at minimum 2.1996 accepted 1  with params [-3.98633005  0.99        0.05       41.48      ]
at minimum 2.3547 accepted 1  with params [-4.05050052  0.99        0.54530615 40.96960356]
at minimum 2.4306 accepted 1  with params [-4.14476519  0.99        0.66124859 41.15114119]
at minimum 2.5179 accepted 1  with params [-4.66781818  0.99        0.90349303 41.01942196]
at minimum 2.1757 accepted 1  with params [-4.97246597  0.90166686  0.41495862 43.13760779]
at minimum 3.2249 accepted 0  with params [-4.76179628  0.51055     0.18159191 45.09440714]
at minimum 2.1914 accepted 1  with params [-5.07605902  0.90454718  0.58715802 42.99616491]
at minimum 4.0341 accepted 0  with params [-5.34660703  0.73642781  0.05       43.48554006]
at minimum 2.2535 accepted 1  with params [-5.49846736  0.90222887  0.65298964 44.22940229]
at minimum 2.3855 accepted 1  with params [-5.89380616  0.99        0.82839767 41.90935779]
at minimum 2.6706 accepted 0  with params [-5.94721494e+00  5.15578737e-01  5.00000000e-02  7.29732231e+01]
at minimum 2.3863 accepted 1  with params [-5.83341025  0.99        0.92507403 41.91216242]
at minimum 2.1717 accepted 1  with params [-4.99220154  0.99        0.05       41.86318216]
at minimum 2.1296 accepted 1  with params [-4.79685845  0.99        0.05       41.44503362]
at minimum 2.1153 accepted 1  with params [-4.29924303  0.66142838  0.05000022 42.31054845]
at minimum 2.0442 accepted 1  with params [-4.28558882  0.99        0.15403034 41.98520502]
at minimum 2.5813 accepted 1  with params [-4.54900417  0.62886948  0.05       42.02611183]
at minimum 2.0882 accepted 1  with params [-4.54360621  0.99        0.14632729 41.60447212]
at minimum 2.1804 accepted 0  with params [-4.9434969   0.89120535  3.         42.82735361]
at minimum 2.1082 accepted 1  with params [-4.67525572  0.99        0.05       42.07629411]
at minimum 2.1069 accepted 1  with params [-4.70486161  0.99        0.05       41.84758521]
at minimum 2.1407 accepted 1  with params [-4.86509102  0.99        0.05       41.90481038]
at minimum 2.0359 accepted 1  with params [-4.32055425  0.99        0.05131189 41.96207409]
at minimum 2.2868 accepted 1  with params [-3.823114    0.57092777  0.54390996 41.48      ]
at minimum 2.0463 accepted 1  with params [-4.25014731  0.99        0.14573848 41.62636645]
at minimum 2.1031 accepted 1  with params [-4.1739984   0.62643856  0.05000003 41.80351941]
at minimum 2.0423 accepted 1  with params [-4.3060389   0.86600361  0.05       41.53494655]
