at minimum 97.2985 accepted 1  with params [-4.5         0.4         0.5        32.80031172]
at minimum 119.3797 accepted 0  with params [-4.0046834   0.39405057  0.36932324 29.11764992]
at minimum 109.3659 accepted 0  with params [-4.56643672  0.5444908   0.51730774 31.25996086]
at minimum nan accepted 1  with params [-4.67002914  0.09513678  0.24069333 32.42435913]
at minimum 98.2309 accepted 1  with params [-4.98578212 -0.30769504  3.         31.02004668]
at minimum 122.8163 accepted 0  with params [-4.55699159 -0.70149937  3.         27.85412697]
at minimum 215.1645 accepted 0  with params [-5.22548813 -0.61420126  2.51288037 27.27140679]
at minimum 95.0828 accepted 1  with params [-4.91416276 -0.22171295  2.67505289 29.93185163]
at minimum 99.4016 accepted 0  with params [-4.81580757 -0.22320284  2.712191   30.08748644]
at minimum nan accepted 1  with params [-5.01576581e+00  9.58129476e-03  2.76490937e+00  3.03395732e+01]
at minimum 90.1905 accepted 1  with params [-5.12767648  0.03924917  3.         30.6423941 ]
at minimum 88.9710 accepted 1  with params [-5.2616722   0.23499088  2.88380415 34.49646872]
at minimum nan accepted 1  with params [-5.61015972  0.19197047  3.         34.84377152]
at minimum 159.5873 accepted 1  with params [-5.78855478  0.99        3.         25.78310957]
at minimum 159.3758 accepted 1  with params [-5.79333445  0.99        2.72451655 25.81438271]
at minimum 150.5466 accepted 1  with params [-6.          0.89098662  3.         28.46600914]
at minimum 121.1193 accepted 1  with params [-6.          0.54085938  3.         41.26427941]
at minimum 110.3223 accepted 1  with params [-5.74802013  0.46967871  2.65191716 40.49613181]
at minimum 106.1843 accepted 1  with params [-5.63187295  0.36140377  2.585506   41.00068748]
at minimum nan accepted 1  with params [-5.8386865   0.82095099  2.13382963 40.51683296]
at minimum 117.9260 accepted 1  with params [-5.90175015  0.48615358  2.1183043  44.08022336]
at minimum 123.5035 accepted 0  with params [-5.76520596  0.62625918  2.07145017 36.4068244 ]
at minimum 106.9571 accepted 1  with params [-5.5892161   0.37488029  2.19788202 43.4862611 ]
at minimum 121.0995 accepted 0  with params [-6.          0.27338514  1.73639144 64.20650345]
at minimum 119.0793 accepted 0  with params [-6.          0.4368728   2.43720043 44.92862091]
at minimum 126.2270 accepted 0  with params [-5.62916624  0.68515967  1.85706599 33.65202586]
at minimum 140.1373 accepted 0  with params [-5.30917775  0.83020578  1.72380684 28.47565235]
at minimum nan accepted 1  with params [-5.52428211  0.16819316  2.40456919 43.13047384]
at minimum 130.1025 accepted 1  with params [-5.89584223  0.23235108  2.00764045 58.31920994]
at minimum 125.8009 accepted 1  with params [-6.          0.56890503  2.2819388  40.87411412]
at minimum 117.7947 accepted 1  with params [-5.82228895  0.48269314  1.79982647 41.62990979]
at minimum 151.8161 accepted 0  with params [-6.          0.87140967  1.48726618 29.35308607]
at minimum 110.9884 accepted 1  with params [-5.75813186  0.43704454  2.34328375 42.60687157]
at minimum 118.0415 accepted 0  with params [-6.          0.45948211  2.73940116 44.27487988]
at minimum 118.9124 accepted 0  with params [-5.89282218  0.53298185  2.44166754 40.9729862 ]
at minimum 131.0485 accepted 0  with params [-6.          0.63859312  2.31874908 37.5463097 ]
at minimum 121.1796 accepted 0  with params [-5.79658205  0.27867171  2.25922955 49.68654542]
at minimum 149.9468 accepted 0  with params [-5.65651127  0.90360468  2.17479375 27.69792057]
at minimum nan accepted 1  with params [-5.29008695e+00 -1.12947455e-02  2.15052525e+00  4.26413485e+01]
at minimum 104.9539 accepted 1  with params [-5.42980258  0.21054053  2.54409128 41.46830538]
at minimum 96.9467 accepted 1  with params [-5.05805448 -0.21562953  2.79611794 32.03926256]
at minimum 109.6823 accepted 0  with params [-4.79052797  0.1284586   2.89372891 29.43090858]
at minimum 87.2824 accepted 1  with params [-5.08830913  0.11611132  2.43721236 32.35814813]
at minimum 112.3775 accepted 0  with params [-5.0862919   0.55381042  2.34174165 30.31310807]
at minimum 91.5700 accepted 0  with params [-5.11093354e+00 -1.85443373e-02  2.40864382e+00  3.21825935e+01]
at minimum nan accepted 1  with params [-5.29107335e+00 -1.84088354e-03  2.74619967e+00  3.26845814e+01]
at minimum 89.6848 accepted 1  with params [-5.2451356   0.28626429  3.         33.77806754]
at minimum 137.4649 accepted 0  with params [-4.86074824  0.62425056  2.88271476 27.5635063 ]
at minimum 113.7231 accepted 0  with params [-5.67182252  0.58215871  2.92002356 35.07888971]
at minimum 96.2971 accepted 0  with params [-5.23980718  0.41233807  3.         32.66259451]
at minimum 128.7303 accepted 0  with params [-5.42278561e+00 -5.46062621e-03  3.00000000e+00  3.39622925e+01]
