at minimum 62.4740 accepted 1  with params [-4.5  0.4  0.5 40.   1.   1. ]
at minimum 41.7321 accepted 1  with params [-4.81465767  0.59458232  0.3004167  39.59785048  0.6172825   1.01842822]
at minimum 52.2108 accepted 0  with params [-4.95884003  0.48475628  0.57479087 39.79664613  0.68945909  0.78076161]
at minimum 110.2236 accepted 0  with params [-4.55332433  0.14169028  0.33474325 39.52701407  0.34401214  0.69124018]
at minimum 38.8930 accepted 1  with params [-5.24195376  0.63335561  0.67520944 39.51114122  0.64015311  1.01807061]
at minimum 58.7741 accepted 0  with params [-5.4023501   0.44525176  0.45879048 39.32797498  1.11186908  0.92441319]
at minimum 30.8158 accepted 1  with params [-5.14699864  0.99        0.58374249 39.24605253  0.95024747  1.02722207]
at minimum 30.2146 accepted 1  with params [-4.9612132   0.88042016  0.29276855 39.02565422  1.28611882  0.54663945]
at minimum 37.0802 accepted 0  with params [-4.5335034   0.6615973   0.08316746 39.44384023  1.02251545  0.68459633]
at minimum 31.0370 accepted 0  with params [-4.58585129  0.98999996  0.05000008 39.10548114  1.58830744  0.54234301]
at minimum 31.4355 accepted 0  with params [-4.51212151  0.99        0.05       38.85377709  0.89928731  0.52677288]
at minimum 40.7435 accepted 0  with params [-4.77974176  0.62961489  0.65075896 39.0519342   0.83830038  0.73237398]
at minimum 50.1891 accepted 0  with params [-4.5408657   0.53605375  0.13756565 38.82278084  1.38938537  0.33790574]
at minimum 39.6616 accepted 0  with params [-5.27654228  0.6400066   0.29912904 39.15303384  0.87085007  1.04133457]
at minimum 32.0049 accepted 0  with params [-4.94309638  0.99        0.73027987 38.55144213  1.14842528  0.19119751]
at minimum 30.4250 accepted 1  with params [-4.68045613  0.88319423  0.16875587 38.9348755   1.49675841  0.72505413]
at minimum 31.8639 accepted 1  with params [-4.54796891  0.98999967  0.27284322 38.60935364  1.36296493  0.34507325]
at minimum 40.9519 accepted 0  with params [-4.51817595  0.67540862  0.05000004 38.1563478   1.06268493  0.        ]
at minimum 47.9100 accepted 0  with params [-4.82620372  0.57156039  0.71719969 38.53737269  1.29603682  0.35120976]
at minimum 31.3569 accepted 1  with params [-4.47125855  0.99        0.14297283 38.91557196  0.88335217  0.21368492]
at minimum 29.8547 accepted 1  with params [-4.79392182  0.87680009  0.33778135 39.18898634  1.14533672  0.47982897]
at minimum 59.6178 accepted 0  with params [-4.61782246  0.44741853  0.55635505 38.9860207   1.43970642  0.28719968]
at minimum 31.7502 accepted 0  with params [-4.69207264  0.77415051  0.49499476 39.30632903  1.34829133  0.5310434 ]
at minimum 60.1806 accepted 0  with params [-5.13630533  0.44580506  0.37409375 39.04511619  1.06694572  0.85528253]
at minimum 38.3309 accepted 0  with params [-4.3827307   0.66150351  0.36952726 39.07759277  1.40743805  0.31341539]
at minimum 51.0628 accepted 0  with params [-4.68676817  0.50934933  0.56006084 39.3038714   1.49418104  0.10873022]
at minimum 31.1079 accepted 0  with params [-4.81835229  0.99        0.05000365 39.05539956  0.70678395  0.22933027]
at minimum 30.7393 accepted 0  with params [-4.78580935  0.93392977  0.54745294 38.79258932  0.73344738  0.30586439]
at minimum 30.4611 accepted 0  with params [-4.38384772  0.99        0.25375046 39.56250933  0.74447888  0.41487217]
at minimum 32.1103 accepted 0  with params [-4.82635943  0.76666692  0.43641171 39.276195    1.41135442  0.32251929]
at minimum 30.6218 accepted 1  with params [-4.50992706  0.99        0.17410531 39.40194187  1.31763397  0.66423579]
at minimum 30.3866 accepted 1  with params [-4.58548087  0.99        0.3761947  39.68307251  1.02640256  0.70288145]
at minimum 29.8614 accepted 1  with params [-4.09755563  0.98431958  0.09900851 40.16504933  1.37284422  1.18714933]
at minimum 43.5056 accepted 0  with params [-4.04731714  0.54310936  0.15050723 40.65371786  1.41359155  1.08952597]
at minimum 28.3784 accepted 1  with params [-3.76879142  0.80101295  0.05000058 40.54305794  1.4832873   0.97747343]
at minimum 30.4137 accepted 0  with params [-3.32554367  0.72110919  0.49001301 40.85648242  1.96058783  0.50988859]
at minimum 27.5694 accepted 1  with params [-3.63461225  0.88921119  0.10851039 40.87840496  1.0122794   1.24536245]
at minimum 43.7582 accepted 0  with params [-3.28042897  0.52758313  0.05       41.2058299   1.37191459  1.02842789]
at minimum 38.8820 accepted 0  with params [-3.65267355  0.58077438  0.05       41.13740397  1.3512831   1.23990903]
at minimum 30.0209 accepted 0  with params [-4.10744381  0.98999979  0.57441158 40.37921923  0.9846697   1.70918917]
at minimum 57.3332 accepted 0  with params [-3.89092146  0.41660237  0.05000037 41.07535161  1.45654117  1.41856719]
at minimum 27.4704 accepted 1  with params [-3.72811925  0.84595482  0.16639581 40.86434946  0.82374463  1.52705114]
at minimum 45.3748 accepted 0  with params [-3.91258195  0.51917427  0.05       40.87236637  1.05499041  1.43261878]
at minimum 27.8371 accepted 1  with params [-3.8474524   0.78579406  0.51569967 41.32652934  1.13249792  1.42898781]
at minimum 56.7511 accepted 0  with params [-3.74737481  0.42263051  0.12459469 40.93527298  1.53726553  1.18009219]
at minimum 27.3524 accepted 1  with params [-3.74147416  0.82007589  0.3195229  41.29271763  1.45221808  1.74600519]
at minimum 30.0666 accepted 0  with params [-3.84020971  0.99        0.32800512 40.82408236  1.32632814  1.54010986]
at minimum 30.3360 accepted 0  with params [-3.44510064  0.98999977  0.42737387 41.28186949  1.90846592  1.88459562]
at minimum 27.4429 accepted 1  with params [-3.39403636  0.88627039  0.77839558 41.55019905  1.92276346  1.25489621]
at minimum 30.6323 accepted 0  with params [-3.197748    0.9899987   1.15332299 41.61444925  1.85828681  1.40362089]
at minimum 30.2542 accepted 0  with params [-3.31681497  0.99        0.69330946 41.18977119  2.          1.10545987]
at minimum 30.3710 accepted 0  with params [-3.35565756  0.98999997  1.11749385 41.36336602  1.58675748  1.3636778 ]
at minimum 30.7797 accepted 0  with params [-3.24708305  0.99        1.02193984 41.74778425  1.90798383  1.38947826]
at minimum 30.8170 accepted 0  with params [-3.37523183  0.98999993  1.10527754 41.75062441  1.99999993  1.60210118]
at minimum 28.6847 accepted 1  with params [-3.29941648  0.74277257  0.857216   41.66869393  1.74173352  1.0490727 ]
at minimum 27.5080 accepted 1  with params [-3.3817061   0.88138608  0.97481807 41.93154797  1.93044752  0.88624335]
at minimum 47.9277 accepted 0  with params [-3.35600162  0.48078509  0.67848278 41.75612385  1.82881085  0.80836474]
at minimum 31.5481 accepted 0  with params [-3.55360089  0.9899995   0.83090176 42.19517652  1.99999946  1.08793355]
at minimum 46.6307 accepted 0  with params [-3.51764288  0.49466047  0.6333882  41.55695894  2.          0.90118446]
at minimum 27.2328 accepted 1  with params [-3.36884081  0.82578645  1.29999827 42.17098867  1.9107461   1.17193373]
at minimum 31.2220 accepted 0  with params [-3.46618078  0.67055773  1.4190502  42.53512169  2.          1.25897332]
at minimum 58.1609 accepted 0  with params [-3.06391204  0.3943516   1.57751181 42.42817516  1.56781069  1.04868009]
at minimum 31.5156 accepted 0  with params [-3.37586349  0.98999973  1.4581199  42.20531415  1.69074193  0.96237028]
at minimum 27.6821 accepted 1  with params [-3.44999573  0.7833002   1.54554638 42.5893829   1.89236367  1.06360914]
at minimum 32.3680 accepted 0  with params [-3.77462833  0.99        1.75296446 42.61726699  1.81676582  0.9988012 ]
at minimum 28.9718 accepted 0  with params [-3.57955624  0.89624816  1.29512929 42.94771109  1.78092845  1.49871328]
at minimum 31.8033 accepted 0  with params [-3.86304179  0.98999998  1.45684422 42.34056804  1.7125161   1.30152142]
at minimum 34.0415 accepted 0  with params [-3.2545769   0.62362099  1.7414117  42.42766031  2.          1.42939579]
at minimum 32.8418 accepted 0  with params [-3.05948351  0.98999953  1.67941265 42.82561269  1.71603999  1.0024489 ]
at minimum 32.2212 accepted 0  with params [-3.06738377  0.98999978  1.54616149 42.57989158  1.90974969  0.84963939]
at minimum 30.5582 accepted 0  with params [-3.15186586  0.68360782  1.44437263 42.66893377  1.80751935  0.7036441 ]
at minimum 33.1338 accepted 0  with params [-3.00374798  0.98999946  1.40227798 42.95154209  1.99999946  1.14700765]
at minimum 34.1943 accepted 0  with params [-3.40014233  0.61999304  1.30801114 42.61399387  1.81285145  1.2704464 ]
at minimum 59.4693 accepted 0  with params [-3.85579588  0.38428013  1.77749774 42.50735955  1.86664223  1.3060146 ]
at minimum 31.9375 accepted 0  with params [-3.85874218  0.65927678  1.72523652 42.22044765  2.          0.73748515]
at minimum 32.0377 accepted 0  with params [-3.85586631  0.65510197  1.92190535 42.56345721  1.5580727   1.41335936]
at minimum 30.8877 accepted 0  with params [-3.3319552   0.67995361  1.95350768 42.2356487   1.99999709  0.73154108]
at minimum 32.3901 accepted 0  with params [-3.54021595  0.98999989  1.60220086 42.65024388  1.99999979  0.72233888]
at minimum 29.5588 accepted 0  with params [-3.06681295  0.91930535  1.35663407 42.87818007  2.          0.73676954]
at minimum 32.8325 accepted 0  with params [-3.27128946  0.99        1.17187727 42.83409415  1.75528384  0.718191  ]
at minimum 28.2904 accepted 1  with params [-3.19593503  0.74919041  1.85633544 42.55595067  1.48976719  1.25336985]
at minimum 31.7094 accepted 0  with params [-3.20703775  0.98598816  2.24384381 42.42670424  1.49963909  1.64659009]
at minimum 28.5752 accepted 1  with params [-3.60124647  0.74180599  2.24966241 42.86412238  1.41677755  1.63090425]
at minimum 33.7594 accepted 0  with params [-4.01200567  0.62667274  2.02256389 42.6605165   0.99492923  1.60915507]
at minimum 44.9596 accepted 0  with params [-3.89403497  0.49363398  2.28915657 43.31040228  1.09936336  1.79497529]
at minimum 32.2538 accepted 0  with params [-3.9828528   0.98999998  2.4813656  42.57097376  1.69588888  1.69419162]
at minimum 33.0624 accepted 0  with params [-3.54578994  0.99        2.29289159 42.92459827  1.18619795  1.62835413]
at minimum 32.3612 accepted 0  with params [-3.59100316  0.64920449  1.96055934 42.63512874  1.31039968  1.66930645]
at minimum 51.2670 accepted 0  with params [-3.59519703  0.44410833  2.61070528 42.51317998  1.1916023   1.31518766]
at minimum 30.8980 accepted 0  with params [-3.24815072  0.96760682  2.2562473  42.47570088  1.34993725  1.85177001]
at minimum 51.9460 accepted 0  with params [-3.48827906  0.43704068  2.65046359 43.06619917  1.72245462  1.69680643]
at minimum 28.6565 accepted 1  with params [-3.87353717  0.90427621  1.91716765 42.60469321  1.17939123  1.25213785]
at minimum 31.6323 accepted 0  with params [-3.96247379  0.66239368  1.54099611 43.02972145  1.04917782  1.28980788]
at minimum 31.9669 accepted 0  with params [-3.59354258  0.9899992   1.98008304 42.43917692  1.49182382  1.11891847]
at minimum 42.6483 accepted 0  with params [-4.29510062  0.51903674  1.87174466 42.61207849  1.43238092  0.93739907]
at minimum 31.9392 accepted 0  with params [-4.14505071  0.99        1.79728126 42.43915251  1.45965963  1.30676656]
at minimum 27.7805 accepted 1  with params [-3.63296561  0.86801035  1.70899702 42.53952238  1.46227974  0.98076831]
at minimum 33.2527 accepted 0  with params [-3.55520604  0.99        1.7845604  42.98630123  1.56262801  1.30897165]
at minimum 31.7444 accepted 0  with params [-3.42710766  0.98999995  1.62473273 42.33193605  1.84159912  0.56552469]
at minimum 46.2026 accepted 0  with params [-3.33815796  0.48783849  1.65474098 42.42514818  1.63183184  1.17981868]
at minimum 32.3192 accepted 0  with params [-3.55257521  0.99        1.37015015 42.60481958  1.67483469  0.97859495]
