at minimum 44.6554 accepted 1  with params [-4.50000005  0.40000007  0.49999998 40.00000172  1.00000006  1.00000009]
at minimum 48.0957 accepted 0  with params [-4.50925904  0.49174523  0.8768051  39.90920391  0.58373594  1.14573539]
at minimum 60.7383 accepted 0  with params [-4.73000939e+00 -3.88325418e-02  7.89083168e-01  4.01061882e+01
  1.42019236e+00  1.48477775e+00]
at minimum 43.7157 accepted 1  with params [-4.15474024  0.42336476  0.54667136 39.6788363   0.61234741  0.61072131]
at minimum 43.8827 accepted 1  with params [-3.96433071  0.47449997  1.03981475 39.2491038   0.37997594  0.58739869]
at minimum 76.6949 accepted 0  with params [-4.44012899  0.81533639  0.76267575 39.26554556  0.81146164  0.26876495]
at minimum 94.6267 accepted 0  with params [-3.90737239  0.93359869  1.49676563 39.13077452  0.87802576  0.72598869]
at minimum 72.8838 accepted 0  with params [-4.10141999  0.79561856  0.76854228 39.11305927  0.07159479  0.89817558]
at minimum 39.2516 accepted 1  with params [-3.58979472  0.2744013   0.88163063 39.03090324  0.24046559  0.94908382]
at minimum 38.6212 accepted 1  with params [-3.32384873  0.26247748  0.48010738 38.82443339  0.          0.77970761]
at minimum 55.0989 accepted 0  with params [-3.77767124e+00  6.38764969e-01  8.19883414e-01  3.91728056e+01
  1.48575047e-07  1.11404355e+00]
at minimum 40.6022 accepted 0  with params [-3.00000006e+00  2.15866056e-01  4.62751488e-01  3.90988519e+01
  1.62213172e-07  9.69188154e-01]
at minimum 53.2274 accepted 0  with params [-3.00000140e+00 -1.69017375e-02  4.29728287e-01  3.87653423e+01
  8.97231069e-07  4.80018826e-01]
at minimum 49.8476 accepted 0  with params [-3.25694730e+00  1.22941135e-02  3.68851809e-01  3.84834738e+01
  3.00219739e-01  9.57224076e-01]
at minimum 41.4763 accepted 0  with params [-3.000001    0.4391197   0.77975961 39.05089048  0.12441442  0.71585121]
at minimum 80.2408 accepted 0  with params [-3.02245265 -0.22786698  0.60803656 39.0901743   0.28386798  1.13722547]
at minimum 59.1944 accepted 0  with params [-3.82269605 -0.07781769  0.16736389 38.71960386  0.          0.38580094]
at minimum 59.4939 accepted 0  with params [-3.47231252  0.69437225  0.24985856 38.98554833  0.22190801  0.407477  ]
at minimum 63.9904 accepted 0  with params [-3.10195733  0.74598036  0.77965504 38.74039686  0.23658222  1.10359614]
at minimum 52.2022 accepted 0  with params [-3.44602895e+00  6.39345625e-01  1.72016867e-01  3.86377991e+01
  7.98641571e-11  5.43044996e-01]
at minimum 51.8333 accepted 0  with params [-3.04371151  0.59603239  0.5305425  39.2595736   0.18925351  0.8446623 ]
at minimum 54.0754 accepted 0  with params [-3.29415403  0.67701135  0.84452362 38.33962263  0.          0.49204701]
at minimum 37.5545 accepted 1  with params [-3.00000000e+00  3.48464539e-01  2.58835755e-01  3.85686823e+01
  1.57978647e-08  3.46605630e-01]
at minimum 42.8414 accepted 0  with params [-3.00000050e+00  1.11257081e-01  4.66814255e-01  3.84756606e+01
  3.33868035e-07  6.10947781e-01]
at minimum 48.1888 accepted 0  with params [-3.00000000e+00  5.65700062e-01  5.00000000e-02  3.90197637e+01
  2.94929350e-01  2.58147361e-08]
at minimum 49.3811 accepted 0  with params [-3.14066776  0.63172758  0.32778739 38.20472291  0.39446268  0.7333129 ]
at minimum 55.8816 accepted 0  with params [-3.01312074e+00  6.80226060e-01  4.91512179e-01  3.85968890e+01
  2.82198203e-02  4.09270828e-01]
at minimum 36.4568 accepted 1  with params [-3.41913563e+00  2.64774260e-01  4.70473021e-01  3.81462979e+01
  1.20834456e-08  2.61638460e-01]
at minimum 46.0354 accepted 0  with params [-3.58814594  0.57923141  0.07201563 38.37656737  0.45233404  0.23156136]
at minimum 46.2011 accepted 0  with params [-3.20998751  0.03795778  0.80386689 37.91350291  0.          0.42975235]
at minimum 40.1242 accepted 0  with params [-3.44430417e+00  1.66841630e-01  3.59343482e-01  3.84547336e+01
  1.40468332e-07  6.91555324e-01]
at minimum 38.4249 accepted 0  with params [-3.14440977  0.19360898  0.05       38.23117661  0.04782487  0.30652474]
at minimum 47.4667 accepted 0  with params [-3.59242099  0.61932508  0.83932677 38.00817996  0.47211488  0.50583633]
at minimum 49.1244 accepted 0  with params [-3.60374498e+00 -3.12080303e-03  1.65533621e-01  3.77504033e+01
  4.91125861e-02  1.90317489e-01]
at minimum 46.4159 accepted 0  with params [-3.44592231  0.60691923  0.4480147  38.02165096  0.          0.        ]
at minimum 37.3956 accepted 0  with params [-3.54971541e+00  4.00133137e-01  3.58806421e-01  3.82893352e+01
  3.91724970e-01  1.22301083e-12]
at minimum 56.0311 accepted 0  with params [-3.54580436 -0.07355404  0.89586301 37.81761495  0.          0.45524455]
at minimum 50.9685 accepted 0  with params [-3.49151995  0.64784659  0.77477093 38.21735545  0.30442368  0.3661248 ]
at minimum 38.9804 accepted 0  with params [-3.57240274  0.50323102  0.52564189 37.70157464  0.19411906  0.57922898]
at minimum 36.9099 accepted 1  with params [-3.07863611  0.31044242  0.73395844 38.43431638  0.          0.        ]
at minimum 67.9106 accepted 0  with params [-3.         -0.1488797   0.70306614 38.70215524  0.          0.38974288]
at minimum 68.5350 accepted 0  with params [-3.         -0.16702551  1.21045742 38.33754948  0.38076937  0.35990339]
at minimum 66.9542 accepted 0  with params [-3.49761075 -0.13822327  0.92227318 38.92560207  0.          0.30645452]
at minimum 42.1704 accepted 0  with params [-3.36891534e+00  1.32820683e-01  8.41479909e-01  3.86168164e+01
  0.00000000e+00  1.13529411e-06]
at minimum 53.1435 accepted 0  with params [-3.00000002  0.64658706  0.58688072 38.69147013  0.          0.        ]
at minimum 61.8255 accepted 0  with params [-3.02074135e+00 -1.10673402e-01  5.78725658e-01  3.83958298e+01
  6.39996694e-02  2.26277837e-02]
at minimum 36.4084 accepted 1  with params [-3.54612879e+00  3.99817025e-01  6.75703284e-01  3.79880035e+01
  7.16598845e-09  4.86731394e-01]
at minimum 37.1609 accepted 0  with params [-3.82298862  0.24094866  0.30198214 38.23191837  0.          0.23528802]
at minimum 38.0141 accepted 1  with params [-3.80625838  0.43853122  1.07642313 38.16912995  0.17050854  0.14073548]
at minimum 49.4942 accepted 0  with params [-3.38564510e+00  6.08513742e-01  9.19250194e-01  3.86072683e+01
  8.95787897e-08  1.36311695e-01]
at minimum 47.9781 accepted 0  with params [-3.63884218  0.63402015  1.0724135  37.87108128  0.4199426   0.19382434]
at minimum 41.1136 accepted 0  with params [-3.78755705  0.12297126  1.49434827 38.10637336  0.28800785  0.0756823 ]
at minimum 71.6401 accepted 0  with params [-3.49085993  0.8361623   1.0256796  38.1185621   0.49983121  0.2713867 ]
at minimum 44.1368 accepted 0  with params [-3.87125741  0.08064824  0.97733021 38.29776656  0.          0.56730965]
at minimum 41.8125 accepted 0  with params [-4.20154866e+00  1.05313592e-01  8.83561804e-01  3.79805630e+01
  2.82961327e-02  0.00000000e+00]
at minimum 48.5715 accepted 0  with params [-4.08462471e+00  2.74477520e-02  1.21764008e+00  3.84787056e+01
  1.52824998e-07  2.81025917e-07]
at minimum 37.8047 accepted 1  with params [-3.38637684  0.20019439  1.31658864 38.09828429  0.14545467  0.50389765]
at minimum 37.8535 accepted 1  with params [-3.02435896  0.19485252  1.20692957 38.0293656   0.          0.91414769]
at minimum 50.1520 accepted 0  with params [-3.00000031e+00  6.31153123e-01  8.85716885e-01  3.83833230e+01
  2.05477338e-07  9.17692560e-01]
at minimum 42.9573 accepted 0  with params [-3.05501465e+00  5.44799199e-01  1.59404840e+00  3.81888621e+01
  3.72459045e-09  6.09242323e-01]
at minimum 38.9174 accepted 0  with params [-3.00000023  0.48850926  1.583961   37.91449135  0.41076109  0.51091963]
at minimum 49.8140 accepted 0  with params [-3.09598955e+00  6.39893120e-01  1.13209083e+00  3.81494074e+01
  7.79451631e-08  1.16900579e+00]
at minimum 37.5926 accepted 1  with params [-3.00000013e+00  2.46253648e-01  1.47751030e+00  3.84069964e+01
  8.93708842e-08  1.20971398e+00]
at minimum 56.1520 accepted 0  with params [-3.12113406 -0.06291893  1.71710645 38.2898921   0.28493633  1.34729983]
at minimum 40.6222 accepted 0  with params [-3.42745613  0.17626388  1.58454782 38.7234232   0.28762081  1.25733006]
at minimum 71.1600 accepted 0  with params [-3.00000001 -0.18380195  1.82152974 38.28876142  0.23822835  1.6184904 ]
at minimum 37.5677 accepted 1  with params [-3.22928027  0.41162324  1.07603077 38.26532327  0.13653249  1.54621023]
at minimum 66.2211 accepted 0  with params [-3.00156997  0.78025823  1.16492016 38.42691942  0.06375871  1.42918794]
at minimum 46.9520 accepted 0  with params [-3.67889397  0.61747351  1.13544337 37.97949104  0.          1.87572788]
at minimum 57.9062 accepted 0  with params [-3.06469429  0.70257235  0.95243528 38.55220015  0.42282263  1.5961627 ]
at minimum 37.7177 accepted 1  with params [-3.16088708  0.19431011  0.87943317 37.97218719  0.30268223  1.92842139]
at minimum 53.7202 accepted 0  with params [-3.03796467e+00 -4.83726441e-02  1.23764600e+00  3.79363189e+01
  2.03615818e-02  1.93909776e+00]
at minimum 44.5831 accepted 0  with params [-3.52742942  0.06074656  0.74810508 37.96228586  0.15530065  1.52260795]
at minimum 69.3606 accepted 0  with params [-3.31009622e+00 -1.92665341e-01  1.15620524e+00  3.75543242e+01
  1.66028454e-02  1.99999584e+00]
at minimum 52.1980 accepted 0  with params [-3.00000000e+00 -3.24678658e-02  4.53093601e-01  3.79470194e+01
  4.19190634e-01  2.00000000e+00]
at minimum 36.9294 accepted 1  with params [-3.10948568  0.43806823  0.72347984 37.87708529  0.13453947  1.88301187]
at minimum 42.7946 accepted 0  with params [-3.00941078  0.08782222  1.13199974 37.97002188  0.52705903  1.62121333]
at minimum 46.3580 accepted 0  with params [-3.53476878e+00  5.96521328e-01  6.03074159e-01  3.81793338e+01
  2.69157109e-02  1.92186488e+00]
at minimum 46.8654 accepted 0  with params [-3.00000000e+00  1.59003174e-02  3.89611541e-01  3.75160918e+01
  0.00000000e+00  2.00000000e+00]
at minimum 64.2430 accepted 0  with params [-3.00000028  0.77919481  0.81751685 38.11588012  0.54782578  1.43854225]
at minimum 63.5989 accepted 0  with params [-3.34982043e+00  7.68919013e-01  3.87973768e-01  3.82339668e+01
  1.06443235e-07  1.73097392e+00]
at minimum 36.7602 accepted 1  with params [-3.08515180e+00  2.45580162e-01  3.24557540e-01  3.81454974e+01
  3.92788289e-07  1.49255426e+00]
at minimum 55.9388 accepted 0  with params [-3.12672137 -0.07081645  0.53250949 37.9169775   0.          1.7106689 ]
at minimum 52.5527 accepted 0  with params [-3.00000001e+00 -3.46507905e-02  4.73299507e-01  3.79911727e+01
  3.13464418e-01  1.54724202e+00]
at minimum 45.2405 accepted 0  with params [-3.4628746   0.07082194  0.74461595 38.44260977  0.42129168  1.19356147]
at minimum 41.5137 accepted 0  with params [-3.38643006e+00  1.18169695e-01  5.00000000e-02  3.81634774e+01
  5.83943478e-03  1.67390577e+00]
at minimum 35.7019 accepted 1  with params [-3.25883021e+00  3.42019096e-01  1.84028553e-01  3.80033650e+01
  1.38341774e-07  1.38106350e+00]
at minimum 36.1807 accepted 1  with params [-3.08870923  0.42590981  0.15076311 37.7358556   0.          1.46357988]
at minimum 35.3181 accepted 1  with params [-3.34928928  0.3456059   0.38094332 37.88155438  0.40111866  1.77351416]
at minimum 56.5769 accepted 0  with params [-3.          0.71269404  0.11965609 38.10166208  0.59199327  1.99999991]
at minimum 37.9202 accepted 0  with params [-3.38213488  0.42382618  0.09300197 38.26859802  0.60447627  1.40431936]
at minimum 37.2788 accepted 0  with params [-3.03998506  0.22463344  0.52206524 38.14864233  0.53941251  1.99999989]
at minimum 41.0133 accepted 0  with params [-3.69651097  0.54650139  0.28536668 37.64585632  0.24822195  1.96223322]
at minimum 62.5040 accepted 0  with params [-3.18593908  0.78435978  0.61055768 37.7099119   0.69701356  1.59294133]
at minimum 37.5588 accepted 0  with params [-3.57877766  0.43863543  0.51538916 38.07917842  0.31051795  2.        ]
at minimum 45.6619 accepted 0  with params [-3.74443140e+00  6.02056761e-01  4.73656467e-01  3.79301262e+01
  5.09834048e-03  2.00000000e+00]
at minimum 36.4949 accepted 0  with params [-3.19866882  0.43642533  0.27701533 37.74605664  0.42614252  1.42541047]
at minimum 50.1602 accepted 0  with params [-3.00000002  0.66996711  0.52082369 37.666176    0.38522697  1.5058501 ]
at minimum 45.6181 accepted 0  with params [-3.06568035  0.61463011  0.05       37.68071364  0.57378064  1.99999978]
at minimum 45.2552 accepted 0  with params [-3.69198638e+00  3.63938091e-02  5.00006276e-02  3.75307678e+01
  7.12618454e-01  1.38890832e+00]
at minimum 37.1622 accepted 1  with params [-3.44286438  0.230259    0.13626771 38.16754391  0.48409683  1.54812733]
