at minimum 92.8505 accepted 1  with params [-4.5         0.4         3.         34.88229634]
at minimum 106.1183 accepted 0  with params [-4.14718955 -0.26081313  2.91960604 34.75822309]
at minimum 89.7999 accepted 1  with params [-4.53048148  0.37029921  3.         35.3341682 ]
at minimum 117.0123 accepted 0  with params [-4.37016226  0.60430898  3.         32.62663179]
at minimum 87.7099 accepted 1  with params [-4.53569855  0.04960607  3.         35.31928178]
at minimum 101.3729 accepted 0  with params [-4.59352216 -0.07640152  3.         35.07399824]
at minimum 104.9212 accepted 0  with params [-4.39769002  0.46367053  3.         35.37051438]
at minimum 85.5435 accepted 1  with params [-4.6290514   0.28414412  2.997453   36.80571325]
at minimum 114.5737 accepted 0  with params [-4.30845747  0.52252846  3.         32.7477225 ]
at minimum 96.1783 accepted 0  with params [-4.65566747  0.04984572  2.93387047 36.91534097]
at minimum 98.4041 accepted 0  with params [-4.37469038  0.3320068   2.68049183 34.00902153]
at minimum 111.9549 accepted 0  with params [-5.01952909  0.42315033  3.         36.40553056]
at minimum 96.3964 accepted 0  with params [-4.7979377   0.21881106  2.56100062 37.26670288]
at minimum 99.8768 accepted 0  with params [-5.00173162  0.52975311  2.53560642 37.87790112]
at minimum 105.2314 accepted 0  with params [-4.55602085  0.59689213  3.         33.9185827 ]
at minimum 85.1278 accepted 1  with params [-4.53861804  0.22283885  2.86297538 35.99315105]
at minimum 107.6375 accepted 0  with params [-4.95588681  0.36693356  2.48193721 35.52677673]
at minimum 143.3146 accepted 0  with params [-5.0130546   0.99        3.         30.43773967]
at minimum 88.7096 accepted 0  with params [-4.40692569  0.15480726  3.         34.99775226]
at minimum 147.3955 accepted 0  with params [-4.75874782 -0.1345671   2.84676909 35.52170092]
at minimum 97.9428 accepted 0  with params [-4.71536196  0.13571985  3.         36.15106353]
at minimum 85.6213 accepted 0  with params [-4.54341566  0.09220167  2.62399841 35.47161033]
at minimum 113.3530 accepted 0  with params [-4.10265175  0.19201124  3.         32.70826177]
at minimum 85.9459 accepted 0  with params [-4.57106777  0.30021253  3.         36.10289588]
at minimum 87.2339 accepted 0  with params [-4.42731349  0.08345812  3.         34.83027708]
at minimum 124.0994 accepted 0  with params [-4.38747851  0.68988609  3.         32.12252002]
at minimum 87.5037 accepted 0  with params [-4.47377666e+00 -1.83743911e-02  2.47655177e+00  3.55455710e+01]
at minimum 93.4656 accepted 0  with params [-4.3459483  -0.07060153  2.42436184 35.98089778]
at minimum 89.0117 accepted 0  with params [-4.44435814 -0.05208189  2.76610817 34.7298452 ]
at minimum 106.9237 accepted 0  with params [-4.91556167  0.68596046  2.42854572 35.50294158]
at minimum 99.9253 accepted 0  with params [-4.8854065   0.41265229  3.         35.73731179]
at minimum 110.9664 accepted 0  with params [-4.11357195  0.05038625  2.4414642  32.85665937]
at minimum 124.8657 accepted 0  with params [-4.95158907  0.2647093   3.         35.64331597]
at minimum 87.8468 accepted 0  with params [-4.69946789  0.35876088  3.         36.23440405]
at minimum 90.8761 accepted 0  with params [-4.70128877  0.46478115  2.86149947 35.98594758]
at minimum 102.1250 accepted 0  with params [-4.19138714 -0.16421584  2.68804082 33.5292729 ]
at minimum 102.7802 accepted 0  with params [-4.94574616  0.62421854  3.         37.10531896]
at minimum 97.8385 accepted 0  with params [-4.60530247  0.52568493  2.46822523 34.69963751]
at minimum 89.2837 accepted 0  with params [-4.67890871  0.42874338  3.         36.16668439]
at minimum 95.3147 accepted 0  with params [-4.88370576  0.48573602  3.         38.42864264]
at minimum 129.0932 accepted 0  with params [-4.32611629  0.70247841  2.95791742 31.73510833]
at minimum 138.4774 accepted 0  with params [-4.83014070e+00 -4.71260994e-03  2.66039927e+00  3.59460464e+01]
at minimum 88.7858 accepted 0  with params [-4.39542472e+00 -5.22168358e-03  2.99624322e+00  3.47772770e+01]
at minimum 223.9895 accepted 0  with params [-4.92113198 -0.15245136  2.92365076 37.17752111]
at minimum 106.4549 accepted 0  with params [-4.27367577  0.35690324  3.         33.291916  ]
at minimum 111.0037 accepted 0  with params [-4.08519834  0.05691019  3.         32.93311224]
at minimum 93.2507 accepted 0  with params [-4.78256292  0.50433394  3.         36.75806468]
at minimum 114.0216 accepted 0  with params [-4.04961786  0.06806336  3.         32.64329904]
at minimum 89.2508 accepted 0  with params [-4.42081408  0.14916255  2.62826967 35.96254127]
at minimum 108.5237 accepted 0  with params [-4.85681897  0.70087481  2.84120433 34.96117987]
at minimum 85.1373 accepted 1  with params [-4.52666521  0.2082644   3.         35.82682029]
at minimum 117.2038 accepted 0  with params [-4.43251227  0.64823246  3.         32.6777894 ]
at minimum 85.3132 accepted 1  with params [-4.5671278   0.26342121  2.69201196 36.05355373]
at minimum 102.4965 accepted 0  with params [-4.78464743  0.6352156   3.         35.38304675]
at minimum 90.3882 accepted 0  with params [-4.68276797  0.453135    2.51693056 36.06516607]
at minimum 103.4283 accepted 0  with params [-4.62119335 -0.07041595  2.94728721 36.47212459]
at minimum 101.9122 accepted 0  with params [-4.23318823 -0.23915839  2.53968388 35.29446215]
at minimum 108.6888 accepted 0  with params [-4.11779285 -0.12255991  2.3589501  33.00702287]
at minimum 135.3745 accepted 0  with params [-4.78384956 -0.04439719  2.78576233 35.74619289]
at minimum 89.3014 accepted 0  with params [-4.45488337 -0.05532104  2.6926425  36.50304485]
at minimum 101.5465 accepted 0  with params [-4.26989584  0.29730894  0.05       33.82591483]
at minimum 91.0990 accepted 0  with params [-4.45688302 -0.12093978  2.5690458  35.64606568]
at minimum 98.1737 accepted 0  with params [-4.39980171  0.34110677  2.36182293 34.04318943]
at minimum 90.7898 accepted 0  with params [-4.78071164  0.36224931  2.62240448 35.82666669]
at minimum 102.0849 accepted 0  with params [-4.18016255 -0.20119034  3.         33.54474249]
at minimum 96.6799 accepted 0  with params [-4.67543005  0.54052988  2.34227908 35.14255911]
at minimum 88.5130 accepted 1  with params [-4.73599915  0.41011121  2.41949545 36.08186151]
at minimum 109.1839 accepted 0  with params [-4.54801158  0.60328691  2.63405508 35.75096061]
at minimum 107.9679 accepted 0  with params [-4.94000558  0.69641782  2.32927698 35.48975649]
at minimum 119.0501 accepted 0  with params [-5.07171761  0.79393619  2.66212854 35.0763459 ]
at minimum 86.9373 accepted 1  with params [-4.76561678  0.31660285  2.10316971 36.90582299]
at minimum 122.4282 accepted 0  with params [-4.44080251  0.67669985  1.88433688 32.23943578]
at minimum 94.7052 accepted 0  with params [-4.54851266  0.44342116  2.3410587  34.74806265]
at minimum 136.3860 accepted 0  with params [-5.17825346  0.31986976  1.79226297 37.07645979]
at minimum 121.1886 accepted 0  with params [-4.32524665  0.58329296  2.08016898 32.26294514]
at minimum 88.0736 accepted 0  with params [-4.75260165  0.42784767  1.83584327 36.73365868]
at minimum 115.0024 accepted 0  with params [-5.11128479  0.75205235  2.3496298  35.70284905]
at minimum 92.7456 accepted 0  with params [-4.40363052 -0.16873126  1.82144828 36.07693599]
at minimum 86.1981 accepted 1  with params [-4.78323246  0.32970849  1.8629627  37.85536334]
at minimum 95.6821 accepted 0  with params [-4.8882203   0.56534851  1.51150756 36.71217116]
at minimum 88.6113 accepted 0  with params [-4.47267959  0.08425601  1.48897312 37.45126036]
at minimum 91.2619 accepted 0  with params [-4.43497112  0.19772665  1.71536176 34.63778674]
at minimum 127.7556 accepted 0  with params [-4.3501288   0.6741737   1.41905357 31.80437378]
at minimum 117.2733 accepted 0  with params [-4.79419717  0.70973845  2.15565512 38.06709031]
at minimum 142.8938 accepted 0  with params [-5.12192212  0.20144146  2.0117183  44.48054958]
at minimum 100.2110 accepted 0  with params [-5.11402168  0.53359886  1.57102207 39.83283624]
at minimum 118.6391 accepted 0  with params [-5.17924187  0.76443927  2.28665171 37.83971087]
at minimum 82.8186 accepted 1  with params [-4.59224504  0.05004707  1.47033985 36.44338863]
at minimum 83.0146 accepted 1  with params [-4.56087516  0.0693516   1.49396528 36.46286631]
at minimum 80.8807 accepted 1  with params [-4.68689153  0.0708137   1.11106159 36.46328403]
at minimum 86.4439 accepted 0  with params [-4.52967315  0.23944134  1.27401069 35.32029622]
at minimum 116.0895 accepted 0  with params [-4.78241909 -0.18764297  1.11104261 38.39836257]
at minimum 101.5875 accepted 0  with params [-4.78793903 -0.1451049   0.92219809 39.37267799]
at minimum 205.5677 accepted 0  with params [-5.10748107 -0.08723444  0.90709282 36.02054875]
at minimum 115.5419 accepted 0  with params [-4.71785635 -0.28953514  1.09683789 36.65023527]
at minimum 119.9162 accepted 0  with params [-5.09691422  0.19986879  0.77688815 36.86873516]
at minimum 80.5929 accepted 1  with params [-4.72047118  0.0555912   0.97002614 36.52455653]
at minimum 89.2098 accepted 0  with params [-4.95476231  0.50824269  0.85645085 38.11561946]
at minimum 94.4750 accepted 0  with params [-4.42614453  0.41191539  0.05       34.56980029]
at minimum 83.6076 accepted 0  with params [-4.80801897  0.32624787  1.13555124 36.19829532]
at minimum 81.6465 accepted 1  with params [-4.54254833  0.15443339  0.93737027 36.29392545]
