at minimum 66.8618 accepted 1  with params [-4.5         0.4         0.5        47.67344567]
at minimum 59.8485 accepted 1  with params [-4.25628290e+00  4.71591670e-02  9.03180895e-01  4.74081423e+01]
at minimum 47.8768 accepted 1  with params [-4.37027768  0.13145667  1.26783663 43.18399172]
at minimum 46.0730 accepted 1  with params [-4.55147209  0.35364287  1.72775653 43.23091842]
at minimum nan accepted 1  with params [-4.72771337  0.4691656   1.67821258 43.02057653]
at minimum 45.3755 accepted 1  with params [-4.46269565  0.33966342  1.47285307 42.99636284]
at minimum 68.2792 accepted 0  with params [-4.67022524  0.99        1.30937898 40.20675626]
at minimum 51.4655 accepted 0  with params [-4.85302985  0.72750514  1.34620547 43.37414157]
at minimum 44.7627 accepted 1  with params [-4.3351192   0.3523453   1.12643428 42.92185106]
at minimum 54.1293 accepted 0  with params [-4.11848106  0.65164682  0.88465546 41.59825356]
at minimum 88.7013 accepted 0  with params [-3.8489778   0.64274024  1.34376433 39.8614324 ]
at minimum 48.8793 accepted 0  with params [-4.46887426  0.51385456  0.8876409  42.87321288]
at minimum 60.2558 accepted 0  with params [-4.74349802  0.99        0.66228223 40.78807473]
at minimum 45.7428 accepted 0  with params [-4.44161975  0.40580384  1.28743184 42.73651895]
at minimum 60.9363 accepted 0  with params [-4.74263723  0.99        0.73484273 40.70274119]
at minimum 42.9908 accepted 1  with params [-3.84789159 -0.18437161  0.75840085 42.68526762]
at minimum 53.3935 accepted 0  with params [-3.45551215 -0.56952425  0.43820386 41.62721059]
at minimum 41.3518 accepted 1  with params [-3.81894443  0.20116661  0.47932639 42.87200594]
at minimum 117.0952 accepted 0  with params [-4.22901001  0.99        3.         38.40059604]
at minimum 47.0215 accepted 0  with params [-3.44341906 -0.13940571  0.4245683  41.88487011]
at minimum 78.0331 accepted 0  with params [-3.58413776  0.58007494  0.81586121 40.37345792]
at minimum 84.4422 accepted 0  with params [-3.43678168 -0.9         0.88002503 39.861004  ]
at minimum 41.8256 accepted 1  with params [-3.71129754  0.18115769  0.32202032 43.34951755]
at minimum 39.4533 accepted 1  with params [-3.29367711e+00  6.14890516e-03  1.80797646e-01  4.30110849e+01]
at minimum nan accepted 1  with params [-3.         -0.05413554  0.05       42.90880752]
at minimum nan accepted 1  with params [-3.11497013 -0.16485526  0.05       42.80475371]
at minimum 51.1599 accepted 1  with params [-3.4656259  -0.08693111  0.53606768 41.59657825]
at minimum 41.5073 accepted 1  with params [-3.74015021  0.26895048  0.43852766 42.20370334]
at minimum 68.4678 accepted 0  with params [-3.28201157e+00  1.52146836e-02  5.35687975e-01  4.07171995e+01]
at minimum 55.0894 accepted 0  with params [-3.76410095  0.5812018   0.62420213 41.44693764]
at minimum nan accepted 1  with params [-4.07446514  0.05337307  0.05       42.54742722]
at minimum 44.3498 accepted 1  with params [-4.14952791  0.39292853  0.72479997 42.94704674]
at minimum 48.2826 accepted 0  with params [-3.72613012 -0.37461341  0.95006831 42.29085838]
at minimum 45.2668 accepted 0  with params [-4.17225603  0.30979881  1.23548817 42.22840873]
at minimum 49.4774 accepted 0  with params [-4.47101016  0.44510444  0.9228007  43.84212404]
at minimum 42.1261 accepted 1  with params [-4.00705026  0.17392881  0.79827955 42.60702621]
at minimum 85.2209 accepted 0  with params [-3.72700005  0.50540188  1.18707003 40.06227602]
at minimum 103.0835 accepted 0  with params [-4.32084475e+00  4.00039425e-02  4.59828969e-01  4.29257783e+01]
at minimum 44.5942 accepted 0  with params [-4.15305686  0.42174739  0.78356769 42.71339202]
at minimum 50.7299 accepted 0  with params [-3.71379604 -0.19731167  1.0272387  41.63649759]
at minimum 44.8269 accepted 1  with params [-4.164782    0.42476605  0.69609497 42.97190651]
at minimum 50.3747 accepted 0  with params [-4.3759313   0.52009849  0.59794034 44.33495015]
at minimum 58.2119 accepted 0  with params [-4.29358318  0.99        0.34883878 41.05930691]
at minimum 41.6236 accepted 1  with params [-3.68818672e+00 -2.61500454e-03  5.14233917e-01  4.27710337e+01]
at minimum 46.8448 accepted 0  with params [-3.80569616  0.44500177  0.23611567 42.90360406]
at minimum 59.6223 accepted 0  with params [-6.          0.99        0.52357653 41.59486417]
at minimum 42.1265 accepted 1  with params [-3.85266294  0.25898369  0.57548307 42.5469627 ]
at minimum 44.5844 accepted 0  with params [-3.86738261 -0.18528942  1.06385812 42.02825962]
at minimum 122.9029 accepted 0  with params [-3.37549664  0.46040289  0.82681202 38.2225154 ]
at minimum 39.0513 accepted 1  with params [-3.147548    0.1467593   0.12724481 42.09056576]
at minimum 40.4225 accepted 0  with params [-3.35518581  0.08562297  0.2149968  41.31272183]
