at minimum 3.0846 accepted 1  with params [-4.5         0.4         3.         31.23887206]
at minimum 5.2649 accepted 0  with params [-4.94942732  0.99        2.86661516 29.46462007]
at minimum 4.9342 accepted 0  with params [-4.30503066 -0.9         2.54232882 30.81515781]
at minimum 3.4488 accepted 1  with params [-4.38965075  0.38922527  3.         30.90113138]
at minimum 3.2478 accepted 1  with params [-4.43445082 -0.08531877  3.         31.04626827]
at minimum 10.8844 accepted 0  with params [-4.89165782 -0.28854764  2.66970152 38.37784529]
at minimum 3.5297 accepted 1  with params [-4.10978893 -0.4043504   3.         30.37905825]
at minimum 3.9434 accepted 0  with params [-3.99182406 -0.72344009  2.81562412 29.9100694 ]
at minimum 3.5727 accepted 1  with params [-4.09403724 -0.39192681  3.         30.07344407]
at minimum 3.1246 accepted 1  with params [-4.26901668 -0.12641542  3.         29.98529559]
at minimum 3.8402 accepted 1  with params [-4.63246839  0.08251213  2.81814044 30.0708306 ]
at minimum 2.7765 accepted 1  with params [-4.65607493  0.34136767  3.         32.79099104]
at minimum 6.4358 accepted 0  with params [-4.95642648  0.13991449  2.86754151 39.34928445]
at minimum 3.0827 accepted 1  with params [-4.87558791  0.53459533  2.92404989 32.98275167]
at minimum 3.0590 accepted 1  with params [-4.82525939  0.58496373  2.58414906 33.15755991]
at minimum 3.4689 accepted 1  with params [-5.00499641  0.70147027  2.90135889 33.85263018]
at minimum 5.1895 accepted 0  with params [-5.0589304   0.99        3.         29.47367842]
at minimum 3.3206 accepted 1  with params [-4.75972172  0.64258778  3.         32.24101591]
at minimum 3.6459 accepted 0  with params [-4.89997352  0.74140403  2.73394851 32.47019975]
at minimum 5.6111 accepted 1  with params [-4.28218133  0.99        3.         29.7521333 ]
at minimum 5.5113 accepted 1  with params [-4.13340915  0.92923419  2.66843187 29.75979778]
at minimum 5.6195 accepted 0  with params [-3.73921383  0.99        1.58558765 29.648469  ]
at minimum 3.9973 accepted 1  with params [-4.06347965 -0.9         2.32619188 29.91042074]
at minimum 4.4683 accepted 1  with params [-4.21001202 -0.9         2.6823177  29.94552277]
at minimum 4.1311 accepted 1  with params [-4.29147485 -0.57168683  3.         30.68421357]
at minimum 4.0708 accepted 1  with params [-3.93244366 -0.74376228  2.79138913 29.85999999]
at minimum 4.7656 accepted 0  with params [-3.62128821 -0.37615264  2.61386972 29.86      ]
at minimum 4.1479 accepted 1  with params [-4.21791981 -0.69729419  3.         29.73363458]
at minimum 3.4798 accepted 1  with params [-4.12130709 -0.28880271  3.         30.34243543]
at minimum 3.0151 accepted 1  with params [-4.39386352e+00 -6.90969395e-03  2.54947986e+00  3.07113222e+01]
at minimum 5.4030 accepted 0  with params [-4.75468166  0.99        2.40175916 29.54631196]
at minimum 3.6194 accepted 1  with params [-4.08441065 -0.26697038  2.59674211 29.91081654]
at minimum 4.2269 accepted 0  with params [-3.89154591 -0.15231625  3.         29.85999643]
at minimum 3.0457 accepted 1  with params [-4.33759155 -0.03847231  2.97242271 30.09112303]
at minimum 3.9716 accepted 1  with params [-3.92709881 -0.4569172   3.         29.86000003]
at minimum 3.3120 accepted 1  with params [-4.30400954 -0.23351997  3.         30.78565288]
at minimum 4.0005 accepted 0  with params [-4.01912795 -0.9         3.         29.8600285 ]
at minimum 4.4631 accepted 0  with params [-3.82675631 -0.08777158  3.         29.86000178]
at minimum 4.3512 accepted 1  with params [-3.82335158 -0.9         3.         29.86      ]
at minimum 4.7191 accepted 0  with params [-3.51374255 -0.9         2.99573963 29.76000007]
at minimum 4.6403 accepted 1  with params [-4.23925302 -0.9         2.77482035 30.08565135]
at minimum 3.9961 accepted 1  with params [-4.04795484 -0.9         2.50328687 29.86002493]
at minimum 4.7584 accepted 1  with params [-4.36108982 -0.69201536  2.73035767 31.05416109]
at minimum 12.5416 accepted 0  with params [-4.73565796 -0.9         2.59455896 17.63041148]
at minimum 7.2827 accepted 0  with params [-4.83193576 -0.9         0.16418632 42.13771187]
at minimum 3.8313 accepted 1  with params [-4.31967061 -0.41945958  3.         30.89455986]
at minimum 3.7776 accepted 1  with params [-4.07126367 -0.6938445   3.         30.15748251]
at minimum 5.6113 accepted 0  with params [-4.35875314 -0.9         3.         30.28518965]
at minimum 3.6687 accepted 1  with params [-4.42210808 -0.24503432  2.66619578 30.44382781]
at minimum 5.6244 accepted 0  with params [-4.65820326 -0.19750254  2.63617919 30.49185018]
at minimum 6.2370 accepted 0  with params [-4.74469712 -0.04648732  3.         29.9419003 ]
at minimum 13.7023 accepted 0  with params [-4.96637054 -0.34573502  3.         30.71577631]
at minimum 3.0120 accepted 1  with params [-4.37670966e+00  5.09063576e-03  2.71753973e+00  3.03848818e+01]
at minimum 5.3648 accepted 0  with params [-4.81337955  0.99        2.33270617 29.51773146]
at minimum 3.7412 accepted 1  with params [-4.03039848 -0.30859096  2.56728982 29.91012657]
at minimum 3.5373 accepted 1  with params [-4.26504129 -0.46993243  1.61340783 30.63122864]
at minimum 2.9428 accepted 1  with params [-4.43243092  0.05680092  1.59445317 30.86028444]
at minimum 3.0201 accepted 1  with params [-4.50730222e+00  1.80097530e-02  1.72557639e+00  3.07869696e+01]
at minimum 4.2380 accepted 0  with params [-4.06211604  0.1466146   1.94612319 29.91005883]
at minimum 3.4827 accepted 1  with params [-4.18467245 -0.21996616  1.601592   30.27233757]
at minimum 3.8473 accepted 1  with params [-4.02612893 -0.32716103  1.982507   29.83475108]
at minimum 4.0307 accepted 1  with params [-4.03079922  0.06104169  3.         29.9101854 ]
at minimum 4.4693 accepted 0  with params [-3.78463424 -0.9         2.79017146 29.85999967]
at minimum 4.8027 accepted 0  with params [-3.87128024  0.26082712  2.71237121 29.85999998]
at minimum 5.1883 accepted 0  with params [-3.54158949  0.11274997  3.         29.76      ]
at minimum 3.4567 accepted 1  with params [-4.36944349  0.33419433  2.55185347 30.84385958]
at minimum 2.9087 accepted 1  with params [-4.81383776  0.52707042  2.53736696 33.3617386 ]
at minimum 2.9034 accepted 1  with params [-4.83455303  0.507434    2.51268326 33.87106221]
at minimum 3.1347 accepted 1  with params [-4.57228034  0.11441679  2.23313289 34.33641685]
at minimum 3.1864 accepted 1  with params [-4.2495633  -0.15852338  2.52985631 30.64819213]
at minimum 3.6553 accepted 1  with params [-4.29803405 -0.46007262  1.9833421  30.68905693]
at minimum 3.6648 accepted 1  with params [-4.6862352   0.10736278  2.22869278 31.26054535]
at minimum 3.1942 accepted 1  with params [-4.42104504 -0.09977212  2.67576543 31.269289  ]
at minimum 3.6488 accepted 1  with params [-4.48805859 -0.19804042  2.38059104 31.66019145]
at minimum 2.7411 accepted 1  with params [-4.57323003  0.32582969  3.         31.91467475]
at minimum 8.0436 accepted 0  with params [-4.86947194 -0.07233901  2.64283755 31.42321593]
at minimum 3.0639 accepted 1  with params [-4.79995285  0.40783068  2.51588597 32.45735796]
at minimum 2.8794 accepted 1  with params [-4.56216437  0.14587295  2.0417162  31.94868902]
at minimum 2.9636 accepted 1  with params [-4.62457739  0.40798892  1.61926212 31.99912915]
at minimum 4.1895 accepted 0  with params [-4.54771523  0.71375338  3.         30.40124858]
at minimum 3.4084 accepted 0  with params [-4.63050097 -0.03366362  1.41456114 31.78133811]
at minimum 4.2979 accepted 0  with params [-4.34168599  0.5448756   1.55468447 29.86527275]
at minimum 3.1024 accepted 1  with params [-5.00434539  0.496668    1.24800146 35.38285887]
at minimum 3.7349 accepted 1  with params [-4.72816807  0.68052113  1.43064527 31.42500582]
at minimum 5.4048 accepted 0  with params [-4.42818217  0.99        1.1000118  29.67896564]
at minimum 4.9979 accepted 1  with params [-6.          0.99        1.84648223 30.00150661]
at minimum 6.8008 accepted 0  with params [-5.52041238  0.49854951  1.67067535 30.0344257 ]
at minimum 5.0106 accepted 1  with params [-5.61155576  0.99        1.95396832 29.83425758]
at minimum 4.9986 accepted 1  with params [-6.          0.99        2.08457861 30.00322466]
at minimum 5.0111 accepted 1  with params [-5.67812165  0.99        2.53428932 29.57580584]
at minimum 4.1318 accepted 1  with params [-5.64060926  0.76635683  2.64348259 35.91343985]
at minimum 4.9192 accepted 1  with params [-5.85185229  0.34610662  2.23147759 66.4062018 ]
at minimum 4.4990 accepted 1  with params [-6.          0.35500103  1.95500687 68.92785483]
at minimum 4.4108 accepted 1  with params [-6.          0.7554969   2.1191206  37.81272195]
at minimum 6.1341 accepted 0  with params [-5.10527504  0.99        1.38070685 34.35350897]
at minimum 4.5420 accepted 1  with params [-5.99863199  0.72243874  0.40857522 38.4850659 ]
at minimum 5.6383 accepted 0  with params [-3.84966475  0.93871178  3.         29.75999603]
at minimum 4.9968 accepted 1  with params [-6.          0.99        1.59081525 30.0009869 ]
at minimum 4.9957 accepted 1  with params [-5.97292305  0.99        1.47532736 29.99246026]
at minimum 5.0274 accepted 1  with params [-5.4807448   0.99        1.70543168 29.66073854]
at minimum 5.0232 accepted 1  with params [-5.56552726  0.99        1.54387406 29.26197222]
