at minimum 48.7121 accepted 1  with params [-4.49999961  0.40000117  0.49999981 40.00000192  1.00000008  1.00000075]
at minimum 99.9207 accepted 0  with params [-4.14377969  0.81829815  0.05000103 40.39467106  1.41051419  0.68774079]
at minimum 69.6379 accepted 0  with params [-4.17042534  0.64281485  0.55929228 40.00788875  1.36323112  0.9873429 ]
at minimum 59.0021 accepted 0  with params [-4.30132265 -0.0653712   0.15640659 40.19569044  1.44521225  0.90248606]
at minimum 84.5323 accepted 0  with params [-4.53750563  0.72970847  0.61842743 40.32686728  0.51949202  1.22241699]
at minimum 101.1104 accepted 0  with params [-4.9302834   0.84709669  0.05       40.03193281  1.13272509  0.721963  ]
at minimum 66.3401 accepted 0  with params [-4.73277317  0.5838515   0.28543221 40.39076795  0.74882713  1.39452193]
at minimum 45.3318 accepted 1  with params [-4.26378957  0.28879569  0.34912062 40.04373255  0.97987149  1.02453128]
at minimum 47.0982 accepted 0  with params [-3.92280132  0.38145608  0.17508073 39.88112932  0.70264074  1.13485344]
at minimum 52.3704 accepted 0  with params [-4.31591623e+00 -3.82111958e-02  5.03552753e-01  3.95501285e+01
  1.10071452e+00  1.22746138e+00]
at minimum 60.7505 accepted 0  with params [-3.79421889 -0.12493588  0.18954784 39.63708018  1.20133129  1.45373211]
at minimum 65.4943 accepted 0  with params [-3.83862146 -0.15063159  0.18465394 39.90161675  1.04414291  1.46198724]
at minimum 69.9189 accepted 0  with params [-4.00251204  0.67159461  0.69412369 39.64031862  1.02425069  0.66059331]
at minimum 57.7962 accepted 0  with params [-4.25554201  0.56233813  0.05000076 39.63302797  1.43260188  1.35624658]
at minimum 47.7613 accepted 0  with params [-4.20740096  0.17012293  0.05000046 40.39721347  1.29082674  1.05104862]
at minimum 42.4281 accepted 1  with params [-4.11654562  0.25084455  0.75242194 39.68655822  1.43466305  1.43595561]
at minimum 51.0660 accepted 0  with params [-4.32457078  0.44345106  0.82495452 39.96811659  1.10233345  1.08862385]
at minimum 39.3043 accepted 1  with params [-3.66190175  0.23212677  0.25988859 39.18805227  1.38780949  1.31165867]
at minimum 54.0263 accepted 0  with params [-3.34798505  0.53720644  0.64290045 39.42995852  1.44080258  1.39771551]
at minimum 41.2530 accepted 1  with params [-3.86784826  0.37673452  0.21745728 39.07103664  1.33770805  1.10579546]
at minimum 59.8457 accepted 0  with params [-3.63128488  0.61865707  0.05000113 39.16786122  1.55412993  1.27022619]
at minimum 43.2278 accepted 1  with params [-4.16850919  0.4184923   0.11652252 39.09869531  1.07766044  0.76987825]
at minimum 39.6617 accepted 1  with params [-4.35500672  0.07766223  0.16924291 38.61217516  1.16655759  1.14337094]
at minimum 45.8274 accepted 0  with params [-4.58991634  0.50769775  0.05       38.66475326  0.94068834  0.84796134]
at minimum 54.1134 accepted 0  with params [-4.51461095 -0.09408531  0.05000132 39.02058854  0.70902166  1.39562679]
at minimum 37.9367 accepted 1  with params [-4.11269277  0.43068282  0.58889306 38.14792699  1.1015565   1.62452546]
at minimum 32.5157 accepted 1  with params [-3.80264019  0.35463921  0.17153141 37.70956915  0.71741923  1.37405512]
at minimum 52.9947 accepted 0  with params [-3.62163588  0.63781204  0.60177614 38.0172913   0.33962475  1.30048703]
at minimum 68.8152 accepted 0  with params [-3.82966555  0.78679218  0.05       37.7051124   0.66207346  1.04474043]
at minimum 44.0052 accepted 0  with params [-3.68068289  0.56151132  0.25801315 37.76119446  1.08553522  1.32194554]
at minimum 62.5058 accepted 0  with params [-3.65019962  0.75191541  0.50713036 37.51206455  1.05769427  1.0893332 ]
at minimum 34.1951 accepted 0  with params [-3.96995354  0.42516909  0.05000047 37.5431112   1.12589274  0.92214692]
at minimum 37.6137 accepted 0  with params [-3.82274356  0.44034736  0.61674072 38.02910513  0.32525354  1.0025375 ]
at minimum 32.9041 accepted 1  with params [-4.10949834  0.41252168  0.16077433 37.41369804  0.81435541  1.63298797]
at minimum 28.4620 accepted 1  with params [-4.38077137  0.28338158  0.05       37.12990683  1.28172097  1.70451695]
at minimum 31.1093 accepted 1  with params [-4.18327578  0.107132    0.25258115 37.10092696  1.73188592  2.        ]
at minimum 33.8017 accepted 0  with params [-3.7350828   0.42075402  0.20090443 37.52658789  1.29412108  1.99999957]
at minimum 30.2990 accepted 1  with params [-4.16734861  0.42004682  0.05       36.82263072  1.33695352  1.92155682]
at minimum 39.8274 accepted 0  with params [-4.18907646  0.60914027  0.08867431 36.39318161  1.07358648  1.99999987]
at minimum 35.8168 accepted 0  with params [-3.74705231e+00 -9.57416610e-03  5.00000000e-02  3.67345503e+01
  1.10384713e+00  1.51662681e+00]
at minimum 44.1865 accepted 0  with params [-4.39999842  0.61501038  0.05000001 37.04046292  1.56871592  1.847572  ]
at minimum 29.0304 accepted 1  with params [-4.01435794  0.09428162  0.28820205 36.42282314  1.30952335  1.71199429]
at minimum 43.9023 accepted 0  with params [-4.27210712 -0.13213519  0.05       36.20322677  1.2470285   1.81370385]
at minimum 56.2684 accepted 0  with params [-4.13491718 -0.24059056  0.58439539 36.28457087  1.1841428   1.84296487]
at minimum 27.8830 accepted 1  with params [-4.147953    0.32411957  0.05000025 36.88882105  1.46357807  1.26004091]
at minimum 35.2284 accepted 0  with params [-3.9443563   0.51268216  0.53096599 36.85643792  1.84847094  1.50592066]
at minimum 46.8616 accepted 0  with params [-4.05703082 -0.13260167  0.19429644 36.91151835  1.47242604  1.61425712]
at minimum 27.4257 accepted 1  with params [-4.20508416  0.349551    0.05       36.69290046  1.64136326  0.78976323]
at minimum 26.3186 accepted 1  with params [-3.84749126  0.38127155  0.05       36.22140075  2.          0.61467105]
at minimum 26.5790 accepted 1  with params [-4.07560056  0.10926176  0.05000019 35.89887735  1.99999979  1.00502872]
at minimum 22.9219 accepted 1  with params [-4.25743677  0.21316653  0.05       35.59310452  1.99999987  0.78957813]
at minimum 33.4008 accepted 0  with params [-4.56769883  0.57933687  0.05       35.57238167  2.          0.39462963]
at minimum 23.3870 accepted 1  with params [-4.64833748  0.16384188  0.39269834 35.41675092  1.7918193   0.90783788]
at minimum 33.0103 accepted 0  with params [-4.34675792e+00 -3.46973619e-02  4.91734220e-01  3.53828339e+01
  1.42597963e+00  9.12415615e-01]
at minimum 31.7916 accepted 0  with params [-4.82173235e+00 -2.01908951e-02  8.23312013e-01  3.52442273e+01
  1.99999992e+00  6.35262571e-01]
at minimum 21.9183 accepted 1  with params [-4.83188992  0.23430884  0.46851791 35.3429665   1.49359101  0.85817276]
at minimum 24.4319 accepted 0  with params [-4.60297864  0.15708044  0.17462621 35.71843477  1.63426924  0.65777005]
at minimum 22.2308 accepted 0  with params [-4.94373182  0.21121767  0.73567425 35.34683739  1.35118567  1.03891711]
at minimum 21.8331 accepted 1  with params [-5.17600561  0.29782622  0.45652518 35.3588634   1.35740485  0.87866073]
at minimum 21.8759 accepted 1  with params [-5.48037962  0.34404917  0.56244354 35.22367914  1.07256842  0.85798945]
at minimum 24.7663 accepted 0  with params [-5.09198527  0.42806436  0.29930563 35.44633039  0.72425498  0.68997313]
at minimum 24.0176 accepted 0  with params [-5.25594112  0.42719642  0.98024487 35.23268582  1.10931142  1.19423962]
at minimum 39.6351 accepted 0  with params [-5.53319502  0.65601355  0.1685223  35.5940118   1.38489948  1.22413576]
at minimum 29.9897 accepted 0  with params [-5.60246564  0.51974284  0.9769431  35.67232395  1.30351733  0.50960366]
at minimum 31.7201 accepted 0  with params [-5.27692636  0.5602183   0.53205348 35.50706379  1.50169174  0.5810739 ]
at minimum 21.5380 accepted 1  with params [-5.68150413  0.23471719  0.35148599 35.21109962  1.03007209  0.96889065]
at minimum 25.8934 accepted 0  with params [-5.62582405  0.09800614  0.64474393 35.51804962  1.26303241  0.57851999]
at minimum 34.0279 accepted 0  with params [-5.67408764  0.60153324  0.05000077 35.34320471  1.29786962  0.9139888 ]
at minimum 23.4620 accepted 1  with params [-5.92391371  0.16490147  0.42804649 35.45117318  1.35628289  0.91899577]
at minimum 35.5317 accepted 0  with params [-6.         -0.05130328  0.05000039 35.78855073  1.20755444  1.08416202]
at minimum 55.6233 accepted 0  with params [-5.99999985 -0.2667725   0.38887489 35.21683725  1.24772061  0.87910628]
at minimum 36.0315 accepted 0  with params [-5.50958602 -0.08621363  0.21879367 35.09445339  1.43441277  0.57431384]
at minimum 34.1701 accepted 0  with params [-5.92424419  0.58786648  0.10168951 35.62005711  1.24067345  1.22340848]
at minimum 50.2237 accepted 0  with params [-6.         -0.21703516  0.52478752 35.43249571  1.06265163  0.70466266]
at minimum 28.1429 accepted 0  with params [-5.63684442  0.06073553  0.76305315 35.71506976  1.59687241  1.14933958]
at minimum 25.7185 accepted 0  with params [-5.86984189  0.10808924  0.51758697 35.58646211  1.74504232  0.71630258]
at minimum 22.5180 accepted 1  with params [-6.          0.23065172  0.50645299 35.53810208  1.41286084  1.21854841]
at minimum 40.2103 accepted 0  with params [-5.99999991 -0.13257052  0.88297698 35.10074045  1.19803164  1.53623708]
at minimum 33.4133 accepted 0  with params [-5.74094448  0.55359156  0.73988637 35.96485501  0.99086207  1.30363546]
at minimum 31.1125 accepted 0  with params [-5.99999865e+00  1.72938122e-02  1.68818793e-01  3.58642492e+01
  1.42792694e+00  1.02254932e+00]
at minimum 23.0148 accepted 1  with params [-5.99999965  0.2918668   0.78498794 35.72608699  1.67718975  1.16486416]
at minimum 29.9926 accepted 0  with params [-5.94538061  0.50756442  0.37071251 35.82919355  1.28198547  1.55891419]
at minimum 22.3914 accepted 1  with params [-5.99999993  0.2528272   0.96633955 35.54725762  1.9200131   1.18978597]
at minimum 28.0413 accepted 0  with params [-5.96197301  0.06674645  1.01683073 35.78353694  1.96287341  1.06070411]
at minimum 31.0915 accepted 0  with params [-5.99999961  0.51852357  1.05793242 35.94959874  1.60179568  0.94816748]
at minimum 47.5393 accepted 0  with params [-5.90656083 -0.18974693  1.03720781 35.67920874  2.          0.94695012]
at minimum 21.3530 accepted 1  with params [-5.92170219  0.24956779  1.15085731 35.18739167  1.51103395  1.16759409]
at minimum 25.0205 accepted 0  with params [-5.76790133  0.44372143  0.84204418 35.3664313   1.80617858  1.36117938]
at minimum 22.0625 accepted 0  with params [-5.89356531  0.34478506  1.10402579 35.28223423  1.70977808  1.00651861]
at minimum 38.9060 accepted 0  with params [-5.48749836 -0.109524    1.50779131 35.3098375   1.93126053  1.26124546]
at minimum 38.0727 accepted 0  with params [-5.99999977  0.65897598  0.83202242 35.23625383  1.27793662  1.16289784]
at minimum 25.3727 accepted 0  with params [-6.          0.4372859   1.29459856 35.52183135  1.29422721  1.37265224]
at minimum 27.1578 accepted 0  with params [-6.          0.07334478  0.76256669 35.5842127   1.53691767  1.60533565]
at minimum 40.7926 accepted 0  with params [-5.50716121 -0.1288169   1.11858839 35.40314962  1.47777927  1.51050595]
at minimum 31.0917 accepted 0  with params [-5.93144145e+00 -2.94748537e-02  1.34446509e+00  3.47421157e+01
  1.54721691e+00  1.14142854e+00]
at minimum 25.7224 accepted 0  with params [-5.9999991   0.47015637  1.39164764 35.24643082  1.9599522   1.13663092]
at minimum 29.1709 accepted 0  with params [-6.          0.56499101  1.21243078 34.79227558  1.80752436  0.76921516]
at minimum 36.2602 accepted 0  with params [-5.99999994 -0.08137985  1.48728634 35.298856    1.09420793  1.06947032]
at minimum 30.8806 accepted 0  with params [-6.          0.58519535  0.8776278  34.886211    1.36447183  1.00411524]
at minimum 20.9380 accepted 1  with params [-5.57551498  0.27146527  1.41552556 35.06575998  1.58030988  1.2494787 ]
at minimum 32.7639 accepted 0  with params [-5.89989435  0.60631681  1.45805657 34.99113207  1.44969577  1.23848802]
