at minimum 437.6212 accepted 1  with params [-4.5         0.4         0.5        40.82575677]
at minimum 414.6327 accepted 1  with params [-4.52970671  0.20789392  0.51052243 40.90476242]
at minimum 368.6944 accepted 1  with params [-4.1989504  -0.10331658  0.4222106  41.03283975]
at minimum 412.7538 accepted 0  with params [-4.6542669  -0.19393943  1.08712715 42.01617409]
at minimum 380.7344 accepted 0  with params [-4.25567741 -0.33073836  0.67201786 40.97954365]
at minimum 310.4460 accepted 1  with params [-3.87059308 -0.55582345  0.19421414 40.96778007]
at minimum 330.6175 accepted 0  with params [-3.77161885 -0.26290281  0.15010302 40.55650567]
at minimum 345.4885 accepted 0  with params [-4.19093912 -0.9         0.48697977 42.06445469]
at minimum 523.1395 accepted 0  with params [-3.98765899 -0.49311817  3.         32.7373081 ]
at minimum 362.2711 accepted 0  with params [-4.06848723 -0.1280988   0.35016889 41.22813022]
at minimum nan accepted 1  with params [-3.88204454 -0.84456105  0.10823589 40.79309488]
at minimum 621.6538 accepted 1  with params [-4.23352896  0.99        3.         28.43022333]
at minimum 573.8226 accepted 1  with params [-4.41141173  0.79368829  2.88096334 30.57509002]
at minimum 539.7846 accepted 1  with params [-6.          0.99        2.44480594 32.12495859]
at minimum 518.7064 accepted 1  with params [-6.          0.56477819  2.66491698 48.69641735]
at minimum 518.9844 accepted 1  with params [-6.          0.62013647  2.88410962 45.64323413]
at minimum 495.8529 accepted 1  with params [-5.50963212  0.43335302  3.         43.18039289]
at minimum nan accepted 1  with params [-5.8952335   0.5952191   3.         43.33071729]
at minimum 503.5975 accepted 1  with params [-5.60683602  0.55325246  2.65577903 42.90108894]
at minimum 503.1055 accepted 1  with params [-5.47400099  0.68618842  2.83068166 38.03313444]
at minimum 520.5109 accepted 0  with params [-5.44438908  0.23717215  2.34475627 45.49589063]
at minimum 478.3328 accepted 1  with params [-5.33914006  0.38369919  2.78107119 41.49712176]
at minimum nan accepted 1  with params [-5.22593441  0.40781481  2.30353167 41.86864031]
at minimum 538.8675 accepted 1  with params [-5.68791321  0.31227708  2.54025061 50.66455322]
at minimum nan accepted 1  with params [-5.29656512 -0.12016868  2.84060793 50.95816792]
at minimum nan accepted 1  with params [-5.17469686 -0.20523521  3.         51.06283698]
at minimum 987.2350 accepted 1  with params [-5.61270893 -0.62514167  3.         15.3872527 ]
at minimum 1089.9430 accepted 0  with params [-5.66914913 -0.9         2.622605   10.        ]
at minimum 1000.3815 accepted 0  with params [-5.63960049 -0.58496585  2.80154173 14.59944797]
at minimum 665.1228 accepted 1  with params [-5.15627988 -0.9         3.         29.02423306]
at minimum 763.1484 accepted 0  with params [-5.38804864 -0.521465    3.         29.60223766]
at minimum 430.1877 accepted 1  with params [-4.85546235 -0.62303131  2.94660171 37.12964376]
at minimum nan accepted 1  with params [-4.49891833 -0.9         2.54156214 37.50425445]
at minimum 416.6620 accepted 1  with params [-4.51329624 -0.9         2.45589946 36.08833695]
at minimum 411.8462 accepted 1  with params [-4.57361736 -0.780717    2.11902471 36.364724  ]
at minimum 412.1161 accepted 1  with params [-4.61248039 -0.66275242  2.35566983 36.59980922]
at minimum 470.9618 accepted 0  with params [-4.83180804 -0.85106506  2.18307314 35.38976678]
at minimum 413.7441 accepted 0  with params [-4.73766757 -0.31811447  2.06123845 38.37626123]
at minimum 423.3677 accepted 0  with params [-4.46381021 -0.9         2.755336   35.81045487]
at minimum 466.1771 accepted 0  with params [-4.28668628 -0.3281863   2.39243062 34.91226871]
at minimum 414.0199 accepted 0  with params [-4.50708471 -0.9         2.1447282  36.75672891]
at minimum nan accepted 1  with params [-4.55061517 -0.37184539  2.25654866 36.59702569]
at minimum 429.7458 accepted 1  with params [-4.46104994 -0.51337269  2.44691693 36.24010633]
at minimum 507.2809 accepted 0  with params [-3.99507855 -0.56920384  2.66543414 33.26266837]
at minimum 422.6249 accepted 1  with params [-4.50057819 -0.74832213  2.79438412 36.13305557]
at minimum 511.1817 accepted 0  with params [-4.01468627 -0.5490295   2.94843449 33.13923721]
at minimum 427.0841 accepted 0  with params [-4.80192604 -0.7534529   3.         36.56454621]
at minimum 417.5146 accepted 1  with params [-4.54727505 -0.9         2.7432312  36.04597414]
at minimum nan accepted 1  with params [-4.75129653 -0.9         2.56879831 36.43405066]
at minimum 404.0865 accepted 1  with params [-4.44165657 -0.9         1.21825769 37.18642627]
at minimum nan accepted 1  with params [-4.86605418 -0.68674935  1.41945608 36.9326932 ]
