at minimum 63.2668 accepted 1  with params [-4.49999998  0.39999996  0.49999993 39.99999972  1.00000002  0.99999991]
at minimum 70.6172 accepted 0  with params [-4.28764014  0.54234932  0.8303261  40.03696942  1.17265939  1.02405271]
at minimum 64.0568 accepted 0  with params [-4.01117109  0.16517013  0.27234249 40.32125844  0.88669022  0.73837091]
at minimum 88.9787 accepted 0  with params [-4.62349656  0.72616304  0.81015816 39.994738    0.55844755  1.41697245]
at minimum 70.8235 accepted 0  with params [-4.67152257  0.54371995  0.30886851 40.11200505  0.93773242  1.21899016]
at minimum 77.0318 accepted 0  with params [-4.39760953e+00 -2.03011161e-02  2.51703693e-01  4.01854663e+01
  8.31573576e-01  7.96776349e-01]
at minimum 91.4608 accepted 0  with params [-4.30613566  0.74711309  0.9854254  39.9354087   0.78976001  1.10553253]
at minimum 61.7387 accepted 1  with params [-4.06291025  0.32203951  0.59469909 40.3689611   1.27629513  0.75271285]
at minimum 97.3243 accepted 0  with params [-3.64330456  0.77178731  1.06519058 40.75564124  1.21403324  0.65535356]
at minimum 65.6518 accepted 0  with params [-3.8584442   0.46041921  1.00714465 39.99435585  1.67085643  1.18389271]
at minimum 80.2323 accepted 0  with params [-3.70630978  0.64016003  0.29620818 40.6125819   1.64762076  0.8049905 ]
at minimum 62.5750 accepted 0  with params [-4.40796318  0.36649023  0.09894919 40.74413975  1.50695837  0.44837783]
at minimum 93.7204 accepted 0  with params [-3.83599494 -0.16500536  0.63831527 39.93993551  1.40869733  1.22832911]
at minimum 70.9692 accepted 0  with params [-3.88266597  0.04227914  0.51687726 40.81030502  1.13848523  1.04562625]
at minimum 86.6813 accepted 0  with params [-4.06789317  0.69249951  0.23461299 40.82689734  1.31105216  1.25260338]
at minimum 82.2655 accepted 0  with params [-3.57457328 -0.07590479  0.56169161 39.96942248  0.90439848  0.5528275 ]
at minimum 90.2160 accepted 0  with params [-4.20220202 -0.13900951  0.86645426 40.33826145  0.93990466  0.90380509]
at minimum 70.0571 accepted 0  with params [-3.79582832  0.52503839  0.80736831 40.68670224  1.01908899  0.89697094]
at minimum 72.7474 accepted 0  with params [-4.41129412  0.55807843  0.37155789 40.77563411  0.94297136  0.74719529]
at minimum 63.1463 accepted 0  with params [-4.01636635  0.18903768  0.38035485 40.82391534  1.14634663  0.60299581]
at minimum 65.7789 accepted 0  with params [-4.55255627  0.12900527  0.94004325 40.27487937  1.18429668  1.01389116]
at minimum 89.2224 accepted 0  with params [-4.40220057 -0.13581453  0.84221344 40.2926481   1.66527692  0.7032674 ]
at minimum 66.0727 accepted 0  with params [-3.67508066  0.47001609  1.041369   39.90185882  0.81363128  0.68458362]
at minimum 62.4338 accepted 0  with params [-4.40382869  0.22182443  0.23229059 40.58024565  1.04106753  0.30328909]
at minimum 76.0527 accepted 0  with params [-4.07359467e+00 -1.38486741e-02  8.35197533e-01  4.04570185e+01
  1.13538171e+00  3.83888409e-01]
at minimum 67.9042 accepted 0  with params [-4.1278139   0.49437838  0.45541982 40.56877863  1.45514174  0.56252471]
at minimum 78.1898 accepted 0  with params [-4.19362503e+00 -3.50655633e-02  1.08473433e-01  4.02276130e+01
  1.64427628e+00  8.41801293e-01]
at minimum 62.5829 accepted 1  with params [-4.32389122  0.21476412  1.03482669 40.66104638  0.90087439  1.24681463]
at minimum 75.5222 accepted 0  with params [-4.78772874  0.58149447  0.68005368 41.12706737  1.38885419  1.11476721]
at minimum 67.6482 accepted 0  with params [-3.86747438  0.0916308   1.17919766 41.05930485  0.68560685  1.24720934]
at minimum 83.0455 accepted 0  with params [-4.14605406  0.66085802  0.70880085 40.87271451  0.95886022  1.13779511]
at minimum 76.6948 accepted 0  with params [-3.86532926e+00 -1.74312272e-02  1.35652371e+00  4.02464423e+01
  8.04108108e-01  1.12970661e+00]
at minimum 106.6753 accepted 0  with params [-4.36767972 -0.25021478  0.69628677 40.80679818  0.42998724  0.77492133]
at minimum 77.9394 accepted 0  with params [-4.16946637e+00 -3.43053000e-02  1.05801858e+00  4.05481858e+01
  9.29260590e-01  1.39595947e+00]
at minimum 66.9315 accepted 0  with params [-4.65615554  0.47323728  0.57803981 40.8253817   1.23245319  1.09650086]
at minimum 74.0068 accepted 0  with params [-3.85114469  0.57937958  1.12981235 40.4004598   0.40145846  0.96171735]
at minimum 62.8096 accepted 1  with params [-4.82139608  0.36976173  1.49912265 40.99613336  0.63900473  1.53480476]
at minimum 68.4369 accepted 0  with params [-4.52900204  0.08008895  1.68818417 40.6182887   0.22026777  1.34104404]
at minimum 108.6898 accepted 0  with params [-4.59650529  0.83045205  1.37760406 41.25379871  0.31358193  1.06068305]
at minimum 68.7143 accepted 0  with params [-4.81353211  0.49474694  1.73630224 41.17887843  0.94288892  1.64780733]
at minimum 62.0212 accepted 1  with params [-5.04120714  0.25060093  1.41088253 41.16848581  0.19091804  1.5931318 ]
at minimum 62.1815 accepted 0  with params [-5.4391898   0.34159535  0.96920478 40.9582352   0.          1.81452892]
at minimum 62.1740 accepted 1  with params [-4.70315366e+00  3.17432275e-01  1.41671910e+00  4.13885263e+01
  3.98212217e-08  1.90461926e+00]
at minimum 63.2398 accepted 1  with params [-4.97576061  0.1929013   0.94742243 41.36042591  0.45307115  1.44760578]
at minimum 64.3126 accepted 0  with params [-4.77263739  0.16119085  0.51320236 41.29431761  0.73029168  1.74007295]
at minimum 116.9987 accepted 0  with params [-5.16909927 -0.30675914  1.36680412 41.04315256  0.4146625   1.13884844]
at minimum 62.8175 accepted 1  with params [-5.32548871  0.34989966  1.34255844 41.54036383  0.40650819  1.39977293]
at minimum 70.8004 accepted 0  with params [-5.69584253  0.50918809  1.58572548 41.75035228  0.71831703  1.35469556]
at minimum 61.9362 accepted 1  with params [-5.08253747  0.28501151  1.12285636 41.37554049  0.1217094   1.34632784]
at minimum 62.2932 accepted 0  with params [-5.3263837   0.29431437  1.28032086 41.70916462  0.52774134  1.31680014]
at minimum 62.9070 accepted 0  with params [-5.38988537  0.34829336  1.39243997 41.64640618  0.31813419  0.93742491]
at minimum 76.9475 accepted 0  with params [-4.79595576  0.60063761  1.07465714 40.97540605  0.44979876  1.16717417]
at minimum 63.8494 accepted 0  with params [-4.71843239  0.17111791  0.88667114 41.20573429  0.          1.26229755]
at minimum 72.3195 accepted 0  with params [-5.21374498e+00  2.94611032e-02  1.07472021e+00  4.10261972e+01
  3.40577120e-01  1.72330555e+00]
at minimum 67.9406 accepted 0  with params [-4.76990645  0.48451637  1.26241396 41.11746917  0.44787988  0.97227605]
at minimum 74.7878 accepted 0  with params [-5.12448095  0.56421682  1.16811319 41.55838481  0.16149095  1.30521816]
at minimum 85.3007 accepted 0  with params [-4.93791273 -0.09788138  1.40332072 41.70321902  0.          1.72622032]
at minimum 94.0045 accepted 0  with params [-5.30300438e+00  7.26191822e-01  1.25791187e+00  4.16529681e+01
  4.70835723e-09  1.40966453e+00]
at minimum 87.5429 accepted 0  with params [-4.77121793  0.6741139   1.08542938 41.80744186  0.10724594  1.48693255]
at minimum 68.4321 accepted 0  with params [-5.06144352  0.47614746  1.50700414 41.72290647  0.10746514  1.38369458]
at minimum 76.1797 accepted 0  with params [-5.12752066  0.5866056   1.09281445 41.28956945  0.51440899  0.99155764]
at minimum 79.8712 accepted 0  with params [-5.15512232 -0.04928401  1.48061882 41.66822424  0.47628854  1.29356957]
at minimum 74.3597 accepted 0  with params [-5.52978137e+00  3.17265646e-03  1.08438139e+00  4.11947276e+01
  1.35709187e-01  1.73840222e+00]
at minimum 62.3580 accepted 1  with params [-4.99190698  0.23424607  1.20894364 41.3499642   0.20778848  1.54023385]
at minimum 65.4700 accepted 1  with params [-4.63894485e+00  4.27612005e-01  9.66649639e-01  4.15182365e+01
  9.65261268e-08  1.57846874e+00]
at minimum 74.1523 accepted 0  with params [-4.57698648  0.55506568  0.72132887 41.60529041  0.08697931  1.3149877 ]
at minimum 81.3935 accepted 0  with params [-4.32460596  0.63910712  0.70530595 41.19285323  0.26502664  1.1304288 ]
at minimum 64.5205 accepted 1  with params [-4.28194812  0.39841475  0.93222925 41.73399805  0.15390499  1.194888  ]
at minimum 62.5785 accepted 1  with params [-4.70971166  0.23571029  0.84338942 41.66560201  0.11112578  1.04858553]
at minimum 68.6003 accepted 0  with params [-4.31078039  0.47069648  0.49292237 41.97452825  0.04712682  1.18331427]
at minimum 62.4598 accepted 1  with params [-4.54599788  0.30853235  1.27601103 41.74449709  0.37338171  1.31923915]
at minimum 62.6296 accepted 1  with params [-4.8675413   0.21973537  1.68530034 41.37339596  0.80759774  1.11275392]
at minimum 65.5729 accepted 0  with params [-4.77166497  0.1354783   1.91488994 41.67324539  0.4246644   1.48826614]
at minimum 68.0388 accepted 0  with params [-4.45848805  0.0854826   1.65726785 41.01373145  0.41411122  0.72001923]
at minimum 71.7306 accepted 0  with params [-4.7700076   0.54089533  1.43890835 41.00364582  0.7615466   0.7958268 ]
at minimum 78.7282 accepted 0  with params [-5.00229646e+00 -3.71031384e-02  1.57822260e+00  4.17732664e+01
  5.96203608e-01  7.62229349e-01]
at minimum 67.1612 accepted 0  with params [-5.21541437  0.10327308  1.76465356 41.10766012  0.90039269  1.52942801]
at minimum 73.5804 accepted 0  with params [-4.79424371e+00  1.56262402e-02  1.72146841e+00  4.15002565e+01
  8.80994165e-01  1.48017200e+00]
at minimum 80.8545 accepted 0  with params [-4.5255487   0.62041792  2.07539296 41.7374867   0.89938828  1.1941707 ]
at minimum 76.2949 accepted 0  with params [-5.27695098  0.57545473  2.07718253 41.7154594   0.82464775  0.75232704]
at minimum 91.7041 accepted 0  with params [-5.10562786 -0.15006525  1.62554029 41.04267784  0.71382522  1.05589921]
at minimum 62.2476 accepted 1  with params [-5.23662043  0.2622935   1.50604757 41.53484185  1.09951168  1.33733338]
at minimum 62.3445 accepted 1  with params [-5.51432308  0.32739557  1.74214748 41.44064348  1.37152889  0.89972808]
at minimum 62.0910 accepted 1  with params [-5.39298223  0.30388886  1.87178791 41.42291031  1.74881804  0.50612744]
at minimum 69.0398 accepted 0  with params [-5.42283217  0.48657533  2.18031591 41.71795354  1.99999999  0.63174376]
at minimum 72.5187 accepted 0  with params [-5.74314905  0.54089209  2.29302597 41.38950004  2.          0.87228489]
at minimum 63.6507 accepted 1  with params [-5.28054929  0.39630296  1.51687102 41.06961988  1.92087083  0.17193802]
at minimum 62.1090 accepted 1  with params [-5.28880403  0.31214548  1.64139997 41.4381575   1.64081506  0.        ]
at minimum 65.0597 accepted 0  with params [-5.01306072  0.42893279  1.69749127 41.19748264  1.78661223  0.3713806 ]
at minimum 85.0943 accepted 0  with params [-4.94137134  0.66560992  1.57238431 41.40002398  1.27103238  0.22305853]
at minimum 68.4933 accepted 0  with params [-4.9134359   0.4859967   2.03887998 41.41231947  1.27132322  0.37374477]
at minimum 93.3676 accepted 0  with params [-4.92445194  0.71757234  1.87854246 41.81911807  1.26701551  0.3406021 ]
at minimum 65.7746 accepted 0  with params [-5.64376869  0.44394913  1.34529986 41.1919886   1.7121755   0.        ]
at minimum 72.0096 accepted 0  with params [-5.15683373  0.54137455  1.69355996 41.17015077  1.51913268  0.        ]
at minimum 62.6412 accepted 1  with params [-5.17246569  0.36066974  1.8758998  41.11410175  1.34709088  0.        ]
at minimum 63.6082 accepted 1  with params [-5.5985353   0.37895515  2.21570089 41.54866644  1.48162619  0.37334049]
at minimum 68.0607 accepted 0  with params [-5.98008055  0.46060338  2.23994305 41.99592819  1.78366409  0.76652603]
at minimum 65.2856 accepted 0  with params [-5.68297685  0.41410057  2.09150088 41.81213827  1.50339938  0.81163943]
at minimum 73.0697 accepted 0  with params [-5.55720715e+00  1.78009236e-02  2.19942139e+00  4.11704433e+01
  1.17828068e+00  3.10223373e-01]
at minimum 64.8233 accepted 0  with params [-5.78913133  0.41232601  1.81234892 41.55525132  1.27062085  0.81507998]
at minimum 62.4735 accepted 1  with params [-5.4009749   0.33313613  1.93890496 41.49356508  1.14188619  0.66706768]
