at minimum 3.8056 accepted 1  with params [-4.50000001  0.4         0.50000002 40.        ]
at minimum 6.4819 accepted 0  with params [-4.87019782  0.29056138  0.82312954 45.04609666]
at minimum 3.4300 accepted 1  with params [-5.52010928  0.99        3.         41.35608686]
at minimum 3.8226 accepted 1  with params [-5.037214    0.76937063  2.59798269 44.540611  ]
at minimum 3.2517 accepted 1  with params [-4.85417051  0.85787661  2.70663841 42.21090363]
at minimum 3.7690 accepted 1  with params [-4.74495887  0.99        2.65206075 40.76618181]
at minimum 3.9562 accepted 1  with params [-4.4676337   0.99        2.34939048 40.89677339]
at minimum 3.9961 accepted 1  with params [-4.41018728  0.99        2.62073205 40.90251052]
at minimum 4.7413 accepted 1  with params [-4.8603931   0.6294649   2.44753461 40.76392998]
at minimum 3.9858 accepted 1  with params [-4.43341894  0.99        2.31416558 40.54980231]
at minimum 3.6790 accepted 1  with params [-4.25782701  0.85978098  1.86735125 41.13605216]
at minimum 4.0480 accepted 1  with params [-4.07944179  0.94510884  1.7709686  41.17472336]
at minimum 4.0650 accepted 1  with params [-4.27735095  0.99        2.21110747 41.04238001]
at minimum 4.1793 accepted 1  with params [-4.09332583  0.99        2.41799763 41.15913834]
at minimum 3.4391 accepted 1  with params [-5.41728226  0.99        3.         41.18190715]
at minimum 3.4392 accepted 1  with params [-5.41630085  0.99        3.         41.181203  ]
at minimum 3.4219 accepted 1  with params [-5.81964526  0.99        2.68688424 41.57178699]
at minimum 4.5784 accepted 0  with params [-5.67180002  0.6560495   3.         55.8319874 ]
at minimum 6.0088 accepted 0  with params [-6.          0.73422156  2.85075036 41.77402749]
at minimum 3.4237 accepted 1  with params [-5.68147727  0.99        3.         41.49282285]
at minimum 3.4536 accepted 1  with params [-5.32157766  0.99        3.         41.11487324]
at minimum 3.6393 accepted 1  with params [-4.90179218  0.99        3.         40.74669778]
at minimum 3.8629 accepted 1  with params [-4.61265699  0.99        3.         40.83259018]
at minimum 3.9678 accepted 0  with params [-4.45482211  0.99        3.         40.89178331]
at minimum 4.9832 accepted 1  with params [-4.90369625  0.60942501  3.         44.63123403]
at minimum 3.8100 accepted 1  with params [-4.99701939  0.76515655  2.86609429 44.39931877]
at minimum 3.5388 accepted 1  with params [-5.05781646  0.99        3.         40.89694811]
at minimum 3.6163 accepted 1  with params [-4.93294407  0.99        3.         40.83376794]
at minimum 3.2491 accepted 1  with params [-4.56708966  0.63790028  0.05       41.30863287]
at minimum 3.3786 accepted 1  with params [-5.42197294  0.99        0.05000056 41.40285705]
at minimum 3.3620 accepted 1  with params [-5.356929    0.99        0.05000036 41.67965617]
at minimum 3.3798 accepted 1  with params [-5.42220121  0.99        0.28751165 41.57609061]
at minimum 3.3136 accepted 1  with params [-4.89059999  0.74910483  0.05008318 44.82078591]
at minimum 3.1953 accepted 1  with params [-4.65998225  0.99        0.05       41.46835241]
at minimum 3.0836 accepted 1  with params [-4.47461219  0.77997994  0.4522657  41.3240243 ]
at minimum 5.0648 accepted 1  with params [-4.77599619  0.28562203  0.38264209 41.34537328]
at minimum 3.4473 accepted 1  with params [-5.35883184  0.99        3.         41.14024778]
at minimum 3.8153 accepted 1  with params [-5.74594371  0.7425249   3.         51.83738174]
at minimum 11.1884 accepted 0  with params [-5.82478236  0.25188251  2.84000967 90.        ]
at minimum 12.3322 accepted 0  with params [-5.2542261   0.26662092  3.         61.99913883]
at minimum 4.0110 accepted 1  with params [-5.68528932  0.72399303  3.         52.34921962]
at minimum 3.4220 accepted 1  with params [-5.8258313  0.99       3.        41.5838105]
at minimum 3.4218 accepted 1  with params [-6.          0.99        2.60438695 41.66095341]
at minimum 3.6898 accepted 1  with params [-5.62143148  0.79636205  2.53520144 48.31684698]
at minimum 3.4280 accepted 1  with params [-5.55553833  0.99        2.91293213 41.28773054]
at minimum 3.4219 accepted 1  with params [-6.          0.99        2.75446948 41.66384758]
at minimum 3.4218 accepted 1  with params [-5.94838222  0.99        2.87759081 41.64352761]
at minimum 3.4199 accepted 1  with params [-5.49379044  0.87179529  2.73358467 45.10974056]
at minimum 5.1054 accepted 0  with params [-5.06565453  0.64098206  2.3483702  45.27308325]
at minimum 3.4223 accepted 1  with params [-5.77528307  0.99        2.78234642 41.54773946]
at minimum 3.4217 accepted 1  with params [-6.          0.99        2.37220798 41.65682832]
at minimum 3.4215 accepted 1  with params [-6.          0.99        2.15218873 41.65350215]
at minimum 3.3851 accepted 1  with params [-6.          0.91581278  2.61446391 44.65562399]
at minimum 3.4219 accepted 1  with params [-6.          0.99        2.74713982 41.66370096]
at minimum 5.1557 accepted 0  with params [-5.95104767  0.49533496  2.46853704 72.91659216]
at minimum 3.4112 accepted 1  with params [-5.93046986  0.97824543  2.25091288 42.05794325]
at minimum 3.4210 accepted 1  with params [-6.          0.99        1.7444617  41.64979298]
at minimum 3.4206 accepted 1  with params [-5.97533962  0.99        1.63769458 41.63831151]
at minimum 3.4229 accepted 1  with params [-5.61644328  0.99        1.38395161 41.4406744 ]
at minimum 3.4201 accepted 1  with params [-5.97454278  0.99        1.43715679 41.63902402]
at minimum 3.4209 accepted 1  with params [-6.          0.99        1.71460227 41.64969174]
at minimum 3.4205 accepted 1  with params [-5.99942033  0.99        1.53014178 41.63337204]
at minimum 3.4276 accepted 1  with params [-5.56058345  0.99        1.91163972 41.25959232]
at minimum 7.9927 accepted 0  with params [-5.20203736  0.44332882  1.89962357 51.49068811]
at minimum 3.4214 accepted 1  with params [-5.95159711  0.99        2.18371861 41.63156146]
at minimum 5.3584 accepted 0  with params [-5.62710804  0.59602374  2.13026156 57.97250404]
at minimum 3.4298 accepted 1  with params [-5.53124943  0.99        2.70866863 41.25564962]
at minimum 3.5022 accepted 1  with params [-5.23286087  0.99        2.51913101 41.53614573]
at minimum 3.4850 accepted 1  with params [-5.45680938e+00  6.25581021e-01  5.00015435e-02  5.43775744e+01]
at minimum 3.4140 accepted 1  with params [-5.81528864e+00  5.79769592e-01  5.00001007e-02  6.28830747e+01]
at minimum 11.7618 accepted 0  with params [-5.90394514  0.24252374  0.44287999 62.72004436]
at minimum 3.9426 accepted 1  with params [-5.97357537  0.54375309  0.34124516 62.79705864]
at minimum 3.3831 accepted 1  with params [-6.          0.82559783  0.05000001 49.04928225]
at minimum 3.6442 accepted 0  with params [-4.41587429  0.99        0.05       44.63006563]
at minimum 3.9072 accepted 1  with params [-4.08899058  0.99        0.05       45.15466227]
at minimum 3.3766 accepted 1  with params [-4.41747711  0.59999589  0.15907896 45.60259993]
at minimum 3.2075 accepted 1  with params [-4.33864924  0.370535    0.91995782 41.93921321]
at minimum 4.1082 accepted 0  with params [-4.25698855 -0.10199003  1.25965543 42.0361741 ]
at minimum 3.3751 accepted 1  with params [-6.          0.88798218  1.29049859 45.80352766]
at minimum 4.2889 accepted 1  with params [-5.29776195  0.56672485  0.05       47.53944417]
at minimum 3.3157 accepted 1  with params [-5.10378917  0.99        0.05       41.59154628]
at minimum 4.2316 accepted 1  with params [-5.0445869   0.61519521  0.53663544 46.01469431]
at minimum 12.3271 accepted 0  with params [-5.36595149  0.18583583  0.43107952 45.55184437]
at minimum 3.2901 accepted 1  with params [-5.03793515  0.94470103  0.27458665 42.04816041]
at minimum 3.7405 accepted 1  with params [-5.01611558  0.58081177  0.22660044 46.05002991]
at minimum 4.3504 accepted 0  with params [-5.46387384e+00  3.05622397e-01  5.00000000e-02  7.37237374e+01]
at minimum 3.4220 accepted 1  with params [-6.          0.99        2.95236493 41.667852  ]
at minimum 3.4218 accepted 1  with params [-6.          0.99        2.54144839 41.65979057]
at minimum 3.4219 accepted 1  with params [-5.96667739  0.99        2.95272858 41.63477177]
at minimum 5.1778 accepted 0  with params [-6.          0.46128493  3.         78.65826818]
at minimum 3.6711 accepted 1  with params [-6.          0.69270282  2.93958305 56.74290216]
at minimum 6.9265 accepted 0  with params [-5.49212596  0.50923114  2.83608161 59.53600005]
at minimum 3.4220 accepted 1  with params [-5.82839929  0.99        3.         41.58525602]
at minimum 3.6999 accepted 1  with params [-5.69683587  0.77997613  2.63908014 49.58220193]
at minimum 3.3574 accepted 1  with params [-5.41445842  0.93966043  2.11577897 42.6282519 ]
at minimum 3.4793 accepted 1  with params [-5.22496013  0.99        2.29518051 41.04753732]
at minimum 3.4268 accepted 1  with params [-5.58785519  0.99        2.38287678 41.34794345]
at minimum 3.4221 accepted 1  with params [-5.73378838  0.99        1.89044524 41.50116837]
at minimum 3.5693 accepted 1  with params [-5.74928696  0.79505301  1.39265362 48.91884181]
at minimum 11.2591 accepted 0  with params [-5.28020738  0.31802351  1.43132733 49.26870228]
at minimum 3.4582 accepted 1  with params [-5.30437733  0.99        1.74502283 41.0903287 ]
