at minimum 4.6616 accepted 1  with params [-4.5         0.4         3.         34.88528498]
at minimum 3.9819 accepted 1  with params [-4.56864683e+00  2.97754294e-03  3.00000000e+00  3.49997522e+01]
at minimum 4.9160 accepted 0  with params [-4.31311196  0.15062643  3.         34.51843692]
at minimum 5.1336 accepted 1  with params [-4.19651788 -0.36303289  2.7575712  33.84849581]
at minimum 6.8700 accepted 0  with params [-4.64756583 -0.52565731  2.58332472 36.65599393]
at minimum 5.4642 accepted 1  with params [-4.14438619 -0.77171368  2.78338666 33.59223652]
at minimum 4.9846 accepted 1  with params [-4.29315139 -0.40585733  3.         34.3592537 ]
at minimum 4.8791 accepted 1  with params [-4.41845006 -0.373018    2.94887313 34.59923611]
at minimum 4.4562 accepted 1  with params [-4.45643575 -0.17198131  2.78869355 34.67509969]
at minimum 5.0743 accepted 0  with params [-4.33319829  0.18461426  2.42865957 34.66286028]
at minimum 7.4381 accepted 1  with params [-4.62256808 -0.65537618  2.76319902 36.18223774]
at minimum 4.8081 accepted 1  with params [-4.52032512 -0.33234046  2.39655226 34.74425436]
at minimum 5.0563 accepted 1  with params [-4.43584388 -0.46152225  2.69720906 34.59085795]
at minimum 6.0554 accepted 0  with params [-3.94881038 -0.35427067  2.23642516 34.87024847]
at minimum 8.4526 accepted 0  with params [-4.62014582 -0.9         2.41187441 34.66852108]
at minimum 12.0480 accepted 0  with params [-4.85302476 -0.46110821  3.         31.85533394]
at minimum 6.7218 accepted 0  with params [-4.5613532  -0.69951982  2.80809178 35.47581883]
at minimum 6.7096 accepted 0  with params [-4.48330272 -0.9         2.93730911 34.86396798]
at minimum 12.6871 accepted 0  with params [-4.85498881 -0.57597786  2.86948341 17.69970648]
at minimum 5.2403 accepted 1  with params [-4.41265716 -0.55674136  2.62904915 34.50015795]
at minimum 5.1881 accepted 1  with params [-4.3101204  -0.9         0.55226863 34.68019659]
at minimum 5.6510 accepted 0  with params [-3.97573496 -0.9         0.17138588 33.79051157]
at minimum 4.9581 accepted 1  with params [-4.56547986 -0.72584733  0.33967356 36.36054773]
at minimum 4.8987 accepted 1  with params [-4.41808378 -0.57828879  0.51021007 34.85976704]
at minimum 6.2123 accepted 0  with params [-4.71577405 -0.46106461  0.2057897  34.37174568]
at minimum 5.0507 accepted 1  with params [-4.66660849 -0.51555197  0.69104159 34.60389284]
at minimum 4.2674 accepted 1  with params [-4.55880426 -0.176999    0.60378337 35.83364478]
at minimum 3.6523 accepted 1  with params [-4.63468404  0.12576233  3.         35.90094536]
at minimum 7.2578 accepted 0  with params [-4.98173688  0.99        3.         31.53207699]
at minimum 3.7514 accepted 1  with params [-4.72065424  0.44687521  2.8862728  36.7885809 ]
at minimum 3.9064 accepted 1  with params [-4.84406037  0.55395674  3.         37.49339039]
at minimum 3.7181 accepted 1  with params [-4.63186099  0.34545528  3.         36.63131238]
at minimum 6.0262 accepted 0  with params [-4.82722148e+00 -8.39993504e-03  2.70971063e+00  3.68291975e+01]
at minimum 4.9402 accepted 1  with params [-4.28619882 -0.07881538  3.         36.13709838]
at minimum 5.0088 accepted 1  with params [-4.25118218 -0.36300824  3.         34.33129789]
at minimum 5.9961 accepted 1  with params [-4.41508168 -0.82043166  3.         34.43116715]
at minimum 16.1181 accepted 0  with params [-4.9018817  -0.71398262  2.74995392 34.80646105]
at minimum 4.9568 accepted 1  with params [-4.23230958 -0.22568167  3.         33.91542904]
at minimum 5.4123 accepted 1  with params [-4.08818972 -0.27393655  3.         33.65552435]
at minimum 5.4073 accepted 1  with params [-4.09015573 -0.48442662  2.83375385 33.70991215]
at minimum 6.0016 accepted 1  with params [-4.42259349 -0.80909307  3.         34.48157707]
at minimum 5.2634 accepted 1  with params [-4.28221487 -0.60906775  3.         34.35727059]
at minimum 5.6902 accepted 1  with params [-4.62536277 -0.31823282  3.         36.69942395]
at minimum 4.8316 accepted 1  with params [-4.46769687 -0.26729761  3.         37.06733176]
at minimum 5.2080 accepted 1  with params [-4.42992408 -0.53953217  2.52189261 34.57301785]
at minimum 5.8443 accepted 1  with params [-4.37678367 -0.84224852  2.8401376  34.52193239]
at minimum 5.7580 accepted 1  with params [-3.94478578 -0.9         2.45378459 33.55001201]
at minimum 5.4835 accepted 1  with params [-4.38045013 -0.71973801  2.10638843 34.08502045]
at minimum 11.2058 accepted 0  with params [-4.73743105 -0.81200008  2.53210239 36.75515804]
at minimum 5.2895 accepted 1  with params [-4.15543051 -0.55617596  3.         33.59362823]
at minimum 5.7572 accepted 0  with params [-3.94049014 -0.86918363  2.48848976 33.58999999]
at minimum 6.7834 accepted 0  with params [-3.62732508 -0.26823667  2.60996834 33.1800079 ]
at minimum 6.6699 accepted 0  with params [-4.48100904 -0.9         2.92296003 34.80306799]
at minimum 5.9926 accepted 1  with params [-3.89014338 -0.45274874  2.62070775 33.54999588]
at minimum 6.1848 accepted 1  with params [-3.73232993 -0.9         2.9397693  33.55000398]
at minimum 6.2274 accepted 1  with params [-3.72834803 -0.86011817  2.61116757 33.18      ]
at minimum 6.1699 accepted 1  with params [-3.78303902 -0.76258503  2.20325877 33.54999972]
at minimum 5.6382 accepted 1  with params [-4.00533133 -0.9         3.         33.55065993]
at minimum 5.9723 accepted 0  with params [-4.3850499  -0.9         2.68317884 33.65051591]
at minimum 6.1606 accepted 1  with params [-3.77505281 -0.9         2.45556619 33.55      ]
at minimum 5.5399 accepted 1  with params [-4.17023477 -0.9         2.94636349 33.84879246]
at minimum 5.7504 accepted 1  with params [-3.93517012 -0.9         3.         33.55004011]
at minimum 5.5860 accepted 1  with params [-4.0541825  -0.9         2.99999984 33.59042838]
at minimum 5.4015 accepted 1  with params [-4.08246066 -0.46908286  3.         33.71537414]
at minimum 6.0235 accepted 0  with params [-4.37870936 -0.9         3.         34.23338195]
at minimum 5.5157 accepted 1  with params [-4.04509345 -0.40992482  2.90525082 33.59007408]
at minimum 5.3926 accepted 1  with params [-4.12209323 -0.13653291  2.91092107 33.76042963]
at minimum 5.9650 accepted 0  with params [-4.10578815  0.20905888  3.         34.08889273]
at minimum 4.3351 accepted 1  with params [-4.44706747 -0.09133638  3.         34.12320173]
at minimum 4.4387 accepted 1  with params [-4.37807498  0.03898751  3.         34.5215375 ]
at minimum 5.9333 accepted 0  with params [-4.68707718 -0.2281569   3.         37.33042134]
at minimum 3.6644 accepted 1  with params [-4.9288684   0.52647406  3.         38.23729227]
at minimum 5.7826 accepted 0  with params [-5.26757753  0.82609845  2.6795847  36.8154043 ]
at minimum 12.7646 accepted 0  with params [-5.48155088  0.06768027  3.         38.44121979]
at minimum 6.4494 accepted 0  with params [-4.49187554  0.75739223  2.7396304  33.64976936]
at minimum 7.0348 accepted 0  with params [-4.38950077  0.84332769  2.91789638 31.80830885]
at minimum 3.3888 accepted 1  with params [-4.86467229  0.39986442  3.         38.33337354]
at minimum 7.1036 accepted 0  with params [-5.2219661   0.99        2.8331034  31.58445187]
at minimum 7.1247 accepted 0  with params [-4.92923128  0.05100787  2.90898172 38.29127788]
at minimum 3.4360 accepted 1  with params [-4.87999246  0.4539238   3.         39.54179206]
at minimum 5.3240 accepted 0  with params [-5.35204387  0.74744953  3.         39.24103477]
at minimum 4.8793 accepted 0  with params [-5.33410877  0.44193709  3.         48.68493686]
at minimum 6.5601 accepted 0  with params [-4.79554886 -0.09894578  3.         39.04350251]
at minimum 4.7904 accepted 0  with params [-4.70658552  0.61442301  3.         35.27274408]
at minimum 6.0765 accepted 0  with params [-5.31772396  0.86267964  2.54935747 35.9164079 ]
at minimum 4.4303 accepted 0  with params [-5.02096404  0.64806904  2.65621936 39.16035109]
at minimum 6.6895 accepted 0  with params [-5.14001835  0.93682875  3.         33.99951826]
at minimum 6.7911 accepted 0  with params [-5.15175628  0.94929529  3.         33.7082403 ]
at minimum 9.7457 accepted 0  with params [-5.08395993  0.03960555  3.         39.38615627]
at minimum 4.5000 accepted 0  with params [-4.54630617  0.07376694  2.80004394 39.33741202]
at minimum 6.1871 accepted 0  with params [-6.          0.73851828  2.91223511 43.5867969 ]
at minimum 3.9964 accepted 0  with params [-5.06760641  0.45870959  3.         41.62212257]
at minimum 4.1652 accepted 0  with params [-5.12015209  0.56945135  3.         40.87647107]
at minimum 3.3899 accepted 1  with params [-4.82225967  0.34275401  3.         37.98101954]
at minimum 4.4670 accepted 0  with params [-4.80796328  0.61587677  2.97373719 36.03462904]
at minimum 10.7667 accepted 0  with params [-5.26884163  0.10710608  3.         37.47208584]
at minimum 3.7916 accepted 1  with params [-4.704922    0.12986813  2.93680204 36.85202144]
at minimum 4.6339 accepted 0  with params [-4.33358428e+00  1.42759347e-02  2.89471992e+00  3.45024409e+01]
at minimum 4.5968 accepted 1  with params [-4.97258992  0.67713798  3.         36.97639643]
at minimum 4.1500 accepted 1  with params [-5.04387834  0.55954614  2.98035784 37.01542598]
at minimum 10.4709 accepted 0  with params [-5.63119055  0.25482885  3.         37.42191881]
