at minimum 80.9645 accepted 1  with params [-4.5         0.4         0.5        38.13293449]
at minimum 109.2381 accepted 0  with params [-4.7158233   0.72700656  0.3864248  36.61447026]
at minimum 118.1744 accepted 0  with params [-4.99326391  0.80641977  0.68140528 34.73497035]
at minimum nan accepted 1  with params [-4.0752378   0.25303569  0.08805198 38.34715719]
at minimum 69.6667 accepted 1  with params [-4.36279057  0.25012737  0.37634269 39.94522004]
at minimum 84.5896 accepted 0  with params [-4.54670793  0.43090111  0.51890644 40.21274034]
at minimum 85.1387 accepted 0  with params [-4.73498456  0.24625412  0.87469233 39.45041182]
at minimum 123.3821 accepted 0  with params [-3.92066925  0.16409227  0.87468452 31.83564902]
at minimum 82.2882 accepted 0  with params [-4.66656864  0.29300284  0.7529636  38.41323394]
at minimum 87.7572 accepted 0  with params [-4.44032237  0.49480018  0.17312554 44.64340846]
at minimum 86.9923 accepted 0  with params [-4.74353309  0.45099109  0.30396197 47.20143777]
at minimum 73.1194 accepted 0  with params [-4.48571724  0.19163094  0.51697471 39.61436765]
at minimum 57.4541 accepted 1  with params [-4.05674026 -0.05133397  0.21946936 41.63831279]
at minimum 59.1614 accepted 1  with params [-3.75577529  0.13990786  0.08422081 42.13534037]
at minimum 73.6496 accepted 0  with params [-3.89129382  0.38821843  0.08470826 42.59834606]
at minimum 127.1452 accepted 0  with params [-4.24636577 -0.13178653  3.         31.72912662]
at minimum 86.9215 accepted 0  with params [-4.03231891  0.47856881  0.07388208 42.12723448]
at minimum 76.1108 accepted 0  with params [-4.20733344  0.37967179  0.28097111 38.30250811]
at minimum nan accepted 1  with params [-3.72567018  0.48113019  0.05       42.14124479]
at minimum 124.6845 accepted 1  with params [-3.66822326 -0.9         0.38988245 32.39259107]
at minimum 76.1830 accepted 1  with params [-3.79372805 -0.63985003  0.18138468 38.91768792]
at minimum 74.9077 accepted 1  with params [-3.5645609  -0.38310479  0.13737504 37.07758261]
at minimum 59.5895 accepted 1  with params [-3.71016472 -0.2927261   0.11016045 41.90385575]
at minimum 56.2448 accepted 1  with params [-3.71751479 -0.08225877  0.08678017 42.29015135]
at minimum 70.3168 accepted 0  with params [-3.55836436  0.33955858  0.05       42.04143476]
at minimum 58.9494 accepted 0  with params [-4.03235598 -0.17509061  0.22211519 40.21726259]
at minimum 64.9835 accepted 0  with params [-4.2101275   0.13610983  0.31833051 39.64068045]
at minimum nan accepted 1  with params [-3.74469795 -0.42592494  0.05       42.56374342]
at minimum 62.0791 accepted 1  with params [-3.27511142 -0.19914964  0.05       39.45000693]
at minimum 58.8650 accepted 1  with params [-3.38868265 -0.18165842  0.05371271 39.68236051]
at minimum 67.1417 accepted 0  with params [-3.82411657 -0.27862498  0.20486824 38.22456389]
at minimum 126.4063 accepted 0  with params [-3.35887872 -0.30290124  0.27864886 31.9864516 ]
at minimum 70.8371 accepted 0  with params [-3.65182653  0.18484098  0.05       40.08412337]
at minimum 62.0052 accepted 0  with params [-3.3841755  -0.34912456  0.05388022 40.82278657]
at minimum 89.5865 accepted 0  with params [-4.25115152 -0.52219112  0.48360449 37.59410715]
at minimum 76.2182 accepted 0  with params [-3.69066104  0.29843793  0.05       39.41614037]
at minimum 71.6024 accepted 0  with params [-3.57482931 -0.54891819  0.09258787 39.41958391]
at minimum nan accepted 1  with params [-3.06114467 -0.47352815  0.54410776 39.5172996 ]
at minimum 90.1694 accepted 1  with params [-4.3254682  -0.18552317  0.80857811 35.08959106]
at minimum 107.7723 accepted 0  with params [-4.15211544 -0.64842331  0.69739325 33.7778377 ]
at minimum 90.5909 accepted 1  with params [-4.14406773 -0.59402539  0.47053796 36.30637326]
at minimum 118.2276 accepted 0  with params [-3.82206248 -0.53009682  0.57174997 32.55529464]
at minimum 98.2410 accepted 0  with params [-3.86800173 -0.9         0.29881732 35.43484472]
at minimum 139.2162 accepted 0  with params [-3.75121266 -0.9         1.55218105 30.96356009]
at minimum 122.4074 accepted 0  with params [-4.34172594 -0.13936318  3.         32.04570537]
at minimum 141.0130 accepted 0  with params [-3.73564576 -0.87852498  0.88736469 30.97505655]
at minimum 77.7932 accepted 1  with params [-4.45564621  0.26046331  0.5788616  37.23795801]
at minimum 82.1139 accepted 0  with params [-4.4263293   0.38170691  0.52193532 36.73908136]
at minimum 73.5262 accepted 1  with params [-4.37239253e+00  3.04079776e-02  5.28380130e-01  3.68099241e+01]
at minimum 125.9099 accepted 0  with params [-4.71355873e+00  2.31839186e-02  4.82990402e-01  3.68992241e+01]
at minimum 90.5008 accepted 0  with params [-4.70085519  0.46844435  0.87445478 36.48331821]
