at minimum 55.1226 accepted 1  with params [-4.50000003  0.39999995  0.5        39.99999918  0.99999996  0.99999998]
at minimum 69.8743 accepted 0  with params [-4.59043255  0.20712733  0.87964131 40.14725285  0.73853603  1.15670393]
at minimum 63.0039 accepted 0  with params [-4.84818532  0.27280492  0.72155601 39.69079474  1.06809155  1.49721661]
at minimum 53.9650 accepted 1  with params [-4.53424735  0.66354579  0.05603472 40.36721885  0.56592205  0.6375849 ]
at minimum 59.9133 accepted 0  with params [-4.33087167  0.7880811   0.05       40.24144783  0.9412527   0.75750102]
at minimum 59.7925 accepted 0  with params [-4.23827785  0.3426533   0.27684392 40.79026652  0.82138062  0.54836657]
at minimum 82.8978 accepted 0  with params [-4.61782966  0.98999998  0.05       40.69529355  0.28678493  0.16098201]
at minimum 57.2519 accepted 0  with params [-4.91723682  0.3597868   0.4619769  40.02085189  0.20257066  0.24463856]
at minimum 70.5721 accepted 0  with params [-4.18858764  0.19922199  0.22641436 40.02816106  0.26793244  0.74298863]
at minimum 80.7649 accepted 0  with params [-4.06156773  0.99        0.05       40.35752595  0.48651819  1.12872224]
at minimum 53.8811 accepted 1  with params [-5.01427552  0.49888767  0.05       40.85751614  0.72326244  0.4183935 ]
at minimum 62.8776 accepted 0  with params [-4.59362893  0.7647152   0.32745132 41.28495175  0.50301945  0.82553956]
at minimum 78.8982 accepted 0  with params [-4.64288858  0.13968324  0.05       40.89997639  0.2909405   0.81748535]
at minimum 61.0596 accepted 0  with params [-4.76638211  0.74025646  0.06426878 41.23238158  0.50909825  0.09676248]
at minimum 64.1236 accepted 0  with params [-4.776152    0.77977093  0.32585385 41.30764137  1.16315433  0.58862835]
at minimum 61.6875 accepted 0  with params [-4.89745423  0.32227064  0.05       41.03259786  0.34360514  0.37324417]
at minimum 53.8370 accepted 1  with params [-4.807003    0.61666162  0.34731963 40.70659631  1.01866025  0.        ]
at minimum 81.5386 accepted 0  with params [-4.73816514  0.12063863  0.47925691 40.88993763  1.30479729  0.15451308]
at minimum 56.1469 accepted 0  with params [-4.38827937  0.68359196  0.10910793 40.76812174  1.20134972  0.        ]
at minimum 56.0140 accepted 1  with params [-4.55538004e+00  4.10715628e-01  6.37417101e-01  4.06853698e+01
  1.13632709e+00  5.53030520e-08]
at minimum 57.7977 accepted 0  with params [-4.18634981e+00  3.80896821e-01  5.76489991e-01  4.08714482e+01
  8.49408613e-01  1.79078092e-06]
at minimum 87.6641 accepted 0  with params [-4.2577358   0.07755952  0.14089716 40.96051102  1.51451007  0.        ]
at minimum 87.2249 accepted 0  with params [-4.2325447   0.0813612   0.40900499 40.86037665  0.89357855  0.07948929]
at minimum 52.4326 accepted 1  with params [-4.15124502e+00  5.22550660e-01  3.71833730e-01  4.04177950e+01
  1.18757710e+00  4.42145038e-08]
at minimum 51.4818 accepted 1  with params [-4.06697334e+00  5.61703532e-01  3.42202416e-01  4.00981887e+01
  9.61731111e-01  1.61766840e-02]
at minimum 52.2682 accepted 0  with params [-3.78844741e+00  4.58386287e-01  5.82431270e-01  3.96985847e+01
  9.91955437e-01  4.67855893e-07]
at minimum 52.6653 accepted 1  with params [-4.54357873  0.60868803  0.05       40.38414899  0.48391373  0.06393037]
at minimum 65.6950 accepted 0  with params [-4.05901384  0.86432366  0.35226599 40.15842573  0.93726484  0.45005051]
at minimum 54.9859 accepted 0  with params [-4.35800038  0.69927519  0.0500009  40.26631681  0.15339877  0.28664904]
at minimum 71.1528 accepted 0  with params [-4.66154589  0.90980695  0.05       40.34703829  0.25733114  0.        ]
at minimum 64.9972 accepted 0  with params [-4.74573106  0.25470253  0.46890844 39.91253665  0.96483818  0.39517969]
at minimum 55.5234 accepted 0  with params [-4.71958676  0.66115308  0.22584529 40.83765661  0.13080699  0.56120407]
at minimum 78.9076 accepted 0  with params [-4.6989466   0.98527114  0.43331359 40.15963131  0.17626484  0.        ]
at minimum 55.6689 accepted 0  with params [-4.35654186e+00  6.73851950e-01  5.00000000e-02  4.07485241e+01
  3.77618397e-02  0.00000000e+00]
at minimum 63.5780 accepted 0  with params [-4.25074468  0.82057643  0.05       40.52576767  0.47659408  0.        ]
at minimum 54.3636 accepted 1  with params [-4.08108519  0.42230004  0.05       40.17313034  0.81316254  0.15749688]
at minimum 70.7356 accepted 0  with params [-3.70524929e+00  2.04090796e-01  1.11608840e-01  4.03781739e+01
  4.25551427e-01  1.19970690e-08]
at minimum 56.9363 accepted 0  with params [-4.38637944e+00  7.73527518e-01  9.46902701e-02  3.97054035e+01
  1.13030474e+00  2.33737278e-08]
at minimum 51.6067 accepted 1  with params [-4.17020639  0.64225693  0.49961567 39.76045196  1.03500729  0.16875722]
at minimum 56.0140 accepted 0  with params [-3.75875156  0.36898703  0.1095353  39.57243885  1.2740205   0.        ]
at minimum 58.2240 accepted 0  with params [-4.28649861  0.81041882  0.29520161 39.38167839  0.84430661  0.        ]
at minimum 52.7392 accepted 0  with params [-3.93607304e+00  4.56294385e-01  9.36046525e-01  3.99255320e+01
  5.48767382e-01  5.51793339e-07]
at minimum 51.5662 accepted 1  with params [-4.26701987  0.53760961  0.86854127 40.10613314  1.52092825  0.5559168 ]
at minimum 52.9255 accepted 1  with params [-4.31661819  0.50432627  0.92082615 40.52798685  1.71487798  0.88150794]
at minimum 52.0861 accepted 1  with params [-4.47341467  0.57818806  0.86396734 40.3087824   1.57821329  0.87110796]
at minimum 77.6658 accepted 0  with params [-4.9462718   0.99        0.95882123 39.83131738  1.44218048  1.10987745]
at minimum 77.8740 accepted 0  with params [-4.58402629  0.95187488  0.38587727 40.68566727  1.25297024  0.43789011]
at minimum 82.8209 accepted 0  with params [-4.950789    0.99        0.93192975 40.69775901  1.95000937  1.22470262]
at minimum 57.3694 accepted 0  with params [-4.64196471  0.74100687  0.3942031  40.345043    1.81064569  0.58835372]
at minimum 52.2027 accepted 1  with params [-4.33401889  0.56754327  0.83268037 40.37116037  1.73449248  0.41487755]
at minimum 55.1398 accepted 0  with params [-4.68038426  0.655114    0.82208202 40.7878401   1.76352519  0.67536226]
at minimum 72.6665 accepted 0  with params [-3.94259264  0.1865682   1.25357983 40.39225244  1.58139192  0.24085054]
at minimum 72.3172 accepted 0  with params [-4.63116846  0.90110228  0.65833657 40.73873522  1.99515911  0.76900499]
at minimum 56.2645 accepted 0  with params [-4.47903366  0.6904204   0.81469737 40.72383348  2.          0.36308936]
at minimum 57.7257 accepted 0  with params [-4.49675953  0.37943266  0.7198005  40.79921573  1.91864247  0.68406071]
at minimum 78.9424 accepted 0  with params [-4.16070286  0.98079348  1.08574711 40.25808681  1.45683172  0.06448964]
at minimum 75.1844 accepted 0  with params [-4.01154986  0.16594102  0.68361748 40.49910405  1.30378823  0.54297733]
at minimum 52.2537 accepted 1  with params [-4.65549651  0.5139029   0.82818565 40.3058626   1.78717673  0.65849448]
at minimum 62.4639 accepted 0  with params [-4.23248491  0.82379223  1.02205759 40.21964106  2.          0.50735683]
at minimum 59.3713 accepted 0  with params [-4.72261015  0.34472143  0.51408945 40.67455205  2.          0.80403014]
at minimum 55.2051 accepted 0  with params [-5.08831545  0.66524869  1.11991562 40.70764843  1.42441858  0.36255287]
at minimum 53.3487 accepted 0  with params [-4.66976601  0.51094789  0.54517922 40.71853113  1.50637652  0.98994807]
at minimum 53.8863 accepted 1  with params [-4.42924615  0.69714927  1.15338136 39.95153476  1.80001767  0.39736228]
at minimum 67.7782 accepted 0  with params [-4.23366427e+00  9.01834181e-01  1.24721771e+00  3.98433420e+01
  1.75742075e+00  6.79333799e-08]
at minimum 59.5825 accepted 0  with params [-4.77852441  0.81460678  0.73118331 39.67148967  2.          0.42928158]
at minimum 57.8006 accepted 0  with params [-4.48765397  0.77745256  0.83124849 39.88407007  1.9999999   0.41060417]
at minimum 69.0943 accepted 0  with params [-4.35000714  0.90776959  0.91776764 39.98767783  1.99999948  0.34755449]
at minimum 72.7340 accepted 0  with params [-4.3987924   0.9441922   1.27765352 39.93265901  2.          0.08792788]
at minimum 78.0594 accepted 0  with params [-4.62056879  0.99        1.0408598  39.90605123  1.86136254  0.        ]
at minimum 77.6086 accepted 0  with params [-4.50491017  0.99        1.46531047 39.82475741  1.96010913  0.56685087]
at minimum 50.6857 accepted 1  with params [-4.05528433  0.52444983  0.73861536 39.61848556  1.61771281  0.50383137]
at minimum 73.9490 accepted 0  with params [-3.71206871  0.16829807  0.87195373 39.96521102  1.70021055  0.25270614]
at minimum 56.8486 accepted 0  with params [-3.75922142  0.3499407   0.96307717 39.19440428  1.86032709  0.43307001]
at minimum 53.0582 accepted 0  with params [-4.45484948  0.42630933  1.05010846 39.45795797  1.37699035  0.93848935]
at minimum 52.9735 accepted 0  with params [-3.86313911  0.44542405  0.48239665 39.86825761  1.68216429  0.08042022]
at minimum 55.0331 accepted 0  with params [-4.4425187   0.73112386  0.68469084 39.8428393   1.71726523  0.81818543]
at minimum 50.6916 accepted 1  with params [-4.34878283  0.56971325  0.42647966 39.74116323  2.          0.78508258]
at minimum 61.1226 accepted 0  with params [-4.66187078  0.85040273  0.13504265 39.36141547  1.99729497  0.87450231]
at minimum 70.0243 accepted 0  with params [-4.52114938  0.94130086  0.84205725 39.4502728   1.69950988  0.41070459]
at minimum 51.3328 accepted 1  with params [-4.69692123  0.53611872  0.67758151 39.99873111  1.99999977  0.37652701]
at minimum 51.3216 accepted 1  with params [-4.80902107  0.62958648  0.36344862 39.74916937  1.99999974  0.37026258]
at minimum 64.1741 accepted 0  with params [-4.69588864e+00  2.67338349e-01  8.08389587e-02  4.00411793e+01
  2.00000000e+00  3.82338972e-02]
at minimum 58.0779 accepted 0  with params [-5.17054892  0.76417059  0.50749227 40.17725036  1.81272368  0.45139077]
at minimum 52.4743 accepted 0  with params [-4.90904499  0.4721438   0.0526109  40.03949029  1.75457684  0.        ]
at minimum 59.0863 accepted 0  with params [-4.41422722  0.78404484  0.05000074 40.1044895   1.89672775  0.11473098]
at minimum 53.5334 accepted 0  with params [-4.40839024  0.43326087  0.25417439 39.94764412  1.99999986  0.06235838]
at minimum 69.4586 accepted 0  with params [-4.5971645   0.93223726  0.73220271 39.5298049   1.99999965  0.43547534]
at minimum 52.5894 accepted 0  with params [-5.07288648  0.6572923   0.16646382 39.96509534  2.          0.58759669]
at minimum 51.7128 accepted 1  with params [-4.80260708  0.60835997  0.30605302 40.03356043  1.7282993   0.24333051]
at minimum 52.1587 accepted 1  with params [-4.73744487  0.50496329  0.08848054 40.21160216  1.9984051   0.04152431]
at minimum 54.9159 accepted 0  with params [-4.69514456  0.40265439  0.05000024 39.98100162  1.99999983  0.27748544]
at minimum 64.1100 accepted 0  with params [-4.34292316  0.84964688  0.05870725 40.10456822  1.99999968  0.18929704]
at minimum 56.7672 accepted 0  with params [-4.50395826  0.72602837  0.51864056 40.40874361  1.74843631  0.05483585]
at minimum 88.5561 accepted 0  with params [-4.29446021  0.05912495  0.05       39.91886777  2.          0.36022402]
at minimum 56.7129 accepted 0  with params [-4.63350587  0.72906786  0.47711308 40.35391714  1.67617084  0.        ]
at minimum 64.0658 accepted 0  with params [-4.51442485  0.86001159  0.34464126 39.88821557  1.55455549  0.19253659]
at minimum 59.8932 accepted 0  with params [-4.95306359e+00  3.34277719e-01  3.51960763e-01  4.05794240e+01
  1.68891500e+00  2.67876330e-07]
at minimum 64.1346 accepted 0  with params [-4.31929763e+00  8.23532585e-01  7.45794962e-02  4.05933591e+01
  1.91828504e+00  1.56818993e-07]
at minimum 52.8091 accepted 0  with params [-4.63568415  0.62657941  0.05       40.33226423  1.57495556  0.        ]
at minimum 53.9293 accepted 0  with params [-4.89576842e+00  4.64402682e-01  3.44875820e-01  4.06054571e+01
  1.99999996e+00  3.63390188e-08]
at minimum 52.3450 accepted 1  with params [-5.08030470e+00  6.11997910e-01  4.43492896e-01  4.02505449e+01
  1.75836599e+00  2.71355273e-08]
