at minimum 100.2922 accepted 1  with params [-4.5  0.4  0.5 40.   1.   1. ]
at minimum 90.4010 accepted 1  with params [-4.82586338  0.66780924  0.05       39.90356407  0.77411424  0.63714728]
at minimum 101.3067 accepted 0  with params [-5.3041135   0.93319476  0.12728253 40.09096637  0.77878853  0.68311906]
at minimum 107.2817 accepted 0  with params [-5.04553691  0.32762012  0.05000037 39.85252919  0.78201927  0.19898814]
at minimum 121.6193 accepted 0  with params [-4.73068199  0.21046505  0.05000065 39.49476752  1.23694632  0.9804879 ]
at minimum 106.8720 accepted 0  with params [-4.74791725  0.99        0.21005861 40.28657648  0.31214741  1.01669873]
at minimum 90.4865 accepted 1  with params [-5.12949204  0.67185256  0.11690094 39.81996352  0.72969815  0.30013611]
at minimum 94.7825 accepted 0  with params [-5.62626019  0.51475409  0.36695263 39.32541995  0.99180757  0.04678037]
at minimum 105.6241 accepted 0  with params [-4.86835921  0.98999972  0.25473734 39.62239572  0.97934775  0.57260925]
at minimum 90.1832 accepted 1  with params [-5.46880519  0.6398762   0.05       40.2968596   0.44861589  0.67807393]
at minimum 104.4097 accepted 0  with params [-5.37078431  0.95568372  0.05000002 40.68069332  0.48991925  0.63450846]
at minimum 106.0697 accepted 0  with params [-5.19767815  0.98999928  0.05000113 39.87919005  0.54948852  0.79648126]
at minimum 100.7654 accepted 0  with params [-5.25351024  0.38963936  0.3300079  40.33868271  0.23742802  0.45017699]
at minimum 98.0189 accepted 0  with params [-5.90606703  0.41979079  0.32090604 40.7436683   0.38056477  0.60218976]
at minimum 93.3518 accepted 0  with params [-5.32529148  0.80588352  0.05       39.84411005  0.65406538  0.32108531]
at minimum 90.2862 accepted 1  with params [-5.69179054  0.68511446  0.05       40.17377104  0.81665229  0.4513272 ]
at minimum 123.2509 accepted 0  with params [-5.76340375  0.19271365  0.51862481 39.80588251  0.59476491  0.76162205]
at minimum 94.5048 accepted 0  with params [-5.34706188  0.8308185   0.50969299 39.86041292  0.90139054  0.08195711]
at minimum 90.9547 accepted 1  with params [-5.99999978  0.5753353   0.05       40.48001818  0.85958457  0.84023338]
at minimum 102.1855 accepted 0  with params [-6.          0.94509104  0.36331609 39.9895897   0.96392227  0.94913159]
at minimum 92.7653 accepted 0  with params [-5.78036161  0.7861422   0.05000007 40.54636826  1.24144953  1.11547697]
at minimum 95.9341 accepted 0  with params [-5.95578672  0.45006704  0.0500007  40.88537812  0.54448094  0.43638262]
at minimum 106.8288 accepted 0  with params [-6.          0.99        0.05       40.26728414  0.84100493  1.0539806 ]
at minimum 128.1850 accepted 0  with params [-5.79461156  0.1473668   0.05       40.84685965  1.01876809  1.12817641]
at minimum 125.8924 accepted 0  with params [-5.73653443  0.16980846  0.05       40.29760241  1.26497965  0.98066849]
at minimum 123.1945 accepted 0  with params [-5.8725284   0.18536262  0.05       40.36221563  0.82346848  0.90462582]
at minimum 108.3875 accepted 0  with params [-6.          0.99        0.05       40.90726197  1.06350719  0.98088031]
at minimum 99.6187 accepted 0  with params [-5.76247308  0.40712931  0.11099998 40.20782728  1.12802842  0.90455538]
at minimum 125.2011 accepted 0  with params [-5.9999999   0.17326791  0.25543223 40.38931165  0.78740985  0.46489075]
at minimum 139.1455 accepted 0  with params [-5.98278713  0.08821358  0.48671611 40.02669316  0.53864985  1.22300409]
at minimum 107.1212 accepted 0  with params [-5.69090909  0.99        0.44956606 40.43129459  0.58000126  0.75661478]
at minimum 89.9479 accepted 1  with params [-5.62876466  0.64817363  0.05       40.85808559  0.55158918  1.23159423]
at minimum 91.9911 accepted 0  with params [-5.42049083  0.76748996  0.16917435 40.38338709  0.51464754  0.98574913]
at minimum 98.0646 accepted 0  with params [-5.5527084   0.41783448  0.05       40.79609984  0.78890271  1.33861299]
at minimum 93.3740 accepted 0  with params [-5.74784195  0.50721412  0.05       40.43154205  0.940706    0.74360677]
at minimum 98.4090 accepted 0  with params [-5.55634732  0.40710167  0.22728139 41.188635    0.87402958  0.97917417]
at minimum 92.2754 accepted 1  with params [-5.72679204  0.53064489  0.05000036 40.50940081  0.67486748  1.68557757]
at minimum 94.6670 accepted 1  with params [-5.54828124  0.8244364   0.14904745 40.67701551  0.50627795  2.        ]
at minimum 93.0465 accepted 1  with params [-6.          0.50821309  0.05       40.61581439  0.49497805  2.        ]
at minimum 96.3772 accepted 0  with params [-5.61306283  0.44760309  0.05000027 40.52435805  0.65815857  1.54559956]
at minimum 99.9396 accepted 0  with params [-6.          0.89767768  0.385475   40.96345533  0.61702719  1.99999998]
at minimum 89.9895 accepted 1  with params [-5.72213774  0.66107448  0.12829593 40.85728722  0.19922759  2.        ]
at minimum 89.9918 accepted 1  with params [-5.34311938  0.65826349  0.4907874  40.70089794  0.68967026  1.99999997]
at minimum 102.8335 accepted 0  with params [-5.11514663  0.35986423  0.96564868 40.61379787  1.17422347  2.        ]
at minimum 90.2188 accepted 1  with params [-5.30191636  0.63444813  0.25531066 40.20994274  0.81096012  2.        ]
at minimum 127.9719 accepted 0  with params [-4.96568935  0.1592884   0.10402539 39.8069103   1.0245446   2.        ]
at minimum 106.0684 accepted 0  with params [-5.06179764  0.99        0.29805259 39.88710643  1.03049237  1.64231546]
at minimum 90.3451 accepted 0  with params [-5.78549109  0.60742887  0.39851672 40.40520154  1.20424524  1.99999999]
at minimum 90.3998 accepted 1  with params [-5.45801132  0.63459657  0.52823011 40.02366193  1.06306868  2.        ]
at minimum 129.2243 accepted 0  with params [-5.17378639  0.14469139  0.60467607 40.19734852  1.14872889  1.99999954]
at minimum 102.7269 accepted 0  with params [-5.04667854  0.37633512  0.29108281 39.86399357  1.0900908   1.99999997]
at minimum 90.8163 accepted 1  with params [-5.54598358  0.71573173  0.77541001 39.87292996  0.80140102  1.91766327]
at minimum 93.1143 accepted 0  with params [-5.62556866  0.79915247  0.63042879 39.65950553  0.90560178  1.65583433]
at minimum 90.8047 accepted 1  with params [-5.61192844  0.72112518  0.35392702 40.06938727  0.86514338  1.63288943]
at minimum 108.4153 accepted 0  with params [-5.42307616  0.31081214  0.37273629 40.17475728  0.70162416  1.41402253]
at minimum 111.7056 accepted 0  with params [-5.78026698  0.28195187  0.68073937 40.35101581  0.93307322  1.50862545]
at minimum 101.4710 accepted 0  with params [-5.2984611   0.92897824  0.39498662 40.38889033  0.45162956  1.31059451]
at minimum 90.7384 accepted 1  with params [-5.34643226  0.62249162  0.26209724 39.85185244  0.98865306  1.37974135]
at minimum 98.5830 accepted 0  with params [-5.7047027   0.41743757  0.29273952 40.26608815  1.30265715  1.40163967]
at minimum 104.4446 accepted 0  with params [-5.7484753   0.3569975   0.05000003 39.79114796  0.74277164  1.00535792]
at minimum 105.1780 accepted 0  with params [-4.91360405  0.35604303  0.05000056 39.57489838  1.12469998  1.03308505]
at minimum 92.1078 accepted 0  with params [-5.19965927  0.77143851  0.05       39.86340111  1.4195319   1.38822204]
at minimum 94.5156 accepted 0  with params [-5.57454049  0.83164774  0.41354861 39.44024835  0.92170802  1.30480512]
at minimum 94.2572 accepted 0  with params [-5.41100694  0.82301945  0.05       40.2781395   1.14057727  1.61225294]
at minimum 93.6370 accepted 0  with params [-5.49652829  0.81053812  0.10819091 40.1761881   1.43425787  1.70798569]
at minimum 106.0312 accepted 0  with params [-5.11552098  0.99        0.62827732 39.85344137  1.05675258  1.77847482]
at minimum 100.3410 accepted 0  with params [-5.20923955  0.9292373   0.27194835 39.4132628   1.19753087  1.69358124]
at minimum 94.2004 accepted 1  with params [-5.59966505  0.5197263   0.05663818 39.44310158  0.82267231  1.25996195]
at minimum 98.9919 accepted 0  with params [-5.95106742  0.42752651  0.05000027 39.69341657  0.46291108  1.21273214]
at minimum 134.5876 accepted 0  with params [-5.47389783  0.12091399  0.09246726 39.48144383  0.78773053  1.083083  ]
at minimum 90.7891 accepted 1  with params [-5.74186308  0.70952499  0.40570498 39.76299767  0.98268691  1.32847412]
at minimum 106.3884 accepted 0  with params [-5.45122699  0.98999988  0.84969722 40.0579729   0.76796719  1.10186857]
at minimum 114.4844 accepted 0  with params [-5.46741597  0.25960557  0.67041893 39.99666679  1.30815868  1.02526203]
at minimum 91.4127 accepted 0  with params [-5.34148696  0.74681276  0.33781626 39.88610386  1.35869015  1.64748825]
at minimum 93.3575 accepted 0  with params [-5.72735804  0.52430566  0.4349495  39.84797726  1.29282284  1.61484366]
at minimum 92.4059 accepted 0  with params [-5.38909753  0.55420127  0.05000097 39.77618     0.70520714  1.5337507 ]
at minimum 93.5868 accepted 1  with params [-5.70609059  0.51419563  0.54413086 39.94975702  1.14231412  1.38784584]
at minimum 111.5261 accepted 0  with params [-5.36419591  0.28556787  0.79723298 40.00984761  1.14454817  1.29231403]
at minimum 138.5586 accepted 0  with params [-5.27942132  0.09476827  0.43194937 39.63367558  1.08738672  1.75951427]
at minimum 91.8396 accepted 1  with params [-5.75275337  0.76376477  0.61749424 40.04937262  0.73935633  1.22986362]
at minimum 95.6048 accepted 0  with params [-5.7341694   0.85201183  0.17906192 39.83751441  0.37360359  1.66909651]
at minimum 90.2495 accepted 1  with params [-5.41098401  0.68202832  0.5912062  40.25006114  0.72576992  1.28774584]
at minimum 98.3475 accepted 0  with params [-5.42334143  0.42840549  0.99748209 40.05837809  0.4324946   0.85546191]
at minimum 106.1595 accepted 0  with params [-5.50821097  0.99        0.3950084  39.95142763  1.07709457  0.94104367]
at minimum 106.5043 accepted 0  with params [-5.16524624  0.99        0.14214663 40.10035115  0.5137445   1.59673884]
at minimum 90.9296 accepted 1  with params [-5.68105251  0.72210509  0.21413604 39.85429255  0.32166804  1.19044243]
at minimum 91.6315 accepted 0  with params [-5.68758585  0.59460571  0.05       39.49636085  0.57873398  1.44962116]
at minimum 105.4972 accepted 0  with params [-5.62697554  0.99        0.33544607 39.54304051  0.          0.79943256]
at minimum 97.0615 accepted 0  with params [-5.35102196  0.87382498  0.09940273 40.09555927  0.3372332   0.87116325]
at minimum 106.1996 accepted 0  with params [-5.71332901  0.99        0.05380723 39.98221825  0.24140417  0.75823291]
at minimum 101.9607 accepted 0  with params [-5.37532689  0.9506165   0.18624591 39.40453445  0.59628292  1.11017702]
at minimum 101.9541 accepted 0  with params [-5.92497031  0.38287447  0.65755186 39.99336365  0.38178984  0.86927294]
at minimum 105.9820 accepted 0  with params [-5.46522783  0.99        0.05       39.85053413  0.50577822  1.56795642]
at minimum 95.5932 accepted 0  with params [-5.40369607  0.47206345  0.60931451 40.06952839  0.19737635  1.34312165]
at minimum 93.8960 accepted 0  with params [-5.77958125e+00  8.17668749e-01  1.02394828e-01  3.94939606e+01
  1.14087604e-07  1.50999693e+00]
at minimum 100.0492 accepted 0  with params [-5.46071652  0.40036715  0.5932186  40.18293451  0.11134278  1.35474443]
at minimum 90.3279 accepted 1  with params [-5.76207614e+00  6.34338837e-01  5.00000871e-02  4.01022624e+01
  5.74948087e-08  1.24441036e+00]
at minimum 96.6792 accepted 0  with params [-5.69562822  0.87083628  0.05000013 39.85028905  0.10877998  1.32777052]
at minimum 105.9376 accepted 0  with params [-5.3523043   0.34270816  0.31621625 39.81406912  0.38458524  1.10287288]
at minimum 103.7426 accepted 0  with params [-5.99999995  0.36218802  0.05000058 39.93674393  0.04785336  1.40051234]
at minimum 109.2836 accepted 0  with params [-5.86572248  0.30553215  0.25177731 39.83107605  0.18894018  0.9811301 ]
