at minimum 48.8850 accepted 1  with params [-4.499449    0.4         0.31109025 38.09003887]
at minimum 48.7295 accepted 1  with params [-4.58209942  0.43783757  0.24970394 38.72911483]
at minimum nan accepted 1  with params [-4.81562755  0.63825111  0.05       38.53409126]
at minimum 50.4616 accepted 1  with params [-5.10903582  0.80120755  0.05000001 38.60576354]
at minimum 53.7867 accepted 0  with params [-5.43644442  0.93125833  0.05273338 37.24456329]
at minimum nan accepted 1  with params [-5.19077944  0.59439174  0.05       38.24959986]
at minimum 55.2065 accepted 1  with params [-5.65248021  0.99        3.         35.45068664]
at minimum nan accepted 1  with params [-5.70558596  0.68055922  2.64199125 35.06938383]
at minimum 55.1784 accepted 1  with params [-5.97999475  0.99        2.56527074 35.60762696]
at minimum 55.1760 accepted 1  with params [-5.99974657  0.99        1.98176045 35.60783774]
at minimum 55.1761 accepted 1  with params [-5.96355914  0.99        2.10769103 35.59467532]
at minimum 55.1813 accepted 1  with params [-5.77525463  0.99        1.68979239 35.50052356]
at minimum 55.1764 accepted 1  with params [-5.89144364  0.99        2.09075492 35.56330688]
at minimum 55.1789 accepted 1  with params [-6.          0.99        2.57326022 35.61523575]
at minimum 54.0710 accepted 1  with params [-5.66932865  0.82807336  2.65369004 40.99288254]
at minimum 87.3297 accepted 0  with params [-5.40854055  0.49546805  2.30159603 50.90487297]
at minimum 55.9074 accepted 0  with params [-5.1814457   0.99        2.70706835 35.0221201 ]
at minimum 79.0486 accepted 0  with params [-5.64194944  0.48037598  2.89189125 58.5674232 ]
at minimum 55.1747 accepted 1  with params [-5.58539363  0.98641318  2.38549723 35.48882447]
at minimum 55.4929 accepted 1  with params [-5.35324753  0.99        2.19638194 35.18047712]
at minimum 59.8420 accepted 0  with params [-5.15516854  0.66761923  2.61104948 42.13477929]
at minimum 55.7217 accepted 1  with params [-5.25885722  0.99        1.94108321 35.08314324]
at minimum 55.9365 accepted 1  with params [-5.19067147  0.99        2.16673403 35.01541019]
at minimum 55.8926 accepted 1  with params [-5.20424455  0.99        1.68170898 35.03025227]
at minimum nan accepted 1  with params [-5.31166857  0.99        1.88269677 35.01072127]
at minimum 65.6602 accepted 1  with params [-5.21036839  0.74838016  1.85512268 35.10555517]
at minimum 101.8501 accepted 0  with params [-4.9087903   0.32224422  2.01382602 41.80164389]
at minimum 56.8948 accepted 1  with params [-5.01219574  0.99        1.9900093  34.82917461]
at minimum 55.4762 accepted 1  with params [-5.36607914  0.99        1.83889592 35.188134  ]
at minimum 55.2395 accepted 1  with params [-5.56784237  0.99        1.41788563 35.36648909]
at minimum nan accepted 1  with params [-5.67667317  0.65158772  1.04779654 35.69085752]
at minimum 93.8710 accepted 1  with params [-5.85948231  0.31180674  0.90411035 80.73085287]
at minimum nan accepted 1  with params [-6.00000000e+00  4.12528729e-02  1.07550835e+00  8.06614398e+01]
at minimum 94.0979 accepted 1  with params [-5.82013831  0.27211568  0.62994526 86.01746135]
at minimum 54.4487 accepted 1  with params [-6.          0.68426953  1.12433419 49.25436439]
at minimum 55.1582 accepted 1  with params [-6.          0.99        0.93068235 35.62242538]
at minimum 58.0727 accepted 0  with params [-5.93070771  0.49951145  0.7222547  62.63290638]
at minimum 55.1405 accepted 1  with params [-6.          0.99        0.61260183 35.65150387]
at minimum 53.3577 accepted 1  with params [-5.61277494  0.79804404  0.72789613 41.74338686]
at minimum 53.3514 accepted 1  with params [-5.54924845  0.73515754  0.62913026 43.82485056]
at minimum 54.4843 accepted 1  with params [-5.86897878  0.70841977  1.05861726 47.38878149]
at minimum 53.3334 accepted 1  with params [-5.48394774  0.70776802  0.57517558 44.38174958]
at minimum 51.4258 accepted 1  with params [-5.66114623  0.66808823  0.17667441 48.22675135]
at minimum 50.7965 accepted 1  with params [-5.59906954  0.62127108  0.1292264  50.18753964]
at minimum 116.0592 accepted 0  with params [-5.19922443  0.12536685  0.16193558 49.78926496]
at minimum 57.0098 accepted 0  with params [-5.60240697  0.6930146   0.36653884 50.40205654]
at minimum 57.9528 accepted 0  with params [-5.1716596   0.47564736  0.29095871 51.21704495]
at minimum 60.2059 accepted 0  with params [-5.74382775  0.59497159  1.32009853 52.35732755]
at minimum 102.4776 accepted 0  with params [-5.51745438  0.33251392  0.07006219 50.03170708]
at minimum 52.4218 accepted 1  with params [-5.42431647  0.84809013  0.05       39.64563231]
at minimum 54.4717 accepted 0  with params [-5.18980322  0.99        0.05       35.63188839]
at minimum 56.9320 accepted 0  with params [-4.86999378  0.35090323  0.05       43.86661372]
at minimum 51.7319 accepted 1  with params [-5.14104422  0.87667403  0.05       37.88983435]
at minimum nan accepted 1  with params [-5.4259212   0.64232064  0.35199835 38.27429449]
at minimum 54.0210 accepted 1  with params [-5.59203507  0.86452402  3.         39.08602385]
at minimum 55.2889 accepted 0  with params [-5.48761246  0.99        3.         35.32890204]
at minimum 54.0674 accepted 1  with params [-5.23708322  0.93581163  3.         36.39226672]
at minimum 51.8470 accepted 1  with params [-4.94835166  0.85767791  2.59696388 36.98714147]
at minimum nan accepted 1  with params [-5.17779071  0.57480612  2.75922327 36.88123278]
at minimum nan accepted 1  with params [-5.68887443  0.3359778   2.26631238 36.7269163 ]
at minimum 55.3018 accepted 1  with params [-5.49981368  0.99        2.12733425 35.31131599]
at minimum 54.3943 accepted 1  with params [-6.          0.86056032  2.08449278 40.42256608]
at minimum 54.2623 accepted 1  with params [-6.          0.79740338  2.13857864 43.26091367]
at minimum 55.4361 accepted 0  with params [-6.          0.6393562   2.57064565 52.4699944 ]
at minimum 56.3936 accepted 0  with params [-6.          0.6000297   1.8305247  55.04913743]
at minimum 55.1719 accepted 0  with params [-6.          0.99        1.52836558 35.60682339]
at minimum nan accepted 1  with params [-6.          0.36303882  2.4704845  43.00552124]
at minimum 55.1903 accepted 1  with params [-5.74127345  0.99        2.46366316 35.49105662]
at minimum 53.7470 accepted 1  with params [-5.48387331  0.85497318  2.727666   39.37061058]
at minimum 55.1793 accepted 0  with params [-5.86164023  0.99        2.73605757 35.56065031]
at minimum 55.2683 accepted 1  with params [-5.53275324  0.99        2.55760398 35.34959293]
at minimum nan accepted 1  with params [-5.41513432  0.77722425  3.         35.78651641]
at minimum 57.4937 accepted 1  with params [-4.90620837  0.99        3.         34.74095824]
at minimum 55.6872 accepted 1  with params [-5.23835035  0.99        3.         35.09495955]
at minimum 59.4446 accepted 0  with params [-4.95116188  0.62431041  3.         40.76842726]
at minimum 55.4618 accepted 1  with params [-5.35268139  0.99        2.75755761 35.19848253]
at minimum 55.1782 accepted 1  with params [-5.99824     0.99        2.40902994 35.61205653]
at minimum 55.1780 accepted 1  with params [-6.          0.99        2.33681397 35.61178898]
at minimum 55.2310 accepted 0  with params [-5.59272231  0.99        2.76853988 35.40198684]
at minimum 55.1755 accepted 1  with params [-5.91160556  0.99        1.9992553  35.57148137]
at minimum 54.9872 accepted 1  with params [-5.77158512  0.73177023  2.52111652 45.62888599]
at minimum nan accepted 1  with params [-5.62698984  0.28542216  2.71629974 45.49868207]
at minimum 56.2966 accepted 1  with params [-5.08693597  0.99        2.83315612 34.92594434]
at minimum 56.2519 accepted 1  with params [-5.5920918   0.71862109  2.61611414 45.03739347]
at minimum 56.6254 accepted 0  with params [-5.58078954  0.71070414  2.17567084 45.10007221]
at minimum 55.7778 accepted 1  with params [-5.20726184  0.99        3.         35.06249886]
at minimum 57.3603 accepted 0  with params [-4.92164082  0.99        3.         34.75686192]
at minimum 54.3162 accepted 1  with params [-6.          0.78137474  3.         44.16341925]
at minimum 55.1804 accepted 1  with params [-6.          0.99        3.         35.62235216]
at minimum 55.1791 accepted 1  with params [-6.          0.99        2.60864089 35.61579125]
at minimum 54.9260 accepted 1  with params [-5.94557478  0.68668106  3.         49.20835678]
at minimum 83.3186 accepted 0  with params [-6.          0.32887274  2.78073062 86.73313162]
at minimum 142.3723 accepted 0  with params [-5.64497167  0.29878824  3.         70.84807141]
at minimum 54.3174 accepted 1  with params [-6.          0.81861077  2.60924999 42.31795479]
at minimum 59.2435 accepted 0  with params [-6.          0.52631862  2.34009423 61.42109686]
at minimum 55.2013 accepted 0  with params [-5.69050355  0.99        2.22711867 35.45469   ]
at minimum nan accepted 1  with params [-5.64784879  0.2893924   2.29971264 42.25653203]
at minimum 55.1944 accepted 1  with params [-5.71994819  0.99        2.17291214 35.47226188]
at minimum 55.1924 accepted 1  with params [-5.70867975  0.99        1.63988383 35.46076148]
at minimum 56.9774 accepted 1  with params [-5.55208184  0.69282318  1.35528771 45.32661015]
at minimum 55.7605 accepted 1  with params [-5.23352507  0.99        1.41427871 35.07121518]
