at minimum 81.4900 accepted 1  with params [-4.36312603  0.4         0.07236004 41.75721836]
at minimum 78.4015 accepted 1  with params [-4.1725991   0.43134141  0.39107928 42.15055554]
at minimum 74.8253 accepted 1  with params [-3.92844945 -0.9         0.56423791 40.13418903]
at minimum 242.0761 accepted 0  with params [-3.4585003  -0.89630215  0.44681163 30.95794252]
at minimum nan accepted 1  with params [-4.39317766 -0.9         0.82585887 40.19147128]
at minimum 115.0457 accepted 1  with params [-4.25219221 -0.5705386   0.53501494 40.87467849]
at minimum 62.2575 accepted 1  with params [-3.82761306 -0.49679391  0.41778039 40.42276066]
at minimum 69.3921 accepted 0  with params [-4.07669393 -0.10514494  0.41921016 41.15217425]
at minimum nan accepted 1  with params [-4.03900173 -0.82926634  0.67454863 40.73597796]
at minimum 59.9913 accepted 1  with params [-3.78719074 -0.83294569  0.05       40.18307587]
at minimum 91.3551 accepted 0  with params [-4.08491064 -0.9         0.05       40.97851002]
at minimum 89.0618 accepted 0  with params [-4.07354174 -0.9         0.05       40.96532046]
at minimum 215.3617 accepted 0  with params [-3.46597229 -0.51560609  0.37071578 37.06039186]
at minimum 65.0820 accepted 0  with params [-3.71468298 -0.85836528  0.05000844 39.59685984]
at minimum 71.5947 accepted 0  with params [-3.54553974 -0.9         3.         39.92280759]
at minimum 120.9172 accepted 0  with params [-4.19127461 -0.9         0.36636947 40.46755875]
at minimum 63.5342 accepted 0  with params [-3.81546298 -0.84822174  0.31256927 40.31680395]
at minimum nan accepted 1  with params [-4.1601132  -0.78470724  0.08996053 40.34806124]
at minimum 78.2211 accepted 1  with params [-4.09389104 -0.58275153  0.05       41.48674796]
at minimum 129.1222 accepted 0  with params [-4.3029849  -0.6752625   0.23190867 41.03143064]
at minimum 66.1513 accepted 1  with params [-3.77824942 -0.24160603  0.3870961  41.668136  ]
at minimum 75.1055 accepted 0  with params [-4.15081518 -0.2505455   0.05000004 41.38093175]
at minimum 77.7005 accepted 0  with params [-4.05735168 -0.71128484  0.05413244 41.42053686]
at minimum 523.4741 accepted 0  with params [-4.26037982  0.99        0.05       10.01043203]
at minimum 294.1508 accepted 0  with params [-3.42833025  0.33519107  1.07273059 30.8336451 ]
at minimum 64.7754 accepted 1  with params [-3.82201628 -0.69139665  0.61656034 40.24608926]
at minimum 66.9045 accepted 0  with params [-3.96089759 -0.29310413  0.69595141 40.71173381]
at minimum 68.2535 accepted 0  with params [-3.70436659 -0.80393584  0.72468723 39.83949148]
at minimum 63.8518 accepted 1  with params [-3.73230447 -0.9         0.05       39.71313928]
at minimum 68.9079 accepted 0  with params [-3.69119272 -0.9         0.05       39.30894548]
at minimum 809396964360433.2500 accepted 0  with params [-3.32836232 -0.9         0.05       10.        ]
at minimum nan accepted 1  with params [-3.82814445 -0.57718255  0.05       40.0542874 ]
at minimum nan accepted 1  with params [-4.28352597 -0.38775627  0.05       40.08002493]
at minimum 67.5001 accepted 1  with params [-3.86704942 -0.1002547   0.54570154 39.60103061]
at minimum 70.3577 accepted 0  with params [-3.82809546e+00 -2.95084082e-02  5.72636850e-01  4.02536841e+01]
at minimum 77.8719 accepted 0  with params [-4.18025909  0.2551478   0.99242832 39.99725084]
at minimum 70.2613 accepted 0  with params [-3.94509369  0.3347679   0.14494446 39.11277587]
at minimum 64.7560 accepted 1  with params [-3.7143174  -0.54028453  0.20292698 39.68187889]
at minimum 96.3948 accepted 0  with params [-4.17808858 -0.65040651  0.05       41.59630357]
at minimum 87.3060 accepted 0  with params [-4.06230854 -0.9         0.05000008 39.99591253]
at minimum nan accepted 1  with params [-4.01267031 -0.9         0.51845873 39.9270095 ]
at minimum 61.9369 accepted 1  with params [-3.76003356 -0.9         0.05       39.92896886]
at minimum 61.3391 accepted 1  with params [-3.83783457 -0.9         0.05       40.3708655 ]
at minimum 99.6729 accepted 0  with params [-3.5914448  -0.9         0.05       37.54776443]
at minimum 69.6071 accepted 0  with params [-3.68874837 -0.9         0.09842809 39.50382666]
at minimum 132.5591 accepted 0  with params [-4.30684404 -0.69707681  0.05       41.7808604 ]
at minimum nan accepted 1  with params [-3.9746341  -0.9         0.05       40.17043583]
at minimum 61.1758 accepted 1  with params [-3.83193143 -0.9         0.05       40.34388666]
at minimum 58.2922 accepted 1  with params [-3.86287765 -0.6403509   0.05000011 40.20334744]
at minimum 63.9117 accepted 0  with params [-3.82728328 -0.79197929  0.38360034 40.22136777]
at minimum 62.7338 accepted 0  with params [-3.72128045 -0.69573715  0.05       39.93098873]
at minimum nan accepted 1  with params [-4.21334848 -0.79829546  0.30566587 40.0939546 ]
at minimum 158.7811 accepted 1  with params [-4.4142827  -0.62738394  0.21331258 42.16347735]
at minimum 60.6962 accepted 1  with params [-3.9770707  -0.17850819  0.05061226 41.61298891]
at minimum 78.2359 accepted 0  with params [-4.23559280e+00 -5.84441504e-03  5.00000000e-02  4.12746490e+01]
at minimum nan accepted 1  with params [-4.42638974 -0.24832394  0.05       41.66174194]
at minimum 93.9339 accepted 1  with params [-4.39007855  0.99        0.05       39.3123995 ]
at minimum 94.0299 accepted 1  with params [-4.41725342  0.99        0.05       39.00797833]
at minimum 89.2034 accepted 1  with params [-4.37374186  0.86217148  0.05000013 39.24764551]
at minimum 89.2320 accepted 1  with params [-4.52978878  0.80434544  0.05000005 40.13288797]
at minimum nan accepted 1  with params [-4.80537687  0.99        0.05       39.70026684]
at minimum 95.1856 accepted 1  with params [-4.84993073  0.99        0.05       39.35489758]
at minimum 96.5368 accepted 0  with params [-6.          0.99        0.45942656 39.53944323]
at minimum 94.7742 accepted 1  with params [-4.70563257  0.99        0.05       39.37033188]
at minimum nan accepted 1  with params [-4.98371447  0.70952764  0.05       38.93805519]
at minimum 143.1998 accepted 1  with params [-5.12496287  0.48842152  1.82341381 48.7663246 ]
at minimum 290.0004 accepted 0  with params [-5.11435794  0.18842511  2.16720749 49.02566742]
at minimum 98.0998 accepted 1  with params [-4.978151    0.99        1.60602231 38.6010031 ]
at minimum nan accepted 1  with params [-5.35676337  0.70958344  1.75450303 38.59950882]
at minimum 96.0727 accepted 1  with params [-5.44935667  0.96467638  0.05462556 40.29664208]
at minimum nan accepted 1  with params [-5.02967196  0.85811757  0.05       40.07767187]
at minimum 94.9240 accepted 1  with params [-4.67601342  0.99        0.05000052 40.05692842]
at minimum nan accepted 1  with params [-4.96876399  0.99        0.05318119 39.83971774]
at minimum 89.6680 accepted 1  with params [-4.52096112  0.83602202  0.05004042 40.38445061]
at minimum 86.1131 accepted 1  with params [-4.47094667  0.61697938  0.05       40.51994973]
at minimum 77.8020 accepted 1  with params [-4.27327382  0.23472113  0.25381954 41.64954082]
at minimum 104.1491 accepted 0  with params [-4.50214648  0.10870348  0.05       41.61101625]
at minimum 78.5386 accepted 0  with params [-4.0982219   0.35308593  0.65945387 41.73123529]
at minimum 63.1946 accepted 1  with params [-3.89834497 -0.35961963  0.45208183 40.66017068]
at minimum 78.2699 accepted 0  with params [-4.2140662   0.08972847  0.73143202 40.69497928]
at minimum 80.1312 accepted 0  with params [-3.5807207  -0.9         0.89330483 39.31460092]
at minimum 60.8376 accepted 1  with params [-3.80659266 -0.9         0.05       40.21722862]
at minimum 76.9887 accepted 0  with params [-4.06028522 -0.68267768  0.05       41.29152351]
at minimum 75.6673 accepted 0  with params [-3.59156276 -0.49027243  3.         39.98845528]
at minimum 163.1977 accepted 0  with params [-4.24023912 -0.9         0.96246037 38.48173468]
at minimum 62.7772 accepted 0  with params [-3.72765761 -0.76837735  0.05000014 40.26124496]
at minimum 68.8159 accepted 0  with params [-3.94132472 -0.9         0.05       40.2833396 ]
at minimum 101.4690 accepted 0  with params [-4.1306486  -0.9         0.05       41.02261889]
at minimum 68.5657 accepted 0  with params [-3.94615332 -0.87738527  0.05       40.77017826]
at minimum 63.2712 accepted 0  with params [-3.88680604 -0.87689198  0.05       40.59325388]
at minimum 124.0519 accepted 0  with params [-3.55473264 -0.9         0.05       36.30816067]
at minimum 93.1706 accepted 0  with params [-3.37203076 -0.9         3.         39.32405521]
at minimum 596.8331 accepted 0  with params [-3.42121534 -0.54728868  0.49569055 13.35867145]
at minimum 66.1820 accepted 0  with params [-3.76056631 -0.9         0.38378984 39.81718864]
at minimum 61.1705 accepted 1  with params [-3.86288163 -0.48040301  0.34104824 40.59774926]
at minimum 81.2864 accepted 0  with params [-4.20613439e+00 -1.77209118e-02  1.13159964e+00  4.07409360e+01]
at minimum 95.7736 accepted 0  with params [-4.28068104  0.99        0.05000005 41.24218809]
at minimum 65.4661 accepted 0  with params [-3.92448331 -0.35608271  0.63862167 40.645019  ]
at minimum 58.7730 accepted 1  with params [-3.88061102 -0.38102363  0.18942184 40.95083716]
at minimum 108.4443 accepted 0  with params [-3.56350908 -0.49604492  0.05006278 37.36756006]
at minimum 95.4450 accepted 0  with params [-4.95523662  0.99        0.05060934 39.41471926]
