at minimum 3.6473 accepted 1  with params [-4.5         0.4         3.         40.64403642]
at minimum 4.2819 accepted 1  with params [-4.9989719   0.82040124  3.         41.55184908]
at minimum 3.4580 accepted 1  with params [-4.85893587  0.65689402  2.63637752 41.87319804]
at minimum 3.6204 accepted 1  with params [-5.07977765  0.66469245  2.74806948 44.71055262]
at minimum 3.9645 accepted 1  with params [-5.39387202  0.70452849  2.93181513 47.94011664]
at minimum 5.5190 accepted 0  with params [-6.          0.99        2.86731509 39.61459437]
at minimum 4.1701 accepted 1  with params [-5.12746315  0.6072842   2.90936761 47.86914364]
at minimum 3.9494 accepted 1  with params [-4.87442744  0.49850392  3.         43.74997079]
at minimum 6.0256 accepted 0  with params [-4.79264652  0.12439774  2.65328206 45.22597406]
at minimum 3.9856 accepted 1  with params [-5.18557733  0.7839769   2.60574781 43.1579847 ]
at minimum 5.3384 accepted 0  with params [-5.65061495  0.92173147  2.35279493 43.62357538]
at minimum 9.2019 accepted 0  with params [-5.52672331  0.37852788  2.89265437 43.31424618]
at minimum 5.6509 accepted 0  with params [-5.24984423  0.99        2.47156812 39.10328896]
at minimum 5.6785 accepted 0  with params [-5.18925192  0.99        2.93388613 39.07203379]
at minimum 4.0754 accepted 1  with params [-4.4757362   0.59072602  3.         40.31540898]
at minimum 3.3900 accepted 1  with params [-4.83073865  0.62335947  3.         42.09083855]
at minimum 4.4328 accepted 1  with params [-4.9082394   0.45566562  3.         44.84163525]
at minimum 5.8372 accepted 0  with params [-4.45768062  0.91335219  3.         39.36207937]
at minimum 5.2496 accepted 0  with params [-4.97389984  0.40726786  2.83380809 46.95443084]
at minimum 4.7708 accepted 0  with params [-4.92960922  0.86568571  2.88628358 40.28857578]
at minimum 5.9744 accepted 0  with params [-4.8135709   0.99        3.         39.00843936]
at minimum 4.2753 accepted 1  with params [-4.58439918  0.28349768  3.         44.89154416]
at minimum 4.2001 accepted 1  with params [-4.21599048  0.22738088  3.         39.56299477]
at minimum 4.3372 accepted 1  with params [-4.36637418 -0.07437372  3.         39.92418424]
at minimum 4.3995 accepted 1  with params [-4.17382425  0.27573291  2.8366825  40.20454014]
at minimum 4.9094 accepted 0  with params [-4.37951998  0.69675221  3.         39.45131319]
at minimum 4.9621 accepted 1  with params [-3.87465031 -0.04781249  2.39296863 39.40999287]
at minimum 4.7125 accepted 1  with params [-4.31149629 -0.2997978   2.55284692 39.3297067 ]
at minimum 4.9433 accepted 1  with params [-4.03425092 -0.38826701  2.12329403 39.55068915]
at minimum 4.1338 accepted 1  with params [-4.44372402  0.04490629  1.77087107 39.3109307 ]
at minimum 6.8010 accepted 0  with params [-4.6398947  -0.34388207  1.59283031 42.16876086]
at minimum 3.8262 accepted 1  with params [-4.6521299   0.6312905   2.22485821 40.81967714]
at minimum 4.8286 accepted 1  with params [-4.44331114  0.70884416  2.66815336 39.48250171]
at minimum 3.4274 accepted 1  with params [-4.83968589  0.64263804  2.86931691 41.93371371]
at minimum 3.4597 accepted 1  with params [-4.72397246  0.52014309  2.58286149 41.15173523]
at minimum 3.9787 accepted 0  with params [-4.41658118  0.15718026  3.         40.59991776]
at minimum 4.4953 accepted 0  with params [-4.33090071  0.54691996  2.50792739 39.56868858]
at minimum 3.7178 accepted 1  with params [-5.1662296   0.72344898  2.78480396 44.64237442]
at minimum 3.9145 accepted 1  with params [-4.87148402  0.70809175  2.43145591 44.63089278]
at minimum 4.2902 accepted 1  with params [-4.95970669  0.48031592  2.37625496 44.87925683]
at minimum 3.7914 accepted 1  with params [-4.51601095  0.53524821  3.         40.63619373]
at minimum 3.6487 accepted 1  with params [-4.68401581  0.62845904  3.         40.58074474]
at minimum 3.5483 accepted 1  with params [-4.68925199  0.45834599  2.78997793 40.87785567]
at minimum 4.7917 accepted 0  with params [-4.92599272  0.86341041  2.37008374 40.19630918]
at minimum 3.4833 accepted 1  with params [-4.70380138  0.49363651  2.79317553 41.19774779]
at minimum 4.7127 accepted 0  with params [-5.02812106  0.87187009  2.89891817 40.62083491]
at minimum 6.0427 accepted 0  with params [-4.21432695  0.80074506  2.8181053  41.62819057]
at minimum 3.6162 accepted 1  with params [-4.55653286  0.423068    2.52395562 40.67610951]
at minimum 6.0530 accepted 1  with params [-4.72143455  0.99        3.         39.06844137]
at minimum 3.4837 accepted 1  with params [-4.77608021  0.53287107  2.7714704  41.90131497]
at minimum 4.0569 accepted 0  with params [-4.28251644  0.1282789   2.86037687 40.00801873]
at minimum 3.7918 accepted 0  with params [-5.04522405  0.7581545   3.         43.19827214]
at minimum 4.4467 accepted 1  with params [-4.98549492  0.39688479  0.20072182 41.98719606]
at minimum 7.1902 accepted 0  with params [-4.94964262 -0.11946755  0.12777969 42.04182723]
at minimum 4.6286 accepted 1  with params [-4.84418789  0.22184672  0.05       41.63269967]
at minimum 3.7799 accepted 1  with params [-4.48028453 -0.1131691   0.28545895 42.02053463]
at minimum 3.7809 accepted 1  with params [-4.56345901  0.18922671  0.8376595  42.16078408]
at minimum 3.5363 accepted 1  with params [-4.86980256  0.42013716  0.95951509 43.00041823]
at minimum 3.2882 accepted 1  with params [-4.91090941  0.56768143  0.64117667 42.53707172]
at minimum 3.6656 accepted 1  with params [-5.20683496  0.68657027  0.79853225 45.07466866]
at minimum 6.3998 accepted 0  with params [-3.7328373   0.99        0.26601698 43.06712307]
at minimum 5.7407 accepted 0  with params [-5.31289958  0.40852441  1.02237533 54.66215604]
at minimum 6.5307 accepted 0  with params [-4.43126817  0.99        0.44774332 43.96825482]
at minimum 5.5077 accepted 0  with params [-5.69096566  0.99        1.14539738 39.42516758]
at minimum 4.1465 accepted 1  with params [-5.09014926  0.30975305  0.5073842  50.54988636]
at minimum 3.8406 accepted 1  with params [-5.07546823  0.53807801  0.4608858  50.86020122]
at minimum 5.2323 accepted 1  with params [-4.55792501  0.86343283  0.75100658 39.4360208 ]
at minimum 3.2535 accepted 1  with params [-4.99934868  0.55269877  0.65048122 43.83246812]
at minimum 5.5875 accepted 0  with params [-5.3113089   0.93041312  0.86518655 43.71219327]
at minimum 3.7305 accepted 0  with params [-5.04245198  0.52651     1.06952023 44.83070796]
at minimum 3.2955 accepted 1  with params [-4.80788129  0.22371471  0.29871416 43.42715593]
at minimum 5.2383 accepted 0  with params [-5.33093728  0.99        0.05       39.61504067]
at minimum 4.4056 accepted 0  with params [-5.01991317  0.57284338  0.05       43.4266192 ]
at minimum 5.5193 accepted 0  with params [-6.         0.99       3.        39.6171318]
at minimum 3.2208 accepted 1  with params [-4.86702345  0.20922509  0.31062906 46.00142379]
at minimum 7.7718 accepted 0  with params [-4.97893970e+00 -3.36467894e-01  5.00000000e-02  5.56818397e+01]
at minimum 3.5886 accepted 1  with params [-4.96290943  0.43501811  0.22383372 45.67484784]
at minimum 4.1809 accepted 0  with params [-5.02267479  0.77400409  0.57889421 42.2088626 ]
at minimum 4.0439 accepted 1  with params [-4.61225397  0.07891701  0.39493713 46.0719061 ]
at minimum 3.2907 accepted 1  with params [-4.83189728  0.22097104  0.272206   45.18571121]
at minimum 5.7262 accepted 0  with params [-4.53190136  0.74151736  0.29064052 45.19826418]
at minimum 4.2708 accepted 0  with params [-5.33035493  0.77310437  0.52209711 45.12266714]
at minimum 4.8318 accepted 0  with params [-4.53899692 -0.22585825  0.67707947 44.63149243]
at minimum 3.3927 accepted 1  with params [-5.18370742  0.43692585  0.29286605 51.51032616]
at minimum 4.4936 accepted 0  with params [-4.92805522  0.22217441  0.47657903 51.69148252]
at minimum 5.1450 accepted 1  with params [-6.          0.79085843  0.83265642 50.80764111]
at minimum 4.6392 accepted 1  with params [-6.          0.71628722  0.82107321 51.97222489]
at minimum 5.4876 accepted 1  with params [-6.          0.99        0.59032319 39.64930123]
at minimum 5.4798 accepted 1  with params [-6.          0.99        0.48053972 39.66801492]
at minimum 5.4297 accepted 1  with params [-5.90762899  0.99        0.05       39.74432702]
at minimum 5.1761 accepted 1  with params [-6.          0.88234419  3.         43.89380266]
at minimum 6.0155 accepted 0  with params [-6.          0.69630013  2.8930616  43.90416059]
at minimum 5.5193 accepted 1  with params [-6.          0.99        3.         39.61719347]
at minimum 8.9383 accepted 0  with params [-6.          0.51418393  2.80312052 40.11461876]
at minimum 4.9553 accepted 1  with params [-6.          0.8233047   2.51873405 46.57598802]
at minimum 5.5188 accepted 0  with params [-6.          0.99        2.76432341 39.61260987]
at minimum 8.4945 accepted 0  with params [-5.87541168  0.42002441  2.06698144 46.76760921]
at minimum 4.3007 accepted 1  with params [-6.          0.58458947  2.2959336  61.84456056]
at minimum 4.2667 accepted 1  with params [-5.94040715  0.56650445  2.04624852 62.57415816]
at minimum 5.2325 accepted 0  with params [-6.          0.90416203  2.30097399 42.90319076]
at minimum 4.5605 accepted 0  with params [-5.82822135  0.774949    1.93277813 48.01334156]
