at minimum 8.3769 accepted 1  with params [-4.5         0.4         0.5000002  39.99999991]
at minimum 7.8163 accepted 1  with params [-5.8477819   0.87766099  0.05       35.30960078]
at minimum 7.8961 accepted 1  with params [-5.72787155  0.99        0.54120191 31.33774549]
at minimum 7.7876 accepted 1  with params [-5.18962304  0.9442491   0.44579251 30.86945045]
at minimum 7.8174 accepted 1  with params [-5.68165534  0.86309909  0.8042645  33.96076943]
at minimum 7.9039 accepted 1  with params [-5.86929433  0.99        1.09959855 31.27960878]
at minimum 7.9018 accepted 1  with params [-5.92387189  0.99        0.7191287  31.62491386]
at minimum 7.9000 accepted 1  with params [-5.69398834  0.99        0.74012097 31.53053626]
at minimum 7.8937 accepted 1  with params [-5.69583687  0.99        0.48887083 31.58741167]
at minimum 7.8353 accepted 1  with params [-5.65572228  0.91071777  3.         33.78297154]
at minimum 7.9103 accepted 1  with params [-5.53256158  0.82919942  2.65450645 34.66296006]
at minimum 8.0332 accepted 1  with params [-5.05404666  0.99        2.19793553 30.11686234]
at minimum 7.9572 accepted 1  with params [-5.08010723  0.97620331  1.8459852  30.30603474]
at minimum 7.9773 accepted 1  with params [-5.17053916  0.99        1.55460894 30.18223785]
at minimum 8.2845 accepted 1  with params [-5.18107701  0.74677694  1.90344823 30.46555697]
at minimum 9.8773 accepted 0  with params [-5.44923702  0.45300525  1.05216521 44.10467798]
at minimum 10.6774 accepted 0  with params [-5.13074768  0.39386423  2.20234801 30.70288116]
at minimum 7.9956 accepted 1  with params [-5.13491963  0.99        2.01034725 30.15410878]
at minimum 7.5525 accepted 1  with params [-4.80963943  0.80838918  1.85395062 32.67925535]
at minimum 8.3600 accepted 0  with params [-4.86611512  0.50537701  1.69643951 33.89331848]
at minimum 7.6838 accepted 1  with params [-5.0328952   0.85542517  1.98429171 33.17911724]
at minimum 7.5566 accepted 1  with params [-4.75269175  0.76866614  2.3254011  33.63880487]
at minimum 8.4547 accepted 1  with params [-5.18804297  0.68875664  2.43222888 35.16723718]
at minimum 8.2971 accepted 1  with params [-5.19363923  0.71909292  2.50327649 35.55471108]
at minimum 7.9068 accepted 1  with params [-5.74945029  0.99        2.21840179 31.28759087]
at minimum 7.9156 accepted 1  with params [-5.51623575  0.99        2.02268559 31.05619802]
at minimum 7.9229 accepted 1  with params [-5.43153954  0.99        1.78003464 30.34457877]
at minimum 7.9061 accepted 1  with params [-5.69229238  0.99        1.28520293 30.78176569]
at minimum 7.9037 accepted 1  with params [-6.          0.99        0.89220744 31.61209476]
at minimum 8.6345 accepted 1  with params [-5.83157412  0.74130516  1.14194642 31.33902886]
at minimum 7.9107 accepted 1  with params [-5.55609932  0.99        0.97567731 31.60613099]
at minimum 9.4260 accepted 0  with params [-5.47711839  0.51976341  1.18513597 42.28509677]
at minimum 7.8975 accepted 1  with params [-5.56332597  0.99        0.51207945 31.78348383]
at minimum 7.8885 accepted 1  with params [-5.81937663  0.99        0.05       31.73856377]
at minimum 7.8315 accepted 1  with params [-5.21512037  0.99        0.05       31.23546947]
at minimum 7.8084 accepted 1  with params [-5.09600243  0.99        0.05000006 31.61662434]
at minimum 7.8360 accepted 1  with params [-5.24526302  0.99        0.05       31.65294655]
at minimum 7.8809 accepted 1  with params [-5.6966973   0.99        0.05       31.72679053]
at minimum 7.8961 accepted 1  with params [-5.76896821  0.99        0.50967089 31.53684626]
at minimum 8.0413 accepted 1  with params [-5.290477    0.72961374  0.92794908 35.47812278]
at minimum 7.7576 accepted 1  with params [-5.21831733  0.84808922  1.25761873 32.84120839]
at minimum 7.4200 accepted 1  with params [-5.40285973  0.70346785  0.05       38.71876668]
at minimum 7.8126 accepted 1  with params [-5.11200958  0.99        0.07109347 31.61385005]
at minimum 7.1709 accepted 1  with params [-4.78877758  0.68039999  0.05       33.87278819]
at minimum 7.9101 accepted 0  with params [-4.92170193  0.99        0.53548758 31.00248408]
at minimum 7.8342 accepted 0  with params [-4.62394364  0.99        0.30502357 33.56299622]
at minimum 7.4685 accepted 1  with params [-4.56153293  0.7249612   0.28154386 34.23797259]
at minimum 6.8137 accepted 1  with params [-4.70362545  0.45115292  0.05       34.30969654]
at minimum 7.5379 accepted 1  with params [-4.79318897  0.81039346  0.4090285  34.44149161]
at minimum 7.5291 accepted 1  with params [-4.33148453  0.74890844  0.24870377 31.54534074]
at minimum 6.8921 accepted 1  with params [-4.55434321  0.30272453  0.05       33.50046068]
at minimum 7.3145 accepted 1  with params [-4.75840987  0.75563553  0.05000001 33.49152817]
at minimum 7.7320 accepted 0  with params [-4.54958902  0.99        0.05       33.67544189]
at minimum 6.5890 accepted 1  with params [-4.82495914  0.29620784  0.0580461  36.05995779]
at minimum 8.3737 accepted 0  with params [-5.11809316e+00 -3.34133038e-02  5.00000000e-02  3.58808150e+01]
at minimum 7.3365 accepted 0  with params [-4.98113694  0.74369061  0.10599529 35.4081547 ]
at minimum 7.3280 accepted 1  with params [-4.68316114  0.54304811  0.27260188 36.56967317]
at minimum 7.6742 accepted 1  with params [-4.39735169  0.2900245   1.44430293 32.99874055]
at minimum 7.6800 accepted 1  with params [-4.37891051  0.21751703  0.9514175  32.58159812]
at minimum 7.5587 accepted 1  with params [-4.23898778  0.23643954  0.5679297  30.33910279]
at minimum 7.6794 accepted 1  with params [-4.61162465  0.99        0.05       31.49329118]
at minimum 7.6643 accepted 1  with params [-4.46242464  0.99        0.05       30.49341334]
at minimum 7.7629 accepted 1  with params [-4.30476694  0.99        0.35533625 31.00131022]
at minimum 7.8688 accepted 1  with params [-3.83423304  0.47053664  0.23749687 30.87764672]
at minimum 7.3856 accepted 1  with params [-4.62726864  0.52771281  0.59450947 32.31468652]
at minimum 7.6072 accepted 1  with params [-4.94602864  0.89798546  0.08021934 32.30654354]
at minimum 7.8520 accepted 0  with params [-5.20584377  0.99        0.05000019 32.63274877]
at minimum 6.9396 accepted 1  with params [-4.45113912 -0.9         0.05926978 32.37368756]
at minimum 6.7018 accepted 1  with params [-4.62585739 -0.45487833  0.05       32.00186946]
at minimum 8.2924 accepted 1  with params [-4.58319042 -0.9         0.40087954 33.89356478]
at minimum 9.3823 accepted 0  with params [-4.48554826 -0.9         0.83769013 34.26138193]
at minimum 13.1584 accepted 0  with params [-4.81517755 -0.9         0.61834632 32.20046399]
at minimum 6.3737 accepted 1  with params [-4.78801981e+00  2.77672666e-03  5.05108882e-02  3.90643244e+01]
at minimum 8.1870 accepted 0  with params [-5.31572632  0.21198126  0.10297809 39.03054261]
at minimum 7.9193 accepted 0  with params [-5.22914939  0.99        0.76420489 30.52777631]
at minimum 6.5912 accepted 1  with params [-5.11124985 -0.07847211  0.06586674 54.62185873]
at minimum 9.6162 accepted 0  with params [-4.96772291e+00  4.19844646e-01  5.00000484e-02  5.41017717e+01]
at minimum 6.2298 accepted 1  with params [-4.79921327 -0.22358339  0.05       40.550265  ]
at minimum 6.3903 accepted 1  with params [-5.05696641e+00  4.30412942e-02  5.00379337e-02  4.68016082e+01]
at minimum 6.8253 accepted 1  with params [-4.89530093 -0.42881242  0.07224869 46.73147008]
at minimum 8.4756 accepted 0  with params [-4.93356583 -0.72288483  0.05       46.51097558]
at minimum 8.2056 accepted 0  with params [-4.85001322 -0.9         0.05       46.10909111]
at minimum 7.1916 accepted 1  with params [-4.69192388 -0.85427164  0.05010695 47.15912339]
at minimum 6.7604 accepted 1  with params [-4.7833133  -0.57235585  0.05000017 46.7261245 ]
at minimum 7.8548 accepted 0  with params [-5.22381179  0.99        0.30106305 31.48892434]
at minimum 6.6516 accepted 1  with params [-5.00661152e+00 -2.26616939e-01  5.00000000e-02  5.19067799e+01]
at minimum 6.3635 accepted 1  with params [-5.09927309e+00  1.16728055e-02  6.45396844e-02  5.24645653e+01]
at minimum 15.7437 accepted 0  with params [-5.21262071 -0.28434321  0.57096215 51.96595163]
at minimum 7.8737 accepted 1  with params [-5.59119289  0.99        0.05002863 31.71418897]
at minimum 7.8088 accepted 1  with params [-5.05429315  0.99        0.05       32.00901389]
at minimum 7.8509 accepted 1  with params [-5.44097557  0.98186551  0.05       31.88630199]
at minimum 7.8572 accepted 1  with params [-5.25855251  0.99        0.1058729  32.34608129]
at minimum 7.8517 accepted 1  with params [-5.28463021  0.99        0.05000021 32.06553651]
at minimum 7.6128 accepted 1  with params [-5.29816024  0.84495534  0.05       35.06019493]
at minimum 6.6607 accepted 1  with params [-4.97655452  0.3860287   0.05129252 37.78297153]
at minimum 7.3604 accepted 1  with params [-4.66651845  0.48809315  0.15393039 38.20549621]
at minimum 7.3496 accepted 1  with params [-4.38903487  0.26707409  0.30370449 31.99201364]
at minimum 7.5369 accepted 1  with params [-4.90130793  0.1351323   0.25931749 32.53091052]
at minimum 9.2040 accepted 0  with params [-5.07144984  0.32931226  0.63940542 33.05204545]
at minimum 6.9331 accepted 1  with params [-4.73622987  0.22099499  0.26661684 34.60528072]
at minimum 7.0163 accepted 1  with params [-4.69716069 -0.56538716  0.17720661 34.52758676]
