at minimum 6.4548 accepted 1  with params [-4.5         0.4         0.34250203 39.61437799]
at minimum 6.0866 accepted 1  with params [-4.82184804  0.40106006  0.11048729 39.56778952]
at minimum 6.5721 accepted 1  with params [-4.92444534  0.72443098  0.14350633 39.41349781]
at minimum 7.1946 accepted 0  with params [-4.54639835  0.99        0.05000013 39.54536332]
at minimum 7.2726 accepted 0  with params [-5.02149509  0.99        0.05       39.02109123]
at minimum 9.1560 accepted 0  with params [-5.18413305  0.38282767  0.49623012 39.40089933]
at minimum 6.2552 accepted 1  with params [-4.72664273  0.58723234  0.05959095 39.14130406]
at minimum 7.1347 accepted 1  with params [-4.33361029  0.93428289  0.05       38.84003495]
at minimum 7.5003 accepted 1  with params [-4.03117993  0.99        0.0500001  38.52678832]
at minimum 7.4655 accepted 1  with params [-4.05731761  0.99        0.05       38.9195136 ]
at minimum 6.7923 accepted 1  with params [-4.86074687  0.84800422  0.05132888 39.94378309]
at minimum 7.1919 accepted 1  with params [-4.44755038  0.99        0.05       38.91238878]
at minimum 7.1996 accepted 1  with params [-4.72023397  0.99        0.11672312 39.36136934]
at minimum 6.3024 accepted 1  with params [-4.73056196  0.62337397  0.05       39.0676079 ]
at minimum 7.2142 accepted 0  with params [-4.38300255  0.99        0.05       38.84001621]
at minimum 6.3569 accepted 1  with params [-4.92822887  0.22456186  0.10076697 39.5013095 ]
at minimum 8.0881 accepted 0  with params [-5.12543444  0.42908357  0.39196012 39.04872178]
at minimum 7.3332 accepted 1  with params [-5.25903129  0.99        0.05       39.10051011]
at minimum 7.2415 accepted 1  with params [-4.92220457  0.99        0.05       38.98951415]
at minimum 6.4833 accepted 1  with params [-4.79999542  0.74717985  0.13452771 40.37747851]
at minimum 7.5642 accepted 0  with params [-4.33208526  0.89461537  0.61273816 40.79784906]
at minimum 7.1671 accepted 0  with params [-4.64929356  0.99        0.05       38.9280263 ]
at minimum 6.4651 accepted 1  with params [-4.82966557  0.73668577  0.08026923 40.66904135]
at minimum 7.3291 accepted 0  with params [-4.45922659  0.99        0.08385925 40.96162957]
at minimum 6.7241 accepted 1  with params [-5.00126179  0.7431706   0.4295686  41.45508031]
at minimum 7.3638 accepted 1  with params [-5.39055211  0.99        0.05       39.1405992 ]
at minimum 6.5129 accepted 1  with params [-4.72591776  0.75488419  0.06263057 39.64288147]
at minimum 5.8168 accepted 1  with params [-5.10128763e+00  2.99132733e-01  5.00000000e-02  5.05506766e+01]
at minimum 7.0323 accepted 0  with params [-5.61040569  0.71130405  0.05862183 50.61418696]
at minimum 6.1052 accepted 1  with params [-4.81915069  0.07102903  0.05718034 50.38040297]
at minimum 5.7403 accepted 1  with params [-4.85995929e+00  3.85475864e-02  8.00197655e-02  5.01467387e+01]
at minimum 5.3736 accepted 1  with params [-4.95551206e+00 -3.74064467e-02  5.00000783e-02  5.03038347e+01]
at minimum 6.4146 accepted 1  with params [-4.79871596e+00 -9.00000000e-01  5.00000000e-02  5.02794295e+01]
at minimum 11.6571 accepted 0  with params [-5.28014690e+00 -4.84033177e-01  5.00000026e-02  9.00000000e+01]
at minimum 6.8491 accepted 1  with params [-4.8312906  -0.9         0.05       49.27740126]
at minimum 7.4019 accepted 0  with params [-5.20090771  0.99        0.40338671 38.85229083]
at minimum 17.5377 accepted 0  with params [-5.25752446 -0.76680404  0.15717557 49.40984675]
at minimum 10.0114 accepted 0  with params [-4.99945251e+00 -9.00000000e-01  5.01269125e-02  5.71561590e+01]
at minimum 18.3251 accepted 0  with params [-5.25452936 -0.9         0.05       48.7855915 ]
at minimum 9.7151 accepted 0  with params [-5.40154354  0.99        3.         46.86505703]
at minimum 7.2676 accepted 0  with params [-4.95638063 -0.62951711  0.05       49.69234864]
at minimum 6.1101 accepted 1  with params [-4.3426729  -0.76982484  0.06688581 40.39188083]
at minimum 4.9501 accepted 1  with params [-4.61909656 -0.62221594  0.05000001 40.69312638]
at minimum 6.4975 accepted 0  with params [-4.59003082 -0.66997463  0.33552742 39.05958073]
at minimum 6.3117 accepted 1  with params [-4.30538821 -0.76316755  0.05290668 40.23118813]
at minimum 5.6627 accepted 1  with params [-4.44984664 -0.55450569  0.05       40.01254503]
at minimum 7.6971 accepted 0  with params [-4.93546478 -0.49330444  0.11406473 39.87442911]
at minimum 6.2042 accepted 1  with params [-4.8080528  -0.65772387  0.05       39.94697523]
at minimum 7.3386 accepted 0  with params [-5.15815332  0.99        0.05000001 39.99175778]
at minimum 7.5788 accepted 1  with params [-5.27085563  0.99        3.         38.62464851]
at minimum 7.5398 accepted 1  with params [-5.40005536  0.99        3.         38.70584063]
at minimum 7.6770 accepted 1  with params [-5.08687518  0.99        3.         38.49096167]
at minimum 7.5186 accepted 1  with params [-5.52055635  0.99        3.         38.77767753]
at minimum 7.5075 accepted 1  with params [-5.64009482  0.99        3.         38.90149258]
at minimum 7.5013 accepted 1  with params [-6.          0.99        2.89270325 39.11422656]
at minimum 7.5012 accepted 1  with params [-5.82543959  0.99        2.58765633 39.02589415]
at minimum 7.5287 accepted 1  with params [-5.47139193  0.99        2.42059452 38.77071246]
at minimum 7.5007 accepted 1  with params [-5.88975927  0.99        2.53468752 39.05818837]
at minimum 8.1703 accepted 1  with params [-6.          0.52510467  3.         64.68605478]
at minimum 7.3736 accepted 1  with params [-5.63180045  0.8202764   3.         44.32921476]
at minimum 7.5430 accepted 1  with params [-5.38627047  0.99        3.         38.69813101]
at minimum 7.8589 accepted 0  with params [-4.87912464  0.99        2.71868848 38.4465126 ]
at minimum 7.5294 accepted 1  with params [-5.45390445  0.99        2.91597034 38.7349047 ]
at minimum 7.5931 accepted 1  with params [-5.26585731  0.99        3.         39.09586631]
at minimum 7.5053 accepted 1  with params [-5.68087105  0.99        3.         38.95015113]
at minimum 7.3312 accepted 1  with params [-5.14495052  0.94287645  2.95339548 39.43476917]
at minimum 7.2057 accepted 1  with params [-5.25974663  0.8718995   2.84354855 40.79008562]
at minimum 7.5010 accepted 1  with params [-6.          0.99        2.6278347  39.10932738]
at minimum 7.5140 accepted 1  with params [-5.57208805  0.99        2.51932371 38.79643453]
at minimum 9.7691 accepted 0  with params [-5.70350716  0.459602    1.99282562 61.36368718]
at minimum 7.2489 accepted 1  with params [-5.14899455  0.82924028  2.01209783 38.74364544]
at minimum 7.5348 accepted 1  with params [-5.43808337  0.99        2.51464563 38.71628119]
at minimum 7.5035 accepted 1  with params [-5.73178635  0.99        2.60137333 38.92808893]
at minimum 8.6655 accepted 0  with params [-5.7928354   0.542015    2.07975937 57.9161065 ]
at minimum 7.4690 accepted 1  with params [-6.          0.97194343  2.24399049 39.7515239 ]
at minimum 8.5354 accepted 1  with params [-5.57080945  0.61995967  2.75358893 50.1627009 ]
at minimum 7.5043 accepted 1  with params [-5.70636293  0.99        3.         38.96668155]
at minimum 8.7556 accepted 0  with params [-5.52419102  0.60492386  2.62829623 50.29633694]
at minimum 8.1662 accepted 0  with params [-6.          0.52580809  3.         64.62179666]
at minimum 7.5011 accepted 1  with params [-6.          0.99        2.67879425 39.11023885]
at minimum 7.5010 accepted 1  with params [-5.92141129  0.99        3.         39.08326515]
at minimum 7.5010 accepted 1  with params [-5.90954168  0.99        3.         39.07785766]
at minimum 7.6500 accepted 1  with params [-6.          0.63577743  2.90343869 56.86181356]
at minimum 7.5020 accepted 1  with params [-5.79026677  0.99        3.         39.01696138]
at minimum 7.5014 accepted 1  with params [-6.         0.99       3.        39.1162745]
at minimum 7.5014 accepted 1  with params [-5.99661316  0.99        3.         39.11497155]
at minimum 7.5014 accepted 1  with params [-6.          0.99        3.         39.11629921]
at minimum 7.5011 accepted 1  with params [-5.93356322  0.99        2.99623616 39.08860247]
at minimum 7.5236 accepted 1  with params [-5.48522463  0.99        3.         38.75607161]
at minimum 8.0437 accepted 1  with params [-5.23322169  0.69880884  2.4602455  43.02781976]
at minimum 7.2025 accepted 1  with params [-4.43186451  0.98848652  0.05       39.36390206]
at minimum 7.1815 accepted 1  with params [-4.62247116  0.99        0.05       39.43062245]
at minimum 6.1763 accepted 1  with params [-4.85562315  0.60992689  0.05548636 41.97031468]
at minimum 6.9096 accepted 1  with params [-4.99764206  0.84697265  0.36006913 41.2913679 ]
at minimum 6.3165 accepted 1  with params [-4.98171373  0.60177261  0.14657295 41.39471659]
at minimum 6.4128 accepted 0  with params [-5.1359985   0.64573626  0.13295223 44.82574929]
at minimum 7.0857 accepted 0  with params [-5.35865279  0.68691324  0.13541391 41.45286172]
at minimum 5.5168 accepted 1  with params [-4.4560993  -0.9         0.05091268 40.91280534]
at minimum 5.3589 accepted 1  with params [-4.49769952 -0.9         0.05845951 39.46889041]
at minimum 5.2326 accepted 1  with params [-4.52142971 -0.9         0.05000223 39.84078223]
at minimum 9.7091 accepted 0  with params [-4.77600096 -0.65753868  0.55213375 39.74449328]
