at minimum 27.6879 accepted 1  with params [-4.5         0.4         3.         26.39701156]
at minimum 13.2865 accepted 1  with params [-4.75364178  0.30124479  2.85553792 29.45776283]
at minimum 23.3806 accepted 0  with params [-4.85411586  0.54014238  2.75487796 28.43819548]
at minimum 23.0050 accepted 0  with params [-4.33341674 -0.27992529  3.         26.31674125]
at minimum 24.6958 accepted 0  with params [-4.2834821  -0.16350637  3.         26.08993334]
at minimum 22.4336 accepted 0  with params [-5.17567753  0.50196984  3.         33.15423777]
at minimum 13.1220 accepted 1  with params [-4.86535819  0.30712219  3.         31.03301048]
at minimum 31.5037 accepted 0  with params [-4.84657658  0.63420015  2.56672463 27.12251202]
at minimum nan accepted 1  with params [-4.78579351 -0.07714283  2.61068526 30.76748143]
at minimum 64.9751 accepted 1  with params [-5.18365651  0.99        2.81622059 22.77736447]
at minimum 38.1327 accepted 1  with params [-4.75593658  0.6537013   1.02016547 25.85943466]
at minimum 37.5275 accepted 1  with params [-4.97537185  0.70197852  1.49926639 25.58254996]
at minimum nan accepted 1  with params [-5.15465693  0.9002041   1.37058557 25.91990562]
at minimum 55.0386 accepted 1  with params [-5.28482972  0.89028078  1.3334084  24.76143625]
at minimum 35.8608 accepted 1  with params [-5.28742697  0.67295478  1.03575868 29.53584768]
at minimum 42.0712 accepted 0  with params [-5.14334145  0.76315711  3.         27.13221905]
at minimum nan accepted 1  with params [-5.06394439  0.37699173  1.01044857 29.1904543 ]
at minimum nan accepted 1  with params [-4.83267901  0.28518399  0.96809181 30.18039971]
at minimum 11.5631 accepted 1  with params [-4.83552403  0.08349665  0.56759984 30.80996643]
at minimum 15.0788 accepted 0  with params [-4.53586950e+00  1.44603406e-02  3.00000000e+00  2.83018206e+01]
at minimum nan accepted 1  with params [-4.79550338 -0.40526117  0.75679689 30.82880497]
at minimum nan accepted 1  with params [-5.14428304 -0.79245993  0.77775697 30.68321079]
at minimum 66.5919 accepted 1  with params [-5.00928212  0.99        3.         22.60620343]
at minimum 63.1411 accepted 1  with params [-5.81058478  0.99        2.7220835  23.17338088]
at minimum 60.4533 accepted 1  with params [-6.          0.89892741  2.84620057 25.48842671]
at minimum nan accepted 1  with params [-5.59477135  0.76978727  2.74796014 25.32640824]
at minimum 26.4532 accepted 1  with params [-5.09887255  0.591204    2.85239824 30.26100353]
at minimum 26.1743 accepted 1  with params [-5.01960831  0.59403477  2.88411603 29.41963353]
at minimum 43.6220 accepted 0  with params [-5.32305344  0.76078575  2.55465798 27.93872563]
at minimum nan accepted 1  with params [-5.25123604  0.34140467  3.         29.68320314]
at minimum 25.7681 accepted 1  with params [-5.30826157  0.52355425  2.61885139 34.22624214]
at minimum nan accepted 1  with params [-5.69567952  0.07163002  2.16338191 34.0289215 ]
at minimum 63.1136 accepted 1  with params [-6.          0.99        2.00526759 23.2218887 ]
at minimum 50.4238 accepted 1  with params [-5.58167932  0.79439209  2.43022345 27.92089701]
at minimum 70.8293 accepted 0  with params [-4.72307754  0.99        2.61644669 22.29189389]
at minimum 65.5078 accepted 0  with params [-5.13637636  0.99        1.93786876 22.71300197]
at minimum 63.1323 accepted 0  with params [-5.85716331  0.99        2.79527272 23.18965376]
at minimum 63.1133 accepted 0  with params [-6.          0.99        1.99859741 23.22186735]
at minimum nan accepted 1  with params [-5.38609031  0.32325236  2.24453901 27.84491064]
at minimum 42.5506 accepted 1  with params [-5.21859171  0.1412673   2.22428201 38.28923153]
at minimum nan accepted 1  with params [-5.58957041  0.61046736  2.19581481 38.5549307 ]
at minimum 28.8977 accepted 1  with params [-5.44953996  0.53607982  1.83069417 35.28002303]
at minimum 22.2868 accepted 1  with params [-5.32139013  0.43110528  1.97600611 36.4823278 ]
at minimum 16.6974 accepted 1  with params [-5.07804168  0.40713967  2.12404403 32.66429049]
at minimum 27.0056 accepted 0  with params [-5.41766639  0.51560748  1.76599888 35.4924323 ]
at minimum 40.7499 accepted 0  with params [-4.65462538  0.66160842  2.18262903 25.35377933]
at minimum 22.5151 accepted 0  with params [-5.15446833  0.31772998  2.32991749 32.25049587]
at minimum 22.5184 accepted 0  with params [-5.04723416  0.54155695  2.61969093 30.45622231]
at minimum 49.8245 accepted 0  with params [-4.84075017  0.81444395  2.32158236 24.68582068]
at minimum 11.8136 accepted 1  with params [-4.80378175  0.14717423  1.63638839 30.13951414]
at minimum 23.0336 accepted 0  with params [-4.64005624  0.40036731  2.10129118 27.19784424]
at minimum 14.6570 accepted 0  with params [-4.60635188  0.07709896  1.9501722  28.07861312]
at minimum nan accepted 1  with params [-5.23485745  0.27294885  2.14037124 29.85786072]
at minimum 15.5095 accepted 1  with params [-4.98876268  0.3975268   2.5331798  31.68214542]
at minimum 55.8808 accepted 0  with params [-6.          0.77602606  2.32468606 29.28098748]
at minimum 59.7372 accepted 0  with params [-4.91297294  0.91880416  2.96904618 23.54942908]
at minimum 19.6444 accepted 0  with params [-5.14998899  0.40698746  2.58703025 32.63225035]
at minimum 23.8816 accepted 0  with params [-5.09622309  0.55665338  2.45745094 30.3968357 ]
at minimum 64.5490 accepted 0  with params [-4.50089708  0.87703432  1.99181675 22.96307374]
at minimum 37.3923 accepted 0  with params [-4.47804221  0.51213235  2.42297548 25.39514888]
at minimum 27.2395 accepted 0  with params [-5.39526977  0.52555579  2.05587291 35.0101774 ]
at minimum 13.6323 accepted 1  with params [-4.60200601  0.12338216  2.95334585 28.42241037]
at minimum 26.2934 accepted 0  with params [-4.24552288 -0.2805431   3.         25.84654448]
at minimum 68.5933 accepted 0  with params [-4.81431313 -0.32779056  3.         27.92205504]
at minimum 19.0728 accepted 0  with params [-5.0248766   0.24330386  2.69504598 33.849643  ]
at minimum 15.7315 accepted 0  with params [-4.79193344  0.39574712  3.         29.35872482]
at minimum 14.5099 accepted 0  with params [-4.7553075   0.34574367  2.94153533 29.25269223]
at minimum 17.2228 accepted 0  with params [-5.01161524  0.43601408  3.         31.89244961]
at minimum 70.0297 accepted 0  with params [-4.9000342  -0.22257196  2.91065423 29.49914959]
at minimum 33.4949 accepted 0  with params [-4.10589939 -0.38308245  2.65001014 25.07962343]
at minimum 27.5346 accepted 0  with params [-5.08752089  0.60645729  2.93627896 29.89514668]
at minimum nan accepted 1  with params [-4.59798421 -0.40210774  2.5783325  28.67238832]
at minimum 33.3666 accepted 1  with params [-4.08959174 -0.45862329  3.         25.04451784]
at minimum 28.3114 accepted 1  with params [-4.20376761 -0.36486114  3.         25.58424474]
at minimum 29.5962 accepted 0  with params [-4.20718577 -0.41315515  2.44986457 25.43983098]
at minimum 24.6049 accepted 1  with params [-4.52396203 -0.34532779  2.6462607  27.0977793 ]
at minimum 107.4103 accepted 0  with params [-4.96337118 -0.29530687  3.         28.12020315]
at minimum 173.6215 accepted 0  with params [-4.88186927 -0.83095114  2.27855435 19.34697494]
at minimum 32.5947 accepted 0  with params [-4.14438374 -0.33944727  2.32663892 25.18857426]
at minimum 12.4417 accepted 1  with params [-4.69999817  0.14328862  2.32025347 29.11930805]
at minimum 31.5444 accepted 0  with params [-4.97359823  0.65206159  2.23738962 27.75833968]
at minimum 12.4472 accepted 1  with params [-4.72038871  0.19570804  2.33712839 29.07254255]
at minimum 11.9700 accepted 1  with params [-4.76974575  0.18144388  2.22065072 29.81602793]
at minimum 34.0969 accepted 0  with params [-5.16876629  0.67763875  2.27301637 29.08828521]
at minimum nan accepted 1  with params [-4.72078308  0.05168152  2.71542375 29.29565004]
at minimum 26.6990 accepted 1  with params [-4.28046144 -0.43821552  3.         25.81706594]
at minimum nan accepted 1  with params [-4.19909466 -0.9         2.61900408 25.95604147]
at minimum 48.0903 accepted 1  with params [-3.80913705 -0.9         2.35899944 23.80901083]
at minimum 24.5245 accepted 1  with params [-4.34436396 -0.3386874   2.20238299 26.11731838]
at minimum 24.4666 accepted 1  with params [-4.35814077 -0.34431953  1.95356394 26.14409099]
at minimum 37.0378 accepted 0  with params [-4.06866365 -0.41160626  1.86187507 24.79010709]
at minimum 28.6816 accepted 0  with params [-4.27377939 -0.21253271  1.49174954 25.68528723]
at minimum 26.2623 accepted 0  with params [-4.28118747 -0.28759018  2.35853834 25.86571013]
at minimum 32.1112 accepted 0  with params [-4.15142975 -0.4191145   2.36397401 25.18978861]
at minimum 45.6367 accepted 0  with params [-4.00322098 -0.0670535   1.7779048  25.77079501]
at minimum 52.2243 accepted 0  with params [-3.9598753   0.19390202  2.28362802 23.86265275]
at minimum nan accepted 1  with params [-4.23731177 -0.44951207  2.30321349 26.59094469]
at minimum 52.0136 accepted 1  with params [-3.73570787 -0.9         2.07714559 23.61329753]
at minimum 40.4200 accepted 1  with params [-4.06172877 -0.9         1.81187287 24.2583719 ]
at minimum 51.9215 accepted 0  with params [-3.7192955  -0.74538629  2.29225211 23.69436695]
at minimum nan accepted 1  with params [-4.54437894 -0.56110895  2.01103057 23.73696026]
