at minimum 188.9400 accepted 1  with params [-4.49999999  0.4         0.50000002 40.0000004   1.          1.00000001]
at minimum 222.1508 accepted 0  with params [-4.89547851  0.71006634  0.93321443 39.80335419  0.93655639  0.57132271]
at minimum 187.5834 accepted 1  with params [-4.01126813  0.37565768  0.26377797 39.9512366   1.40052063  1.29209849]
at minimum 201.2211 accepted 0  with params [-4.1618909   0.53755084  0.21533372 40.21174928  1.09830055  1.79109422]
at minimum 190.6768 accepted 0  with params [-3.69394198  0.40836056  0.69277881 40.43787105  1.57281418  1.35896902]
at minimum 182.3799 accepted 1  with params [-3.54853178  0.19795582  0.59504803 40.1760437   1.71871689  1.24073969]
at minimum 217.4334 accepted 0  with params [-4.00018316  0.66441032  1.09489316 40.26941595  2.          1.58901997]
at minimum 202.7040 accepted 0  with params [-3.66101138  0.55482187  0.78424272 40.12432377  1.74925642  1.72822795]
at minimum 183.0594 accepted 0  with params [-3.46174754  0.25564068  0.9464658  40.18301429  1.22109264  1.34140015]
at minimum 210.8479 accepted 0  with params [-3.40239237  0.6166544   0.59530939 40.2606697   1.98586473  1.40383605]
at minimum 181.8917 accepted 1  with params [-3.36515695  0.158301    0.62985786 39.84407818  1.99999877  1.47497337]
at minimum 188.8860 accepted 0  with params [-3.65359837e+00 -3.55380833e-02  3.66538589e-01  3.97688521e+01
  1.91114131e+00  1.14499772e+00]
at minimum 213.9948 accepted 0  with params [-3.26595216 -0.27871145  1.01950172 40.12333589  2.          1.18149352]
at minimum 186.4509 accepted 0  with params [-3.24942061  0.36787711  0.50978182 39.66406448  1.71452706  1.58331294]
at minimum 197.9715 accepted 0  with params [-3.10696804  0.52994617  0.68119828 39.39559462  1.58258591  1.53626842]
at minimum 209.4907 accepted 0  with params [-3.7740827   0.62633555  0.89065166 39.61322862  1.86002066  1.04407051]
at minimum 208.5720 accepted 0  with params [-3.43445998  0.59996865  0.48005796 40.21143023  1.99999995  1.7679561 ]
at minimum 182.3390 accepted 0  with params [-3.61181823  0.15939854  0.25297664 40.10779606  1.85415685  1.12652737]
at minimum 190.1997 accepted 0  with params [-3.77414891 -0.05974346  0.4396551  39.48478682  1.99999913  1.66437118]
at minimum 196.1639 accepted 0  with params [-3.         -0.12547031  0.89303967 39.95900148  1.99999763  1.00855798]
at minimum 185.6056 accepted 0  with params [-3.15810551  0.34967715  0.22272744 39.69796093  1.51081712  1.81139081]
at minimum 212.8958 accepted 0  with params [-3.10918217  0.64931931  1.00575732 39.67866039  1.99999989  0.99771976]
at minimum 201.3506 accepted 0  with params [-3.49366779  0.55713749  0.78986859 39.6154947   1.99999991  1.17772965]
at minimum 182.2337 accepted 1  with params [-3.          0.19169882  0.36750213 40.04714583  1.82045982  1.89702733]
at minimum 182.8340 accepted 0  with params [-3.09602802  0.25421719  0.68496232 40.03209574  1.36520137  1.65411111]
at minimum 219.4539 accepted 0  with params [-3.26325778  0.67521371  0.05       40.38572803  1.70770861  2.        ]
at minimum 182.9200 accepted 1  with params [-3.00000034  0.24908944  0.05000054 40.04243219  1.41298748  1.99999966]
at minimum 184.3436 accepted 1  with params [-3.          0.32653768  0.05       39.59434691  1.03582468  2.        ]
at minimum 193.7012 accepted 0  with params [-3.40763273  0.46734921  0.05       39.87983496  1.53192652  2.        ]
at minimum 191.6909 accepted 0  with params [-3.0000001   0.45025974  0.05342754 39.65827391  0.84656001  1.99999993]
at minimum 182.4555 accepted 1  with params [-3.          0.2802371   0.05       39.38276627  0.922202    1.9137435 ]
at minimum 181.0692 accepted 1  with params [-3.00000006  0.17875279  0.05000006 39.12233259  0.8780561   1.86161362]
at minimum 215.5766 accepted 0  with params [-3.00000002  0.6751675   0.05000002 39.48605539  0.92114458  1.99574931]
at minimum 200.5630 accepted 0  with params [-3.00000084  0.55081627  0.05000082 39.54059139  0.92826431  2.        ]
at minimum 193.1838 accepted 0  with params [-3.00000039  0.48039233  0.05000038 39.30881014  0.50709785  1.8333049 ]
at minimum 189.3968 accepted 0  with params [-3.35287086  0.44081081  0.05000025 38.8188901   0.59505318  1.80023255]
at minimum 194.4521 accepted 0  with params [-3.20866451 -0.11657866  0.47431168 39.20155376  0.98482369  2.        ]
at minimum 182.6902 accepted 0  with params [-3.00000155  0.29300845  0.05000153 39.23728739  0.87464666  1.76533397]
at minimum 202.5016 accepted 0  with params [-3.09248431  0.58047008  0.42082387 39.1148708   1.26199612  2.        ]
at minimum 181.4818 accepted 1  with params [-3.          0.12307186  0.05       38.88907895  0.63527838  1.42451542]
at minimum 217.0379 accepted 0  with params [-3.3673136  -0.31286363  0.05       39.21434612  1.10780758  0.99753098]
at minimum 199.9455 accepted 0  with params [-3.          0.56295162  0.05       38.80634083  0.4959629   1.06557643]
at minimum 182.8386 accepted 0  with params [-3.00000014  0.30044729  0.05000013 39.15338131  0.76004803  1.69345804]
at minimum 204.2817 accepted 0  with params [-3.47479592  0.59556682  0.05000038 39.1381218   0.31435965  1.47391075]
at minimum 194.3197 accepted 0  with params [-3.17161902  0.49010952  0.54512039 39.32818858  0.34515104  1.76878094]
at minimum 183.0614 accepted 0  with params [-3.35313334  0.07550685  0.05       39.37333394  0.17708583  1.45914189]
at minimum 184.2389 accepted 0  with params [-3.          0.35826143  0.05000012 38.4185846   0.26700139  1.32842998]
at minimum 182.9565 accepted 0  with params [-3.28844894  0.32147985  0.24656718 38.67368812  1.03752498  1.7086752 ]
at minimum 186.3870 accepted 0  with params [-3.44703856e+00 -5.97822318e-03  3.72212238e-01  3.90479133e+01
  1.00054415e+00  1.26367661e+00]
at minimum 200.9283 accepted 0  with params [-3.          0.56857187  0.22487853 39.05172831  1.03050913  1.50067415]
at minimum 202.8561 accepted 0  with params [-3.         -0.20196935  0.17034311 39.09784704  0.92453247  1.43941561]
at minimum 181.6389 accepted 1  with params [-3.          0.26826775  0.39570536 38.92433484  0.47494746  1.85396196]
at minimum 208.8313 accepted 0  with params [-3.          0.64306059  0.83575839 38.76690716  0.36648374  1.5960596 ]
at minimum 204.9618 accepted 0  with params [-3.37444564  0.59921395  0.78108437 39.21211215  0.75997763  2.        ]
at minimum 184.2982 accepted 0  with params [-3.10605833e+00  3.67125059e-02  2.93823807e-01  3.90913141e+01
  2.38372775e-01  1.45703025e+00]
at minimum 188.9117 accepted 0  with params [-3.12561825 -0.04803145  0.83218088 38.48919918  0.30238558  1.84474711]
at minimum 181.9768 accepted 1  with params [-3.36569083  0.09896667  0.06246432 38.69805697  0.47370868  1.72987266]
at minimum 185.4404 accepted 0  with params [-3.60209814  0.37325519  0.48126114 38.81233459  0.49768493  1.67533908]
at minimum 183.0919 accepted 1  with params [-3.6710288   0.06709243  0.17101463 38.96275716  0.10306871  1.74296752]
at minimum 181.8931 accepted 1  with params [-3.38475119  0.10116531  0.19223614 38.71770241  0.4710876   1.61870279]
at minimum 198.3478 accepted 0  with params [-3.34048976  0.54450368  0.05000094 38.95587356  0.25772134  1.86902401]
at minimum 180.9475 accepted 1  with params [-3.38119183  0.17129613  0.45716962 38.96458593  0.06608625  1.55684099]
at minimum 183.5455 accepted 1  with params [-3.          0.05441479  0.729983   38.91380698  0.          1.62061253]
at minimum 194.1585 accepted 0  with params [-3.00000003e+00  4.93267948e-01  5.42579866e-01  3.92186233e+01
  1.99363010e-08  1.99999998e+00]
at minimum 215.5424 accepted 0  with params [-3.         -0.30323155  0.5012915  39.2148152   0.          1.848536  ]
at minimum 220.7680 accepted 0  with params [-3.00000011e+00 -3.42753135e-01  8.64179722e-01  3.88282181e+01
  3.19481600e-08  1.28558872e+00]
at minimum 191.7884 accepted 0  with params [-3.00000000e+00 -8.65280524e-02  3.60382560e-01  3.90312339e+01
  1.29866830e-02  1.51453420e+00]
at minimum 181.1275 accepted 1  with params [-3.18576411  0.24314701  0.35387754 38.82542108  0.04970687  1.7568008 ]
at minimum 183.5964 accepted 0  with params [-3.52240842  0.32289     0.74162926 39.21310157  0.27970427  1.79061216]
at minimum 182.7403 accepted 0  with params [-3.09378704e+00  7.05987879e-02  6.15327584e-02  3.84739580e+01
  1.73086689e-09  1.81051637e+00]
at minimum 195.2887 accepted 0  with params [-3.00000027 -0.13066121  0.27825151 38.66581388  0.          1.75467368]
at minimum 181.3865 accepted 1  with params [-3.25627762  0.12070408  0.5064582  38.48722802  0.09384624  1.67343371]
at minimum 189.1780 accepted 0  with params [-3.32861621 -0.05354389  0.65607334 38.53975406  0.12632156  1.82219955]
at minimum 181.3136 accepted 1  with params [-3.27375429  0.2703584   0.79343548 38.40075723  0.          1.22827391]
at minimum 216.1271 accepted 0  with params [-3.          0.69740722  1.15210501 38.77595769  0.          0.98990818]
at minimum 214.9376 accepted 0  with params [-3.00000194e+00  7.05611288e-01  1.10668055e+00  3.80182095e+01
  1.32953463e-06  1.59745431e+00]
at minimum 195.8515 accepted 0  with params [-3.01745232  0.53162132  0.96271027 38.33701841  0.36891948  1.66816549]
at minimum 197.4929 accepted 0  with params [-3.50799915  0.54789958  1.20835831 38.44135648  0.13482244  1.646364  ]
at minimum 199.7951 accepted 0  with params [-3.00000000e+00 -1.79636680e-01  5.16367691e-01  3.82373249e+01
  1.84765162e-07  1.13174177e+00]
at minimum 209.0943 accepted 0  with params [-3.23823696  0.65067087  0.94114077 38.51200184  0.          0.973152  ]
at minimum 180.8928 accepted 1  with params [-3.06809018  0.14643973  0.47009513 38.15144749  0.          1.02042564]
at minimum 200.9664 accepted 0  with params [-3.31210317 -0.19260953  0.72917478 37.70768923  0.          1.42718721]
at minimum 187.1601 accepted 0  with params [-3.11779030e+00 -2.19469532e-02  1.43248702e-01  3.85841140e+01
  0.00000000e+00  1.01600369e+00]
at minimum 184.2164 accepted 0  with params [-3.10805646e+00  3.42500672e-02  6.82297061e-02  3.83238036e+01
  4.18845163e-13  1.25081132e+00]
at minimum 207.6634 accepted 0  with params [-3.26618253 -0.25223483  0.80416773 37.72130508  0.          0.85175774]
at minimum 197.6489 accepted 0  with params [-3.         -0.15846248  0.45525569 38.28786902  0.04432701  0.84586313]
at minimum 187.8951 accepted 0  with params [-3.00000000e+00 -3.51042589e-02  7.75204923e-01  3.82890341e+01
  4.21185346e-01  1.22250769e+00]
at minimum 210.8736 accepted 0  with params [-3.00374344e+00 -2.75509655e-01  8.91415651e-01  3.83580683e+01
  3.87941444e-07  7.78799982e-01]
at minimum 213.2628 accepted 0  with params [-3.         -0.29297831  0.80081304 38.18253592  0.          1.00055328]
at minimum 186.5618 accepted 0  with params [-3.00000000e+00 -1.33742538e-02  5.58360323e-01  3.85646008e+01
  0.00000000e+00  1.17639535e+00]
at minimum 211.9537 accepted 0  with params [-3.         -0.28250987  0.24114219 37.92571063  0.          1.19698798]
at minimum 182.4295 accepted 0  with params [-3.16595599e+00  8.12169553e-02  3.10469233e-01  3.84161137e+01
  8.51908215e-07  1.05194214e+00]
at minimum 185.6990 accepted 0  with params [-3.00000000e+00  4.63555451e-03  7.10239826e-01  3.77701662e+01
  0.00000000e+00  8.74386345e-01]
at minimum 199.7242 accepted 0  with params [-3.00000000e+00  5.78112250e-01  5.29628791e-01  3.79949066e+01
  9.07956345e-10  9.15999347e-01]
at minimum 181.1359 accepted 1  with params [-3.00000045e+00  2.54658062e-01  2.98297097e-01  3.83587358e+01
  1.45398223e-07  1.45821919e+00]
at minimum 195.6667 accepted 0  with params [-3.21720997 -0.1343752   0.22557458 38.38357744  0.04468699  1.05430755]
at minimum 208.6813 accepted 0  with params [-3.00000045  0.64447258  0.05000046 38.63906504  0.12777161  1.21617889]
at minimum 181.8036 accepted 1  with params [-3.          0.1055533   0.55695904 38.69868377  0.          1.49334136]
at minimum 189.9796 accepted 0  with params [-3.23490436 -0.06175949  0.74880696 39.06874813  0.          1.48751401]
at minimum 182.8742 accepted 1  with params [-3.43416383  0.06830413  0.20120261 38.41740483  0.03864773  1.27220587]
at minimum 190.5159 accepted 0  with params [-3.31578776 -0.07339438  0.15407038 38.24927325  0.24967129  1.62985722]
