at minimum 19.6958 accepted 1  with params [-4.31060086  0.4         0.05       43.69305285]
at minimum 22.2743 accepted 0  with params [-4.09363625  0.0696757   0.3246529  43.37911847]
at minimum 15.8501 accepted 1  with params [-4.18029169  0.40411612  0.05       43.14793268]
at minimum 16.3228 accepted 1  with params [-3.78565256  0.71541225  0.20227224 43.47271361]
at minimum 9.8317 accepted 1  with params [-4.15850776  0.67700667  0.42541084 43.68521876]
at minimum 12.1242 accepted 1  with params [-4.50445308  0.99        0.43269608 41.45950602]
at minimum 13.3385 accepted 0  with params [-4.73933678  0.78148491  0.37533584 41.82955054]
at minimum 10.0057 accepted 1  with params [-4.13283075  0.99        0.05000005 41.84639582]
at minimum 14.6134 accepted 0  with params [-4.33761719  0.57843346  0.05       41.98833007]
at minimum 20.3560 accepted 0  with params [-3.76589481  0.99        0.05       41.22983264]
at minimum 11.6474 accepted 0  with params [-4.14929586  0.99        0.32819566 41.87683562]
at minimum 20.7385 accepted 0  with params [-3.90404502  0.99        0.54942238 42.19756612]
at minimum 11.6491 accepted 0  with params [-5.10505198  0.99        0.05       42.05028513]
at minimum 14.6720 accepted 0  with params [-4.33790778  0.56715442  0.05       42.25915258]
at minimum 9.7065 accepted 1  with params [-4.15567811  0.64593837  0.21395628 41.95440805]
at minimum 11.0093 accepted 0  with params [-3.88573897  0.69257892  0.44851865 41.79093352]
at minimum 9.0377 accepted 1  with params [-4.11985983  0.81191343  0.11753336 42.07622482]
at minimum 11.9786 accepted 0  with params [-3.92204603  0.31379563  0.26728814 42.26366322]
at minimum 27.4111 accepted 0  with params [-3.67089466  0.43267295  0.05       41.14554507]
at minimum 11.9354 accepted 0  with params [-4.08451989  0.41397565  0.25352275 42.71729881]
at minimum 14.1995 accepted 0  with params [-4.18105288  0.9885786   0.47051372 42.40702749]
at minimum 12.8501 accepted 0  with params [-3.76827181  0.33643616  0.97725121 41.67353147]
at minimum 10.0920 accepted 0  with params [-4.08256308  0.87640325  0.32325807 41.81278924]
at minimum 12.2104 accepted 0  with params [-3.84017125  0.57094474  0.65332396 41.73944015]
at minimum 40.1147 accepted 0  with params [-3.62756603  0.99        0.58559462 42.42734938]
at minimum 17.5407 accepted 0  with params [-3.68782642  0.61167394  0.35981193 41.45897322]
at minimum 10.0119 accepted 1  with params [-3.85114285  0.52364337  0.4882708  41.64010864]
at minimum 10.1252 accepted 1  with params [-3.92538204  0.67014723  0.25270389 41.32180238]
at minimum 73.4647 accepted 0  with params [-3.49589136  0.86986275  0.70610168 38.86677109]
at minimum 246.9000 accepted 0  with params [-3.4395367   0.99        0.74600782 30.72611969]
at minimum 10.5033 accepted 0  with params [-4.19591502  0.99        0.05000037 43.03870614]
at minimum 8.9099 accepted 1  with params [-4.03700988  0.36847532  1.48906053 42.33875704]
at minimum 14.6803 accepted 0  with params [-3.59912214e+00  8.98209074e-04  1.07797211e+00  4.20198771e+01]
at minimum 8.6987 accepted 1  with params [-3.9593696   0.26376798  1.72171838 42.30654316]
at minimum 8.7551 accepted 1  with params [-3.79394978 -0.14491609  1.91747783 42.28849907]
at minimum 11.5909 accepted 0  with params [-3.82487398  0.28215962  2.22435839 41.92531034]
at minimum 8.7680 accepted 1  with params [-3.99064941  0.23313874  1.85220907 42.43771445]
at minimum 93.2132 accepted 0  with params [-3.50818934  0.68604318  2.16086169 37.91261946]
at minimum 8.6555 accepted 1  with params [-3.70004223 -0.2645262   2.14270828 42.18434641]
at minimum 17.7909 accepted 0  with params [-3.39799408 -0.71594909  2.01107554 42.15111692]
at minimum 58011.3883 accepted 0  with params [-3.35854395 -0.9         2.12631702 10.        ]
at minimum 45.6803 accepted 0  with params [-3.8905437  -0.70919579  2.31323825 42.55511566]
at minimum 246644.5073 accepted 0  with params [-3.34440186 -0.60231002  2.43659017 10.        ]
at minimum 9.7116 accepted 1  with params [-4.0995305   0.30481963  1.87600311 42.63915109]
at minimum 29.4454 accepted 0  with params [-4.13396795  0.99        2.323297   40.33155487]
at minimum 23.5788 accepted 0  with params [-4.43846085  0.34980582  1.39020333 42.29368675]
at minimum 8.3729 accepted 1  with params [-3.77819266 -0.08303766  1.71554527 42.23294949]
at minimum 40.5371 accepted 0  with params [-3.41930578 -0.49846741  1.24369119 40.5110034 ]
at minimum 10.8351 accepted 0  with params [-3.78379479 -0.29331995  2.1330727  42.28150481]
at minimum 12.8870 accepted 0  with params [-3.53110359 -0.36323474  1.48760637 41.82255169]
at minimum 20.1521 accepted 0  with params [-3.61351988  0.10641091  1.76523479 41.80744685]
at minimum 12.9381 accepted 1  with params [-3.8004058  -0.36071844  1.80751484 42.08455769]
at minimum 49.8634 accepted 0  with params [-4.1868662  -0.23869528  1.61988079 42.07595051]
at minimum 16.0744 accepted 0  with params [-3.65172127 -0.72101731  2.14622812 41.90267002]
at minimum 9.7935 accepted 1  with params [-3.87347904 -0.08497727  1.3744206  42.35258909]
at minimum 11.4042 accepted 0  with params [-3.81335539 -0.27950129  1.73171471 42.34178561]
at minimum 17.4159 accepted 0  with params [-3.96955402 -0.17888944  1.26759273 42.44188335]
at minimum 10.5824 accepted 1  with params [-3.98214084  0.07069265  1.13707617 42.51897594]
at minimum 9.9162 accepted 1  with params [-3.94059797  0.04606466  1.08765222 42.57134307]
at minimum 9.9589 accepted 1  with params [-4.10331838  0.28178357  1.4529856  42.65050778]
at minimum 9.8611 accepted 1  with params [-3.98198934  0.40151777  1.63862151 42.12301523]
at minimum 11.4991 accepted 0  with params [-4.61740576  0.84120923  1.82118057 42.28579266]
at minimum 12.7176 accepted 0  with params [-4.42858251  0.53031962  2.0502324  43.40937422]
at minimum 8.3584 accepted 1  with params [-3.87112993  0.10706102  1.41276255 42.26827381]
at minimum 23.6491 accepted 0  with params [-4.27204544  0.99        1.49613914 40.6074094 ]
at minimum 9.3210 accepted 0  with params [-4.1706815   0.46129298  1.62287373 42.54308223]
at minimum 58.3763 accepted 0  with params [-3.45082232  0.07804327  1.13857222 39.67253839]
at minimum 12.1264 accepted 0  with params [-3.85034854 -0.24097868  1.48702046 42.31619397]
at minimum 10.6286 accepted 0  with params [-3.95190327  0.41322818  1.55487383 42.01446872]
at minimum 11.7554 accepted 0  with params [-3.91982874  0.47123673  1.12897891 41.86174767]
at minimum 16.2478 accepted 0  with params [-3.92600289 -0.21376512  1.0821133  42.26734389]
at minimum 9.4543 accepted 0  with params [-4.08443622  0.30133208  1.11568668 42.57632024]
at minimum 29.7574 accepted 0  with params [-4.23615304  0.04589621  1.68510986 42.53623959]
at minimum 26.1656 accepted 0  with params [-3.64761748  0.38363208  1.2508154  41.07984025]
at minimum 9.4713 accepted 1  with params [-3.81495127 -0.17254771  1.54927419 42.29723668]
at minimum 77.2556 accepted 0  with params [-4.16504272 -0.53232558  1.20592849 41.46014645]
at minimum 17.2295 accepted 0  with params [-3.77435037 -0.50928922  1.14779868 41.99077297]
at minimum 8.5246 accepted 1  with params [-3.77694897 -0.11561549  1.41355545 42.21808305]
at minimum 8.7113 accepted 1  with params [-4.00155326  0.2707698   1.64656476 42.40343554]
at minimum 9.3581 accepted 0  with params [-4.18346476  0.51209444  1.41364691 42.45591194]
at minimum 25.9413 accepted 0  with params [-4.35293721  0.24664127  1.98880912 43.55188798]
at minimum 10.1267 accepted 0  with params [-4.32053959  0.66251061  1.49793227 42.28878114]
at minimum 19.4692 accepted 0  with params [-3.73220778  0.39140045  1.32866712 41.40021256]
at minimum 23.2851 accepted 0  with params [-4.31168831  0.99        1.70754707 40.59934061]
at minimum 17.5622 accepted 0  with params [-3.58825001e+00  3.47755344e-02  1.20235099e+00  4.22050882e+01]
at minimum 26.0928 accepted 0  with params [-4.14842349  0.99        1.29152302 40.54782091]
at minimum 8.8458 accepted 1  with params [-3.73122706 -0.08340876  1.39769959 42.33763265]
at minimum 132525825622909.5469 accepted 0  with params [-3.3476651  -0.46517439  1.76385251 10.        ]
at minimum 46.7833 accepted 0  with params [-4.06677673 -0.41049473  1.8110392  41.99244706]
at minimum 19.3836 accepted 0  with params [-3.94830717 -0.25548267  1.67901469 42.06121995]
at minimum 15.9668 accepted 0  with params [-3.92430507 -0.2198075   1.72538186 42.40054082]
at minimum 9.4503 accepted 0  with params [-3.66366492 -0.37606513  1.6750031  42.56500579]
at minimum 26.8278 accepted 0  with params [-3.54899865  0.07406179  1.60213005 41.11932858]
at minimum 44.6823 accepted 0  with params [-4.05985428 -0.41155215  1.65111002 42.67038117]
at minimum 243853998607.1492 accepted 0  with params [-3.32930046 -0.14074237  1.52972658 10.        ]
at minimum 24.1635 accepted 0  with params [-3.91586369 -0.41890953  1.42716694 42.14332804]
at minimum 32.2808 accepted 0  with params [-3.51628258  0.08794646  1.30061976 42.17620231]
at minimum 8.3810 accepted 1  with params [-3.89276003  0.13348169  1.44214368 42.2915605 ]
at minimum 19.7970 accepted 0  with params [-4.16359392  0.08118141  1.03216481 42.90054489]
at minimum 9.4097 accepted 0  with params [-3.75596269 -0.26818101  1.72734647 42.52116928]
at minimum 8.9014 accepted 1  with params [-3.71165575 -0.12692817  1.51242656 42.10127969]
