at minimum 156.4984 accepted 1  with params [-4.5         0.4         0.5        35.99609953]
at minimum 175.8842 accepted 0  with params [-4.97326252  0.44111497  0.77848503 37.65568754]
at minimum 147.4041 accepted 1  with params [-4.5423745  -0.22005159  0.69338749 36.30470099]
at minimum 120.1977 accepted 1  with params [-4.17438760e+00  1.79626392e-02  2.76372248e-01  3.74894487e+01]
at minimum 109.6335 accepted 1  with params [-3.81114313 -0.13648277  0.14013881 37.75218654]
at minimum 103.1291 accepted 1  with params [-3.78096331 -0.56116868  0.14825888 40.13506863]
at minimum 136.9960 accepted 0  with params [-4.32491599 -0.34047133  0.6001774  35.7331462 ]
at minimum 163.0458 accepted 0  with params [-3.85453647 -0.73593171  0.4274852  32.4148708 ]
at minimum nan accepted 1  with params [-4.22334983 -0.49522636  0.05147953 40.04189194]
at minimum 121.6153 accepted 1  with params [-3.97889434 -0.8959278   0.26923059 37.82583703]
at minimum 206.5218 accepted 0  with params [-4.04292855 -0.88771004  3.         29.39027197]
at minimum 186.9158 accepted 0  with params [-3.88771386 -0.68109706  0.65786181 30.72541785]
at minimum nan accepted 1  with params [-4.34803233 -0.82711165  0.08592223 38.05195352]
at minimum 199.8292 accepted 1  with params [-4.42659508 -0.9         3.         29.73867389]
at minimum 200.1287 accepted 1  with params [-4.30010979 -0.50789244  3.         29.94210842]
at minimum 204.0200 accepted 0  with params [-4.17990926 -0.73829966  3.         29.60571721]
at minimum 172.5905 accepted 1  with params [-4.67870526 -0.27017272  3.         31.81313903]
at minimum 170.8180 accepted 1  with params [-4.90082006 -0.3652843   3.         32.85531144]
at minimum 170.8771 accepted 1  with params [-4.96790209 -0.25347622  3.         32.34799155]
at minimum 212.2682 accepted 0  with params [-5.05327783 -0.46606005  3.         32.17196598]
at minimum 215.2153 accepted 0  with params [-5.12220411 -0.33131359  3.         33.1596115 ]
at minimum 172.0843 accepted 1  with params [-5.09589447  0.03603765  2.86292182 32.51154499]
at minimum nan accepted 1  with params [-5.59526025  0.13481638  3.         32.75112097]
at minimum 175.1912 accepted 1  with params [-5.23915422  0.42225732  2.73857405 35.34242808]
at minimum 201.0733 accepted 0  with params [-5.4318443   0.76264699  2.50713293 32.5197458 ]
at minimum 169.5736 accepted 1  with params [-4.892576    0.22090955  3.         35.45014372]
at minimum nan accepted 1  with params [-4.8482881   0.26754667  2.63558549 35.80931445]
at minimum 163.5983 accepted 1  with params [-5.00233516  0.25728693  2.75420324 33.92251768]
at minimum 160.7366 accepted 1  with params [-4.96133963  0.13078747  2.47088513 33.48297327]
at minimum 186.1021 accepted 0  with params [-4.98952141 -0.33015041  2.60369926 33.50009991]
at minimum 203.8974 accepted 0  with params [-4.56579113  0.49802205  2.2751744  29.96539933]
at minimum 164.7505 accepted 0  with params [-4.65867505 -0.31702045  1.97593732 32.570483  ]
at minimum 182.6344 accepted 0  with params [-4.75624833  0.39116248  2.46044761 31.49921852]
at minimum 174.1534 accepted 0  with params [-5.08982645  0.46781399  2.86888464 33.33862608]
at minimum 179.8722 accepted 0  with params [-5.25361026  0.48619642  2.25847682 35.55815914]
at minimum 202.4042 accepted 0  with params [-5.18083723 -0.08687135  2.74015152 33.85087693]
at minimum 170.9574 accepted 0  with params [-4.8194758   0.34024772  2.12318647 32.63925108]
at minimum 163.6842 accepted 0  with params [-4.86717891 -0.23960117  2.91521756 33.1010349 ]
at minimum nan accepted 1  with params [-4.82520226 -0.04865781  2.87128618 33.97818053]
at minimum 201.4995 accepted 1  with params [-4.37177735 -0.9         3.         29.65621068]
at minimum 198.0798 accepted 1  with params [-4.42005222 -0.9         2.53369162 29.83244135]
at minimum 171.7880 accepted 1  with params [-4.7007907  -0.49950966  2.36613674 31.98428264]
at minimum nan accepted 1  with params [-4.83098166 -0.3406385   2.04090956 32.31201521]
at minimum 159.8015 accepted 1  with params [-4.84079425e+00 -2.76810200e-02  1.88429264e+00  3.26124434e+01]
at minimum 174.4889 accepted 0  with params [-4.57204611 -0.26185426  2.29126867 31.67029465]
at minimum 189.1144 accepted 0  with params [-4.40293227 -0.58101359  2.19700527 30.561882  ]
at minimum 295.5224 accepted 0  with params [-5.04839496 -0.40917767  1.43298883 32.57628512]
at minimum 176.3559 accepted 0  with params [-4.83527404  0.47108762  1.7779503  32.5054055 ]
at minimum 169.9001 accepted 0  with params [-4.60125522 -0.52006852  1.71865465 32.15076479]
at minimum nan accepted 1  with params [-5.2310818  -0.4172249   1.52564771 32.55415354]
at minimum 719.6745 accepted 1  with params [-5.7666064  -0.62803103  1.21311129 10.        ]
