at minimum 53.5030 accepted 1  with params [-4.5         0.4         0.5        46.63514562]
at minimum 46.0882 accepted 1  with params [-4.27240416 -0.17674005  2.31675588 41.00179221]
at minimum 45.6282 accepted 1  with params [-4.57495656  0.14989052  2.16338864 41.16713285]
at minimum 48.7952 accepted 1  with params [-4.65636095  0.47689321  1.6876958  41.96786712]
at minimum 48.4955 accepted 1  with params [-4.50493338  0.46563073  1.30244931 41.76664016]
at minimum nan accepted 1  with params [-4.55739196  0.24519489  1.14759028 41.42724819]
at minimum 47.0868 accepted 1  with params [-4.55205919  0.39588367  1.47211694 41.59203061]
at minimum 50.4876 accepted 0  with params [-4.60644767  0.56885026  1.18615116 42.07161517]
at minimum 67.1733 accepted 0  with params [-6.          0.85732412  1.59134771 45.06550848]
at minimum 51.5407 accepted 0  with params [-4.7959228   0.56667889  1.34133514 43.06447857]
at minimum 101.1342 accepted 0  with params [-4.19530812  0.88301823  1.68063117 38.1739973 ]
at minimum 44.7032 accepted 1  with params [-4.29563241e+00 -3.79531256e-02  1.90412679e+00  4.10977839e+01]
at minimum 46.1330 accepted 0  with params [-4.64891548  0.2837437   2.27272581 41.98180143]
at minimum 45.8691 accepted 0  with params [-4.46636842  0.19229711  2.14787295 40.85413432]
at minimum 93.6903 accepted 0  with params [-3.85648798  0.29762566  1.81358142 38.65571763]
at minimum 45.1141 accepted 0  with params [-4.35080764e+00  4.09435014e-02  2.04745756e+00  4.12471079e+01]
at minimum 46.3046 accepted 0  with params [-4.5576893   0.06598435  2.32234166 40.36372904]
at minimum 54.6167 accepted 0  with params [-4.16045372e+00 -3.70588402e-02  2.21925539e+00  4.05072197e+01]
at minimum 62.6665 accepted 0  with params [-4.5106583  -0.12985133  1.41853503 42.31998474]
at minimum 54.6633 accepted 0  with params [-4.34411905  0.33103098  2.01283579 40.65117251]
at minimum 49.1626 accepted 0  with params [-4.42714047  0.37478336  1.62818966 41.24337355]
at minimum 73.6478 accepted 0  with params [-4.21131588  0.42725537  2.25189773 39.60393571]
at minimum nan accepted 1  with params [-3.99008621 -0.3018812   1.60539667 41.01248346]
at minimum 57.1957 accepted 1  with params [-4.19938938 -0.59917171  1.36550096 40.88409103]
at minimum nan accepted 1  with params [-3.71812634 -0.42683222  1.6202409  40.51161514]
at minimum nan accepted 1  with params [-3.33661745 -0.25499174  1.83705081 40.98070405]
at minimum nan accepted 1  with params [-3.          0.11331692  1.87853201 41.29786886]
at minimum nan accepted 1  with params [-3.23895811  0.45491881  1.84757846 41.49054241]
at minimum nan accepted 1  with params [-3.          0.44810582  2.26800298 41.28730761]
at minimum nan accepted 1  with params [-3.39942051  0.34979706  2.02557229 41.37590269]
at minimum 494674.4744 accepted 1  with params [-3.68166971  0.99        2.06800837 10.        ]
at minimum 276.6293 accepted 1  with params [-3.76798603  0.99        2.19048622 29.22625432]
at minimum 132.2877 accepted 1  with params [-3.89621897  0.74748446  2.02709508 36.78489124]
at minimum 112.8990 accepted 1  with params [-4.35772102  0.99        2.45712951 37.54052105]
at minimum 83.7377 accepted 1  with params [-4.50224309  0.78673813  2.66747001 38.99824534]
at minimum nan accepted 1  with params [-4.82018187  0.30669751  2.46396495 39.09013449]
at minimum 49.5523 accepted 1  with params [-4.90146104  0.46595561  2.75846284 42.50734546]
at minimum 59.4676 accepted 0  with params [-5.34765315  0.74050723  2.28566826 44.02238683]
at minimum 68.0792 accepted 0  with params [-4.58447853  0.67928822  2.54772218 39.92015767]
at minimum 73.6369 accepted 0  with params [-5.29346764  0.96405141  3.         39.28119852]
at minimum nan accepted 1  with params [-4.88608639  0.05404377  2.44659581 42.49857145]
at minimum nan accepted 1  with params [-4.52527121  0.40559538  2.85401951 42.22709866]
at minimum 44.9283 accepted 1  with params [-4.52841059  0.04590333  2.99273082 40.49267586]
at minimum 47.0726 accepted 1  with params [-4.71506605  0.16618083  2.85975984 42.16155767]
at minimum 80.8455 accepted 0  with params [-5.08363511  0.99        2.82721239 38.62258596]
at minimum 108.9796 accepted 0  with params [-5.03337052e+00  1.31866044e-02  3.00000000e+00  4.25143537e+01]
at minimum 44.2714 accepted 1  with params [-4.48980234 -0.05907092  3.         41.3965564 ]
at minimum 48.1083 accepted 0  with params [-4.27270265 -0.32643368  3.         40.98650278]
at minimum nan accepted 1  with params [-4.61751060e+00 -2.38616065e-02  2.67590368e+00  4.10008839e+01]
at minimum nan accepted 1  with params [-4.92003857  0.04679546  2.66693229 40.98796423]
at minimum nan accepted 1  with params [-4.68149536  0.13051678  2.85291941 41.43250323]
