at minimum 58.9812 accepted 1  with params [-4.49999933  0.40000026  0.50000112 40.00002242  1.00000045  1.00000044]
at minimum 48.8480 accepted 1  with params [-4.0409766   0.18183428  0.36289113 39.6907512   1.09481086  1.47152858]
at minimum 52.7815 accepted 1  with params [-4.01370130e+00 -7.56552299e-03  4.29136512e-01  3.94547881e+01
  1.59004673e+00  1.28552315e+00]
at minimum 140.4278 accepted 0  with params [-4.19999624 -0.33058672  0.53722728 38.96196976  1.86336988  1.54754773]
at minimum 56.7167 accepted 0  with params [-4.21099622  0.38491602  0.07492223 39.51985839  1.3683855   1.22117202]
at minimum 87.4500 accepted 0  with params [-3.55033539  0.16989335  0.79417693 39.82074473  1.89402254  1.26464434]
at minimum 55.4702 accepted 0  with params [-4.50021974  0.41775859  0.81412818 39.318615    1.83841676  1.76327978]
at minimum 144.5287 accepted 0  with params [-4.15497878 -0.19446297  0.10637068 39.203471    1.57297415  1.71956624]
at minimum 61.6032 accepted 0  with params [-4.50810774  0.35204428  0.41054049 39.63146887  1.35957383  1.73531635]
at minimum 242.2692 accepted 0  with params [-4.38411128 -0.43561534  0.43698972 39.64543843  1.70629299  0.80612245]
at minimum 63.3729 accepted 0  with params [-3.86624649  0.37856154  0.47107994 39.35391287  1.75142434  1.53218222]
at minimum 90.5118 accepted 0  with params [-4.45309960e+00  2.74090089e-02  9.28806036e-01  3.91182121e+01
  1.93823725e+00  1.67119716e+00]
at minimum nan accepted 1  with params [-4.12344193 -0.06252243  0.05       39.71115058  1.69607627  1.17071715]
at minimum 320.6777 accepted 1  with params [-4.41993513 -0.45777002  0.3788824  39.66198828  1.81593929  1.08794323]
at minimum nan accepted 1  with params [-4.02260163 -0.32838674  0.23828357 40.0017528   2.          1.02039202]
at minimum 399.0679 accepted 1  with params [-4.05169288 -0.53028082  0.05000003 40.35307213  1.66548369  1.36544328]
at minimum 2308.4677 accepted 0  with params [-4.50041384 -0.89999991  0.05000014 39.94580907  1.77497509  1.82032803]
at minimum 341.0739 accepted 1  with params [-4.43533399 -0.15272951  0.0739784  40.79471283  1.99999938  1.86490001]
at minimum 972.6435 accepted 0  with params [-4.89166382 -0.47064012  0.5124508  41.19897592  2.          2.        ]
at minimum 562.8938 accepted 0  with params [-4.69104933 -0.21082209  0.05       40.60855344  1.61401411  1.57142727]
at minimum 1065.5969 accepted 0  with params [-4.5006606  -0.61958435  0.05       40.6267958   1.61876472  1.57523822]
at minimum 504.4081 accepted 0  with params [-4.60823434 -0.36741679  0.28509609 40.66149723  1.9999998   1.71523187]
at minimum 185.8592 accepted 1  with params [-4.54920905  0.05901833  0.05       40.82181938  1.6776692   1.51418446]
at minimum 61.0707 accepted 1  with params [-4.05422983  0.1495062   0.0927779  40.55527186  1.83847509  1.89584406]
at minimum 191.9897 accepted 0  with params [-4.39514361 -0.13449555  0.20199152 40.90313088  1.96315408  1.99999984]
at minimum 65.0039 accepted 0  with params [-4.3358742   0.56261673  0.05       40.59070204  2.          2.        ]
at minimum nan accepted 1  with params [-4.06605706  0.17382317  0.58069515 40.59336706  2.          2.        ]
at minimum 71.6451 accepted 1  with params [-3.62234999  0.13076537  0.31753066 40.18809893  1.99999998  2.        ]
at minimum 66.7737 accepted 1  with params [-3.71844601  0.33263886  0.05       40.28708763  2.          2.        ]
at minimum 50.5746 accepted 1  with params [-3.99041357  0.34126348  0.05       40.69874867  2.          1.61351389]
at minimum 51.6400 accepted 0  with params [-4.16218578  0.23745226  0.15978991 40.41866246  1.59328426  1.13130934]
at minimum 62.9591 accepted 0  with params [-3.9324644   0.48667064  0.05       40.38354137  1.60598128  1.8835322 ]
at minimum 56.3027 accepted 0  with params [-4.19134964  0.64338187  0.05       40.63985326  1.86526052  1.26057852]
at minimum 48.7707 accepted 1  with params [-4.25068296  0.47862662  0.05       40.66636397  1.83697459  1.49890005]
at minimum 163.6828 accepted 0  with params [-4.45089566  0.08138159  0.05       41.10918036  1.74477895  1.26924022]
at minimum nan accepted 1  with params [-4.70448901  0.51356241  0.05       40.66319576  2.          1.73596581]
at minimum 81.3643 accepted 1  with params [-4.5076111   0.68534646  0.05       40.30108885  1.99999994  1.83881714]
at minimum 73.9864 accepted 1  with params [-4.93886641  0.38199559  0.05       40.12184843  1.97751539  2.        ]
at minimum 200.3092 accepted 0  with params [-4.55898133  0.0881206   0.05       40.32878481  2.          1.61429879]
at minimum 500.1866 accepted 0  with params [-5.13152766e+00  6.94773783e-03  5.00000000e-02  3.99176018e+01
  2.00000000e+00  2.00000000e+00]
at minimum 65.5673 accepted 1  with params [-5.18232254  0.42619517  0.52762825 39.70567694  1.98505048  2.        ]
at minimum 70.0419 accepted 0  with params [-5.01949662  0.62124988  0.05555861 39.97677722  2.          1.88211716]
at minimum 149.1855 accepted 0  with params [-5.44503957  0.28771372  0.3454713  39.50931981  2.          2.        ]
at minimum nan accepted 1  with params [-5.16892398  0.51134892  0.81316553 39.44734588  1.90369033  2.        ]
at minimum 91.6531 accepted 1  with params [-5.39676728  0.76011264  0.67601221 39.77889075  1.63981223  1.77277256]
at minimum 127.4212 accepted 0  with params [-5.57508637  0.88511023  0.91896145 39.91618639  1.49790976  2.        ]
at minimum 188.0449 accepted 0  with params [-5.69642626  0.36544759  0.31143888 39.93069819  1.5057298   1.43296851]
at minimum nan accepted 1  with params [-4.96870482  0.9129133   0.59860459 39.88602861  1.82849832  2.        ]
at minimum 62.5787 accepted 1  with params [-4.85484848  0.53786865  0.97720665 40.31787446  1.36587752  1.5669521 ]
at minimum 100.0970 accepted 0  with params [-4.92076892  0.30314145  1.31561184 40.09882655  1.51336336  1.97254994]
at minimum 63.6003 accepted 0  with params [-5.20128857  0.81925507  0.97569272 40.05002447  1.28645619  1.23210901]
at minimum nan accepted 1  with params [-4.92708936  0.32340452  1.18534862 40.10846813  0.95959001  1.21472031]
at minimum nan accepted 1  with params [-5.23425642  0.75481974  0.82314512 40.4386665   0.78430963  1.20447975]
at minimum 84.9312 accepted 1  with params [-5.54496401  0.9858714   0.40474158 40.20930768  0.90353178  1.32578703]
at minimum 167.3731 accepted 0  with params [-5.13183346  0.74857405  0.21372213 40.10295443  0.54291007  1.62877445]
at minimum 141.2918 accepted 0  with params [-5.45674527  0.94700974  0.05       40.02756114  0.59650929  1.30299206]
at minimum 100.4915 accepted 0  with params [-5.38078922  0.98999989  0.23990365 40.13779175  0.70165859  1.16147451]
at minimum 120.0794 accepted 0  with params [-5.50223523  0.85507529  0.05       40.2863317   0.73595334  1.31115935]
at minimum 127.5724 accepted 0  with params [-5.13485523  0.72973324  0.84514906 39.76950466  0.59908697  1.2868545 ]
at minimum 103.6563 accepted 0  with params [-5.46443932  0.99        0.45040766 40.03836999  0.67303989  0.94939012]
at minimum 139.2489 accepted 0  with params [-5.28917428  0.76291491  0.56324926 40.01942939  0.65566653  1.58229774]
at minimum 118.3348 accepted 0  with params [-5.29640954  0.98999992  0.05000013 39.99329319  0.77081098  1.44870472]
at minimum 76.7861 accepted 1  with params [-5.67510672  0.99        0.3038415  40.27439366  1.0666408   1.3533311 ]
at minimum 97.8674 accepted 0  with params [-5.39748261  0.99        0.35514405 40.46422598  1.03883043  1.57413959]
at minimum 65.3681 accepted 1  with params [-5.5811555   0.99        0.27690095 40.68385964  0.90193753  0.94309638]
at minimum 141.7581 accepted 0  with params [-5.49578913  0.54735789  0.05       40.56577367  1.04282985  1.34181323]
at minimum nan accepted 1  with params [-5.75114335  0.57317291  0.05       40.764939    1.30346272  0.55210256]
at minimum 228.4928 accepted 1  with params [-6.          0.76151447  0.0601912  40.86949204  0.87533448  0.41061495]
at minimum 64.7645 accepted 1  with params [-5.59277607  0.98999993  0.34446628 40.68491991  0.88030821  0.8209123 ]
at minimum 103.2945 accepted 0  with params [-5.32168764  0.98999925  0.56319324 40.62192303  0.62032322  0.80111102]
at minimum 100.6934 accepted 0  with params [-5.98368109  0.90958174  0.63656237 41.06540874  1.25040445  0.58507117]
at minimum 95.8169 accepted 0  with params [-5.38832259  0.74996083  0.16813072 41.01376469  0.9052649   0.89996636]
at minimum 320.4088 accepted 0  with params [-5.79878772  0.59689461  0.07622813 40.6139251   0.65950925  0.55689525]
at minimum 74.3412 accepted 0  with params [-5.25852634  0.99        0.40633526 40.57443906  0.75659291  0.7398081 ]
at minimum nan accepted 1  with params [-5.67726213  0.9790126   0.13546115 40.58499512  1.02138924  0.42285218]
at minimum 362.8342 accepted 1  with params [-5.84637359  0.53778263  0.42408853 40.23798657  1.14098299  0.26010819]
at minimum 683.9543 accepted 0  with params [-5.95338911e+00  5.79741458e-01  2.28527761e-01  3.98581754e+01
  6.99302180e-01  3.87213522e-10]
at minimum nan accepted 1  with params [-6.          0.3553092   0.69853788 39.87149556  1.14553236  0.        ]
at minimum 706.6969 accepted 1  with params [-5.98323076e+00  3.79917724e-01  4.37778902e-01  3.97267769e+01
  8.80320056e-01  2.90434119e-07]
at minimum 518.4355 accepted 1  with params [-5.65892981  0.25349126  0.69477012 39.7520188   0.66441544  0.40212649]
at minimum 588.5750 accepted 0  with params [-5.46072498 -0.04323185  1.07934992 39.80251812  0.72199617  0.34730923]
at minimum 292.4659 accepted 1  with params [-5.78468602  0.61660531  1.12193128 39.92847952  0.60552922  0.68225339]
at minimum 236.2816 accepted 1  with params [-5.56185653  0.53537594  1.22993873 39.56821432  0.70524228  0.95702324]
at minimum 491.3393 accepted 0  with params [-5.46858088  0.10265886  1.63615922 39.1824985   1.0088709   0.84990759]
at minimum 194.6754 accepted 1  with params [-5.41064951  0.59306613  1.64587171 39.79139988  0.88564068  0.64159462]
at minimum 121.1158 accepted 1  with params [-5.11542521  0.6571263   1.35300688 40.11523299  0.97671547  0.32112046]
at minimum 69.5992 accepted 1  with params [-5.1868531   0.82724047  1.65491153 40.21425706  1.19032432  0.23775863]
at minimum 64.7836 accepted 1  with params [-4.8080846   0.93464907  1.70276779 40.50906623  1.10985614  0.37622504]
at minimum 1628852823820531662848.0000 accepted 0  with params [-5.11686164  0.97302843  1.93230382 40.20979754  1.44880284  0.061854  ]
at minimum nan accepted 1  with params [-4.38272037  0.99        1.83404646 40.90535303  1.2636322   0.12240397]
at minimum 88.5525 accepted 1  with params [-3.99606261  0.94523425  2.2258851  40.50690202  0.98637241  0.52726727]
at minimum 43.0059 accepted 1  with params [-4.35243175  0.50680435  2.3940908  40.78280463  1.29809312  0.36348864]
at minimum 600032475861879488512.0000 accepted 0  with params [-4.46597919e+00  8.88365423e-01  2.50546955e+00  4.12311500e+01
  1.55826667e+00  4.01246093e-02]
at minimum 1447.1264 accepted 0  with params [-4.22443199  0.77941458  2.72820335 40.53055819  1.72269793  0.25231419]
at minimum 101.7135 accepted 0  with params [-4.63753369  0.74377888  2.13907962 40.72709173  1.24209181  0.09358919]
at minimum 5119947896573.9580 accepted 0  with params [-3.9664325   0.78444817  2.59795091 40.41384643  1.73905927  0.08354471]
at minimum 126565540687126953984.0000 accepted 0  with params [-4.27372773  0.940294    2.56102658 40.34676814  1.54625783  0.10060159]
at minimum 68705358186.2341 accepted 0  with params [-4.56722473  0.93006243  2.17447509 40.90541505  1.55702458  0.26674106]
at minimum 48.2827 accepted 0  with params [-4.38592779  0.9231062   2.79133051 40.65519252  0.88864408  0.25255499]
at minimum 168.4607 accepted 0  with params [-4.40647227  0.7562733   2.36926245 41.03381014  1.23084267  0.        ]
at minimum 57.9165 accepted 0  with params [-4.67305791  0.79466425  2.00622759 40.88607993  1.28216997  0.76009276]
