at minimum 109.8733 accepted 1  with params [-4.5         0.4         3.         29.85871432]
at minimum 151.4457 accepted 0  with params [-4.28001439  0.70288721  3.         26.50234356]
at minimum 136.3247 accepted 0  with params [-4.89948884  0.79528827  2.96977992 28.57335443]
at minimum 88.6833 accepted 1  with params [-4.73422983  0.24521952  3.         33.54821261]
at minimum 92.1212 accepted 0  with params [-4.48903915e+00 -2.29523735e-02  3.00000000e+00  3.12752918e+01]
at minimum 93.1421 accepted 0  with params [-4.49567673e+00 -1.74445142e-02  3.00000000e+00  3.31415534e+01]
at minimum nan accepted 1  with params [-5.19793311  0.59127273  2.72751127 33.93069042]
at minimum 107.2652 accepted 1  with params [-5.13438167  0.48663822  3.         34.30540009]
at minimum 111.9954 accepted 0  with params [-5.05464019  0.18421369  3.         39.43413413]
at minimum 154.0089 accepted 0  with params [-5.00073216  0.92754547  3.         26.57720001]
at minimum 128.7608 accepted 0  with params [-5.56403991  0.62733168  2.89186042 37.73360785]
at minimum 96.6322 accepted 1  with params [-4.86121714  0.11982899  2.877318   34.22935834]
at minimum 97.6323 accepted 0  with params [-4.77702759  0.42424538  2.77003634 33.74708062]
at minimum 97.8439 accepted 0  with params [-4.90532433  0.45062888  3.         34.14264068]
at minimum 110.9348 accepted 0  with params [-4.47381016  0.37248161  2.77660961 29.66997122]
at minimum 160.5965 accepted 0  with params [-5.18501029  0.99        3.         25.65618403]
at minimum 92.1172 accepted 1  with params [-4.48674386 -0.05906219  3.         31.26941112]
at minimum 113.7324 accepted 0  with params [-4.32940044  0.17692128  2.84491015 31.22315702]
at minimum 101.3325 accepted 0  with params [-4.44290151  0.14918705  2.65147463 30.28638286]
at minimum 131.5425 accepted 0  with params [-3.99339822 -0.07165544  3.         27.64652878]
at minimum 98.0381 accepted 0  with params [-4.49956072  0.21351796  2.98752253 30.81665458]
at minimum 89.3935 accepted 1  with params [-4.61820063  0.0844147   2.7583362  30.60383428]
at minimum 90.6838 accepted 0  with params [-4.8447342   0.23225097  3.         35.26996645]
at minimum 91.5884 accepted 0  with params [-4.84920629  0.34389612  2.53588427 34.16905056]
at minimum 99.7913 accepted 0  with params [-4.3902658  -0.10783148  2.51546593 30.23520574]
at minimum 96.4153 accepted 0  with params [-5.0243622   0.3905934   2.34833576 36.31345797]
at minimum 88.8860 accepted 1  with params [-4.63324151  0.11652489  3.         31.03947377]
at minimum 104.2039 accepted 0  with params [-5.10761993  0.49923575  2.55875624 35.95933139]
at minimum 96.3665 accepted 0  with params [-4.4650868  -0.27015129  2.77804093 30.71905839]
at minimum nan accepted 1  with params [-4.87011045  0.26420419  2.65975075 31.49251985]
at minimum nan accepted 1  with params [-5.11327473  0.08910115  2.61509876 31.2661928 ]
at minimum nan accepted 1  with params [-5.60957083  0.34329619  2.7925603  30.89783076]
at minimum 131.8727 accepted 1  with params [-5.16629135  0.7623632   2.87531016 30.65466705]
at minimum nan accepted 1  with params [-5.56457359  0.70663124  3.         31.02803745]
at minimum 157.6524 accepted 1  with params [-5.57080265  0.97731113  3.         26.2857939 ]
at minimum 128.7533 accepted 1  with params [-5.75403559  0.54281561  2.77487198 43.73360149]
at minimum nan accepted 1  with params [-6.          0.95498752  2.71162008 43.52979203]
at minimum 158.3636 accepted 1  with params [-5.78258607  0.99        3.         26.08624087]
at minimum 158.3362 accepted 1  with params [-6.          0.99        2.59518821 26.15190909]
at minimum 158.3579 accepted 1  with params [-5.79721341  0.99        3.         26.09203708]
at minimum 157.7379 accepted 1  with params [-6.          0.97173905  3.         26.63084206]
at minimum 158.3438 accepted 0  with params [-6.          0.99        3.         26.15661807]
at minimum 141.5178 accepted 1  with params [-5.79367013  0.70700735  2.68166094 35.41539173]
at minimum 128.8290 accepted 1  with params [-5.44582882  0.24149632  2.4833724  51.3042806 ]
at minimum 108.5795 accepted 1  with params [-5.23033972  0.34014227  2.78729452 41.94273792]
at minimum 113.0040 accepted 0  with params [-5.37342318  0.47724622  3.         41.51548475]
at minimum 118.1029 accepted 0  with params [-5.17142829  0.22778589  3.         41.0597429 ]
at minimum 135.7726 accepted 0  with params [-5.71058839  0.65822813  2.79011348 37.277356  ]
at minimum 112.0302 accepted 0  with params [-5.56444468  0.45464921  0.70034617 45.62693774]
at minimum 109.5541 accepted 0  with params [-5.02434479  0.17499803  2.79104082 41.15462357]
at minimum 147.8177 accepted 0  with params [-6.          0.73525795  2.60699488 34.67396294]
at minimum nan accepted 1  with params [-5.49922992  0.67933274  2.4008544  41.56054087]
at minimum 134.6788 accepted 1  with params [-5.7932956   0.60947503  2.68351309 40.15417841]
at minimum nan accepted 1  with params [-5.5289713   0.37422182  2.42721382 40.1756706 ]
at minimum 123.6260 accepted 1  with params [-5.38927831  0.64255119  2.43272496 35.45245648]
at minimum nan accepted 1  with params [-5.78270469  0.5293038   2.63972432 35.35390232]
at minimum 146.5532 accepted 1  with params [-6.          0.6750606   3.         35.22195938]
at minimum 123.8065 accepted 1  with params [-5.8012571   0.26586571  2.93454057 69.58302423]
at minimum 122.8177 accepted 1  with params [-6.          0.29622316  2.68259718 73.40327743]
at minimum 121.1420 accepted 1  with params [-5.84291714  0.31328708  2.69790871 65.25445443]
at minimum 148.7459 accepted 0  with params [-6.          0.74671377  3.         34.21378909]
at minimum 144.6573 accepted 0  with params [-6.          0.44087876  2.65571156 65.20181478]
at minimum 124.5289 accepted 0  with params [-6.          0.33527631  2.7051435  65.28397243]
at minimum 121.2739 accepted 0  with params [-5.86733354  0.31486444  2.64499559 66.06210582]
at minimum nan accepted 1  with params [-6.          0.28035256  2.76871659 65.04811052]
at minimum 136.2201 accepted 1  with params [-5.88068653  0.59666836  2.42073176 41.31316645]
at minimum 118.8206 accepted 1  with params [-5.69245736  0.35608834  2.54761788 55.55561764]
at minimum 130.5658 accepted 0  with params [-6.          0.43531439  2.98969522 55.11360408]
at minimum nan accepted 1  with params [-5.81997878 -0.08717299  2.09850589 55.23304371]
at minimum 121.5423 accepted 1  with params [-5.98180292  0.27401518  2.05548963 75.28487496]
at minimum 121.9802 accepted 1  with params [-6.          0.26723435  2.20347954 77.51561183]
at minimum nan accepted 1  with params [-6.00000000e+00  7.58576314e-02  2.54414527e+00  7.75832399e+01]
at minimum 122.2589 accepted 1  with params [-6.          0.26859631  2.40072453 77.8127489 ]
at minimum nan accepted 1  with params [-6.00000000e+00  7.01607308e-02  2.15424005e+00  7.74529243e+01]
at minimum nan accepted 1  with params [-5.81786378e+00  1.90554111e-02  1.70613780e+00  7.72637679e+01]
at minimum 124.1951 accepted 1  with params [-6.          0.20025654  1.52632753 89.3848314 ]
at minimum 123.9852 accepted 1  with params [-6.          0.2180518   1.73530657 89.70269143]
at minimum 145.7644 accepted 0  with params [-6.          0.56224085  0.06015736 43.7396079 ]
at minimum 125.8607 accepted 0  with params [-5.7130712   0.54260843  1.96114841 42.89390241]
at minimum 122.8321 accepted 1  with params [-6.          0.22420187  1.47245377 89.61720957]
at minimum 141.5179 accepted 0  with params [-5.97729101  0.64760693  1.41308523 38.70311882]
at minimum 119.2848 accepted 1  with params [-6.          0.2078231   1.10002655 89.29623566]
at minimum 136.1304 accepted 0  with params [-6.          0.52035025  3.         47.46471403]
at minimum nan accepted 1  with params [-6.00000000e+00  3.57812617e-02  1.44020482e+00  8.91529111e+01]
at minimum 123.5288 accepted 1  with params [-5.98874024  0.36945571  1.5551946  61.25971203]
at minimum 146.3998 accepted 0  with params [-6.          0.72205466  1.59919503 35.1602212 ]
at minimum 123.4587 accepted 1  with params [-6.          0.36030218  1.38892943 60.65232652]
at minimum nan accepted 1  with params [-5.68218806  0.08130992  1.62772359 60.39876654]
at minimum nan accepted 1  with params [-6.         -0.29082832  1.97609384 60.23067831]
at minimum 573.1644 accepted 1  with params [-6.         -0.4755291   1.79084929 10.        ]
at minimum nan accepted 1  with params [-5.94872606 -0.11889973  2.05593721 10.05867867]
at minimum 547.6270 accepted 1  with params [-6.         -0.36988939  2.04635089 10.        ]
at minimum 158.3439 accepted 1  with params [-5.77173114  0.99        1.74917468 26.0657846 ]
at minimum 158.2926 accepted 1  with params [-6.          0.99        1.52124726 26.14704383]
at minimum nan accepted 1  with params [-6.          0.95425294  1.92842975 26.14879993]
at minimum 128.7189 accepted 1  with params [-5.72929209  0.566007    2.3219237  41.91451357]
at minimum 131.9464 accepted 0  with params [-5.63037085  0.21970258  1.88120066 60.97326643]
at minimum 163.6283 accepted 0  with params [-4.9848226   0.99        2.06699381 25.39193732]
at minimum nan accepted 1  with params [-6.          0.24288273  2.7415016  41.73100255]
at minimum nan accepted 1  with params [-5.86289326  0.07825737  2.89944123 42.05390461]
at minimum nan accepted 1  with params [-5.42049231 -0.15060668  2.77721672 41.59916122]
