at minimum 51.7692 accepted 1  with params [-4.49999989  0.4         0.50000003 40.0000034   1.00000022  1.00000015]
at minimum 37.1557 accepted 1  with params [-4.74632666  0.25433863  0.73492408 39.63635194  0.662904    0.89650386]
at minimum 36.2333 accepted 1  with params [-4.67873685  0.36905605  0.59258271 39.93034874  0.58418856  1.34894654]
at minimum 76.6643 accepted 0  with params [-5.07872876e+00  3.00185535e-02  3.90504217e-01  4.01183314e+01
  5.34330820e-01  1.53934584e+00]
at minimum 43.8285 accepted 0  with params [-4.49955036  0.25594023  0.52539126 39.72002196  0.60688981  1.83654666]
at minimum 72.2605 accepted 0  with params [-4.30208621  0.4913814   0.36952329 39.97620676  1.04583048  0.95268117]
at minimum 32.9456 accepted 1  with params [-4.58728709  0.17144203  0.09752821 40.08661163  0.92299312  1.59850671]
at minimum 57.6411 accepted 0  with params [-4.35680686 -0.09728173  0.13721861 40.46481862  0.76469285  1.62426663]
at minimum 126.7577 accepted 0  with params [-4.44937627 -0.14322199  0.05       40.02351484  1.41308216  1.9852184 ]
at minimum 73.9849 accepted 0  with params [-4.38956125  0.49111149  0.50522715 40.14363825  0.97064296  1.49269979]
at minimum nan accepted 1  with params [-4.43639968 -0.28906215  0.40830388 40.53389999  0.83616355  2.        ]
at minimum nan accepted 1  with params [-4.03888609 -0.45629712  0.26503661 40.32322309  0.88806685  1.61909105]
at minimum 77.8142 accepted 1  with params [-4.23439326 -0.32323848  0.45686775 40.10729753  0.87413696  1.91966077]
at minimum 58.1911 accepted 1  with params [-4.18690793e+00 -1.84597551e-02  4.08983302e-01  4.03981038e+01
  9.50387112e-01  1.99999996e+00]
at minimum 80.0373 accepted 0  with params [-4.26899462  0.31503614  0.90856691 40.83775236  0.62955644  2.        ]
at minimum 125.1884 accepted 0  with params [-3.91088631  0.40850386  0.82831781 40.37909001  1.18365713  2.        ]
at minimum 109.1267 accepted 0  with params [-3.74081827 -0.2637452   0.05       40.62526974  0.48693501  1.91939099]
at minimum 78.8126 accepted 0  with params [-4.18956567  0.28204008  0.58569399 40.25234445  1.16171815  1.99999998]
at minimum 90.7104 accepted 0  with params [-4.31567677 -0.34140601  0.51427733 40.31717372  0.77670389  1.86621313]
at minimum 92.5059 accepted 0  with params [-3.72156839 -0.27823719  0.45537691 40.06939338  0.93192682  2.        ]
at minimum 61.6543 accepted 0  with params [-4.24204213 -0.1607634   0.65467929 40.49061555  0.94667263  1.65121784]
at minimum 112.3968 accepted 0  with params [-3.70414559  0.22258449  0.33311288 40.62758449  1.42870468  1.89291259]
at minimum nan accepted 1  with params [-3.82192211 -0.24310729  0.19214152 40.23958079  0.76630459  1.88657996]
at minimum 158.6678 accepted 1  with params [-3.46116901e+00 -2.13670410e-02  5.00000000e-02  3.99660604e+01
  2.75784223e-01  2.00000000e+00]
at minimum 18715.5362 accepted 0  with params [-3.10170788  0.2518521   0.05       39.83431202  0.47773522  2.        ]
at minimum 1614220.4262 accepted 0  with params [-3.08962783  0.31210269  0.41852588 40.43477232  0.          2.        ]
at minimum 155.8169 accepted 1  with params [-3.54773817  0.44671455  0.0500001  40.3587137   0.31988559  2.        ]
at minimum 485713.8561 accepted 0  with params [-3.26324475  0.7490782   0.38562039 40.28580054  0.77119969  1.57265428]
at minimum 103384.5307 accepted 0  with params [-3.07655889 -0.04474763  0.05000114 40.85643914  0.7942015   1.50555929]
at minimum 5039.3054 accepted 0  with params [-3.36011997  0.3510719   0.24205963 39.87176446  0.          2.        ]
at minimum 11608.2749 accepted 0  with params [-3.27435895  0.6172607   0.14093074 40.33346284  0.72955443  1.9902111 ]
at minimum 324228434470270830597111808.0000 accepted 0  with params [-3.72441290e+00  7.32836995e-01  5.00000000e-02  4.06898456e+01
  1.62555063e-10  1.97670431e+00]
at minimum 922.7424 accepted 0  with params [-3.35933285  0.73103845  0.05       40.6710891   0.21466684  1.73544986]
at minimum 156.8490 accepted 0  with params [-3.76941166  0.66177597  0.05000271 40.70997547  0.18381383  1.65474547]
at minimum 93.9466 accepted 1  with params [-3.8481037   0.16012698  0.50913618 39.99500436  0.29756997  1.50372197]
at minimum 81.1364 accepted 1  with params [-3.86184753 -0.24468274  0.32089359 40.31682309  0.49180546  1.98745841]
at minimum 81.2928 accepted 1  with params [-3.9747288  -0.23475623  0.23933997 40.33226594  0.93714394  1.99999999]
at minimum 119.9508 accepted 0  with params [-3.49975498  0.08758065  0.32374807 40.21457669  1.25849944  1.74315153]
at minimum 68.2369 accepted 1  with params [-4.18745355  0.14097346  0.72874395 40.41023726  1.40877197  1.61657436]
at minimum 104.8149 accepted 0  with params [-4.36234373  0.51971559  0.99274908 40.50754873  1.3742009   1.69858068]
at minimum 191.3825 accepted 0  with params [-3.76002828  0.62212827  0.81983589 40.85167321  1.84267682  1.23202906]
at minimum 63.3708 accepted 1  with params [-4.47110989  0.36321421  0.43179911 40.64980921  1.07619699  1.84692114]
at minimum 81.6331 accepted 0  with params [-4.54498885  0.55204626  0.84406928 40.39772351  1.14325642  1.59380128]
at minimum 78.2743 accepted 0  with params [-4.70692013  0.5118197   0.83400294 40.87443976  0.59485427  1.98846577]
at minimum 231.9242 accepted 0  with params [-4.22739918  0.82575631  0.51638521 40.8145647   0.69520055  2.        ]
at minimum 88.2131 accepted 0  with params [-4.8530266  -0.07346431  0.76729531 41.04533207  1.30752008  2.        ]
at minimum 49.4764 accepted 1  with params [-4.61566816  0.33549772  0.10661102 41.12838296  0.89267498  2.        ]
at minimum 87.7236 accepted 0  with params [-5.07509980e+00  5.91447464e-03  4.34961310e-01  4.11134467e+01
  1.34399377e+00  1.56680577e+00]
at minimum 62.0232 accepted 0  with params [-5.00133011  0.69282507  0.50807299 40.69395568  0.8756019   1.52206074]
at minimum 64.4395 accepted 0  with params [-4.37007194  0.37604836  0.05       41.10210294  0.5391164   1.65028689]
at minimum 118.8805 accepted 0  with params [-4.95280034  0.75118219  0.37265808 41.311204    1.19107216  1.62218184]
at minimum 113.6662 accepted 0  with params [-4.98530348  0.70245383  0.05       41.00291748  0.8078129   1.99999981]
at minimum nan accepted 1  with params [-4.35326597  0.54340739  0.54594669 41.46744092  1.33695561  2.        ]
at minimum 154.0408 accepted 1  with params [-3.9565283   0.63392237  0.36593292 41.57126853  1.23096953  1.83063812]
at minimum 178.3591 accepted 0  with params [-3.53052261  0.48149597  0.05       41.56814135  0.92896425  2.        ]
at minimum 233.8591 accepted 0  with params [-3.93276826  0.86023888  0.71278908 41.13070916  1.61015091  1.78181196]
at minimum 125.3990 accepted 1  with params [-3.85637981  0.43624703  0.16919126 41.43683906  1.14745413  2.        ]
at minimum nan accepted 1  with params [-3.55691182  0.86940357  0.29155424 40.98922975  0.82062365  2.        ]
at minimum 151079.6064 accepted 1  with params [-3.22719426  0.8864133   0.64226143 41.2827095   0.86801579  2.        ]
at minimum 10700.4199 accepted 1  with params [-3.38366997  0.99        0.91691894 41.70046367  0.75536996  2.        ]
at minimum 368512535406281536.0000 accepted 0  with params [-3.11705349  0.99        0.58339814 41.28780937  0.71913913  2.        ]
at minimum 206597.6589 accepted 0  with params [-3.11625377  0.95174052  1.17117047 41.89958281  1.17634614  2.        ]
at minimum 9614497697528357267703538384896.0000 accepted 0  with params [-3.00591349  0.99        1.31046191 42.06254308  0.36747423  1.87765652]
at minimum 558.7427 accepted 1  with params [-3.49287571  0.95263124  0.97610631 42.08059191  1.20207551  1.9999999 ]
at minimum 182.0406 accepted 1  with params [-3.91262523  0.53826648  1.21646988 42.28120316  1.55873498  1.85393691]
at minimum 294.0371 accepted 0  with params [-3.86538741  0.88806017  1.39708713 42.14951925  1.35111034  1.99999989]
at minimum 185.5274 accepted 0  with params [-3.6390187   0.35322168  1.30324825 42.37091921  1.33816928  1.68421725]
at minimum 275.4855 accepted 0  with params [-3.47429606  0.60904699  1.31787249 42.13032476  1.14142613  1.44246826]
at minimum 295.0243 accepted 0  with params [-3.81128699  0.98673721  1.35365963 42.3113252   1.30539505  1.71964331]
at minimum 160.7521 accepted 1  with params [-4.07061318  0.49749873  1.31142794 42.29674824  1.51837529  1.99999997]
at minimum 81.5024 accepted 1  with params [-4.30401182  0.06733445  1.67056809 42.63095711  1.92472055  1.87575125]
at minimum 135.0297 accepted 0  with params [-4.28387113  0.4193205   1.54280451 42.24360771  1.88379973  1.77302712]
at minimum 157.6395 accepted 0  with params [-4.26078747  0.46485235  1.38507338 42.35176095  2.          1.83687442]
at minimum 97.4185 accepted 0  with params [-4.09593626 -0.29815274  1.32302948 42.74376265  2.          1.99999985]
at minimum 151.1412 accepted 0  with params [-4.00185974  0.39682121  1.56142436 42.81918138  1.65030475  1.47822951]
at minimum 185.4665 accepted 0  with params [-4.57428747 -0.32227625  1.57589946 42.64556653  1.55439591  2.        ]
at minimum 170.8709 accepted 0  with params [-4.29959339  0.4663129   1.86288585 43.00094796  2.          2.        ]
at minimum 95.7208 accepted 0  with params [-3.93135926 -0.20449194  1.65116157 42.35368485  2.          1.92999904]
at minimum 63.9375 accepted 1  with params [-4.6397332   0.09737858  1.8936054  42.97080739  1.99999995  1.65616012]
at minimum nan accepted 1  with params [-4.65321278  0.25389168  2.25754439 42.90392311  2.          1.97470941]
at minimum 71.5474 accepted 1  with params [-4.90102439  0.34580293  2.43739284 43.19093415  1.99999875  1.99216178]
at minimum 251.7458 accepted 0  with params [-5.28257192  0.57649983  2.8622909  42.91953716  2.          2.        ]
at minimum 91.8441 accepted 0  with params [-4.98328288  0.05692023  2.70543894 43.59804428  1.86889388  1.99999933]
at minimum 57.8902 accepted 1  with params [-5.05159325  0.39640973  2.55192335 43.12560757  1.68308993  1.86322863]
at minimum 32.1690 accepted 1  with params [-5.2166791   0.30925025  2.66058502 43.2759655   1.64695318  1.83914703]
at minimum 88.1811 accepted 0  with params [-4.91474156  0.52666922  2.76237736 42.9405044   1.45282119  1.59162185]
at minimum 57.5278 accepted 0  with params [-5.05866871  0.44815996  2.69502899 42.86168231  1.61538059  1.39184289]
at minimum 179.2932 accepted 0  with params [-4.92450833  0.64964941  2.45369331 43.37524881  1.51302481  1.99999999]
at minimum 157.3805 accepted 0  with params [-5.35321673  0.51267619  3.         43.31439731  1.9398253   2.        ]
at minimum 138.2837 accepted 0  with params [-5.63439549  0.09646262  2.22095511 42.91097369  1.62056802  1.90620225]
at minimum 250.2180 accepted 0  with params [-5.45503428e+00 -1.70080577e-02  2.66427839e+00  4.32726987e+01
  1.66689022e+00  2.00000000e+00]
at minimum 105.5266 accepted 0  with params [-5.03990096  0.06095405  3.         42.96292317  1.27021567  1.66135861]
at minimum 131.6076 accepted 0  with params [-5.2230458   0.67541036  2.54219727 43.05603399  1.25002386  2.        ]
at minimum 103.5899 accepted 0  with params [-5.29377811  0.54486674  2.9660642  42.89325413  1.60993246  1.7991006 ]
at minimum nan accepted 1  with params [-5.02705775  0.6886414   3.         43.53114712  1.2219464   2.        ]
at minimum 2993.8607 accepted 1  with params [-4.69548158  0.99        3.         43.5547699   0.93647734  1.99999993]
at minimum 321.1450 accepted 1  with params [-4.69791792  0.79014057  3.         43.60491184  0.84853181  2.        ]
at minimum 67.9541 accepted 1  with params [-4.62526531  0.38671971  3.         43.72622738  0.5300382   1.99999961]
at minimum 67.3360 accepted 1  with params [-4.5039233   0.1541224   3.         43.60183232  0.48147329  2.        ]
at minimum 58.7108 accepted 1  with params [-4.59061475  0.15904243  2.92567306 43.21782344  0.34935395  2.        ]
at minimum 46.5794 accepted 1  with params [-4.85535903  0.26270774  2.63226498 43.03004038  0.47560784  1.78603019]
