at minimum 16.7998 accepted 1  with params [-4.5         0.4         3.         31.49024663]
at minimum 23.1757 accepted 0  with params [-4.89360275  0.72493     3.         31.83342161]
at minimum 24.5215 accepted 0  with params [-4.0007124   0.11576359  2.80980255 29.63122266]
at minimum 29.8374 accepted 0  with params [-4.10152803  0.45513841  3.         29.29927141]
at minimum 44.3925 accepted 0  with params [-4.84098929  0.99        3.         27.84082047]
at minimum 58.4754 accepted 0  with params [-4.89927828  0.15198887  3.         35.99634367]
at minimum 19.1783 accepted 0  with params [-4.28558930e+00 -1.49531050e-02  2.65460945e+00  3.11193446e+01]
at minimum 34.1908 accepted 0  with params [-4.00818046  0.46724062  3.         28.93377431]
at minimum 26.3384 accepted 0  with params [-4.9697442   0.78249733  2.68856739 31.32611934]
at minimum 16.5709 accepted 1  with params [-4.66733504  0.46515629  3.         32.5151799 ]
at minimum 19.3765 accepted 0  with params [-4.9222493   0.61612008  3.         33.58474428]
at minimum nan accepted 1  with params [-4.98743827  0.12289749  2.98496393 32.40368143]
at minimum 56.1236 accepted 1  with params [-4.81828712  0.10475702  3.         32.48579935]
at minimum 17.8068 accepted 1  with params [-4.38101087  0.1638268   2.95676138 32.26261997]
at minimum 34.0701 accepted 0  with params [-4.04021045  0.49830943  3.         28.95077445]
at minimum 16.5220 accepted 1  with params [-4.65956407  0.46068477  2.84164342 32.39562799]
at minimum 19.5444 accepted 0  with params [-4.94455556  0.62861214  2.37388726 33.31371154]
at minimum 27.2687 accepted 0  with params [-5.01902772  0.79828395  2.66647309 31.32110815]
at minimum 32.4950 accepted 0  with params [-4.7038559   0.8326109   3.         29.50088519]
at minimum nan accepted 1  with params [-4.97762041  0.42309482  3.         32.8002461 ]
at minimum 18.7926 accepted 1  with params [-4.79629524  0.60864973  2.81377108 32.42056003]
at minimum 38.6665 accepted 0  with params [-4.83842606  0.92868612  3.         28.69553441]
at minimum 16.5285 accepted 1  with params [-4.59533307  0.3770555   3.         31.77395603]
at minimum nan accepted 1  with params [-5.09423189  0.29761201  2.75007009 31.53168161]
at minimum 39.8385 accepted 1  with params [-5.5669691   0.99        2.32642385 28.49294668]
at minimum 36.2545 accepted 1  with params [-5.93809975  0.85526635  2.68640318 32.8180787 ]
at minimum 34.5114 accepted 1  with params [-5.44539512  0.89288427  0.93258088 30.71022723]
at minimum 30.0558 accepted 1  with params [-5.93750047  0.63708184  1.08564781 42.23972022]
at minimum nan accepted 1  with params [-5.91782519  0.49815601  1.48766488 42.59092675]
at minimum 38.5541 accepted 1  with params [-5.69589013  0.95888667  3.         29.40304783]
at minimum 39.6672 accepted 0  with params [-6.          0.99        3.         28.70087362]
at minimum 39.6648 accepted 0  with params [-6.          0.99        2.8162225  28.69839235]
at minimum 34.1283 accepted 1  with params [-5.83652554  0.80348044  3.         34.56450318]
at minimum 32.9121 accepted 1  with params [-5.76632278  0.78592506  3.         34.94945535]
at minimum 39.6863 accepted 0  with params [-5.75266536  0.99        2.62272191 28.60294556]
at minimum 40.0770 accepted 0  with params [-5.42371693  0.99        3.         28.40992463]
at minimum nan accepted 1  with params [-6.          0.95392346  2.58025511 34.46363698]
at minimum 26.8842 accepted 1  with params [-5.67138519  0.55357501  2.9748436  45.17285271]
at minimum 27.4199 accepted 0  with params [-5.26027531  0.50600807  3.         40.19132103]
at minimum 23.6441 accepted 1  with params [-5.18117507  0.70023238  2.9520833  34.47043549]
at minimum 37.4405 accepted 0  with params [-6.          0.88693349  3.         31.81551947]
at minimum 35.9112 accepted 0  with params [-4.94954528  0.99        0.05       28.77031413]
at minimum 58.5110 accepted 0  with params [-5.06962357  0.25121625  2.92579704 39.19575139]
at minimum 31.7656 accepted 0  with params [-4.82742791  0.84609568  3.         29.80065983]
at minimum nan accepted 1  with params [-4.68822748  0.33094301  3.         34.5705102 ]
at minimum 25.0117 accepted 1  with params [-5.10877055  0.75241245  2.91127554 32.79079454]
at minimum 38.2816 accepted 0  with params [-6.          0.92470883  3.         30.60064724]
at minimum nan accepted 1  with params [-5.32691685  0.33733918  3.         32.65195659]
at minimum 39.6735 accepted 1  with params [-5.79913181  0.99        3.         28.63118808]
at minimum 40.3100 accepted 1  with params [-5.34870792  0.99        2.89716746 28.3449308 ]
at minimum 25.4578 accepted 1  with params [-5.29666662  0.54469896  2.78839758 39.62064765]
at minimum 26.1290 accepted 1  with params [-5.56438353  0.59459249  2.74183964 41.66871378]
at minimum 36.0671 accepted 0  with params [-5.89208913  0.85719241  2.84683974 32.7036828 ]
at minimum 38.8845 accepted 0  with params [-5.5439282   0.9699455   3.         28.99223999]
at minimum nan accepted 1  with params [-5.15796279  0.50275501  3.         41.90111943]
at minimum 36.8987 accepted 1  with params [-5.43246459  0.4166654   3.         46.78433415]
at minimum 29.7517 accepted 1  with params [-5.50798659  0.47889598  3.         46.13740673]
at minimum 59.7271 accepted 0  with params [-5.17509383  0.28258246  2.90159427 41.64885368]
at minimum nan accepted 1  with params [-5.79066958e+00  3.46840645e-02  2.65320407e+00  4.57404068e+01]
at minimum 39.6646 accepted 1  with params [-6.          0.99        2.80236989 28.69821107]
at minimum 31.0338 accepted 1  with params [-6.          0.62312907  3.         43.80507745]
at minimum 30.6444 accepted 1  with params [-6.          0.60668866  3.         44.83990803]
at minimum nan accepted 1  with params [-5.84064012  0.3124078   3.         45.16694174]
at minimum 29.3978 accepted 1  with params [-5.48005989  0.49258541  2.67617199 46.118335  ]
at minimum 34.4943 accepted 0  with params [-5.9261284   0.31436726  3.         72.06764565]
at minimum 23.9674 accepted 1  with params [-5.65700445  0.44604667  0.35498628 51.38616977]
at minimum 35.1149 accepted 0  with params [-5.83991851  0.83518253  3.         33.40882061]
at minimum 32.8470 accepted 0  with params [-5.9446511   0.72017592  0.75385837 38.09846309]
at minimum nan accepted 1  with params [-5.38947565  0.21903002  0.59921098 51.00397666]
at minimum 28.5512 accepted 1  with params [-5.68994079  0.41741478  1.00880333 52.55830828]
at minimum 38.0785 accepted 0  with params [-5.56697383  0.36903651  1.34736797 51.23996671]
at minimum 33.7378 accepted 0  with params [-5.62783237  0.41300604  2.26301127 51.55493346]
at minimum nan accepted 1  with params [-5.31887041e+00  1.30469045e-02  6.32483891e-01  5.29838014e+01]
at minimum 109.7608 accepted 1  with params [-4.9125046  -0.28419381  0.71505874 35.34024248]
at minimum 93.7192 accepted 1  with params [-5.00583659 -0.17308242  0.44688781 35.10354156]
at minimum nan accepted 1  with params [-5.39469447 -0.48380147  0.86517046 35.40823454]
at minimum 40.3359 accepted 1  with params [-5.1625784   0.99        0.86338193 28.26476149]
at minimum 40.9239 accepted 1  with params [-5.1538275   0.99        1.13038612 28.19405058]
at minimum 44.4403 accepted 0  with params [-4.8322228   0.99        1.5417923  27.85435049]
at minimum 19.4376 accepted 1  with params [-4.98009688  0.61980189  0.96412198 33.4159396 ]
at minimum 42.8157 accepted 0  with params [-4.95063652  0.99        1.32528328 27.98486265]
at minimum 24.0677 accepted 0  with params [-5.06784644  0.31923609  0.64084727 39.34272265]
at minimum 23.4728 accepted 0  with params [-5.39189846  0.49278563  0.78861138 42.29238961]
at minimum 17.9151 accepted 1  with params [-4.9603645   0.54567452  0.7966309  34.24269093]
at minimum nan accepted 1  with params [-5.07020623  0.46825967  0.62106024 34.07849106]
at minimum nan accepted 1  with params [-5.28542502  0.5828698   0.44531818 33.73382592]
at minimum 17.4025 accepted 1  with params [-4.90600247  0.51885905  0.68928562 33.99504369]
at minimum 17.2717 accepted 1  with params [-4.49623959  0.20537521  0.52979795 31.81271521]
at minimum 24.7914 accepted 0  with params [-4.2348036   0.46582571  0.55825882 29.76394405]
at minimum 16.4868 accepted 1  with params [-4.78437709  0.46803821  0.96102153 32.97781121]
at minimum 23.7667 accepted 0  with params [-5.18789248  0.53951926  2.45364655 37.45058826]
at minimum 24.3220 accepted 0  with params [-4.41674226  0.61204351  0.05       30.33255375]
at minimum 25.0821 accepted 0  with params [-4.96167619  0.76196569  3.         31.71006123]
at minimum 17.3453 accepted 1  with params [-4.90077444  0.48555114  0.94226542 33.35695741]
at minimum 16.5037 accepted 1  with params [-4.78860416  0.46649134  1.18870453 33.00280676]
at minimum 43.9364 accepted 0  with params [-4.96418686  0.15802732  1.10714777 36.96974453]
at minimum nan accepted 1  with params [-4.69729845  0.34452449  0.91961772 32.6584316 ]
at minimum nan accepted 1  with params [-5.04168152  0.35972448  1.00641379 32.48274658]
at minimum nan accepted 1  with params [-5.31884379  0.11393329  0.88372329 32.38800046]
at minimum 39.5961 accepted 1  with params [-5.60888826  0.99        1.03518988 28.53919281]
at minimum 39.6195 accepted 1  with params [-5.86751588  0.99        1.47818457 28.64417916]
