at minimum 464.2684 accepted 1  with params [-4.50000002  0.39999998  0.49999999 39.99999951  0.99999998  0.99999998]
at minimum 555.6627 accepted 0  with params [-4.65364535  0.81090896  0.36360026 40.29367088  1.29007219  1.24778365]
at minimum 425.1302 accepted 1  with params [-4.06116119e+00 -1.60072579e-02  7.51069829e-01  4.03146967e+01
  5.43868140e-01  1.18315697e+00]
at minimum 424.6846 accepted 1  with params [-3.70542935 -0.04296847  0.73838647 40.74052198  0.68526423  1.15222973]
at minimum 458.6060 accepted 0  with params [-3.30298068  0.34949642  0.91552134 40.77824462  0.3661002   1.53139422]
at minimum 429.5546 accepted 0  with params [-3.64279044 -0.3325708   0.40159742 40.38756679  0.72688163  0.89596371]
at minimum 455.3060 accepted 0  with params [-3.26274101  0.33250133  0.47367684 40.40346153  1.05589948  1.35033082]
at minimum 438.4489 accepted 0  with params [-3.74779637 -0.43650811  0.31891298 40.93465538  1.16094929  1.62351079]
at minimum 425.7242 accepted 0  with params [-3.89852873e+00  9.71364732e-04  2.51332697e-01  4.04370347e+01
  1.97426421e-01  1.49890497e+00]
at minimum 432.2589 accepted 0  with params [-3.88702851 -0.36618654  0.65022731 40.37034154  0.25078048  1.58258677]
at minimum 429.5350 accepted 0  with params [-3.81235436  0.05841843  0.96780235 41.21116367  0.57091684  0.91416956]
at minimum 425.4090 accepted 1  with params [-3.56039552 -0.21088331  0.42735473 41.18443401  0.83518623  1.40443544]
at minimum 439.9526 accepted 0  with params [-3.43139427  0.19412705  0.15468453 40.93150539  1.02123753  1.37233445]
at minimum 442.3744 accepted 0  with params [-3.39464527  0.21676952  0.67711718 40.9691463   1.26675458  1.18494433]
at minimum 457.1239 accepted 0  with params [-3.72638375 -0.59179928  0.86121253 40.91973477  1.03408902  1.57414821]
at minimum 443.7332 accepted 0  with params [-3.79530308 -0.48454817  0.43607657 41.01031316  0.60963086  1.88976791]
at minimum 467.5912 accepted 0  with params [-3.18512814 -0.65369681  0.65251985 41.07079673  0.6533567   1.29793427]
at minimum 430.1086 accepted 0  with params [-3.7411901  -0.31694559  0.57436178 41.28441548  1.32185056  1.2791757 ]
at minimum 433.7878 accepted 0  with params [-3.51583396 -0.3644588   0.05       41.48907716  0.54496877  0.93322291]
at minimum 425.3812 accepted 1  with params [-3.86057796e+00 -2.74328489e-02  5.00000000e-02  4.10109606e+01
  4.47692526e-01  1.45628376e+00]
at minimum 430.3451 accepted 0  with params [-3.83283423 -0.34157033  0.42582754 40.54592935  0.34133621  1.26425552]
at minimum 457.9923 accepted 0  with params [-3.9636783   0.34244807  0.20518447 40.84818083  0.43813634  1.17755434]
at minimum 424.6782 accepted 1  with params [-3.69841461 -0.20153964  0.05       40.99245557  0.91340627  1.71506085]
at minimum 425.1946 accepted 0  with params [-4.19753122e+00 -2.08447773e-02  8.46676373e-02  4.05513070e+01
  9.02458705e-01  1.35812604e+00]
at minimum 424.2109 accepted 1  with params [-3.69397484 -0.17835843  0.15204733 40.97658337  1.20652557  2.        ]
at minimum 425.0947 accepted 0  with params [-4.01524746 -0.18750609  0.43091743 41.36583365  1.03163207  1.95122227]
at minimum 443.9422 accepted 0  with params [-3.36598085 -0.48922116  0.28100907 40.80812692  1.47287315  1.99999887]
at minimum 472.8678 accepted 0  with params [-4.1820197  -0.67785267  0.08748146 41.24430054  1.40969546  1.89369084]
at minimum 432.9228 accepted 0  with params [-3.90586319  0.1021977   0.10943049 41.40758948  0.94086982  1.99999995]
at minimum 433.8270 accepted 0  with params [-3.91072824 -0.37514841  0.05       41.23950252  1.39461196  1.99999966]
at minimum 448.3184 accepted 0  with params [-3.76766865 -0.52546541  0.15476466 40.99253879  1.02771431  1.60141987]
at minimum 427.2178 accepted 0  with params [-3.78191158e+00  2.19548768e-02  5.00000000e-02  4.08573695e+01
  1.58584890e+00  1.60508422e+00]
at minimum 436.0359 accepted 0  with params [-4.07923168  0.14499038  0.05       41.21657404  1.2015843   1.61130037]
at minimum 431.7006 accepted 0  with params [-3.32047429  0.08492001  0.05       41.41174963  1.49190222  1.76707216]
at minimum 445.8272 accepted 0  with params [-3.85129903 -0.50722163  0.05       40.66488949  1.3696003   1.66223239]
at minimum 451.9426 accepted 0  with params [-3.20992191 -0.55291825  0.05       40.93810032  0.84234996  2.        ]
at minimum 424.6501 accepted 0  with params [-4.04311589 -0.06432087  0.05       40.96643168  1.44504371  1.7302327 ]
at minimum 445.6043 accepted 0  with params [-4.13902488  0.25342688  0.3377196  40.59580766  0.82151613  1.5791554 ]
at minimum 424.2073 accepted 1  with params [-3.93866281 -0.17895428  0.05       40.93163707  1.57253155  1.81858362]
at minimum 440.0471 accepted 0  with params [-3.72999268  0.18578946  0.05       41.37590827  1.24210841  2.        ]
at minimum 426.7234 accepted 0  with params [-3.88824262 -0.25588425  0.53804412 41.00080072  1.87228984  1.50154279]
at minimum 462.5887 accepted 0  with params [-4.43441997 -0.62870999  0.48828626 40.84254432  1.70476506  1.75627184]
at minimum 426.3424 accepted 0  with params [-3.79443577 -0.23537125  0.05000013 41.36107491  1.82218156  1.73737437]
at minimum 448.1119 accepted 0  with params [-3.57691761 -0.50908796  0.0500002  41.42034447  1.76200107  1.33079779]
at minimum 426.3008 accepted 0  with params [-3.92143553e+00 -8.37290501e-03  5.00000000e-02  4.11346054e+01
  1.91990112e+00  2.00000000e+00]
at minimum 429.0755 accepted 0  with params [-3.67257765 -0.32510009  0.05000009 40.49673323  1.40849517  1.58024457]
at minimum 424.4781 accepted 1  with params [-3.78831321 -0.12685251  0.23590943 41.41656212  1.1081611   2.        ]
at minimum 448.1653 accepted 0  with params [-4.0783658   0.25322724  0.70495338 41.58887556  1.17282303  2.        ]
at minimum 431.7752 accepted 0  with params [-3.59357793 -0.33822617  0.07471804 41.65281062  1.48704369  1.99999996]
at minimum 453.0691 accepted 0  with params [-4.17745679 -0.5490489   0.35723685 41.4091423   1.34708471  1.99999971]
at minimum 425.4585 accepted 0  with params [-3.3890847  -0.05343837  0.05       41.33951652  0.87335483  1.67739966]
at minimum 424.7296 accepted 1  with params [-4.02268737 -0.16928074  0.05386345 41.47844954  0.71562203  2.        ]
at minimum 428.0203 accepted 0  with params [-3.75949817 -0.26932388  0.05000005 41.27182168  0.87739363  1.99999996]
at minimum 452.7968 accepted 0  with params [-4.26436304 -0.5378322   0.44248578 41.92842561  0.57086501  2.        ]
at minimum 448.1457 accepted 0  with params [-4.4352247  -0.51407708  0.26262944 41.40049533  0.51368046  1.98102722]
at minimum 425.6960 accepted 0  with params [-4.12163988 -0.22149033  0.33306446 41.15163706  1.0149718   1.71284974]
at minimum 446.6008 accepted 0  with params [-4.35346095 -0.4948158   0.05000149 41.65482434  0.4248269   1.62764542]
at minimum 440.3284 accepted 0  with params [-4.2147123  -0.43287747  0.05       41.75674115  0.5615771   2.        ]
at minimum 425.8772 accepted 0  with params [-4.11809879 -0.18922528  0.32865017 41.73782277  0.32456963  1.99999995]
at minimum 430.6999 accepted 0  with params [-4.20365688  0.0807774   0.30037406 41.03161388  0.31009395  2.        ]
at minimum 445.6107 accepted 0  with params [-3.80477194 -0.48685529  0.24253071 41.39709105  0.28452448  1.8366602 ]
at minimum 436.0346 accepted 0  with params [-3.70399511 -0.39903617  0.14033784 41.34879293  0.50099636  1.99999966]
at minimum 428.6954 accepted 0  with params [-3.78648202 -0.29401619  0.05       41.22412438  0.79739806  1.99999994]
at minimum 429.0151 accepted 0  with params [-3.92614855 -0.29320651  0.05000003 41.27790272  0.47236127  1.94030575]
at minimum 440.7942 accepted 0  with params [-4.28076153  0.19931936  0.37493318 41.12414975  0.71318643  1.75254855]
at minimum 437.4840 accepted 0  with params [-4.02872306  0.15785344  0.11187728 41.37961521  0.65169232  1.82141254]
at minimum 438.1134 accepted 0  with params [-3.62573594  0.15892466  0.24909898 41.5773091   1.00055903  1.99999998]
at minimum 426.8407 accepted 0  with params [-4.02354585e+00 -3.55423049e-02  5.00011574e-02  4.19026860e+01
  4.68078506e-01  1.85408868e+00]
at minimum 424.3988 accepted 1  with params [-4.26822757 -0.17506147  0.24940714 41.20707815  0.80629006  2.        ]
at minimum 424.9169 accepted 1  with params [-4.4895532  -0.16937226  0.05       41.31919308  0.41690145  2.        ]
at minimum 438.9714 accepted 0  with params [-4.26457655  0.16814311  0.2608851  41.55452772  0.8339285   1.82915035]
at minimum 437.6414 accepted 0  with params [-4.18640257 -0.41859553  0.05000016 40.97966467  0.16624395  1.99999975]
at minimum 434.5329 accepted 0  with params [-4.15676383  0.12703057  0.05       41.28361151  0.39702551  1.7758869 ]
at minimum 455.2165 accepted 0  with params [-4.73156459e+00 -5.65450975e-01  3.74362273e-01  4.13343446e+01
  4.05306014e-02  2.00000000e+00]
at minimum 424.9694 accepted 1  with params [-4.54535415 -0.13290588  0.05       41.61034773  0.304541    2.        ]
at minimum 434.0112 accepted 0  with params [-4.50006051 -0.36222208  0.34489089 41.64486149  0.          1.82264735]
at minimum 431.7722 accepted 0  with params [-4.29814649 -0.32936194  0.27741151 41.76909533  0.75289373  1.97882169]
at minimum 425.7254 accepted 1  with params [-4.77333183 -0.09328882  0.21180978 41.88270283  0.21038951  1.612553  ]
at minimum 430.6708 accepted 0  with params [-4.59586333  0.05141978  0.08461207 41.89518293  0.54820715  1.47178157]
at minimum 445.4418 accepted 0  with params [-4.77977222  0.23511315  0.22689663 41.45329822  0.35130667  1.50646258]
at minimum 447.4847 accepted 0  with params [-4.54577810e+00  2.30550440e-01  1.91499028e-01  4.22490739e+01
  1.13618927e-02  1.82078616e+00]
at minimum 426.7564 accepted 0  with params [-5.05212981e+00 -2.31489841e-01  6.36749885e-01  4.17012646e+01
  2.45858900e-08  1.79962826e+00]
at minimum 428.8194 accepted 0  with params [-4.79939047e+00 -5.20531425e-03  5.00000000e-02  4.22547891e+01
  2.84332088e-01  1.76376722e+00]
at minimum 426.5893 accepted 0  with params [-4.61396449 -0.08017591  0.51900889 42.12694049  0.08332885  1.48929263]
at minimum 434.9916 accepted 0  with params [-5.17742479 -0.38389082  0.48690527 41.61166887  0.46696195  1.17651684]
at minimum 449.9376 accepted 0  with params [-5.13488987e+00 -5.16866674e-01  5.00000274e-02  4.17175407e+01
  1.57859097e-08  1.41823848e+00]
at minimum 424.7516 accepted 1  with params [-4.44850323 -0.16616776  0.05       41.43675153  0.44006019  1.94376391]
at minimum 436.9551 accepted 0  with params [-4.0993726   0.14236736  0.05000018 41.77211729  0.83081877  1.99999988]
at minimum 428.5707 accepted 0  with params [-4.35949772  0.04841045  0.05       41.02094326  0.16407375  2.        ]
at minimum 425.6158 accepted 0  with params [-4.85202468 -0.07759482  0.34786107 41.65617436  0.68673745  1.99999944]
at minimum 428.6403 accepted 0  with params [-4.84180973 -0.28934639  0.050001   41.23095401  0.13986889  2.        ]
at minimum 435.1020 accepted 0  with params [-4.81231406 -0.3695647   0.44065855 41.76814555  0.3138912   1.79489186]
at minimum 430.4218 accepted 0  with params [-4.69352797 -0.32663679  0.31850252 41.02327923  0.27952637  1.52851764]
at minimum 445.3554 accepted 0  with params [-4.71149773 -0.49268698  0.18590781 41.1000693   0.43820471  1.76242691]
at minimum 453.1013 accepted 0  with params [-4.71106341 -0.54952928  0.05       41.58843628  0.8322372   2.        ]
at minimum 425.5029 accepted 1  with params [-4.87580928 -0.1910884   0.25147116 41.60675683  0.33088253  1.68220141]
at minimum 429.3352 accepted 0  with params [-4.79062523e+00  2.33884286e-02  2.98436896e-01  4.19186789e+01
  3.06050363e-01  1.68340588e+00]
at minimum 429.6030 accepted 0  with params [-4.45440804e+00 -2.97867373e-01  6.99759898e-01  4.16959525e+01
  3.16468751e-02  1.70911466e+00]
at minimum 428.6934 accepted 1  with params [-5.04551800e+00  1.78256219e-02  2.79608597e-01  4.17624393e+01
  4.16840915e-01  1.97647698e+00]
at minimum 439.8807 accepted 0  with params [-4.8472166   0.16979588  0.15719118 41.91225636  0.36700733  1.99999983]
at minimum 435.2230 accepted 0  with params [-5.39717381  0.12204635  0.18266272 41.72971264  0.79373125  2.        ]
