at minimum 194.4546 accepted 1  with params [-4.5         0.4         0.5        39.99999997  1.          1.        ]
at minimum 231.3645 accepted 0  with params [-4.21524592  0.80129193  0.97044446 39.61701878  0.55782545  1.14516304]
at minimum 268.3191 accepted 0  with params [-4.50378547  0.79205191  0.71433663 39.56168611  1.1698137   0.79087858]
at minimum 236.6403 accepted 0  with params [-4.14168046  0.82322528  0.05       39.65507297  0.97079257  1.0657942 ]
at minimum 264.8226 accepted 0  with params [-4.63617571  0.70647771  0.68717189 40.16655589  1.32194024  0.93039035]
at minimum 197.8911 accepted 0  with params [-4.81837754  0.72481195  0.24494145 39.64365927  0.95002924  0.86041342]
at minimum nan accepted 1  with params [-4.7691389   0.88782452  0.07860661 40.43855634  1.20326598  1.00454203]
at minimum 352.8304 accepted 1  with params [-4.88750358  0.74220199  0.4389616  40.01540823  1.62415208  1.1518024 ]
at minimum 1769.8652 accepted 0  with params [-5.27314457  0.99        0.20399342 40.17151324  1.95968768  1.49022196]
at minimum nan accepted 1  with params [-4.56946065  0.61174383  0.52397354 39.91746766  1.95530994  1.36167685]
at minimum 354.3898 accepted 1  with params [-4.74616015  0.61238867  0.83012621 39.79297921  1.99999995  1.54220191]
at minimum 382.6623 accepted 0  with params [-4.44070734  0.69760799  1.20853713 39.96307474  2.          1.95656143]
at minimum 479.6558 accepted 0  with params [-4.9146737   0.93762314  0.64197146 39.33212851  1.7272152   1.92597168]
at minimum 199.4951 accepted 1  with params [-4.88956708  0.37470172  0.34999001 39.81247394  2.          1.49590947]
at minimum nan accepted 1  with params [-4.58446851  0.70083781  0.56589192 39.89301573  2.          0.99800711]
at minimum 261.1333 accepted 1  with params [-4.23012055  0.46795766  0.31912113 40.201263    1.90073742  0.71545358]
at minimum 359.9791 accepted 0  with params [-4.55625491  0.75182728  0.38530451 40.38424608  1.59829401  0.73459933]
at minimum 284.6774 accepted 0  with params [-4.26089704  0.65148014  0.74225693 39.82418562  1.47670124  0.78986161]
at minimum 310.6433 accepted 0  with params [-3.76632542  0.68646005  0.05       40.01124014  1.72504618  0.50499794]
at minimum 265.3797 accepted 0  with params [-4.17177949  0.41827241  0.66889388 40.20358128  1.95298049  0.93994369]
at minimum 867.8609 accepted 0  with params [-3.73574128  0.86594912  0.05000245 40.00338859  1.81461924  0.57480459]
at minimum nan accepted 1  with params [-4.29815903  0.10160181  0.05       39.70211887  1.47814357  0.24201969]
at minimum 228.8502 accepted 1  with params [-4.20352282  0.46003894  0.21235049 39.5461181   1.27265646  0.42437913]
at minimum 220.8857 accepted 1  with params [-4.3974945   0.38853571  0.44191073 39.35162562  1.53034288  0.6660348 ]
at minimum nan accepted 1  with params [-4.80913927  0.79293173  0.17872031 39.6272591   1.66064553  1.11083001]
at minimum 4173.1844 accepted 1  with params [-4.6227893   0.96857235  0.05       39.98580362  1.76731589  0.80389102]
at minimum 189.4006 accepted 1  with params [-5.05856283  0.48424498  0.05000015 40.01438845  1.86062787  0.37758421]
at minimum nan accepted 1  with params [-4.83432425  0.43311044  0.05       40.15776276  1.85243476  0.42292516]
at minimum 202.8839 accepted 1  with params [-5.0594968   0.27982391  0.26718141 39.78766101  2.          0.70709621]
at minimum 295.4508 accepted 0  with params [-4.92471579e+00 -1.01853962e-02  4.07596179e-01  4.00947519e+01
  1.99999962e+00  5.53291981e-01]
at minimum 196.3790 accepted 1  with params [-5.11206483  0.33458377  0.1346967  40.14770558  1.73201611  0.74488978]
at minimum 405.7892 accepted 0  with params [-5.24221733  0.11867558  0.05000046 40.40029407  1.90270646  0.44531882]
at minimum nan accepted 1  with params [-5.12177371  0.64389539  0.57807445 40.21840691  1.6676757   0.27882964]
at minimum 809767403946465656185893925769082770567462912.0000 accepted 1  with params [-5.35508763  0.99        0.6498216  40.24679987  1.98097429  0.        ]
at minimum 1004658948431539730041630974091758094346354688.0000 accepted 0  with params [-5.64281114  0.99        0.41918934 40.19712896  2.          0.        ]
at minimum 659.5889 accepted 1  with params [-5.64711717  0.55105412  0.64119694 40.12381698  2.          0.23689265]
at minimum 3044.4522 accepted 0  with params [-5.48756192  0.9375781   0.6148243  39.75358481  1.6070788   0.68118513]
at minimum 453015489171442687806593837612443889649582080.0000 accepted 0  with params [-5.67163266e+00  9.90000000e-01  4.58082268e-01  4.05373267e+01
  2.00000000e+00  3.23644054e-02]
at minimum 215.4456 accepted 1  with params [-6.          0.5360435   0.463462   40.22724173  1.60471599  0.57769745]
at minimum 596.9329 accepted 0  with params [-6.          0.07098403  0.89672034 40.51724978  1.49738883  0.56816969]
at minimum 596.9527 accepted 0  with params [-5.85947469  0.05861117  0.91051183 39.76777568  1.83428336  0.10416375]
at minimum nan accepted 1  with params [-6.          0.3497028   0.64128035 39.73545046  1.92926364  1.00840906]
at minimum 759.3998 accepted 1  with params [-6.         -0.14495555  0.23545935 39.47443777  2.          0.67405722]
at minimum 1002.6110 accepted 0  with params [-5.99575544 -0.57660423  0.05       39.71172334  1.5719763   0.60920773]
at minimum 938.1141 accepted 0  with params [-6.         -0.61912655  0.68353383 39.13973468  2.          0.52431833]
at minimum 587.7394 accepted 1  with params [-5.66399938 -0.05186471  0.54296196 39.18171697  1.96306531  0.76407764]
at minimum 358.6601 accepted 1  with params [-5.30845377  0.14070036  1.00329948 38.72690058  1.9999962   0.3554573 ]
at minimum nan accepted 1  with params [-4.93463361  0.38899866  0.77021295 39.03268933  1.77356788  0.55185643]
at minimum 197.3434 accepted 1  with params [-5.18198164  0.46485641  0.80264752 38.6450876   1.51563119  0.34981691]
at minimum 294.9141 accepted 0  with params [-4.94854459  0.66133746  0.51197873 38.40527312  1.61442515  0.75296099]
at minimum 206.2890 accepted 0  with params [-5.27803746  0.42681603  0.56295808 38.87732649  1.60456641  0.58378814]
at minimum 213.8303 accepted 0  with params [-4.75835038  0.41580414  0.68507703 38.65316274  1.54855895  0.        ]
at minimum 278.4281 accepted 0  with params [-5.16935685  0.37122724  0.25040937 38.80710183  1.63152936  0.04683825]
at minimum 262.3087 accepted 0  with params [-5.09584791  0.68902312  0.88844553 39.17677273  1.38212961  0.22230905]
at minimum 329.6569 accepted 0  with params [-5.11414787  0.17682553  0.26695553 38.12521827  1.33251252  0.16274348]
at minimum 238.4137 accepted 0  with params [-5.27653471  0.32960238  0.88563612 38.24472942  1.83973428  0.39345258]
at minimum 197.0773 accepted 1  with params [-4.69697096e+00  1.88746884e-01  1.01661053e+00  3.85005790e+01
  1.73507246e+00  7.03118051e-03]
at minimum 448.0942 accepted 0  with params [-5.13166674 -0.28767804  1.52290838 38.88458459  2.          0.0490421 ]
at minimum 238.9595 accepted 0  with params [-4.86007876  0.45274137  1.40665558 38.49925564  1.90649209  0.45503499]
at minimum 752.9927 accepted 0  with params [-4.65128131e+00  7.10514219e-01  5.21738311e-01  3.80860366e+01
  1.60486532e+00  1.67254510e-02]
at minimum 199.5877 accepted 0  with params [-4.29423856e+00  1.97379378e-02  5.16408928e-01  3.88380781e+01
  2.00000000e+00  0.00000000e+00]
at minimum 278.2349 accepted 0  with params [-4.24298279  0.4268258   1.13338867 38.91334448  1.74535495  0.04617962]
at minimum 314.0252 accepted 0  with params [-4.83328811 -0.28919409  1.39624213 37.96435095  1.67811788  0.19986356]
at minimum 1076.2872 accepted 0  with params [-5.02648257  0.71367641  0.58448588 38.32886732  1.7531871   0.34144549]
at minimum 249.4481 accepted 0  with params [-4.21457461  0.29802269  0.97780105 37.98479498  1.99999994  0.06298462]
at minimum nan accepted 1  with params [-4.47471515 -0.1002579   0.63420449 38.60909697  1.8837257   0.        ]
at minimum nan accepted 1  with params [-4.03571753 -0.42871948  0.5363702  39.0338478   1.97105743  0.        ]
at minimum 5391147817303981019889664.0000 accepted 1  with params [-3.48765421 -0.79672256  0.29041628 39.47054426  1.80302005  0.04236416]
at minimum 1657665333385754302281859203072.0000 accepted 0  with params [-3.00000074 -0.8999995   0.52686487 38.92137722  1.99999951  0.34710458]
at minimum 3096959065214.0181 accepted 1  with params [-3.13902485 -0.89999994  0.59761364 39.12813306  1.73544089  0.4408521 ]
at minimum 470.6659 accepted 1  with params [-3.65708891 -0.70306176  0.12942922 38.87925704  2.          0.72654505]
at minimum 384.7493 accepted 1  with params [-3.72746235 -0.66016672  0.55679684 39.11547993  2.          0.61820681]
at minimum 980.8833 accepted 0  with params [-3.49311291 -0.9         0.59487846 39.63680869  2.          0.79367988]
at minimum 314.4606 accepted 1  with params [-3.59890033 -0.44517565  1.04038776 38.56711191  2.          0.73143846]
at minimum 108099790.1825 accepted 0  with params [-3.12428392 -0.89961726  0.82821283 38.72144924  2.          0.77923888]
at minimum nan accepted 1  with params [-3.6164916  -0.33644346  0.71939204 38.70864486  1.73314171  0.79303969]
at minimum 241.4801 accepted 1  with params [-3.72695146  0.0393913   0.42997313 38.45047553  1.35071104  0.53542673]
at minimum 257.1047 accepted 0  with params [-3.63810589 -0.36707097  0.35572702 38.01333953  1.02044071  0.21337179]
at minimum 226.1768 accepted 1  with params [-3.95845988 -0.2374729   0.1781333  38.65502247  1.61285278  0.66480025]
at minimum 567.6787 accepted 0  with params [-3.51459037 -0.54178877  0.0500008  38.81350559  1.47379756  1.20040838]
at minimum 227.2256 accepted 1  with params [-4.01271756  0.25086757  0.23256292 39.09079266  1.72429231  1.05997224]
at minimum 196.2133 accepted 1  with params [-4.36126293 -0.2276744   0.4841401  38.81171217  1.58197595  0.92221529]
at minimum 262.8018 accepted 0  with params [-4.77099691  0.09848359  0.05000003 38.31468599  1.7213729   0.74056616]
at minimum 260.6394 accepted 0  with params [-4.08288444 -0.74608572  0.37876717 39.21729345  1.17933346  0.85476503]
at minimum 196.0557 accepted 1  with params [-4.02454208  0.12494961  0.05       39.17438517  1.37349441  0.65938845]
at minimum nan accepted 1  with params [-3.85497892 -0.3883818   0.52459637 39.06100554  1.19349436  0.68195857]
at minimum 285.1336 accepted 1  with params [-4.05678221 -0.89350777  0.43553236 38.98121469  1.12666796  1.09568275]
at minimum 300.3169 accepted 0  with params [-3.52067757 -0.9         0.57379904 38.8752993   1.3009441   1.19655358]
at minimum 289.1506 accepted 0  with params [-3.85310557 -0.70248126  0.60202843 38.5290879   0.96724328  1.47411727]
at minimum 326.2729 accepted 0  with params [-3.73072164 -0.9         0.05000013 39.13623253  1.24078875  0.86757657]
at minimum 216.9554 accepted 1  with params [-4.19109062 -0.44537154  0.62228993 38.77434735  0.69520092  0.72648359]
at minimum 223.7884 accepted 0  with params [-4.397154   -0.7799965   0.43460292 39.16834538  0.92279718  0.63297994]
at minimum 204.0277 accepted 1  with params [-4.41906567 -0.37098796  0.50597409 39.09709167  0.49721844  0.98752292]
at minimum 241.0785 accepted 0  with params [-4.62797221 -0.6778993   0.57029916 39.17666351  0.19894689  0.73476583]
at minimum 265.2794 accepted 0  with params [-4.40163517 -0.52978339  0.44468975 38.65809216  0.22480487  1.39779128]
at minimum 182.6697 accepted 1  with params [-4.48313034e+00 -3.45589964e-03  3.23952326e-01  3.88767128e+01
  3.10377567e-01  8.53025460e-01]
at minimum 240.2370 accepted 0  with params [-4.90728392  0.04059219  0.49543484 39.34081059  0.49030069  0.69427185]
at minimum 194.5830 accepted 0  with params [-4.31860513e+00  2.80158416e-01  5.00004544e-02  3.90449448e+01
  8.86681982e-03  1.19092350e+00]
at minimum 184.2457 accepted 1  with params [-4.24617035  0.14287187  0.05000043 39.43012219  0.22259657  1.37314291]
at minimum 247.3295 accepted 0  with params [-3.93182296 -0.18291785  0.38545906 38.91941103  0.32673946  1.3933016 ]
at minimum 288.1689 accepted 0  with params [-4.03350562  0.5392739   0.05       39.2248204   0.          1.67084739]
