at minimum 66.4598 accepted 1  with params [-4.5        0.4        0.5       46.0656179]
at minimum 51.2790 accepted 1  with params [-3.7505556   0.69193823  0.74981866 39.80100094]
at minimum 87.3546 accepted 0  with params [-3.53181021  0.99        0.79476492 38.08336325]
at minimum 70.7627 accepted 0  with params [-3.6397965   0.33375883  1.2118682  38.97372827]
at minimum nan accepted 1  with params [-4.09791638  0.99        0.25692389 39.90934216]
at minimum nan accepted 1  with params [-4.34831132  0.99        0.05       39.51146209]
at minimum 45.4845 accepted 1  with params [-4.44108278  0.99        0.33420164 39.88605188]
at minimum 54.7431 accepted 0  with params [-4.93906772  0.55480128  0.37460756 55.49048344]
at minimum 41.0359 accepted 1  with params [-4.616539    0.50118209  3.         40.91227471]
at minimum 41.9228 accepted 1  with params [-4.60510845  0.56278053  2.84996362 40.72957787]
at minimum nan accepted 1  with params [-4.98279311  0.58433805  2.41947405 40.53564974]
at minimum nan accepted 1  with params [-4.98108034  0.38766403  2.12255666 40.61706076]
at minimum 42.7212 accepted 1  with params [-4.8103893   0.68562747  1.88994752 41.50124758]
at minimum 52.9191 accepted 0  with params [-4.70524236  0.99        1.64670076 39.14737566]
at minimum 43.4681 accepted 0  with params [-4.82497303  0.70287933  1.51910865 41.8853185 ]
at minimum 48.4755 accepted 0  with params [-4.96377793  0.99        1.39269301 39.415275  ]
at minimum 57.7042 accepted 0  with params [-5.24594736  0.62137008  2.15169841 45.04883344]
at minimum 101.9268 accepted 0  with params [-4.94889004  0.25065914  1.74327306 44.118097  ]
at minimum 44.0625 accepted 0  with params [-4.88509234  0.83847794  1.73940348 40.76255621]
at minimum 41.3518 accepted 1  with params [-4.52491353  0.54481302  2.0681753  40.87052814]
at minimum 41.9669 accepted 0  with params [-4.11443409  0.2525508   1.79129339 40.45885969]
at minimum 39.0677 accepted 1  with params [-4.38274531  0.19357001  2.4196405  41.00338327]
at minimum 42.5171 accepted 0  with params [-4.78551239  0.6638092   1.98575153 41.43181639]
at minimum 76.9488 accepted 0  with params [-4.59238633 -0.16122573  2.35280873 41.11152042]
at minimum 48.9317 accepted 0  with params [-4.47530820e+00  3.19990390e-02  2.18501998e+00  4.13503730e+01]
at minimum 37.5774 accepted 1  with params [-4.11442406 -0.14943058  2.0595308  40.78610076]
at minimum nan accepted 1  with params [-4.46129038 -0.29257973  2.10125323 40.706686  ]
at minimum 60.7476 accepted 1  with params [-4.53031486  0.99        2.10682433 38.82216115]
at minimum 41.6761 accepted 1  with params [-4.59534132  0.59543959  1.79992617 41.12002997]
at minimum 39.7040 accepted 1  with params [-4.16285358  0.17153603  1.94954166 40.64189037]
at minimum 76.7027 accepted 0  with params [-3.71079008 -0.32652228  1.9691481  40.49478686]
at minimum 58.1399 accepted 0  with params [-4.42388069  0.99        1.47578253 38.97303552]
at minimum 40.9306 accepted 0  with params [-4.27165849  0.3825789   1.85182733 40.63540089]
at minimum nan accepted 1  with params [-4.19512108 -0.06652083  1.70546268 40.40978381]
at minimum 38.8409 accepted 1  with params [-4.20433588  0.18741962  1.53121136 40.8330551 ]
at minimum 53.1557 accepted 0  with params [-4.14724593 -0.12315089  1.03266687 41.23186308]
at minimum 46.6399 accepted 0  with params [-3.80171339 -0.9         1.62558681 40.12914222]
at minimum nan accepted 1  with params [-4.51748261 -0.14981775  1.77177947 41.29596739]
at minimum 43.4147 accepted 1  with params [-4.21658476 -0.37336571  2.24145375 40.81302606]
at minimum nan accepted 1  with params [-4.45871809 -0.36210554  2.44454328 41.28006532]
at minimum 38.2120 accepted 1  with params [-4.22711725 -0.26821548  2.83333082 40.83203384]
at minimum 90.9646 accepted 0  with params [-3.93050345  0.20093313  3.         40.98913452]
at minimum 39.5544 accepted 0  with params [-4.31604467 -0.0608083   2.46797243 41.01169475]
at minimum nan accepted 1  with params [-4.67055688 -0.55278671  2.58297467 40.69353228]
at minimum 38.0217 accepted 1  with params [-4.27517791e+00  1.96529286e-02  2.52736312e+00  4.09715473e+01]
at minimum 40.4614 accepted 0  with params [-4.19455767e+00  3.57008771e-02  2.81467041e+00  4.14198413e+01]
at minimum 39.6288 accepted 0  with params [-4.45204279  0.2448617   2.57845614 41.17206812]
at minimum 38.6329 accepted 0  with params [-4.08124033 -0.37501904  2.05398766 41.15673261]
at minimum 65.0218 accepted 0  with params [-4.48350071 -0.28474251  2.55640663 40.85207459]
at minimum 50.2361 accepted 0  with params [-3.88874391 -0.22116143  2.34777522 39.99483917]
at minimum 38.7369 accepted 1  with params [-4.38427569  0.11044333  2.7943737  41.13537145]
