at minimum 41.4205 accepted 1  with params [-4.49999965  0.400001    0.4999997  39.99999565  1.00000037  0.99999993]
at minimum 52.6971 accepted 0  with params [-4.52792958  0.62312227  0.35896473 39.92094049  1.11216144  0.70787751]
at minimum 77.2595 accepted 0  with params [-4.56032702  0.6607931   0.17937518 40.01094626  1.415545    1.45349322]
at minimum 44.8404 accepted 0  with params [-4.54671563  0.73869889  0.05000072 39.83277091  0.82032907  0.84812027]
at minimum 44.9018 accepted 0  with params [-4.83882908  0.37313807  0.65118615 40.16140006  1.15589859  1.04003082]
at minimum 96.3046 accepted 0  with params [-4.3995769   0.8221473   0.22135886 40.4266495   1.28857587  1.07673531]
at minimum 69.7734 accepted 0  with params [-4.14861451  0.51430708  0.69838185 39.98952315  1.03439993  0.74855879]
at minimum 52.7848 accepted 0  with params [-4.5023736   0.11202416  0.120831   40.09007198  1.06456096  1.16791928]
at minimum 46.9815 accepted 0  with params [-4.47510006  0.4423562   0.47811568 39.65239179  1.2377915   1.04348345]
at minimum 40.0374 accepted 1  with params [-4.39230698  0.38187166  0.09882874 39.78652636  1.35071238  1.22760031]
at minimum nan accepted 1  with params [-4.61653883  0.16170676  0.05       40.05115132  1.28587599  0.96260314]
at minimum 282.0705 accepted 1  with params [-4.99192299 -0.20566439  0.21462296 39.70087166  0.97857423  1.33843279]
at minimum 189.6030 accepted 1  with params [-5.07538547  0.14366929  0.05       39.77071891  1.3491896   1.28262369]
at minimum 42.0196 accepted 1  with params [-4.71924714  0.3693509   0.23099915 39.90128108  1.62741738  1.52519826]
at minimum 112.2346 accepted 0  with params [-4.81076401  0.74404133  0.06367493 40.16983603  1.49423969  1.93846998]
at minimum 356.6861 accepted 0  with params [-4.9535714  -0.09617892  0.05       40.02862895  1.86898788  1.41732054]
at minimum 40.1438 accepted 1  with params [-4.42719781  0.28744774  0.34823012 39.43328783  1.12780584  1.4396857 ]
at minimum 66.0100 accepted 0  with params [-3.99173224  0.29246058  0.45523241 39.30352234  1.61946261  1.40769261]
at minimum 93.4687 accepted 0  with params [-4.24771949  0.76872058  0.0500034  38.98655746  1.54326916  1.13511325]
at minimum nan accepted 1  with params [-4.76886613  0.71286498  0.35912329 39.28125123  1.35177732  1.75300374]
at minimum 285.8449 accepted 1  with params [-4.96978737  0.98999962  0.52263164 39.74049924  1.5521928   1.37443893]
at minimum 191.4757 accepted 1  with params [-5.46665392  0.99        0.44348089 40.10968658  1.3330432   1.51023041]
at minimum 254.1699 accepted 0  with params [-5.75379141  0.99        0.53433726 39.92307411  1.42974406  1.51751955]
at minimum 78.3405 accepted 1  with params [-5.59931801  0.61361053  0.25901889 39.97597901  1.60808567  1.54924091]
at minimum 177.6317 accepted 0  with params [-5.61445442  0.98957106  0.35661184 40.25200055  1.2939632   1.73073617]
at minimum 74.9773 accepted 1  with params [-5.26455484  0.36790361  0.7484689  40.24396791  1.21997601  1.74590105]
at minimum 223.7094 accepted 0  with params [-5.49929871  0.15721633  1.13907616 40.41982582  1.52512224  1.3249587 ]
at minimum 100.3333 accepted 0  with params [-5.63090604  0.86632866  0.73552271 40.03475711  1.20810483  1.37879398]
at minimum 149.3232 accepted 0  with params [-5.42540555  0.21296738  0.31486231 40.25042361  1.15405374  2.        ]
at minimum 74.9093 accepted 1  with params [-4.80690832  0.83882529  0.70396584 40.70874715  0.86594921  1.40957851]
at minimum 40.5764 accepted 1  with params [-4.65570039  0.50868477  0.33726542 40.47788967  0.87141251  0.99745411]
at minimum 146.6734 accepted 0  with params [-4.75134255  0.04224118  0.05000001 40.95592728  0.87324938  1.05354227]
at minimum 57.8294 accepted 0  with params [-4.95438793  0.81979358  0.06459375 40.56742063  0.46801879  0.70452872]
at minimum 74.2470 accepted 0  with params [-5.08292349  0.6695544   0.5731665  40.27227684  0.53650868  0.67962597]
at minimum 84.4788 accepted 0  with params [-4.91883808  0.99        0.72752072 40.08877715  0.79971349  1.33080857]
at minimum 77.5619 accepted 0  with params [-4.81660828  0.11560755  0.54084046 40.09439837  1.33681643  0.97688203]
at minimum 53.2321 accepted 0  with params [-4.65136775  0.59241781  0.44459765 40.04747581  1.28395361  0.49988676]
at minimum nan accepted 1  with params [-4.62410283  0.15108489  0.2523393  40.14363209  1.02931969  1.32176281]
at minimum 39.9478 accepted 1  with params [-4.33451053e+00  3.01912480e-02  2.05864224e-01  3.96849738e+01
  1.05461657e+00  1.07914469e+00]
at minimum 52.4664 accepted 0  with params [-3.97878748 -0.30409368  0.62011347 39.81038878  1.16628331  0.86839797]
at minimum nan accepted 1  with params [-3.88142293 -0.26102359  0.25737627 39.29499759  1.42208427  1.14689942]
at minimum 65.0490 accepted 1  with params [-3.96161137 -0.42406616  0.25517511 39.46124005  1.25509719  1.04519989]
at minimum 43.7718 accepted 1  with params [-4.12825343 -0.06838676  0.40925734 39.24588476  1.2834236   1.33062706]
at minimum 71.0669 accepted 0  with params [-3.74585965 -0.06642607  0.66194678 39.6851097   1.73047817  1.60045409]
at minimum 77.3163 accepted 0  with params [-3.74423888 -0.50884726  0.66193223 39.56581372  1.06027646  1.46782841]
at minimum 65.9695 accepted 0  with params [-4.58470756  0.23531787  0.05000016 39.24973217  1.36024095  1.68997353]
at minimum 59.3275 accepted 0  with params [-4.34038079  0.25480421  0.05000005 38.96499968  1.12861952  1.73380517]
at minimum 54.9455 accepted 0  with params [-4.01105135e+00  1.43416944e-03  5.00002997e-02  3.95410160e+01
  9.24214767e-01  1.50149129e+00]
at minimum nan accepted 1  with params [-4.07414439  0.08608249  0.23400844 38.96984895  1.28460317  1.77248558]
at minimum nan accepted 1  with params [-4.10289692 -0.18636283  0.420587   39.35929922  0.86220108  1.48171905]
at minimum 66.7110 accepted 1  with params [-3.91755983  0.17648474  0.64032699 39.34321921  0.6013012   1.72698235]
at minimum 45.7096 accepted 1  with params [-4.36588407  0.24113682  0.29589436 39.18050539  0.50303224  1.78029864]
at minimum 80.4594 accepted 0  with params [-4.24349707  0.4718888   0.13571389 39.48590653  0.39738451  1.94381251]
at minimum 54.0091 accepted 0  with params [-4.21872331e+00 -2.01267014e-02  1.39267337e-01  3.95558728e+01
  9.15117589e-01  1.93742192e+00]
at minimum 65.7695 accepted 0  with params [-4.55986705  0.50154554  0.09440664 39.49024457  0.64422107  1.75077568]
at minimum 63.4199 accepted 0  with params [-4.13269765  0.41481917  0.30181394 39.20215754  0.812318    1.7551647 ]
at minimum 107.7507 accepted 0  with params [-4.22676674  0.64376154  0.35402606 38.96023428  0.33092077  1.83551888]
at minimum 45.0345 accepted 1  with params [-4.5821003   0.27760293  0.29891762 39.60726877  0.62987458  1.66980823]
at minimum 52.7084 accepted 0  with params [-4.23273684  0.28256212  0.22318083 39.97360909  0.29490699  1.67464886]
at minimum 42.1789 accepted 1  with params [-4.57565666  0.15615285  0.52006776 39.25582083  0.76381072  1.90850996]
at minimum 242.2129 accepted 0  with params [-4.84173106 -0.21286197  0.37815745 38.81744162  0.40608975  2.        ]
at minimum 76.7023 accepted 0  with params [-4.55153109  0.09371997  0.12109872 39.37534013  0.44956137  1.59487588]
at minimum 75.4915 accepted 0  with params [-4.96895651  0.55221146  0.53900705 38.93381159  0.53353076  1.58557007]
at minimum 130.8193 accepted 0  with params [-4.91038077e+00  3.29489269e-02  3.06097130e-01  3.93017994e+01
  1.17010166e+00  2.00000000e+00]
at minimum nan accepted 1  with params [-4.70674275  0.45072816  0.61427024 39.11074318  0.83326026  2.        ]
at minimum 59.2131 accepted 1  with params [-4.91608583  0.58901889  0.72291169 39.02100871  1.04454329  1.7291979 ]
at minimum nan accepted 1  with params [-4.54666983  0.74065691  0.93457724 38.78294112  0.60837418  2.        ]
at minimum 166.9261 accepted 1  with params [-4.33505269  0.67477087  1.3370111  38.36019097  0.5526878   1.95327012]
at minimum 50.9968 accepted 1  with params [-4.29283052  0.36625022  1.77013666 38.20611478  0.61912023  1.89061557]
at minimum 272.4009 accepted 0  with params [-4.5780915   0.60506116  2.03887545 37.79554954  0.29488599  1.93663374]
at minimum 59.3474 accepted 0  with params [-4.11689472  0.31207061  1.54539237 38.36471078  0.59187664  2.        ]
at minimum 64.8883 accepted 0  with params [-4.37659769  0.49625055  2.00127399 38.32829923  1.05983039  2.        ]
at minimum 230.0832 accepted 0  with params [-4.47589385  0.76099214  1.44868033 38.22707086  0.39366888  1.69507555]
at minimum nan accepted 1  with params [-4.16668716  0.18119591  1.67120528 38.19789305  0.25396339  2.        ]
at minimum 59.6887 accepted 1  with params [-4.00112670e+00  2.78852902e-01  1.29419830e+00  3.77556935e+01
  2.17005252e-02  1.57233389e+00]
at minimum 61.3902 accepted 0  with params [-3.94272928  0.24376054  1.46593835 37.89230754  0.34996384  1.27718934]
at minimum 46.7533 accepted 1  with params [-4.40232166e+00  4.65803325e-01  1.63915635e+00  3.73987929e+01
  5.72401687e-08  1.21323879e+00]
at minimum 47.1275 accepted 1  with params [-4.16780697e+00  2.17838841e-02  1.74081882e+00  3.74728780e+01
  0.00000000e+00  9.56105666e-01]
at minimum 66.0265 accepted 0  with params [-3.95139583 -0.34235991  1.40563393 37.83118807  0.39531867  1.14328413]
at minimum 41.1022 accepted 1  with params [-4.46128041  0.432449    1.33123954 37.75133277  0.42729388  1.01694866]
at minimum 165.6168 accepted 0  with params [-4.18675038  0.80613333  1.04102794 37.81829739  0.26082463  1.45262295]
at minimum 62.7503 accepted 0  with params [-4.60952443e+00  3.40722354e-02  1.54953700e+00  3.81832308e+01
  5.06379048e-01  6.84523397e-01]
at minimum 49.4498 accepted 0  with params [-4.55614984  0.19696224  1.73756448 37.49705466  0.60961168  0.62870614]
at minimum 51.9721 accepted 0  with params [-4.66699565  0.76477551  1.3530071  37.58400697  0.71267747  1.14451865]
at minimum nan accepted 1  with params [-4.71246608  0.13319026  1.60787676 37.82782304  0.50114994  0.69280034]
at minimum 228.5503 accepted 1  with params [-5.10216062e+00 -4.30471784e-03  1.35668142e+00  3.74967474e+01
  5.82365978e-02  1.06375221e+00]
at minimum 128.1082 accepted 1  with params [-4.73975040e+00 -3.84811964e-01  1.37559447e+00  3.72522036e+01
  2.71430353e-07  7.33223305e-01]
at minimum 105.3765 accepted 1  with params [-4.68369917 -0.30162763  1.31834401 37.00759007  0.18341782  0.7802594 ]
at minimum nan accepted 1  with params [-4.44153569  0.04231693  1.74044864 37.10207336  0.55381917  1.06479762]
at minimum 47.5800 accepted 1  with params [-4.17341337  0.15324211  1.89582021 37.31091427  0.83361249  0.96748421]
at minimum 47.1120 accepted 1  with params [-4.34667188 -0.04915524  2.19346451 37.60860121  0.5512784   0.6944205 ]
at minimum 59.8764 accepted 0  with params [-3.8980919  -0.20202219  2.4055078  37.45249292  0.54167726  0.90747536]
at minimum 49.8520 accepted 1  with params [-4.18416062 -0.25377623  2.49118145 37.59518179  0.18765358  0.45482842]
at minimum 51.9369 accepted 0  with params [-4.00626894 -0.38528524  2.05125424 37.93169118  0.34294326  0.03930781]
at minimum 55.3097 accepted 0  with params [-4.44617595 -0.13791105  2.69665109 38.01124135  0.43606611  0.16781492]
at minimum 51.1656 accepted 0  with params [-4.13508339 -0.69358403  2.90698525 37.15420201  0.3535639   0.31187901]
at minimum 77.8804 accepted 0  with params [-4.31441027 -0.47482807  2.13887526 37.37776332  0.          0.88359998]
at minimum 58.9578 accepted 0  with params [-4.07671428 -0.4363268   2.83305636 38.03458758  0.53537354  0.80148398]
at minimum 61.5332 accepted 0  with params [-3.78552034 -0.55895601  2.5553452  37.74000274  0.32552824  0.12740747]
at minimum 49.6920 accepted 1  with params [-4.12394584e+00 -1.42417924e-02  2.04660550e+00  3.79742140e+01
  5.79007907e-01  3.63441847e-01]
at minimum nan accepted 1  with params [-4.25910157e+00  1.52544500e-02  1.98354038e+00  3.77181850e+01
  6.74408056e-01  5.12480407e-03]
