at minimum 128.2000 accepted 1  with params [-4.5         0.4         0.5        38.15430461]
at minimum 143.7210 accepted 0  with params [-4.77094912  0.79935651  0.89197711 33.76654072]
at minimum 138.3658 accepted 0  with params [-4.02905487  0.0560154   0.83188296 37.72376038]
at minimum 123.1307 accepted 1  with params [-4.55432042  0.35705903  0.78874272 36.52128787]
at minimum 157.1867 accepted 0  with params [-4.80219513  0.99        0.50450541 31.80836208]
at minimum 180.0141 accepted 0  with params [-4.72564678  0.99        3.         30.45816865]
at minimum 134.5465 accepted 0  with params [-4.8880169   0.33481154  0.85844852 40.76064354]
at minimum 128.5037 accepted 0  with params [-4.84651827  0.5207747   0.87488798 37.94094536]
at minimum 141.9290 accepted 0  with params [-4.49406523  0.7743747   0.53516535 33.97729146]
at minimum 140.9700 accepted 0  with params [-4.76288611  0.55726618  0.33564048 42.81997004]
at minimum 121.4896 accepted 1  with params [-4.41695107  0.18115916  0.79042981 35.92706527]
at minimum 125.3258 accepted 0  with params [-3.99723193e+00  1.42515834e-02  4.91097478e-01  3.60953127e+01]
at minimum 126.4303 accepted 0  with params [-4.67582829  0.36498121  0.7247067  38.41408063]
at minimum 126.5139 accepted 0  with params [-4.20032868 -0.2166725   1.14995927 33.94796743]
at minimum 144.4052 accepted 0  with params [-4.0057888   0.37600027  0.79836938 36.14226261]
at minimum 131.8939 accepted 0  with params [-4.88620157  0.41621431  0.80082255 40.44219731]
at minimum 138.1013 accepted 0  with params [-4.30405318  0.6776644   0.57056433 33.77528243]
at minimum 133.5774 accepted 0  with params [-4.46567038  0.6135495   0.47825866 35.8642401 ]
at minimum 121.8448 accepted 1  with params [-4.49888858  0.24718558  0.81699286 35.90815632]
at minimum 138.1303 accepted 0  with params [-4.33010735  0.61214435  0.80134347 33.48937241]
at minimum nan accepted 1  with params [-4.82443023  0.35275508  1.21169531 36.25436675]
at minimum nan accepted 1  with params [-4.83127979  0.10841815  1.62585445 35.75847116]
at minimum 140.3805 accepted 1  with params [-4.36018039  0.49926933  1.28827539 33.11907715]
at minimum 148.4989 accepted 0  with params [-4.07865121  0.39911663  1.18750612 32.47577933]
at minimum 162.4653 accepted 0  with params [-4.13110237  0.78669501  0.97573385 33.25167033]
at minimum 128.7969 accepted 1  with params [-4.53207114  0.51966898  0.90325467 34.83567236]
at minimum 146.0698 accepted 0  with params [-4.46663594  0.83632822  0.38418679 34.19540941]
at minimum 135.9673 accepted 0  with params [-4.95883842  0.70815438  1.24232901 35.1652331 ]
at minimum 121.3585 accepted 1  with params [-4.97749637  0.35678999  3.         35.67997916]
at minimum 121.5346 accepted 0  with params [-5.00549587  0.3007153   2.64724447 35.52977588]
at minimum 136.2196 accepted 0  with params [-5.09952574  0.68724585  3.         34.26800592]
at minimum nan accepted 1  with params [-4.88180920e+00  3.36913094e-02  2.92965052e+00  3.58637768e+01]
at minimum nan accepted 1  with params [-5.16474858  0.44045938  2.4950782  35.45376192]
at minimum 154.8350 accepted 1  with params [-6.          0.90910273  2.19529458 34.34104441]
at minimum 158.4531 accepted 0  with params [-6.          0.99        1.97274604 31.97211604]
at minimum 152.1534 accepted 1  with params [-6.          0.85449784  2.41954531 36.06094146]
at minimum 145.5336 accepted 1  with params [-6.          0.63587389  2.49515751 44.79170124]
at minimum 146.8216 accepted 1  with params [-6.          0.54535897  2.48440096 49.34951763]
at minimum 148.5475 accepted 0  with params [-6.          0.50944322  2.45050616 51.38890139]
at minimum 145.9410 accepted 1  with params [-6.          0.58517821  2.28244333 47.64366624]
at minimum 146.4938 accepted 0  with params [-6.          0.57252321  1.79841603 49.43773931]
at minimum 158.5563 accepted 0  with params [-6.          0.99        2.50781269 31.91561081]
at minimum 156.5032 accepted 0  with params [-6.          0.94561532  2.12738885 33.23469185]
at minimum 146.3958 accepted 1  with params [-6.          0.56904769  1.94122005 49.27698861]
at minimum 148.2809 accepted 0  with params [-6.          0.49942173  1.89554619 53.74052071]
at minimum 191.0076 accepted 0  with params [-6.          0.28082399  2.21411631 66.72866949]
at minimum 250.3035 accepted 0  with params [-6.          0.16247822  1.865351   78.28089664]
at minimum 154.9354 accepted 0  with params [-6.          0.41796269  1.93074718 59.26719111]
at minimum 146.5731 accepted 1  with params [-6.          0.57016413  1.73622331 49.74795926]
at minimum 176.6177 accepted 0  with params [-6.          0.26893928  1.42091183 78.74791903]
at minimum 163.5501 accepted 0  with params [-5.65436479  0.38894196  2.18222941 48.18283947]
