at minimum 55.4450 accepted 1  with params [-4.5  0.4  0.5 40.   1.   1. ]
at minimum 56.1071 accepted 0  with params [-4.3338329   0.65278573  0.8765004  39.60925066  0.91537274  0.9494767 ]
at minimum 55.1399 accepted 1  with params [-4.64199282  0.44678093  0.32347632 39.55719172  0.99682498  0.63580386]
at minimum 73.7743 accepted 0  with params [-4.93124742  0.1585397   0.8211313  39.79569523  1.2283119   0.22287642]
at minimum 76.5562 accepted 0  with params [-4.51430213  0.13604564  0.05000059 39.62574782  1.39513162  0.5198773 ]
at minimum 57.2031 accepted 0  with params [-4.89176225  0.40794308  0.29274398 39.31025393  0.70176762  0.36341514]
at minimum 74.5892 accepted 0  with params [-5.08114981  0.90790631  0.29173079 39.84146116  0.80157109  0.62166536]
at minimum 55.2393 accepted 1  with params [-4.41655098  0.4104498   0.81876825 39.96796754  1.36318773  0.52804242]
at minimum 63.1730 accepted 0  with params [-4.80813824  0.27724513  0.81410672 39.69974327  1.794971    0.1844776 ]
at minimum 82.3141 accepted 0  with params [-3.91853662  0.07536543  0.45434132 40.24890883  1.71035494  0.13262303]
at minimum 57.5683 accepted 0  with params [-4.54321124  0.34714059  0.72754723 40.04552562  1.36092993  0.73852229]
at minimum 52.9087 accepted 1  with params [-4.17301316  0.57242239  0.81596051 40.2306468   1.15793041  0.75060432]
at minimum 76.8925 accepted 0  with params [-4.4539897   0.10818107  0.58332338 40.59064259  1.51170329  0.86725197]
at minimum 72.6678 accepted 0  with params [-4.46114453  0.88754718  0.36723291 40.36984944  1.53040795  0.9715662 ]
at minimum 58.4323 accepted 0  with params [-3.74192609  0.34148469  0.91612416 39.89273737  0.82846308  0.948512  ]
at minimum 52.9029 accepted 1  with params [-3.75658196  0.52061671  1.1460668  40.07591182  1.08523363  0.87175814]
at minimum 56.9064 accepted 0  with params [-3.32211112  0.34943622  1.3922371  40.28447593  1.38257458  1.34227442]
at minimum 77.0368 accepted 0  with params [-3.58035974  0.92943447  0.86274912 39.68797206  1.1914999   1.2834311 ]
at minimum 57.4333 accepted 0  with params [-3.33437356  0.69911001  1.14577849 40.05719108  1.17840417  0.77628958]
at minimum 55.6090 accepted 0  with params [-3.58534321  0.67160566  1.12342238 40.5150928   1.10338614  0.55171582]
at minimum 58.1539 accepted 0  with params [-3.46835906  0.36062508  0.80093162 39.67989277  1.29959024  0.50260575]
at minimum 54.0864 accepted 0  with params [-3.9742043   0.51173572  0.87487762 39.58767014  1.24077696  0.97552701]
at minimum 64.9142 accepted 0  with params [-4.10347444  0.25560475  1.56807198 39.65709556  1.05203217  0.74367608]
at minimum 60.8280 accepted 0  with params [-3.99993471  0.3079916   1.2563452  39.75164901  0.7202397   0.46548004]
at minimum 58.2169 accepted 0  with params [-4.20762455  0.32605077  1.5300511  40.25747526  1.12409324  0.6441784 ]
at minimum 68.9341 accepted 0  with params [-3.3955055   0.18836964  1.47420855 40.33907762  1.39248551  0.74666865]
at minimum 60.2967 accepted 0  with params [-3.47623378  0.74345845  0.98054351 39.79407251  0.59901779  1.25738467]
at minimum 53.5585 accepted 1  with params [-3.54097629  0.55419726  0.73027187 39.83374401  0.96619081  1.08033684]
at minimum 76.3241 accepted 0  with params [-3.77062596  0.92442846  0.68789957 39.36153589  1.29563434  1.24430363]
at minimum 76.2894 accepted 0  with params [-3.47118473  0.12795539  1.19398247 40.14811727  1.22849472  1.4284347 ]
at minimum 53.3596 accepted 1  with params [-3.06038162  0.55970573  0.66446163 39.93039206  1.02235359  0.73242077]
at minimum 71.4295 accepted 0  with params [-3.26569689  0.8777376   0.67906845 39.86561094  0.67733816  0.78895938]
at minimum 57.2408 accepted 0  with params [-3.54581686  0.38345841  0.47939473 39.58908851  0.60820264  0.33446495]
at minimum 64.3207 accepted 0  with params [-3.35198751  0.24309457  0.47786896 40.11288905  1.29997024  0.26857419]
at minimum 70.8902 accepted 0  with params [-3.00000038  0.19218415  1.13342682 39.68326419  1.07323193  0.7679035 ]
at minimum 54.9341 accepted 0  with params [-3.32775923  0.41173192  0.86536442 40.00321857  1.11367159  0.91639871]
at minimum 63.5741 accepted 0  with params [-3.16285441  0.79293494  0.26777604 40.18735794  0.7265951   1.06315974]
at minimum 52.8253 accepted 1  with params [-3.00000036  0.5529874   0.73774082 40.17405121  0.65564182  0.89673946]
at minimum 56.0104 accepted 0  with params [-3.16804123  0.65891179  0.9748753  39.79084782  0.37651833  1.03873167]
at minimum 55.7942 accepted 0  with params [-3.          0.35202554  0.77834971 40.64766137  0.68401319  1.07135376]
at minimum 57.0574 accepted 0  with params [-3.45963029  0.36079182  0.45500717 40.03376181  0.50469292  0.92898968]
at minimum 61.5388 accepted 0  with params [-3.00000046  0.76779575  0.96294427 40.46794413  0.78237063  0.97185889]
at minimum 70.7010 accepted 0  with params [-3.17517389  0.86886411  0.35440673 40.39750975  0.42224234  1.22736216]
at minimum 54.3636 accepted 0  with params [-3.19463081  0.6376155   1.04767031 40.36336718  0.91712926  1.16751818]
at minimum 59.9573 accepted 0  with params [-3.30031424  0.28703296  1.13745651 40.55854555  0.35163298  0.91111614]
at minimum 58.8735 accepted 0  with params [-3.14820409  0.3133264   0.75849381 40.27417863  0.34428953  0.668753  ]
at minimum 52.8888 accepted 1  with params [-3.          0.49205186  0.78598343 40.13035866  0.92523202  1.16393857]
at minimum 55.2581 accepted 0  with params [-3.          0.36760105  0.50122333 40.5332849   0.98816314  0.69346832]
at minimum 52.0955 accepted 1  with params [-3.00000149  0.53434358  0.70670113 40.48732845  0.57841925  1.60793133]
at minimum 75.0354 accepted 0  with params [-3.16200383  0.12209184  0.79833045 40.84970585  0.42339787  1.99999938]
at minimum 70.3982 accepted 0  with params [-3.00000065  0.86654922  0.98121607 40.35686616  0.91731328  1.70858216]
at minimum 72.4290 accepted 0  with params [-3.07714407  0.88678943  0.96239969 40.14404733  0.28648892  1.52160834]
at minimum 63.7535 accepted 0  with params [-3.06796215  0.79522615  0.4933441  40.45834938  0.66787529  2.        ]
at minimum 65.6134 accepted 0  with params [-3.40582465  0.81656055  0.27260336 40.493146    0.77090024  1.48174609]
at minimum 51.4458 accepted 1  with params [-3.05844149  0.50007111  0.37138994 40.82137547  0.28669916  1.84068552]
at minimum 53.2702 accepted 0  with params [-3.35124085  0.62042529  0.23712176 40.80417933  0.04194871  1.9999993 ]
at minimum 51.7386 accepted 1  with params [-3.          0.49449215  0.05       40.67771909  0.21663978  1.5114814 ]
at minimum 51.5764 accepted 1  with params [-3.          0.50171453  0.05000048 40.77734655  0.44249965  1.72522664]
at minimum 67.6891 accepted 0  with params [-3.01235326  0.19574971  0.05000001 40.6039225   0.26661576  1.43278974]
at minimum 78.1361 accepted 0  with params [-3.00000077  0.09335886  0.42086936 41.12389523  0.19783867  1.56888881]
at minimum 53.7506 accepted 1  with params [-3.165325    0.41213899  0.17454007 40.55619792  0.82214381  2.        ]
at minimum 56.5062 accepted 0  with params [-3.00000001  0.68768124  0.5513282  40.3970975   0.80107967  1.78048727]
at minimum 53.7602 accepted 1  with params [-3.          0.43108115  0.35787672 40.23342396  0.66742852  2.        ]
at minimum 82.2007 accepted 0  with params [-3.00000164  0.07411068  0.05336235 40.39539315  0.56574964  1.99999996]
at minimum 62.0759 accepted 0  with params [-3.02072956  0.77424367  0.64781624 40.30296015  0.60798383  2.        ]
at minimum 58.1214 accepted 0  with params [-3.00000004  0.71167023  0.77737569 40.05959901  0.59653112  1.80008202]
at minimum 62.6623 accepted 0  with params [-3.18531154  0.25652908  0.39739    40.40480686  0.99500089  1.68918905]
at minimum 66.9809 accepted 0  with params [-3.00000181  0.83146586  0.69275029 39.91881328  1.06568886  1.99999879]
at minimum 70.4187 accepted 0  with params [-3.40848821  0.17471416  0.69459889 40.29992361  0.94926138  1.74468415]
at minimum 67.5413 accepted 0  with params [-3.32553361  0.83735867  0.31104611 40.37512969  0.38653618  1.99999979]
at minimum 57.8049 accepted 0  with params [-3.42768001  0.32686703  0.05000054 40.40210974  0.38467037  1.56328317]
at minimum 90.1141 accepted 0  with params [-3.08199926e+00  2.23891357e-02  1.81614123e-01  4.01563888e+01
  7.65212689e-01  2.00000000e+00]
at minimum 56.1891 accepted 0  with params [-3.41161172  0.67145307  0.21298992 40.0107576   0.97392029  1.932849  ]
at minimum 62.3508 accepted 0  with params [-3.14842574  0.26429716  0.73174886 40.30903554  0.90803203  2.        ]
at minimum 85.9203 accepted 0  with params [-3.30743945  0.04786457  0.1180385  40.37070684  0.94899818  2.        ]
at minimum 69.3215 accepted 0  with params [-3.          0.19355422  0.08066437 40.06491697  0.6886443   2.        ]
at minimum 54.4637 accepted 1  with params [-3.00000008  0.62687313  0.79076727 40.06249909  0.35181107  1.92560711]
at minimum 66.0638 accepted 0  with params [-3.          0.23313716  0.48174712 39.79505869  0.66554078  2.        ]
at minimum 80.7112 accepted 0  with params [-3.42736235  0.95719609  0.366096   39.96931889  0.73452112  1.99999728]
at minimum 52.2594 accepted 1  with params [-3.41927628  0.50137876  0.60448223 40.39688135  0.11195827  2.        ]
at minimum 57.8199 accepted 0  with params [-3.45392573  0.7067062   0.86604404 40.07609468  0.44112443  1.99999987]
at minimum 61.3255 accepted 0  with params [-3.61086758  0.76524408  0.44208592 40.75715563  0.13459572  1.99999926]
at minimum 53.0896 accepted 1  with params [-3.2908683   0.50503029  0.43743721 40.00458479  0.36584174  1.80417361]
at minimum 53.2158 accepted 1  with params [-3.0000001   0.55931429  0.35687785 39.99018788  0.71496469  1.56943317]
at minimum 53.8333 accepted 0  with params [-3.00000042  0.60489811  0.53321704 40.0691096   0.82975443  1.65795306]
at minimum 65.3010 accepted 0  with params [-3.00000014  0.23477766  0.20092863 40.11173123  0.48143092  1.71575054]
at minimum 71.5501 accepted 0  with params [-3.41706376  0.87937543  0.28918293 39.64672502  1.01365878  1.6170223 ]
at minimum 56.0639 accepted 0  with params [-3.00000016  0.65630348  0.3090557  39.71162968  0.80763337  1.15861993]
at minimum 52.5029 accepted 1  with params [-3.22395508  0.5307525   0.62898171 40.24698163  0.77324599  1.44822985]
at minimum 55.6515 accepted 0  with params [-3.19247568  0.40122349  0.62349902 39.86854362  1.09173515  1.23253359]
at minimum 53.2165 accepted 0  with params [-3.41336266  0.49727848  0.63751363 39.96811349  1.07728627  1.31784006]
at minimum 71.9389 accepted 0  with params [-3.22399491  0.1541769   0.43661396 40.61142135  0.43135153  1.88636491]
at minimum 53.8220 accepted 0  with params [-3.38604725  0.59971998  0.51208601 40.01739645  1.17206781  1.76238677]
at minimum 73.8648 accepted 0  with params [-3.          0.89789672  0.97095045 40.3709337   1.00805304  1.89777271]
at minimum 79.5175 accepted 0  with params [-3.00000034  0.0955249   0.89601713 40.35035187  1.11815571  1.56468213]
at minimum 75.0759 accepted 0  with params [-3.17635615  0.90848034  1.01187956 40.35855075  1.13160842  1.64439782]
at minimum 77.6679 accepted 0  with params [-3.32490766  0.1167755   0.64348974 39.99712359  0.56525903  1.40487988]
at minimum 74.9785 accepted 0  with params [-3.49199788  0.12979034  0.94395612 40.30526574  0.80392955  1.38700521]
at minimum 54.5592 accepted 0  with params [-3.22475383  0.63329538  0.23248597 40.12586682  0.75996156  1.21129728]
at minimum 74.1425 accepted 0  with params [-3.53964082  0.13240271  0.55298204 40.61977497  0.56261933  1.33436417]
at minimum 65.2761 accepted 0  with params [-3.38402308  0.81329823  0.5001956  40.47560175  1.14495007  1.73675904]
