at minimum 90.1546 accepted 1  with params [-4.49999993  0.40000003  0.50000011 40.00000218  1.00000004  1.00000004]
at minimum 71.0100 accepted 1  with params [-4.31558069  0.71534221  0.33232395 40.05474027  1.18807688  0.88770586]
at minimum nan accepted 1  with params [-4.35310472  0.53074738  0.8281023  39.69700173  1.2995716   0.76092073]
at minimum 95.8653 accepted 1  with params [-4.21976253  0.76505299  0.78701684 39.46211072  1.25491928  0.51115571]
at minimum 88824399478062504214528.0000 accepted 0  with params [-4.58412271  0.99        0.99707236 39.10092975  1.64464923  0.25875308]
at minimum 90.6884 accepted 1  with params [-3.89572985  0.99        0.98315492 39.91725512  1.01355653  0.71883709]
at minimum nan accepted 1  with params [-3.72878689  0.99        0.76619508 39.63502741  0.86711884  1.0650567 ]
at minimum 108.3081 accepted 1  with params [-4.06326509  0.99        1.00348858 39.47127809  0.87577676  1.36083988]
at minimum 84.7241 accepted 1  with params [-3.77134483  0.61793877  0.74636404 39.83808092  0.98997225  1.04161412]
at minimum 72.1041 accepted 1  with params [-4.03000913  0.72919386  0.25588165 40.12159852  1.253794    0.88291216]
at minimum 91.2407 accepted 0  with params [-4.36564487  0.25255812  0.44314995 40.08141724  0.81515514  1.14603187]
at minimum 99.9749 accepted 0  with params [-4.52992463  0.49632269  0.10232467 40.59728523  1.1457246   0.60437788]
at minimum 99.4196 accepted 0  with params [-3.57754545  0.78797566  0.05000002 40.47068716  1.34697339  1.11987206]
at minimum 98.7900 accepted 0  with params [-4.27677646  0.40415745  0.05000004 40.44349465  1.14460346  0.94969976]
at minimum 96.3769 accepted 0  with params [-4.40328953  0.3282592   0.21077729 40.41480266  0.80394888  1.11033374]
at minimum 99.9120 accepted 0  with params [-4.40473036  0.99        0.229728   40.27937998  1.24704054  0.62098523]
at minimum 200.1009 accepted 0  with params [-4.47138947  0.91959291  0.55183109 40.02301317  1.64027413  0.88278476]
at minimum nan accepted 1  with params [-4.36174557  0.99        0.65588086 40.1874555   1.16214203  0.39295299]
at minimum 71.0688 accepted 1  with params [-3.86708541  0.56814651  0.5557557  40.62166721  0.98881172  0.7338978 ]
at minimum 89.9168 accepted 0  with params [-3.93897322  0.94193719  0.92241606 40.46071317  1.00888903  0.97580946]
at minimum 96.3003 accepted 0  with params [-3.76595349  0.98228147  0.4528545  40.18161539  1.28033022  0.75400442]
at minimum 91.0851 accepted 0  with params [-3.5392755   0.1475257   0.73430636 40.33767736  0.76450513  0.66431888]
at minimum 120.9069 accepted 0  with params [-3.79845237  0.97946821  0.95371848 40.39661684  1.33472646  1.13674225]
at minimum 69.1204 accepted 1  with params [-4.0747055   0.34280962  0.94104753 40.5800493   1.4519307   1.06824634]
at minimum 151.0865 accepted 0  with params [-4.55980379  0.07355174  0.72728746 40.57763675  1.50984784  0.63269984]
at minimum 111.0401 accepted 0  with params [-4.41518553  0.07723117  0.76954152 40.27500979  1.034136    1.40384555]
at minimum 87.0141 accepted 0  with params [-3.85460452  0.61698337  1.395335   40.89594522  1.46848908  1.23741018]
at minimum nan accepted 1  with params [-4.53677442  0.69171679  1.05234326 40.6671182   1.72475336  1.26105816]
at minimum 85.5360 accepted 1  with params [-4.76551693  0.33659956  1.02356554 40.70456644  1.92485647  1.56635824]
at minimum 68.4986 accepted 1  with params [-4.64354733  0.5042463   1.41780807 40.86127749  1.64121921  1.45760599]
at minimum 506.0158 accepted 0  with params [-4.39362965  0.95511316  1.76525419 40.53033321  1.96538514  1.24525463]
at minimum 74.3031 accepted 0  with params [-4.47219496  0.39217514  1.1432486  40.51745977  1.39725405  1.77508109]
at minimum 123.3295 accepted 0  with params [-4.6496656   0.17160637  1.70099807 41.02528839  1.74754591  1.80430963]
at minimum 112.9612 accepted 0  with params [-4.52257882  0.12110584  1.27335297 41.02888143  1.64782265  1.78170493]
at minimum nan accepted 1  with params [-4.93380283  0.09622461  1.79910728 40.57638907  1.40981359  1.83646557]
at minimum 514.8408 accepted 1  with params [-5.30755114  0.04159216  2.230382   40.59087325  1.44764766  2.        ]
at minimum 1093.4935 accepted 0  with params [-4.89806534 -0.39822571  2.37928098 41.00380072  1.34529832  2.        ]
at minimum 402.1759 accepted 1  with params [-4.82921886 -0.09427131  2.11396406 40.83410737  1.71747622  2.        ]
at minimum 1214.5098 accepted 0  with params [-4.89585508 -0.45467632  2.35970779 40.91953155  1.64869121  2.        ]
at minimum 88.9013 accepted 1  with params [-4.57541519  0.24244598  1.78506172 40.88657582  1.96122025  1.63321692]
at minimum 232.3785 accepted 0  with params [-4.41706184 -0.25335054  2.04116385 41.16025443  1.99999995  1.53030998]
at minimum 122.6710 accepted 0  with params [-4.29234041 -0.08528421  1.74392901 40.91091867  2.          1.25494023]
at minimum nan accepted 1  with params [-4.26455937  0.74053899  1.45475365 41.06640969  2.          2.        ]
at minimum 204.7076 accepted 1  with params [-4.21307811  0.94402206  1.14625395 40.69124172  1.88804844  1.563538  ]
at minimum 251.0078 accepted 0  with params [-4.10345552  0.99        0.9324281  41.09172226  1.99999992  1.68348315]
at minimum 160.3426 accepted 1  with params [-4.40829233  0.99        1.22805443 41.1605166   1.4218737   2.        ]
at minimum 151.0232 accepted 1  with params [-4.49232951  0.99        1.70796872 41.22460993  1.54044018  1.60536334]
at minimum 174.0980 accepted 0  with params [-4.06162556  0.91046231  1.38707577 41.61182346  1.80072483  1.43729918]
at minimum 69.1469 accepted 1  with params [-4.73406383  0.49008566  1.47640718 41.58448303  1.8863748   1.98096897]
at minimum nan accepted 1  with params [-4.63457853e+00  1.40098804e-03  1.13197903e+00  4.13713974e+01
  2.00000000e+00  2.00000000e+00]
at minimum 145.0624 accepted 1  with params [-4.29447658 -0.1534092   1.47737544 41.19084992  2.          1.84194872]
at minimum 92.4457 accepted 1  with params [-4.15915253 -0.04899835  1.43333226 41.29942109  2.          1.65380954]
at minimum 71.8932 accepted 1  with params [-3.90764279  0.31685     1.81851835 41.64789471  1.96781981  1.73295333]
at minimum 120.6402 accepted 0  with params [-4.16625675  0.68568188  1.89003969 41.27252059  1.96866593  1.78684719]
at minimum 107.1251 accepted 0  with params [-3.74637821  0.50164841  1.99899633 41.71125506  1.66031506  2.        ]
at minimum 155.6116 accepted 0  with params [-3.63333654  0.70184751  1.62982587 42.05683809  1.99999996  1.65029156]
at minimum 67.2921 accepted 1  with params [-4.0550494   0.12128793  1.54163693 41.94810703  1.96661772  1.92192636]
at minimum 114.4255 accepted 0  with params [-4.16616164 -0.17117723  1.10763697 41.5028042   1.5203645   1.98715654]
at minimum nan accepted 1  with params [-3.84773731  0.31319244  1.27997311 41.85997466  2.          2.        ]
at minimum nan accepted 1  with params [-3.84581063  0.50622158  1.56219788 41.98029558  1.64347497  1.73237314]
at minimum 65.9075 accepted 1  with params [-3.91104565  0.20462251  1.26143947 42.28819283  1.81109152  1.49355748]
at minimum 76.3483 accepted 0  with params [-3.95857115  0.40929237  1.50542626 41.98590182  2.          1.60734957]
at minimum 66.4214 accepted 1  with params [-3.9795608   0.28996054  0.86334704 42.1874908   1.85842293  1.76013079]
at minimum 68.4560 accepted 0  with params [-4.25239228  0.24639845  1.12892965 41.77378137  1.95978974  1.3369104 ]
at minimum 81.6695 accepted 0  with params [-4.17578495  0.51876823  0.89151768 42.49920367  1.99999997  2.        ]
at minimum 67.2480 accepted 1  with params [-3.87871304  0.21446607  0.53446811 42.26308606  1.9716915   1.93575264]
at minimum 142.8380 accepted 0  with params [-4.17515820e+00 -2.11874880e-02  1.39908250e-01  4.24759421e+01
  2.00000000e+00  2.00000000e+00]
at minimum 102.0576 accepted 0  with params [-3.68931289 -0.04818196  0.16240994 42.66816948  1.52170754  1.97752668]
at minimum 136.0155 accepted 0  with params [-3.5596602   0.51233751  0.87962584 42.64066102  1.70375881  2.        ]
at minimum 85.7946 accepted 0  with params [-3.59841935  0.45772307  0.38382827 42.5098398   1.56772144  1.99999992]
at minimum 66.4333 accepted 1  with params [-4.32215866  0.39890005  0.76568522 42.28835575  2.          2.        ]
at minimum 98.4672 accepted 0  with params [-4.7058451   0.7258335   1.01602696 42.36200946  1.6497139   1.99999959]
at minimum 212.7351 accepted 0  with params [-4.72193118  0.84432879  0.55453281 42.45460571  1.99999976  1.78900901]
at minimum 136.5594 accepted 0  with params [-4.66504275  0.1391214   0.537503   42.33497582  1.99999997  1.61456373]
at minimum 66.4607 accepted 1  with params [-3.96036549  0.18965424  0.51033394 42.50549158  1.66354296  1.71483574]
at minimum 64.7672 accepted 1  with params [-4.11208738  0.27045005  0.83000607 42.40251528  1.58657208  1.68200261]
at minimum 79.3420 accepted 0  with params [-4.20620305  0.08721773  0.62365031 42.54447432  1.88432065  2.        ]
at minimum 80.7029 accepted 0  with params [-3.86989725  0.49330567  0.8609686  42.51487965  1.78607149  1.57788576]
at minimum 73.1022 accepted 0  with params [-4.17031383  0.12174105  0.6847681  42.65248219  1.79197981  1.43217269]
at minimum nan accepted 1  with params [-3.70043758  0.17793134  0.97327756 42.65182723  1.33367686  1.45148642]
at minimum 70.8505 accepted 1  with params [-3.66790082  0.0950483   1.26944422 43.08268314  1.37955206  1.66322511]
at minimum 104.6828 accepted 0  with params [-3.59378475  0.29750698  1.39318151 43.11234488  0.99375099  1.8425793 ]
at minimum 78.4638 accepted 0  with params [-4.07223366  0.48369837  1.12552453 43.45451741  1.18379887  1.94421043]
at minimum 68.6812 accepted 1  with params [-3.75480105 -0.15890634  1.31213928 43.14990324  1.74191352  1.72971556]
at minimum 100.7124 accepted 0  with params [-3.36990476 -0.20109504  1.00773918 43.15706255  2.          2.        ]
at minimum 68.7044 accepted 1  with params [-3.99634374e+00  3.04997974e-02  1.03209614e+00  4.32359785e+01
  1.33249644e+00  1.95748040e+00]
at minimum 73.4286 accepted 0  with params [-3.75905299  0.28507708  0.69692234 43.07975603  1.34945502  2.        ]
at minimum 128.6291 accepted 0  with params [-3.94018029 -0.39824492  1.27142803 42.98426665  1.09379961  1.92176013]
at minimum 85.4673 accepted 0  with params [-4.09048208 -0.12382519  1.15825707 43.27324665  1.05247443  1.52371611]
at minimum 80.6545 accepted 0  with params [-3.85146843 -0.27732826  1.23715875 43.2652542   1.35353057  1.6083152 ]
at minimum 74.3143 accepted 0  with params [-3.91173334  0.46633945  0.73020585 43.51722514  1.13358292  1.53670412]
at minimum nan accepted 1  with params [-4.25802213 -0.28246481  0.67546038 43.34163345  1.14483185  1.678456  ]
at minimum 152.3985 accepted 1  with params [-4.18639535 -0.31636077  0.80768575 43.42805905  1.48062877  1.8003707 ]
at minimum 72.7827 accepted 1  with params [-3.82458275e+00 -2.92983696e-02  5.83514706e-01  4.32991864e+01
  1.50291125e+00  1.59940425e+00]
at minimum nan accepted 1  with params [-3.82821019  0.20222542  0.60233408 43.65224672  1.86096891  1.96480073]
at minimum 113.5555 accepted 1  with params [-3.65128287  0.63887874  0.32971989 43.92518358  2.          1.99999963]
at minimum nan accepted 1  with params [-3.57187693  0.50611838  0.41739062 43.55727674  1.70834017  2.        ]
at minimum 2392.8093 accepted 1  with params [-3.30310481  0.27610591  0.46878656 43.85253335  2.          2.        ]
at minimum 4148854.1949 accepted 0  with params [-3.00000062  0.70649024  0.37704103 44.10169982  1.5667485   1.99999959]
at minimum 1180073.7253 accepted 0  with params [-3.20814726  0.41986212  0.60794354 44.0792912   2.          1.75503507]
at minimum 106.3012 accepted 1  with params [-3.54978334  0.31581536  0.13737484 43.73461186  2.          1.76448003]
