at minimum 73.7503 accepted 1  with params [-4.5007842   0.4         0.30619247 46.10062554]
at minimum 218.1392 accepted 0  with params [-4.85372292 -0.0805482   0.05791692 46.2674591 ]
at minimum 64.3256 accepted 1  with params [-4.34528781  0.8117909   0.06389172 45.3854264 ]
at minimum 65.7924 accepted 0  with params [-4.79230022  0.72878763  0.30806201 46.13896969]
at minimum 65.2730 accepted 1  with params [-4.7762688   0.99        0.05       43.18939312]
at minimum 65.8226 accepted 1  with params [-5.03612446  0.99        0.06422222 43.26140207]
at minimum nan accepted 1  with params [-4.72350726  0.99        0.05       43.06712765]
at minimum 66.0166 accepted 1  with params [-4.48465113  0.99        0.25396448 43.52477076]
at minimum 66.8392 accepted 1  with params [-4.07960675  0.99        0.05       42.93376914]
at minimum 67.3654 accepted 1  with params [-6.          0.99        3.         43.29105522]
at minimum 66.2035 accepted 1  with params [-6.          0.80128469  3.         52.47514215]
at minimum 73.2709 accepted 0  with params [-5.88750362  0.57224196  3.         68.75010115]
at minimum 67.3654 accepted 0  with params [-6.          0.99        3.         43.29105115]
at minimum 67.3651 accepted 0  with params [-6.          0.99        2.94916003 43.28997554]
at minimum 67.3629 accepted 0  with params [-6.          0.99        2.65639476 43.28402116]
at minimum 67.3654 accepted 0  with params [-6.          0.99        3.         43.29105332]
at minimum 67.3654 accepted 0  with params [-6.          0.99        3.         43.29105404]
at minimum 73.4317 accepted 0  with params [-6.          0.52023165  3.         75.86450456]
at minimum nan accepted 1  with params [-6.          0.59418072  2.65200186 52.67488735]
at minimum 68.7795 accepted 1  with params [-5.837988    0.68252166  2.22574742 58.96998664]
at minimum 67.8727 accepted 1  with params [-5.71079914  0.62428315  0.18499739 61.19687933]
at minimum 66.9269 accepted 1  with params [-5.87959094  0.91042803  0.05       46.72047149]
at minimum 67.3040 accepted 1  with params [-5.85579722  0.99        1.06299374 43.20889141]
at minimum 67.3014 accepted 1  with params [-6.          0.99        0.8678146  43.29661185]
at minimum 67.2501 accepted 1  with params [-5.85431325  0.99        0.74847035 43.21850983]
at minimum 67.0756 accepted 1  with params [-5.90269488  0.99        0.12494916 43.39603648]
at minimum 89.6969 accepted 0  with params [-5.41191319  0.60063372  3.         58.15440302]
at minimum 66.8592 accepted 1  with params [-5.66630476  0.99        0.05000036 43.26523683]
at minimum 66.9908 accepted 0  with params [-5.34199581  0.99        0.54785586 42.97725909]
at minimum 68.5392 accepted 0  with params [-6.          0.61533607  3.         66.05159415]
at minimum nan accepted 1  with params [-6.          0.8466981   0.05618014 43.20609393]
at minimum nan accepted 1  with params [-6.          0.58148833  0.27557051 42.87288056]
at minimum nan accepted 1  with params [-6.          0.52544474  0.05       43.27143405]
at minimum 66.8252 accepted 1  with params [-5.70082754e+00  7.88410672e-01  5.00000000e-02  5.20525573e+01]
at minimum 65.7785 accepted 1  with params [-5.32235181  0.87890713  3.         46.29673658]
at minimum 171.8259 accepted 0  with params [-5.42632785  0.38782165  2.59283455 66.87965202]
at minimum 67.7320 accepted 1  with params [-5.32668977  0.99        2.748741   42.74761531]
at minimum 76.3984 accepted 0  with params [-5.14179356  0.69158769  2.34449411 50.07684738]
at minimum 65.4976 accepted 1  with params [-5.17000101  0.88105475  2.58606766 45.44376071]
at minimum nan accepted 1  with params [-4.78210642  0.54574771  2.76198609 45.32440411]
at minimum 64.5058 accepted 1  with params [-4.43686214  0.76940393  3.         43.65366132]
at minimum 82.4368 accepted 0  with params [-4.19058742  0.99        3.         41.5815119 ]
at minimum 63.6273 accepted 1  with params [-4.44963018  0.64792902  2.80712586 44.45961597]
at minimum 74.8637 accepted 0  with params [-4.14115505  0.85852285  3.         42.27794307]
at minimum 63.1139 accepted 1  with params [-4.26892     0.56773416  3.         44.0540233 ]
at minimum nan accepted 1  with params [-4.43055941  0.34244996  2.60071597 44.4069603 ]
at minimum 71.1777 accepted 1  with params [-3.96556332  0.67030518  3.         42.66084245]
at minimum nan accepted 1  with params [-4.171764    0.17459603  2.7607337  42.70573975]
at minimum nan accepted 1  with params [-4.49992325  0.37845938  2.84576224 42.48119268]
at minimum nan accepted 1  with params [-4.48202332  0.1195957   2.50031247 42.50346556]
at minimum 65.1286 accepted 1  with params [-4.08153342  0.2921128   2.3864441  43.89211596]
at minimum 68.8090 accepted 0  with params [-4.35633539  0.83883601  2.25120659 42.82848861]
at minimum 66.3688 accepted 0  with params [-3.8434279   0.08370193  2.05445191 43.35589359]
at minimum nan accepted 1  with params [-4.5146731   0.103626    2.02229073 44.36482095]
at minimum 70.0346 accepted 1  with params [-4.87864297  0.99        2.04493818 42.20371922]
at minimum 74.2655 accepted 0  with params [-4.55312821  0.99        2.42032577 41.9162155 ]
at minimum nan accepted 1  with params [-4.95835896  0.74941975  1.82694529 41.90575562]
at minimum 67.9259 accepted 1  with params [-5.21902025  0.99        1.39939718 42.61361546]
at minimum 107.6219 accepted 0  with params [-5.13843038  0.5263593   1.59347834 53.12060697]
at minimum 66.1607 accepted 1  with params [-5.61222807  0.90441966  3.         46.32897325]
at minimum 67.0894 accepted 0  with params [-5.66915602  0.77383603  2.98478533 52.58128986]
at minimum 65.9476 accepted 1  with params [-4.59404263  0.99        0.2843096  42.8887426 ]
at minimum 65.2548 accepted 1  with params [-4.76644196  0.99        0.05       43.18707666]
at minimum 65.8514 accepted 0  with params [-5.05363045  0.99        0.05       43.26782939]
at minimum 66.4806 accepted 0  with params [-4.67145993  0.99        0.36955645 42.78698743]
at minimum 70.8364 accepted 0  with params [-4.27076318  0.99        0.60455151 42.36347932]
at minimum 63.5928 accepted 1  with params [-4.27425082  0.71317205  0.3623738  43.0776765 ]
at minimum 63.3893 accepted 1  with params [-4.22742911  0.51374218  1.21783189 43.91502   ]
at minimum 65.6290 accepted 0  with params [-4.09222608  0.28116771  1.39737203 43.64898265]
at minimum 65.0396 accepted 1  with params [-4.38955783  0.50901842  0.71116388 44.61459525]
at minimum nan accepted 1  with params [-4.42830574  0.08453382  0.39698852 44.95062937]
at minimum 79.6130 accepted 1  with params [-4.54551157  0.37133756  0.97037082 45.42379966]
at minimum 147.9570 accepted 0  with params [-4.56338364e+00  1.02676682e-04  1.27289469e+00  4.55510516e+01]
at minimum 65.0903 accepted 1  with params [-4.43555373  0.99        0.10026791 43.06923366]
at minimum 64.3820 accepted 1  with params [-4.6570158   0.74719339  2.81409234 44.85215185]
at minimum 63.1794 accepted 1  with params [-4.32277053  0.59675744  3.         44.19548152]
at minimum 63.7638 accepted 0  with params [-4.47839177  0.67135007  3.         44.31548244]
at minimum 79.1079 accepted 0  with params [-3.86772998  0.76051179  3.         42.05658744]
at minimum nan accepted 1  with params [-4.40488739  0.23329597  3.         43.66623471]
at minimum 80.4918 accepted 1  with params [-4.82431989  0.60269942  3.         47.9311815 ]
at minimum 65.6723 accepted 1  with params [-4.79336218  0.76197381  3.         45.63918048]
at minimum 86.8116 accepted 0  with params [-5.09374771  0.6279574   2.86849974 51.23964078]
at minimum nan accepted 1  with params [-5.16651341  0.69070239  2.88044153 45.77973794]
at minimum 66.1156 accepted 1  with params [-5.58262648  0.90554933  2.666591   46.16215309]
at minimum 66.0298 accepted 1  with params [-5.58604101  0.85970007  2.31882277 47.98161496]
at minimum 80.9718 accepted 0  with params [-5.14003369  0.65259177  1.78619528 50.65472179]
at minimum 74.0161 accepted 0  with params [-5.4714468   0.69512919  2.74615492 54.57606586]
at minimum 66.7195 accepted 0  with params [-5.3214828   0.82083119  2.2578342  48.01809346]
at minimum 67.3614 accepted 0  with params [-5.83136897  0.99        2.4139363  43.19018409]
at minimum 75.3404 accepted 0  with params [-5.54502909  0.66958153  2.41667364 56.55908172]
at minimum 67.7251 accepted 0  with params [-5.33996766  0.99        2.28742937 42.74422807]
at minimum 66.5051 accepted 0  with params [-5.45970534  0.9464701   2.65268127 44.35825098]
at minimum 128.5930 accepted 0  with params [-5.12525624  0.46998538  1.95819827 53.91408128]
at minimum nan accepted 1  with params [-5.82559293  0.86922359  2.59267002 48.10732589]
at minimum nan accepted 1  with params [-5.48349502  0.48142018  2.46487004 47.74494549]
at minimum 81.1208 accepted 1  with params [-5.66788308  0.5866243   2.69468368 63.69228802]
at minimum 68.2184 accepted 1  with params [-5.16491286  0.99        2.49628135 42.53896588]
at minimum 66.2091 accepted 1  with params [-5.17299035  0.93507066  2.01613978 43.93584645]
at minimum 67.3695 accepted 0  with params [-5.68025375  0.99        1.63239253 43.07304103]
at minimum nan accepted 1  with params [-4.89771946  0.7142981   2.46658382 44.3017025 ]
at minimum nan accepted 1  with params [-4.58194355  0.50847268  2.22810114 44.69261515]
