at minimum 8.2741 accepted 1  with params [-4.5         0.4         3.         37.96123204]
at minimum 11.0404 accepted 1  with params [-4.24186935  0.89019558  2.77293444 31.61454139]
at minimum 10.6712 accepted 1  with params [-5.39884122  0.99        2.65030896 31.48537176]
at minimum 10.7518 accepted 1  with params [-5.16776076  0.99        2.82391363 31.28913069]
at minimum 9.9286 accepted 1  with params [-5.14890617  0.87163614  2.39084433 39.14372952]
at minimum 10.6653 accepted 0  with params [-5.42983421  0.99        2.51797346 31.50649025]
at minimum 10.8517 accepted 1  with params [-5.01282679  0.99        2.64086917 31.15978574]
at minimum 10.6289 accepted 1  with params [-5.87986628  0.99        2.79959803 37.72068136]
at minimum 9.9341 accepted 1  with params [-5.44742122  0.6422193   3.         37.76721503]
at minimum 10.0673 accepted 1  with params [-5.26699436  0.52006415  2.63595997 40.98235531]
at minimum 10.9805 accepted 1  with params [-5.43505228  0.41995244  2.67328762 47.33458736]
at minimum 17.5743 accepted 0  with params [-5.31559049e+00 -4.01426992e-02  3.00000000e+00  4.71438366e+01]
at minimum 9.9638 accepted 1  with params [-5.60234099  0.59284664  2.1798825  47.42012801]
at minimum 10.6348 accepted 0  with params [-5.67700522  0.99        2.55897842 37.60246029]
at minimum 10.7050 accepted 1  with params [-5.28809125  0.99        2.4558871  31.38396355]
at minimum 10.6591 accepted 1  with params [-5.44962752  0.99        2.9267158  31.5361578 ]
at minimum 10.0721 accepted 1  with params [-5.87400741  0.72221542  3.         49.05138593]
at minimum 10.6294 accepted 1  with params [-6.          0.99        3.         37.77591019]
at minimum 9.9591 accepted 1  with params [-5.76021841  0.69902839  3.         49.42560424]
at minimum 11.0690 accepted 0  with params [-5.60226692  0.39388563  2.89423345 51.74080893]
at minimum 9.8595 accepted 1  with params [-5.58360169  0.6753451   2.70718895 42.84029452]
at minimum 10.6285 accepted 0  with params [-6.          0.99        2.28274736 37.7636492 ]
at minimum 10.6294 accepted 1  with params [-6.          0.99        3.         37.77590888]
at minimum 10.6288 accepted 1  with params [-5.93700006  0.99        2.73540476 37.74521749]
at minimum 10.6356 accepted 1  with params [-5.66696069  0.99        2.50049225 37.52433933]
at minimum 10.6439 accepted 1  with params [-5.56403648  0.99        2.95766511 37.06539301]
at minimum 10.7612 accepted 1  with params [-5.14296823  0.99        3.         31.27391741]
at minimum 11.1110 accepted 1  with params [-4.68586161  0.99        3.         31.10064785]
at minimum 9.3967 accepted 1  with params [-5.03606745  0.62193571  2.70947183 30.82905955]
at minimum 11.0877 accepted 0  with params [-4.7136686   0.99        3.         31.08905973]
at minimum 9.9235 accepted 0  with params [-5.31966183  0.56733391  2.98821227 41.33676314]
at minimum 10.6288 accepted 0  with params [-6.          0.99        2.52158203 37.76732783]
at minimum 10.6477 accepted 0  with params [-5.27380001  0.52239214  2.6069022  31.02007233]
at minimum 10.0061 accepted 0  with params [-5.49767644  0.847778    2.21034742 41.39919362]
at minimum 10.7348 accepted 0  with params [-5.19596344  0.99        3.         31.32099022]
at minimum 13.4875 accepted 0  with params [-5.32367486  0.21161934  2.63292264 30.58871133]
at minimum 9.7446 accepted 1  with params [-5.19793252  0.84123007  2.48180652 39.97741803]
at minimum 10.2463 accepted 1  with params [-5.63472191  0.56251148  2.76232006 40.36364524]
at minimum 10.0033 accepted 1  with params [-5.8609573   0.68783264  2.70622554 50.80129632]
at minimum 10.3173 accepted 1  with params [-6.          0.81746943  3.         44.69625117]
at minimum 10.0247 accepted 1  with params [-6.          0.5507177   3.         54.91973543]
at minimum 10.0316 accepted 1  with params [-6.          0.60798398  3.         57.40917271]
at minimum 10.4084 accepted 1  with params [-5.84348596  0.42382404  2.59036282 60.22780817]
at minimum 10.1304 accepted 1  with params [-6.          0.72641778  2.2581974  49.28326262]
at minimum 10.5835 accepted 1  with params [-5.91172098  0.99        0.05       37.89511009]
at minimum 10.5950 accepted 1  with params [-6.          0.99        0.1296426  37.89670892]
at minimum 10.5998 accepted 1  with params [-6.          0.99        0.26076529 37.87007103]
at minimum 10.6918 accepted 1  with params [-6.          0.6407547   0.05       37.77168914]
at minimum 14.1065 accepted 0  with params [-6.          0.18601478  0.11192422 37.32346178]
at minimum 10.1750 accepted 1  with params [-5.59766889  0.7488418   0.05       38.12628254]
at minimum 10.4939 accepted 0  with params [-5.41956455  0.99        0.05000006 38.11251934]
at minimum 10.5113 accepted 1  with params [-5.34654492  0.99        0.24820623 33.86109113]
at minimum 10.5856 accepted 1  with params [-5.81925114  0.99        0.32504293 37.81029113]
at minimum 7.7560 accepted 1  with params [-4.55377003 -0.23637311  0.63505439 37.95436846]
at minimum 9.1002 accepted 0  with params [-4.14247796 -0.6473275   0.45073139 37.58010978]
at minimum 7.0423 accepted 1  with params [-4.61153315 -0.26549096  0.31703101 38.50183485]
at minimum 7.9894 accepted 0  with params [-4.94227597 -0.6955962   0.07578944 59.4400142 ]
at minimum 6.9370 accepted 1  with params [-4.70563265  0.04588918  0.33544771 38.45030229]
at minimum 10.3266 accepted 0  with params [-5.19378924  0.0917227   0.45962413 38.32054785]
at minimum 9.0508 accepted 0  with params [-4.16392272e+00 -2.95339335e-02  7.22759745e-02  3.86672120e+01]
at minimum 18.4871 accepted 0  with params [-5.24315181 -0.4018001   0.81852229 38.4584552 ]
at minimum 10.3128 accepted 1  with params [-4.99813053  0.99        0.05       37.66000367]
at minimum 10.1472 accepted 1  with params [-4.72032532  0.97350233  0.05124561 37.63427838]
at minimum 10.5256 accepted 0  with params [-4.45827097  0.99        0.37395795 37.57185451]
at minimum 10.3817 accepted 1  with params [-5.14436584  0.99        0.05       37.70583656]
at minimum 9.7822 accepted 1  with params [-5.30648251  0.75049491  0.19491622 37.17955655]
at minimum 9.8043 accepted 1  with params [-5.68642118e+00  6.05286440e-01  5.00000000e-02  5.18498281e+01]
at minimum 9.9928 accepted 1  with params [-5.86497429e+00  5.65615304e-01  5.00000000e-02  5.22990515e+01]
at minimum 9.8271 accepted 1  with params [-5.85137604  0.51770771  0.1851659  52.88952934]
at minimum 12.2046 accepted 0  with params [-5.53731655e+00 -2.63586064e-02  5.00000000e-02  5.33582574e+01]
at minimum 10.4507 accepted 0  with params [-6.00000000e+00  4.16367029e-01  5.00000000e-02  5.25045417e+01]
at minimum 9.9083 accepted 1  with params [-6.          0.48756883  0.6643665  54.57963646]
at minimum 9.6849 accepted 1  with params [-5.56959438  0.60970996  0.93661139 45.35045102]
at minimum 10.6040 accepted 0  with params [-5.52350769  0.99        0.70144246 37.56657858]
at minimum 12.2372 accepted 0  with params [-5.30996139  0.20645294  1.17372023 43.63728402]
at minimum 9.8255 accepted 1  with params [-5.65596655  0.73646086  0.88607048 45.86208731]
at minimum 10.1530 accepted 0  with params [-6.          0.5532342   1.09611446 45.65137748]
at minimum 10.6234 accepted 1  with params [-6.          0.99        1.15023087 33.67879316]
at minimum 10.6260 accepted 1  with params [-5.88588519  0.99        1.58635818 37.63600659]
at minimum 10.6526 accepted 1  with params [-5.40325652  0.99        1.10682814 31.49866183]
at minimum 10.6188 accepted 1  with params [-5.78636762  0.99        1.00998313 37.67275338]
at minimum 7.9124 accepted 1  with params [-4.95311473  0.47567043  0.40544784 39.07765211]
at minimum 9.5212 accepted 0  with params [-5.31732777  0.76020157  0.76656227 39.63061269]
at minimum 7.0453 accepted 1  with params [-4.87029279e+00  3.04160033e-02  2.50469146e-01  3.95027992e+01]
at minimum 7.0288 accepted 1  with params [-4.65203142 -0.9         0.05       44.21979493]
at minimum 8.6417 accepted 0  with params [-4.27964618 -0.55169     0.53991773 38.08532102]
at minimum 6.9495 accepted 1  with params [-4.57063273 -0.9         0.16729701 44.15277254]
at minimum 8.4959 accepted 1  with params [-4.91982474 -0.9         0.12172971 55.32952791]
at minimum 13.6518 accepted 0  with params [-4.87755837 -0.9         0.58596885 34.46324737]
at minimum 8.5036 accepted 1  with params [-4.94856572  0.21815096  0.65930999 41.37428093]
at minimum 8.8167 accepted 0  with params [-4.85490958  0.19149201  1.0634628  41.53500464]
at minimum 8.2903 accepted 1  with params [-5.15900505  0.4336355   0.31110599 41.1313084 ]
at minimum 9.7313 accepted 0  with params [-5.7019791   0.66006301  0.76785123 49.4246686 ]
at minimum 7.4837 accepted 1  with params [-4.71614317  0.11361156  0.62323295 41.42739466]
at minimum 8.9114 accepted 0  with params [-5.19127332  0.52130018  0.10618131 40.89450954]
at minimum 8.2937 accepted 0  with params [-4.36581605e+00 -1.48204474e-02  3.85230654e-01  4.09717880e+01]
at minimum 10.9115 accepted 0  with params [-4.9503734  -0.23167262  0.64725886 41.89367311]
at minimum 7.2645 accepted 1  with params [-4.99927887  0.14552615  0.25523114 41.96110476]
at minimum 7.8827 accepted 1  with params [-4.69950055e+00 -3.57561131e-02  6.91056731e-01  4.18605021e+01]
at minimum 14.4177 accepted 0  with params [-4.95160095 -0.45865631  1.13520021 31.2025604 ]
at minimum 8.4920 accepted 1  with params [-4.30803077 -0.43138096  0.17436263 42.37822816]
