at minimum 3.5950 accepted 1  with params [-4.05200281  0.4         0.33226934 42.62022371]
at minimum 3.9156 accepted 1  with params [-3.84633815  0.36948462  0.54715819 42.94000038]
at minimum 4.4049 accepted 1  with params [-3.50337117  0.40460414  0.63134308 42.91002303]
at minimum 4.0914 accepted 1  with params [-3.83530449  0.69868463  0.57804224 42.94      ]
at minimum 3.4911 accepted 1  with params [-4.1868782   0.41167462  0.67571387 43.48754438]
at minimum 3.6250 accepted 0  with params [-3.82006507 -0.9         1.04148258 43.38999999]
at minimum 3.6963 accepted 0  with params [-4.10131823  0.71828347  0.05       43.65845053]
at minimum 3.4462 accepted 1  with params [-4.59624017  0.71368161  0.43038955 43.69882945]
at minimum 3.4274 accepted 1  with params [-4.51052696  0.40770461  0.83957977 43.91571433]
at minimum 3.1573 accepted 1  with params [-4.29988329  0.19554847  0.43042317 43.77483451]
at minimum 3.4513 accepted 0  with params [-4.36968231  0.63799724  0.39277264 43.99930871]
at minimum 3.3065 accepted 1  with params [-4.40580564  0.57965237  0.22600803 44.12141383]
at minimum 3.8119 accepted 1  with params [-4.14153223  0.81928956  0.18079194 43.96912257]
at minimum 4.0388 accepted 1  with params [-4.03175117  0.99        0.05       42.94      ]
at minimum 3.6447 accepted 1  with params [-3.761971   -0.9         3.         43.39566686]
at minimum 3.3979 accepted 1  with params [-3.92066528 -0.9         3.         43.40367002]
at minimum 3.4708 accepted 1  with params [-3.84907085 -0.9         3.         43.31984701]
at minimum 3.6922 accepted 1  with params [-3.73769421 -0.9         2.79909127 43.38998963]
at minimum 3.5686 accepted 1  with params [-4.09088655 -0.46244011  2.76534324 42.92398781]
at minimum 3.9474 accepted 1  with params [-4.11895821 -0.61758709  3.         43.77121578]
at minimum 4.6555 accepted 0  with params [-4.55904543  0.99        3.         42.84885745]
at minimum 3.3879 accepted 1  with params [-4.0397623  -0.31392319  2.98964005 43.513016  ]
at minimum 4.0053 accepted 0  with params [-4.1815329  -0.40371128  2.90940213 43.81026112]
at minimum 3.9400 accepted 1  with params [-3.66956588 -0.05610353  3.         43.50392482]
at minimum 3.9602 accepted 1  with params [-3.61392835 -0.9         3.         42.94000515]
at minimum 3.4008 accepted 1  with params [-3.99095394 -0.42699655  3.         42.83095563]
at minimum 3.4233 accepted 1  with params [-3.88842171 -0.9         3.         43.39500237]
at minimum 4.8345 accepted 1  with params [-4.28576883  0.99        2.7636205  42.90866506]
at minimum 4.8454 accepted 1  with params [-3.90437081  0.85875273  3.         42.93999999]
at minimum 4.5507 accepted 1  with params [-4.71752601  0.99        3.         42.74976117]
at minimum 3.4734 accepted 1  with params [-4.49015121  0.60617454  3.         42.68478289]
at minimum 4.5082 accepted 0  with params [-4.27713771  0.89347623  3.         42.93872544]
at minimum 3.8887 accepted 0  with params [-4.35353729  0.74255349  2.99937177 43.59769094]
at minimum 3.6490 accepted 1  with params [-4.17938132  0.52853146  2.51621267 43.50670965]
at minimum 4.1694 accepted 0  with params [-5.42604931  0.99        2.76463115 42.9053127 ]
at minimum 5.0169 accepted 0  with params [-3.7482892   0.89561809  2.6665791  42.93999999]
at minimum 3.7681 accepted 1  with params [-3.89200645  0.19628535  2.06288534 43.3901344 ]
at minimum 3.6375 accepted 1  with params [-4.17563048 -0.40879513  1.91824565 43.77093923]
at minimum 3.9107 accepted 0  with params [-3.73753824e+00  5.45122012e-03  2.17059324e+00  4.33900000e+01]
at minimum 3.6516 accepted 1  with params [-3.93508510e+00  1.80503145e-02  1.63728993e+00  4.32701818e+01]
at minimum 4.0026 accepted 1  with params [-4.39552501e+00 -1.15434076e-02  1.21384947e+00  4.27718810e+01]
at minimum 3.6581 accepted 1  with params [-4.33258394e+00  1.40704234e-02  1.32776848e+00  4.29503992e+01]
at minimum 3.4480 accepted 1  with params [-4.44814069  0.4351239   1.81122844 42.97467625]
at minimum 3.9253 accepted 1  with params [-5.13640744  0.92607607  1.86812605 44.28218711]
at minimum 3.9801 accepted 1  with params [-4.94934666  0.91976934  1.88489005 43.91865629]
at minimum 3.9915 accepted 1  with params [-5.32797673  0.99        0.05369881 44.13397557]
at minimum 4.0156 accepted 1  with params [-5.50730864  0.99        0.05       43.74160739]
at minimum 5.3862 accepted 0  with params [-5.01216855  0.5283539   0.31874586 43.71066968]
at minimum 3.9848 accepted 1  with params [-5.36140356  0.94200179  0.05       43.73537749]
at minimum 10.1873 accepted 0  with params [-5.58165975  0.46995189  0.51401807 44.08239064]
at minimum 4.0015 accepted 1  with params [-5.4874543   0.94753042  0.18251717 43.9772119 ]
at minimum 3.9991 accepted 1  with params [-5.44291327  0.99        0.05       43.7293339 ]
at minimum 4.1071 accepted 1  with params [-5.89629836  0.99        0.43220853 43.6757146 ]
at minimum 4.1215 accepted 1  with params [-5.62251986  0.99        0.87402176 43.409069  ]
at minimum 4.0824 accepted 1  with params [-5.08269201  0.99        0.48028603 43.83978357]
at minimum 5.3424 accepted 0  with params [-5.24482209  0.71538963  0.22891496 43.59956469]
at minimum 4.0304 accepted 1  with params [-5.15231419  0.99        0.43346491 43.22254795]
at minimum 3.8519 accepted 1  with params [-4.97460603  0.99        0.05000004 43.17404697]
at minimum 3.9234 accepted 1  with params [-4.97307801  0.99        0.26644049 43.26154587]
at minimum 3.7442 accepted 1  with params [-4.43061874  0.99        0.05       43.20650873]
at minimum 3.8972 accepted 1  with params [-4.1764008  0.99       0.05      42.9400001]
at minimum 3.9566 accepted 0  with params [-4.16263724  0.99        0.29442891 42.94      ]
at minimum 3.7684 accepted 1  with params [-4.50523925  0.99        0.12597392 42.84024573]
at minimum 3.6562 accepted 1  with params [-4.17732566  0.73853603  0.05000007 42.45798207]
at minimum 4.1429 accepted 0  with params [-3.71746193  0.34869351  0.49670738 42.94000009]
at minimum 3.8315 accepted 1  with params [-3.88549069  0.52001932  0.05       42.94      ]
at minimum 3.7453 accepted 1  with params [-4.18907777  0.84788801  0.05       42.65475743]
at minimum 3.6293 accepted 1  with params [-4.59982966  0.4977123   0.32261492 42.6175474 ]
at minimum 3.7070 accepted 1  with params [-4.12967334  0.64974068  0.42296752 43.40860048]
at minimum 2.5914 accepted 1  with params [-4.02954845 -0.9         0.05000003 43.73904753]
at minimum 5.3727 accepted 0  with params [-4.38482437 -0.9         0.50244595 43.82679238]
at minimum 2.6129 accepted 1  with params [-4.06132171 -0.44082264  0.05       43.57868499]
at minimum 2.6111 accepted 1  with params [-4.00510505 -0.9         0.05000026 43.0720881 ]
at minimum 3.1024 accepted 0  with params [-4.1553838  -0.6166975   0.40154166 42.57311695]
at minimum 2.6955 accepted 0  with params [-4.04288123 -0.81981022  0.30562075 43.62369414]
at minimum 2.6861 accepted 1  with params [-4.05655589 -0.9         0.05       43.23386954]
at minimum 5.1061 accepted 0  with params [-4.36968865 -0.9         0.43081678 42.6979064 ]
at minimum 5.8681 accepted 0  with params [-4.58542552 -0.65504202  0.05       45.5191445 ]
at minimum 3.0318 accepted 1  with params [-3.86057374 -0.65599807  0.05       43.67139024]
at minimum 3.5241 accepted 1  with params [-3.76299265 -0.9         0.05       43.85797166]
at minimum 2.7295 accepted 1  with params [-3.95740339 -0.85487415  0.05000034 43.64505778]
at minimum 3.7655 accepted 0  with params [-3.71776395 -0.9         0.38840642 43.39000515]
at minimum 3.5619 accepted 1  with params [-4.19467693 -0.68621862  0.73751263 44.50970459]
at minimum 3.6688 accepted 1  with params [-3.88204986 -0.32269581  0.43071405 44.83642883]
at minimum 5.0716 accepted 0  with params [-3.52351483 -0.72603691  0.45264974 42.90997442]
at minimum 2.7751 accepted 1  with params [-4.10498122 -0.84992624  0.05       43.57019218]
at minimum 2.7261 accepted 1  with params [-4.11088754 -0.31740101  0.05       43.20403862]
at minimum 3.4337 accepted 0  with params [-4.39902016 -0.12916947  0.05000001 43.29377994]
at minimum 2.5404 accepted 1  with params [-4.08575954 -0.60825081  0.05       43.77000782]
at minimum 3.0393 accepted 0  with params [-4.29190473 -0.16340459  0.05       43.60924152]
at minimum 3.0627 accepted 1  with params [-3.87028193 -0.9         0.05191299 43.33498944]
at minimum 3.3701 accepted 0  with params [-3.77102594 -0.63617696  0.05       43.38999483]
at minimum 2.6998 accepted 1  with params [-4.0568429  -0.74208438  0.28863307 43.18652845]
at minimum 5.7671 accepted 0  with params [-4.4017909  -0.73898526  0.83991439 42.75349672]
at minimum 6.9496 accepted 0  with params [-4.46967974 -0.9         0.60504252 43.39013464]
at minimum 4.1842 accepted 0  with params [-3.59960129 -0.67528455  0.05000001 42.77785509]
at minimum 2.7589 accepted 1  with params [-3.93760273 -0.66031024  0.05       43.39050435]
at minimum 3.2716 accepted 1  with params [-3.81195705 -0.9         0.05000001 43.16169157]
at minimum 3.6009 accepted 1  with params [-4.2648149  -0.9         0.05       43.81017252]
at minimum 8.8575 accepted 0  with params [-4.7400402  -0.84357828  0.05       47.60268783]
at minimum 11.2012 accepted 0  with params [-4.80891048 -0.82639461  0.23591256 44.07214007]
