at minimum 127.2598 accepted 1  with params [-4.5         0.4         3.         35.32315405]
at minimum 131.5001 accepted 0  with params [-4.82341658  0.34047743  3.         39.34398847]
at minimum 137.9390 accepted 0  with params [-4.5069682   0.53882614  2.77672428 34.34931702]
at minimum 162.6429 accepted 0  with params [-4.29229965 -0.9         2.65592701 32.26942333]
at minimum 121.4641 accepted 1  with params [-4.26292244 -0.05245998  3.         35.17810156]
at minimum 133.2011 accepted 0  with params [-3.98867627 -0.54847003  3.         33.35418754]
at minimum 140.8643 accepted 0  with params [-3.95294791 -0.9         3.         32.65739034]
at minimum 137.8149 accepted 0  with params [-4.01035655 -0.06046665  3.         33.37222896]
at minimum 119.2928 accepted 1  with params [-4.36854962e+00 -3.34435729e-02  2.79057281e+00  3.55027436e+01]
at minimum 135.8556 accepted 0  with params [-3.94412898 -0.47455765  3.         33.2436759 ]
at minimum 134.1253 accepted 0  with params [-4.74492486  0.18489137  3.         38.85508903]
at minimum 123.7654 accepted 0  with params [-4.38666088 -0.24520875  2.44559171 35.25369226]
at minimum 137.0817 accepted 0  with params [-3.9287087  -0.45969078  2.98622445 33.1850011 ]
at minimum 141.2196 accepted 0  with params [-4.45530701 -0.40725876  2.39829576 35.30838835]
at minimum 135.8648 accepted 0  with params [-4.41624327  0.44900305  2.69811863 35.06220375]
at minimum 121.8689 accepted 0  with params [-4.2938758  -0.23624049  2.9814805  34.93772058]
at minimum 134.1192 accepted 0  with params [-4.19706209  0.21044512  2.98046634 33.87514262]
at minimum 125.2832 accepted 0  with params [-4.63456291  0.16728834  2.79434227 35.38422769]
at minimum 161.3144 accepted 0  with params [-4.72578868 -0.07193165  2.61970927 35.96349812]
at minimum 122.6273 accepted 0  with params [-4.28951909 -0.27975014  2.55078783 35.33544483]
at minimum 160.6380 accepted 0  with params [-4.56217128 -0.36269143  2.53263975 35.20444031]
at minimum 186.0660 accepted 0  with params [-4.70203372  0.99        2.91540953 30.40549296]
at minimum 183.6163 accepted 0  with params [-4.80127685  0.99        2.85083264 30.530182  ]
at minimum 124.8291 accepted 0  with params [-4.41587935 -0.1839331   3.         35.63379919]
at minimum 130.6170 accepted 0  with params [-4.03088951 -0.47854922  3.         33.57346581]
at minimum 169.0817 accepted 0  with params [-4.82547844e+00  3.15567347e-02  2.49100824e+00  3.56448404e+01]
at minimum 122.1471 accepted 0  with params [-4.62807852  0.19946039  2.74813511 37.33541107]
at minimum 142.6385 accepted 0  with params [-3.88004008 -0.34329615  2.9029652  32.9553856 ]
at minimum 122.2805 accepted 0  with params [-4.28204076e+00 -1.21432916e-03  2.61628895e+00  3.47589305e+01]
at minimum 124.6235 accepted 0  with params [-4.55886184  0.38307734  3.         35.95697182]
at minimum 167.3756 accepted 0  with params [-4.56876068 -0.42256787  2.30752244 34.80893291]
at minimum 164.3630 accepted 0  with params [-4.06865017  0.43904895  2.83722971 35.46701843]
at minimum 138.0137 accepted 0  with params [-3.91451844 -0.47126947  3.         33.12773149]
at minimum 139.3884 accepted 0  with params [-4.78437563  0.19501839  2.56919895 35.47745353]
at minimum 125.5944 accepted 0  with params [-4.20362702 -0.41831404  3.         34.2697614 ]
at minimum 125.6137 accepted 0  with params [-4.14291136 -0.18753028  2.995604   34.75786188]
at minimum 136.3641 accepted 0  with params [-4.0201079  -0.17867011  2.39687368 33.391816  ]
at minimum 141.8450 accepted 0  with params [-3.94242766 -0.9         2.55598167 32.61611033]
at minimum 127.8717 accepted 0  with params [-4.74508948  0.21918053  2.38737914 38.43314851]
at minimum 123.7292 accepted 0  with params [-4.66028831  0.37323582  2.84955077 36.97288165]
at minimum 156.3933 accepted 0  with params [-4.03801619  0.36701911  3.         32.45398346]
at minimum 140.9936 accepted 0  with params [-3.97822921 -0.9         2.31056873 32.66376734]
at minimum 259.6818 accepted 0  with params [-4.86467414 -0.5175535   0.05       43.87909168]
at minimum 122.6283 accepted 0  with params [-4.21677229 -0.26258463  3.         34.54117032]
at minimum 119.0895 accepted 1  with params [-4.47268778  0.1254609   2.57053266 35.94828431]
at minimum 126.4607 accepted 0  with params [-4.16677231 -0.18792995  2.19300959 34.10558924]
at minimum 133.3732 accepted 0  with params [-4.4504992   0.43282156  2.7564139  36.16494364]
at minimum 119.9045 accepted 0  with params [-4.49426374  0.03684262  2.5568006  35.49797278]
at minimum 271.6290 accepted 0  with params [-4.96935042 -0.15757968  2.20986771 35.65814589]
at minimum 132.8477 accepted 0  with params [-4.0420505  -0.2634415   2.44448997 33.5612713 ]
at minimum 124.5483 accepted 0  with params [-4.15639308 -0.24423519  2.95434711 34.24629539]
at minimum 120.7371 accepted 0  with params [-4.34377373 -0.17307453  2.55926672 35.15940757]
at minimum 186.0115 accepted 0  with params [-4.80506493 -0.09516184  2.37505455 35.66318213]
at minimum 149.3364 accepted 0  with params [-4.70266458e+00 -3.06980671e-02  2.58172614e+00  3.56992884e+01]
at minimum 118.9155 accepted 1  with params [-4.45302439  0.04703934  2.25531588 35.46113486]
at minimum 122.2214 accepted 0  with params [-4.27123588 -0.21203069  2.09836826 35.37728608]
at minimum 130.5284 accepted 0  with params [-4.69934315  0.10093587  2.02616571 35.57407355]
at minimum 119.1860 accepted 1  with params [-4.41556305e+00 -2.43801738e-02  2.51622815e+00  3.54043764e+01]
at minimum 178.7274 accepted 0  with params [-4.65380552 -0.3523382   2.10147031 35.39839559]
at minimum 122.1817 accepted 0  with params [-4.48025174 -0.04258062  2.80814854 35.40014535]
at minimum 120.1440 accepted 0  with params [-4.32599851e+00  1.01876869e-02  2.92562281e+00  3.51451419e+01]
at minimum 119.0815 accepted 1  with params [-4.52626125  0.11569756  2.1023709  36.06587306]
at minimum 134.8364 accepted 0  with params [-4.57678741  0.51325634  1.85876968 34.54608938]
at minimum 152.5990 accepted 0  with params [-4.28410874  0.56197621  3.         32.86158228]
at minimum 138.3083 accepted 0  with params [-4.49918439  0.51940836  2.13544921 34.19919425]
at minimum 125.3275 accepted 0  with params [-4.29086725  0.084904    2.15633942 34.53139279]
at minimum 180.6612 accepted 0  with params [-4.95746626  0.99        2.08223834 30.7152442 ]
at minimum 120.0619 accepted 1  with params [-4.34508139 -0.1223132   2.33292423 35.03245765]
at minimum 131.9476 accepted 0  with params [-4.53758627 -0.14424059  2.51973379 34.9868926 ]
at minimum 131.0284 accepted 0  with params [-4.04851637 -0.34677343  2.57332883 33.62811017]
at minimum 161.8496 accepted 0  with params [-4.4905475  -0.52706046  2.37912768 34.79189511]
at minimum 119.0562 accepted 1  with params [-4.43366875e+00  3.90112704e-03  2.25175883e+00  3.52085440e+01]
at minimum 125.7071 accepted 0  with params [-4.23706442 -0.42780871  2.47034937 34.29302253]
at minimum 121.0264 accepted 0  with params [-4.39854542  0.11244908  2.12080554 35.06178298]
at minimum 125.5012 accepted 0  with params [-4.15118644 -0.29673855  2.60956742 34.0802728 ]
at minimum 122.1107 accepted 0  with params [-4.61450081  0.27166249  2.59120075 35.31566762]
at minimum 118.8216 accepted 1  with params [-4.48276284  0.03776408  1.82427409 35.91011629]
at minimum 123.1078 accepted 0  with params [-4.54133936  0.31246759  2.10538694 35.74407095]
at minimum 127.0040 accepted 0  with params [-4.81790412  0.42508206  1.57921345 37.77370299]
at minimum 141.2736 accepted 0  with params [-4.21204555  0.29027512  1.94179091 33.40366369]
at minimum 125.9257 accepted 0  with params [-4.7598414   0.39006192  2.03557074 36.14141779]
at minimum 119.0527 accepted 0  with params [-4.54729653  0.10690621  1.6156288  36.48101784]
at minimum 120.0680 accepted 0  with params [-4.56873911  0.20986694  2.0038022  35.6814739 ]
at minimum 127.9895 accepted 0  with params [-4.44438311 -0.34469462  1.4502012  35.69190493]
at minimum 184.4909 accepted 0  with params [-4.75472827  0.99        1.56599784 30.51028167]
at minimum 124.1972 accepted 0  with params [-4.75974236  0.34292146  1.72338637 37.73024244]
at minimum 119.2307 accepted 1  with params [-4.4879822   0.12957443  2.06484371 35.87625184]
at minimum 122.7377 accepted 0  with params [-4.26620906 -0.29381274  2.0989996  34.5637039 ]
at minimum 119.7091 accepted 0  with params [-4.39261061 -0.09145607  1.97875607 35.9647213 ]
at minimum 123.6501 accepted 0  with params [-4.635644    0.36549551  2.35769386 35.77617214]
at minimum 128.4045 accepted 0  with params [-4.11822811 -0.26044841  2.2414409  33.88508672]
at minimum 159.8552 accepted 0  with params [-4.74886215 -0.06757205  2.15680234 35.53997163]
at minimum 131.1898 accepted 0  with params [-4.89957293  0.47142515  2.1888093  38.64972285]
at minimum 133.1875 accepted 0  with params [-4.88736531  0.52576911  1.6449532  35.85444904]
at minimum 143.6049 accepted 0  with params [-4.57140985 -0.30744132  1.68744862 35.82647824]
at minimum 120.2338 accepted 1  with params [-4.45563362 -0.06593629  2.27233178 36.14500653]
at minimum 134.2872 accepted 0  with params [-4.67688485e+00  2.78317701e-02  2.33621329e+00  3.65900761e+01]
at minimum 120.2902 accepted 1  with params [-4.60519323  0.20819679  2.20557449 36.80912904]
at minimum 119.9696 accepted 1  with params [-4.57162029  0.14279438  2.33329962 36.69493692]
at minimum 182.9043 accepted 0  with params [-4.83532275  0.99        2.7531071  30.57056585]
at minimum 121.8323 accepted 0  with params [-4.27081617 -0.22681195  2.3775049  34.69016546]
