at minimum 185.7038 accepted 1  with params [-4.5         0.4         3.         37.31201378]
at minimum 201.0721 accepted 0  with params [-4.22022791 -0.04605321  3.         37.16339997]
at minimum 202.7167 accepted 0  with params [-4.20198744  0.18997582  2.94506749 35.88618262]
at minimum nan accepted 1  with params [-4.12416251  0.43445739  2.53844286 37.15554108]
at minimum 209.7088 accepted 1  with params [-4.29863148  0.51510171  2.4458266  34.93192284]
at minimum 227.1871 accepted 0  with params [-4.03295458  0.53082274  2.69291473 33.67957185]
at minimum 193.6677 accepted 1  with params [-4.67348106  0.60418174  2.4521892  37.04082194]
at minimum 198.1867 accepted 0  with params [-5.02139001  0.63025123  2.51923418 40.15715023]
at minimum 226.1955 accepted 0  with params [-4.30364313  0.72699211  2.05815219 33.73709925]
at minimum 188.6379 accepted 1  with params [-4.81180536  0.38932496  2.90387064 40.89605246]
at minimum 221.1764 accepted 0  with params [-4.34066612  0.71870095  3.         34.10670198]
at minimum nan accepted 1  with params [-4.75885802  0.13169868  2.69372172 40.59914052]
at minimum nan accepted 1  with params [-4.68906267  0.05168995  2.5074126  40.80679499]
at minimum 302.2579 accepted 1  with params [-4.85573921 -0.18724864  2.13352816 38.9164418 ]
at minimum 235.7664 accepted 1  with params [-4.98148578  0.99        2.11576318 32.74437409]
at minimum 189.5242 accepted 1  with params [-4.64989868  0.54114653  2.15311082 37.31315391]
at minimum 196.4703 accepted 0  with params [-4.53928875  0.57188256  2.50990153 36.26245977]
at minimum 218.8588 accepted 0  with params [-4.92884347  0.86380787  2.39290127 34.97865209]
at minimum 215.4029 accepted 0  with params [-4.31377071  0.58561543  1.65528802 34.5090018 ]
at minimum 181.0015 accepted 1  with params [-4.6542044   0.23604409  2.30813475 39.33037098]
at minimum 188.7655 accepted 0  with params [-4.78805725  0.55118821  2.66777357 38.83457653]
at minimum 188.3476 accepted 0  with params [-4.41518881  0.11789162  2.1019284  38.77850657]
at minimum nan accepted 1  with params [-5.12884756 -0.1834404   2.32871176 39.3664943 ]
at minimum nan accepted 1  with params [-4.96086967 -0.05766849  2.3265291  39.46049155]
at minimum 181.1988 accepted 1  with params [-4.72483351  0.34343116  2.14815076 39.71007927]
at minimum 184.6846 accepted 0  with params [-4.60561886  0.05642298  1.89545929 39.81156502]
at minimum 189.5930 accepted 0  with params [-4.82129884  0.34103802  2.3101922  38.76958362]
at minimum 233.1436 accepted 0  with params [-5.15538418  0.99        1.95790033 32.96395466]
at minimum 185.0245 accepted 0  with params [-4.478332    0.16070779  1.68598219 39.30548018]
at minimum 235.5993 accepted 0  with params [-4.9878656   0.99        2.22027881 32.75403734]
at minimum 225.8365 accepted 0  with params [-4.25080759  0.68798025  2.11738256 33.76184215]
at minimum nan accepted 1  with params [-4.75168082 -0.06369057  1.88313513 39.98987659]
at minimum 192.3716 accepted 1  with params [-4.34100259  0.05615569  2.26317039 36.53465351]
at minimum 226.4546 accepted 0  with params [-3.86046144 -0.11489226  2.43892079 33.99565877]
at minimum 181.7603 accepted 1  with params [-4.51564204  0.13105624  1.94341804 37.93936385]
at minimum 235.6699 accepted 0  with params [-4.74369456 -0.18090545  1.6746674  39.21836722]
at minimum 190.2894 accepted 0  with params [-4.38600003  0.07562984  1.61948405 36.7150976 ]
at minimum 186.3725 accepted 0  with params [-4.88900614  0.47940228  1.62701398 39.19067567]
at minimum 191.1019 accepted 0  with params [-4.88578525  0.59310752  1.7941974  38.94415441]
at minimum nan accepted 1  with params [-5.00222126e+00  3.04134731e-02  2.40014451e+00  3.84285815e+01]
at minimum nan accepted 1  with params [-4.65212006  0.20092749  2.23489374 38.61127288]
at minimum 181.7676 accepted 1  with params [-4.63564588  0.19581657  2.31779659 38.47103394]
at minimum 197.1421 accepted 0  with params [-4.82339749  0.21301418  2.167192   41.48138194]
at minimum 185.5440 accepted 0  with params [-4.55550621  0.43522269  2.69034139 37.47361937]
at minimum 194.1749 accepted 0  with params [-4.78975026  0.63160009  2.37744783 37.71535765]
at minimum 182.8106 accepted 1  with params [-4.79905112  0.39510283  1.81938889 39.05313593]
at minimum 184.8240 accepted 0  with params [-4.54318725  0.39230304  2.26889633 37.41398224]
at minimum 179.9665 accepted 1  with params [-4.72940659  0.39582122  1.58563459 39.14199678]
at minimum 232.7486 accepted 0  with params [-4.49101201  0.87234556  1.91424077 33.27060163]
at minimum 178.5367 accepted 1  with params [-4.7077155   0.30781811  1.55797062 38.66476802]
at minimum 228.6204 accepted 0  with params [-4.27105346  0.75691622  3.         33.57179701]
at minimum 198.8011 accepted 0  with params [-4.84653936  0.23666648  2.03196273 38.94265327]
at minimum 187.2691 accepted 0  with params [-4.50475171  0.33013859  1.41065276 38.93463847]
at minimum 187.7688 accepted 0  with params [-4.79445882  0.55902821  1.47605283 37.9174583 ]
at minimum 181.1863 accepted 1  with params [-4.53076945  0.19557831  1.8791027  38.70810591]
at minimum 255.3484 accepted 0  with params [-4.94380796e+00  1.08659680e-02  1.45237434e+00  3.86740268e+01]
at minimum 189.8931 accepted 0  with params [-4.383084    0.09746033  2.24268768 38.25523971]
at minimum 190.8082 accepted 0  with params [-4.76564864  0.58831416  2.28569638 37.97807217]
at minimum nan accepted 1  with params [-4.57195767e+00 -8.68942299e-03  1.61617521e+00  3.91282492e+01]
at minimum nan accepted 1  with params [-4.87976361 -0.04519481  1.81352892 38.81830026]
at minimum 198.3339 accepted 1  with params [-5.14069042  0.61719389  1.43387342 41.40422176]
at minimum 219.5305 accepted 0  with params [-5.31649906  0.88130838  0.05       36.62984391]
at minimum nan accepted 1  with params [-5.29382154  0.46144987  1.33368795 41.38420659]
at minimum nan accepted 1  with params [-5.71695995  0.13821164  1.43753001 41.31847582]
at minimum 159.2839 accepted 1  with params [-5.11107901e+00  3.70377097e-01  5.00000000e-02  5.02428526e+01]
at minimum 169.0017 accepted 0  with params [-5.29125768e+00  3.71843206e-01  5.00000177e-02  5.19383413e+01]
at minimum 179.5103 accepted 0  with params [-5.38326077e+00  4.64288282e-01  5.00000000e-02  5.38077368e+01]
at minimum 221.6017 accepted 0  with params [-5.79920803  0.79902805  0.31964314 40.42632872]
at minimum 138.2377 accepted 1  with params [-4.85872632  0.05015575  0.14906054 48.5941234 ]
at minimum nan accepted 1  with params [-4.99140533e+00  2.60684609e-02  2.35060453e-01  4.90055971e+01]
at minimum nan accepted 1  with params [-4.89985391e+00  3.55655971e-02  1.12156986e-01  4.96026207e+01]
at minimum 153.8954 accepted 1  with params [-4.55546029 -0.13356449  0.05       41.43948871]
at minimum 149.7516 accepted 1  with params [-4.59925174 -0.17778877  0.19050577 41.46196943]
at minimum 150.8585 accepted 0  with params [-4.74545764  0.10598058  0.36474068 41.86958598]
at minimum nan accepted 1  with params [-4.35712091 -0.14108877  0.43924461 41.22298367]
at minimum 225.1284 accepted 1  with params [-4.19835658 -0.55059804  0.14752664 40.79318419]
at minimum 234.5268 accepted 0  with params [-3.8366521  -0.50602027  3.         33.75412143]
at minimum 171.5675 accepted 1  with params [-4.51696483 -0.57318414  0.25860965 40.65719169]
at minimum nan accepted 1  with params [-4.33439109 -0.9         0.43879219 40.90887108]
at minimum 254.3794 accepted 1  with params [-4.04643755 -0.9         3.         32.95054745]
at minimum 221.2078 accepted 1  with params [-4.18488237 -0.45758574  3.         33.10956352]
at minimum 296.3495 accepted 0  with params [-4.45145118 -0.84516385  2.76052948 32.34958471]
at minimum 195.4046 accepted 1  with params [-4.34384456e+00 -1.10824029e-02  3.00000000e+00  3.36410472e+01]
at minimum 192.4587 accepted 1  with params [-4.38050235  0.05686468  3.         33.77555694]
at minimum 211.2864 accepted 0  with params [-4.41315698 -0.32554702  3.         36.5748027 ]
at minimum 204.4686 accepted 0  with params [-4.24747301 -0.1725583   2.56397819 34.1063748 ]
at minimum 189.9731 accepted 1  with params [-4.55785153  0.25915458  2.60475938 33.5379808 ]
at minimum 231.6381 accepted 0  with params [-4.73984873e+00 -1.05819194e-02  2.41388910e+00  3.39634971e+01]
at minimum 196.0385 accepted 0  with params [-4.49031981  0.54995585  3.         36.24947904]
at minimum nan accepted 1  with params [-4.86051521  0.37642723  2.57338018 33.41959146]
at minimum 233.0730 accepted 1  with params [-5.14678326  0.99        2.49037668 32.9661225 ]
at minimum 230.5140 accepted 1  with params [-5.63624048  0.99        2.89742827 33.45270084]
at minimum 181.7264 accepted 1  with params [-5.2057052   0.54939068  0.05000009 46.12699964]
at minimum 192.3382 accepted 0  with params [-5.40815299  0.52822688  0.28849198 46.19406077]
at minimum nan accepted 1  with params [-5.17428404  0.26453487  0.0806844  46.41843317]
at minimum 157.1165 accepted 1  with params [-5.12695743  0.31869126  0.05019133 49.45134908]
at minimum 137.6175 accepted 1  with params [-4.86639173e+00 -6.01729725e-03  1.54718979e-01  4.95760800e+01]
at minimum 150.4338 accepted 0  with params [-5.17696514e+00  2.51474635e-01  5.00000000e-02  5.75501174e+01]
at minimum 169.2479 accepted 0  with params [-4.67877546  0.10102477  0.33079715 49.13638764]
at minimum 176.3011 accepted 0  with params [-4.59807633  0.1051972   0.29638589 47.71572481]
at minimum 147.5641 accepted 0  with params [-4.80337731e+00 -2.95228876e-02  3.44002691e-01  4.63050215e+01]
