at minimum 201.2872 accepted 1  with params [-4.49999999  0.39999999  0.5        39.99999988  1.          1.        ]
at minimum 196.2389 accepted 1  with params [-4.29961547  0.06823835  0.41055802 39.89522888  1.18282311  0.87016097]
at minimum 230.1890 accepted 0  with params [-3.93489396 -0.37821012  0.67042478 39.80689054  1.28133203  0.42143424]
at minimum 214.7103 accepted 0  with params [-3.83753949 -0.4166948   0.05       40.31941936  0.69910819  0.97867665]
at minimum 248.0301 accepted 0  with params [-4.28710369  0.47578022  0.16632051 39.89988678  1.61094082  1.09875164]
at minimum 233.7439 accepted 0  with params [-3.87916486 -0.05098351  0.31691351 39.40485176  1.18922347  0.99917744]
at minimum 267.6888 accepted 0  with params [-4.05834046  0.43288285  0.71246579 39.65387983  1.1428448   1.16788409]
at minimum 216.4523 accepted 0  with params [-4.10657285  0.06493244  0.29408135 40.14182995  1.17774106  0.9950074 ]
at minimum 202.2639 accepted 0  with params [-3.8527764  -0.26290832  0.05       40.30700162  0.70945537  1.32772821]
at minimum 188.7293 accepted 1  with params [-4.36619760e+00 -3.31746728e-02  7.68095396e-01  4.02993559e+01
  1.15650702e+00  1.21372599e+00]
at minimum nan accepted 1  with params [-3.94718346e+00 -2.69103066e-03  3.97077733e-01  4.05434882e+01
  1.02894297e+00  1.62546861e+00]
at minimum 267.4282 accepted 1  with params [-3.71167415  0.13070139  0.17832867 40.60059179  1.0784857   1.19881882]
at minimum 285.0222 accepted 0  with params [-3.58628411  0.11145461  0.07915009 40.8984387   1.53527985  1.27477875]
at minimum 5217.6396 accepted 0  with params [-3.32777974  0.39909851  0.18689695 40.64443605  0.67434351  1.04356812]
at minimum 424.2110 accepted 0  with params [-3.45049095  0.44767796  0.0500005  40.68778944  0.7765944   0.7554179 ]
at minimum nan accepted 1  with params [-3.90569968e+00  6.22100864e-03  5.00000000e-02  4.09551576e+01
  1.04644967e+00  7.47542191e-01]
at minimum 276.4490 accepted 1  with params [-3.82133226  0.1340799   0.32262209 40.85782014  0.69457693  0.30395888]
at minimum 311.4693 accepted 0  with params [-3.61054277  0.62002802  0.08878664 41.20521783  1.07388243  0.54896633]
at minimum nan accepted 1  with params [-3.76326971 -0.10693733  0.05       41.33838408  0.39317955  0.79966609]
at minimum 251.7696 accepted 1  with params [-4.12628277 -0.41093245  0.34638751 41.35907343  0.04303778  0.73325547]
at minimum nan accepted 1  with params [-4.32119209 -0.60487702  0.64978111 41.06290275  0.15613959  0.63873905]
at minimum 815.3134 accepted 1  with params [-4.72395728 -0.81880685  1.08645541 40.59726079  0.          1.12770641]
at minimum 352.1997 accepted 1  with params [-4.32360674 -0.68523098  0.59913207 40.57315134  0.          1.18433259]
at minimum 419.6017 accepted 0  with params [-4.05706045e+00 -6.61157242e-01  7.04871228e-01  4.04741712e+01
  6.77713144e-04  1.53271285e+00]
at minimum 325.5256 accepted 1  with params [-4.53736906 -0.74383006  0.8510162  40.81387653  0.          0.94695443]
at minimum 255.7954 accepted 1  with params [-4.62231937 -0.9         1.3095456  40.94730087  0.          0.5514448 ]
at minimum 283.5708 accepted 0  with params [-4.73269031 -0.56736136  1.22161971 40.86120599  0.          1.02556706]
at minimum 370.1008 accepted 0  with params [-4.96835415 -0.89999982  1.24700868 40.94582812  0.14305865  0.45440497]
at minimum 211.7126 accepted 1  with params [-4.67892875 -0.42969923  1.4043072  41.08885213  0.20686811  0.80830765]
at minimum 335.8827 accepted 0  with params [-5.15958722 -0.13161358  1.06027083 41.55254844  0.3543533   1.01822227]
at minimum 363.6075 accepted 0  with params [-4.91197725 -0.5710951   1.45557421 40.9461105   0.54549898  0.79353676]
at minimum 248.4213 accepted 0  with params [-5.00629333e+00  7.22627579e-03  1.13964027e+00  4.07906018e+01
  5.85615043e-02  5.03625592e-01]
at minimum 592.8829 accepted 0  with params [-4.88537718 -0.67822769  1.83171615 41.19314083  0.56069421  1.21375017]
at minimum 342.0677 accepted 0  with params [-4.37810491 -0.60692165  1.54288147 41.10435813  0.18312292  1.22111199]
at minimum nan accepted 1  with params [-5.08264170e+00 -2.07769916e-01  1.21995639e+00  4.07688204e+01
  1.08550851e-02  7.55990179e-01]
at minimum 278.3505 accepted 1  with params [-4.69770766e+00 -6.87923566e-01  1.35289501e+00  4.05341845e+01
  7.80499594e-08  8.21188691e-01]
at minimum 648.8371 accepted 0  with params [-4.39535473e+00 -7.95806797e-01  1.46249759e+00  4.09037668e+01
  1.56677283e-07  1.17272257e+00]
at minimum 314.4931 accepted 0  with params [-4.7558551  -0.80513953  1.70071352 40.19352627  0.48719936  0.74635531]
at minimum 399.2402 accepted 0  with params [-4.70101114 -0.89999974  1.20823804 40.86155844  0.26358509  0.92620489]
at minimum 199.4078 accepted 1  with params [-4.44742843e+00 -2.26484108e-01  1.14936792e+00  4.09757577e+01
  1.62935417e-07  6.33871547e-01]
at minimum 179.1658 accepted 1  with params [-4.58763867  0.08459188  1.53750063 40.75785523  0.07475813  0.52704885]
at minimum 205.0621 accepted 0  with params [-4.89522884  0.14220757  1.67913299 40.52774766  0.28168829  1.01190376]
at minimum 298.7940 accepted 0  with params [-5.02963154e+00 -2.35106951e-01  1.75342257e+00  4.06321984e+01
  3.45725108e-02  6.08185741e-01]
at minimum nan accepted 1  with params [-4.35857089e+00 -1.20417132e-02  1.43331894e+00  4.07933553e+01
  4.02015341e-01  3.12585505e-01]
at minimum 177.7378 accepted 1  with params [-4.68267614  0.32170177  1.0497483  40.55031349  0.49460795  0.46325484]
at minimum 198.8816 accepted 0  with params [-5.05775112  0.67041943  0.61187895 40.16013597  0.56209733  0.96064606]
at minimum 223.8040 accepted 0  with params [-4.20660034e+00  6.69644045e-01  1.49521192e+00  4.07274015e+01
  1.36729256e-03  2.29489254e-01]
at minimum nan accepted 1  with params [-5.05544815  0.30466518  1.51533705 40.7385299   0.59934092  0.7319925 ]
at minimum 198.6277 accepted 1  with params [-5.01787754  0.60901014  1.05856388 40.36862701  0.64498089  1.04158312]
at minimum 281.4917 accepted 0  with params [-5.29518236  0.19310561  0.85491009 40.03851452  0.45408626  0.72376895]
at minimum 273.1374 accepted 0  with params [-5.39324807  0.8573583   1.3697087  40.64405824  0.47845053  1.3720935 ]
at minimum 336.7342 accepted 0  with params [-4.84049698  0.91540936  0.8857016  40.60974726  0.25998584  1.22780521]
at minimum 183.8992 accepted 1  with params [-4.87490575  0.28329116  1.33257324 40.76228717  1.01793633  0.59784423]
at minimum 181.9321 accepted 1  with params [-4.79567516  0.24174339  1.5594643  41.08331646  1.15479827  0.99892178]
at minimum 199.7843 accepted 0  with params [-4.37368479e+00  1.25698615e-02  1.29024530e+00  4.11918761e+01
  7.97753367e-01  1.37913715e+00]
at minimum 198.9362 accepted 0  with params [-4.68268763  0.38934931  1.61048814 40.86566611  1.24502033  1.07914481]
at minimum 235.6266 accepted 0  with params [-5.149446    0.62081348  1.36337388 40.73149349  1.31525522  1.21147369]
at minimum 226.2791 accepted 0  with params [-4.94890963  0.64451928  1.55620046 41.5278934   0.80988353  1.38415447]
at minimum 186.7034 accepted 0  with params [-4.77798616  0.53654501  1.77328313 41.28079147  0.71721492  0.64759498]
at minimum 191.2397 accepted 0  with params [-4.51376575  0.22056681  1.6976382  41.02335797  0.86456985  0.82649965]
at minimum 232.5378 accepted 0  with params [-5.18333346  0.251175    1.97523779 40.86207429  1.32817199  0.61210802]
at minimum nan accepted 1  with params [-5.09621163  0.30142105  1.67047431 41.29413704  0.96899472  0.68751626]
at minimum 237.9405 accepted 1  with params [-4.96030274e+00 -9.35106039e-04  1.23175911e+00  4.14354533e+01
  6.61406806e-01  5.65821158e-01]
at minimum 252.0655 accepted 0  with params [-5.11647075  0.23424293  1.58373174 41.12596496  0.35572926  0.57671799]
at minimum nan accepted 1  with params [-5.00589704  0.07262714  1.48959638 40.98963925  0.33558934  0.63123199]
at minimum 356.6838 accepted 1  with params [-5.17344586 -0.27594141  1.73655216 41.43346196  0.3928158   0.26541683]
at minimum 214.3201 accepted 1  with params [-4.76194103 -0.22879459  1.55665168 41.81107169  0.74823534  0.26922707]
at minimum 196.3384 accepted 1  with params [-4.53041143  0.13646364  1.12040276 42.15157263  0.80811081  0.49525864]
at minimum nan accepted 1  with params [-4.25094083  0.5082542   1.04665115 41.94033498  0.89993256  0.64461979]
at minimum 287.4346 accepted 1  with params [-3.8975949   0.08588711  1.2979334  42.11386248  0.68237917  0.77802821]
at minimum 351.8877 accepted 0  with params [-3.62834008  0.26789161  0.89012079 42.42051408  0.60402773  0.96235192]
at minimum 279.5381 accepted 1  with params [-3.89830393 -0.08139011  1.11536721 41.86293107  0.4258499   0.99018627]
at minimum 251.2809 accepted 1  with params [-4.11833069 -0.43633163  0.96871312 41.49593601  0.71620219  1.23180447]
at minimum 249.6061 accepted 1  with params [-4.54175095 -0.48979912  1.09633714 41.11349228  1.04014894  1.58850224]
at minimum 529.0693 accepted 0  with params [-4.52724565 -0.82723781  0.80952065 41.14001961  1.30633285  1.74934132]
at minimum 225.7945 accepted 1  with params [-4.16856093 -0.09811647  1.03388464 41.21278038  1.10691731  1.89909682]
at minimum 238.5996 accepted 0  with params [-4.168868   -0.44838561  0.67766851 41.58008884  1.0950969   1.77692212]
at minimum 257.1937 accepted 0  with params [-4.11388281  0.17961806  1.34282775 41.12799539  1.47988367  2.        ]
at minimum 214.1464 accepted 1  with params [-4.51022516  0.28679827  1.4826775  41.28681069  1.17412824  2.        ]
at minimum nan accepted 1  with params [-4.94626514  0.08472496  1.21433154 41.01896217  0.79651215  1.79610862]
at minimum 181.9061 accepted 1  with params [-4.87651471  0.06970498  0.79468754 40.77221151  1.07939818  1.91446214]
at minimum 217.7871 accepted 0  with params [-4.61582901  0.44691481  1.09710327 41.07421354  0.86956375  1.63260462]
at minimum 442.5596 accepted 0  with params [-5.14798845 -0.26703149  0.35857312 40.76748471  1.26271602  1.70398461]
at minimum 181.8624 accepted 1  with params [-4.98092379  0.17150032  0.45874258 40.72905797  0.80097404  2.        ]
at minimum 185.7671 accepted 0  with params [-4.97601083  0.23140844  0.62519865 40.44990532  1.03952314  2.        ]
at minimum 288.0594 accepted 0  with params [-5.31692905e+00  1.56670212e-02  5.74103924e-01  4.07068027e+01
  4.15626718e-01  1.81109904e+00]
at minimum nan accepted 1  with params [-5.36823789  0.54766177  0.72059633 40.66850007  1.19376684  2.        ]
at minimum 426.4296 accepted 1  with params [-5.00879486  0.95278094  0.65862513 40.75559936  1.3025268   1.66040849]
at minimum nan accepted 1  with params [-5.01771095  0.91551132  0.4655454  40.71540363  1.09220381  1.76983143]
at minimum 387.6909 accepted 1  with params [-5.38985764  0.98999905  0.73613575 40.63233438  1.06639061  1.7078867 ]
at minimum 244.9308 accepted 1  with params [-5.33309184  0.58494013  0.71000094 40.54254257  1.00521019  1.91475578]
at minimum 216.7885 accepted 1  with params [-5.60192793  0.38149224  0.94250479 40.97693018  1.25677279  1.99999771]
at minimum 262.1374 accepted 0  with params [-5.54945474  0.5906129   0.63326603 40.66796586  1.41653484  1.8879469 ]
at minimum 228.3808 accepted 0  with params [-5.70042793  0.23888867  0.58769732 41.01037248  1.57038794  2.        ]
at minimum 242.4826 accepted 0  with params [-5.77431946  0.56452633  0.58800314 40.56427499  1.43449005  1.72896438]
at minimum 222.9863 accepted 0  with params [-5.78079585  0.48973946  1.35158142 41.20799966  0.9902849   1.63929358]
at minimum 228.5314 accepted 0  with params [-5.29550402  0.45843014  0.61894652 41.01431763  1.61428715  1.89191705]
at minimum 193.5710 accepted 1  with params [-5.16079863  0.32622487  0.679114   41.04301138  1.40644749  1.71649037]
at minimum 211.4146 accepted 0  with params [-4.77357059 -0.09321449  1.09001776 41.22126157  1.75249787  1.47063204]
at minimum 303.7634 accepted 0  with params [-5.15189747  0.68565984  0.61357344 41.4181726   1.15298627  2.        ]
at minimum nan accepted 1  with params [-4.7974939   0.72418306  0.78424589 40.68903375  1.09653242  1.40767408]
