at minimum 235.0408 accepted 1  with params [-4.5         0.4         3.         30.48913287]
at minimum 300.2910 accepted 0  with params [-4.99406442  0.1561468   3.         30.36130511]
at minimum 245.7208 accepted 0  with params [-4.37174694  0.59487061  2.8872932  30.28987285]
at minimum 243.3276 accepted 0  with params [-4.28045017  0.0976255   2.96957299 30.38305896]
at minimum 233.5582 accepted 1  with params [-4.6259457   0.4313581   3.         31.35088813]
at minimum 250.6740 accepted 0  with params [-4.20797136 -0.0581498   3.         31.27530995]
at minimum 247.1958 accepted 0  with params [-4.20736317  0.46488624  3.         28.61467747]
at minimum 237.9666 accepted 0  with params [-4.91207805  0.6370918   3.         32.1422445 ]
at minimum 234.7741 accepted 1  with params [-4.70315296  0.55027874  2.5113299  31.04774839]
at minimum 245.0548 accepted 0  with params [-4.95985046  0.40169781  2.69834534 35.02733233]
at minimum 244.2436 accepted 0  with params [-5.05619831  0.78051976  2.64572904 31.45317847]
at minimum 235.8811 accepted 1  with params [-4.90015423  0.57734999  2.05427769 31.65832282]
at minimum 259.1305 accepted 0  with params [-4.92262292  0.99        3.         27.0666066 ]
at minimum 242.3371 accepted 0  with params [-4.73701049  0.7337618   2.27779962 29.59862822]
at minimum 248.2094 accepted 0  with params [-4.41577324  0.62086377  1.17907245 30.75603591]
at minimum 235.5276 accepted 1  with params [-4.84816251  0.43575845  2.10612353 33.08021187]
at minimum 242.5991 accepted 0  with params [-5.23110843  0.69559302  2.01386496 33.39202652]
at minimum 235.8448 accepted 1  with params [-4.54391297  0.46323213  2.16862425 30.24450334]
at minimum 243.9686 accepted 0  with params [-4.35804911  0.48469269  1.7437087  28.97437895]
at minimum 246.4528 accepted 0  with params [-4.3142606   0.51894354  1.82367118 28.67638923]
at minimum 250.7878 accepted 0  with params [-4.0869303   0.31915106  2.43547666 28.33480143]
at minimum 235.0741 accepted 1  with params [-4.7303499   0.54898841  1.8933219  29.85599194]
at minimum 229.1009 accepted 1  with params [-4.86318124  0.61570509  0.05196885 32.37082617]
at minimum 230.9081 accepted 0  with params [-4.88423334  0.62356855  0.34051847 32.16315194]
at minimum 227.3919 accepted 1  with params [-4.74051232  0.54781605  0.05       32.03236163]
at minimum 244.0327 accepted 0  with params [-4.67678872  0.75409959  3.         29.28042152]
at minimum 229.9933 accepted 0  with params [-4.94916132  0.20314382  0.39235896 32.35437748]
at minimum 241.8899 accepted 0  with params [-5.11072987  0.79896372  0.05       31.19011363]
at minimum 233.8280 accepted 0  with params [-4.49495351  0.44810861  0.10470585 31.70562234]
at minimum 248.9136 accepted 0  with params [-4.25716433  0.59942812  3.         28.38055775]
at minimum 220.6298 accepted 1  with params [-4.96708778  0.48637852  0.05000005 35.67901813]
at minimum 249.3211 accepted 0  with params [-4.90479532  0.91916452  0.05       28.68491623]
at minimum 242.5523 accepted 0  with params [-5.44923369  0.73508375  0.05       34.53710569]
at minimum 238.5515 accepted 0  with params [-5.25327997  0.53080437  0.92376944 37.37088163]
at minimum 223.7977 accepted 0  with params [-5.08709169  0.24858615  0.24762837 36.01753422]
at minimum 233.6490 accepted 0  with params [-5.45818097  0.57938024  0.21818548 40.20160196]
at minimum 229.4169 accepted 0  with params [-4.67969345  0.42153199  0.20653938 35.88766289]
at minimum 220.7110 accepted 1  with params [-5.27879085  0.44908536  0.06387672 42.70615136]
at minimum 210.7391 accepted 1  with params [-5.10821871  0.16066819  0.13027551 42.98120699]
at minimum 232.6857 accepted 0  with params [-4.69718582  0.63019885  0.05       30.92099859]
at minimum 216.5660 accepted 0  with params [-5.44668092e+00  3.34283588e-01  5.00017815e-02  5.35379187e+01]
at minimum 224.5698 accepted 0  with params [-4.79114123  0.16545373  0.29701683 41.29388082]
at minimum 207.7489 accepted 1  with params [-5.15070919  0.20757797  0.05000065 47.61050701]
at minimum 219.0163 accepted 0  with params [-5.3777773   0.36841944  0.22193159 47.81241733]
at minimum 246.5553 accepted 0  with params [-5.49169111  0.67336816  3.         36.60770107]
at minimum 319.0520 accepted 0  with params [-5.54930616  0.08422982  0.49644947 47.74168049]
at minimum 210.2486 accepted 0  with params [-5.23573372  0.18285221  0.11498061 48.51008025]
at minimum 239.6439 accepted 0  with params [-4.90198806  0.13896485  0.33329613 47.96804025]
at minimum 244.7107 accepted 0  with params [-5.20728731  0.57136547  3.         36.41458544]
at minimum 228.5630 accepted 0  with params [-5.55923645  0.42036633  0.30587897 48.51369707]
at minimum 215.5743 accepted 0  with params [-5.22841012  0.18018685  0.05       45.19256051]
at minimum 228.0664 accepted 0  with params [-5.14077625  0.57319997  0.29980987 36.03867683]
at minimum 219.6532 accepted 0  with params [-4.92472958 -0.07022172  0.22260946 46.70723586]
at minimum 212.7038 accepted 0  with params [-5.12912404  0.12717557  0.25106743 48.02389753]
at minimum 225.3964 accepted 0  with params [-5.57939833e+00  4.09724734e-01  5.00000000e-02  5.20771010e+01]
at minimum 262.9975 accepted 0  with params [-5.33444220e+00  2.68804048e-02  2.86098350e-01  4.72943426e+01]
at minimum 207.8085 accepted 1  with params [-5.1252302   0.15749341  0.14927786 47.54313801]
at minimum 215.9118 accepted 0  with params [-4.79169172 -0.14375413  0.05       38.92739751]
at minimum 217.7170 accepted 0  with params [-5.33250805  0.29056485  0.26275198 47.8923922 ]
at minimum 299.6578 accepted 0  with params [-5.25323206 -0.17895729  0.23835146 47.58544007]
at minimum 220.2505 accepted 0  with params [-4.8936863   0.03954504  0.36813959 39.18692237]
at minimum 226.4319 accepted 0  with params [-5.34472013  0.27892874  0.38310457 47.64207914]
at minimum 230.8279 accepted 0  with params [-4.86020641  0.07621725  0.05000591 47.96268007]
at minimum 212.1666 accepted 0  with params [-4.99835379  0.1212937   0.05000002 47.89429802]
at minimum 288.7898 accepted 0  with params [-4.70917127  0.06367995  0.5303525  47.24678556]
at minimum 213.1518 accepted 0  with params [-5.26396618  0.32772106  0.0517124  48.01210706]
at minimum 216.7292 accepted 0  with params [-4.91397396e+00  8.14606110e-03  5.00000000e-02  4.72565989e+01]
at minimum 216.1261 accepted 0  with params [-4.74432624  0.26481131  0.05       34.6966934 ]
at minimum 219.5307 accepted 0  with params [-4.88524417 -0.07271903  0.07480182 47.0766387 ]
at minimum 223.8803 accepted 0  with params [-5.54944219  0.4006464   0.05756809 52.24795114]
at minimum 249.2527 accepted 0  with params [-6.          0.57351244  3.         45.45971596]
at minimum 215.6812 accepted 0  with params [-4.84985347  0.35177029  0.05       35.68107611]
at minimum 355.3077 accepted 0  with params [-5.35357894 -0.19880192  0.05       47.27462613]
at minimum 209.6419 accepted 0  with params [-5.06494582e+00  2.22495895e-02  6.48344812e-02  4.72017690e+01]
at minimum 228.0290 accepted 0  with params [-5.11777076e+00 -4.46788628e-02  2.64934329e-01  4.79633416e+01]
at minimum 216.4249 accepted 0  with params [-5.40723367e+00  3.44963909e-01  5.00000000e-02  5.14415513e+01]
at minimum 218.0543 accepted 0  with params [-5.50772938e+00  3.34953362e-01  5.00000000e-02  5.56979754e+01]
at minimum 216.1163 accepted 0  with params [-5.23899821  0.38375315  0.05078314 45.09017062]
at minimum 228.6449 accepted 0  with params [-4.88536467 -0.29169668  0.05       43.6349995 ]
at minimum 247.1379 accepted 0  with params [-5.38044805  0.57024117  0.05000008 47.67026588]
at minimum 236.6247 accepted 0  with params [-4.87712458  0.55441189  3.         32.79679765]
at minimum 222.5141 accepted 0  with params [-5.46937795  0.41266544  0.05       49.10936823]
at minimum 228.9261 accepted 0  with params [-5.46165623  0.50902286  0.05       43.65209824]
at minimum 271.5324 accepted 0  with params [-5.47349535  0.10457182  0.05       47.12839068]
at minimum 209.8330 accepted 0  with params [-5.15274018  0.09154414  0.05       47.83755385]
at minimum 319.3482 accepted 0  with params [-5.37075679 -0.10857361  0.05       47.30465272]
at minimum 291.1657 accepted 0  with params [-5.29829427 -0.07812751  0.31958836 47.14740305]
at minimum 231.3093 accepted 0  with params [-5.20504407e+00 -1.36240217e-02  5.00000000e-02  4.73391514e+01]
at minimum 231.1061 accepted 0  with params [-5.21803140e+00 -6.58928652e-03  5.00000000e-02  4.79220893e+01]
at minimum 235.0097 accepted 0  with params [-5.56338653  0.31754186  0.08838931 47.40594986]
at minimum 238.9831 accepted 0  with params [-4.95286184  0.53050695  3.         33.87927036]
at minimum 221.5947 accepted 0  with params [-5.47300073  0.37616856  0.05       48.43289741]
at minimum 491.7425 accepted 0  with params [-5.45014369 -0.25342351  0.44812807 47.7079777 ]
at minimum 210.0288 accepted 0  with params [-5.26859235e+00  2.64372440e-01  5.00000000e-02  5.09289028e+01]
at minimum 279.5364 accepted 0  with params [-4.78037915  0.11813701  0.51661861 47.83694653]
at minimum 233.7161 accepted 0  with params [-5.3750977   0.49533039  0.31177113 47.25891581]
at minimum 229.0417 accepted 0  with params [-5.55548323  0.43329205  0.30703134 47.84217727]
at minimum 247.9282 accepted 0  with params [-4.68297701 -0.36430696  0.11545009 44.50020165]
at minimum 243.2529 accepted 0  with params [-5.35593591  0.11076038  0.28711521 48.15435474]
at minimum 216.1448 accepted 0  with params [-5.10868525  0.26378736  0.24945974 47.52312991]
at minimum 216.8217 accepted 0  with params [-5.06412177 -0.07455341  0.05       47.80487051]
