at minimum 286.5054 accepted 1  with params [-4.49999999  0.4         0.50000001 40.00000033  1.          1.        ]
at minimum 292.3169 accepted 0  with params [-4.6809823   0.51455255  0.60093653 39.8451357   1.40229397  0.79049426]
at minimum 290.9724 accepted 0  with params [-4.02746128  0.05986753  0.13704416 40.42141464  0.59769587  1.1807125 ]
at minimum 341.3163 accepted 0  with params [-4.50923661  0.89998064  0.49559214 39.53880882  1.41519505  0.65383321]
at minimum 290.6843 accepted 0  with params [-4.27607943e+00 -3.12913449e-02  5.70038488e-01  3.96122418e+01
  1.23153970e+00  1.49979997e+00]
at minimum 340.9017 accepted 0  with params [-4.63262595  0.87030848  0.97041826 39.95188082  1.01423694  0.81459823]
at minimum 303.2845 accepted 0  with params [-4.11063888  0.65545626  0.55724419 39.51446947  1.34901401  0.65229291]
at minimum 283.2727 accepted 1  with params [-4.07469682  0.11650242  0.66973356 39.79216559  1.24041329  0.68238149]
at minimum 283.3754 accepted 1  with params [-3.79405866  0.27102596  0.46150088 40.04886279  1.43367734  0.52952359]
at minimum 306.3223 accepted 0  with params [-3.91580258  0.66985384  0.30764714 39.64003528  1.36741741  0.17711146]
at minimum 308.4574 accepted 0  with params [-4.19811661 -0.17158791  0.84797086 40.09396629  1.80827381  0.14708319]
at minimum 285.8324 accepted 0  with params [-3.38667681  0.08276633  0.2353903  39.9303405   1.12417134  0.83006412]
at minimum 280.6439 accepted 1  with params [-4.09879641  0.16422708  0.67699292 39.60138617  1.03991593  1.0035609 ]
at minimum 320.3220 accepted 0  with params [-3.75169165 -0.29688078  0.62312129 39.39418911  0.87281746  0.61924539]
at minimum 279.8883 accepted 1  with params [-3.87188456  0.16917898  0.63916422 39.54037724  1.28221251  0.91913796]
at minimum 313.2429 accepted 0  with params [-3.99157095 -0.24356132  0.52740148 39.52531508  1.35565547  0.71438709]
at minimum 293.0932 accepted 0  with params [-4.10839122  0.57719629  0.60273527 39.31863116  1.07980793  1.07234297]
at minimum 276.8189 accepted 1  with params [-4.36802667  0.17671798  0.55705291 39.13828832  1.54938857  0.85971624]
at minimum 281.3165 accepted 0  with params [-4.25019538e+00  2.49716479e-02  6.85356071e-01  3.88766805e+01
  1.94887386e+00  6.14175663e-01]
at minimum 276.4918 accepted 1  with params [-3.8980155   0.11825648  0.96575456 38.83659219  1.94138773  1.11842384]
at minimum 280.8331 accepted 0  with params [-4.34367763  0.42539573  0.81301882 39.16479504  1.99999983  0.7614932 ]
at minimum 288.7571 accepted 0  with params [-3.40204233  0.55748731  1.31332205 39.04002636  1.99999995  1.11458214]
at minimum 292.5060 accepted 0  with params [-4.07082814 -0.12405838  1.23123481 38.68498016  2.          0.73983943]
at minimum 308.8209 accepted 0  with params [-3.53976647 -0.23379508  1.2637651  39.11822109  1.59983923  1.52869053]
at minimum 271.1023 accepted 1  with params [-4.22698025  0.296648    1.06946885 38.38716201  2.          1.19792222]
at minimum 278.7292 accepted 0  with params [-3.9440177   0.45887424  1.54664843 38.66954566  1.90493451  1.40264089]
at minimum 290.2042 accepted 0  with params [-3.7319636   0.63648113  1.23429576 38.31874683  1.91872522  0.87949439]
at minimum 269.3662 accepted 1  with params [-4.4673841   0.28708836  0.59755156 38.13676569  2.          1.33190274]
at minimum 266.9900 accepted 1  with params [-4.0567907   0.21873598  0.8992044  37.73500726  1.87688492  1.0284199 ]
at minimum 275.6900 accepted 0  with params [-4.20072054e+00 -9.25232703e-03  9.76739962e-01  3.76185372e+01
  2.00000000e+00  6.58096587e-01]
at minimum 278.1505 accepted 0  with params [-4.32926344  0.56911217  1.15999569 37.59075266  1.66903911  1.03101271]
at minimum 267.5734 accepted 0  with params [-3.6066837   0.29380502  1.33731162 37.85165491  2.          1.0633791 ]
at minimum 283.7364 accepted 0  with params [-4.47517973 -0.10163073  0.68821699 37.69232737  1.99999977  0.54062029]
at minimum 265.4213 accepted 1  with params [-3.79847672  0.20299182  0.68190882 37.45993061  2.          0.93503243]
at minimum 268.1297 accepted 0  with params [-3.55325466  0.45813377  0.77538308 37.18793424  2.          0.72935766]
at minimum 280.1738 accepted 0  with params [-3.6405157   0.64619496  0.29902038 36.97725477  2.          0.78178178]
at minimum 273.7552 accepted 0  with params [-4.18447798e+00 -3.45755742e-02  3.43487646e-01  3.69631904e+01
  1.74225323e+00  1.42754262e+00]
at minimum 276.6725 accepted 0  with params [-3.99728258  0.59155237  1.08311396 37.16046022  2.          1.25250534]
at minimum 285.5938 accepted 0  with params [-4.01640997 -0.13080444  0.79351072 37.52533568  1.99999978  0.68625618]
at minimum 269.0201 accepted 0  with params [-3.90547794  0.46758429  0.31771988 37.24168984  1.99999964  1.23180113]
at minimum 279.6965 accepted 0  with params [-3.80775259 -0.09843699  1.17544698 37.04009447  1.7335778   1.10515182]
at minimum 279.2458 accepted 0  with params [-3.36499169  0.58586898  0.74946175 37.58349186  1.665327    0.51642648]
at minimum 281.7297 accepted 0  with params [-3.87644544 -0.07016172  0.98198589 37.83501517  1.74937448  0.46420403]
at minimum 277.6577 accepted 0  with params [-3.74335222  0.5280991   0.68444862 37.95933402  1.99999949  0.89325792]
at minimum 264.6749 accepted 1  with params [-3.88322031  0.13993428  0.66064469 37.03824188  1.94470982  1.38371504]
at minimum 262.1460 accepted 1  with params [-3.68609855  0.2097053   0.88500034 36.89095468  1.99999999  1.53420809]
at minimum 291.5751 accepted 0  with params [-3.29135094 -0.21470931  1.37732725 36.96713624  1.9999999   1.44156502]
at minimum 276.8347 accepted 0  with params [-3.21877372  0.62613026  1.14737367 36.75825137  1.99999985  1.52417351]
at minimum 259.3927 accepted 1  with params [-3.54037306  0.23778009  1.095542   36.40148023  2.          1.03483015]
at minimum 261.3788 accepted 0  with params [-3.6419396   0.34866066  0.79229696 36.68063556  1.99999973  0.55274641]
at minimum 267.3414 accepted 0  with params [-3.76151191  0.48577992  0.96736598 36.83884515  2.          1.28192546]
at minimum 262.2369 accepted 0  with params [-3.40238123  0.15336068  1.2419486  36.64975896  1.99999924  0.6053556 ]
at minimum 267.0876 accepted 0  with params [-3.29043756  0.5457305   0.91689474 36.23086567  1.8525943   0.68224908]
at minimum 274.1343 accepted 0  with params [-3.40313728  0.59458719  1.49621896 36.73924847  1.62306141  0.83521544]
at minimum 267.1157 accepted 0  with params [-3.30506327  0.53291478  0.92964734 36.3615207   1.55258961  1.47688461]
at minimum 270.0071 accepted 0  with params [-3.10745761  0.59965826  1.11627564 36.05632392  1.78095965  0.76630134]
at minimum 281.5467 accepted 0  with params [-3.72726393 -0.16036174  0.67317663 36.24339673  1.91391046  1.0698216 ]
at minimum 279.0613 accepted 0  with params [-3.43790052 -0.10570853  0.85013727 36.7997737   1.99999995  0.79732465]
at minimum 281.4356 accepted 0  with params [-3.56014102 -0.16955606  0.74586459 36.0173916   2.          1.32320515]
at minimum 270.0388 accepted 0  with params [-3.55617274e+00 -3.26555371e-02  9.82164545e-01  3.62476665e+01
  2.00000000e+00  1.36327028e+00]
at minimum 266.5304 accepted 0  with params [-3.86352472e+00  2.27081807e-02  1.52806373e+00  3.63084960e+01
  2.00000000e+00  1.45044688e+00]
at minimum 272.8255 accepted 0  with params [-3.17131367  0.6271244   0.75527025 36.15026495  2.          1.41620203]
at minimum 264.4869 accepted 0  with params [-3.67489500e+00  3.06077718e-02  1.09757413e+00  3.59760937e+01
  1.80957893e+00  1.24682153e+00]
at minimum 268.8680 accepted 0  with params [-3.54853724  0.52624818  0.79942139 36.67783418  1.99999987  1.45906039]
at minimum 277.8942 accepted 0  with params [-3.7706357   0.6423824   1.49989197 36.70634584  1.68999201  0.8385111 ]
at minimum 266.1257 accepted 0  with params [-3.34067334  0.46063473  1.02218727 36.83099935  2.          1.30835624]
at minimum 257.8364 accepted 1  with params [-3.84388705  0.27031735  0.67094236 36.13556428  2.          0.64067623]
at minimum 261.4553 accepted 0  with params [-3.70949363  0.48859512  0.85219853 35.80789667  1.86393028  0.34179897]
at minimum 271.8618 accepted 0  with params [-4.28300494  0.61428254  0.58285455 36.1736426   1.9346896   0.61092493]
at minimum 256.1630 accepted 1  with params [-4.15980834  0.25024618  0.64792225 35.73006062  1.56585658  0.65536745]
at minimum 263.5074 accepted 0  with params [-3.95827501  0.54382724  1.04628385 35.61665211  1.2416765   1.06454446]
at minimum 263.8125 accepted 0  with params [-4.26598825  0.51257952  0.55467442 36.00004751  1.7227487   0.7868676 ]
at minimum 283.0393 accepted 0  with params [-4.35187044 -0.19450481  0.98641301 35.77359479  1.20367262  0.39202977]
at minimum 258.3404 accepted 0  with params [-3.74205741  0.14011659  0.67151435 35.71959251  1.52708104  0.92954678]
at minimum 258.0673 accepted 0  with params [-4.30682714  0.31255849  0.45303853 36.1317768   1.73200792  0.54522133]
at minimum 264.4528 accepted 0  with params [-4.57792818  0.04138151  1.07204841 36.0983367   1.61689046  0.23858144]
at minimum 280.9086 accepted 0  with params [-4.50049788 -0.16844348  0.81549634 35.91894957  1.49682158  0.43120626]
at minimum 268.0939 accepted 0  with params [-3.74387792  0.61571678  0.69692977 35.52674306  1.16125858  1.09096956]
at minimum 257.0327 accepted 1  with params [-4.39041891  0.22857503  0.47033737 35.88090315  1.46294384  0.62313195]
at minimum 256.1566 accepted 1  with params [-4.06921261  0.35517814  0.83420292 35.64819806  1.79063892  1.05813163]
at minimum 261.1917 accepted 0  with params [-3.94358284  0.5384292   1.27658278 35.25091805  1.98307291  1.10436137]
at minimum 261.0595 accepted 0  with params [-4.40612152  0.46570582  1.18610075 35.91505447  1.87282955  0.78616647]
at minimum 276.3036 accepted 0  with params [-4.03233173  0.70909968  1.193499   35.52524761  2.          1.45715003]
at minimum 265.0015 accepted 0  with params [-3.80487519e+00 -1.23547884e-02  9.90265834e-01  3.54427456e+01
  1.99999986e+00  6.78104648e-01]
at minimum 264.5784 accepted 0  with params [-3.87852614  0.56811311  1.15716364 35.52819202  2.          1.06658821]
at minimum 260.8602 accepted 0  with params [-3.91365323  0.07870712  0.71109021 35.7217869   1.38939062  1.33450465]
at minimum 257.7266 accepted 0  with params [-4.49473568  0.24214416  0.93137889 36.03924126  1.60404052  1.09188805]
at minimum 289.9034 accepted 0  with params [-3.88235399  0.80280013  1.20519254 35.95499978  1.86427466  1.48045259]
at minimum 258.4908 accepted 0  with params [-3.97712693  0.17923941  0.9652225  36.02369908  1.9999999   1.35372977]
at minimum 267.2430 accepted 0  with params [-4.42937748  0.59615978  0.87346911 35.66715448  1.9999995   0.66109231]
at minimum 259.8194 accepted 0  with params [-4.08637267  0.45786277  0.5307091  35.75281352  1.58457406  0.81881445]
at minimum 277.0988 accepted 0  with params [-4.1367023   0.71143882  0.97150011 35.61398805  1.87279758  1.14139643]
at minimum 257.9103 accepted 1  with params [-4.25246774  0.23818666  1.11964224 36.07317711  1.40147222  1.00209392]
at minimum 257.7429 accepted 1  with params [-4.3056262   0.34594078  1.52639208 35.98144633  1.82483224  1.37885561]
at minimum 271.7933 accepted 0  with params [-4.02447737 -0.06098818  1.12619302 36.15394632  1.49855489  1.56375304]
at minimum 259.3649 accepted 0  with params [-4.66626415  0.35684584  1.52068285 36.27742942  1.56655836  1.41073986]
at minimum 257.4577 accepted 1  with params [-4.50002842  0.30738367  1.39083023 36.01941843  1.77527609  1.71023384]
at minimum 272.5228 accepted 0  with params [-4.19001195 -0.09436564  1.07183713 35.68447443  2.          2.        ]
at minimum 284.7107 accepted 0  with params [-4.78008618  0.73441179  1.07029974 36.35299791  2.          1.98838202]
at minimum 260.2576 accepted 0  with params [-4.7963167   0.40458548  1.7922601  36.18388663  1.90640736  1.6315211 ]
at minimum 257.1776 accepted 1  with params [-4.7580237   0.36041681  0.99877334 35.83636907  1.94585878  1.701957  ]
