at minimum 3.3138 accepted 1  with params [-4.54243817  0.4         0.62003515 40.70751451]
at minimum 3.3097 accepted 1  with params [-4.58301349  0.39520236  0.74654173 40.8804322 ]
at minimum 3.4577 accepted 1  with params [-4.46522631  0.35692719  1.20121042 39.55489781]
at minimum 5.1399 accepted 0  with params [-4.94631846  0.50147262  1.33254889 39.54966364]
at minimum 4.4989 accepted 0  with params [-4.66180406  0.08630049  1.00344267 39.98089915]
at minimum 3.8214 accepted 1  with params [-4.60719685  0.2271312   1.0071518  39.0648072 ]
at minimum 3.8628 accepted 1  with params [-4.58451161  0.14319287  0.94124342 39.05670957]
at minimum 4.2787 accepted 1  with params [-4.39474452 -0.32788417  1.0650762  40.50860114]
at minimum 4.1078 accepted 1  with params [-4.18941434  0.14162786  1.29961112 39.09028192]
at minimum 4.4388 accepted 1  with params [-4.07001679  0.20361632  1.30378152 38.83000232]
at minimum 5.4847 accepted 0  with params [-3.94839941  0.61391673  1.37248903 38.38125989]
at minimum 4.3504 accepted 1  with params [-4.10260365e+00 -2.96973550e-02  1.35238233e+00  3.88300209e+01]
at minimum 3.7829 accepted 1  with params [-4.37839854  0.39963345  0.94386189 38.61353434]
at minimum 3.5037 accepted 1  with params [-4.61445244  0.28308551  0.84682205 41.20765481]
at minimum 4.4496 accepted 0  with params [-4.68242208  0.7808899   0.57761431 39.0856435 ]
at minimum 3.4004 accepted 1  with params [-4.80045503  0.51289148  0.42103654 42.60341679]
at minimum 3.2710 accepted 1  with params [-4.74528506  0.14387956  0.25768992 42.23256527]
at minimum 4.0784 accepted 1  with params [-5.17576755  0.2182848   0.13478975 58.82201605]
at minimum 5.2499 accepted 1  with params [-5.47221133  0.99        0.05       39.06446292]
at minimum 5.1744 accepted 1  with params [-5.18056481  0.99        0.05       38.97222097]
at minimum 4.4399 accepted 1  with params [-5.10404299  0.74095737  0.05       43.20260713]
at minimum 4.1824 accepted 1  with params [-4.74156781  0.65379819  0.18457129 43.40489815]
at minimum 4.5233 accepted 0  with params [-4.50352802  0.83767329  0.05       38.87328266]
at minimum 5.8722 accepted 0  with params [-4.95807197  0.96425089  0.52212493 43.37836965]
at minimum 4.8544 accepted 1  with params [-4.37307511  0.74187475  0.10739451 42.97200993]
at minimum 5.1264 accepted 0  with params [-3.94957    -0.9         0.49846902 38.82999537]
at minimum 3.9915 accepted 1  with params [-4.35158935 -0.49534792  0.29442911 43.27738832]
at minimum 4.5972 accepted 1  with params [-4.01166444e+00  2.25656204e-02  5.19546324e-01  3.88300002e+01]
at minimum 4.4311 accepted 1  with params [-4.14389468  0.45019658  0.47386903 38.6037469 ]
at minimum 3.4204 accepted 1  with params [-4.46314421  0.13619785  0.6737634  38.71165675]
at minimum 3.8563 accepted 1  with params [-4.700551    0.63116594  1.12655602 39.17171465]
at minimum 5.0495 accepted 1  with params [-4.24048311  0.77065134  0.62796569 38.77802308]
at minimum 4.9079 accepted 1  with params [-3.84802167  0.37948376  0.13370713 38.83      ]
at minimum 4.9019 accepted 1  with params [-3.82903526  0.35720937  0.26918065 38.8044006 ]
at minimum 654797.5202 accepted 0  with params [-3.34197265  0.99        0.40363099 10.        ]
at minimum 5.4316 accepted 0  with params [-3.68387242  0.34684264  1.02248242 38.45968272]
at minimum 5.2327 accepted 0  with params [-3.61355678  0.1452321   0.62056168 38.75999567]
at minimum 4.6083 accepted 1  with params [-3.97921486  0.47505674  0.14736986 39.13859875]
at minimum 4.4597 accepted 1  with params [-4.04976664  0.50148652  0.05       38.83000004]
at minimum 4.9537 accepted 1  with params [-3.81730428  0.17085602  0.37122809 38.47489689]
at minimum 5.4014 accepted 1  with params [-3.66432922  0.46060805  0.05       38.69618615]
at minimum 3.5293 accepted 1  with params [-4.83171881  0.55042746  0.33771707 42.60278804]
at minimum 4.4661 accepted 1  with params [-4.54367398  0.7341314   3.         39.01110387]
at minimum 6.0454 accepted 0  with params [-4.47976206  0.99        3.         38.74198705]
at minimum 3.7193 accepted 1  with params [-4.51254062  0.286663    2.67083918 40.87842857]
at minimum 3.8474 accepted 1  with params [-4.55417965  0.28679374  2.54471507 41.26284177]
at minimum 4.0973 accepted 1  with params [-4.61407683  0.68760668  2.67461327 39.77401851]
at minimum 6.3862 accepted 0  with params [-4.97630341  0.48928587  2.95074169 39.68683197]
at minimum 5.6385 accepted 0  with params [-4.91450022  0.99        2.8140684  38.45097729]
at minimum 5.3319 accepted 0  with params [-6.          0.99        2.3153846  38.99920648]
at minimum 6.1004 accepted 0  with params [-4.39678517  0.99        2.64983355 38.75595739]
at minimum 4.3178 accepted 1  with params [-4.09520617 -0.35631249  2.71896708 38.8303518 ]
at minimum 4.9584 accepted 0  with params [-3.76505218e+00 -6.31440007e-03  2.88718694e+00  3.88300000e+01]
at minimum 5.0887 accepted 0  with params [-3.89845183 -0.9         3.         38.82079069]
at minimum 6.0409 accepted 0  with params [-4.48457174 -0.43948945  2.32545331 40.89321013]
at minimum 4.2958 accepted 1  with params [-4.10206903 -0.06364744  1.90628488 38.89074854]
at minimum 5.1811 accepted 1  with params [-4.46409279 -0.39419281  1.50734436 38.65002458]
at minimum 10.6349 accepted 0  with params [-4.65887792 -0.68173065  1.9601252  42.73633087]
at minimum 14.7951 accepted 0  with params [-4.88681627 -0.45013717  1.62374256 43.57114624]
at minimum 4.6612 accepted 1  with params [-3.96154793 -0.13236345  1.37763938 38.83      ]
at minimum 4.4785 accepted 1  with params [-4.18551209 -0.51943315  1.51345967 38.83104609]
at minimum 4.9360 accepted 1  with params [-3.85239763 -0.36364736  1.14719901 39.02594408]
at minimum 4.5933 accepted 1  with params [-4.37439837 -0.39335176  1.6644965  39.87762964]
at minimum 5.5964 accepted 0  with params [-4.53093785 -0.31785882  1.69901997 39.56034773]
at minimum 3.5077 accepted 1  with params [-4.47829619  0.41948632  1.82142578 39.21008034]
at minimum 3.8974 accepted 0  with params [-4.60789344  0.63494439  2.3145622  39.43833496]
at minimum 10.3714 accepted 0  with params [-4.91642365  0.04102201  2.17732818 38.91692658]
at minimum 5.2021 accepted 0  with params [-4.85733114  0.3100478   1.42734977 44.21567769]
at minimum 4.4368 accepted 0  with params [-4.03116255e+00 -3.85691343e-03  2.15275993e+00  3.88300043e+01]
at minimum 11.2771 accepted 0  with params [-5.01747079  0.0737293   1.82407869 39.61974762]
at minimum 5.8388 accepted 0  with params [-4.28691817  0.89888796  1.99435727 39.58024797]
at minimum 5.6202 accepted 0  with params [-4.21466832  0.8307593   1.61422488 38.75999538]
at minimum 3.6884 accepted 1  with params [-4.35353997  0.43248102  3.         39.33148297]
at minimum 8.6683 accepted 0  with params [-4.70044644 -0.11386004  3.         38.86903145]
at minimum 8.3922 accepted 0  with params [-4.75825468e+00  2.45126612e-02  3.00000000e+00  3.92319130e+01]
at minimum 5.3276 accepted 0  with params [-6.          0.98622177  3.         39.16522167]
at minimum 5.1091 accepted 1  with params [-4.09630232 -0.9         3.         38.83095191]
at minimum 4.7735 accepted 1  with params [-3.97186688 -0.6323188   2.86544324 38.83000694]
at minimum 4.9356 accepted 1  with params [-4.06715089 -0.82473289  2.43510583 38.76000513]
at minimum 5.3645 accepted 1  with params [-3.59729602 -0.9         2.53060763 38.82999998]
at minimum 5.3167 accepted 1  with params [-3.81853925 -0.9         2.02855196 39.23359422]
at minimum 7.8383 accepted 0  with params [-3.4079084  -0.88504808  1.64939815 37.77016585]
at minimum 5.4176 accepted 1  with params [-3.64542777 -0.86606241  2.11684488 39.75303883]
at minimum 5.0928 accepted 1  with params [-3.9860056  -0.9         2.33274378 38.83000302]
at minimum 4.2093 accepted 1  with params [-4.19858932 -0.30844478  2.75699026 39.30110951]
at minimum 5.2269 accepted 0  with params [-4.23242062 -0.74195262  2.97982746 39.11141693]
at minimum 4.9636 accepted 1  with params [-4.11518333 -0.79937758  2.98284976 39.24547423]
at minimum 4.5289 accepted 1  with params [-4.18591244 -0.51452643  3.         39.42737089]
at minimum 10.5948 accepted 0  with params [-4.67109538 -0.41666738  3.         39.93968578]
at minimum 4.5197 accepted 1  with params [-4.0172701  -0.42821056  3.         38.83003931]
at minimum 4.0889 accepted 1  with params [-4.13338038 -0.18217073  3.         38.83160629]
at minimum 4.8421 accepted 0  with params [-3.72759707 -0.27446521  3.         38.83000006]
at minimum 4.9817 accepted 1  with params [-3.74387959 -0.46742495  3.         38.47595451]
at minimum 406034.1164 accepted 0  with params [-3.28860322 -0.9         3.         10.        ]
at minimum 5.0107 accepted 1  with params [-3.58412105 -0.51128086  2.68352021 38.76077964]
at minimum 4.5683 accepted 1  with params [-4.08922057 -0.55064657  2.47700016 38.83020829]
at minimum 6.1466 accepted 0  with params [-4.32577916 -0.80639469  2.90920092 38.82714885]
at minimum 4.5270 accepted 1  with params [-3.97791223e+00 -3.21709015e-02  2.25817903e+00  3.88300002e+01]
at minimum 4.2723 accepted 1  with params [-4.34042602 -0.20939738  2.54867015 38.47983422]
at minimum 4.3927 accepted 1  with params [-4.1958093  -0.43014751  3.         38.90016047]
at minimum 9.1872 accepted 0  with params [-4.69090543 -0.25348555  2.68419896 39.50109258]
