at minimum 132.0231 accepted 1  with params [-4.5  0.4  0.5 40.   1.   1. ]
at minimum 127.2276 accepted 1  with params [-4.47345623  0.28234094  0.05       39.88483772  1.40359398  1.25387146]
at minimum 143.6726 accepted 0  with params [-4.35134784 -0.13034336  0.41991439 39.64490164  0.98780693  1.29128851]
at minimum 129.2723 accepted 0  with params [-4.67533585  0.09655914  0.14530146 40.09446237  1.81446437  1.45598241]
at minimum 144.0898 accepted 0  with params [-4.21383691 -0.11586598  0.05       40.26836761  1.72213008  0.84136703]
at minimum 126.2632 accepted 1  with params [-4.2089485   0.29432685  0.39231818 39.51827597  1.0412109   1.1183077 ]
at minimum 127.1243 accepted 0  with params [-3.72931581  0.30656504  0.28876354 39.69331878  0.93164978  1.2475914 ]
at minimum 135.6485 accepted 0  with params [-4.24215563  0.50322104  0.05950903 39.15312908  1.16280808  0.67250416]
at minimum 139.4247 accepted 0  with params [-4.69789991 -0.08489903  0.09622083 39.70682341  0.83950863  0.89739391]
at minimum 141.5943 accepted 0  with params [-4.39959022  0.56044147  0.1067904  39.35553819  0.62636328  1.53106706]
at minimum 135.2092 accepted 0  with params [-4.12835260e+00 -2.06177030e-02  6.93547794e-01  3.99939644e+01
  1.46039722e+00  1.43453718e+00]
at minimum 144.6903 accepted 0  with params [-4.57003152  0.58117387  0.45521269 39.60971652  1.13441168  1.28885706]
at minimum 132.1208 accepted 0  with params [-3.99689704  0.41563019  0.05000023 39.81416791  0.70980423  1.05399937]
at minimum 147.3444 accepted 0  with params [-4.21552668 -0.17897544  0.05000037 39.1278895   1.11403291  1.56898319]
at minimum 145.3578 accepted 0  with params [-4.35064336  0.60171211  0.11885679 39.25681205  1.35188954  0.93912058]
at minimum 126.9433 accepted 0  with params [-3.72153596  0.2202874   0.05       39.99705286  0.95764487  1.41485896]
at minimum 125.0043 accepted 1  with params [-3.74093552  0.21769936  0.34734922 39.36154843  0.91768742  1.13933458]
at minimum 135.8197 accepted 0  with params [-4.20686433  0.48700507  0.49073012 39.52975331  0.4315847   1.14799613]
at minimum 146.0736 accepted 0  with params [-3.6667937  -0.15877607  0.05704254 39.50596508  1.34157072  1.54668654]
at minimum 152.5255 accepted 0  with params [-3.86472631  0.65564333  0.8096599  39.46113362  1.00311829  0.87973084]
at minimum 156.4520 accepted 0  with params [-3.48988724 -0.25227455  0.70895923 39.16926986  1.28787275  1.34447898]
at minimum 138.0049 accepted 0  with params [-3.47674731  0.50775656  0.05000067 39.63175782  0.4221279   0.68563675]
at minimum 128.6765 accepted 0  with params [-4.13622238  0.38665802  0.05       39.28159547  1.1558476   1.23238741]
at minimum 129.3283 accepted 0  with params [-3.34256485  0.07375425  0.43819695 39.80262214  0.73657417  1.16506069]
at minimum 135.9499 accepted 0  with params [-3.33641177 -0.06042379  0.05000004 39.1943123   0.64349074  1.60578728]
at minimum 131.8365 accepted 0  with params [-3.82118011  0.44437075  0.73804195 39.25963288  0.69323664  1.48192686]
at minimum 157.3656 accepted 0  with params [-3.47512868  0.70052155  0.56311877 39.25082832  0.52986503  1.4634767 ]
at minimum 143.8085 accepted 0  with params [-3.57163044 -0.13142381  0.35518639 39.7090637   0.50790921  1.53893648]
at minimum 124.9052 accepted 1  with params [-3.45058131  0.29400744  0.44476345 39.0637224   0.83301644  1.38081407]
at minimum 146.2568 accepted 0  with params [-3.787489   -0.17364063  0.77767642 38.90063625  0.48185332  1.67946318]
at minimum 126.7001 accepted 0  with params [-3.35913246  0.3109523   0.75601592 39.53382906  0.6820033   0.9133639 ]
at minimum 131.3707 accepted 0  with params [-3.00000000e+00 -3.22107479e-03  1.13404319e-01  3.90130758e+01
  1.27014728e+00  1.73991788e+00]
at minimum 136.8744 accepted 0  with params [-3.70546041 -0.08121903  0.45960909 38.93503318  0.84068199  1.64203568]
at minimum 154.0163 accepted 0  with params [-3.64452809  0.66689525  0.50574108 39.46454041  0.8785277   1.61503192]
at minimum 128.1383 accepted 0  with params [-3.18671169  0.4119264   0.73022759 38.70260568  1.00130169  0.97140201]
at minimum 128.8995 accepted 0  with params [-3.02480994  0.05566041  0.85818474 39.37921939  0.3483544   1.81855662]
at minimum 124.4017 accepted 1  with params [-3.47098169  0.2439088   0.05       39.11811152  0.4048013   1.63230857]
at minimum 133.3963 accepted 0  with params [-3.38562843  0.46117066  0.05000018 39.38519643  0.63252316  1.67349525]
at minimum 130.0672 accepted 0  with params [-3.58081086  0.42580822  0.05000079 39.09244589  0.53318272  1.48439401]
at minimum 132.6608 accepted 0  with params [-3.37871525e+00 -2.02526482e-02  5.00005319e-02  3.90562760e+01
  7.95644574e-01  1.19607936e+00]
at minimum 160.4794 accepted 0  with params [-3.44985164  0.71117747  0.19005074 39.53738284  0.16874421  1.79727199]
at minimum 127.3937 accepted 0  with params [-3.26468297  0.34196158  0.47034558 39.47205249  0.11574034  1.90889637]
at minimum 147.7268 accepted 0  with params [-3.15751252  0.62621697  0.05       39.16744119  0.87522318  1.60919811]
at minimum 128.8636 accepted 0  with params [-3.48644292  0.42320869  0.05       38.76062224  0.80810016  1.1519833 ]
at minimum 148.8241 accepted 0  with params [-3.10828625 -0.1989072   0.34765235 38.85059207  0.6351964   1.91522289]
at minimum 154.9468 accepted 0  with params [-3.0404017  -0.24129627  0.0500012  39.1070801   0.19319838  1.99999942]
at minimum 156.6367 accepted 0  with params [-3.48612508e+00 -2.51187452e-01  3.04208226e-01  3.91925047e+01
  2.12055927e-02  1.53005345e+00]
at minimum 123.3326 accepted 1  with params [-3.55245566  0.22806295  0.05000064 38.69380829  0.5302292   1.3068937 ]
at minimum 149.0597 accepted 0  with params [-3.7288406  -0.21299904  0.05       38.26798208  0.46605798  0.94810195]
at minimum 134.3497 accepted 0  with params [-3.61698714  0.48899892  0.36593852 39.10734506  0.09308005  1.16681441]
at minimum 150.0370 accepted 0  with params [-3.29795403  0.6685124   0.05       38.60995683  0.48665064  1.06256296]
at minimum 150.2063 accepted 0  with params [-3.40365928 -0.21959437  0.05000007 38.27960709  0.92244429  1.75183119]
at minimum 124.1403 accepted 1  with params [-3.23620743  0.25984578  0.05       38.96882757  0.4388661   1.63459326]
at minimum 125.4096 accepted 0  with params [-3.09914497  0.11551355  0.46013272 38.833101    0.30705534  1.27639001]
at minimum 153.2150 accepted 0  with params [-3.60158931  0.69105376  0.05000032 38.67646383  0.60937492  1.99268207]
at minimum 124.7611 accepted 1  with params [-3.56187107  0.13045905  0.05000004 38.74150122  0.6276732   1.99999997]
at minimum 123.9759 accepted 1  with params [-3.22566542  0.20638711  0.47683264 38.94991943  0.36295634  2.        ]
at minimum 147.1442 accepted 0  with params [-3.13001581  0.64798609  0.21688296 38.50973601  0.2578865   2.        ]
at minimum 126.8980 accepted 0  with params [-3.18973261  0.0716219   0.86339554 38.82442693  0.30626805  1.97834012]
at minimum 132.9086 accepted 0  with params [-3.48130948 -0.03962804  0.5223413  38.53332942  0.40599165  1.91924116]
at minimum 131.6679 accepted 0  with params [-3.56223653e+00  5.82538727e-03  3.02854743e-01  3.93682898e+01
  7.94416619e-02  2.00000000e+00]
at minimum 129.9933 accepted 0  with params [-3.65688685  0.45124265  0.19330253 38.59090465  0.70277117  1.97398508]
at minimum 152.3009 accepted 0  with params [-3.         -0.21846107  0.88167056 39.17459432  0.18190238  1.84893531]
at minimum 140.0253 accepted 0  with params [-3.00000000e+00  5.65029996e-01  1.59907156e-01  3.89173351e+01
  3.38755557e-02  2.00000000e+00]
at minimum 150.7791 accepted 0  with params [-3.04537579  0.64268337  0.43859409 39.39346247  0.64655987  1.69015785]
at minimum 140.7542 accepted 0  with params [-3.          0.58824521  0.22637585 38.52243028  0.37956594  2.        ]
at minimum 123.1833 accepted 1  with params [-3.00000021  0.19177976  0.74300236 38.52913009  0.71916618  1.89502233]
at minimum 138.5319 accepted 0  with params [-3.31979719 -0.0968853   0.54063199 38.96753162  0.48317614  1.50530803]
at minimum 131.3084 accepted 0  with params [-3.          0.47975083  1.19250922 38.39769743  0.60324237  1.81661218]
at minimum 122.3576 accepted 1  with params [-3.00000148  0.2528425   0.65123363 38.17855009  0.5708921   1.99999902]
at minimum 146.8289 accepted 0  with params [-3.20933879  0.66479533  0.92580518 37.97111588  0.26253326  1.6594698 ]
at minimum 138.0717 accepted 0  with params [-3.20388852 -0.11344083  0.52439711 38.04361163  0.23612218  1.82735262]
at minimum 129.9137 accepted 0  with params [-3.43911628e+00 -2.51402002e-04  4.36291764e-01  3.83612375e+01
  2.46076603e-01  1.87511231e+00]
at minimum 127.8515 accepted 0  with params [-3.          0.42329077  0.25236071 38.38625198  0.53208245  1.99999986]
at minimum 128.9633 accepted 0  with params [-3.00000025  0.45384961  0.2497932  38.14862317  0.3233712   1.99999983]
at minimum 145.3905 accepted 0  with params [-3.          0.65260944  0.9308599  37.96401362  1.01527859  1.90938922]
at minimum 151.4956 accepted 0  with params [-3.2817692   0.70110574  1.06932301 38.05534917  0.77704897  1.99342383]
at minimum 137.3019 accepted 0  with params [-3.01766754  0.57012334  0.86728266 38.07209639  0.30320792  2.        ]
at minimum 138.6705 accepted 0  with params [-3.06733628 -0.12447326  1.04243789 37.81414321  0.95669232  1.91324055]
at minimum 141.1880 accepted 0  with params [-3.01064976  0.59553439  0.87254387 38.42844895  0.74526223  2.        ]
at minimum 139.1112 accepted 0  with params [-3.          0.59473226  0.23815531 37.88945436  0.83089807  1.89785371]
at minimum 130.3144 accepted 0  with params [-3.35820554e+00 -2.05598829e-02  2.38878371e-01  3.77635894e+01
  1.25278878e-01  1.60034381e+00]
at minimum 143.5593 accepted 0  with params [-3.00000002 -0.15888154  0.86462359 38.58345311  0.34383183  1.70147247]
at minimum 123.2836 accepted 0  with params [-3.          0.33033086  0.87433987 38.0249666   0.5630941   1.64127445]
at minimum 136.9285 accepted 0  with params [-3.24610518 -0.10516893  0.44033564 37.77906879  0.54249621  1.99999999]
at minimum 126.9641 accepted 0  with params [-3.19495809  0.4211805   0.46435627 38.08525257  0.73995555  1.88444659]
at minimum 152.4927 accepted 0  with params [-3.0000005   0.68969016  0.48428806 38.55074143  0.9860389   1.99999998]
at minimum 130.0029 accepted 0  with params [-3.00000034  0.4839109   0.90560167 37.8381836   0.99447049  1.81190949]
at minimum 123.0711 accepted 1  with params [-3.12533562  0.28886505  0.89383794 38.33896787  0.98146405  1.99999987]
at minimum 122.4719 accepted 1  with params [-3.44709725  0.19552929  0.54623564 38.18033527  1.01773908  1.71967706]
at minimum 124.2930 accepted 0  with params [-3.35524671  0.35941825  0.22840269 38.07561633  1.15864758  2.        ]
at minimum 128.7976 accepted 0  with params [-3.82597408e+00  2.30962448e-02  8.22822342e-01  3.85560046e+01
  9.92015196e-01  2.00000000e+00]
at minimum 147.0801 accepted 0  with params [-3.85230185 -0.19852685  0.83608584 38.28462081  1.15723903  1.965045  ]
at minimum 127.7522 accepted 0  with params [-3.71735588e+00  3.73381573e-02  5.85106425e-01  3.84391152e+01
  6.55157148e-01  1.96682503e+00]
at minimum 122.5803 accepted 0  with params [-3.03301984  0.16778573  0.56269638 38.00281221  0.70598083  1.30744943]
at minimum 147.8118 accepted 0  with params [-3.53059578 -0.20220298  0.97405586 38.29492727  1.45208226  1.90205904]
at minimum 137.5031 accepted 0  with params [-3.51781816  0.58137502  0.65542657 37.79043257  0.82736681  2.        ]
at minimum 126.2965 accepted 0  with params [-3.1325301   0.41353381  0.20237884 37.97377314  0.80198071  1.99999928]
at minimum 127.1152 accepted 0  with params [-3.12933635  0.04152897  0.98873356 38.1666446   0.69569145  1.85745397]
at minimum 129.2557 accepted 0  with params [-3.36004226e+00  6.32364661e-03  3.07263183e-01  3.81987141e+01
  7.04937347e-01  1.62100764e+00]
at minimum 121.9502 accepted 1  with params [-3.37672735  0.22275488  0.14650001 37.97082481  1.27891581  1.97242454]
