at minimum 57.3338 accepted 1  with params [-4.49999995  0.40000002  0.49999999 39.99999902  1.00000003  1.00000003]
at minimum 168.8540 accepted 0  with params [-4.72701165  0.12508487  0.5226077  40.45017649  0.62022268  0.70426743]
at minimum nan accepted 1  with params [-4.29280137  0.5042758   0.92274679 39.94916538  1.22661715  1.37432064]
at minimum 43.5658 accepted 1  with params [-4.39233453  0.30739284  1.32358341 39.66613431  1.56499671  1.28989421]
at minimum 88.3317 accepted 0  with params [-4.46041938  0.77588978  1.32995417 39.58745302  1.91246013  1.36343421]
at minimum 40.8631 accepted 1  with params [-3.90109804  0.70270086  1.55865568 39.88531989  1.42383529  1.01845229]
at minimum 243.5013 accepted 0  with params [-3.94520425  0.85144826  1.36019091 39.86527788  1.8280572   0.57052325]
at minimum 101.8392 accepted 0  with params [-3.62453485  0.75642047  2.03913214 39.51082432  1.8221773   1.19968931]
at minimum 30.4688 accepted 1  with params [-4.10548298  0.6565814   1.24753312 39.38614817  1.1878492   0.80324659]
at minimum 34.1285 accepted 0  with params [-4.28291426  0.89765772  1.58315702 39.77790071  1.03931563  1.18895492]
at minimum 30.9362 accepted 1  with params [-4.26787455  0.69788049  1.52117939 38.99451682  1.24776906  0.99413214]
at minimum 73.5432 accepted 0  with params [-4.40172716  0.20541027  1.31931987 38.82593173  1.26268468  0.56675067]
at minimum 30.3506 accepted 1  with params [-4.12677615  0.79411727  1.64540163 39.40938905  0.75709864  0.87368684]
at minimum 44.9658 accepted 0  with params [-4.301365    0.69060823  1.81702668 39.23245666  0.62177678  1.33077839]
at minimum nan accepted 1  with params [-4.42597858  0.76252724  1.20642387 39.37225114  0.36201461  0.504867  ]
at minimum 92.4826 accepted 1  with params [-4.4859416   0.47312503  1.00403441 39.0275819   0.06702563  0.58796585]
at minimum 163.3364 accepted 0  with params [-4.73038064  0.22719791  1.22277788 39.10617149  0.09162839  1.04254259]
at minimum 141.5103 accepted 0  with params [-4.84373114  0.54307923  1.33273104 38.56092869  0.38963025  0.84952294]
at minimum 35.4928 accepted 1  with params [-4.04754929  0.70454071  0.53176578 38.54328075  0.39280462  0.49782434]
at minimum 33.4242 accepted 1  with params [-3.87959873  0.44746994  0.32372153 38.53133019  0.46694446  0.17001536]
at minimum 35.9374 accepted 0  with params [-3.60425549  0.31880068  0.17525968 38.75819739  0.12442777  0.15918461]
at minimum 75.6337 accepted 0  with params [-3.8580853   0.17908178  0.05450159 38.62817152  0.80409184  0.58378809]
at minimum 102.5314 accepted 0  with params [-3.53002229  0.28648175  0.05000006 38.07446838  0.69281718  0.5613192 ]
at minimum 65.0692 accepted 0  with params [-4.17669413  0.93216443  0.05000047 38.65017489  0.13047926  0.        ]
at minimum 70.4359 accepted 0  with params [-3.88954706  0.34768468  0.05       38.40795394  0.81807427  0.        ]
at minimum 58.0197 accepted 0  with params [-4.28325266  0.62461745  0.75319007 38.92204226  0.76886671  0.        ]
at minimum 8374.4538 accepted 0  with params [-3.39677212  0.78333429  0.50012027 38.91510186  0.90789363  0.2874643 ]
at minimum 41.7869 accepted 0  with params [-4.01889075e+00  4.26129897e-01  4.43359050e-01  3.82065088e+01
  8.23618365e-01  1.89669195e-07]
at minimum 35.3326 accepted 0  with params [-3.85925206  0.32953105  0.27952897 38.56028209  0.80871567  0.        ]
at minimum 55.4107 accepted 0  with params [-4.08342797e+00  3.15495012e-01  5.00002092e-02  3.81840660e+01
  1.01723177e-01  1.41845041e-07]
at minimum 30.0782 accepted 1  with params [-3.74933134e+00  7.69828729e-01  1.64203219e-01  3.88580647e+01
  2.41075821e-01  5.11312896e-07]
at minimum nan accepted 1  with params [-4.12727562e+00  4.75767556e-01  3.30515004e-01  3.89837364e+01
  5.64730935e-01  3.39271026e-02]
at minimum 106.4048 accepted 1  with params [-4.29240007  0.27122855  0.05       39.25877748  0.54260738  0.34346191]
at minimum 108.2558 accepted 0  with params [-4.59145615  0.54842795  0.33793742 38.93600763  0.93535916  0.        ]
at minimum 36.8016 accepted 1  with params [-3.85477972  0.24830407  0.26099406 38.9224167   0.43168937  0.84130936]
at minimum 65.0707 accepted 0  with params [-4.16587014  0.62751759  0.10480793 38.52476933  0.          0.53326662]
at minimum 41.1792 accepted 0  with params [-3.60335545  0.50154382  0.38794301 39.13782689  0.15527985  0.54053835]
at minimum 39.0496 accepted 0  with params [-3.56341246e+00  2.63304891e-02  3.39828872e-01  3.87404457e+01
  8.45705577e-01  1.20158180e+00]
at minimum 90.3954 accepted 0  with params [-4.2999687   0.17204447  0.10164146 39.26552736  0.57878824  0.48624594]
at minimum 105.6285 accepted 0  with params [-4.09991945 -0.10486704  0.05000028 38.97437569  0.45894225  0.49732948]
at minimum 71.7825 accepted 0  with params [-4.24710812 -0.11833907  0.67913725 39.40429703  0.12029636  0.54773369]
at minimum 32.5132 accepted 1  with params [-3.81361956  0.12477562  0.59469921 39.21391283  0.52069454  1.2036563 ]
at minimum 39.7882 accepted 0  with params [-3.4670176  -0.27091409  0.26568129 38.94304717  0.3654869   0.73057146]
at minimum 41.6288 accepted 0  with params [-4.1569767   0.3414351   0.54808408 39.15960155  0.82296221  0.80024841]
at minimum 31.9813 accepted 1  with params [-3.60743146e+00 -1.04918287e-03  8.61438865e-01  3.93250453e+01
  7.24852822e-01  1.39007249e+00]
at minimum nan accepted 1  with params [-3.86331048e+00  1.61799759e-02  1.17024837e+00  3.93708451e+01
  3.79447785e-01  1.00601626e+00]
at minimum 57.5764 accepted 1  with params [-4.13293791 -0.05819941  1.21290756 39.20366019  0.27183665  1.01404472]
at minimum 39.5230 accepted 1  with params [-4.05166485  0.14369533  1.35675091 39.5892612   0.61913588  1.01818598]
at minimum 186.3430 accepted 0  with params [-4.45163735 -0.35253973  1.51248794 39.64424015  0.1862774   1.20627796]
at minimum 32.7066 accepted 1  with params [-3.90102807  0.11013718  1.59169247 39.61948045  0.75099092  0.61035284]
at minimum 113.4875 accepted 0  with params [-4.28973768 -0.33251364  1.82034003 39.34453631  1.03846527  0.42740825]
at minimum 32.6093 accepted 1  with params [-4.03209859  0.4729301   1.90010511 39.91387142  0.49483749  0.69990919]
at minimum 39.5300 accepted 0  with params [-3.7768899   0.84379261  1.57474395 39.52941644  0.26126464  0.58409153]
at minimum 29.9486 accepted 1  with params [-4.0150903   0.86702464  1.46116148 39.7802138   0.77645875  0.73592124]
at minimum nan accepted 1  with params [-3.99472023  0.77338849  1.23416964 39.61691442  1.14174222  0.34001367]
at minimum 770.3376 accepted 1  with params [-4.12506786  0.99        0.89547503 39.73243987  1.45704266  0.12549594]
at minimum 50.9081 accepted 1  with params [-3.92957918  0.70426878  0.48879334 39.64700868  1.75519755  0.45221019]
at minimum 29.1663 accepted 1  with params [-3.721298    0.4129162   0.61985682 39.69956809  1.58880214  0.38781369]
at minimum 212.6713 accepted 0  with params [-4.03491006  0.74745764  0.22926771 39.31524249  1.79093745  0.10308044]
at minimum 94.9803 accepted 0  with params [-3.46725402  0.74972364  0.40090725 39.46832923  1.20231034  0.72175267]
at minimum 32.1855 accepted 0  with params [-3.76801107  0.04788381  0.74477092 39.46397792  1.66608335  0.32648038]
at minimum 12774.4606 accepted 0  with params [-3.33040127  0.49653865  0.85002399 39.79624463  1.99197277  0.32875417]
at minimum 20921.6148 accepted 0  with params [-3.30472801e+00  2.43642215e-03  9.12586237e-01  3.93238972e+01
  1.95326882e+00  6.21612194e-02]
at minimum 40.7194 accepted 0  with params [-4.11625854  0.32571013  0.70107745 39.83380171  1.56183361  0.13692101]
at minimum 48.5723 accepted 0  with params [-4.09208900e+00  3.30610281e-01  2.74463904e-01  3.96815863e+01
  1.86092516e+00  3.09192116e-07]
at minimum 37.9110 accepted 0  with params [-3.61902228  0.37048462  0.68243112 39.93322019  1.93017249  0.52414994]
at minimum 52.3983 accepted 0  with params [-4.08000051e+00  3.11761148e-03  5.50184999e-01  3.97221911e+01
  1.16721039e+00  6.52288313e-01]
at minimum 29.1562 accepted 1  with params [-4.06207516  0.58498854  0.4518292  40.07763739  1.33699895  0.55398841]
at minimum 31.3110 accepted 0  with params [-4.10989464  0.69244102  0.60592412 39.92278461  1.18780796  0.48398646]
at minimum 36.3320 accepted 0  with params [-3.92884431  0.73638478  0.05000056 39.92837995  1.20302966  0.77212781]
at minimum 34.6289 accepted 0  with params [-3.98799474  0.70553442  0.62981982 40.17118667  1.50472463  0.69220039]
at minimum 47.5767 accepted 0  with params [-4.49406135  0.5826632   0.62141076 39.81915914  1.60690469  0.41855905]
at minimum 33.8228 accepted 0  with params [-4.18651195  0.42634714  0.7463151  39.92533134  1.46940307  0.64792912]
at minimum 42.5912 accepted 0  with params [-3.88074759  0.2549664   0.21162126 39.73071346  1.4512426   0.97148858]
at minimum 32.0852 accepted 0  with params [-3.70011419  0.52747088  0.5032055  39.6878828   1.16564625  0.7081984 ]
at minimum 35.4033 accepted 0  with params [-4.40777069  0.493006    0.3094924  40.1495418   1.62123397  0.95835392]
at minimum 81.0645 accepted 0  with params [-4.38466975  0.18099119  0.52832066 40.28052419  1.11217115  0.28484976]
at minimum 48.7876 accepted 0  with params [-3.83940822  0.99        0.79451516 39.75574696  1.13498113  0.55598156]
at minimum 51.9155 accepted 0  with params [-4.43091637  0.4312981   0.57101882 40.16243925  1.66571785  0.36536792]
at minimum 45.6776 accepted 0  with params [-4.13232802  0.1380627   0.73646747 40.49720549  1.40177363  0.59278693]
at minimum 49.0749 accepted 0  with params [-4.161948    0.18508554  0.48117401 40.03574329  1.62415652  0.71630836]
at minimum 34.3452 accepted 0  with params [-4.01422444  0.53832514  0.69178185 40.29869982  1.4800719   0.26348676]
at minimum 46.9585 accepted 0  with params [-4.32581577  0.82193178  0.05       40.32786461  1.00221993  0.43899373]
at minimum 48.2660 accepted 0  with params [-4.49708746  0.50455756  0.41408192 40.3921873   1.34246916  0.54328567]
at minimum 47.6498 accepted 0  with params [-3.78534496  0.49572954  0.06374227 39.75345253  1.47018708  0.7687206 ]
at minimum 57.2238 accepted 0  with params [-3.6720084   0.81259768  0.87993384 40.21546491  0.99679495  0.96476696]
at minimum 80.5958 accepted 0  with params [-4.31675783  0.24204797  0.15159759 39.74605081  1.24584041  0.6326195 ]
at minimum 36.2210 accepted 0  with params [-4.26797966  0.62684078  0.51469979 40.14981214  1.27371833  0.41740773]
at minimum 28.5429 accepted 1  with params [-4.24612841  0.74413369  0.33311007 40.10426066  1.17040523  0.74367996]
at minimum 61.5178 accepted 0  with params [-4.28949958  0.46629983  0.05       40.05318589  1.02169011  1.07883905]
at minimum 42.2011 accepted 0  with params [-4.01627814  0.99        0.65456055 40.47225322  1.18304522  1.00523222]
at minimum 34.9927 accepted 0  with params [-4.02593614  0.66210197  0.10186888 40.2158559   1.01276217  0.80998931]
at minimum 29.5769 accepted 0  with params [-3.90284361  0.98999914  0.49687427 39.87298056  0.75380619  0.49803117]
at minimum 36.0236 accepted 0  with params [-4.62967831  0.58731144  0.75686854 39.87277754  1.47326927  0.77114752]
at minimum 53.9768 accepted 0  with params [-3.9125386   0.89457399  0.56827332 39.97416793  1.49015715  0.65701427]
at minimum 53.5614 accepted 0  with params [-4.33720469  0.42698465  0.30132414 40.28288954  1.13761802  0.48156723]
at minimum 41.9181 accepted 0  with params [-4.14027204  0.9135542   0.05       40.3083725   0.86462559  0.43256827]
at minimum 26.9569 accepted 1  with params [-3.88108108  0.47629707  0.66078741 40.34526942  1.4831293   0.74692501]
at minimum 100.3949 accepted 0  with params [-3.7143208   0.89490215  0.23312485 40.7782363   1.73952884  0.60670248]
at minimum 28.0124 accepted 1  with params [-3.75476811  0.10825151  0.81969832 40.51893284  1.40854259  0.46895769]
at minimum 32.8473 accepted 0  with params [-4.07305087  0.42700272  0.58362058 40.86330865  1.76768237  0.37619473]
