at minimum 6.2952 accepted 1  with params [-4.5         0.4         0.50000002 40.        ]
at minimum 6.2900 accepted 1  with params [-4.7016795   0.50318434  0.45604378 39.49154901]
at minimum 6.5943 accepted 1  with params [-5.03690033  0.18472131  0.33421457 39.95278168]
at minimum 8.5785 accepted 0  with params [-5.50985998  0.30251962  0.05       39.76054089]
at minimum 4.5423 accepted 1  with params [-4.72366619 -0.15664259  0.05       46.29571058]
at minimum 5.6749 accepted 1  with params [-4.40674535 -0.14984982  0.05573065 41.03768724]
at minimum 6.8599 accepted 0  with params [-4.09264965  0.13517094  0.05       40.75095208]
at minimum 7.2910 accepted 1  with params [-3.97941766 -0.16376059  0.45694186 40.62558755]
at minimum 8.0525 accepted 0  with params [-3.73072688  0.314844    0.79033578 40.46825104]
at minimum 6.7398 accepted 1  with params [-4.15117763 -0.41775253  0.05013944 39.71074579]
at minimum 6.2903 accepted 1  with params [-4.44895548 -0.44409845  0.48706582 41.04525272]
at minimum 6.8404 accepted 1  with params [-4.23363236 -0.33411668  0.49842088 40.75362074]
at minimum 5.0381 accepted 1  with params [-4.81738404e+00 -3.10070706e-02  7.28364347e-02  4.10334814e+01]
at minimum 10.6401 accepted 0  with params [-5.10095448 -0.48299138  0.08594455 40.80539699]
at minimum 8.0318 accepted 0  with params [-4.86142554 -0.43472256  0.36128183 40.74732401]
at minimum 11.5857 accepted 0  with params [-5.19187156 -0.40093228  0.05       41.38377164]
at minimum 5.2031 accepted 1  with params [-4.55901129 -0.9         0.12116482 43.84531532]
at minimum 4.8508 accepted 1  with params [-4.67705675 -0.46300479  0.05       44.33651378]
at minimum 5.0935 accepted 1  with params [-4.59724078e+00 -1.78743030e-02  2.55014309e-01  4.43877700e+01]
at minimum 5.3903 accepted 0  with params [-5.0148963   0.10974315  0.05000012 44.27351116]
at minimum 6.1563 accepted 0  with params [-5.09874973  0.37788822  0.26701902 44.29242634]
at minimum 6.0609 accepted 1  with params [-4.48977069 -0.11324092  0.38615818 44.7459714 ]
at minimum 6.4886 accepted 1  with params [-4.6196957   0.206376    0.68925887 44.9734155 ]
at minimum 6.7451 accepted 1  with params [-4.46098675  0.21664261  3.         40.70836681]
at minimum 6.7095 accepted 1  with params [-4.48253571  0.37802311  2.74493166 39.90575104]
at minimum 7.1836 accepted 1  with params [-4.66918502  0.28206637  2.44086462 41.99130233]
at minimum 6.9026 accepted 1  with params [-4.55773265  0.65230519  2.54077169 39.47283741]
at minimum 9.0690 accepted 0  with params [-4.94753594  0.25885691  2.2066211  39.18192455]
at minimum 6.7846 accepted 1  with params [-4.40187374  0.53411758  2.98595914 38.97145384]
at minimum 7.2620 accepted 1  with params [-4.93967251  0.79924664  2.99999999 41.88426836]
at minimum 8.1229 accepted 1  with params [-5.40592244  0.99        2.92802021 37.86267074]
at minimum 7.9403 accepted 1  with params [-5.33202845  0.69436643  3.         45.44041976]
at minimum 7.5305 accepted 1  with params [-5.31830375  0.79382681  3.         43.5364877 ]
at minimum 7.7385 accepted 0  with params [-5.44908901  0.91212006  2.79098578 40.42531422]
at minimum 7.6979 accepted 1  with params [-4.85123519  0.4914118   2.92503604 41.20958244]
at minimum 12.4385 accepted 0  with params [-5.05030056  0.04862748  2.94361287 41.30876533]
at minimum 6.7660 accepted 1  with params [-4.59848454  0.60931681  3.         40.47524603]
at minimum 7.3534 accepted 1  with params [-4.75157467  0.46989714  2.99431926 40.53928927]
at minimum 7.1459 accepted 1  with params [-4.6507614   0.3658299   3.         41.95334661]
at minimum 8.3576 accepted 0  with params [-5.00252386  0.99        2.95515631 37.40549587]
at minimum 7.3048 accepted 0  with params [-4.89229237  0.63457672  2.77804587 42.38612332]
at minimum 7.6475 accepted 0  with params [-4.25486528  0.65250933  2.81339809 38.15136695]
at minimum 7.9491 accepted 0  with params [-4.43278581  0.82176099  2.89866909 38.13618726]
at minimum 7.1433 accepted 1  with params [-4.87096584  0.73675827  3.         41.90311302]
at minimum 7.6783 accepted 1  with params [-4.8551361   0.50770198  3.         41.20950539]
at minimum 6.7720 accepted 1  with params [-4.61512342  0.5986912   3.         40.31547034]
at minimum 7.3034 accepted 0  with params [-4.7698182   0.47618208  2.59018655 39.85750553]
at minimum 7.3619 accepted 1  with params [-5.07366988  0.80642238  3.         41.56733378]
at minimum 8.5167 accepted 0  with params [-4.87032002  0.31635267  2.91291577 42.2487854 ]
at minimum 8.6425 accepted 0  with params [-4.6907426   0.99        2.95999518 37.25704414]
at minimum 9.7062 accepted 0  with params [-5.59868843  0.43517109  3.         54.62191095]
at minimum 7.7901 accepted 0  with params [-4.89227345  0.52030234  3.         41.67874098]
at minimum 8.0843 accepted 0  with params [-5.601039    0.99        2.63079951 38.07461728]
at minimum 6.8166 accepted 1  with params [-4.54017173  0.36721629  3.         41.12820583]
at minimum 6.8264 accepted 1  with params [-4.26993159e+00 -3.89645083e-02  2.67168834e+00  4.15646173e+01]
at minimum 6.9986 accepted 1  with params [-4.45661122 -0.06951144  2.5136969  41.6369015 ]
at minimum 7.1836 accepted 1  with params [-4.59228545  0.11364273  2.61760506 41.29630096]
at minimum 6.7358 accepted 1  with params [-4.47869685  0.40375858  3.         40.8957725 ]
at minimum 7.1641 accepted 0  with params [-4.01871233 -0.04175185  3.         40.41613551]
at minimum 6.7976 accepted 1  with params [-4.30629804  0.26379999  3.         40.97578109]
at minimum 6.8207 accepted 1  with params [-4.60010798  0.63957429  2.78175757 40.09248623]
at minimum 6.8198 accepted 1  with params [-4.60961494  0.64003761  2.59192412 40.08008969]
at minimum 8.0689 accepted 0  with params [-5.99987725  0.99        2.41192955 38.28620639]
at minimum 7.3460 accepted 0  with params [-4.46084009  0.71706319  2.77536915 38.59725108]
at minimum 6.7709 accepted 1  with params [-4.5101113   0.38870399  3.         39.80929974]
at minimum 7.4106 accepted 0  with params [-4.01497716  0.31032667  3.         38.10000454]
at minimum 6.8409 accepted 0  with params [-4.67544747  0.61983811  3.         40.89495344]
at minimum 9.0189 accepted 0  with params [-4.87805199  0.24529677  3.         39.89021497]
at minimum 7.4391 accepted 0  with params [-4.43020322  0.72576794  3.         38.48689509]
at minimum 7.2972 accepted 1  with params [-4.81089424  0.56016083  2.82778007 40.0239851 ]
at minimum 6.8202 accepted 1  with params [-4.61349433  0.41589208  2.29110709 41.41960455]
at minimum 10.3407 accepted 0  with params [-5.03403344  0.14985638  1.85649142 41.71153299]
at minimum 5.3151 accepted 1  with params [-4.50016326 -0.9         0.13521476 41.09540235]
at minimum 7.2728 accepted 0  with params [-4.04996146 -0.69902945  0.05       41.18272375]
at minimum 12.9951 accepted 0  with params [-4.98303888 -0.43832754  0.68801854 40.75448757]
at minimum 9.0925 accepted 0  with params [-4.83456739 -0.72829696  0.32926644 41.07960248]
at minimum 7.7233 accepted 0  with params [-4.58668907 -0.9         0.49957578 41.63233024]
at minimum 4.9791 accepted 1  with params [-4.58268341 -0.56962927  0.14923646 41.56601411]
at minimum 7.9365 accepted 0  with params [-4.95118907  0.99        0.08586435 41.49469792]
at minimum 5.1614 accepted 1  with params [-4.74457323 -0.39849321  0.22443288 46.80342261]
at minimum 5.6543 accepted 0  with params [-4.69620245 -0.83226415  0.05       47.134708  ]
at minimum 5.1768 accepted 1  with params [-4.83125915 -0.32739846  0.20082359 46.82840627]
at minimum 8.0414 accepted 0  with params [-4.4780032  -0.64548454  0.72007222 46.76957165]
at minimum 4.9062 accepted 1  with params [-4.73158776 -0.50304245  0.05       48.93288917]
at minimum 7.6989 accepted 0  with params [-4.6332144  -0.63654402  0.5147547  48.88937757]
at minimum 5.4218 accepted 1  with params [-4.54665794 -0.73617126  0.13747558 48.40664585]
at minimum 7.9547 accepted 0  with params [-5.00406438e+00 -6.25300611e-01  5.00000000e-02  6.62783482e+01]
at minimum 5.5630 accepted 1  with params [-4.73437046 -0.73927277  0.09296049 48.47470411]
at minimum 6.7536 accepted 1  with params [-4.8888121  -0.46506257  0.25515479 49.95599178]
at minimum 5.1551 accepted 1  with params [-4.598591   -0.8042552   0.05       45.63858411]
at minimum 7.5087 accepted 0  with params [-4.16440529 -0.9         0.16465315 45.29275921]
at minimum 7.7678 accepted 0  with params [-4.06198092 -0.77244293  0.05467786 45.0606505 ]
at minimum 5.2732 accepted 0  with params [-4.56897274 -0.9         0.05242909 46.00681691]
at minimum 4.8309 accepted 1  with params [-4.79902726 -0.31288047  0.10739362 45.1673753 ]
at minimum 5.1417 accepted 1  with params [-4.53415457 -0.86351226  0.05       45.43107333]
at minimum 8.0964 accepted 0  with params [-4.88335618e+00 -9.00000000e-01  5.00001480e-02  5.62129081e+01]
at minimum 9.7430 accepted 0  with params [-5.01173759 -0.64395316  0.05       45.2010468 ]
at minimum 7.4593 accepted 0  with params [-4.05493397 -0.9         0.34327936 38.10000454]
at minimum 7.2382 accepted 0  with params [-4.53677293 -0.9         0.4634487  45.70052184]
at minimum 6.2163 accepted 0  with params [-4.74271117 -0.88313488  0.05       46.26590206]
at minimum 11.3469 accepted 0  with params [-5.01777386e+00 -9.00000000e-01  5.00000000e-02  6.14080200e+01]
