at minimum 16.7965 accepted 1  with params [-4.5         0.4         0.5        34.04389564]
at minimum 22.9262 accepted 0  with params [-4.47822799  0.64955126  0.63963286 30.84269284]
at minimum nan accepted 1  with params [-4.49507797  0.25409751  0.8296904  33.66208477]
at minimum nan accepted 1  with params [-4.68983438  0.23194681  0.89372462 33.84001082]
at minimum 42.8396 accepted 1  with params [-4.89907133  0.99        1.04830828 27.98852693]
at minimum 21.2135 accepted 1  with params [-4.67856045  0.64806977  0.73538802 31.71737004]
at minimum 35.7384 accepted 0  with params [-4.76791564  0.92269391  0.66280071 29.10864356]
at minimum 18.8031 accepted 1  with params [-4.44798601  0.48964835  0.70640054 30.9665458 ]
at minimum 18.3793 accepted 1  with params [-4.08420411  0.30596027  0.36375125 31.8623218 ]
at minimum 19.3397 accepted 0  with params [-3.92638468  0.09485459  0.37491247 31.90276206]
at minimum 21.0236 accepted 0  with params [-4.20951929  0.54825549  0.40389369 30.74849709]
at minimum nan accepted 1  with params [-4.0285167   0.44041863  0.05       31.85732751]
at minimum 17.8376 accepted 1  with params [-4.26111192  0.39328992  0.47924121 31.76398558]
at minimum 25.2442 accepted 0  with params [-3.90275438e+00 -5.96394849e-04  7.90783556e-01  3.14262914e+01]
at minimum 36.5234 accepted 0  with params [-4.15964791  0.79379755  0.74133777 28.69939178]
at minimum 25.9308 accepted 0  with params [-4.08707176  0.30906963  0.94622092 29.54270525]
at minimum 17.5860 accepted 1  with params [-4.73490892  0.53446235  0.72003217 33.18805047]
at minimum 26.8345 accepted 0  with params [-4.50074208  0.76626925  0.47008025 30.73630639]
at minimum 17.5230 accepted 1  with params [-5.13762958  0.5343558   3.         32.00183669]
at minimum 17.2830 accepted 1  with params [-4.78046938  0.18905548  2.53314779 31.45292269]
at minimum 18.7259 accepted 0  with params [-4.6765616   0.04542545  2.45659005 31.66014284]
at minimum 78.8535 accepted 0  with params [-5.08045133 -0.26738212  2.76805471 30.94083486]
at minimum 38.2634 accepted 0  with params [-4.3406592   0.47780176  2.46280899 28.6295849 ]
at minimum 19.7010 accepted 0  with params [-5.18059976  0.34419262  2.80972763 33.66809926]
at minimum nan accepted 1  with params [-4.90378307 -0.30835392  2.08957614 31.57529331]
at minimum nan accepted 1  with params [-5.24702554 -0.73482766  2.08215855 31.57899032]
at minimum nan accepted 1  with params [-5.55594519 -0.9         1.8089251  31.13802243]
at minimum 42.0613 accepted 1  with params [-5.40860017  0.99        2.16098792 28.0595494 ]
at minimum 46.9438 accepted 0  with params [-5.07344158  0.99        2.47399534 27.67907417]
at minimum 42.4914 accepted 0  with params [-5.41474519  0.99        2.4654279  28.01197297]
at minimum 39.7994 accepted 1  with params [-6.          0.99        2.53641167 28.51592142]
at minimum 36.2359 accepted 1  with params [-6.          0.91144993  2.52045013 30.57253165]
at minimum 40.0804 accepted 0  with params [-5.87674088  0.99        2.80042771 28.40745806]
at minimum 27.6112 accepted 1  with params [-6.          0.49929576  2.20332179 47.32630756]
at minimum 28.1200 accepted 1  with params [-6.          0.49385562  2.44384548 46.97384573]
at minimum nan accepted 1  with params [-5.6709341   0.17861998  2.10085499 46.62745126]
at minimum 26.3025 accepted 1  with params [-6.          0.60760021  2.52854414 41.34349745]
at minimum 39.0778 accepted 0  with params [-5.74991481  0.97247372  2.15564196 28.77721705]
at minimum 27.7740 accepted 0  with params [-6.          0.50873212  2.74453462 45.56101594]
at minimum 40.4907 accepted 0  with params [-5.74442425  0.99        2.73818391 28.30241874]
at minimum 25.4346 accepted 1  with params [-5.86830206  0.66743918  2.82432151 37.40670896]
at minimum 40.5761 accepted 0  with params [-5.6929271   0.99        2.50411221 28.28308609]
at minimum nan accepted 1  with params [-5.88017695  0.55628483  3.         37.34434222]
at minimum 25.6765 accepted 1  with params [-5.94231079  0.58612782  3.         40.93970234]
at minimum 34.1010 accepted 0  with params [-5.6644997   0.42387175  3.         40.44536238]
at minimum 29.4814 accepted 0  with params [-6.          0.47877195  2.86538495 46.74299077]
at minimum 33.4092 accepted 0  with params [-5.70048722  0.43820576  2.73426558 41.59107336]
at minimum 34.6094 accepted 0  with params [-5.88154923  0.43054437  2.60461504 46.63502911]
at minimum 81.3539 accepted 0  with params [-5.83499324  0.24057197  3.         48.34413598]
at minimum 26.9825 accepted 1  with params [-6.          0.68250162  3.         37.84309532]
at minimum 26.7648 accepted 1  with params [-5.6626419   0.77717011  3.         32.76353817]
