at minimum 36.0015 accepted 1  with params [-4.50000001  0.4         0.50000002 39.99999999]
at minimum 31.7743 accepted 1  with params [-4.7433922   0.45509184  0.43986585 39.65803467]
at minimum 25.8841 accepted 1  with params [-4.51972726  0.11816963  0.26896663 40.73857184]
at minimum 45.7332 accepted 0  with params [-4.41471586 -0.35498844  0.66108216 40.98153226]
at minimum 47.4876 accepted 0  with params [-4.54269117 -0.30273618  0.64541804 40.25538884]
at minimum 35.9807 accepted 0  with params [-4.70559579 -0.08886167  0.2970161  40.63521131]
at minimum 43.2164 accepted 0  with params [-4.27772212 -0.29002221  0.2001892  40.60125517]
at minimum 37.4861 accepted 0  with params [-4.39848666 -0.36391246  0.30220111 39.99690815]
at minimum 31.4076 accepted 0  with params [-4.69916061  0.06503875  0.05219341 40.82913974]
at minimum 28.0865 accepted 0  with params [-4.69529377  0.22126212  0.08404459 40.65365352]
at minimum 32.3884 accepted 0  with params [-4.80911368  0.36728274  0.73404899 40.85458849]
at minimum 28.1196 accepted 0  with params [-4.52774816  0.09227308  0.61493636 40.17107703]
at minimum 28.7795 accepted 0  with params [-4.84620131  0.19830635  0.45444064 45.60273105]
at minimum 42.2527 accepted 0  with params [-4.5195242  -0.36921793  0.43713624 40.24342736]
at minimum 43.8244 accepted 0  with params [-4.26721167e+00 -7.12490774e-03  5.90672982e-01  4.07145572e+01]
at minimum 36.3005 accepted 0  with params [-4.33451998 -0.20967183  0.25184134 39.29567781]
at minimum 25.4074 accepted 1  with params [-4.63925927  0.20023867  0.50742572 41.46223047]
at minimum 23.7808 accepted 1  with params [-4.68642883  0.18017856  0.21757641 42.14678665]
at minimum 42.0841 accepted 0  with params [-5.17810178  0.53636943  0.05       47.69512453]
at minimum 24.7222 accepted 0  with params [-4.82618892  0.27931939  0.32606009 44.30347942]
at minimum 44.5645 accepted 0  with params [-4.32916848 -0.31052122  0.05       42.10498577]
at minimum 35.5753 accepted 0  with params [-4.53226497 -0.31771517  0.2999608  41.48148398]
at minimum 32.0522 accepted 0  with params [-4.84985652  0.35918381  0.68164371 43.22958195]
at minimum 24.7308 accepted 0  with params [-4.72449057  0.19729348  0.42602278 42.19892955]
at minimum 37.2703 accepted 0  with params [-4.33918206  0.14628863  0.64662802 38.23229283]
at minimum 30.2278 accepted 0  with params [-4.54794034 -0.10220575  0.05       42.49011604]
at minimum 34.1139 accepted 0  with params [-4.83075694  0.12188612  0.33115737 41.66004136]
at minimum 52.9129 accepted 0  with params [-4.75962114 -0.20137395  0.0718555  42.6157929 ]
at minimum 24.4048 accepted 0  with params [-4.58686665  0.12498402  0.21757495 41.46982951]
at minimum 30.9163 accepted 0  with params [-4.93735087  0.38387281  0.05       46.27319489]
at minimum 48.5230 accepted 0  with params [-4.50070641  0.61565035  3.         37.55803703]
at minimum 24.8313 accepted 0  with params [-4.6868281   0.20976173  0.46803888 42.24667349]
at minimum 133.5771 accepted 0  with params [-4.99937273 -0.13444911  0.51020318 41.95993913]
at minimum 246.8512 accepted 0  with params [-5.15406858 -0.26040887  0.23054015 42.36979289]
at minimum 92.4363 accepted 0  with params [-4.99015757 -0.05596836  0.05000001 42.61951671]
at minimum 35.3278 accepted 0  with params [-5.10728784  0.1288428   0.21453277 58.9075923 ]
at minimum 34.7529 accepted 0  with params [-4.98611092  0.3547668   0.5499401  46.50146472]
at minimum 30.7987 accepted 0  with params [-4.51478643  0.20156221  0.89104379 39.45399362]
at minimum 26.5190 accepted 0  with params [-4.51484934 -0.04182152  0.37166946 41.29251761]
at minimum 49.0578 accepted 0  with params [-5.09408686  0.67110633  0.05       42.39479575]
at minimum 35.0287 accepted 0  with params [-4.40657493  0.28699491  3.         38.69686205]
at minimum 28.7104 accepted 0  with params [-4.74171426  0.35095581  0.05       42.73829141]
at minimum 26.9231 accepted 0  with params [-4.61920982  0.21885126  0.05005068 41.85002929]
at minimum 30.4977 accepted 0  with params [-5.02185414  0.25736895  0.05272191 51.6222472 ]
at minimum 44.2425 accepted 0  with params [-4.69551091  0.65306436  0.05       38.9809858 ]
at minimum 27.0518 accepted 0  with params [-4.5539912  -0.06050364  0.41566035 41.11375634]
at minimum 78.6076 accepted 0  with params [-4.75034659 -0.30740835  0.53371667 44.0590438 ]
at minimum 22.9916 accepted 1  with params [-4.71777528  0.19224783  0.28291479 43.50189824]
at minimum 26.3835 accepted 0  with params [-4.66451715  0.25702782  0.52129107 42.48597821]
at minimum 27.6387 accepted 0  with params [-4.68839638  0.20645108  0.60871547 42.85619382]
at minimum 37.5168 accepted 0  with params [-4.668802    0.53889881  0.53845572 39.28243698]
at minimum 37.8107 accepted 0  with params [-5.09410906  0.49089557  0.05       47.36542165]
at minimum 49.7623 accepted 0  with params [-4.3666897   0.54545295  3.         37.16908307]
at minimum 26.3300 accepted 0  with params [-4.76724864  0.25744963  0.08499299 44.0263158 ]
at minimum 52.0313 accepted 0  with params [-4.80341297 -0.13822602  0.05       43.3793962 ]
at minimum 29.0820 accepted 0  with params [-4.94735788  0.34812091  0.24254493 44.55356398]
at minimum 189.3781 accepted 0  with params [-5.05692951 -0.19008337  0.58818546 43.58661721]
at minimum 40.7424 accepted 0  with params [-5.02300396  0.59845532  0.30417182 43.04581761]
at minimum 44.6335 accepted 0  with params [-4.72065203  0.63615457  3.         39.06726134]
at minimum 37.2779 accepted 0  with params [-4.86599062  0.55125318  0.35374463 43.49727052]
at minimum 55.3182 accepted 0  with params [-5.10583192  0.36362283  0.81071362 44.53749314]
at minimum 36.8350 accepted 0  with params [-4.91094594  0.54289779  0.56584502 42.82589422]
at minimum 41.0513 accepted 0  with params [-4.40641373  0.47373679  0.05       38.21843285]
at minimum 31.1976 accepted 0  with params [-4.54408402 -0.21848028  0.23525587 43.25257242]
at minimum 34.8465 accepted 0  with params [-4.95575099  0.42246053  0.62858707 44.47145623]
at minimum 31.4640 accepted 0  with params [-4.64205601 -0.16789281  0.31230991 43.50188148]
at minimum 28.1274 accepted 0  with params [-4.6161019   0.34026679  0.41214321 40.47910382]
at minimum 24.1813 accepted 0  with params [-4.74414315  0.20849925  0.39905797 43.63152394]
at minimum 74.0839 accepted 0  with params [-5.02569954  0.04800664  0.31055669 43.50844912]
at minimum 40.7791 accepted 0  with params [-4.36293873 -0.20004438  0.27495669 43.44042085]
at minimum 192.6185 accepted 0  with params [-5.14274712 -0.05444395  0.72838342 43.82914698]
at minimum 29.7886 accepted 0  with params [-4.85487227  0.28493862  0.53755132 44.52912065]
at minimum 39.6523 accepted 0  with params [-4.83777835  0.54809535  0.5886432  43.77538478]
at minimum 140.2672 accepted 0  with params [-4.9491992  -0.21506009  0.59138695 43.93743537]
at minimum 30.8225 accepted 0  with params [-4.97762041  0.36058657  0.05130594 47.66257691]
at minimum 44.2828 accepted 0  with params [-4.3271138  -0.46655605  0.37097158 38.96431888]
at minimum 169.2096 accepted 0  with params [-5.03446817 -0.15117212  0.6421939  43.38217046]
at minimum 24.5886 accepted 0  with params [-4.77246884  0.28243965  0.35594472 42.96477363]
at minimum 29.3695 accepted 0  with params [-4.87704218  0.2057017   0.37860936 44.07615843]
at minimum 28.2891 accepted 0  with params [-4.62394042 -0.07518507  0.40065895 43.20291976]
at minimum 35.3451 accepted 0  with params [-4.36289546  0.13421345  0.59605902 38.49901626]
at minimum 28.1810 accepted 0  with params [-4.62566122  0.30446228  0.61013283 40.49052293]
at minimum 24.5277 accepted 0  with params [-4.70874336  0.04996318  0.31129366 43.52500083]
at minimum 29.0027 accepted 0  with params [-4.47750538 -0.09087185  0.23654296 42.43572743]
at minimum 43.9506 accepted 0  with params [-5.12842766  0.51011864  0.66901802 43.77586942]
at minimum 29.8502 accepted 0  with params [-4.81760532  0.15792857  0.05       43.82988205]
at minimum 39.3014 accepted 0  with params [-4.80340828  0.57949884  0.05       40.85183945]
at minimum 50.3455 accepted 0  with params [-4.95742345  0.09158802  0.3386413  43.65394033]
at minimum 42.7357 accepted 0  with params [-4.549893    0.5660038   3.         38.32551591]
at minimum 41.3745 accepted 0  with params [-4.7599213  -0.15070026  0.05       47.33152259]
at minimum 26.9354 accepted 0  with params [-4.74603466e+00  3.33289895e-02  2.68911238e-01  4.33045580e+01]
at minimum 38.1266 accepted 0  with params [-4.62351479  0.54007087  0.05       39.46146654]
at minimum 26.8094 accepted 0  with params [-4.87643012  0.32093943  0.1771204  44.90196408]
at minimum 31.7969 accepted 0  with params [-4.75641656  0.16246335  0.6423545  43.15019972]
at minimum 47.1742 accepted 0  with params [-4.76416039 -0.20461651  0.05       47.69926325]
at minimum 30.1273 accepted 0  with params [-4.62679018  0.16098456  0.69257766 43.24425501]
at minimum 44.3615 accepted 0  with params [-4.58504364  0.60197664  3.         38.29373668]
at minimum 26.4184 accepted 0  with params [-4.58937074  0.09664699  0.54230726 41.14406909]
at minimum 29.1489 accepted 0  with params [-4.66564946  0.18254636  0.66877341 43.12031248]
at minimum 40.8661 accepted 0  with params [-4.30832279  0.2429933   0.53134733 37.85357565]
at minimum 24.9751 accepted 0  with params [-4.76054698  0.3138135   0.32661796 43.06859662]
