at minimum 4.4391 accepted 1  with params [-4.5         0.4         0.49998813 40.05218015]
at minimum 4.5602 accepted 1  with params [-4.59742151  0.67114357  0.70304748 40.1805012 ]
at minimum 4.8465 accepted 1  with params [-5.0204762   0.74518708  0.05       39.71488366]
at minimum 4.6662 accepted 1  with params [-4.54718923  0.85766734  0.05       39.94094858]
at minimum 4.2474 accepted 1  with params [-4.5849883   0.30427942  0.05044036 41.16709104]
at minimum 4.6049 accepted 1  with params [-4.14266376  0.33768093  0.43687126 40.95009933]
at minimum 4.9654 accepted 1  with params [-4.0556399   0.72450374  0.36484464 41.37569155]
at minimum 5.0256 accepted 1  with params [-4.15120266  0.7440623   0.60265757 41.64546186]
at minimum 4.8029 accepted 1  with params [-3.94679329  0.4323954   0.67270796 39.28004686]
at minimum 4.9117 accepted 1  with params [-3.86336756  0.3460013   1.02212026 39.42012217]
at minimum 4.6840 accepted 1  with params [-4.01601661  0.26830162  0.5832545  39.31461755]
at minimum 4.7140 accepted 1  with params [-3.96732704  0.47238228  0.05       39.44035781]
at minimum 4.4702 accepted 1  with params [-4.30735494  0.64389794  0.05000005 39.93309979]
at minimum 4.9872 accepted 0  with params [-4.54767414  0.99        0.36579277 39.08284812]
at minimum 4.2708 accepted 1  with params [-4.17991128  0.07962321  0.05011413 40.15679198]
at minimum 4.2490 accepted 1  with params [-4.22329921  0.10596697  0.05       39.69805868]
at minimum 4.8049 accepted 0  with params [-4.2849089  -0.38021721  0.41536465 39.60447047]
at minimum 4.4373 accepted 1  with params [-4.25605326 -0.26462529  0.05       39.85659479]
at minimum 4.2265 accepted 1  with params [-4.27620603e+00  2.79328936e-02  1.62462807e-01  3.98728656e+01]
at minimum 4.3225 accepted 0  with params [-4.07874500e+00 -7.89620670e-03  5.53350566e-02  3.96483486e+01]
at minimum 4.7672 accepted 0  with params [-4.6022482   0.22258356  0.46829553 40.11957497]
at minimum 4.5530 accepted 1  with params [-3.92053066 -0.19717381  0.05000072 39.82788327]
at minimum 13.0179 accepted 0  with params [-3.45253212 -0.28284229  0.05       28.48499177]
at minimum 4.9703 accepted 1  with params [-3.55252903 -0.63717587  3.         39.28000003]
at minimum 4.5276 accepted 1  with params [-4.05714325 -0.10753416  2.95930245 39.50604859]
at minimum 9.5836 accepted 0  with params [-4.50678739 -0.6004323   2.64011913 39.28007306]
at minimum 4.2745 accepted 1  with params [-4.21935751  0.30459133  0.05       39.85152021]
at minimum 4.7941 accepted 0  with params [-4.41242864  0.72637366  1.30618786 39.86591336]
at minimum 4.5543 accepted 1  with params [-4.44194312  0.76196103  0.05000022 40.09850067]
at minimum 4.6344 accepted 1  with params [-4.06919628  0.48658259  0.05       40.49210046]
at minimum 4.3538 accepted 1  with params [-4.12800638  0.25760758  0.05000001 39.85008876]
at minimum 4.8454 accepted 1  with params [-4.02907696  0.67533441  0.51748817 39.98892103]
at minimum 4.8759 accepted 1  with params [-3.94966909  0.494699    0.8299006  39.42204891]
at minimum 5.4270 accepted 0  with params [-3.55000832  0.07965479  0.4779108  39.16178658]
at minimum 5.0878 accepted 1  with params [-3.5181618   0.11689968  1.13534755 38.52223983]
at minimum 4.6896 accepted 1  with params [-3.93917405 -0.24221813  1.46050031 38.55148087]
at minimum 7.2111 accepted 0  with params [-4.42574558 -0.5869325   1.47778603 38.84194593]
at minimum 5.2382 accepted 0  with params [-4.25002432 -0.3691103   1.56177462 39.86152089]
at minimum 4.8787 accepted 1  with params [-3.70715254 -0.63700437  1.35369544 39.28000002]
at minimum 6.6169 accepted 0  with params [-4.15180507 -0.7914761   1.8166625  30.5188335 ]
at minimum 4.7150 accepted 1  with params [-3.98326869 -0.57698508  1.28296608 39.51903779]
at minimum 4.8491 accepted 1  with params [-3.70967382 -0.9         1.55039761 39.28000402]
at minimum 4.9104 accepted 1  with params [-3.82818679 -0.9         1.87413803 39.28000473]
at minimum 6.2606 accepted 0  with params [-4.19251235 -0.9         1.84879835 38.86368793]
at minimum 5.0807 accepted 1  with params [-3.61165239 -0.8349217   1.41290203 39.27999066]
at minimum 5.2003 accepted 1  with params [-3.52709562 -0.9         1.81954733 39.27942128]
at minimum 4.7748 accepted 1  with params [-3.73832094 -0.47013981  2.27169524 39.42001647]
at minimum 1685.8599 accepted 0  with params [-3.36990736 -0.32318138  1.9177379  39.68032075]
at minimum 4.8991 accepted 1  with params [-3.67904822 -0.72395381  1.78220952 39.29581633]
at minimum 4.8183 accepted 1  with params [-3.75586973 -0.9         1.58446932 39.28291011]
at minimum 13.7247 accepted 0  with params [-3.40500024 -0.9         1.30013729 26.48407949]
at minimum 4.8211 accepted 1  with params [-4.01067311 -0.57630847  2.06695452 39.04774504]
at minimum 5.2348 accepted 1  with params [-3.97976603 -0.84292545  2.60675032 38.5580305 ]
at minimum 4.7942 accepted 1  with params [-3.72642766 -0.9         2.41580687 39.27999536]
at minimum 5.0937 accepted 1  with params [-3.613634   -0.9         2.72642217 35.92050353]
at minimum 4573.6053 accepted 0  with params [-3.30175695 -0.9         3.         10.        ]
at minimum 4.9709 accepted 1  with params [-3.60508313 -0.9         2.59250365 39.27999532]
at minimum 4.9060 accepted 1  with params [-3.81437322 -0.9         2.16966292 39.27999532]
at minimum 7.8656 accepted 0  with params [-4.31374808 -0.9         2.64196218 37.74813921]
at minimum 43932.7444 accepted 0  with params [-3.35721931 -0.9         1.76112456 10.        ]
at minimum 4.7045 accepted 1  with params [-3.84333674 -0.59100321  2.16735115 39.42523083]
at minimum 4.6994 accepted 1  with params [-4.07690398 -0.34816623  2.59373147 39.37399729]
at minimum 4.8010 accepted 1  with params [-3.69639341 -0.38619977  2.89810528 39.42000234]
at minimum 5.7303 accepted 1  with params [-4.14860889 -0.63250824  2.87367223 37.95898288]
at minimum 6.1433 accepted 1  with params [-4.11709955 -0.8931852   2.89886357 38.03384063]
at minimum 11.1187 accepted 0  with params [-4.47383957 -0.9         2.97470719 37.35194278]
at minimum 4.8028 accepted 1  with params [-3.71762788 -0.36233712  2.51877935 39.4199999 ]
at minimum 4.7042 accepted 1  with params [-3.83367362 -0.64712871  2.52217204 39.1488295 ]
at minimum 8.4697 accepted 0  with params [-4.34645242 -0.9         2.74944239 39.03567313]
at minimum 4.9130 accepted 1  with params [-3.79015693 -0.9         2.85828762 39.28000939]
at minimum 4.8015 accepted 1  with params [-3.71196257 -0.9         2.83036271 39.27999532]
at minimum 4.7853 accepted 1  with params [-3.7119369  -0.9         2.63691795 39.28121786]
at minimum 6.8082 accepted 1  with params [-4.26669335 -0.79348324  2.32985522 39.8173032 ]
at minimum 5.3136 accepted 1  with params [-4.05328707 -0.78649749  2.0543658  39.78294253]
at minimum 5.4341 accepted 1  with params [-4.10376478 -0.70930954  2.17052349 39.41786559]
at minimum 5.5115 accepted 1  with params [-4.47074328  0.99        2.10991061 38.05281973]
at minimum 5.4419 accepted 1  with params [-4.58393967  0.99        2.50267526 37.94408741]
at minimum 5.5772 accepted 1  with params [-4.37482399  0.99        2.78209557 38.11427188]
at minimum 5.0949 accepted 1  with params [-5.85041927  0.99        3.         39.45381394]
at minimum 6.0528 accepted 0  with params [-5.77656334  0.60928796  3.         54.05762544]
at minimum 5.2412 accepted 1  with params [-5.8174907   0.81021077  2.69001571 47.16235658]
at minimum 6.4876 accepted 0  with params [-6.          0.46857287  2.40871184 68.79768766]
at minimum 5.0950 accepted 1  with params [-5.70665246  0.98070661  2.24168338 39.64761661]
at minimum 8.8318 accepted 0  with params [-5.20234633  0.47425863  2.38045469 39.18925299]
at minimum 5.2763 accepted 1  with params [-5.35741112  0.85787465  2.45720325 39.22269498]
at minimum 5.1824 accepted 1  with params [-5.66687744  0.91030301  2.41123786 39.73645998]
at minimum 5.0949 accepted 1  with params [-5.80113277  0.99        2.62421385 39.50481402]
at minimum 5.0950 accepted 1  with params [-5.65827068  0.99        3.         39.33761767]
at minimum 5.0949 accepted 1  with params [-5.70855336  0.99        3.         39.39440694]
at minimum 5.0993 accepted 1  with params [-5.45147379  0.99        3.         39.1247206 ]
at minimum 5.0998 accepted 1  with params [-5.44219067  0.99        2.98176145 39.11424255]
at minimum 5.3806 accepted 1  with params [-5.79936058  0.7541645   2.83535173 49.90838575]
at minimum 6.4172 accepted 1  with params [-5.37269455  0.65312952  3.         45.94816282]
at minimum 5.1005 accepted 1  with params [-5.44991795  0.99        2.44861507 39.09844925]
at minimum 5.1080 accepted 1  with params [-5.94470205  0.91462112  1.95804543 42.4506621 ]
at minimum 5.0952 accepted 1  with params [-6.          0.99        1.99583294 39.481434  ]
at minimum 5.0954 accepted 1  with params [-5.74218387  0.99        1.59071059 39.44866815]
at minimum 5.0972 accepted 1  with params [-5.54167277  0.99        1.8583947  39.17561883]
at minimum 5.1018 accepted 1  with params [-5.43685118  0.99        1.91446335 39.06999303]
at minimum 6.1437 accepted 1  with params [-5.11040989  0.62842076  1.73749745 41.44962142]
at minimum 5.1891 accepted 1  with params [-4.91345775  0.97925071  1.45983573 38.60802916]
