at minimum 60.5525 accepted 1  with params [-4.5         0.4         0.5        43.39684481]
at minimum 87.4806 accepted 0  with params [-4.94382294  0.79080151  0.46397825 41.35960884]
at minimum 59.9885 accepted 1  with params [-4.47836724  0.35014791  0.6224217  43.70353599]
at minimum 53.8491 accepted 1  with params [-4.24140248  0.07827362  0.57368717 40.96002621]
at minimum 60.1952 accepted 0  with params [-4.49853122  0.40253303  0.65895065 41.30899329]
at minimum 101.2855 accepted 0  with params [-4.62558399  0.99        0.27712428 36.32141728]
at minimum 82.5464 accepted 0  with params [-3.89845357 -0.05581503  1.04677747 37.19766411]
at minimum 66.3998 accepted 0  with params [-3.79751482  0.33352136  0.37009388 38.53053555]
at minimum 160.0291 accepted 0  with params [-4.69459382 -0.22223336  0.69076798 45.23537926]
at minimum 56.1340 accepted 0  with params [-4.18964112  0.23834004  0.27380209 44.81453657]
at minimum 52.1012 accepted 1  with params [-3.88023937  0.15006518  0.27119838 40.94145083]
at minimum 58.1535 accepted 0  with params [-3.78889181 -0.25517128  0.41447401 39.12108354]
at minimum 55.7442 accepted 0  with params [-3.42209457 -0.34072842  0.1510589  38.92272569]
at minimum nan accepted 1  with params [-3.74124253  0.64911771  0.05       40.59777759]
at minimum 91.0505 accepted 1  with params [-4.33480749  0.86047726  0.21089491 40.16842173]
at minimum nan accepted 1  with params [-4.40359298  0.99        0.05       40.11060047]
at minimum 103.3851 accepted 1  with params [-6.          0.99        0.21486585 36.58510154]
at minimum 103.2455 accepted 1  with params [-6.          0.99        1.05351343 36.41771196]
at minimum nan accepted 1  with params [-5.84330819  0.99        1.49893597 36.75570094]
at minimum 103.2820 accepted 1  with params [-6.          0.99        1.35260181 36.36023735]
at minimum nan accepted 1  with params [-5.58436891  0.99        1.35128052 35.92426839]
at minimum 105.8684 accepted 1  with params [-5.16070191  0.99        1.13564477 35.73266941]
at minimum 93.1860 accepted 1  with params [-5.33363071  0.86430744  0.95152133 39.51610404]
at minimum 86.8709 accepted 1  with params [-5.51969403  0.69262017  0.83547817 47.48287069]
at minimum 79.3828 accepted 1  with params [-5.16115048  0.49507129  1.08433193 46.90124206]
at minimum 103.1586 accepted 0  with params [-5.56651972  0.99        0.85760618 36.26361833]
at minimum nan accepted 1  with params [-5.13748994  0.32878841  0.93967032 47.16388472]
at minimum 91.0948 accepted 1  with params [-5.57442126  0.76853622  0.84813666 44.37071673]
at minimum 83.6743 accepted 1  with params [-5.50435563  0.69063293  1.34226174 45.28793281]
at minimum 82.7905 accepted 1  with params [-5.42070241  0.67697777  1.15446248 45.03726533]
at minimum 100.8393 accepted 0  with params [-5.10222933  0.95322865  0.89742254 36.65074723]
at minimum 155.2537 accepted 0  with params [-5.26919663  0.20220348  1.08294386 54.58165429]
at minimum 107.7203 accepted 0  with params [-5.00998646  0.96672301  1.50767539 35.71779812]
at minimum 74.6407 accepted 1  with params [-5.0819317   0.41557173  1.56055523 44.59452786]
at minimum 61.2285 accepted 1  with params [-4.68111477  0.23452992  2.0095614  39.38780289]
at minimum 61.7568 accepted 0  with params [-4.74836583  0.27628883  1.59004923 39.06864108]
at minimum 199.8292 accepted 0  with params [-5.16138879 -0.18523047  2.43197715 40.26936672]
at minimum 59.8184 accepted 1  with params [-4.54789104e+00  1.91334664e-02  1.64533047e+00  3.90690596e+01]
at minimum 90.2294 accepted 0  with params [-4.17280167  0.37491482  1.43279913 36.89572861]
at minimum 62.2861 accepted 0  with params [-4.32804484 -0.25271836  1.19145979 39.22935547]
at minimum nan accepted 1  with params [-4.4805757  -0.25803525  1.37824266 39.47207761]
at minimum nan accepted 1  with params [-4.52959495  0.05803246  1.42514714 39.12387498]
at minimum 67.7941 accepted 1  with params [-4.42585364 -0.3543296   1.39377757 38.90739046]
at minimum 109.6872 accepted 0  with params [-4.87804874  0.99        1.09306594 35.4620092 ]
at minimum 119.1500 accepted 0  with params [-4.3606762  -0.83797171  0.94719641 37.4563188 ]
at minimum 69.4296 accepted 1  with params [-4.65398726 -0.07260123  1.47427742 38.94759544]
at minimum nan accepted 1  with params [-5.03946852 -0.28847115  1.38538457 39.12336641]
at minimum nan accepted 1  with params [-4.62731095 -0.24332403  0.94844604 39.45213463]
at minimum 68.2209 accepted 1  with params [-4.45861184 -0.30980677  3.         38.0310375 ]
at minimum 64.4638 accepted 1  with params [-4.57714222 -0.16272436  2.95945565 37.26212909]
at minimum 253.3102 accepted 0  with params [-5.05189773 -0.54184224  2.45913647 35.37835348]
