at minimum 45.4726 accepted 1  with params [-4.4999998   0.40000008  0.49999993 40.00000677  1.00000014  0.99999985]
at minimum 85.6487 accepted 0  with params [-4.76075721  0.82305233  0.20901685 40.31764171  0.8242996   0.61035052]
at minimum 58.5764 accepted 0  with params [-4.79519158  0.61041629  0.98010997 40.16118896  1.48615136  0.52043899]
at minimum 45.1887 accepted 1  with params [-4.88827825  0.38702395  0.19404909 40.07055785  1.35851105  1.37211152]
at minimum 46.1667 accepted 0  with params [-4.86571773  0.41146331  0.64633269 40.25880131  1.18058356  1.0521579 ]
at minimum 81.6568 accepted 0  with params [-4.48473434  0.79517658  0.41138472 40.38188989  0.98419684  1.03396373]
at minimum 45.7561 accepted 1  with params [-4.90295151  0.19928454  0.05000018 40.14610515  1.29624202  0.94834408]
at minimum 48.8123 accepted 0  with params [-5.18115857  0.13249531  0.05       40.49227239  1.43419341  0.64709885]
at minimum 45.0875 accepted 1  with params [-4.45199025  0.23062118  0.05       40.40867273  1.12613069  1.29834826]
at minimum 57.8598 accepted 0  with params [-4.14843154  0.60150808  0.38269092 40.24190202  0.8117837   1.37586715]
at minimum 45.2544 accepted 1  with params [-4.20929516  0.39285141  0.05000002 40.00432428  1.22828273  0.99859338]
at minimum 60.6894 accepted 0  with params [-3.81262681  0.64348432  0.05       39.77292491  1.68104415  1.41207974]
at minimum 85.3664 accepted 0  with params [-4.31437558  0.82959921  0.05       40.04474997  1.15865313  0.90387662]
at minimum 45.7671 accepted 1  with params [-4.22693272  0.19318694  0.05000012 39.7392167   1.14933529  0.56214505]
at minimum 44.3559 accepted 1  with params [-3.97762555  0.25169173  0.05       39.81603617  1.63003083  0.86621187]
at minimum 58.3190 accepted 0  with params [-4.23210469e+00 -7.97336795e-03  4.00352270e-01  3.98249639e+01
  1.70773628e+00  8.24493976e-01]
at minimum 63.3387 accepted 0  with params [-4.18077812 -0.06337637  0.05000002 39.36652075  1.91334063  1.14120668]
at minimum 44.2307 accepted 1  with params [-4.2826911   0.29546919  0.26572502 40.1756827   1.64741188  1.04108196]
at minimum 80.7303 accepted 0  with params [-3.87466215  0.78222439  0.63995538 40.62123012  1.907925    0.55504997]
at minimum 61.0322 accepted 0  with params [-4.52865378e+00 -3.25098408e-02  5.25506676e-01  4.03714738e+01
  1.73707459e+00  5.60879698e-01]
at minimum 48.2195 accepted 0  with params [-4.25471252  0.13136218  0.68227675 39.78493399  1.41669298  0.77755274]
at minimum 73.1745 accepted 0  with params [-4.04579022  0.72789076  0.17194028 40.5914994   1.76552353  1.5258009 ]
at minimum 48.3962 accepted 0  with params [-3.93552279  0.45238929  0.11408718 40.59990634  2.          1.24032197]
at minimum 70.0112 accepted 0  with params [-4.71060747  0.70885973  0.05       40.44577136  2.          0.90396894]
at minimum 44.7090 accepted 1  with params [-4.64954531  0.2336018   0.1367249  39.69880305  1.65742502  0.75723254]
at minimum 44.9552 accepted 1  with params [-4.90737367  0.40437815  0.19248977 39.23261361  1.50573871  0.32459448]
at minimum 44.9723 accepted 1  with params [-5.17799313  0.40490602  0.05       39.18831686  1.89493769  0.80501208]
at minimum 58.0639 accepted 0  with params [-4.96716432  0.63697907  0.05000136 38.72408909  1.99999876  0.67022543]
at minimum 71.7966 accepted 0  with params [-4.9805255   0.76034823  0.05       38.97175772  1.8968311   0.9834412 ]
at minimum 54.5723 accepted 0  with params [-5.01711865e+00  3.37268580e-02  1.67289056e-01  3.94520702e+01
  1.99999997e+00  6.65991631e-01]
at minimum 54.8344 accepted 0  with params [-5.62285986e+00  3.07793629e-02  5.00001354e-02  3.94471163e+01
  1.99999975e+00  8.12156879e-01]
at minimum 50.1586 accepted 0  with params [-5.41721699  0.51553319  0.05000171 39.61093037  1.83853863  0.85441827]
at minimum 47.8877 accepted 0  with params [-5.14655557  0.48331982  0.05       39.10576928  2.          0.3243833 ]
at minimum 44.4154 accepted 1  with params [-5.17825871  0.37676824  0.35022637 39.39921112  1.99999994  0.70887493]
at minimum 43.8476 accepted 1  with params [-5.37763424  0.27780096  0.05000034 39.12588608  1.68369512  0.67596143]
at minimum 56.0884 accepted 0  with params [-5.30159458  0.61112377  0.05000024 38.91915114  1.62275817  1.14932104]
at minimum 46.2476 accepted 0  with params [-5.82941634  0.44763973  0.05       39.03113156  1.42895855  0.77471269]
at minimum 77.8983 accepted 0  with params [-5.67856766 -0.18030302  0.05000133 39.02740472  1.9851427   0.4803256 ]
at minimum 45.1710 accepted 0  with params [-4.88177096  0.41829696  0.49624504 38.83612804  1.66956217  0.18311255]
at minimum 61.2281 accepted 0  with params [-5.12992522  0.66216966  0.37053836 39.23002129  1.19647921  0.43210869]
at minimum 51.7688 accepted 0  with params [-5.44902708  0.07254914  0.05       39.47223854  1.35818948  0.74654338]
at minimum 51.3135 accepted 0  with params [-5.17191275  0.08559096  0.51260419 38.62624783  1.97200503  0.95379558]
at minimum 78.0408 accepted 0  with params [-5.82969845 -0.17929185  0.05000002 39.60478907  1.38995872  0.36203715]
at minimum 50.8572 accepted 0  with params [-5.68112961  0.52613551  0.05       39.61819612  1.56237922  0.5049319 ]
at minimum 57.0137 accepted 0  with params [-5.28036906  0.61206322  0.05       39.45199818  1.99999885  0.9114928 ]
at minimum 50.7898 accepted 0  with params [-5.21741291  0.08979958  0.05000002 38.77109405  1.99999991  0.3985045 ]
at minimum 44.6635 accepted 1  with params [-5.70243504  0.39742723  0.50466371 38.85134108  1.55863161  0.6892012 ]
at minimum 84.8326 accepted 0  with params [-5.62991814  0.85610128  0.28790911 38.90523999  1.35766442  0.63588882]
at minimum 43.8422 accepted 1  with params [-5.64877306  0.27827208  0.32548933 38.99276166  1.30853927  1.15591413]
at minimum 65.0601 accepted 0  with params [-5.46987403  0.70604952  0.05       38.80613056  1.00907485  1.04655548]
at minimum 65.4077 accepted 0  with params [-5.25928105 -0.0795683   0.34676099 39.0788345   0.94043854  1.36125113]
at minimum 45.9354 accepted 0  with params [-5.23294832  0.18826111  0.27652839 38.62604362  1.45702633  1.24589829]
at minimum 52.2024 accepted 0  with params [-5.60068157  0.55856823  0.22132612 38.99142017  1.16266022  1.15437741]
at minimum 43.7072 accepted 1  with params [-6.          0.31352103  0.68918629 38.87887888  1.39381028  1.26047671]
at minimum 65.5966 accepted 0  with params [-5.55498876  0.71217247  0.31187057 38.77848924  1.35187346  1.42195275]
at minimum 51.4918 accepted 0  with params [-5.99999981  0.55038816  0.46090147 38.82890135  1.81070812  1.36214077]
at minimum 49.3224 accepted 0  with params [-5.90260269  0.51400342  0.52119115 38.92493176  1.71663538  1.01203175]
at minimum 45.3599 accepted 0  with params [-5.59565886  0.42235951  0.47495302 38.89367195  1.83458024  1.52734877]
at minimum 48.0450 accepted 0  with params [-6.          0.13352373  0.90915189 39.09908167  1.56509938  1.69564565]
at minimum 44.7039 accepted 1  with params [-5.76475877  0.22502294  1.01544878 39.20687854  0.98000169  1.66475071]
at minimum 43.8681 accepted 1  with params [-5.91812907  0.28379471  0.87675809 38.84116395  0.70956739  1.25856982]
at minimum 45.4577 accepted 0  with params [-5.84090252  0.42235028  0.64299508 39.17348904  0.70031018  1.64066106]
at minimum 58.3963 accepted 0  with params [-6.00000000e+00 -1.16643676e-02  6.68995317e-01  3.92871351e+01
  3.22380339e-01  1.63343242e+00]
at minimum 44.0064 accepted 1  with params [-5.99999952  0.35892582  0.87111779 39.11044655  0.33465989  0.84803621]
at minimum 64.8001 accepted 0  with params [-5.99999933e+00 -7.66076676e-02  8.31367655e-01  3.89716399e+01
  9.08667203e-03  8.63418684e-01]
at minimum 43.7855 accepted 1  with params [-5.8128275   0.28300903  0.61505391 39.1576741   0.73016424  0.82511144]
at minimum 49.4721 accepted 0  with params [-5.52887656  0.50639678  0.29495335 39.47658802  1.1367009   1.03105672]
at minimum 50.3543 accepted 0  with params [-5.69337118  0.09075973  1.00990794 39.39715542  1.05447998  0.44467367]
at minimum 43.8803 accepted 1  with params [-5.77158897  0.28192057  0.88021863 39.50040361  0.2932754   0.73144418]
at minimum 49.0730 accepted 0  with params [-6.          0.11597426  0.66302111 39.44727476  0.50215857  0.9403045 ]
at minimum 66.0271 accepted 0  with params [-6.         -0.08554146  0.74835168 39.4501282   0.21965336  0.85564599]
at minimum 54.1437 accepted 0  with params [-5.68070829  0.04081003  0.49285151 39.87181944  0.10003232  0.48579233]
at minimum 74.9739 accepted 0  with params [-5.47474229 -0.15320419  0.54661226 39.81358743  0.40827047  0.35511324]
at minimum 54.7734 accepted 0  with params [-5.79745439e+00  3.11849720e-02  4.44584961e-01  3.97672179e+01
  5.67848016e-02  6.31440592e-01]
at minimum 57.5920 accepted 0  with params [-5.41716868  0.61622085  1.1928876  39.52158498  0.57348747  1.17985728]
at minimum 43.6998 accepted 1  with params [-5.59557034  0.30641788  0.79801257 39.267414    0.          0.74518102]
at minimum 48.2391 accepted 0  with params [-5.74028881e+00  4.89820766e-01  4.39776348e-01  3.91017054e+01
  5.02883925e-09  4.02228258e-01]
at minimum 50.6388 accepted 0  with params [-5.55757039  0.08909665  0.54506001 39.69562005  0.38884469  0.99815336]
at minimum 45.2311 accepted 0  with params [-5.21782960e+00  4.15055911e-01  1.07770738e+00  3.91584290e+01
  3.49939601e-03  5.04286236e-01]
at minimum 64.9058 accepted 0  with params [-5.26586173 -0.07458458  0.88167333 39.55045946  0.          0.9793704 ]
at minimum 69.0650 accepted 0  with params [-5.47008772e+00 -1.11038508e-01  5.58759206e-01  3.88531921e+01
  1.54408397e-03  4.71872599e-01]
at minimum 51.1741 accepted 0  with params [-5.43644159  0.5423278   1.08615726 39.05794391  0.          0.3622799 ]
at minimum 60.5132 accepted 0  with params [-5.51238707e+00  6.54157048e-01  1.11032437e+00  3.92273666e+01
  4.55915671e-08  9.16238702e-01]
at minimum 55.0435 accepted 0  with params [-5.51061501  0.59765868  1.10712548 38.95451491  0.1127888   0.91574209]
at minimum 43.6796 accepted 1  with params [-5.86483036  0.31477192  1.19338371 39.22130449  0.14970509  0.56862856]
at minimum 46.7683 accepted 1  with params [-5.76655888  0.45450735  1.59936936 39.34290502  0.23834083  0.78811057]
at minimum 53.9142 accepted 0  with params [-5.99999949  0.04540562  1.88786783 39.48496236  0.36782351  0.33920366]
at minimum 43.8720 accepted 1  with params [-5.50746149  0.34754498  1.89456412 39.15891746  0.43731675  0.71370229]
at minimum 72.1915 accepted 0  with params [-5.75454831  0.76313264  2.28254254 38.98813177  0.67892185  0.70125471]
at minimum 58.5941 accepted 0  with params [-5.49781752e+00 -1.36284964e-02  2.31186349e+00  3.92168585e+01
  4.22684153e-01  1.02196951e+00]
at minimum 44.8269 accepted 0  with params [-5.254286    0.22649835  1.51304996 38.85448069  0.50006612  1.10563691]
at minimum 48.5582 accepted 0  with params [-5.83653621  0.12838639  1.78989339 39.09666461  0.17851501  0.45993813]
at minimum 61.6655 accepted 0  with params [-5.81094058 -0.04515719  1.53704245 38.9133339   0.55802532  0.53398572]
at minimum 48.2704 accepted 0  with params [-5.86062841  0.13397653  1.96985839 38.78060343  0.25623666  0.3938334 ]
at minimum 44.7514 accepted 1  with params [-5.51269010e+00  2.28381398e-01  1.87347206e+00  3.94284888e+01
  6.23402976e-08  4.49151299e-01]
at minimum 54.1840 accepted 0  with params [-5.57741923e+00  3.81560104e-02  2.17833842e+00  3.93945286e+01
  0.00000000e+00  1.37383581e-01]
at minimum 43.9323 accepted 1  with params [-5.26593741e+00  2.72814432e-01  1.91315090e+00  3.90092465e+01
  2.65928488e-03  7.81326297e-01]
at minimum 56.8225 accepted 0  with params [-5.24063363e+00  1.01394904e-02  2.13088464e+00  3.90567304e+01
  1.58864002e-07  5.55825264e-01]
at minimum 70.1515 accepted 0  with params [-5.60127282 -0.1218568   1.57995653 39.40802419  0.11662843  0.98260672]
at minimum 50.4440 accepted 0  with params [-5.29348254e+00  5.26441926e-01  1.58194625e+00  3.92742531e+01
  2.67430356e-08  9.12350503e-01]
at minimum 48.8149 accepted 0  with params [-5.02187853  0.12112592  1.56871188 39.29992576  0.          0.6492766 ]
