at minimum 49.4991 accepted 1  with params [-4.49999073  0.4         0.25456578 44.64621728]
at minimum 60.3323 accepted 0  with params [-4.80609844  0.99        0.59035278 40.78219158]
at minimum 43.8450 accepted 1  with params [-4.28185231  0.3482916   0.60994251 43.0948516 ]
at minimum 86.7512 accepted 0  with params [-4.51938654 -0.08237401  0.26977512 43.23584902]
at minimum 42.1376 accepted 1  with params [-4.13120553  0.13265143  0.72312175 42.84469501]
at minimum nan accepted 1  with params [-4.55259995  0.62378329  0.74337608 43.08250204]
at minimum 53.4726 accepted 1  with params [-4.75366017  0.58615398  0.74310799 45.07680537]
at minimum 59.4914 accepted 0  with params [-6.          0.99        0.5151817  41.53328562]
at minimum 58.2222 accepted 0  with params [-5.11529213  0.94251917  3.         41.89089282]
at minimum 64.0573 accepted 0  with params [-4.30301793  0.88170985  0.45759848 44.92406495]
at minimum 58.4429 accepted 0  with params [-5.08962649  0.9655356   0.63638595 41.4372243 ]
at minimum nan accepted 1  with params [-4.97760172  0.37925094  0.84327586 44.81348193]
at minimum 57.0777 accepted 1  with params [-5.02440326  0.99        0.05       41.47692096]
at minimum 56.9576 accepted 1  with params [-5.23866083  0.90236414  0.09116818 43.49670237]
at minimum nan accepted 1  with params [-5.03677853  0.47022176  0.05       43.69370703]
at minimum nan accepted 1  with params [-5.34211388  0.99        0.05       41.50057008]
at minimum 56.4652 accepted 1  with params [-4.84510132  0.99        0.05       41.43430794]
at minimum nan accepted 1  with params [-5.02081175  0.99        0.05       41.04443117]
at minimum 58.4081 accepted 1  with params [-5.43417307  0.99        0.05000001 41.24000278]
at minimum 58.9976 accepted 0  with params [-5.08893636  0.99        0.50418088 41.03819114]
at minimum nan accepted 1  with params [-5.40253835  0.83980124  0.17314641 41.09042323]
at minimum 72.3646 accepted 1  with params [-4.9781927   0.41851752  0.39327239 51.42056978]
at minimum nan accepted 1  with params [-5.2554883   0.51896461  0.38597095 51.36282036]
at minimum 53.3123 accepted 1  with params [-4.82294846  0.76922043  0.05       44.34868506]
at minimum 54.0172 accepted 1  with params [-4.94957792  0.83164835  0.38540723 43.75688503]
at minimum 59.6161 accepted 0  with params [-5.32642029  0.99        0.7998719  41.05030488]
at minimum 61.1816 accepted 0  with params [-4.76698151  0.53318981  2.01116598 45.68284426]
at minimum 64.8350 accepted 0  with params [-4.54053687  0.99        0.76636857 40.47653869]
at minimum nan accepted 1  with params [-4.66885571  0.99        0.39954921 43.4002751 ]
at minimum nan accepted 1  with params [-5.15478062  0.99        0.37653198 43.15731932]
at minimum nan accepted 1  with params [-5.60361328  0.89413061  0.45087285 43.11935356]
at minimum 56.8305 accepted 1  with params [-6.          0.75388736  3.         53.14041153]
at minimum 58.7862 accepted 0  with params [-5.52833125  0.70271853  3.         53.35145647]
at minimum nan accepted 1  with params [-5.92748894  0.67392396  2.86258038 52.88262206]
at minimum 59.3939 accepted 1  with params [-5.61269525  0.67403017  2.86875316 55.26671292]
at minimum 88.1680 accepted 0  with params [-5.29722403  0.53382933  3.         56.07155219]
at minimum 60.0766 accepted 1  with params [-5.39719001  0.99        2.42339156 41.018431  ]
at minimum nan accepted 1  with params [-4.93811718  0.9577436   2.18352469 41.46454083]
at minimum 60.2324 accepted 1  with params [-5.34017884  0.99        2.08566849 40.94527984]
at minimum nan accepted 1  with params [-5.40742708  0.99        1.58761764 41.07050355]
at minimum 59.6397 accepted 1  with params [-5.81180848  0.99        1.39350141 41.36458932]
at minimum 61.9202 accepted 0  with params [-5.40894054  0.67331428  1.84726077 52.05491463]
at minimum 59.5948 accepted 1  with params [-6.          0.99        0.89854513 41.48291855]
at minimum nan accepted 1  with params [-5.1270576  0.9392492  3.        42.002904 ]
at minimum nan accepted 1  with params [-5.16491868  0.5858561   2.7567575  41.68977083]
at minimum 45.8952 accepted 1  with params [-4.0550784   0.40886616  0.12158593 45.84839495]
at minimum 49.4181 accepted 0  with params [-4.54421451  0.75592575  0.05175049 43.07949813]
at minimum 101.5060 accepted 0  with params [-3.56880424  0.59238586  1.02040137 39.34876017]
at minimum 67.3905 accepted 0  with params [-4.44725065e+00 -1.10067902e-02  3.78314210e-01  4.54164250e+01]
at minimum 43.3465 accepted 1  with params [-4.22764158  0.33633649  0.68784756 42.85540262]
at minimum nan accepted 1  with params [-4.65896188 -0.15933732  0.41183768 42.83032162]
at minimum 45.8237 accepted 1  with params [-4.24469316  0.62159729  0.29438277 42.45737871]
at minimum 42.8699 accepted 1  with params [-4.13520921  0.21925925  1.05602267 42.61284103]
at minimum 52.5890 accepted 0  with params [-4.5034665   0.36155184  1.01645829 44.0819324 ]
at minimum 52.6985 accepted 0  with params [-4.30934138  0.6643101   1.48573066 41.86489507]
at minimum 44.5290 accepted 0  with params [-3.90408048  0.06009612  0.85486396 42.07003441]
at minimum 43.2422 accepted 1  with params [-3.92694194e+00 -2.31196570e-02  1.13130594e+00  4.18518761e+01]
at minimum 48.6176 accepted 0  with params [-3.78660645 -0.57758509  1.29041516 42.39006034]
at minimum nan accepted 1  with params [-3.87892886  0.18028387  1.35141522 42.03814511]
at minimum 59.6038 accepted 1  with params [-6.          0.99        0.95238997 41.47907938]
at minimum 59.1916 accepted 1  with params [-5.76644471  0.99        0.33015694 41.51999111]
at minimum 59.3120 accepted 1  with params [-5.99420356  0.99        0.05       41.63858915]
at minimum 59.0648 accepted 1  with params [-5.79262168  0.99        0.05455212 41.6224596 ]
at minimum nan accepted 1  with params [-6.          0.8526904   0.05       41.15101808]
at minimum nan accepted 1  with params [-6.          0.37336168  0.05       41.69748414]
at minimum nan accepted 1  with params [-5.7125157   0.52306066  0.43104969 41.42781495]
at minimum nan accepted 1  with params [-5.75235328  0.8264741   0.65112895 41.38957517]
at minimum 59.6230 accepted 1  with params [-6.          0.99        1.09456182 41.4713485 ]
at minimum 56.8561 accepted 1  with params [-6.          0.735924    0.69243008 53.98795631]
at minimum 56.5279 accepted 1  with params [-5.91313663  0.73920106  1.17669428 53.30660253]
at minimum nan accepted 1  with params [-5.91102188  0.67828385  1.20205266 53.47116709]
at minimum 56.3523 accepted 1  with params [-5.75770333  0.77156808  0.96490652 50.74445295]
at minimum 56.4010 accepted 1  with params [-5.19899677  0.71684824  0.28655954 49.63184021]
at minimum nan accepted 1  with params [-5.61786145  0.50575192  0.19967395 49.22797106]
at minimum nan accepted 1  with params [-5.59917086  0.07732146  0.70260326 49.66818704]
at minimum 59.8551 accepted 1  with params [-5.12516684  0.99        0.73644157 40.89691406]
at minimum 51.0199 accepted 1  with params [-4.56334173  0.70597554  3.         43.00452512]
at minimum 52.5146 accepted 0  with params [-4.70619944  0.84537877  0.05       42.90629506]
at minimum nan accepted 1  with params [-4.76890679  0.53885124  2.93197816 42.6646646 ]
at minimum nan accepted 1  with params [-4.36896802  0.37652558  3.         42.75959891]
at minimum 53.9896 accepted 1  with params [-4.36740098  0.25589423  2.47109392 43.63879522]
at minimum nan accepted 1  with params [-4.69171539  0.67258778  1.98564902 43.72572972]
at minimum 72.0511 accepted 1  with params [-4.58044943  0.29806097  2.24105496 44.86524684]
at minimum nan accepted 1  with params [-4.90813580e+00 -4.22601544e-03  2.16765440e+00  4.50546885e+01]
at minimum 85.5942 accepted 1  with params [-4.45081777  0.05708638  2.29087326 45.56478018]
at minimum 65.5839 accepted 1  with params [-4.73135967  0.99        2.57719544 40.25064609]
at minimum nan accepted 1  with params [-4.80875465  0.64071628  2.45681002 40.62713086]
at minimum nan accepted 1  with params [-5.18765118  0.3833899   2.28574273 40.66021526]
at minimum 55.9334 accepted 1  with params [-4.74757415  0.8629598   2.20071724 42.02022865]
at minimum nan accepted 1  with params [-4.48184398  0.37245947  2.44544685 41.46905879]
at minimum 42.7116 accepted 1  with params [-3.95298582e+00 -2.15878160e-02  2.87672948e+00  4.24475324e+01]
at minimum 43.9797 accepted 1  with params [-3.79788183 -0.32870159  2.9999986  42.14571476]
at minimum 67.8058 accepted 0  with params [-3.65373527  0.18337161  2.46293452 40.8708354 ]
at minimum nan accepted 1  with params [-4.27527813 -0.41842273  2.81889972 42.60159175]
at minimum nan accepted 1  with params [-4.65295663 -0.37291246  3.         42.83776278]
at minimum nan accepted 1  with params [-4.69571295 -0.28020801  3.         42.44641736]
at minimum 906.5168 accepted 1  with params [-5.17010922 -0.64816315  3.         10.        ]
at minimum 1006.0175 accepted 0  with params [-5.47142544 -0.60867389  3.         10.        ]
at minimum 835.3382 accepted 1  with params [-4.91756549 -0.9         3.         13.07878515]
at minimum 62.9106 accepted 1  with params [-4.90833864  0.99        3.         40.45264993]
at minimum 68.5446 accepted 0  with params [-4.57316708  0.99        2.9233454  40.10246676]
