at minimum 39.3139 accepted 1  with params [-4.11454903  0.4         0.32410653 42.13003319]
at minimum 29.6207 accepted 1  with params [-3.86255788  0.99        0.05720998 41.74104191]
at minimum 26.3682 accepted 1  with params [-5.12253227  0.99        0.16190408 41.6446299 ]
at minimum 27.6760 accepted 0  with params [-5.19571339  0.99        3.         41.05462248]
at minimum 26.1733 accepted 1  with params [-5.01023923  0.99        0.05       41.66928642]
at minimum nan accepted 1  with params [-4.55455777  0.72251617  0.05       41.8967956 ]
at minimum 40.7033 accepted 1  with params [-4.41392783  0.58514041  0.05       41.80187346]
at minimum nan accepted 1  with params [-4.70728951  0.59201673  0.4565662  42.10516595]
at minimum 46.7634 accepted 1  with params [-4.42320891  0.40116164  0.59757701 43.77627787]
at minimum 25.7732 accepted 1  with params [-4.29345819  0.89202789  0.67798931 41.26254285]
at minimum 26.3822 accepted 1  with params [-3.91227362  0.48902622  0.7343174  40.8307757 ]
at minimum 26.7506 accepted 1  with params [-3.84398188  0.47420114  0.59885147 40.59007811]
at minimum 26.4447 accepted 1  with params [-3.70633365  0.19921038  0.78322875 41.50468283]
at minimum 35.0719 accepted 0  with params [-3.63634306  0.99        0.64009433 40.39062734]
at minimum nan accepted 1  with params [-3.87242922 -0.27552876  1.2652131  41.49046095]
at minimum 30.2417 accepted 1  with params [-3.92748923  0.17653077  1.66062456 41.90574446]
at minimum 40.2278 accepted 0  with params [-3.72353807  0.67399737  2.04751896 42.09159258]
at minimum nan accepted 1  with params [-3.71169018  0.07698511  1.76522352 41.82486249]
at minimum 20226.2593 accepted 1  with params [-3.39691512  0.32108075  1.41655249 10.        ]
at minimum nan accepted 1  with params [-3.83928735  0.35263219  0.91825962 10.03815147]
at minimum nan accepted 1  with params [-3.79435337  0.14457149  1.06974394 10.08781749]
at minimum 104.5012 accepted 1  with params [-4.25949541 -0.27386649  0.57503778 41.70044097]
at minimum 34.0592 accepted 1  with params [-4.17959272  0.99        3.         40.23124229]
at minimum 34.9929 accepted 0  with params [-4.12823361  0.99        3.         40.18423729]
at minimum 34.6186 accepted 0  with params [-3.87197078  0.8025555   3.         40.50977352]
at minimum nan accepted 1  with params [-4.13548019  0.54902148  2.92035782 40.20649561]
at minimum 25.3479 accepted 1  with params [-4.3822313   0.99        0.05       41.50887806]
at minimum 25.1103 accepted 1  with params [-4.4932501   0.99        0.23685571 41.67261348]
at minimum 26.1334 accepted 0  with params [-4.22755256  0.79909954  0.44925102 41.67028396]
at minimum 30.6779 accepted 0  with params [-4.08826299  0.68640567  0.20831128 42.02825911]
at minimum 26.7936 accepted 0  with params [-4.92301577  0.95548574  0.05       42.15225141]
at minimum 24.5217 accepted 1  with params [-4.20441991  0.99        0.43582635 41.11322552]
at minimum 25.5173 accepted 1  with params [-4.64529964  0.99        0.07978614 41.5734458 ]
at minimum 27.4223 accepted 0  with params [-4.2869495   0.70439355  3.         42.25527856]
at minimum 25.4203 accepted 1  with params [-4.49699827  0.99        0.05651646 41.23582051]
at minimum 25.7421 accepted 1  with params [-4.77340967  0.99        0.05       41.60486141]
at minimum nan accepted 1  with params [-4.88716423  0.99        0.2459877  41.21746906]
at minimum 25.6274 accepted 1  with params [-4.71113488  0.99        0.06927255 41.58089626]
at minimum nan accepted 1  with params [-4.65787153  0.99        0.05       41.91393646]
at minimum nan accepted 1  with params [-4.44438387  0.99        0.05       41.69148686]
at minimum nan accepted 1  with params [-4.32733597  0.57833303  0.48116262 41.33968481]
at minimum 26.2194 accepted 1  with params [-4.82139712  0.99        0.51838861 41.12163512]
at minimum nan accepted 1  with params [-5.16312724  0.78757058  0.43375881 41.35639016]
at minimum 78.8730 accepted 1  with params [-4.9594793   0.42917084  0.62466119 49.20970511]
at minimum 153.6942 accepted 0  with params [-5.04503229  0.1991647   0.53260988 54.17371317]
at minimum nan accepted 1  with params [-4.53112771  0.5511291   1.10741929 48.79364521]
at minimum 26.8083 accepted 1  with params [-4.61525483  0.99        0.72863264 40.87982004]
at minimum 26.7772 accepted 1  with params [-5.36221466  0.99        0.05       41.40020306]
at minimum nan accepted 1  with params [-4.87918845  0.68940841  0.51054415 41.5940632 ]
at minimum nan accepted 1  with params [-5.3085798   0.25289118  0.19848247 41.95567569]
at minimum 142.8347 accepted 1  with params [-5.27039659  0.39653778  3.         58.04660707]
at minimum 27.5442 accepted 1  with params [-5.39473872  0.88884322  3.         44.51910509]
at minimum 27.4158 accepted 1  with params [-6.          0.99        3.         41.70986936]
at minimum 51.9223 accepted 0  with params [-5.50708088  0.59950681  2.78334825 57.46793759]
at minimum 27.4158 accepted 1  with params [-6.          0.99        3.         41.70986972]
at minimum nan accepted 1  with params [-5.93433608  0.80812061  2.75844676 41.45981433]
at minimum 58.9563 accepted 1  with params [-6.          0.3781963   2.98435878 90.        ]
at minimum 42.5806 accepted 1  with params [-6.          0.46567327  3.         79.53662822]
at minimum 45.3132 accepted 0  with params [-5.87080857  0.383556    0.22671324 83.53090188]
at minimum 28.8600 accepted 1  with params [-6.          0.69772802  2.7073269  56.98196688]
at minimum 30.1078 accepted 0  with params [-6.          0.65890059  2.30698158 59.69821494]
at minimum 27.4115 accepted 1  with params [-5.84682935  0.99        2.67249852 41.62779752]
at minimum nan accepted 1  with params [-5.34507324  0.90613859  2.14905885 42.16239253]
at minimum 27.4723 accepted 1  with params [-5.45677906  0.99        2.61188647 41.32218751]
at minimum nan accepted 1  with params [-4.96798571  0.64069859  2.59790304 41.83292953]
at minimum 95.9154 accepted 1  with params [-4.75340448  0.37876308  2.87665423 45.97155839]
at minimum 27.3648 accepted 1  with params [-4.34750292  0.82467261  3.         41.41623087]
at minimum nan accepted 1  with params [-4.20131493  0.44806174  2.72712745 41.61219054]
at minimum 31.6618 accepted 1  with params [-4.36195215  0.99        2.77261123 40.36230459]
at minimum 32.3817 accepted 1  with params [-4.2918496   0.99        2.29305353 40.33346258]
at minimum 28.9289 accepted 1  with params [-4.72896433  0.99        2.11643251 40.58707626]
at minimum 27.1359 accepted 1  with params [-5.21088342  0.93600748  2.22091573 42.40941135]
at minimum 27.7386 accepted 1  with params [-5.13440413  0.99        1.97489616 40.95351744]
at minimum 64.8281 accepted 0  with params [-5.39680172  0.56954646  1.97332777 55.63757273]
at minimum 28.8750 accepted 0  with params [-4.7435776   0.99        2.15994527 40.5947832 ]
at minimum 27.3872 accepted 1  with params [-4.87748684  0.91951829  2.27385369 41.11265595]
at minimum nan accepted 1  with params [-4.84266272  0.38222213  2.54484907 41.08527557]
at minimum 53.9078 accepted 1  with params [-5.15379438  0.63237471  2.19254777 49.40720832]
at minimum 88.6626 accepted 0  with params [-5.47572445  0.26513311  0.0857681  82.31796451]
at minimum 28.9282 accepted 1  with params [-4.73896654  0.99        2.32385126 40.58695065]
at minimum 27.4602 accepted 1  with params [-4.24040241  0.78499394  2.16676807 41.30844187]
at minimum 36.5310 accepted 0  with params [-4.06308077  0.99        2.69087106 40.11365569]
at minimum 37.0941 accepted 0  with params [-4.04145933  0.99        2.68609793 40.08653213]
at minimum 31.2039 accepted 0  with params [-3.79680405  0.58478726  1.94472034 40.89072845]
at minimum nan accepted 1  with params [-4.33829141  0.53438931  1.6778005  40.77158775]
at minimum 29.4169 accepted 1  with params [-4.57510092  0.99        1.65549199 40.54374815]
at minimum 32.7397 accepted 0  with params [-4.91973246  0.76062144  2.05799255 44.41767552]
at minimum 26.4648 accepted 1  with params [-4.11127231  0.65221784  1.17598379 41.53251874]
at minimum 35.4806 accepted 0  with params [-4.19686668  0.34896741  1.71872417 42.25525334]
at minimum 27.1013 accepted 0  with params [-4.33403336  0.7218725   1.51488366 41.77555687]
at minimum 26.4939 accepted 1  with params [-3.61564991  0.15712405  0.75305993 41.39265226]
at minimum 25.4835 accepted 1  with params [-4.08563593  0.99        0.58462535 40.92480702]
at minimum 26.8941 accepted 0  with params [-3.91462478  0.99        0.64094126 40.79730318]
at minimum 26.8845 accepted 0  with params [-4.31737261  0.8432957   1.13854865 41.27432055]
at minimum 29.7750 accepted 0  with params [-4.29376023  0.99        1.13678558 40.55430543]
at minimum 28.7238 accepted 0  with params [-4.33564469  0.96690344  1.1001317  40.71025525]
at minimum 34.3877 accepted 0  with params [-4.25131433  0.44731977  0.85179207 42.29045236]
at minimum 27.1484 accepted 0  with params [-3.94275281  0.53356784  3.         41.46730624]
at minimum 26.6703 accepted 0  with params [-4.44994984  0.83453794  1.02080031 41.58608767]
at minimum 25.3591 accepted 1  with params [-4.28197277  0.89445764  0.56240643 41.33829027]
at minimum 27.1126 accepted 0  with params [-4.11802269  0.65561801  3.         41.57307315]
