at minimum 73.4564 accepted 1  with params [-4.50000003  0.3999994   0.49999989 39.99999708  0.99999977  0.99999981]
at minimum 76.3173 accepted 0  with params [-4.55181015  0.6805459   0.9289001  39.76931334  0.76893001  1.48975585]
at minimum 73.7667 accepted 0  with params [-4.17255462  0.40345638  0.59219116 40.09013144  1.31174035  1.28186934]
at minimum 77.0013 accepted 0  with params [-4.039346    0.35885522  0.11340024 40.47495102  0.82531735  1.19361271]
at minimum 90.4508 accepted 0  with params [-4.39740106  0.15855505  0.26469508 40.43360703  1.06730645  1.03329132]
at minimum 76.7124 accepted 0  with params [-4.92080135  0.35388515  0.61442532 40.38119513  0.66616006  1.14753942]
at minimum 72.6750 accepted 1  with params [-4.04886398  0.54659769  0.05       39.98232831  0.52128088  0.92949346]
at minimum 70.7917 accepted 1  with params [-4.11798602  0.49429257  0.05       39.68907627  0.80130076  0.85706457]
at minimum 70.5536 accepted 1  with params [-4.58472789  0.58260197  0.0500003  39.40604918  1.11641441  1.23999698]
at minimum 103.1562 accepted 0  with params [-5.04801471  0.96341502  0.24565936 39.72124016  1.42856689  0.84020049]
at minimum 70.6750 accepted 1  with params [-4.7771427   0.56591329  0.05       39.51614115  0.77772241  1.44416631]
at minimum 109.2998 accepted 0  with params [-5.16096883  0.98999991  0.05000014 39.98960826  1.26239102  1.02450015]
at minimum 74.1017 accepted 0  with params [-4.96323608  0.3488729   0.32967488 39.74563604  0.65196007  1.53328142]
at minimum 70.8112 accepted 1  with params [-4.49555853  0.54375629  0.05000042 39.61491598  0.84827296  1.20164337]
at minimum 85.2757 accepted 0  with params [-4.17081818  0.17438644  0.05       39.58502965  1.16009279  1.39520492]
at minimum 69.7698 accepted 1  with params [-4.09171555  0.40738281  0.36552156 39.16999511  0.40320089  1.31838341]
at minimum 82.2500 accepted 0  with params [-4.31725579  0.80788839  0.05       39.24244775  0.77863748  1.5169405 ]
at minimum 76.8914 accepted 0  with params [-4.58575968  0.2582788   0.60557317 39.14550693  0.14237592  1.32293297]
at minimum 95.8551 accepted 0  with params [-3.69412705  0.07651127  0.05       39.58746888  0.81593703  1.51441481]
at minimum 85.9805 accepted 0  with params [-4.35741919  0.83881583  0.69558864 39.37959336  0.64929943  1.45074481]
at minimum 67.5718 accepted 1  with params [-3.73988153  0.52259876  0.75452508 38.93597518  0.60072273  1.13267472]
at minimum 98.2018 accepted 0  with params [-3.63879417  0.98962755  1.1650397  38.64892889  0.66690572  0.83119521]
at minimum 87.5719 accepted 0  with params [-3.73220886  0.88497526  1.05973284 38.91462115  0.26922675  0.67066874]
at minimum 77.2738 accepted 0  with params [-4.10670817  0.76115884  0.55071414 39.0384451   0.55240578  1.57903219]
at minimum 73.9941 accepted 0  with params [-3.54338451  0.27067552  0.39152612 38.51925729  0.39722452  1.55712952]
at minimum 67.9168 accepted 1  with params [-4.04861863  0.55798741  0.51043697 38.93819425  0.57850286  1.24475546]
at minimum 72.9634 accepted 0  with params [-3.74956704  0.6818031   0.05728072 39.14732044  0.59957583  1.03422791]
at minimum 79.3035 accepted 0  with params [-4.51962541  0.77361817  0.24974319 39.21828121  0.76921673  1.13957401]
at minimum 92.1192 accepted 0  with params [-4.20748555  0.07905175  0.97290168 38.67814191  0.66971913  1.66455128]
at minimum 97.7449 accepted 0  with params [-4.49687996  0.9520569   0.05       39.23073187  0.83583407  1.48917578]
at minimum 67.1827 accepted 1  with params [-3.9297337   0.53458388  0.86905027 38.81894973  0.99090697  0.9542782 ]
at minimum 83.4058 accepted 0  with params [-3.9508503   0.85765408  1.11333873 38.6951949   1.20040513  0.56424819]
at minimum 81.9698 accepted 0  with params [-3.7843313   0.1903041   0.76576878 39.07060338  1.05831127  0.51918271]
at minimum 66.3134 accepted 1  with params [-3.89684839  0.57555285  1.18184564 38.47449184  1.45183559  0.8077146 ]
at minimum 89.8778 accepted 0  with params [-3.87083886  0.08982922  0.70133518 38.33480866  1.69857929  1.29275918]
at minimum 67.4924 accepted 0  with params [-4.04012283  0.48636167  1.67242195 38.9091199   1.44878143  0.66290911]
at minimum 67.3270 accepted 0  with params [-3.78838116  0.55695422  1.49297331 38.79687622  1.53504704  0.63666648]
at minimum 76.1239 accepted 0  with params [-3.6522687   0.78661858  1.31652462 38.49160587  1.62680387  0.9480955 ]
at minimum 67.5530 accepted 0  with params [-3.84472582  0.56468431  1.31038867 38.82553114  1.54691742  0.6936215 ]
at minimum 74.3598 accepted 0  with params [-3.67242027  0.24844219  0.97112005 38.1147823   1.71762378  1.26356882]
at minimum 72.1439 accepted 0  with params [-3.86141528  0.71297724  1.17870441 38.65759305  1.63718296  0.57338499]
at minimum 72.9521 accepted 0  with params [-3.52119532  0.29435425  1.3479022  38.66414359  1.8574707   0.50912714]
at minimum 65.4119 accepted 1  with params [-4.36718695  0.60468708  1.52898333 38.08370645  1.93102212  0.3934243 ]
at minimum 96.9038 accepted 0  with params [-4.50400245  0.98999939  1.27832868 38.4726359   1.7723598   0.31779241]
at minimum 64.3643 accepted 1  with params [-4.03784239  0.55878554  1.71688169 38.00527552  2.          0.32664248]
at minimum 63.5307 accepted 1  with params [-4.38202428  0.52016573  1.3422566  37.79655735  1.71823924  0.62671171]
at minimum 90.6660 accepted 0  with params [-4.09426785  0.98999998  1.76691519 37.56321115  1.37739888  0.52800735]
at minimum 74.1662 accepted 0  with params [-4.54492385  0.77633974  1.39425392 38.26120561  1.34457251  1.09368122]
at minimum 65.8356 accepted 0  with params [-4.79226996  0.36991491  1.55920417 37.44767894  1.93395591  0.49904447]
at minimum 91.5839 accepted 0  with params [-4.1941349   0.0634313   0.98267711 37.89266491  2.          0.51843276]
at minimum 69.9954 accepted 0  with params [-4.21326612  0.31831531  1.78506508 38.135029    1.77048844  0.38869759]
at minimum 77.6931 accepted 0  with params [-3.93978187  0.19221992  1.68192192 37.52888108  1.39281335  0.8114563 ]
at minimum 81.1752 accepted 0  with params [-4.40593849  0.90356438  1.36756149 37.55704094  1.50407584  1.00221418]
at minimum 76.9125 accepted 0  with params [-4.69432766  0.20040895  1.09124223 37.58202786  1.83302914  0.42176333]
at minimum 80.7734 accepted 0  with params [-4.47303526  0.15611058  1.61886586 37.45086599  1.56431205  0.77230918]
at minimum 81.4017 accepted 0  with params [-4.12614936  0.15296716  1.48629773 37.54877762  2.          0.52111261]
at minimum 77.8247 accepted 0  with params [-4.53218807  0.8682404   1.35787036 37.54405877  1.50984731  0.90166588]
at minimum 64.4072 accepted 0  with params [-4.22070871  0.4804029   0.93289371 38.01636162  1.30077852  0.88498636]
at minimum 87.4414 accepted 0  with params [-4.53508936  0.92591651  1.00824202 38.21533146  2.          0.37873878]
at minimum 68.3085 accepted 0  with params [-4.27255607  0.70468147  1.280197   37.9178791   1.99999973  0.67683032]
at minimum 63.4782 accepted 1  with params [-4.75224108  0.45347509  1.19016614 37.53971876  1.42135816  0.52440987]
at minimum 87.2007 accepted 0  with params [-5.12099828  0.09909766  0.88313245 37.74449054  1.42703563  0.24991824]
at minimum 70.8736 accepted 0  with params [-4.68670997  0.28154582  1.02930029 37.55477127  0.98458381  0.22811783]
at minimum 63.2256 accepted 1  with params [-5.18474474  0.50492168  1.29756789 37.68276391  1.75437215  0.65770666]
at minimum 79.8968 accepted 0  with params [-5.23806708  0.17507919  1.32964199 37.89410776  1.37640243  0.95235433]
at minimum 79.2394 accepted 0  with params [-5.20632243  0.87710213  0.99874803 37.67277253  1.64190998  0.64608169]
at minimum 66.0013 accepted 0  with params [-5.23432202  0.36844829  1.52642604 37.48338725  1.35955877  0.53930528]
at minimum 66.0736 accepted 0  with params [-4.93162665  0.39987321  0.88238554 37.99794902  1.35448235  0.4762178 ]
at minimum 68.7503 accepted 0  with params [-5.00872305  0.31331434  1.46294173 37.51599994  1.53035522  0.40007015]
at minimum 91.9910 accepted 0  with params [-5.10099579  0.06457553  1.55888527 38.08813482  1.77240421  0.92351883]
at minimum 65.1909 accepted 0  with params [-5.08906568  0.38082322  1.16797527 37.35054713  2.          0.91988151]
at minimum 84.4495 accepted 0  with params [-5.34778196  0.92407329  1.54637064 37.76502115  1.64241414  0.56919533]
at minimum 73.0284 accepted 0  with params [-5.35812888  0.78689598  1.3592931  37.87447139  1.66361543  0.91264138]
at minimum 66.2206 accepted 1  with params [-4.92248079  0.71579721  1.21840836 37.25203215  1.72463373  0.97594906]
at minimum 75.1660 accepted 0  with params [-4.48794103  0.8752712   1.13338953 36.86931508  1.54371941  1.05855954]
at minimum 65.1564 accepted 1  with params [-4.75174266  0.36812076  1.07919024 37.0642904   1.71147573  0.7082469 ]
at minimum 61.0443 accepted 1  with params [-5.028171    0.57840945  0.78459584 36.79975888  1.99999838  0.96656233]
at minimum 63.5537 accepted 0  with params [-4.75176765  0.65339901  0.6596673  37.16930095  1.99999997  1.27627708]
at minimum 64.5405 accepted 0  with params [-4.84359107  0.37006961  1.1462133  36.77117887  1.99999961  1.35502617]
at minimum 72.6810 accepted 0  with params [-5.071361    0.2346237   0.71100705 36.79729609  1.996295    0.99757064]
at minimum 71.3296 accepted 0  with params [-4.98011816  0.25827372  0.54229707 37.06566756  1.79529856  0.6516329 ]
at minimum 69.9169 accepted 0  with params [-5.39268008  0.28242661  1.10570427 37.18503534  1.86914482  1.31412013]
at minimum 62.1488 accepted 0  with params [-4.66050052  0.68336035  0.85624758 36.3527517   1.75591589  1.11615785]
at minimum 67.3358 accepted 0  with params [-4.98975932  0.31233687  0.76126697 36.69865402  2.          1.19759046]
at minimum 63.1726 accepted 0  with params [-5.17915739  0.39183155  0.64262802 36.49675752  1.73561666  0.92152887]
at minimum 71.8378 accepted 0  with params [-5.18017103  0.85358469  0.84013019 36.49170189  1.75942771  0.59226183]
at minimum 64.1422 accepted 0  with params [-4.99905296  0.69899686  0.75025476 36.85383166  1.99999998  1.35878002]
at minimum 64.7871 accepted 0  with params [-4.86037257  0.38078476  0.86979079 37.15083615  2.          1.01395668]
at minimum 61.0208 accepted 1  with params [-5.32162727  0.56168161  0.59959634 36.84125911  1.60945813  1.27086303]
at minimum 61.6241 accepted 0  with params [-5.75837738  0.49507636  0.34696348 37.02605221  1.7101488   1.18680645]
at minimum 86.9753 accepted 0  with params [-5.35135085  0.99        0.63246027 36.95575903  1.43758555  0.84416792]
at minimum 82.3627 accepted 0  with params [-5.43107553  0.13245817  0.15970306 37.10009309  1.94619465  1.60973182]
at minimum 72.1680 accepted 0  with params [-5.01065347  0.82821882  1.00197192 37.03737338  1.88944272  0.98687568]
at minimum 74.4241 accepted 0  with params [-4.98674213  0.21008102  0.28225839 36.64602747  1.37995474  1.42913865]
at minimum 65.3082 accepted 1  with params [-5.70312243  0.71959364  0.37125459 36.92931202  1.60200075  1.52907891]
at minimum 62.2726 accepted 1  with params [-5.98734299  0.6224387   0.43062238 37.01285591  1.87585006  1.82502227]
at minimum 63.8673 accepted 1  with params [-5.91178661  0.41529345  0.52192232 37.29736357  2.          2.        ]
at minimum 62.0725 accepted 1  with params [-5.83096394  0.61050065  0.3525525  37.01952573  1.70943164  1.58863287]
at minimum 66.5035 accepted 0  with params [-6.          0.35297962  0.21547221 37.40693654  1.79022924  1.34300805]
at minimum 83.6165 accepted 0  with params [-5.97812612  0.94868608  0.51901898 37.16239976  1.99646597  1.53517568]
at minimum 86.3591 accepted 0  with params [-5.46397629  0.99        0.66255435 36.84699639  1.77504244  1.94161752]
