at minimum 59.6333 accepted 1  with params [-4.5         0.4         3.         34.90500599]
at minimum 80.7406 accepted 0  with params [-4.83003386  0.99        3.         31.24949804]
at minimum 62.9668 accepted 0  with params [-4.60471588  0.39852791  2.75909244 35.55822783]
at minimum 80.7567 accepted 0  with params [-4.53517688  0.07719002  3.         34.41341225]
at minimum 63.7296 accepted 0  with params [-4.46964057  0.20319466  2.94064542 35.11067466]
at minimum 57.1053 accepted 1  with params [-4.18872323  0.15658599  3.         33.80674022]
at minimum 79.8247 accepted 0  with params [-3.91629338  0.55962719  3.         31.78236767]
at minimum 88.2983 accepted 0  with params [-4.47348207 -0.09445938  2.94161557 34.24378714]
at minimum 73.0476 accepted 0  with params [-4.35787591 -0.12877715  2.84274846 34.26537977]
at minimum 123.4192 accepted 0  with params [-4.5724415  -0.20587743  2.62301009 34.12352305]
at minimum 64.9962 accepted 0  with params [-3.70034529 -0.28686665  2.94212321 32.60509096]
at minimum 149.1673 accepted 0  with params [-4.64259201 -0.17430707  3.         34.22263984]
at minimum 64.2426 accepted 0  with params [-4.24080236  0.51606027  2.73345289 33.52109727]
at minimum 57.2419 accepted 1  with params [-4.20053625  0.10172949  3.         33.42290047]
at minimum 68.8311 accepted 0  with params [-4.09912379  0.4947435   3.         33.86002066]
at minimum 68.0971 accepted 0  with params [-3.85071241  0.16600918  2.99815512 32.52865358]
at minimum 62.1616 accepted 0  with params [-3.85543314 -0.14998763  3.         32.91042733]
at minimum 61.2674 accepted 0  with params [-4.05178308 -0.26996503  3.         33.3819893 ]
at minimum 60.1192 accepted 0  with params [-4.51379395  0.47829366  3.         33.66514736]
at minimum 79.8711 accepted 0  with params [-4.58171005  0.16433601  3.         33.62397874]
at minimum 83.7414 accepted 0  with params [-4.66156113  0.23352969  3.         33.84585064]
at minimum 66.1294 accepted 0  with params [-3.81287682e+00 -4.05502537e-03  2.75860282e+00  3.26218132e+01]
at minimum 61.1924 accepted 0  with params [-4.45631307  0.56247635  2.63016613 33.81984875]
at minimum 57.2581 accepted 1  with params [-4.30622635  0.26722045  2.77293467 33.38141814]
at minimum 68.3649 accepted 0  with params [-4.47410058  0.72376816  2.35367845 32.88407959]
at minimum 62.6028 accepted 0  with params [-4.63912715  0.62929602  2.7617506  34.48276465]
at minimum 59.9493 accepted 0  with params [-4.56014925  0.46775692  2.61537507 34.89732306]
at minimum 59.5982 accepted 0  with params [-4.21763111 -0.04814921  2.86818478 33.58442441]
at minimum 67.9103 accepted 0  with params [-3.97097531  0.31130131  2.5413445  32.57977588]
at minimum 82.7880 accepted 0  with params [-4.69879713  0.99        2.99881263 31.11784134]
at minimum 84.2747 accepted 0  with params [-4.61977542  0.99        3.         31.04077018]
at minimum 61.1581 accepted 0  with params [-4.24984864  0.4512761   3.         33.02874893]
at minimum 93.3089 accepted 0  with params [-4.67949831  0.17703188  2.8120169  33.12957056]
at minimum 88.6425 accepted 0  with params [-3.88815129  0.69782622  3.         31.22042478]
at minimum 61.4333 accepted 0  with params [-4.65843527  0.52254088  2.33622174 35.20718483]
at minimum 65.4740 accepted 0  with params [-4.26921885  0.57719324  3.         32.98315904]
at minimum 66.6560 accepted 0  with params [-4.78064174  0.73392492  3.         33.37814306]
at minimum 71.1080 accepted 0  with params [-4.70370888  0.36953622  2.78442359 36.50421708]
at minimum 65.6348 accepted 0  with params [-4.68111979  0.42455807  2.66679292 36.03755581]
at minimum 58.1686 accepted 0  with params [-4.18467236  0.23572057  2.56564696 33.57270633]
at minimum 81.3627 accepted 0  with params [-4.79377129  0.99        2.83794515 31.2068929 ]
at minimum 64.3274 accepted 0  with params [-4.23010738 -0.20060927  2.559624   33.82427946]
at minimum 79.9924 accepted 0  with params [-4.42071052 -0.08947939  3.         33.51349116]
at minimum 59.6326 accepted 0  with params [-4.01134928 -0.12564865  2.35055828 33.24131472]
at minimum 92.0672 accepted 0  with params [-4.80032605  0.2956919   3.         37.75920248]
at minimum 64.4836 accepted 0  with params [-3.8087361  -0.08870836  2.87887618 32.72045235]
at minimum 57.2599 accepted 1  with params [-4.26783741  0.28420871  3.         33.94713258]
at minimum 85.0628 accepted 0  with params [-4.58151488  0.99        3.         31.00348439]
at minimum 60.5374 accepted 0  with params [-3.95662793 -0.13386164  2.55315904 33.48856271]
at minimum 59.4619 accepted 0  with params [-4.48861407  0.48592554  3.         34.48510475]
at minimum 66.5860 accepted 0  with params [-4.40924626  0.03705884  2.69334394 34.16014233]
at minimum 126.1876 accepted 0  with params [-4.61917534 -0.1424401   2.62779057 34.27209176]
at minimum 59.4399 accepted 0  with params [-3.99925235 -0.13450434  3.         33.30279879]
at minimum 62.0020 accepted 0  with params [-3.94923854  0.07411016  3.         33.00193709]
at minimum 75.8113 accepted 0  with params [-4.18308356  0.71112776  3.         32.05702761]
at minimum 61.7827 accepted 0  with params [-3.90408347 -0.1251816   2.69776902 33.70810087]
at minimum 61.4108 accepted 0  with params [-3.96904746  0.07944957  3.         33.06332629]
at minimum 86.0872 accepted 0  with params [-4.53536522  0.99        2.98360671 30.95766235]
at minimum 76.4862 accepted 0  with params [-4.55081978  0.12710843  2.87564285 35.53179422]
at minimum 61.3723 accepted 0  with params [-4.58478979  0.50666671  3.         34.00440109]
at minimum 45.4793 accepted 1  with params [-4.31015585 -0.08271041  0.1224602  32.89840436]
at minimum 48.6005 accepted 0  with params [-4.13189334 -0.41930214  0.05       34.4956559 ]
at minimum 46.0375 accepted 1  with params [-4.32114648 -0.44259123  0.05       35.93245109]
at minimum 46.4578 accepted 1  with params [-4.4267145  -0.36478537  0.05       36.9540277 ]
at minimum 45.2505 accepted 1  with params [-4.26927239 -0.19086123  0.16680376 36.96335902]
at minimum 64.4064 accepted 0  with params [-3.89506111 -0.9         0.22825158 32.71871129]
at minimum 47.3658 accepted 0  with params [-4.35692198 -0.46130387  0.05       36.83872879]
at minimum 62.5122 accepted 0  with params [-4.55983024 -0.47479424  0.05       38.61650859]
at minimum 47.9034 accepted 0  with params [-4.15330103 -0.41674735  0.06868076 34.84643946]
at minimum 47.6661 accepted 0  with params [-4.1865855  -0.40857533  0.05941696 33.47093637]
at minimum 51.0826 accepted 0  with params [-4.34609465e+00  4.01667626e-03  5.43012776e-01  3.60050884e+01]
at minimum 49.1539 accepted 0  with params [-4.48181212 -0.36464659  0.05       37.59101155]
at minimum 50.9168 accepted 0  with params [-4.12211981 -0.33778075  0.26426916 34.19130875]
at minimum 41.9141 accepted 1  with params [-4.41909046  0.11238818  0.10289508 36.79183309]
at minimum 60.8405 accepted 0  with params [-4.66262012 -0.2962566   0.05       40.49713531]
at minimum 52.9054 accepted 0  with params [-4.17011896  0.19499394  0.15160132 36.39043744]
at minimum 50.8229 accepted 0  with params [-4.39187651  0.41174102  0.05000001 37.12180792]
at minimum 95.4112 accepted 0  with params [-4.77904296 -0.28117058  0.35944595 41.32733501]
at minimum 53.3110 accepted 0  with params [-4.54860702  0.08439404  0.54924971 36.38475343]
at minimum 46.6506 accepted 0  with params [-4.65422263  0.43860882  0.05000012 36.66371724]
at minimum 40.8077 accepted 1  with params [-4.4424618   0.06707379  0.05000026 36.53377786]
at minimum 50.4585 accepted 0  with params [-4.80358629  0.43068667  0.05       35.52667046]
at minimum 41.6912 accepted 0  with params [-4.36262657  0.05268415  0.05       36.19823712]
at minimum 50.5101 accepted 0  with params [-4.20884807  0.13647494  0.14523131 36.82836267]
at minimum 47.6963 accepted 0  with params [-4.41454233  0.40167876  0.05       35.00044132]
at minimum 47.8580 accepted 0  with params [-4.77420579  0.29898858  0.05000007 36.4294358 ]
at minimum 42.3989 accepted 0  with params [-4.54694847  0.24703824  0.05000028 36.37077021]
at minimum 50.9530 accepted 0  with params [-4.23673058  0.270787    0.05000005 36.58366874]
at minimum 41.3272 accepted 0  with params [-4.47511228 -0.07730236  0.05       36.82696158]
at minimum 43.0359 accepted 0  with params [-4.56264075  0.28679135  0.05000001 36.42670406]
at minimum 70.0697 accepted 0  with params [-4.67519797 -0.25695351  0.28576375 36.88720681]
at minimum 45.6437 accepted 0  with params [-4.78052517  0.35896925  0.05       37.94317673]
at minimum 43.1719 accepted 0  with params [-4.59010288  0.2868386   0.07592655 36.53312464]
at minimum 47.9947 accepted 0  with params [-4.59151698 -0.1824922   0.05       38.98779931]
at minimum 47.9491 accepted 0  with params [-4.53769551  0.20342748  0.40916321 35.99596972]
at minimum 49.8254 accepted 0  with params [-4.41251952  0.3092145   0.34744183 36.36864197]
at minimum 66.1995 accepted 0  with params [-4.65012889 -0.37662662  0.05568961 40.28474552]
at minimum 47.6089 accepted 0  with params [-4.80024597  0.41347643  0.16516776 37.66092087]
at minimum 48.6333 accepted 0  with params [-4.8900274   0.4708857   0.05       39.47796253]
at minimum 49.1345 accepted 0  with params [-4.68292639  0.5108935   0.05066968 36.42840624]
at minimum 49.4807 accepted 0  with params [-4.22803162 -0.1471425   0.38757865 34.54441661]
